<?xml version="1.0" encoding="UTF-8"?>
<testsuites name="Suite_2" time="62.825" tests="6" failures="0" errors="0">
   <testsuite name="Suite_2" tests="6" failures="0" errors="0" time="62.825" timestamp="2019-12-21 21:09:06" hostname="Ng\u1ECDc Y\u1EBFn - 192.168.1.2" id="Test Suites/Suite_2">
      <properties>
         <property name="deviceName" value=""/>
         <property name="devicePlatform" value=""/>
         <property name="logFolder" value="D:\\CS300-project\\2 points\\mattermost-duo-test\\Reports\\20191221_210903\\Suite_2\\20191221_210903"/>
         <property name="logFiles" value="D:\\CS300-project\\2 points\\mattermost-duo-test\\Reports\\20191221_210903\\Suite_2\\20191221_210903\\execution0.log"/>
         <property name="attachments" value=""/>
         <property name="hostName" value="Ng\u1ECDc Y\u1EBFn - 192.168.1.2"/>
         <property name="os" value="Windows 10 64bit"/>
         <property name="katalonVersion" value="7.1.2.1"/>
         <property name="browser" value="Edge 18"/>
         <property name="hostAddress" value="192.168.1.2"/>
         <property name="sessionId" value="BE4172C2-7007-48D2-92F0-BAB7A4939B1B"/>
         <property name="seleniumVersion" value="3.141.59"/>
         <property name="proxyInformation" value="ProxyInformation{proxyOption=NO_PROXY, proxyServerType=HTTP, password=, proxyServerAddress=, proxyServerPort=0, executionList=}"/>
         <property name="platform" value="Windows 10"/>
      </properties>
      <testcase name="Test Cases/1_Create_Team/New_Team (success case)" time="12.573" classname="Test Cases/1_Create_Team/New_Team (success case)" status="PASSED">
         <system-out><![CDATA[2019-12-21 21:09:06 - [TEST_CASE][PASSED] - Test Cases/1_Create_Team/New_Team (success case): Test Cases/1_Create_Team/New_Team (success case)

2019-12-21 21:09:07 - [TEST_STEP][PASSED] - openBrowser(""): Browser is opened with url: ''

2019-12-21 21:09:07 - [MESSAGE][INFO] - Starting 'Edge' driver

2019-12-21 21:09:08 - [MESSAGE][INFO] - Action delay is set to 0 seconds

2019-12-21 21:09:11 - [MESSAGE][PASSED] - Browser is opened with url: ''

2019-12-21 21:09:11 - [TEST_STEP][PASSED] - navigateToUrl("https://mattermost-duo-test-yen.herokuapp.com/bumblebee/channels/cs311"): Navigate to 'https://mattermost-duo-test-yen.herokuapp.com/bumblebee/channels/cs311' successfully

2019-12-21 21:09:13 - [MESSAGE][PASSED] - Navigate to 'https://mattermost-duo-test-yen.herokuapp.com/bumblebee/channels/cs311' successfully

2019-12-21 21:09:13 - [TEST_STEP][PASSED] - click(findTestObject("Object Repository/1_Create_Team/Create_New_Team/Page_CS311 - Bumblebee Mattermost/div_")): Object: 'Object Repository/1_Create_Team/Create_New_Team/Page_CS311 - Bumblebee Mattermost/div_' is clicked on

2019-12-21 21:09:17 - [MESSAGE][PASSED] - Object: 'Object Repository/1_Create_Team/Create_New_Team/Page_CS311 - Bumblebee Mattermost/div_' is clicked on

2019-12-21 21:09:17 - [TEST_STEP][PASSED] - click(findTestObject("Object Repository/1_Create_Team/Create_New_Team/Page_CS311 - Bumblebee Mattermost/span_Create a new team")): Object: 'Object Repository/1_Create_Team/Create_New_Team/Page_CS311 - Bumblebee Mattermost/span_Create a new team' is clicked on

2019-12-21 21:09:17 - [MESSAGE][PASSED] - Object: 'Object Repository/1_Create_Team/Create_New_Team/Page_CS311 - Bumblebee Mattermost/span_Create a new team' is clicked on

2019-12-21 21:09:17 - [TEST_STEP][PASSED] - setText(findTestObject("Object Repository/1_Create_Team/Create_New_Team/Page_CS311 - Bumblebee Mattermost/input_Team Name_teamNameInput"), team_name): Text 'TriThuYen' is set on object 'Object Repository/1_Create_Team/Create_New_Team/Page_CS311 - Bumblebee Mattermost/input_Team Name_teamNameInput'

2019-12-21 21:09:18 - [MESSAGE][PASSED] - Text 'TriThuYen' is set on object 'Object Repository/1_Create_Team/Create_New_Team/Page_CS311 - Bumblebee Mattermost/input_Team Name_teamNameInput'

2019-12-21 21:09:18 - [TEST_STEP][PASSED] - click(findTestObject("Object Repository/1_Create_Team/Create_New_Team/Page_CS311 - Bumblebee Mattermost/button_Next")): Object: 'Object Repository/1_Create_Team/Create_New_Team/Page_CS311 - Bumblebee Mattermost/button_Next' is clicked on

2019-12-21 21:09:18 - [MESSAGE][PASSED] - Object: 'Object Repository/1_Create_Team/Create_New_Team/Page_CS311 - Bumblebee Mattermost/button_Next' is clicked on

2019-12-21 21:09:18 - [TEST_STEP][PASSED] - click(findTestObject("Object Repository/1_Create_Team/Create_New_Team/Page_CS311 - Bumblebee Mattermost/span_Finish")): Object: 'Object Repository/1_Create_Team/Create_New_Team/Page_CS311 - Bumblebee Mattermost/span_Finish' is clicked on

2019-12-21 21:09:19 - [MESSAGE][PASSED] - Object: 'Object Repository/1_Create_Team/Create_New_Team/Page_CS311 - Bumblebee Mattermost/span_Finish' is clicked on]]></system-out>
         <system-err><![CDATA[]]></system-err>
      </testcase>
      <testcase name="Test Cases/1_Create_Team/New_Team (success case)" time="9.521" classname="Test Cases/1_Create_Team/New_Team (success case)" status="PASSED">
         <system-out><![CDATA[2019-12-21 21:09:19 - [TEST_CASE][PASSED] - Test Cases/1_Create_Team/New_Team (success case): Test Cases/1_Create_Team/New_Team (success case)

2019-12-21 21:09:19 - [TEST_STEP][PASSED] - openBrowser(""): Browser is opened with url: ''

2019-12-21 21:09:19 - [MESSAGE][WARNING] - A browser is already opened. Closing browser and opening a new one

2019-12-21 21:09:20 - [MESSAGE][INFO] - Starting 'Edge' driver

2019-12-21 21:09:21 - [MESSAGE][PASSED] - Browser is opened with url: ''

2019-12-21 21:09:21 - [TEST_STEP][PASSED] - navigateToUrl("https://mattermost-duo-test-yen.herokuapp.com/bumblebee/channels/cs311"): Navigate to 'https://mattermost-duo-test-yen.herokuapp.com/bumblebee/channels/cs311' successfully

2019-12-21 21:09:23 - [MESSAGE][PASSED] - Navigate to 'https://mattermost-duo-test-yen.herokuapp.com/bumblebee/channels/cs311' successfully

2019-12-21 21:09:23 - [TEST_STEP][PASSED] - click(findTestObject("Object Repository/1_Create_Team/Create_New_Team/Page_CS311 - Bumblebee Mattermost/div_")): Object: 'Object Repository/1_Create_Team/Create_New_Team/Page_CS311 - Bumblebee Mattermost/div_' is clicked on

2019-12-21 21:09:26 - [MESSAGE][PASSED] - Object: 'Object Repository/1_Create_Team/Create_New_Team/Page_CS311 - Bumblebee Mattermost/div_' is clicked on

2019-12-21 21:09:26 - [TEST_STEP][PASSED] - click(findTestObject("Object Repository/1_Create_Team/Create_New_Team/Page_CS311 - Bumblebee Mattermost/span_Create a new team")): Object: 'Object Repository/1_Create_Team/Create_New_Team/Page_CS311 - Bumblebee Mattermost/span_Create a new team' is clicked on

2019-12-21 21:09:27 - [MESSAGE][PASSED] - Object: 'Object Repository/1_Create_Team/Create_New_Team/Page_CS311 - Bumblebee Mattermost/span_Create a new team' is clicked on

2019-12-21 21:09:27 - [TEST_STEP][PASSED] - setText(findTestObject("Object Repository/1_Create_Team/Create_New_Team/Page_CS311 - Bumblebee Mattermost/input_Team Name_teamNameInput"), team_name): Text 'TriYenThu' is set on object 'Object Repository/1_Create_Team/Create_New_Team/Page_CS311 - Bumblebee Mattermost/input_Team Name_teamNameInput'

2019-12-21 21:09:28 - [MESSAGE][PASSED] - Text 'TriYenThu' is set on object 'Object Repository/1_Create_Team/Create_New_Team/Page_CS311 - Bumblebee Mattermost/input_Team Name_teamNameInput'

2019-12-21 21:09:28 - [TEST_STEP][PASSED] - click(findTestObject("Object Repository/1_Create_Team/Create_New_Team/Page_CS311 - Bumblebee Mattermost/button_Next")): Object: 'Object Repository/1_Create_Team/Create_New_Team/Page_CS311 - Bumblebee Mattermost/button_Next' is clicked on

2019-12-21 21:09:28 - [MESSAGE][PASSED] - Object: 'Object Repository/1_Create_Team/Create_New_Team/Page_CS311 - Bumblebee Mattermost/button_Next' is clicked on

2019-12-21 21:09:28 - [TEST_STEP][PASSED] - click(findTestObject("Object Repository/1_Create_Team/Create_New_Team/Page_CS311 - Bumblebee Mattermost/span_Finish")): Object: 'Object Repository/1_Create_Team/Create_New_Team/Page_CS311 - Bumblebee Mattermost/span_Finish' is clicked on

2019-12-21 21:09:28 - [MESSAGE][PASSED] - Object: 'Object Repository/1_Create_Team/Create_New_Team/Page_CS311 - Bumblebee Mattermost/span_Finish' is clicked on]]></system-out>
         <system-err><![CDATA[]]></system-err>
      </testcase>
      <testcase name="Test Cases/1_Create_Team/New_Team (success case)" time="9.814" classname="Test Cases/1_Create_Team/New_Team (success case)" status="PASSED">
         <system-out><![CDATA[2019-12-21 21:09:28 - [TEST_CASE][PASSED] - Test Cases/1_Create_Team/New_Team (success case): Test Cases/1_Create_Team/New_Team (success case)

2019-12-21 21:09:28 - [TEST_STEP][PASSED] - openBrowser(""): Browser is opened with url: ''

2019-12-21 21:09:28 - [MESSAGE][WARNING] - A browser is already opened. Closing browser and opening a new one

2019-12-21 21:09:29 - [MESSAGE][INFO] - Starting 'Edge' driver

2019-12-21 21:09:31 - [MESSAGE][PASSED] - Browser is opened with url: ''

2019-12-21 21:09:31 - [TEST_STEP][PASSED] - navigateToUrl("https://mattermost-duo-test-yen.herokuapp.com/bumblebee/channels/cs311"): Navigate to 'https://mattermost-duo-test-yen.herokuapp.com/bumblebee/channels/cs311' successfully

2019-12-21 21:09:33 - [MESSAGE][PASSED] - Navigate to 'https://mattermost-duo-test-yen.herokuapp.com/bumblebee/channels/cs311' successfully

2019-12-21 21:09:33 - [TEST_STEP][PASSED] - click(findTestObject("Object Repository/1_Create_Team/Create_New_Team/Page_CS311 - Bumblebee Mattermost/div_")): Object: 'Object Repository/1_Create_Team/Create_New_Team/Page_CS311 - Bumblebee Mattermost/div_' is clicked on

2019-12-21 21:09:36 - [MESSAGE][PASSED] - Object: 'Object Repository/1_Create_Team/Create_New_Team/Page_CS311 - Bumblebee Mattermost/div_' is clicked on

2019-12-21 21:09:36 - [TEST_STEP][PASSED] - click(findTestObject("Object Repository/1_Create_Team/Create_New_Team/Page_CS311 - Bumblebee Mattermost/span_Create a new team")): Object: 'Object Repository/1_Create_Team/Create_New_Team/Page_CS311 - Bumblebee Mattermost/span_Create a new team' is clicked on

2019-12-21 21:09:36 - [MESSAGE][PASSED] - Object: 'Object Repository/1_Create_Team/Create_New_Team/Page_CS311 - Bumblebee Mattermost/span_Create a new team' is clicked on

2019-12-21 21:09:36 - [TEST_STEP][PASSED] - setText(findTestObject("Object Repository/1_Create_Team/Create_New_Team/Page_CS311 - Bumblebee Mattermost/input_Team Name_teamNameInput"), team_name): Text 'ThuTriYen' is set on object 'Object Repository/1_Create_Team/Create_New_Team/Page_CS311 - Bumblebee Mattermost/input_Team Name_teamNameInput'

2019-12-21 21:09:37 - [MESSAGE][PASSED] - Text 'ThuTriYen' is set on object 'Object Repository/1_Create_Team/Create_New_Team/Page_CS311 - Bumblebee Mattermost/input_Team Name_teamNameInput'

2019-12-21 21:09:37 - [TEST_STEP][PASSED] - click(findTestObject("Object Repository/1_Create_Team/Create_New_Team/Page_CS311 - Bumblebee Mattermost/button_Next")): Object: 'Object Repository/1_Create_Team/Create_New_Team/Page_CS311 - Bumblebee Mattermost/button_Next' is clicked on

2019-12-21 21:09:38 - [MESSAGE][PASSED] - Object: 'Object Repository/1_Create_Team/Create_New_Team/Page_CS311 - Bumblebee Mattermost/button_Next' is clicked on

2019-12-21 21:09:38 - [TEST_STEP][PASSED] - click(findTestObject("Object Repository/1_Create_Team/Create_New_Team/Page_CS311 - Bumblebee Mattermost/span_Finish")): Object: 'Object Repository/1_Create_Team/Create_New_Team/Page_CS311 - Bumblebee Mattermost/span_Finish' is clicked on

2019-12-21 21:09:38 - [MESSAGE][PASSED] - Object: 'Object Repository/1_Create_Team/Create_New_Team/Page_CS311 - Bumblebee Mattermost/span_Finish' is clicked on]]></system-out>
         <system-err><![CDATA[]]></system-err>
      </testcase>
      <testcase name="Test Cases/1_Create_Team/New_Team (success case)" time="10.088" classname="Test Cases/1_Create_Team/New_Team (success case)" status="PASSED">
         <system-out><![CDATA[2019-12-21 21:09:38 - [TEST_CASE][PASSED] - Test Cases/1_Create_Team/New_Team (success case): Test Cases/1_Create_Team/New_Team (success case)

2019-12-21 21:09:38 - [TEST_STEP][PASSED] - openBrowser(""): Browser is opened with url: ''

2019-12-21 21:09:38 - [MESSAGE][WARNING] - A browser is already opened. Closing browser and opening a new one

2019-12-21 21:09:39 - [MESSAGE][INFO] - Starting 'Edge' driver

2019-12-21 21:09:40 - [MESSAGE][PASSED] - Browser is opened with url: ''

2019-12-21 21:09:40 - [TEST_STEP][PASSED] - navigateToUrl("https://mattermost-duo-test-yen.herokuapp.com/bumblebee/channels/cs311"): Navigate to 'https://mattermost-duo-test-yen.herokuapp.com/bumblebee/channels/cs311' successfully

2019-12-21 21:09:42 - [MESSAGE][PASSED] - Navigate to 'https://mattermost-duo-test-yen.herokuapp.com/bumblebee/channels/cs311' successfully

2019-12-21 21:09:42 - [TEST_STEP][PASSED] - click(findTestObject("Object Repository/1_Create_Team/Create_New_Team/Page_CS311 - Bumblebee Mattermost/div_")): Object: 'Object Repository/1_Create_Team/Create_New_Team/Page_CS311 - Bumblebee Mattermost/div_' is clicked on

2019-12-21 21:09:46 - [MESSAGE][PASSED] - Object: 'Object Repository/1_Create_Team/Create_New_Team/Page_CS311 - Bumblebee Mattermost/div_' is clicked on

2019-12-21 21:09:46 - [TEST_STEP][PASSED] - click(findTestObject("Object Repository/1_Create_Team/Create_New_Team/Page_CS311 - Bumblebee Mattermost/span_Create a new team")): Object: 'Object Repository/1_Create_Team/Create_New_Team/Page_CS311 - Bumblebee Mattermost/span_Create a new team' is clicked on

2019-12-21 21:09:46 - [MESSAGE][PASSED] - Object: 'Object Repository/1_Create_Team/Create_New_Team/Page_CS311 - Bumblebee Mattermost/span_Create a new team' is clicked on

2019-12-21 21:09:46 - [TEST_STEP][PASSED] - setText(findTestObject("Object Repository/1_Create_Team/Create_New_Team/Page_CS311 - Bumblebee Mattermost/input_Team Name_teamNameInput"), team_name): Text 'ThuYenTri' is set on object 'Object Repository/1_Create_Team/Create_New_Team/Page_CS311 - Bumblebee Mattermost/input_Team Name_teamNameInput'

2019-12-21 21:09:47 - [MESSAGE][PASSED] - Text 'ThuYenTri' is set on object 'Object Repository/1_Create_Team/Create_New_Team/Page_CS311 - Bumblebee Mattermost/input_Team Name_teamNameInput'

2019-12-21 21:09:47 - [TEST_STEP][PASSED] - click(findTestObject("Object Repository/1_Create_Team/Create_New_Team/Page_CS311 - Bumblebee Mattermost/button_Next")): Object: 'Object Repository/1_Create_Team/Create_New_Team/Page_CS311 - Bumblebee Mattermost/button_Next' is clicked on

2019-12-21 21:09:48 - [MESSAGE][PASSED] - Object: 'Object Repository/1_Create_Team/Create_New_Team/Page_CS311 - Bumblebee Mattermost/button_Next' is clicked on

2019-12-21 21:09:48 - [TEST_STEP][PASSED] - click(findTestObject("Object Repository/1_Create_Team/Create_New_Team/Page_CS311 - Bumblebee Mattermost/span_Finish")): Object: 'Object Repository/1_Create_Team/Create_New_Team/Page_CS311 - Bumblebee Mattermost/span_Finish' is clicked on

2019-12-21 21:09:48 - [MESSAGE][PASSED] - Object: 'Object Repository/1_Create_Team/Create_New_Team/Page_CS311 - Bumblebee Mattermost/span_Finish' is clicked on]]></system-out>
         <system-err><![CDATA[]]></system-err>
      </testcase>
      <testcase name="Test Cases/1_Create_Team/New_Team (success case)" time="10.063" classname="Test Cases/1_Create_Team/New_Team (success case)" status="PASSED">
         <system-out><![CDATA[2019-12-21 21:09:48 - [TEST_CASE][PASSED] - Test Cases/1_Create_Team/New_Team (success case): Test Cases/1_Create_Team/New_Team (success case)

2019-12-21 21:09:48 - [TEST_STEP][PASSED] - openBrowser(""): Browser is opened with url: ''

2019-12-21 21:09:48 - [MESSAGE][WARNING] - A browser is already opened. Closing browser and opening a new one

2019-12-21 21:09:49 - [MESSAGE][INFO] - Starting 'Edge' driver

2019-12-21 21:09:51 - [MESSAGE][PASSED] - Browser is opened with url: ''

2019-12-21 21:09:51 - [TEST_STEP][PASSED] - navigateToUrl("https://mattermost-duo-test-yen.herokuapp.com/bumblebee/channels/cs311"): Navigate to 'https://mattermost-duo-test-yen.herokuapp.com/bumblebee/channels/cs311' successfully

2019-12-21 21:09:52 - [MESSAGE][PASSED] - Navigate to 'https://mattermost-duo-test-yen.herokuapp.com/bumblebee/channels/cs311' successfully

2019-12-21 21:09:52 - [TEST_STEP][PASSED] - click(findTestObject("Object Repository/1_Create_Team/Create_New_Team/Page_CS311 - Bumblebee Mattermost/div_")): Object: 'Object Repository/1_Create_Team/Create_New_Team/Page_CS311 - Bumblebee Mattermost/div_' is clicked on

2019-12-21 21:09:56 - [MESSAGE][PASSED] - Object: 'Object Repository/1_Create_Team/Create_New_Team/Page_CS311 - Bumblebee Mattermost/div_' is clicked on

2019-12-21 21:09:56 - [TEST_STEP][PASSED] - click(findTestObject("Object Repository/1_Create_Team/Create_New_Team/Page_CS311 - Bumblebee Mattermost/span_Create a new team")): Object: 'Object Repository/1_Create_Team/Create_New_Team/Page_CS311 - Bumblebee Mattermost/span_Create a new team' is clicked on

2019-12-21 21:09:57 - [MESSAGE][PASSED] - Object: 'Object Repository/1_Create_Team/Create_New_Team/Page_CS311 - Bumblebee Mattermost/span_Create a new team' is clicked on

2019-12-21 21:09:57 - [TEST_STEP][PASSED] - setText(findTestObject("Object Repository/1_Create_Team/Create_New_Team/Page_CS311 - Bumblebee Mattermost/input_Team Name_teamNameInput"), team_name): Text 'YenTriThu' is set on object 'Object Repository/1_Create_Team/Create_New_Team/Page_CS311 - Bumblebee Mattermost/input_Team Name_teamNameInput'

2019-12-21 21:09:58 - [MESSAGE][PASSED] - Text 'YenTriThu' is set on object 'Object Repository/1_Create_Team/Create_New_Team/Page_CS311 - Bumblebee Mattermost/input_Team Name_teamNameInput'

2019-12-21 21:09:58 - [TEST_STEP][PASSED] - click(findTestObject("Object Repository/1_Create_Team/Create_New_Team/Page_CS311 - Bumblebee Mattermost/button_Next")): Object: 'Object Repository/1_Create_Team/Create_New_Team/Page_CS311 - Bumblebee Mattermost/button_Next' is clicked on

2019-12-21 21:09:58 - [MESSAGE][PASSED] - Object: 'Object Repository/1_Create_Team/Create_New_Team/Page_CS311 - Bumblebee Mattermost/button_Next' is clicked on

2019-12-21 21:09:58 - [TEST_STEP][PASSED] - click(findTestObject("Object Repository/1_Create_Team/Create_New_Team/Page_CS311 - Bumblebee Mattermost/span_Finish")): Object: 'Object Repository/1_Create_Team/Create_New_Team/Page_CS311 - Bumblebee Mattermost/span_Finish' is clicked on

2019-12-21 21:09:58 - [MESSAGE][PASSED] - Object: 'Object Repository/1_Create_Team/Create_New_Team/Page_CS311 - Bumblebee Mattermost/span_Finish' is clicked on]]></system-out>
         <system-err><![CDATA[]]></system-err>
      </testcase>
      <testcase name="Test Cases/1_Create_Team/New_Team (success case)" time="9.365" classname="Test Cases/1_Create_Team/New_Team (success case)" status="PASSED">
         <system-out><![CDATA[2019-12-21 21:09:58 - [TEST_CASE][PASSED] - Test Cases/1_Create_Team/New_Team (success case): Test Cases/1_Create_Team/New_Team (success case)

2019-12-21 21:09:58 - [TEST_STEP][PASSED] - openBrowser(""): Browser is opened with url: ''

2019-12-21 21:09:58 - [MESSAGE][WARNING] - A browser is already opened. Closing browser and opening a new one

2019-12-21 21:09:59 - [MESSAGE][INFO] - Starting 'Edge' driver

2019-12-21 21:10:01 - [MESSAGE][PASSED] - Browser is opened with url: ''

2019-12-21 21:10:01 - [TEST_STEP][PASSED] - navigateToUrl("https://mattermost-duo-test-yen.herokuapp.com/bumblebee/channels/cs311"): Navigate to 'https://mattermost-duo-test-yen.herokuapp.com/bumblebee/channels/cs311' successfully

2019-12-21 21:10:02 - [MESSAGE][PASSED] - Navigate to 'https://mattermost-duo-test-yen.herokuapp.com/bumblebee/channels/cs311' successfully

2019-12-21 21:10:02 - [TEST_STEP][PASSED] - click(findTestObject("Object Repository/1_Create_Team/Create_New_Team/Page_CS311 - Bumblebee Mattermost/div_")): Object: 'Object Repository/1_Create_Team/Create_New_Team/Page_CS311 - Bumblebee Mattermost/div_' is clicked on

2019-12-21 21:10:06 - [MESSAGE][PASSED] - Object: 'Object Repository/1_Create_Team/Create_New_Team/Page_CS311 - Bumblebee Mattermost/div_' is clicked on

2019-12-21 21:10:06 - [TEST_STEP][PASSED] - click(findTestObject("Object Repository/1_Create_Team/Create_New_Team/Page_CS311 - Bumblebee Mattermost/span_Create a new team")): Object: 'Object Repository/1_Create_Team/Create_New_Team/Page_CS311 - Bumblebee Mattermost/span_Create a new team' is clicked on

2019-12-21 21:10:06 - [MESSAGE][PASSED] - Object: 'Object Repository/1_Create_Team/Create_New_Team/Page_CS311 - Bumblebee Mattermost/span_Create a new team' is clicked on

2019-12-21 21:10:06 - [TEST_STEP][PASSED] - setText(findTestObject("Object Repository/1_Create_Team/Create_New_Team/Page_CS311 - Bumblebee Mattermost/input_Team Name_teamNameInput"), team_name): Text 'YenThuTri' is set on object 'Object Repository/1_Create_Team/Create_New_Team/Page_CS311 - Bumblebee Mattermost/input_Team Name_teamNameInput'

2019-12-21 21:10:07 - [MESSAGE][PASSED] - Text 'YenThuTri' is set on object 'Object Repository/1_Create_Team/Create_New_Team/Page_CS311 - Bumblebee Mattermost/input_Team Name_teamNameInput'

2019-12-21 21:10:07 - [TEST_STEP][PASSED] - click(findTestObject("Object Repository/1_Create_Team/Create_New_Team/Page_CS311 - Bumblebee Mattermost/button_Next")): Object: 'Object Repository/1_Create_Team/Create_New_Team/Page_CS311 - Bumblebee Mattermost/button_Next' is clicked on

2019-12-21 21:10:07 - [MESSAGE][PASSED] - Object: 'Object Repository/1_Create_Team/Create_New_Team/Page_CS311 - Bumblebee Mattermost/button_Next' is clicked on

2019-12-21 21:10:07 - [TEST_STEP][PASSED] - click(findTestObject("Object Repository/1_Create_Team/Create_New_Team/Page_CS311 - Bumblebee Mattermost/span_Finish")): Object: 'Object Repository/1_Create_Team/Create_New_Team/Page_CS311 - Bumblebee Mattermost/span_Finish' is clicked on

2019-12-21 21:10:08 - [MESSAGE][PASSED] - Object: 'Object Repository/1_Create_Team/Create_New_Team/Page_CS311 - Bumblebee Mattermost/span_Finish' is clicked on]]></system-out>
         <system-err><![CDATA[]]></system-err>
      </testcase>
      <system-out><![CDATA[2019-12-21 21:09:06 - [TEST_SUITE][PASSED] - Suite_2: Test Cases/1_Create_Team/New_Team (success case)]]></system-out>
      <system-err><![CDATA[]]></system-err>
   </testsuite>
</testsuites>
