<?xml version="1.0" encoding="UTF-8"?>
<testsuites name="Suite_2" time="58.907" tests="6" failures="0" errors="0">
   <testsuite name="Suite_2" tests="6" failures="0" errors="0" time="58.907" timestamp="2019-12-21 21:05:02" hostname="Ng\u1ECDc Y\u1EBFn - 192.168.1.2" id="Test Suites/Suite_2">
      <properties>
         <property name="deviceName" value=""/>
         <property name="devicePlatform" value=""/>
         <property name="logFolder" value="D:\\CS300-project\\2 points\\mattermost-duo-test\\Reports\\20191221_210500\\Suite_2\\20191221_210500"/>
         <property name="logFiles" value="D:\\CS300-project\\2 points\\mattermost-duo-test\\Reports\\20191221_210500\\Suite_2\\20191221_210500\\execution0.log"/>
         <property name="attachments" value=""/>
         <property name="hostName" value="Ng\u1ECDc Y\u1EBFn - 192.168.1.2"/>
         <property name="os" value="Windows 10 64bit"/>
         <property name="katalonVersion" value="7.1.2.1"/>
         <property name="browser" value="Edge 18"/>
         <property name="hostAddress" value="192.168.1.2"/>
         <property name="sessionId" value="5BCFC0A7-BCA0-40D4-B764-1B9B6A0370E5"/>
         <property name="seleniumVersion" value="3.141.59"/>
         <property name="proxyInformation" value="ProxyInformation{proxyOption=NO_PROXY, proxyServerType=HTTP, password=, proxyServerAddress=, proxyServerPort=0, executionList=}"/>
         <property name="platform" value="Windows 10"/>
      </properties>
      <testcase name="Test Cases/1_Create_Team/New_Team (success case)" time="11.44" classname="Test Cases/1_Create_Team/New_Team (success case)" status="PASSED">
         <system-out><![CDATA[2019-12-21 21:05:02 - [TEST_CASE][PASSED] - Test Cases/1_Create_Team/New_Team (success case): Test Cases/1_Create_Team/New_Team (success case)

2019-12-21 21:05:03 - [TEST_STEP][PASSED] - openBrowser(""): Browser is opened with url: ''

2019-12-21 21:05:03 - [MESSAGE][INFO] - Starting 'Edge' driver

2019-12-21 21:05:04 - [MESSAGE][INFO] - Action delay is set to 0 seconds

2019-12-21 21:05:06 - [MESSAGE][PASSED] - Browser is opened with url: ''

2019-12-21 21:05:06 - [TEST_STEP][PASSED] - navigateToUrl("https://mattermost-duo-test-yen.herokuapp.com/bumblebee/channels/cs311"): Navigate to 'https://mattermost-duo-test-yen.herokuapp.com/bumblebee/channels/cs311' successfully

2019-12-21 21:05:08 - [MESSAGE][PASSED] - Navigate to 'https://mattermost-duo-test-yen.herokuapp.com/bumblebee/channels/cs311' successfully

2019-12-21 21:05:08 - [TEST_STEP][PASSED] - click(findTestObject("Object Repository/1_Create_Team/Create_New_Team/Page_CS311 - Bumblebee Mattermost/div_")): Object: 'Object Repository/1_Create_Team/Create_New_Team/Page_CS311 - Bumblebee Mattermost/div_' is clicked on

2019-12-21 21:05:12 - [MESSAGE][PASSED] - Object: 'Object Repository/1_Create_Team/Create_New_Team/Page_CS311 - Bumblebee Mattermost/div_' is clicked on

2019-12-21 21:05:12 - [TEST_STEP][PASSED] - click(findTestObject("Object Repository/1_Create_Team/Create_New_Team/Page_CS311 - Bumblebee Mattermost/span_Create a new team")): Object: 'Object Repository/1_Create_Team/Create_New_Team/Page_CS311 - Bumblebee Mattermost/span_Create a new team' is clicked on

2019-12-21 21:05:12 - [MESSAGE][PASSED] - Object: 'Object Repository/1_Create_Team/Create_New_Team/Page_CS311 - Bumblebee Mattermost/span_Create a new team' is clicked on

2019-12-21 21:05:12 - [TEST_STEP][PASSED] - setText(findTestObject("Object Repository/1_Create_Team/Create_New_Team/Page_CS311 - Bumblebee Mattermost/input_Team Name_teamNameInput"), team_name): Text 'TriThuYen' is set on object 'Object Repository/1_Create_Team/Create_New_Team/Page_CS311 - Bumblebee Mattermost/input_Team Name_teamNameInput'

2019-12-21 21:05:13 - [MESSAGE][PASSED] - Text 'TriThuYen' is set on object 'Object Repository/1_Create_Team/Create_New_Team/Page_CS311 - Bumblebee Mattermost/input_Team Name_teamNameInput'

2019-12-21 21:05:13 - [TEST_STEP][PASSED] - click(findTestObject("Object Repository/1_Create_Team/Create_New_Team/Page_CS311 - Bumblebee Mattermost/button_Next")): Object: 'Object Repository/1_Create_Team/Create_New_Team/Page_CS311 - Bumblebee Mattermost/button_Next' is clicked on

2019-12-21 21:05:13 - [MESSAGE][PASSED] - Object: 'Object Repository/1_Create_Team/Create_New_Team/Page_CS311 - Bumblebee Mattermost/button_Next' is clicked on

2019-12-21 21:05:13 - [TEST_STEP][PASSED] - click(findTestObject("Object Repository/1_Create_Team/Create_New_Team/Page_CS311 - Bumblebee Mattermost/span_Finish")): Object: 'Object Repository/1_Create_Team/Create_New_Team/Page_CS311 - Bumblebee Mattermost/span_Finish' is clicked on

2019-12-21 21:05:14 - [MESSAGE][PASSED] - Object: 'Object Repository/1_Create_Team/Create_New_Team/Page_CS311 - Bumblebee Mattermost/span_Finish' is clicked on]]></system-out>
         <system-err><![CDATA[]]></system-err>
      </testcase>
      <testcase name="Test Cases/1_Create_Team/New_Team (success case)" time="9.404" classname="Test Cases/1_Create_Team/New_Team (success case)" status="PASSED">
         <system-out><![CDATA[2019-12-21 21:05:14 - [TEST_CASE][PASSED] - Test Cases/1_Create_Team/New_Team (success case): Test Cases/1_Create_Team/New_Team (success case)

2019-12-21 21:05:14 - [TEST_STEP][PASSED] - openBrowser(""): Browser is opened with url: ''

2019-12-21 21:05:14 - [MESSAGE][WARNING] - A browser is already opened. Closing browser and opening a new one

2019-12-21 21:05:15 - [MESSAGE][INFO] - Starting 'Edge' driver

2019-12-21 21:05:16 - [MESSAGE][PASSED] - Browser is opened with url: ''

2019-12-21 21:05:16 - [TEST_STEP][PASSED] - navigateToUrl("https://mattermost-duo-test-yen.herokuapp.com/bumblebee/channels/cs311"): Navigate to 'https://mattermost-duo-test-yen.herokuapp.com/bumblebee/channels/cs311' successfully

2019-12-21 21:05:18 - [MESSAGE][PASSED] - Navigate to 'https://mattermost-duo-test-yen.herokuapp.com/bumblebee/channels/cs311' successfully

2019-12-21 21:05:18 - [TEST_STEP][PASSED] - click(findTestObject("Object Repository/1_Create_Team/Create_New_Team/Page_CS311 - Bumblebee Mattermost/div_")): Object: 'Object Repository/1_Create_Team/Create_New_Team/Page_CS311 - Bumblebee Mattermost/div_' is clicked on

2019-12-21 21:05:21 - [MESSAGE][PASSED] - Object: 'Object Repository/1_Create_Team/Create_New_Team/Page_CS311 - Bumblebee Mattermost/div_' is clicked on

2019-12-21 21:05:21 - [TEST_STEP][PASSED] - click(findTestObject("Object Repository/1_Create_Team/Create_New_Team/Page_CS311 - Bumblebee Mattermost/span_Create a new team")): Object: 'Object Repository/1_Create_Team/Create_New_Team/Page_CS311 - Bumblebee Mattermost/span_Create a new team' is clicked on

2019-12-21 21:05:22 - [MESSAGE][PASSED] - Object: 'Object Repository/1_Create_Team/Create_New_Team/Page_CS311 - Bumblebee Mattermost/span_Create a new team' is clicked on

2019-12-21 21:05:22 - [TEST_STEP][PASSED] - setText(findTestObject("Object Repository/1_Create_Team/Create_New_Team/Page_CS311 - Bumblebee Mattermost/input_Team Name_teamNameInput"), team_name): Text 'TriYenThu' is set on object 'Object Repository/1_Create_Team/Create_New_Team/Page_CS311 - Bumblebee Mattermost/input_Team Name_teamNameInput'

2019-12-21 21:05:23 - [MESSAGE][PASSED] - Text 'TriYenThu' is set on object 'Object Repository/1_Create_Team/Create_New_Team/Page_CS311 - Bumblebee Mattermost/input_Team Name_teamNameInput'

2019-12-21 21:05:23 - [TEST_STEP][PASSED] - click(findTestObject("Object Repository/1_Create_Team/Create_New_Team/Page_CS311 - Bumblebee Mattermost/button_Next")): Object: 'Object Repository/1_Create_Team/Create_New_Team/Page_CS311 - Bumblebee Mattermost/button_Next' is clicked on

2019-12-21 21:05:23 - [MESSAGE][PASSED] - Object: 'Object Repository/1_Create_Team/Create_New_Team/Page_CS311 - Bumblebee Mattermost/button_Next' is clicked on

2019-12-21 21:05:23 - [TEST_STEP][PASSED] - click(findTestObject("Object Repository/1_Create_Team/Create_New_Team/Page_CS311 - Bumblebee Mattermost/span_Finish")): Object: 'Object Repository/1_Create_Team/Create_New_Team/Page_CS311 - Bumblebee Mattermost/span_Finish' is clicked on

2019-12-21 21:05:23 - [MESSAGE][PASSED] - Object: 'Object Repository/1_Create_Team/Create_New_Team/Page_CS311 - Bumblebee Mattermost/span_Finish' is clicked on]]></system-out>
         <system-err><![CDATA[]]></system-err>
      </testcase>
      <testcase name="Test Cases/1_Create_Team/New_Team (success case)" time="9.189" classname="Test Cases/1_Create_Team/New_Team (success case)" status="PASSED">
         <system-out><![CDATA[2019-12-21 21:05:23 - [TEST_CASE][PASSED] - Test Cases/1_Create_Team/New_Team (success case): Test Cases/1_Create_Team/New_Team (success case)

2019-12-21 21:05:23 - [TEST_STEP][PASSED] - openBrowser(""): Browser is opened with url: ''

2019-12-21 21:05:23 - [MESSAGE][WARNING] - A browser is already opened. Closing browser and opening a new one

2019-12-21 21:05:24 - [MESSAGE][INFO] - Starting 'Edge' driver

2019-12-21 21:05:25 - [MESSAGE][PASSED] - Browser is opened with url: ''

2019-12-21 21:05:25 - [TEST_STEP][PASSED] - navigateToUrl("https://mattermost-duo-test-yen.herokuapp.com/bumblebee/channels/cs311"): Navigate to 'https://mattermost-duo-test-yen.herokuapp.com/bumblebee/channels/cs311' successfully

2019-12-21 21:05:27 - [MESSAGE][PASSED] - Navigate to 'https://mattermost-duo-test-yen.herokuapp.com/bumblebee/channels/cs311' successfully

2019-12-21 21:05:27 - [TEST_STEP][PASSED] - click(findTestObject("Object Repository/1_Create_Team/Create_New_Team/Page_CS311 - Bumblebee Mattermost/div_")): Object: 'Object Repository/1_Create_Team/Create_New_Team/Page_CS311 - Bumblebee Mattermost/div_' is clicked on

2019-12-21 21:05:31 - [MESSAGE][PASSED] - Object: 'Object Repository/1_Create_Team/Create_New_Team/Page_CS311 - Bumblebee Mattermost/div_' is clicked on

2019-12-21 21:05:31 - [TEST_STEP][PASSED] - click(findTestObject("Object Repository/1_Create_Team/Create_New_Team/Page_CS311 - Bumblebee Mattermost/span_Create a new team")): Object: 'Object Repository/1_Create_Team/Create_New_Team/Page_CS311 - Bumblebee Mattermost/span_Create a new team' is clicked on

2019-12-21 21:05:31 - [MESSAGE][PASSED] - Object: 'Object Repository/1_Create_Team/Create_New_Team/Page_CS311 - Bumblebee Mattermost/span_Create a new team' is clicked on

2019-12-21 21:05:31 - [TEST_STEP][PASSED] - setText(findTestObject("Object Repository/1_Create_Team/Create_New_Team/Page_CS311 - Bumblebee Mattermost/input_Team Name_teamNameInput"), team_name): Text 'ThuTriYen' is set on object 'Object Repository/1_Create_Team/Create_New_Team/Page_CS311 - Bumblebee Mattermost/input_Team Name_teamNameInput'

2019-12-21 21:05:32 - [MESSAGE][PASSED] - Text 'ThuTriYen' is set on object 'Object Repository/1_Create_Team/Create_New_Team/Page_CS311 - Bumblebee Mattermost/input_Team Name_teamNameInput'

2019-12-21 21:05:32 - [TEST_STEP][PASSED] - click(findTestObject("Object Repository/1_Create_Team/Create_New_Team/Page_CS311 - Bumblebee Mattermost/button_Next")): Object: 'Object Repository/1_Create_Team/Create_New_Team/Page_CS311 - Bumblebee Mattermost/button_Next' is clicked on

2019-12-21 21:05:32 - [MESSAGE][PASSED] - Object: 'Object Repository/1_Create_Team/Create_New_Team/Page_CS311 - Bumblebee Mattermost/button_Next' is clicked on

2019-12-21 21:05:32 - [TEST_STEP][PASSED] - click(findTestObject("Object Repository/1_Create_Team/Create_New_Team/Page_CS311 - Bumblebee Mattermost/span_Finish")): Object: 'Object Repository/1_Create_Team/Create_New_Team/Page_CS311 - Bumblebee Mattermost/span_Finish' is clicked on

2019-12-21 21:05:32 - [MESSAGE][PASSED] - Object: 'Object Repository/1_Create_Team/Create_New_Team/Page_CS311 - Bumblebee Mattermost/span_Finish' is clicked on]]></system-out>
         <system-err><![CDATA[]]></system-err>
      </testcase>
      <testcase name="Test Cases/1_Create_Team/New_Team (success case)" time="9.133" classname="Test Cases/1_Create_Team/New_Team (success case)" status="PASSED">
         <system-out><![CDATA[2019-12-21 21:05:32 - [TEST_CASE][PASSED] - Test Cases/1_Create_Team/New_Team (success case): Test Cases/1_Create_Team/New_Team (success case)

2019-12-21 21:05:32 - [TEST_STEP][PASSED] - openBrowser(""): Browser is opened with url: ''

2019-12-21 21:05:33 - [MESSAGE][WARNING] - A browser is already opened. Closing browser and opening a new one

2019-12-21 21:05:33 - [MESSAGE][INFO] - Starting 'Edge' driver

2019-12-21 21:05:34 - [MESSAGE][PASSED] - Browser is opened with url: ''

2019-12-21 21:05:34 - [TEST_STEP][PASSED] - navigateToUrl("https://mattermost-duo-test-yen.herokuapp.com/bumblebee/channels/cs311"): Navigate to 'https://mattermost-duo-test-yen.herokuapp.com/bumblebee/channels/cs311' successfully

2019-12-21 21:05:36 - [MESSAGE][PASSED] - Navigate to 'https://mattermost-duo-test-yen.herokuapp.com/bumblebee/channels/cs311' successfully

2019-12-21 21:05:36 - [TEST_STEP][PASSED] - click(findTestObject("Object Repository/1_Create_Team/Create_New_Team/Page_CS311 - Bumblebee Mattermost/div_")): Object: 'Object Repository/1_Create_Team/Create_New_Team/Page_CS311 - Bumblebee Mattermost/div_' is clicked on

2019-12-21 21:05:40 - [MESSAGE][PASSED] - Object: 'Object Repository/1_Create_Team/Create_New_Team/Page_CS311 - Bumblebee Mattermost/div_' is clicked on

2019-12-21 21:05:40 - [TEST_STEP][PASSED] - click(findTestObject("Object Repository/1_Create_Team/Create_New_Team/Page_CS311 - Bumblebee Mattermost/span_Create a new team")): Object: 'Object Repository/1_Create_Team/Create_New_Team/Page_CS311 - Bumblebee Mattermost/span_Create a new team' is clicked on

2019-12-21 21:05:40 - [MESSAGE][PASSED] - Object: 'Object Repository/1_Create_Team/Create_New_Team/Page_CS311 - Bumblebee Mattermost/span_Create a new team' is clicked on

2019-12-21 21:05:40 - [TEST_STEP][PASSED] - setText(findTestObject("Object Repository/1_Create_Team/Create_New_Team/Page_CS311 - Bumblebee Mattermost/input_Team Name_teamNameInput"), team_name): Text 'ThuYenTri' is set on object 'Object Repository/1_Create_Team/Create_New_Team/Page_CS311 - Bumblebee Mattermost/input_Team Name_teamNameInput'

2019-12-21 21:05:41 - [MESSAGE][PASSED] - Text 'ThuYenTri' is set on object 'Object Repository/1_Create_Team/Create_New_Team/Page_CS311 - Bumblebee Mattermost/input_Team Name_teamNameInput'

2019-12-21 21:05:41 - [TEST_STEP][PASSED] - click(findTestObject("Object Repository/1_Create_Team/Create_New_Team/Page_CS311 - Bumblebee Mattermost/button_Next")): Object: 'Object Repository/1_Create_Team/Create_New_Team/Page_CS311 - Bumblebee Mattermost/button_Next' is clicked on

2019-12-21 21:05:41 - [MESSAGE][PASSED] - Object: 'Object Repository/1_Create_Team/Create_New_Team/Page_CS311 - Bumblebee Mattermost/button_Next' is clicked on

2019-12-21 21:05:41 - [TEST_STEP][PASSED] - click(findTestObject("Object Repository/1_Create_Team/Create_New_Team/Page_CS311 - Bumblebee Mattermost/span_Finish")): Object: 'Object Repository/1_Create_Team/Create_New_Team/Page_CS311 - Bumblebee Mattermost/span_Finish' is clicked on

2019-12-21 21:05:42 - [MESSAGE][PASSED] - Object: 'Object Repository/1_Create_Team/Create_New_Team/Page_CS311 - Bumblebee Mattermost/span_Finish' is clicked on]]></system-out>
         <system-err><![CDATA[]]></system-err>
      </testcase>
      <testcase name="Test Cases/1_Create_Team/New_Team (success case)" time="9.158" classname="Test Cases/1_Create_Team/New_Team (success case)" status="PASSED">
         <system-out><![CDATA[2019-12-21 21:05:42 - [TEST_CASE][PASSED] - Test Cases/1_Create_Team/New_Team (success case): Test Cases/1_Create_Team/New_Team (success case)

2019-12-21 21:05:42 - [TEST_STEP][PASSED] - openBrowser(""): Browser is opened with url: ''

2019-12-21 21:05:42 - [MESSAGE][WARNING] - A browser is already opened. Closing browser and opening a new one

2019-12-21 21:05:42 - [MESSAGE][INFO] - Starting 'Edge' driver

2019-12-21 21:05:44 - [MESSAGE][PASSED] - Browser is opened with url: ''

2019-12-21 21:05:44 - [TEST_STEP][PASSED] - navigateToUrl("https://mattermost-duo-test-yen.herokuapp.com/bumblebee/channels/cs311"): Navigate to 'https://mattermost-duo-test-yen.herokuapp.com/bumblebee/channels/cs311' successfully

2019-12-21 21:05:45 - [MESSAGE][PASSED] - Navigate to 'https://mattermost-duo-test-yen.herokuapp.com/bumblebee/channels/cs311' successfully

2019-12-21 21:05:45 - [TEST_STEP][PASSED] - click(findTestObject("Object Repository/1_Create_Team/Create_New_Team/Page_CS311 - Bumblebee Mattermost/div_")): Object: 'Object Repository/1_Create_Team/Create_New_Team/Page_CS311 - Bumblebee Mattermost/div_' is clicked on

2019-12-21 21:05:49 - [MESSAGE][PASSED] - Object: 'Object Repository/1_Create_Team/Create_New_Team/Page_CS311 - Bumblebee Mattermost/div_' is clicked on

2019-12-21 21:05:49 - [TEST_STEP][PASSED] - click(findTestObject("Object Repository/1_Create_Team/Create_New_Team/Page_CS311 - Bumblebee Mattermost/span_Create a new team")): Object: 'Object Repository/1_Create_Team/Create_New_Team/Page_CS311 - Bumblebee Mattermost/span_Create a new team' is clicked on

2019-12-21 21:05:49 - [MESSAGE][PASSED] - Object: 'Object Repository/1_Create_Team/Create_New_Team/Page_CS311 - Bumblebee Mattermost/span_Create a new team' is clicked on

2019-12-21 21:05:49 - [TEST_STEP][PASSED] - setText(findTestObject("Object Repository/1_Create_Team/Create_New_Team/Page_CS311 - Bumblebee Mattermost/input_Team Name_teamNameInput"), team_name): Text 'YenTriThu' is set on object 'Object Repository/1_Create_Team/Create_New_Team/Page_CS311 - Bumblebee Mattermost/input_Team Name_teamNameInput'

2019-12-21 21:05:50 - [MESSAGE][PASSED] - Text 'YenTriThu' is set on object 'Object Repository/1_Create_Team/Create_New_Team/Page_CS311 - Bumblebee Mattermost/input_Team Name_teamNameInput'

2019-12-21 21:05:50 - [TEST_STEP][PASSED] - click(findTestObject("Object Repository/1_Create_Team/Create_New_Team/Page_CS311 - Bumblebee Mattermost/button_Next")): Object: 'Object Repository/1_Create_Team/Create_New_Team/Page_CS311 - Bumblebee Mattermost/button_Next' is clicked on

2019-12-21 21:05:50 - [MESSAGE][PASSED] - Object: 'Object Repository/1_Create_Team/Create_New_Team/Page_CS311 - Bumblebee Mattermost/button_Next' is clicked on

2019-12-21 21:05:50 - [TEST_STEP][PASSED] - click(findTestObject("Object Repository/1_Create_Team/Create_New_Team/Page_CS311 - Bumblebee Mattermost/span_Finish")): Object: 'Object Repository/1_Create_Team/Create_New_Team/Page_CS311 - Bumblebee Mattermost/span_Finish' is clicked on

2019-12-21 21:05:51 - [MESSAGE][PASSED] - Object: 'Object Repository/1_Create_Team/Create_New_Team/Page_CS311 - Bumblebee Mattermost/span_Finish' is clicked on]]></system-out>
         <system-err><![CDATA[]]></system-err>
      </testcase>
      <testcase name="Test Cases/1_Create_Team/New_Team (success case)" time="9.218" classname="Test Cases/1_Create_Team/New_Team (success case)" status="PASSED">
         <system-out><![CDATA[2019-12-21 21:05:51 - [TEST_CASE][PASSED] - Test Cases/1_Create_Team/New_Team (success case): Test Cases/1_Create_Team/New_Team (success case)

2019-12-21 21:05:51 - [TEST_STEP][PASSED] - openBrowser(""): Browser is opened with url: ''

2019-12-21 21:05:51 - [MESSAGE][WARNING] - A browser is already opened. Closing browser and opening a new one

2019-12-21 21:05:51 - [MESSAGE][INFO] - Starting 'Edge' driver

2019-12-21 21:05:53 - [MESSAGE][PASSED] - Browser is opened with url: ''

2019-12-21 21:05:53 - [TEST_STEP][PASSED] - navigateToUrl("https://mattermost-duo-test-yen.herokuapp.com/bumblebee/channels/cs311"): Navigate to 'https://mattermost-duo-test-yen.herokuapp.com/bumblebee/channels/cs311' successfully

2019-12-21 21:05:54 - [MESSAGE][PASSED] - Navigate to 'https://mattermost-duo-test-yen.herokuapp.com/bumblebee/channels/cs311' successfully

2019-12-21 21:05:54 - [TEST_STEP][PASSED] - click(findTestObject("Object Repository/1_Create_Team/Create_New_Team/Page_CS311 - Bumblebee Mattermost/div_")): Object: 'Object Repository/1_Create_Team/Create_New_Team/Page_CS311 - Bumblebee Mattermost/div_' is clicked on

2019-12-21 21:05:58 - [MESSAGE][PASSED] - Object: 'Object Repository/1_Create_Team/Create_New_Team/Page_CS311 - Bumblebee Mattermost/div_' is clicked on

2019-12-21 21:05:58 - [TEST_STEP][PASSED] - click(findTestObject("Object Repository/1_Create_Team/Create_New_Team/Page_CS311 - Bumblebee Mattermost/span_Create a new team")): Object: 'Object Repository/1_Create_Team/Create_New_Team/Page_CS311 - Bumblebee Mattermost/span_Create a new team' is clicked on

2019-12-21 21:05:59 - [MESSAGE][PASSED] - Object: 'Object Repository/1_Create_Team/Create_New_Team/Page_CS311 - Bumblebee Mattermost/span_Create a new team' is clicked on

2019-12-21 21:05:59 - [TEST_STEP][PASSED] - setText(findTestObject("Object Repository/1_Create_Team/Create_New_Team/Page_CS311 - Bumblebee Mattermost/input_Team Name_teamNameInput"), team_name): Text 'YenThuTri' is set on object 'Object Repository/1_Create_Team/Create_New_Team/Page_CS311 - Bumblebee Mattermost/input_Team Name_teamNameInput'

2019-12-21 21:05:59 - [MESSAGE][PASSED] - Text 'YenThuTri' is set on object 'Object Repository/1_Create_Team/Create_New_Team/Page_CS311 - Bumblebee Mattermost/input_Team Name_teamNameInput'

2019-12-21 21:05:59 - [TEST_STEP][PASSED] - click(findTestObject("Object Repository/1_Create_Team/Create_New_Team/Page_CS311 - Bumblebee Mattermost/button_Next")): Object: 'Object Repository/1_Create_Team/Create_New_Team/Page_CS311 - Bumblebee Mattermost/button_Next' is clicked on

2019-12-21 21:06:00 - [MESSAGE][PASSED] - Object: 'Object Repository/1_Create_Team/Create_New_Team/Page_CS311 - Bumblebee Mattermost/button_Next' is clicked on

2019-12-21 21:06:00 - [TEST_STEP][PASSED] - click(findTestObject("Object Repository/1_Create_Team/Create_New_Team/Page_CS311 - Bumblebee Mattermost/span_Finish")): Object: 'Object Repository/1_Create_Team/Create_New_Team/Page_CS311 - Bumblebee Mattermost/span_Finish' is clicked on

2019-12-21 21:06:00 - [MESSAGE][PASSED] - Object: 'Object Repository/1_Create_Team/Create_New_Team/Page_CS311 - Bumblebee Mattermost/span_Finish' is clicked on]]></system-out>
         <system-err><![CDATA[]]></system-err>
      </testcase>
      <system-out><![CDATA[2019-12-21 21:05:02 - [TEST_SUITE][PASSED] - Suite_2: Test Cases/1_Create_Team/New_Team (success case)]]></system-out>
      <system-err><![CDATA[]]></system-err>
   </testsuite>
</testsuites>
