<?xml version="1.0" encoding="UTF-8"?>
<testsuites name="Run_all_test_cases" time="42.389" tests="5" failures="0" errors="0">
   <testsuite name="Run_all_test_cases" tests="5" failures="0" errors="0" time="42.389" timestamp="2019-12-28 14:17:14" hostname="NgocYen - 192.168.1.7" id="Test Suites/Run_all_test_cases">
      <properties>
         <property name="deviceName" value=""/>
         <property name="devicePlatform" value=""/>
         <property name="logFolder" value="D:\\CS300-project\\2 points\\mattermost-duo-test\\Reports\\20191228_141711\\Run_all_test_cases\\20191228_141711"/>
         <property name="logFiles" value="D:\\CS300-project\\2 points\\mattermost-duo-test\\Reports\\20191228_141711\\Run_all_test_cases\\20191228_141711\\execution0.log"/>
         <property name="attachments" value=""/>
         <property name="hostName" value="NgocYen - 192.168.1.7"/>
         <property name="os" value="Windows 10 64bit"/>
         <property name="katalonVersion" value="7.1.2.1"/>
         <property name="browser" value="Edge 17"/>
         <property name="hostAddress" value="192.168.1.7"/>
         <property name="sessionId" value="40B56C05-863A-496F-83A5-32B96EF358F0"/>
         <property name="seleniumVersion" value="3.141.59"/>
         <property name="proxyInformation" value="ProxyInformation{proxyOption=NO_PROXY, proxyServerType=HTTP, password=, proxyServerAddress=, proxyServerPort=0, executionList=}"/>
         <property name="platform" value="Windows 10"/>
      </properties>
      <testcase name="Test Cases/7_Account_Settings/Edit_Position" time="9.416" classname="Test Cases/7_Account_Settings/Edit_Position" status="PASSED">
         <system-out><![CDATA[2019-12-28 14:17:14 - [TEST_CASE][PASSED] - Test Cases/7_Account_Settings/Edit_Position: Test Cases/7_Account_Settings/Edit_Position

2019-12-28 14:17:15 - [TEST_STEP][PASSED] - openBrowser(""): Browser is opened with url: ''

2019-12-28 14:17:15 - [MESSAGE][INFO] - Starting 'Edge' driver

2019-12-28 14:17:16 - [MESSAGE][INFO] - Action delay is set to 0 seconds

2019-12-28 14:17:18 - [MESSAGE][PASSED] - Browser is opened with url: ''

2019-12-28 14:17:18 - [TEST_STEP][PASSED] - navigateToUrl("https://mattermost-duo-test-yen.herokuapp.com/bumblebee/channels/1hdhfclgy4"): Navigate to 'https://mattermost-duo-test-yen.herokuapp.com/bumblebee/channels/1hdhfclgy4' successfully

2019-12-28 14:17:20 - [MESSAGE][PASSED] - Navigate to 'https://mattermost-duo-test-yen.herokuapp.com/bumblebee/channels/1hdhfclgy4' successfully

2019-12-28 14:17:20 - [TEST_STEP][PASSED] - click(findTestObject("Object Repository/7_Account_Settings/Edit_Position/Page_1HDHFClGY4 - Bumblebee Mattermost/svg")): Object: 'Object Repository/7_Account_Settings/Edit_Position/Page_1HDHFClGY4 - Bumblebee Mattermost/svg' is clicked on

2019-12-28 14:17:23 - [MESSAGE][PASSED] - Object: 'Object Repository/7_Account_Settings/Edit_Position/Page_1HDHFClGY4 - Bumblebee Mattermost/svg' is clicked on

2019-12-28 14:17:23 - [TEST_STEP][PASSED] - click(findTestObject("Object Repository/7_Account_Settings/Edit_Position/Page_1HDHFClGY4 - Bumblebee Mattermost/button_Account Settings")): Object: 'Object Repository/7_Account_Settings/Edit_Position/Page_1HDHFClGY4 - Bumblebee Mattermost/button_Account Settings' is clicked on

2019-12-28 14:17:23 - [MESSAGE][PASSED] - Object: 'Object Repository/7_Account_Settings/Edit_Position/Page_1HDHFClGY4 - Bumblebee Mattermost/button_Account Settings' is clicked on

2019-12-28 14:17:23 - [TEST_STEP][PASSED] - click(findTestObject("Object Repository/7_Account_Settings/Edit_Position/Page_1HDHFClGY4 - Bumblebee Mattermost/span_Edit")): Object: 'Object Repository/7_Account_Settings/Edit_Position/Page_1HDHFClGY4 - Bumblebee Mattermost/span_Edit' is clicked on

2019-12-28 14:17:23 - [MESSAGE][PASSED] - Object: 'Object Repository/7_Account_Settings/Edit_Position/Page_1HDHFClGY4 - Bumblebee Mattermost/span_Edit' is clicked on

2019-12-28 14:17:23 - [TEST_STEP][PASSED] - setText(findTestObject("Object Repository/7_Account_Settings/Edit_Position/Page_1HDHFClGY4 - Bumblebee Mattermost/input_Position_position"), Position): Text 'Advidor' is set on object 'Object Repository/7_Account_Settings/Edit_Position/Page_1HDHFClGY4 - Bumblebee Mattermost/input_Position_position'

2019-12-28 14:17:24 - [MESSAGE][PASSED] - Text 'Advidor' is set on object 'Object Repository/7_Account_Settings/Edit_Position/Page_1HDHFClGY4 - Bumblebee Mattermost/input_Position_position'

2019-12-28 14:17:24 - [TEST_STEP][PASSED] - click(findTestObject("Object Repository/7_Account_Settings/Edit_Position/Page_1HDHFClGY4 - Bumblebee Mattermost/span_Save")): Object: 'Object Repository/7_Account_Settings/Edit_Position/Page_1HDHFClGY4 - Bumblebee Mattermost/span_Save' is clicked on

2019-12-28 14:17:24 - [MESSAGE][PASSED] - Object: 'Object Repository/7_Account_Settings/Edit_Position/Page_1HDHFClGY4 - Bumblebee Mattermost/span_Save' is clicked on

2019-12-28 14:17:24 - [TEST_STEP][PASSED] - click(findTestObject("Object Repository/7_Account_Settings/Edit_Position/Page_1HDHFClGY4 - Bumblebee Mattermost/span_")): Object: 'Object Repository/7_Account_Settings/Edit_Position/Page_1HDHFClGY4 - Bumblebee Mattermost/span_' is clicked on

2019-12-28 14:17:24 - [MESSAGE][PASSED] - Object: 'Object Repository/7_Account_Settings/Edit_Position/Page_1HDHFClGY4 - Bumblebee Mattermost/span_' is clicked on

2019-12-28 14:17:24 - [TEST_STEP][NOT_RUN] - closeBrowser(): NOT_RUN: closeBrowser()

2019-12-28 14:17:24 - [MESSAGE][NOT_RUN] - NOT_RUN: closeBrowser()]]></system-out>
         <system-err><![CDATA[]]></system-err>
      </testcase>
      <testcase name="Test Cases/7_Account_Settings/Edit_Position" time="7.784" classname="Test Cases/7_Account_Settings/Edit_Position" status="PASSED">
         <system-out><![CDATA[2019-12-28 14:17:24 - [TEST_CASE][PASSED] - Test Cases/7_Account_Settings/Edit_Position: Test Cases/7_Account_Settings/Edit_Position

2019-12-28 14:17:24 - [TEST_STEP][PASSED] - openBrowser(""): Browser is opened with url: ''

2019-12-28 14:17:24 - [MESSAGE][WARNING] - A browser is already opened. Closing browser and opening a new one

2019-12-28 14:17:25 - [MESSAGE][INFO] - Starting 'Edge' driver

2019-12-28 14:17:27 - [MESSAGE][PASSED] - Browser is opened with url: ''

2019-12-28 14:17:27 - [TEST_STEP][PASSED] - navigateToUrl("https://mattermost-duo-test-yen.herokuapp.com/bumblebee/channels/1hdhfclgy4"): Navigate to 'https://mattermost-duo-test-yen.herokuapp.com/bumblebee/channels/1hdhfclgy4' successfully

2019-12-28 14:17:28 - [MESSAGE][PASSED] - Navigate to 'https://mattermost-duo-test-yen.herokuapp.com/bumblebee/channels/1hdhfclgy4' successfully

2019-12-28 14:17:28 - [TEST_STEP][PASSED] - click(findTestObject("Object Repository/7_Account_Settings/Edit_Position/Page_1HDHFClGY4 - Bumblebee Mattermost/svg")): Object: 'Object Repository/7_Account_Settings/Edit_Position/Page_1HDHFClGY4 - Bumblebee Mattermost/svg' is clicked on

2019-12-28 14:17:30 - [MESSAGE][PASSED] - Object: 'Object Repository/7_Account_Settings/Edit_Position/Page_1HDHFClGY4 - Bumblebee Mattermost/svg' is clicked on

2019-12-28 14:17:30 - [TEST_STEP][PASSED] - click(findTestObject("Object Repository/7_Account_Settings/Edit_Position/Page_1HDHFClGY4 - Bumblebee Mattermost/button_Account Settings")): Object: 'Object Repository/7_Account_Settings/Edit_Position/Page_1HDHFClGY4 - Bumblebee Mattermost/button_Account Settings' is clicked on

2019-12-28 14:17:31 - [MESSAGE][PASSED] - Object: 'Object Repository/7_Account_Settings/Edit_Position/Page_1HDHFClGY4 - Bumblebee Mattermost/button_Account Settings' is clicked on

2019-12-28 14:17:31 - [TEST_STEP][PASSED] - click(findTestObject("Object Repository/7_Account_Settings/Edit_Position/Page_1HDHFClGY4 - Bumblebee Mattermost/span_Edit")): Object: 'Object Repository/7_Account_Settings/Edit_Position/Page_1HDHFClGY4 - Bumblebee Mattermost/span_Edit' is clicked on

2019-12-28 14:17:31 - [MESSAGE][PASSED] - Object: 'Object Repository/7_Account_Settings/Edit_Position/Page_1HDHFClGY4 - Bumblebee Mattermost/span_Edit' is clicked on

2019-12-28 14:17:31 - [TEST_STEP][PASSED] - setText(findTestObject("Object Repository/7_Account_Settings/Edit_Position/Page_1HDHFClGY4 - Bumblebee Mattermost/input_Position_position"), Position): Text 'Admin' is set on object 'Object Repository/7_Account_Settings/Edit_Position/Page_1HDHFClGY4 - Bumblebee Mattermost/input_Position_position'

2019-12-28 14:17:31 - [MESSAGE][PASSED] - Text 'Admin' is set on object 'Object Repository/7_Account_Settings/Edit_Position/Page_1HDHFClGY4 - Bumblebee Mattermost/input_Position_position'

2019-12-28 14:17:31 - [TEST_STEP][PASSED] - click(findTestObject("Object Repository/7_Account_Settings/Edit_Position/Page_1HDHFClGY4 - Bumblebee Mattermost/span_Save")): Object: 'Object Repository/7_Account_Settings/Edit_Position/Page_1HDHFClGY4 - Bumblebee Mattermost/span_Save' is clicked on

2019-12-28 14:17:32 - [MESSAGE][PASSED] - Object: 'Object Repository/7_Account_Settings/Edit_Position/Page_1HDHFClGY4 - Bumblebee Mattermost/span_Save' is clicked on

2019-12-28 14:17:32 - [TEST_STEP][PASSED] - click(findTestObject("Object Repository/7_Account_Settings/Edit_Position/Page_1HDHFClGY4 - Bumblebee Mattermost/span_")): Object: 'Object Repository/7_Account_Settings/Edit_Position/Page_1HDHFClGY4 - Bumblebee Mattermost/span_' is clicked on

2019-12-28 14:17:32 - [MESSAGE][PASSED] - Object: 'Object Repository/7_Account_Settings/Edit_Position/Page_1HDHFClGY4 - Bumblebee Mattermost/span_' is clicked on

2019-12-28 14:17:32 - [TEST_STEP][NOT_RUN] - closeBrowser(): NOT_RUN: closeBrowser()

2019-12-28 14:17:32 - [MESSAGE][NOT_RUN] - NOT_RUN: closeBrowser()]]></system-out>
         <system-err><![CDATA[]]></system-err>
      </testcase>
      <testcase name="Test Cases/7_Account_Settings/Edit_Position" time="8.25" classname="Test Cases/7_Account_Settings/Edit_Position" status="PASSED">
         <system-out><![CDATA[2019-12-28 14:17:32 - [TEST_CASE][PASSED] - Test Cases/7_Account_Settings/Edit_Position: Test Cases/7_Account_Settings/Edit_Position

2019-12-28 14:17:32 - [TEST_STEP][PASSED] - openBrowser(""): Browser is opened with url: ''

2019-12-28 14:17:32 - [MESSAGE][WARNING] - A browser is already opened. Closing browser and opening a new one

2019-12-28 14:17:33 - [MESSAGE][INFO] - Starting 'Edge' driver

2019-12-28 14:17:34 - [MESSAGE][PASSED] - Browser is opened with url: ''

2019-12-28 14:17:34 - [TEST_STEP][PASSED] - navigateToUrl("https://mattermost-duo-test-yen.herokuapp.com/bumblebee/channels/1hdhfclgy4"): Navigate to 'https://mattermost-duo-test-yen.herokuapp.com/bumblebee/channels/1hdhfclgy4' successfully

2019-12-28 14:17:36 - [MESSAGE][PASSED] - Navigate to 'https://mattermost-duo-test-yen.herokuapp.com/bumblebee/channels/1hdhfclgy4' successfully

2019-12-28 14:17:36 - [TEST_STEP][PASSED] - click(findTestObject("Object Repository/7_Account_Settings/Edit_Position/Page_1HDHFClGY4 - Bumblebee Mattermost/svg")): Object: 'Object Repository/7_Account_Settings/Edit_Position/Page_1HDHFClGY4 - Bumblebee Mattermost/svg' is clicked on

2019-12-28 14:17:38 - [MESSAGE][PASSED] - Object: 'Object Repository/7_Account_Settings/Edit_Position/Page_1HDHFClGY4 - Bumblebee Mattermost/svg' is clicked on

2019-12-28 14:17:38 - [TEST_STEP][PASSED] - click(findTestObject("Object Repository/7_Account_Settings/Edit_Position/Page_1HDHFClGY4 - Bumblebee Mattermost/button_Account Settings")): Object: 'Object Repository/7_Account_Settings/Edit_Position/Page_1HDHFClGY4 - Bumblebee Mattermost/button_Account Settings' is clicked on

2019-12-28 14:17:39 - [MESSAGE][PASSED] - Object: 'Object Repository/7_Account_Settings/Edit_Position/Page_1HDHFClGY4 - Bumblebee Mattermost/button_Account Settings' is clicked on

2019-12-28 14:17:39 - [TEST_STEP][PASSED] - click(findTestObject("Object Repository/7_Account_Settings/Edit_Position/Page_1HDHFClGY4 - Bumblebee Mattermost/span_Edit")): Object: 'Object Repository/7_Account_Settings/Edit_Position/Page_1HDHFClGY4 - Bumblebee Mattermost/span_Edit' is clicked on

2019-12-28 14:17:39 - [MESSAGE][PASSED] - Object: 'Object Repository/7_Account_Settings/Edit_Position/Page_1HDHFClGY4 - Bumblebee Mattermost/span_Edit' is clicked on

2019-12-28 14:17:39 - [TEST_STEP][PASSED] - setText(findTestObject("Object Repository/7_Account_Settings/Edit_Position/Page_1HDHFClGY4 - Bumblebee Mattermost/input_Position_position"), Position): Text 'Mentor' is set on object 'Object Repository/7_Account_Settings/Edit_Position/Page_1HDHFClGY4 - Bumblebee Mattermost/input_Position_position'

2019-12-28 14:17:40 - [MESSAGE][PASSED] - Text 'Mentor' is set on object 'Object Repository/7_Account_Settings/Edit_Position/Page_1HDHFClGY4 - Bumblebee Mattermost/input_Position_position'

2019-12-28 14:17:40 - [TEST_STEP][PASSED] - click(findTestObject("Object Repository/7_Account_Settings/Edit_Position/Page_1HDHFClGY4 - Bumblebee Mattermost/span_Save")): Object: 'Object Repository/7_Account_Settings/Edit_Position/Page_1HDHFClGY4 - Bumblebee Mattermost/span_Save' is clicked on

2019-12-28 14:17:40 - [MESSAGE][PASSED] - Object: 'Object Repository/7_Account_Settings/Edit_Position/Page_1HDHFClGY4 - Bumblebee Mattermost/span_Save' is clicked on

2019-12-28 14:17:40 - [TEST_STEP][PASSED] - click(findTestObject("Object Repository/7_Account_Settings/Edit_Position/Page_1HDHFClGY4 - Bumblebee Mattermost/span_")): Object: 'Object Repository/7_Account_Settings/Edit_Position/Page_1HDHFClGY4 - Bumblebee Mattermost/span_' is clicked on

2019-12-28 14:17:40 - [MESSAGE][PASSED] - Object: 'Object Repository/7_Account_Settings/Edit_Position/Page_1HDHFClGY4 - Bumblebee Mattermost/span_' is clicked on

2019-12-28 14:17:40 - [TEST_STEP][NOT_RUN] - closeBrowser(): NOT_RUN: closeBrowser()

2019-12-28 14:17:40 - [MESSAGE][NOT_RUN] - NOT_RUN: closeBrowser()]]></system-out>
         <system-err><![CDATA[]]></system-err>
      </testcase>
      <testcase name="Test Cases/7_Account_Settings/Edit_Position" time="7.709" classname="Test Cases/7_Account_Settings/Edit_Position" status="PASSED">
         <system-out><![CDATA[2019-12-28 14:17:40 - [TEST_CASE][PASSED] - Test Cases/7_Account_Settings/Edit_Position: Test Cases/7_Account_Settings/Edit_Position

2019-12-28 14:17:40 - [TEST_STEP][PASSED] - openBrowser(""): Browser is opened with url: ''

2019-12-28 14:17:40 - [MESSAGE][WARNING] - A browser is already opened. Closing browser and opening a new one

2019-12-28 14:17:41 - [MESSAGE][INFO] - Starting 'Edge' driver

2019-12-28 14:17:43 - [MESSAGE][PASSED] - Browser is opened with url: ''

2019-12-28 14:17:43 - [TEST_STEP][PASSED] - navigateToUrl("https://mattermost-duo-test-yen.herokuapp.com/bumblebee/channels/1hdhfclgy4"): Navigate to 'https://mattermost-duo-test-yen.herokuapp.com/bumblebee/channels/1hdhfclgy4' successfully

2019-12-28 14:17:44 - [MESSAGE][PASSED] - Navigate to 'https://mattermost-duo-test-yen.herokuapp.com/bumblebee/channels/1hdhfclgy4' successfully

2019-12-28 14:17:44 - [TEST_STEP][PASSED] - click(findTestObject("Object Repository/7_Account_Settings/Edit_Position/Page_1HDHFClGY4 - Bumblebee Mattermost/svg")): Object: 'Object Repository/7_Account_Settings/Edit_Position/Page_1HDHFClGY4 - Bumblebee Mattermost/svg' is clicked on

2019-12-28 14:17:46 - [MESSAGE][PASSED] - Object: 'Object Repository/7_Account_Settings/Edit_Position/Page_1HDHFClGY4 - Bumblebee Mattermost/svg' is clicked on

2019-12-28 14:17:46 - [TEST_STEP][PASSED] - click(findTestObject("Object Repository/7_Account_Settings/Edit_Position/Page_1HDHFClGY4 - Bumblebee Mattermost/button_Account Settings")): Object: 'Object Repository/7_Account_Settings/Edit_Position/Page_1HDHFClGY4 - Bumblebee Mattermost/button_Account Settings' is clicked on

2019-12-28 14:17:47 - [MESSAGE][PASSED] - Object: 'Object Repository/7_Account_Settings/Edit_Position/Page_1HDHFClGY4 - Bumblebee Mattermost/button_Account Settings' is clicked on

2019-12-28 14:17:47 - [TEST_STEP][PASSED] - click(findTestObject("Object Repository/7_Account_Settings/Edit_Position/Page_1HDHFClGY4 - Bumblebee Mattermost/span_Edit")): Object: 'Object Repository/7_Account_Settings/Edit_Position/Page_1HDHFClGY4 - Bumblebee Mattermost/span_Edit' is clicked on

2019-12-28 14:17:47 - [MESSAGE][PASSED] - Object: 'Object Repository/7_Account_Settings/Edit_Position/Page_1HDHFClGY4 - Bumblebee Mattermost/span_Edit' is clicked on

2019-12-28 14:17:47 - [TEST_STEP][PASSED] - setText(findTestObject("Object Repository/7_Account_Settings/Edit_Position/Page_1HDHFClGY4 - Bumblebee Mattermost/input_Position_position"), Position): Text 'Mentee' is set on object 'Object Repository/7_Account_Settings/Edit_Position/Page_1HDHFClGY4 - Bumblebee Mattermost/input_Position_position'

2019-12-28 14:17:47 - [MESSAGE][PASSED] - Text 'Mentee' is set on object 'Object Repository/7_Account_Settings/Edit_Position/Page_1HDHFClGY4 - Bumblebee Mattermost/input_Position_position'

2019-12-28 14:17:47 - [TEST_STEP][PASSED] - click(findTestObject("Object Repository/7_Account_Settings/Edit_Position/Page_1HDHFClGY4 - Bumblebee Mattermost/span_Save")): Object: 'Object Repository/7_Account_Settings/Edit_Position/Page_1HDHFClGY4 - Bumblebee Mattermost/span_Save' is clicked on

2019-12-28 14:17:48 - [MESSAGE][PASSED] - Object: 'Object Repository/7_Account_Settings/Edit_Position/Page_1HDHFClGY4 - Bumblebee Mattermost/span_Save' is clicked on

2019-12-28 14:17:48 - [TEST_STEP][PASSED] - click(findTestObject("Object Repository/7_Account_Settings/Edit_Position/Page_1HDHFClGY4 - Bumblebee Mattermost/span_")): Object: 'Object Repository/7_Account_Settings/Edit_Position/Page_1HDHFClGY4 - Bumblebee Mattermost/span_' is clicked on

2019-12-28 14:17:48 - [MESSAGE][PASSED] - Object: 'Object Repository/7_Account_Settings/Edit_Position/Page_1HDHFClGY4 - Bumblebee Mattermost/span_' is clicked on

2019-12-28 14:17:48 - [TEST_STEP][NOT_RUN] - closeBrowser(): NOT_RUN: closeBrowser()

2019-12-28 14:17:48 - [MESSAGE][NOT_RUN] - NOT_RUN: closeBrowser()]]></system-out>
         <system-err><![CDATA[]]></system-err>
      </testcase>
      <testcase name="Test Cases/7_Account_Settings/Edit_Position" time="7.48" classname="Test Cases/7_Account_Settings/Edit_Position" status="PASSED">
         <system-out><![CDATA[2019-12-28 14:17:48 - [TEST_CASE][PASSED] - Test Cases/7_Account_Settings/Edit_Position: Test Cases/7_Account_Settings/Edit_Position

2019-12-28 14:17:48 - [TEST_STEP][PASSED] - openBrowser(""): Browser is opened with url: ''

2019-12-28 14:17:48 - [MESSAGE][WARNING] - A browser is already opened. Closing browser and opening a new one

2019-12-28 14:17:49 - [MESSAGE][INFO] - Starting 'Edge' driver

2019-12-28 14:17:50 - [MESSAGE][PASSED] - Browser is opened with url: ''

2019-12-28 14:17:50 - [TEST_STEP][PASSED] - navigateToUrl("https://mattermost-duo-test-yen.herokuapp.com/bumblebee/channels/1hdhfclgy4"): Navigate to 'https://mattermost-duo-test-yen.herokuapp.com/bumblebee/channels/1hdhfclgy4' successfully

2019-12-28 14:17:52 - [MESSAGE][PASSED] - Navigate to 'https://mattermost-duo-test-yen.herokuapp.com/bumblebee/channels/1hdhfclgy4' successfully

2019-12-28 14:17:52 - [TEST_STEP][PASSED] - click(findTestObject("Object Repository/7_Account_Settings/Edit_Position/Page_1HDHFClGY4 - Bumblebee Mattermost/svg")): Object: 'Object Repository/7_Account_Settings/Edit_Position/Page_1HDHFClGY4 - Bumblebee Mattermost/svg' is clicked on

2019-12-28 14:17:54 - [MESSAGE][PASSED] - Object: 'Object Repository/7_Account_Settings/Edit_Position/Page_1HDHFClGY4 - Bumblebee Mattermost/svg' is clicked on

2019-12-28 14:17:54 - [TEST_STEP][PASSED] - click(findTestObject("Object Repository/7_Account_Settings/Edit_Position/Page_1HDHFClGY4 - Bumblebee Mattermost/button_Account Settings")): Object: 'Object Repository/7_Account_Settings/Edit_Position/Page_1HDHFClGY4 - Bumblebee Mattermost/button_Account Settings' is clicked on

2019-12-28 14:17:54 - [MESSAGE][PASSED] - Object: 'Object Repository/7_Account_Settings/Edit_Position/Page_1HDHFClGY4 - Bumblebee Mattermost/button_Account Settings' is clicked on

2019-12-28 14:17:54 - [TEST_STEP][PASSED] - click(findTestObject("Object Repository/7_Account_Settings/Edit_Position/Page_1HDHFClGY4 - Bumblebee Mattermost/span_Edit")): Object: 'Object Repository/7_Account_Settings/Edit_Position/Page_1HDHFClGY4 - Bumblebee Mattermost/span_Edit' is clicked on

2019-12-28 14:17:55 - [MESSAGE][PASSED] - Object: 'Object Repository/7_Account_Settings/Edit_Position/Page_1HDHFClGY4 - Bumblebee Mattermost/span_Edit' is clicked on

2019-12-28 14:17:55 - [TEST_STEP][PASSED] - setText(findTestObject("Object Repository/7_Account_Settings/Edit_Position/Page_1HDHFClGY4 - Bumblebee Mattermost/input_Position_position"), Position): Text 'Regulator' is set on object 'Object Repository/7_Account_Settings/Edit_Position/Page_1HDHFClGY4 - Bumblebee Mattermost/input_Position_position'

2019-12-28 14:17:55 - [MESSAGE][PASSED] - Text 'Regulator' is set on object 'Object Repository/7_Account_Settings/Edit_Position/Page_1HDHFClGY4 - Bumblebee Mattermost/input_Position_position'

2019-12-28 14:17:55 - [TEST_STEP][PASSED] - click(findTestObject("Object Repository/7_Account_Settings/Edit_Position/Page_1HDHFClGY4 - Bumblebee Mattermost/span_Save")): Object: 'Object Repository/7_Account_Settings/Edit_Position/Page_1HDHFClGY4 - Bumblebee Mattermost/span_Save' is clicked on

2019-12-28 14:17:55 - [MESSAGE][PASSED] - Object: 'Object Repository/7_Account_Settings/Edit_Position/Page_1HDHFClGY4 - Bumblebee Mattermost/span_Save' is clicked on

2019-12-28 14:17:55 - [TEST_STEP][PASSED] - click(findTestObject("Object Repository/7_Account_Settings/Edit_Position/Page_1HDHFClGY4 - Bumblebee Mattermost/span_")): Object: 'Object Repository/7_Account_Settings/Edit_Position/Page_1HDHFClGY4 - Bumblebee Mattermost/span_' is clicked on

2019-12-28 14:17:55 - [MESSAGE][PASSED] - Object: 'Object Repository/7_Account_Settings/Edit_Position/Page_1HDHFClGY4 - Bumblebee Mattermost/span_' is clicked on

2019-12-28 14:17:55 - [TEST_STEP][NOT_RUN] - closeBrowser(): NOT_RUN: closeBrowser()

2019-12-28 14:17:55 - [MESSAGE][NOT_RUN] - NOT_RUN: closeBrowser()]]></system-out>
         <system-err><![CDATA[]]></system-err>
      </testcase>
      <system-out><![CDATA[2019-12-28 14:17:14 - [TEST_SUITE][PASSED] - Run_all_test_cases: Test Cases/7_Account_Settings/Edit_Position]]></system-out>
      <system-err><![CDATA[]]></system-err>
   </testsuite>
</testsuites>
