<?xml version="1.0" encoding="UTF-8"?>
<testsuites name="Run_all_test_cases" time="52.8" tests="5" failures="0" errors="0">
   <testsuite name="Run_all_test_cases" tests="5" failures="0" errors="0" time="52.8" timestamp="2019-12-28 14:24:41" hostname="NgocYen - 192.168.1.7" id="Test Suites/Run_all_test_cases">
      <properties>
         <property name="deviceName" value=""/>
         <property name="devicePlatform" value=""/>
         <property name="logFolder" value="D:\\CS300-project\\2 points\\mattermost-duo-test\\Reports\\20191228_142439\\Run_all_test_cases\\20191228_142439"/>
         <property name="logFiles" value="D:\\CS300-project\\2 points\\mattermost-duo-test\\Reports\\20191228_142439\\Run_all_test_cases\\20191228_142439\\execution0.log"/>
         <property name="attachments" value=""/>
         <property name="hostName" value="NgocYen - 192.168.1.7"/>
         <property name="os" value="Windows 10 64bit"/>
         <property name="katalonVersion" value="7.1.2.1"/>
         <property name="browser" value="Edge 17"/>
         <property name="hostAddress" value="192.168.1.7"/>
         <property name="sessionId" value="BCA3896E-2498-46C9-9755-484456D34C93"/>
         <property name="seleniumVersion" value="3.141.59"/>
         <property name="proxyInformation" value="ProxyInformation{proxyOption=NO_PROXY, proxyServerType=HTTP, password=, proxyServerAddress=, proxyServerPort=0, executionList=}"/>
         <property name="platform" value="Windows 10"/>
      </properties>
      <testcase name="Test Cases/7_Account_Settings/Edit_Full_Name" time="9.851" classname="Test Cases/7_Account_Settings/Edit_Full_Name" status="PASSED">
         <system-out><![CDATA[2019-12-28 14:24:42 - [TEST_CASE][PASSED] - Test Cases/7_Account_Settings/Edit_Full_Name: Test Cases/7_Account_Settings/Edit_Full_Name

2019-12-28 14:24:42 - [TEST_STEP][PASSED] - openBrowser(""): Browser is opened with url: ''

2019-12-28 14:24:43 - [MESSAGE][INFO] - Starting 'Edge' driver

2019-12-28 14:24:43 - [MESSAGE][INFO] - Action delay is set to 0 seconds

2019-12-28 14:24:45 - [MESSAGE][PASSED] - Browser is opened with url: ''

2019-12-28 14:24:45 - [TEST_STEP][PASSED] - navigateToUrl("https://mattermost-duo-test-yen.herokuapp.com/bumblebee/channels/1hdhfclgy4"): Navigate to 'https://mattermost-duo-test-yen.herokuapp.com/bumblebee/channels/1hdhfclgy4' successfully

2019-12-28 14:24:47 - [MESSAGE][PASSED] - Navigate to 'https://mattermost-duo-test-yen.herokuapp.com/bumblebee/channels/1hdhfclgy4' successfully

2019-12-28 14:24:47 - [TEST_STEP][PASSED] - click(findTestObject("Object Repository/7_Account_Settings/Edit_Full_Name/Page_1HDHFClGY4 - Bumblebee Mattermost/svg")): Object: 'Object Repository/7_Account_Settings/Edit_Full_Name/Page_1HDHFClGY4 - Bumblebee Mattermost/svg' is clicked on

2019-12-28 14:24:50 - [MESSAGE][PASSED] - Object: 'Object Repository/7_Account_Settings/Edit_Full_Name/Page_1HDHFClGY4 - Bumblebee Mattermost/svg' is clicked on

2019-12-28 14:24:50 - [TEST_STEP][PASSED] - click(findTestObject("Object Repository/7_Account_Settings/Edit_Full_Name/Page_1HDHFClGY4 - Bumblebee Mattermost/button_Account Settings")): Object: 'Object Repository/7_Account_Settings/Edit_Full_Name/Page_1HDHFClGY4 - Bumblebee Mattermost/button_Account Settings' is clicked on

2019-12-28 14:24:50 - [MESSAGE][PASSED] - Object: 'Object Repository/7_Account_Settings/Edit_Full_Name/Page_1HDHFClGY4 - Bumblebee Mattermost/button_Account Settings' is clicked on

2019-12-28 14:24:50 - [TEST_STEP][PASSED] - click(findTestObject("Object Repository/7_Account_Settings/Edit_Full_Name/Page_1HDHFClGY4 - Bumblebee Mattermost/span_Edit")): Object: 'Object Repository/7_Account_Settings/Edit_Full_Name/Page_1HDHFClGY4 - Bumblebee Mattermost/span_Edit' is clicked on

2019-12-28 14:24:51 - [MESSAGE][PASSED] - Object: 'Object Repository/7_Account_Settings/Edit_Full_Name/Page_1HDHFClGY4 - Bumblebee Mattermost/span_Edit' is clicked on

2019-12-28 14:24:51 - [TEST_STEP][PASSED] - setText(findTestObject("Object Repository/7_Account_Settings/Edit_Full_Name/Page_1HDHFClGY4 - Bumblebee Mattermost/input_First Name_firstName"), First_name): Text 'Bunny' is set on object 'Object Repository/7_Account_Settings/Edit_Full_Name/Page_1HDHFClGY4 - Bumblebee Mattermost/input_First Name_firstName'

2019-12-28 14:24:51 - [MESSAGE][PASSED] - Text 'Bunny' is set on object 'Object Repository/7_Account_Settings/Edit_Full_Name/Page_1HDHFClGY4 - Bumblebee Mattermost/input_First Name_firstName'

2019-12-28 14:24:51 - [TEST_STEP][PASSED] - setText(findTestObject("Object Repository/7_Account_Settings/Edit_Full_Name/Page_1HDHFClGY4 - Bumblebee Mattermost/input_Last Name_lastName"), Last_name): Text 'Rabbit' is set on object 'Object Repository/7_Account_Settings/Edit_Full_Name/Page_1HDHFClGY4 - Bumblebee Mattermost/input_Last Name_lastName'

2019-12-28 14:24:51 - [MESSAGE][PASSED] - Text 'Rabbit' is set on object 'Object Repository/7_Account_Settings/Edit_Full_Name/Page_1HDHFClGY4 - Bumblebee Mattermost/input_Last Name_lastName'

2019-12-28 14:24:51 - [TEST_STEP][PASSED] - click(findTestObject("Object Repository/7_Account_Settings/Edit_Full_Name/Page_1HDHFClGY4 - Bumblebee Mattermost/span_Save")): Object: 'Object Repository/7_Account_Settings/Edit_Full_Name/Page_1HDHFClGY4 - Bumblebee Mattermost/span_Save' is clicked on

2019-12-28 14:24:51 - [MESSAGE][PASSED] - Object: 'Object Repository/7_Account_Settings/Edit_Full_Name/Page_1HDHFClGY4 - Bumblebee Mattermost/span_Save' is clicked on

2019-12-28 14:24:51 - [TEST_STEP][PASSED] - click(findTestObject("Object Repository/7_Account_Settings/Edit_Full_Name/Page_1HDHFClGY4 - Bumblebee Mattermost/span_")): Object: 'Object Repository/7_Account_Settings/Edit_Full_Name/Page_1HDHFClGY4 - Bumblebee Mattermost/span_' is clicked on

2019-12-28 14:24:52 - [MESSAGE][PASSED] - Object: 'Object Repository/7_Account_Settings/Edit_Full_Name/Page_1HDHFClGY4 - Bumblebee Mattermost/span_' is clicked on

2019-12-28 14:24:52 - [TEST_STEP][NOT_RUN] - closeBrowser(): NOT_RUN: closeBrowser()

2019-12-28 14:24:52 - [MESSAGE][NOT_RUN] - NOT_RUN: closeBrowser()]]></system-out>
         <system-err><![CDATA[]]></system-err>
      </testcase>
      <testcase name="Test Cases/7_Account_Settings/Edit_Full_Name" time="8.007" classname="Test Cases/7_Account_Settings/Edit_Full_Name" status="PASSED">
         <system-out><![CDATA[2019-12-28 14:24:52 - [TEST_CASE][PASSED] - Test Cases/7_Account_Settings/Edit_Full_Name: Test Cases/7_Account_Settings/Edit_Full_Name

2019-12-28 14:24:52 - [TEST_STEP][PASSED] - openBrowser(""): Browser is opened with url: ''

2019-12-28 14:24:52 - [MESSAGE][WARNING] - A browser is already opened. Closing browser and opening a new one

2019-12-28 14:24:53 - [MESSAGE][INFO] - Starting 'Edge' driver

2019-12-28 14:24:54 - [MESSAGE][PASSED] - Browser is opened with url: ''

2019-12-28 14:24:54 - [TEST_STEP][PASSED] - navigateToUrl("https://mattermost-duo-test-yen.herokuapp.com/bumblebee/channels/1hdhfclgy4"): Navigate to 'https://mattermost-duo-test-yen.herokuapp.com/bumblebee/channels/1hdhfclgy4' successfully

2019-12-28 14:24:56 - [MESSAGE][PASSED] - Navigate to 'https://mattermost-duo-test-yen.herokuapp.com/bumblebee/channels/1hdhfclgy4' successfully

2019-12-28 14:24:56 - [TEST_STEP][PASSED] - click(findTestObject("Object Repository/7_Account_Settings/Edit_Full_Name/Page_1HDHFClGY4 - Bumblebee Mattermost/svg")): Object: 'Object Repository/7_Account_Settings/Edit_Full_Name/Page_1HDHFClGY4 - Bumblebee Mattermost/svg' is clicked on

2019-12-28 14:24:58 - [MESSAGE][PASSED] - Object: 'Object Repository/7_Account_Settings/Edit_Full_Name/Page_1HDHFClGY4 - Bumblebee Mattermost/svg' is clicked on

2019-12-28 14:24:58 - [TEST_STEP][PASSED] - click(findTestObject("Object Repository/7_Account_Settings/Edit_Full_Name/Page_1HDHFClGY4 - Bumblebee Mattermost/button_Account Settings")): Object: 'Object Repository/7_Account_Settings/Edit_Full_Name/Page_1HDHFClGY4 - Bumblebee Mattermost/button_Account Settings' is clicked on

2019-12-28 14:24:58 - [MESSAGE][PASSED] - Object: 'Object Repository/7_Account_Settings/Edit_Full_Name/Page_1HDHFClGY4 - Bumblebee Mattermost/button_Account Settings' is clicked on

2019-12-28 14:24:58 - [TEST_STEP][PASSED] - click(findTestObject("Object Repository/7_Account_Settings/Edit_Full_Name/Page_1HDHFClGY4 - Bumblebee Mattermost/span_Edit")): Object: 'Object Repository/7_Account_Settings/Edit_Full_Name/Page_1HDHFClGY4 - Bumblebee Mattermost/span_Edit' is clicked on

2019-12-28 14:24:59 - [MESSAGE][PASSED] - Object: 'Object Repository/7_Account_Settings/Edit_Full_Name/Page_1HDHFClGY4 - Bumblebee Mattermost/span_Edit' is clicked on

2019-12-28 14:24:59 - [TEST_STEP][PASSED] - setText(findTestObject("Object Repository/7_Account_Settings/Edit_Full_Name/Page_1HDHFClGY4 - Bumblebee Mattermost/input_First Name_firstName"), First_name): Text 'Danny' is set on object 'Object Repository/7_Account_Settings/Edit_Full_Name/Page_1HDHFClGY4 - Bumblebee Mattermost/input_First Name_firstName'

2019-12-28 14:24:59 - [MESSAGE][PASSED] - Text 'Danny' is set on object 'Object Repository/7_Account_Settings/Edit_Full_Name/Page_1HDHFClGY4 - Bumblebee Mattermost/input_First Name_firstName'

2019-12-28 14:24:59 - [TEST_STEP][PASSED] - setText(findTestObject("Object Repository/7_Account_Settings/Edit_Full_Name/Page_1HDHFClGY4 - Bumblebee Mattermost/input_Last Name_lastName"), Last_name): Text 'Dog' is set on object 'Object Repository/7_Account_Settings/Edit_Full_Name/Page_1HDHFClGY4 - Bumblebee Mattermost/input_Last Name_lastName'

2019-12-28 14:24:59 - [MESSAGE][PASSED] - Text 'Dog' is set on object 'Object Repository/7_Account_Settings/Edit_Full_Name/Page_1HDHFClGY4 - Bumblebee Mattermost/input_Last Name_lastName'

2019-12-28 14:24:59 - [TEST_STEP][PASSED] - click(findTestObject("Object Repository/7_Account_Settings/Edit_Full_Name/Page_1HDHFClGY4 - Bumblebee Mattermost/span_Save")): Object: 'Object Repository/7_Account_Settings/Edit_Full_Name/Page_1HDHFClGY4 - Bumblebee Mattermost/span_Save' is clicked on

2019-12-28 14:25:00 - [MESSAGE][PASSED] - Object: 'Object Repository/7_Account_Settings/Edit_Full_Name/Page_1HDHFClGY4 - Bumblebee Mattermost/span_Save' is clicked on

2019-12-28 14:25:00 - [TEST_STEP][PASSED] - click(findTestObject("Object Repository/7_Account_Settings/Edit_Full_Name/Page_1HDHFClGY4 - Bumblebee Mattermost/span_")): Object: 'Object Repository/7_Account_Settings/Edit_Full_Name/Page_1HDHFClGY4 - Bumblebee Mattermost/span_' is clicked on

2019-12-28 14:25:00 - [MESSAGE][PASSED] - Object: 'Object Repository/7_Account_Settings/Edit_Full_Name/Page_1HDHFClGY4 - Bumblebee Mattermost/span_' is clicked on

2019-12-28 14:25:00 - [TEST_STEP][NOT_RUN] - closeBrowser(): NOT_RUN: closeBrowser()

2019-12-28 14:25:00 - [MESSAGE][NOT_RUN] - NOT_RUN: closeBrowser()]]></system-out>
         <system-err><![CDATA[]]></system-err>
      </testcase>
      <testcase name="Test Cases/7_Account_Settings/Edit_Full_Name" time="11.006" classname="Test Cases/7_Account_Settings/Edit_Full_Name" status="PASSED">
         <system-out><![CDATA[2019-12-28 14:25:00 - [TEST_CASE][PASSED] - Test Cases/7_Account_Settings/Edit_Full_Name: Test Cases/7_Account_Settings/Edit_Full_Name

2019-12-28 14:25:00 - [TEST_STEP][PASSED] - openBrowser(""): Browser is opened with url: ''

2019-12-28 14:25:00 - [MESSAGE][WARNING] - A browser is already opened. Closing browser and opening a new one

2019-12-28 14:25:01 - [MESSAGE][INFO] - Starting 'Edge' driver

2019-12-28 14:25:02 - [MESSAGE][PASSED] - Browser is opened with url: ''

2019-12-28 14:25:02 - [TEST_STEP][PASSED] - navigateToUrl("https://mattermost-duo-test-yen.herokuapp.com/bumblebee/channels/1hdhfclgy4"): Navigate to 'https://mattermost-duo-test-yen.herokuapp.com/bumblebee/channels/1hdhfclgy4' successfully

2019-12-28 14:25:04 - [MESSAGE][PASSED] - Navigate to 'https://mattermost-duo-test-yen.herokuapp.com/bumblebee/channels/1hdhfclgy4' successfully

2019-12-28 14:25:04 - [TEST_STEP][PASSED] - click(findTestObject("Object Repository/7_Account_Settings/Edit_Full_Name/Page_1HDHFClGY4 - Bumblebee Mattermost/svg")): Object: 'Object Repository/7_Account_Settings/Edit_Full_Name/Page_1HDHFClGY4 - Bumblebee Mattermost/svg' is clicked on

2019-12-28 14:25:07 - [MESSAGE][PASSED] - Object: 'Object Repository/7_Account_Settings/Edit_Full_Name/Page_1HDHFClGY4 - Bumblebee Mattermost/svg' is clicked on

2019-12-28 14:25:07 - [TEST_STEP][PASSED] - click(findTestObject("Object Repository/7_Account_Settings/Edit_Full_Name/Page_1HDHFClGY4 - Bumblebee Mattermost/button_Account Settings")): Object: 'Object Repository/7_Account_Settings/Edit_Full_Name/Page_1HDHFClGY4 - Bumblebee Mattermost/button_Account Settings' is clicked on

2019-12-28 14:25:08 - [MESSAGE][PASSED] - Object: 'Object Repository/7_Account_Settings/Edit_Full_Name/Page_1HDHFClGY4 - Bumblebee Mattermost/button_Account Settings' is clicked on

2019-12-28 14:25:08 - [TEST_STEP][PASSED] - click(findTestObject("Object Repository/7_Account_Settings/Edit_Full_Name/Page_1HDHFClGY4 - Bumblebee Mattermost/span_Edit")): Object: 'Object Repository/7_Account_Settings/Edit_Full_Name/Page_1HDHFClGY4 - Bumblebee Mattermost/span_Edit' is clicked on

2019-12-28 14:25:10 - [MESSAGE][PASSED] - Object: 'Object Repository/7_Account_Settings/Edit_Full_Name/Page_1HDHFClGY4 - Bumblebee Mattermost/span_Edit' is clicked on

2019-12-28 14:25:10 - [TEST_STEP][PASSED] - setText(findTestObject("Object Repository/7_Account_Settings/Edit_Full_Name/Page_1HDHFClGY4 - Bumblebee Mattermost/input_First Name_firstName"), First_name): Text 'Catherine' is set on object 'Object Repository/7_Account_Settings/Edit_Full_Name/Page_1HDHFClGY4 - Bumblebee Mattermost/input_First Name_firstName'

2019-12-28 14:25:10 - [MESSAGE][PASSED] - Text 'Catherine' is set on object 'Object Repository/7_Account_Settings/Edit_Full_Name/Page_1HDHFClGY4 - Bumblebee Mattermost/input_First Name_firstName'

2019-12-28 14:25:10 - [TEST_STEP][PASSED] - setText(findTestObject("Object Repository/7_Account_Settings/Edit_Full_Name/Page_1HDHFClGY4 - Bumblebee Mattermost/input_Last Name_lastName"), Last_name): Text 'Cat' is set on object 'Object Repository/7_Account_Settings/Edit_Full_Name/Page_1HDHFClGY4 - Bumblebee Mattermost/input_Last Name_lastName'

2019-12-28 14:25:10 - [MESSAGE][PASSED] - Text 'Cat' is set on object 'Object Repository/7_Account_Settings/Edit_Full_Name/Page_1HDHFClGY4 - Bumblebee Mattermost/input_Last Name_lastName'

2019-12-28 14:25:10 - [TEST_STEP][PASSED] - click(findTestObject("Object Repository/7_Account_Settings/Edit_Full_Name/Page_1HDHFClGY4 - Bumblebee Mattermost/span_Save")): Object: 'Object Repository/7_Account_Settings/Edit_Full_Name/Page_1HDHFClGY4 - Bumblebee Mattermost/span_Save' is clicked on

2019-12-28 14:25:11 - [MESSAGE][PASSED] - Object: 'Object Repository/7_Account_Settings/Edit_Full_Name/Page_1HDHFClGY4 - Bumblebee Mattermost/span_Save' is clicked on

2019-12-28 14:25:11 - [TEST_STEP][PASSED] - click(findTestObject("Object Repository/7_Account_Settings/Edit_Full_Name/Page_1HDHFClGY4 - Bumblebee Mattermost/span_")): Object: 'Object Repository/7_Account_Settings/Edit_Full_Name/Page_1HDHFClGY4 - Bumblebee Mattermost/span_' is clicked on

2019-12-28 14:25:11 - [MESSAGE][PASSED] - Object: 'Object Repository/7_Account_Settings/Edit_Full_Name/Page_1HDHFClGY4 - Bumblebee Mattermost/span_' is clicked on

2019-12-28 14:25:11 - [TEST_STEP][NOT_RUN] - closeBrowser(): NOT_RUN: closeBrowser()

2019-12-28 14:25:11 - [MESSAGE][NOT_RUN] - NOT_RUN: closeBrowser()]]></system-out>
         <system-err><![CDATA[]]></system-err>
      </testcase>
      <testcase name="Test Cases/7_Account_Settings/Edit_Full_Name" time="10.13" classname="Test Cases/7_Account_Settings/Edit_Full_Name" status="PASSED">
         <system-out><![CDATA[2019-12-28 14:25:11 - [TEST_CASE][PASSED] - Test Cases/7_Account_Settings/Edit_Full_Name: Test Cases/7_Account_Settings/Edit_Full_Name

2019-12-28 14:25:11 - [TEST_STEP][PASSED] - openBrowser(""): Browser is opened with url: ''

2019-12-28 14:25:11 - [MESSAGE][WARNING] - A browser is already opened. Closing browser and opening a new one

2019-12-28 14:25:12 - [MESSAGE][INFO] - Starting 'Edge' driver

2019-12-28 14:25:14 - [MESSAGE][PASSED] - Browser is opened with url: ''

2019-12-28 14:25:14 - [TEST_STEP][PASSED] - navigateToUrl("https://mattermost-duo-test-yen.herokuapp.com/bumblebee/channels/1hdhfclgy4"): Navigate to 'https://mattermost-duo-test-yen.herokuapp.com/bumblebee/channels/1hdhfclgy4' successfully

2019-12-28 14:25:16 - [MESSAGE][PASSED] - Navigate to 'https://mattermost-duo-test-yen.herokuapp.com/bumblebee/channels/1hdhfclgy4' successfully

2019-12-28 14:25:16 - [TEST_STEP][PASSED] - click(findTestObject("Object Repository/7_Account_Settings/Edit_Full_Name/Page_1HDHFClGY4 - Bumblebee Mattermost/svg")): Object: 'Object Repository/7_Account_Settings/Edit_Full_Name/Page_1HDHFClGY4 - Bumblebee Mattermost/svg' is clicked on

2019-12-28 14:25:19 - [MESSAGE][PASSED] - Object: 'Object Repository/7_Account_Settings/Edit_Full_Name/Page_1HDHFClGY4 - Bumblebee Mattermost/svg' is clicked on

2019-12-28 14:25:19 - [TEST_STEP][PASSED] - click(findTestObject("Object Repository/7_Account_Settings/Edit_Full_Name/Page_1HDHFClGY4 - Bumblebee Mattermost/button_Account Settings")): Object: 'Object Repository/7_Account_Settings/Edit_Full_Name/Page_1HDHFClGY4 - Bumblebee Mattermost/button_Account Settings' is clicked on

2019-12-28 14:25:20 - [MESSAGE][PASSED] - Object: 'Object Repository/7_Account_Settings/Edit_Full_Name/Page_1HDHFClGY4 - Bumblebee Mattermost/button_Account Settings' is clicked on

2019-12-28 14:25:20 - [TEST_STEP][PASSED] - click(findTestObject("Object Repository/7_Account_Settings/Edit_Full_Name/Page_1HDHFClGY4 - Bumblebee Mattermost/span_Edit")): Object: 'Object Repository/7_Account_Settings/Edit_Full_Name/Page_1HDHFClGY4 - Bumblebee Mattermost/span_Edit' is clicked on

2019-12-28 14:25:20 - [MESSAGE][PASSED] - Object: 'Object Repository/7_Account_Settings/Edit_Full_Name/Page_1HDHFClGY4 - Bumblebee Mattermost/span_Edit' is clicked on

2019-12-28 14:25:20 - [TEST_STEP][PASSED] - setText(findTestObject("Object Repository/7_Account_Settings/Edit_Full_Name/Page_1HDHFClGY4 - Bumblebee Mattermost/input_First Name_firstName"), First_name): Text 'Arlie' is set on object 'Object Repository/7_Account_Settings/Edit_Full_Name/Page_1HDHFClGY4 - Bumblebee Mattermost/input_First Name_firstName'

2019-12-28 14:25:21 - [MESSAGE][PASSED] - Text 'Arlie' is set on object 'Object Repository/7_Account_Settings/Edit_Full_Name/Page_1HDHFClGY4 - Bumblebee Mattermost/input_First Name_firstName'

2019-12-28 14:25:21 - [TEST_STEP][PASSED] - setText(findTestObject("Object Repository/7_Account_Settings/Edit_Full_Name/Page_1HDHFClGY4 - Bumblebee Mattermost/input_Last Name_lastName"), Last_name): Text 'Armadillo' is set on object 'Object Repository/7_Account_Settings/Edit_Full_Name/Page_1HDHFClGY4 - Bumblebee Mattermost/input_Last Name_lastName'

2019-12-28 14:25:21 - [MESSAGE][PASSED] - Text 'Armadillo' is set on object 'Object Repository/7_Account_Settings/Edit_Full_Name/Page_1HDHFClGY4 - Bumblebee Mattermost/input_Last Name_lastName'

2019-12-28 14:25:21 - [TEST_STEP][PASSED] - click(findTestObject("Object Repository/7_Account_Settings/Edit_Full_Name/Page_1HDHFClGY4 - Bumblebee Mattermost/span_Save")): Object: 'Object Repository/7_Account_Settings/Edit_Full_Name/Page_1HDHFClGY4 - Bumblebee Mattermost/span_Save' is clicked on

2019-12-28 14:25:21 - [MESSAGE][PASSED] - Object: 'Object Repository/7_Account_Settings/Edit_Full_Name/Page_1HDHFClGY4 - Bumblebee Mattermost/span_Save' is clicked on

2019-12-28 14:25:21 - [TEST_STEP][PASSED] - click(findTestObject("Object Repository/7_Account_Settings/Edit_Full_Name/Page_1HDHFClGY4 - Bumblebee Mattermost/span_")): Object: 'Object Repository/7_Account_Settings/Edit_Full_Name/Page_1HDHFClGY4 - Bumblebee Mattermost/span_' is clicked on

2019-12-28 14:25:21 - [MESSAGE][PASSED] - Object: 'Object Repository/7_Account_Settings/Edit_Full_Name/Page_1HDHFClGY4 - Bumblebee Mattermost/span_' is clicked on

2019-12-28 14:25:21 - [TEST_STEP][NOT_RUN] - closeBrowser(): NOT_RUN: closeBrowser()

2019-12-28 14:25:21 - [MESSAGE][NOT_RUN] - NOT_RUN: closeBrowser()]]></system-out>
         <system-err><![CDATA[]]></system-err>
      </testcase>
      <testcase name="Test Cases/7_Account_Settings/Edit_Full_Name" time="11.388" classname="Test Cases/7_Account_Settings/Edit_Full_Name" status="PASSED">
         <system-out><![CDATA[2019-12-28 14:25:21 - [TEST_CASE][PASSED] - Test Cases/7_Account_Settings/Edit_Full_Name: Test Cases/7_Account_Settings/Edit_Full_Name

2019-12-28 14:25:21 - [TEST_STEP][PASSED] - openBrowser(""): Browser is opened with url: ''

2019-12-28 14:25:21 - [MESSAGE][WARNING] - A browser is already opened. Closing browser and opening a new one

2019-12-28 14:25:22 - [MESSAGE][INFO] - Starting 'Edge' driver

2019-12-28 14:25:24 - [MESSAGE][PASSED] - Browser is opened with url: ''

2019-12-28 14:25:24 - [TEST_STEP][PASSED] - navigateToUrl("https://mattermost-duo-test-yen.herokuapp.com/bumblebee/channels/1hdhfclgy4"): Navigate to 'https://mattermost-duo-test-yen.herokuapp.com/bumblebee/channels/1hdhfclgy4' successfully

2019-12-28 14:25:26 - [MESSAGE][PASSED] - Navigate to 'https://mattermost-duo-test-yen.herokuapp.com/bumblebee/channels/1hdhfclgy4' successfully

2019-12-28 14:25:26 - [TEST_STEP][PASSED] - click(findTestObject("Object Repository/7_Account_Settings/Edit_Full_Name/Page_1HDHFClGY4 - Bumblebee Mattermost/svg")): Object: 'Object Repository/7_Account_Settings/Edit_Full_Name/Page_1HDHFClGY4 - Bumblebee Mattermost/svg' is clicked on

2019-12-28 14:25:29 - [MESSAGE][PASSED] - Object: 'Object Repository/7_Account_Settings/Edit_Full_Name/Page_1HDHFClGY4 - Bumblebee Mattermost/svg' is clicked on

2019-12-28 14:25:29 - [TEST_STEP][PASSED] - click(findTestObject("Object Repository/7_Account_Settings/Edit_Full_Name/Page_1HDHFClGY4 - Bumblebee Mattermost/button_Account Settings")): Object: 'Object Repository/7_Account_Settings/Edit_Full_Name/Page_1HDHFClGY4 - Bumblebee Mattermost/button_Account Settings' is clicked on

2019-12-28 14:25:29 - [MESSAGE][PASSED] - Object: 'Object Repository/7_Account_Settings/Edit_Full_Name/Page_1HDHFClGY4 - Bumblebee Mattermost/button_Account Settings' is clicked on

2019-12-28 14:25:29 - [TEST_STEP][PASSED] - click(findTestObject("Object Repository/7_Account_Settings/Edit_Full_Name/Page_1HDHFClGY4 - Bumblebee Mattermost/span_Edit")): Object: 'Object Repository/7_Account_Settings/Edit_Full_Name/Page_1HDHFClGY4 - Bumblebee Mattermost/span_Edit' is clicked on

2019-12-28 14:25:31 - [MESSAGE][PASSED] - Object: 'Object Repository/7_Account_Settings/Edit_Full_Name/Page_1HDHFClGY4 - Bumblebee Mattermost/span_Edit' is clicked on

2019-12-28 14:25:31 - [TEST_STEP][PASSED] - setText(findTestObject("Object Repository/7_Account_Settings/Edit_Full_Name/Page_1HDHFClGY4 - Bumblebee Mattermost/input_First Name_firstName"), First_name): Text 'Henry' is set on object 'Object Repository/7_Account_Settings/Edit_Full_Name/Page_1HDHFClGY4 - Bumblebee Mattermost/input_First Name_firstName'

2019-12-28 14:25:31 - [MESSAGE][PASSED] - Text 'Henry' is set on object 'Object Repository/7_Account_Settings/Edit_Full_Name/Page_1HDHFClGY4 - Bumblebee Mattermost/input_First Name_firstName'

2019-12-28 14:25:31 - [TEST_STEP][PASSED] - setText(findTestObject("Object Repository/7_Account_Settings/Edit_Full_Name/Page_1HDHFClGY4 - Bumblebee Mattermost/input_Last Name_lastName"), Last_name): Text 'Hippo' is set on object 'Object Repository/7_Account_Settings/Edit_Full_Name/Page_1HDHFClGY4 - Bumblebee Mattermost/input_Last Name_lastName'

2019-12-28 14:25:31 - [MESSAGE][PASSED] - Text 'Hippo' is set on object 'Object Repository/7_Account_Settings/Edit_Full_Name/Page_1HDHFClGY4 - Bumblebee Mattermost/input_Last Name_lastName'

2019-12-28 14:25:31 - [TEST_STEP][PASSED] - click(findTestObject("Object Repository/7_Account_Settings/Edit_Full_Name/Page_1HDHFClGY4 - Bumblebee Mattermost/span_Save")): Object: 'Object Repository/7_Account_Settings/Edit_Full_Name/Page_1HDHFClGY4 - Bumblebee Mattermost/span_Save' is clicked on

2019-12-28 14:25:32 - [MESSAGE][PASSED] - Object: 'Object Repository/7_Account_Settings/Edit_Full_Name/Page_1HDHFClGY4 - Bumblebee Mattermost/span_Save' is clicked on

2019-12-28 14:25:32 - [TEST_STEP][PASSED] - click(findTestObject("Object Repository/7_Account_Settings/Edit_Full_Name/Page_1HDHFClGY4 - Bumblebee Mattermost/span_")): Object: 'Object Repository/7_Account_Settings/Edit_Full_Name/Page_1HDHFClGY4 - Bumblebee Mattermost/span_' is clicked on

2019-12-28 14:25:32 - [MESSAGE][PASSED] - Object: 'Object Repository/7_Account_Settings/Edit_Full_Name/Page_1HDHFClGY4 - Bumblebee Mattermost/span_' is clicked on

2019-12-28 14:25:32 - [TEST_STEP][NOT_RUN] - closeBrowser(): NOT_RUN: closeBrowser()

2019-12-28 14:25:32 - [MESSAGE][NOT_RUN] - NOT_RUN: closeBrowser()]]></system-out>
         <system-err><![CDATA[]]></system-err>
      </testcase>
      <system-out><![CDATA[2019-12-28 14:24:41 - [TEST_SUITE][PASSED] - Run_all_test_cases: Test Cases/7_Account_Settings/Edit_Full_Name]]></system-out>
      <system-err><![CDATA[]]></system-err>
   </testsuite>
</testsuites>
