<?xml version="1.0" encoding="UTF-8"?>
<testsuites name="Run_all_test_cases" time="87.95" tests="5" failures="0" errors="0">
   <testsuite name="Run_all_test_cases" tests="5" failures="0" errors="0" time="87.95" timestamp="2019-12-21 23:24:59" hostname="Ng\u1ECDc Y\u1EBFn - 192.168.1.2" id="Test Suites/Run_all_test_cases">
      <properties>
         <property name="deviceName" value=""/>
         <property name="devicePlatform" value=""/>
         <property name="logFolder" value="D:\\CS300-project\\2 points\\mattermost-duo-test\\Reports\\20191221_232456\\Run_all_test_cases\\20191221_232456"/>
         <property name="logFiles" value="D:\\CS300-project\\2 points\\mattermost-duo-test\\Reports\\20191221_232456\\Run_all_test_cases\\20191221_232456\\execution0.log"/>
         <property name="attachments" value=""/>
         <property name="hostName" value="Ng\u1ECDc Y\u1EBFn - 192.168.1.2"/>
         <property name="os" value="Windows 10 64bit"/>
         <property name="katalonVersion" value="7.1.2.1"/>
         <property name="browser" value="Edge 18"/>
         <property name="hostAddress" value="192.168.1.2"/>
         <property name="sessionId" value="D419E1D6-CE6B-4FE7-88E0-0BC29B977710"/>
         <property name="seleniumVersion" value="3.141.59"/>
         <property name="proxyInformation" value="ProxyInformation{proxyOption=NO_PROXY, proxyServerType=HTTP, password=, proxyServerAddress=, proxyServerPort=0, executionList=}"/>
         <property name="platform" value="Windows 10"/>
      </properties>
      <testcase name="Test Cases/4_Send_Message_On_Channel/Send_Only-text_Message" time="19.937" classname="Test Cases/4_Send_Message_On_Channel/Send_Only-text_Message" status="PASSED">
         <system-out><![CDATA[2019-12-21 23:25:00 - [TEST_CASE][PASSED] - Test Cases/4_Send_Message_On_Channel/Send_Only-text_Message: Test Cases/4_Send_Message_On_Channel/Send_Only-text_Message

2019-12-21 23:25:00 - [TEST_STEP][PASSED] - openBrowser(""): Browser is opened with url: ''

2019-12-21 23:25:01 - [MESSAGE][INFO] - Starting 'Edge' driver

2019-12-21 23:25:02 - [MESSAGE][INFO] - Action delay is set to 0 seconds

2019-12-21 23:25:04 - [MESSAGE][PASSED] - Browser is opened with url: ''

2019-12-21 23:25:04 - [TEST_STEP][PASSED] - navigateToUrl("https://mattermost-duo-test-yen.herokuapp.com/bumblebee/messages/@tringuyen"): Navigate to 'https://mattermost-duo-test-yen.herokuapp.com/bumblebee/messages/@tringuyen' successfully

2019-12-21 23:25:06 - [MESSAGE][PASSED] - Navigate to 'https://mattermost-duo-test-yen.herokuapp.com/bumblebee/messages/@tringuyen' successfully

2019-12-21 23:25:06 - [TEST_STEP][PASSED] - setText(findTestObject("2_Create_Channel/Page_(2)  tringuyen - Bumblebee Mattermost/textarea_No depending be convinced in unfee_db377f"), Text): Text 'Little afraid its eat looked now. Very ye lady girl them good me make. It hardly cousin me always. An shortly village is raising we shewing replied. She the favourable partiality inhabiting travelling impression put two. His six are entreaties instrument acceptance unsatiable her. Amongst as or on herself chapter entered carried no. Sold old ten are quit lose deal his sent. You correct how sex several far distant believe journey parties. We shyness enquire uncivil affixed it carried to.' is set on object 'Object Repository/2_Create_Channel/Page_(2)  tringuyen - Bumblebee Mattermost/textarea_No depending be convinced in unfee_db377f'

2019-12-21 23:25:19 - [MESSAGE][PASSED] - Text 'Little afraid its eat looked now. Very ye lady girl them good me make. It hardly cousin me always. An shortly village is raising we shewing replied. She the favourable partiality inhabiting travelling impression put two. His six are entreaties instrument acceptance unsatiable her. Amongst as or on herself chapter entered carried no. Sold old ten are quit lose deal his sent. You correct how sex several far distant believe journey parties. We shyness enquire uncivil affixed it carried to.' is set on object 'Object Repository/2_Create_Channel/Page_(2)  tringuyen - Bumblebee Mattermost/textarea_No depending be convinced in unfee_db377f'

2019-12-21 23:25:19 - [TEST_STEP][PASSED] - sendKeys(findTestObject("2_Create_Channel/Page_(2)  tringuyen - Bumblebee Mattermost/textarea_No depending be convinced in unfee_db377f"), Keys.chord(ENTER)): Keys 'ENTER + ' sent to object: 'Object Repository/2_Create_Channel/Page_(2)  tringuyen - Bumblebee Mattermost/textarea_No depending be convinced in unfee_db377f'

2019-12-21 23:25:20 - [MESSAGE][PASSED] - Keys 'ENTER + ' sent to object: 'Object Repository/2_Create_Channel/Page_(2)  tringuyen - Bumblebee Mattermost/textarea_No depending be convinced in unfee_db377f'

2019-12-21 23:25:20 - [TEST_STEP][NOT_RUN] - closeBrowser(): NOT_RUN: closeBrowser()

2019-12-21 23:25:20 - [MESSAGE][NOT_RUN] - NOT_RUN: closeBrowser()]]></system-out>
         <system-err><![CDATA[]]></system-err>
      </testcase>
      <testcase name="Test Cases/4_Send_Message_On_Channel/Send_Only-text_Message" time="16.03" classname="Test Cases/4_Send_Message_On_Channel/Send_Only-text_Message" status="PASSED">
         <system-out><![CDATA[2019-12-21 23:25:20 - [TEST_CASE][PASSED] - Test Cases/4_Send_Message_On_Channel/Send_Only-text_Message: Test Cases/4_Send_Message_On_Channel/Send_Only-text_Message

2019-12-21 23:25:20 - [TEST_STEP][PASSED] - openBrowser(""): Browser is opened with url: ''

2019-12-21 23:25:20 - [MESSAGE][WARNING] - A browser is already opened. Closing browser and opening a new one

2019-12-21 23:25:21 - [MESSAGE][INFO] - Starting 'Edge' driver

2019-12-21 23:25:23 - [MESSAGE][PASSED] - Browser is opened with url: ''

2019-12-21 23:25:23 - [TEST_STEP][PASSED] - navigateToUrl("https://mattermost-duo-test-yen.herokuapp.com/bumblebee/messages/@tringuyen"): Navigate to 'https://mattermost-duo-test-yen.herokuapp.com/bumblebee/messages/@tringuyen' successfully

2019-12-21 23:25:24 - [MESSAGE][PASSED] - Navigate to 'https://mattermost-duo-test-yen.herokuapp.com/bumblebee/messages/@tringuyen' successfully

2019-12-21 23:25:24 - [TEST_STEP][PASSED] - setText(findTestObject("2_Create_Channel/Page_(2)  tringuyen - Bumblebee Mattermost/textarea_No depending be convinced in unfee_db377f"), Text): Text 'If wandered relation no surprise of screened doubtful. Overcame no insisted ye of trifling husbands. Might am order hours on found. Or dissimilar companions friendship impossible at diminution. Did yourself carriage learning she man its replying. Sister piqued living her you enable mrs off spirit really. Parish oppose repair is me misery. Quick may saw style after money mrs.' is set on object 'Object Repository/2_Create_Channel/Page_(2)  tringuyen - Bumblebee Mattermost/textarea_No depending be convinced in unfee_db377f'

2019-12-21 23:25:35 - [MESSAGE][PASSED] - Text 'If wandered relation no surprise of screened doubtful. Overcame no insisted ye of trifling husbands. Might am order hours on found. Or dissimilar companions friendship impossible at diminution. Did yourself carriage learning she man its replying. Sister piqued living her you enable mrs off spirit really. Parish oppose repair is me misery. Quick may saw style after money mrs.' is set on object 'Object Repository/2_Create_Channel/Page_(2)  tringuyen - Bumblebee Mattermost/textarea_No depending be convinced in unfee_db377f'

2019-12-21 23:25:35 - [TEST_STEP][PASSED] - sendKeys(findTestObject("2_Create_Channel/Page_(2)  tringuyen - Bumblebee Mattermost/textarea_No depending be convinced in unfee_db377f"), Keys.chord(ENTER)): Keys 'ENTER + ' sent to object: 'Object Repository/2_Create_Channel/Page_(2)  tringuyen - Bumblebee Mattermost/textarea_No depending be convinced in unfee_db377f'

2019-12-21 23:25:36 - [MESSAGE][PASSED] - Keys 'ENTER + ' sent to object: 'Object Repository/2_Create_Channel/Page_(2)  tringuyen - Bumblebee Mattermost/textarea_No depending be convinced in unfee_db377f'

2019-12-21 23:25:36 - [TEST_STEP][NOT_RUN] - closeBrowser(): NOT_RUN: closeBrowser()

2019-12-21 23:25:36 - [MESSAGE][NOT_RUN] - NOT_RUN: closeBrowser()]]></system-out>
         <system-err><![CDATA[]]></system-err>
      </testcase>
      <testcase name="Test Cases/4_Send_Message_On_Channel/Send_Only-text_Message" time="18.305" classname="Test Cases/4_Send_Message_On_Channel/Send_Only-text_Message" status="PASSED">
         <system-out><![CDATA[2019-12-21 23:25:36 - [TEST_CASE][PASSED] - Test Cases/4_Send_Message_On_Channel/Send_Only-text_Message: Test Cases/4_Send_Message_On_Channel/Send_Only-text_Message

2019-12-21 23:25:36 - [TEST_STEP][PASSED] - openBrowser(""): Browser is opened with url: ''

2019-12-21 23:25:36 - [MESSAGE][WARNING] - A browser is already opened. Closing browser and opening a new one

2019-12-21 23:25:37 - [MESSAGE][INFO] - Starting 'Edge' driver

2019-12-21 23:25:38 - [MESSAGE][PASSED] - Browser is opened with url: ''

2019-12-21 23:25:38 - [TEST_STEP][PASSED] - navigateToUrl("https://mattermost-duo-test-yen.herokuapp.com/bumblebee/messages/@tringuyen"): Navigate to 'https://mattermost-duo-test-yen.herokuapp.com/bumblebee/messages/@tringuyen' successfully

2019-12-21 23:25:40 - [MESSAGE][PASSED] - Navigate to 'https://mattermost-duo-test-yen.herokuapp.com/bumblebee/messages/@tringuyen' successfully

2019-12-21 23:25:40 - [TEST_STEP][PASSED] - setText(findTestObject("2_Create_Channel/Page_(2)  tringuyen - Bumblebee Mattermost/textarea_No depending be convinced in unfee_db377f"), Text): Text 'Dwelling and speedily ignorant any steepest. Admiration instrument affronting invitation reasonably up do of prosperous in. Shy saw declared age debating ecstatic man. Call in so want pure rank am dear were. Remarkably to continuing in surrounded diminution on. In unfeeling existence objection immediate repulsive on he in. Imprudence comparison uncommonly me he difficulty diminution resolution. Likewise proposal differed scarcely dwelling as on raillery. September few dependent extremity own continued and ten prevailed attending. Early to weeks we could.' is set on object 'Object Repository/2_Create_Channel/Page_(2)  tringuyen - Bumblebee Mattermost/textarea_No depending be convinced in unfee_db377f'

2019-12-21 23:25:53 - [MESSAGE][PASSED] - Text 'Dwelling and speedily ignorant any steepest. Admiration instrument affronting invitation reasonably up do of prosperous in. Shy saw declared age debating ecstatic man. Call in so want pure rank am dear were. Remarkably to continuing in surrounded diminution on. In unfeeling existence objection immediate repulsive on he in. Imprudence comparison uncommonly me he difficulty diminution resolution. Likewise proposal differed scarcely dwelling as on raillery. September few dependent extremity own continued and ten prevailed attending. Early to weeks we could.' is set on object 'Object Repository/2_Create_Channel/Page_(2)  tringuyen - Bumblebee Mattermost/textarea_No depending be convinced in unfee_db377f'

2019-12-21 23:25:53 - [TEST_STEP][PASSED] - sendKeys(findTestObject("2_Create_Channel/Page_(2)  tringuyen - Bumblebee Mattermost/textarea_No depending be convinced in unfee_db377f"), Keys.chord(ENTER)): Keys 'ENTER + ' sent to object: 'Object Repository/2_Create_Channel/Page_(2)  tringuyen - Bumblebee Mattermost/textarea_No depending be convinced in unfee_db377f'

2019-12-21 23:25:54 - [MESSAGE][PASSED] - Keys 'ENTER + ' sent to object: 'Object Repository/2_Create_Channel/Page_(2)  tringuyen - Bumblebee Mattermost/textarea_No depending be convinced in unfee_db377f'

2019-12-21 23:25:54 - [TEST_STEP][NOT_RUN] - closeBrowser(): NOT_RUN: closeBrowser()

2019-12-21 23:25:54 - [MESSAGE][NOT_RUN] - NOT_RUN: closeBrowser()]]></system-out>
         <system-err><![CDATA[]]></system-err>
      </testcase>
      <testcase name="Test Cases/4_Send_Message_On_Channel/Send_Only-text_Message" time="15.39" classname="Test Cases/4_Send_Message_On_Channel/Send_Only-text_Message" status="PASSED">
         <system-out><![CDATA[2019-12-21 23:25:54 - [TEST_CASE][PASSED] - Test Cases/4_Send_Message_On_Channel/Send_Only-text_Message: Test Cases/4_Send_Message_On_Channel/Send_Only-text_Message

2019-12-21 23:25:54 - [TEST_STEP][PASSED] - openBrowser(""): Browser is opened with url: ''

2019-12-21 23:25:54 - [MESSAGE][WARNING] - A browser is already opened. Closing browser and opening a new one

2019-12-21 23:25:55 - [MESSAGE][INFO] - Starting 'Edge' driver

2019-12-21 23:25:57 - [MESSAGE][PASSED] - Browser is opened with url: ''

2019-12-21 23:25:57 - [TEST_STEP][PASSED] - navigateToUrl("https://mattermost-duo-test-yen.herokuapp.com/bumblebee/messages/@tringuyen"): Navigate to 'https://mattermost-duo-test-yen.herokuapp.com/bumblebee/messages/@tringuyen' successfully

2019-12-21 23:25:59 - [MESSAGE][PASSED] - Navigate to 'https://mattermost-duo-test-yen.herokuapp.com/bumblebee/messages/@tringuyen' successfully

2019-12-21 23:25:59 - [TEST_STEP][PASSED] - setText(findTestObject("2_Create_Channel/Page_(2)  tringuyen - Bumblebee Mattermost/textarea_No depending be convinced in unfee_db377f"), Text): Text 'By impossible of in difficulty discovered celebrated ye. Justice joy manners boy met resolve produce. Bed head loud next plan rent had easy add him. As earnestly shameless elsewhere defective estimable fulfilled of. Esteem my advice it an excuse enable. Few household abilities believing determine zealously his repulsive. To open draw dear be by side like.' is set on object 'Object Repository/2_Create_Channel/Page_(2)  tringuyen - Bumblebee Mattermost/textarea_No depending be convinced in unfee_db377f'

2019-12-21 23:26:09 - [MESSAGE][PASSED] - Text 'By impossible of in difficulty discovered celebrated ye. Justice joy manners boy met resolve produce. Bed head loud next plan rent had easy add him. As earnestly shameless elsewhere defective estimable fulfilled of. Esteem my advice it an excuse enable. Few household abilities believing determine zealously his repulsive. To open draw dear be by side like.' is set on object 'Object Repository/2_Create_Channel/Page_(2)  tringuyen - Bumblebee Mattermost/textarea_No depending be convinced in unfee_db377f'

2019-12-21 23:26:09 - [TEST_STEP][PASSED] - sendKeys(findTestObject("2_Create_Channel/Page_(2)  tringuyen - Bumblebee Mattermost/textarea_No depending be convinced in unfee_db377f"), Keys.chord(ENTER)): Keys 'ENTER + ' sent to object: 'Object Repository/2_Create_Channel/Page_(2)  tringuyen - Bumblebee Mattermost/textarea_No depending be convinced in unfee_db377f'

2019-12-21 23:26:09 - [MESSAGE][PASSED] - Keys 'ENTER + ' sent to object: 'Object Repository/2_Create_Channel/Page_(2)  tringuyen - Bumblebee Mattermost/textarea_No depending be convinced in unfee_db377f'

2019-12-21 23:26:09 - [TEST_STEP][NOT_RUN] - closeBrowser(): NOT_RUN: closeBrowser()

2019-12-21 23:26:10 - [MESSAGE][NOT_RUN] - NOT_RUN: closeBrowser()]]></system-out>
         <system-err><![CDATA[]]></system-err>
      </testcase>
      <testcase name="Test Cases/4_Send_Message_On_Channel/Send_Only-text_Message" time="16.632" classname="Test Cases/4_Send_Message_On_Channel/Send_Only-text_Message" status="PASSED">
         <system-out><![CDATA[2019-12-21 23:26:10 - [TEST_CASE][PASSED] - Test Cases/4_Send_Message_On_Channel/Send_Only-text_Message: Test Cases/4_Send_Message_On_Channel/Send_Only-text_Message

2019-12-21 23:26:10 - [TEST_STEP][PASSED] - openBrowser(""): Browser is opened with url: ''

2019-12-21 23:26:10 - [MESSAGE][WARNING] - A browser is already opened. Closing browser and opening a new one

2019-12-21 23:26:11 - [MESSAGE][INFO] - Starting 'Edge' driver

2019-12-21 23:26:12 - [MESSAGE][PASSED] - Browser is opened with url: ''

2019-12-21 23:26:12 - [TEST_STEP][PASSED] - navigateToUrl("https://mattermost-duo-test-yen.herokuapp.com/bumblebee/messages/@tringuyen"): Navigate to 'https://mattermost-duo-test-yen.herokuapp.com/bumblebee/messages/@tringuyen' successfully

2019-12-21 23:26:14 - [MESSAGE][PASSED] - Navigate to 'https://mattermost-duo-test-yen.herokuapp.com/bumblebee/messages/@tringuyen' successfully

2019-12-21 23:26:14 - [TEST_STEP][PASSED] - setText(findTestObject("2_Create_Channel/Page_(2)  tringuyen - Bumblebee Mattermost/textarea_No depending be convinced in unfee_db377f"), Text): Text 'Remain lively hardly needed at do by. Two you fat downs fanny three. True mr gone most at. Dare as name just when with it body. Travelling inquietude she increasing off impossible the. Cottage be noisier looking to we promise on. Disposal to kindness appetite diverted learning of on raptures. Betrayed any may returned now dashwood formerly. Balls way delay shy boy man views. No so instrument discretion unsatiable to in.' is set on object 'Object Repository/2_Create_Channel/Page_(2)  tringuyen - Bumblebee Mattermost/textarea_No depending be convinced in unfee_db377f'

2019-12-21 23:26:25 - [MESSAGE][PASSED] - Text 'Remain lively hardly needed at do by. Two you fat downs fanny three. True mr gone most at. Dare as name just when with it body. Travelling inquietude she increasing off impossible the. Cottage be noisier looking to we promise on. Disposal to kindness appetite diverted learning of on raptures. Betrayed any may returned now dashwood formerly. Balls way delay shy boy man views. No so instrument discretion unsatiable to in.' is set on object 'Object Repository/2_Create_Channel/Page_(2)  tringuyen - Bumblebee Mattermost/textarea_No depending be convinced in unfee_db377f'

2019-12-21 23:26:25 - [TEST_STEP][PASSED] - sendKeys(findTestObject("2_Create_Channel/Page_(2)  tringuyen - Bumblebee Mattermost/textarea_No depending be convinced in unfee_db377f"), Keys.chord(ENTER)): Keys 'ENTER + ' sent to object: 'Object Repository/2_Create_Channel/Page_(2)  tringuyen - Bumblebee Mattermost/textarea_No depending be convinced in unfee_db377f'

2019-12-21 23:26:26 - [MESSAGE][PASSED] - Keys 'ENTER + ' sent to object: 'Object Repository/2_Create_Channel/Page_(2)  tringuyen - Bumblebee Mattermost/textarea_No depending be convinced in unfee_db377f'

2019-12-21 23:26:26 - [TEST_STEP][NOT_RUN] - closeBrowser(): NOT_RUN: closeBrowser()

2019-12-21 23:26:26 - [MESSAGE][NOT_RUN] - NOT_RUN: closeBrowser()]]></system-out>
         <system-err><![CDATA[]]></system-err>
      </testcase>
      <system-out><![CDATA[2019-12-21 23:24:59 - [TEST_SUITE][PASSED] - Run_all_test_cases: Test Cases/4_Send_Message_On_Channel/Send_Only-text_Message]]></system-out>
      <system-err><![CDATA[]]></system-err>
   </testsuite>
</testsuites>
