<?xml version="1.0" encoding="UTF-8"?>
<testsuites name="Run_all_test_cases" time="21.187" tests="2" failures="0" errors="0">
   <testsuite name="Run_all_test_cases" tests="2" failures="0" errors="0" time="21.187" timestamp="2019-12-28 20:01:42" hostname="NgocYen - 192.168.1.7" id="Test Suites/Run_all_test_cases">
      <properties>
         <property name="deviceName" value=""/>
         <property name="devicePlatform" value=""/>
         <property name="logFolder" value="D:\\CS300-project\\2 points\\mattermost-duo-test\\Reports\\20191228_200140\\Run_all_test_cases\\20191228_200140"/>
         <property name="logFiles" value="D:\\CS300-project\\2 points\\mattermost-duo-test\\Reports\\20191228_200140\\Run_all_test_cases\\20191228_200140\\execution0.log"/>
         <property name="attachments" value=""/>
         <property name="hostName" value="NgocYen - 192.168.1.7"/>
         <property name="os" value="Windows 10 64bit"/>
         <property name="katalonVersion" value="7.1.2.1"/>
         <property name="browser" value="Edge 17"/>
         <property name="hostAddress" value="192.168.1.7"/>
         <property name="sessionId" value="82BAB2A8-7A67-450C-9898-2CB57B3A0D59"/>
         <property name="seleniumVersion" value="3.141.59"/>
         <property name="proxyInformation" value="ProxyInformation{proxyOption=NO_PROXY, proxyServerType=HTTP, password=, proxyServerAddress=, proxyServerPort=0, executionList=}"/>
         <property name="platform" value="Windows 10"/>
      </properties>
      <testcase name="Test Cases/3_Edit_Channel/Add_New_Member_To_Channel" time="10.114" classname="Test Cases/3_Edit_Channel/Add_New_Member_To_Channel" status="PASSED">
         <system-out><![CDATA[2019-12-28 20:01:43 - [TEST_CASE][PASSED] - Test Cases/3_Edit_Channel/Add_New_Member_To_Channel: Test Cases/3_Edit_Channel/Add_New_Member_To_Channel

2019-12-28 20:01:44 - [TEST_STEP][PASSED] - openBrowser(""): Browser is opened with url: ''

2019-12-28 20:01:44 - [MESSAGE][INFO] - Starting 'Edge' driver

2019-12-28 20:01:45 - [MESSAGE][INFO] - Action delay is set to 0 seconds

2019-12-28 20:01:47 - [MESSAGE][PASSED] - Browser is opened with url: ''

2019-12-28 20:01:47 - [TEST_STEP][PASSED] - navigateToUrl("https://mattermost-duo-test-yen.herokuapp.com/bumblebee/channels/1hdhfclgy4"): Navigate to 'https://mattermost-duo-test-yen.herokuapp.com/bumblebee/channels/1hdhfclgy4' successfully

2019-12-28 20:01:49 - [MESSAGE][PASSED] - Navigate to 'https://mattermost-duo-test-yen.herokuapp.com/bumblebee/channels/1hdhfclgy4' successfully

2019-12-28 20:01:49 - [TEST_STEP][PASSED] - click(findTestObject("Object Repository/3_Edit_Channel/Add_New_Member_To_Channel/Page_(1)  1HDHFClGY4 - Bumblebee Mattermost/span_Invite others to this channel")): Object: 'Object Repository/3_Edit_Channel/Add_New_Member_To_Channel/Page_(1)  1HDHFClGY4 - Bumblebee Mattermost/span_Invite others to this channel' is clicked on

2019-12-28 20:01:52 - [MESSAGE][PASSED] - Object: 'Object Repository/3_Edit_Channel/Add_New_Member_To_Channel/Page_(1)  1HDHFClGY4 - Bumblebee Mattermost/span_Invite others to this channel' is clicked on

2019-12-28 20:01:52 - [TEST_STEP][PASSED] - click(findTestObject("Object Repository/3_Edit_Channel/Add_New_Member_To_Channel/Page_(1)  1HDHFClGY4 - Bumblebee Mattermost/div_thutran")): Object: 'Object Repository/3_Edit_Channel/Add_New_Member_To_Channel/Page_(1)  1HDHFClGY4 - Bumblebee Mattermost/div_thutran' is clicked on

2019-12-28 20:01:53 - [MESSAGE][PASSED] - Object: 'Object Repository/3_Edit_Channel/Add_New_Member_To_Channel/Page_(1)  1HDHFClGY4 - Bumblebee Mattermost/div_thutran' is clicked on

2019-12-28 20:01:53 - [TEST_STEP][PASSED] - click(findTestObject("Object Repository/3_Edit_Channel/Add_New_Member_To_Channel/Page_(1)  1HDHFClGY4 - Bumblebee Mattermost/button_Add")): Object: 'Object Repository/3_Edit_Channel/Add_New_Member_To_Channel/Page_(1)  1HDHFClGY4 - Bumblebee Mattermost/button_Add' is clicked on

2019-12-28 20:01:53 - [MESSAGE][PASSED] - Object: 'Object Repository/3_Edit_Channel/Add_New_Member_To_Channel/Page_(1)  1HDHFClGY4 - Bumblebee Mattermost/button_Add' is clicked on

2019-12-28 20:01:53 - [TEST_STEP][NOT_RUN] - closeBrowser(): NOT_RUN: closeBrowser()

2019-12-28 20:01:53 - [MESSAGE][NOT_RUN] - NOT_RUN: closeBrowser()]]></system-out>
         <system-err><![CDATA[]]></system-err>
      </testcase>
      <testcase name="Test Cases/3_Edit_Channel/Remove_Member_From_Channel" time="9.321" classname="Test Cases/3_Edit_Channel/Remove_Member_From_Channel" status="PASSED">
         <system-out><![CDATA[2019-12-28 20:01:53 - [TEST_CASE][PASSED] - Test Cases/3_Edit_Channel/Remove_Member_From_Channel: Test Cases/3_Edit_Channel/Remove_Member_From_Channel

2019-12-28 20:01:53 - [TEST_STEP][PASSED] - openBrowser(""): Browser is opened with url: ''

2019-12-28 20:01:53 - [MESSAGE][WARNING] - A browser is already opened. Closing browser and opening a new one

2019-12-28 20:01:54 - [MESSAGE][INFO] - Starting 'Edge' driver

2019-12-28 20:01:56 - [MESSAGE][PASSED] - Browser is opened with url: ''

2019-12-28 20:01:56 - [TEST_STEP][PASSED] - navigateToUrl("https://mattermost-duo-test-yen.herokuapp.com/bumblebee/channels/1hdhfclgy4"): Navigate to 'https://mattermost-duo-test-yen.herokuapp.com/bumblebee/channels/1hdhfclgy4' successfully

2019-12-28 20:01:58 - [MESSAGE][PASSED] - Navigate to 'https://mattermost-duo-test-yen.herokuapp.com/bumblebee/channels/1hdhfclgy4' successfully

2019-12-28 20:01:58 - [TEST_STEP][PASSED] - click(findTestObject("Object Repository/3_Edit_Channel/Remove_Member_From_Channel/Page_(1)  1HDHFClGY4 - Bumblebee Mattermost/div_2")): Object: 'Object Repository/3_Edit_Channel/Remove_Member_From_Channel/Page_(1)  1HDHFClGY4 - Bumblebee Mattermost/div_2' is clicked on

2019-12-28 20:02:00 - [MESSAGE][PASSED] - Object: 'Object Repository/3_Edit_Channel/Remove_Member_From_Channel/Page_(1)  1HDHFClGY4 - Bumblebee Mattermost/div_2' is clicked on

2019-12-28 20:02:00 - [TEST_STEP][PASSED] - click(findTestObject("Object Repository/3_Edit_Channel/Remove_Member_From_Channel/Page_(1)  1HDHFClGY4 - Bumblebee Mattermost/span_Manage Members")): Object: 'Object Repository/3_Edit_Channel/Remove_Member_From_Channel/Page_(1)  1HDHFClGY4 - Bumblebee Mattermost/span_Manage Members' is clicked on

2019-12-28 20:02:01 - [MESSAGE][PASSED] - Object: 'Object Repository/3_Edit_Channel/Remove_Member_From_Channel/Page_(1)  1HDHFClGY4 - Bumblebee Mattermost/span_Manage Members' is clicked on

2019-12-28 20:02:01 - [TEST_STEP][PASSED] - click(findTestObject("Object Repository/3_Edit_Channel/Remove_Member_From_Channel/Page_(1)  1HDHFClGY4 - Bumblebee Mattermost/span_Remove Member")): Object: 'Object Repository/3_Edit_Channel/Remove_Member_From_Channel/Page_(1)  1HDHFClGY4 - Bumblebee Mattermost/span_Remove Member' is clicked on

2019-12-28 20:02:02 - [MESSAGE][PASSED] - Object: 'Object Repository/3_Edit_Channel/Remove_Member_From_Channel/Page_(1)  1HDHFClGY4 - Bumblebee Mattermost/span_Remove Member' is clicked on

2019-12-28 20:02:02 - [TEST_STEP][NOT_RUN] - closeBrowser(): NOT_RUN: closeBrowser()

2019-12-28 20:02:02 - [MESSAGE][NOT_RUN] - NOT_RUN: closeBrowser()]]></system-out>
         <system-err><![CDATA[]]></system-err>
      </testcase>
      <system-out><![CDATA[2019-12-28 20:01:42 - [TEST_SUITE][PASSED] - Run_all_test_cases: Test Cases/3_Edit_Channel/Remove_Member_From_Channel]]></system-out>
      <system-err><![CDATA[]]></system-err>
   </testsuite>
</testsuites>
