<?xml version="1.0" encoding="UTF-8"?>
<testsuites name="Run_all_test_cases" time="2503.033" tests="55" failures="24" errors="0">
   <testsuite name="Run_all_test_cases" tests="55" failures="24" errors="0" time="2503.033" timestamp="2019-12-28 21:32:09" hostname="nguyentri - localhost" id="Test Suites/Run_all_test_cases">
      <properties>
         <property name="deviceName" value=""/>
         <property name="devicePlatform" value=""/>
         <property name="logFolder" value="/Users/nguyentri/Desktop/Learn/SoftwareEngineer/mattermost-duo-test/Reports/20191228_213202/Run_all_test_cases/20191228_213202"/>
         <property name="logFiles" value="/Users/nguyentri/Desktop/Learn/SoftwareEngineer/mattermost-duo-test/Reports/20191228_213202/Run_all_test_cases/20191228_213202/execution0.log"/>
         <property name="attachments" value="/Users/nguyentri/Desktop/Learn/SoftwareEngineer/mattermost-duo-test/Reports/20191228_213202/Run_all_test_cases/20191228_213202/1577543594243.png, /Users/nguyentri/Desktop/Learn/SoftwareEngineer/mattermost-duo-test/Reports/20191228_213202/Run_all_test_cases/20191228_213202/1577543684295.png, /Users/nguyentri/Desktop/Learn/SoftwareEngineer/mattermost-duo-test/Reports/20191228_213202/Run_all_test_cases/20191228_213202/1577543731556.png, /Users/nguyentri/Desktop/Learn/SoftwareEngineer/mattermost-duo-test/Reports/20191228_213202/Run_all_test_cases/20191228_213202/1577543778404.png, /Users/nguyentri/Desktop/Learn/SoftwareEngineer/mattermost-duo-test/Reports/20191228_213202/Run_all_test_cases/20191228_213202/1577543826398.png, /Users/nguyentri/Desktop/Learn/SoftwareEngineer/mattermost-duo-test/Reports/20191228_213202/Run_all_test_cases/20191228_213202/1577543874127.png, /Users/nguyentri/Desktop/Learn/SoftwareEngineer/mattermost-duo-test/Reports/20191228_213202/Run_all_test_cases/20191228_213202/1577543923999.png, /Users/nguyentri/Desktop/Learn/SoftwareEngineer/mattermost-duo-test/Reports/20191228_213202/Run_all_test_cases/20191228_213202/1577543974033.png, /Users/nguyentri/Desktop/Learn/SoftwareEngineer/mattermost-duo-test/Reports/20191228_213202/Run_all_test_cases/20191228_213202/1577544023387.png, /Users/nguyentri/Desktop/Learn/SoftwareEngineer/mattermost-duo-test/Reports/20191228_213202/Run_all_test_cases/20191228_213202/1577544074141.png, /Users/nguyentri/Desktop/Learn/SoftwareEngineer/mattermost-duo-test/Reports/20191228_213202/Run_all_test_cases/20191228_213202/1577544122060.png, /Users/nguyentri/Desktop/Learn/SoftwareEngineer/mattermost-duo-test/Reports/20191228_213202/Run_all_test_cases/20191228_213202/1577544168099.png, /Users/nguyentri/Desktop/Learn/SoftwareEngineer/mattermost-duo-test/Reports/20191228_213202/Run_all_test_cases/20191228_213202/1577544213475.png, /Users/nguyentri/Desktop/Learn/SoftwareEngineer/mattermost-duo-test/Reports/20191228_213202/Run_all_test_cases/20191228_213202/1577544258931.png, /Users/nguyentri/Desktop/Learn/SoftwareEngineer/mattermost-duo-test/Reports/20191228_213202/Run_all_test_cases/20191228_213202/1577544303837.png, /Users/nguyentri/Desktop/Learn/SoftwareEngineer/mattermost-duo-test/Reports/20191228_213202/Run_all_test_cases/20191228_213202/1577544350594.png, /Users/nguyentri/Desktop/Learn/SoftwareEngineer/mattermost-duo-test/Reports/20191228_213202/Run_all_test_cases/20191228_213202/1577544397088.png, /Users/nguyentri/Desktop/Learn/SoftwareEngineer/mattermost-duo-test/Reports/20191228_213202/Run_all_test_cases/20191228_213202/1577544444290.png, /Users/nguyentri/Desktop/Learn/SoftwareEngineer/mattermost-duo-test/Reports/20191228_213202/Run_all_test_cases/20191228_213202/1577544490368.png, /Users/nguyentri/Desktop/Learn/SoftwareEngineer/mattermost-duo-test/Reports/20191228_213202/Run_all_test_cases/20191228_213202/1577544537398.png, /Users/nguyentri/Desktop/Learn/SoftwareEngineer/mattermost-duo-test/Reports/20191228_213202/Run_all_test_cases/20191228_213202/1577544585333.png, /Users/nguyentri/Desktop/Learn/SoftwareEngineer/mattermost-duo-test/Reports/20191228_213202/Run_all_test_cases/20191228_213202/1577544728957.png, /Users/nguyentri/Desktop/Learn/SoftwareEngineer/mattermost-duo-test/Reports/20191228_213202/Run_all_test_cases/20191228_213202/1577544829211.png, /Users/nguyentri/Desktop/Learn/SoftwareEngineer/mattermost-duo-test/Reports/20191228_213202/Run_all_test_cases/20191228_213202/1577545058417.png"/>
         <property name="hostName" value="nguyentri - localhost"/>
         <property name="os" value="Mac OS X 64bit"/>
         <property name="katalonVersion" value="7.1.2.1"/>
         <property name="browser" value="Firefox 71.0"/>
         <property name="hostAddress" value="127.0.0.1"/>
         <property name="sessionId" value="6d1351fd-ba25-4741-a86b-3c9c7e330432"/>
         <property name="seleniumVersion" value="3.141.59"/>
         <property name="proxyInformation" value="ProxyInformation{proxyOption=NO_PROXY, proxyServerType=HTTP, password=, proxyServerAddress=, proxyServerPort=0, executionList=}"/>
         <property name="platform" value="Mac OS X"/>
      </properties>
      <testcase name="Test Cases/1_Create_Team/New_Team (success case)" time="16.018" classname="Test Cases/1_Create_Team/New_Team (success case)" status="PASSED">
         <system-out><![CDATA[2019-12-28 21:32:10 - [TEST_CASE][PASSED] - Test Cases/1_Create_Team/New_Team (success case): Test Cases/1_Create_Team/New_Team (success case)

2019-12-28 21:32:11 - [TEST_STEP][PASSED] - openBrowser(""): Browser is opened with url: ''

2019-12-28 21:32:15 - [MESSAGE][PASSED] - Browser is opened with url: ''

2019-12-28 21:32:15 - [TEST_STEP][PASSED] - navigateToUrl("http://localhost:8065/"): Navigate to 'http://localhost:8065/' successfully

2019-12-28 21:32:17 - [MESSAGE][PASSED] - Navigate to 'http://localhost:8065/' successfully

2019-12-28 21:32:17 - [TEST_STEP][PASSED] - click(findTestObject("Object Repository/1_Create_Team/Create_New_Team/Page_CS311 - Bumblebee Mattermost/div_")): Object: 'Object Repository/1_Create_Team/Create_New_Team/Page_CS311 - Bumblebee Mattermost/div_' is clicked on

2019-12-28 21:32:22 - [MESSAGE][PASSED] - Object: 'Object Repository/1_Create_Team/Create_New_Team/Page_CS311 - Bumblebee Mattermost/div_' is clicked on

2019-12-28 21:32:22 - [TEST_STEP][PASSED] - setText(findTestObject("Object Repository/1_Create_Team/Create_New_Team/Page_CS311 - Bumblebee Mattermost/input_Team Name_teamNameInput"), "New team 4"): Text 'New team 4' is set on object 'Object Repository/1_Create_Team/Create_New_Team/Page_CS311 - Bumblebee Mattermost/input_Team Name_teamNameInput'

2019-12-28 21:32:22 - [MESSAGE][PASSED] - Text 'New team 4' is set on object 'Object Repository/1_Create_Team/Create_New_Team/Page_CS311 - Bumblebee Mattermost/input_Team Name_teamNameInput'

2019-12-28 21:32:22 - [TEST_STEP][PASSED] - click(findTestObject("Object Repository/1_Create_Team/Create_New_Team/Page_CS311 - Bumblebee Mattermost/span_Next")): Object: 'Object Repository/1_Create_Team/Create_New_Team/Page_CS311 - Bumblebee Mattermost/span_Next' is clicked on

2019-12-28 21:32:23 - [MESSAGE][PASSED] - Object: 'Object Repository/1_Create_Team/Create_New_Team/Page_CS311 - Bumblebee Mattermost/span_Next' is clicked on

2019-12-28 21:32:23 - [TEST_STEP][PASSED] - click(findTestObject("Object Repository/1_Create_Team/Create_New_Team/Page_CS311 - Bumblebee Mattermost/span_Finish")): Object: 'Object Repository/1_Create_Team/Create_New_Team/Page_CS311 - Bumblebee Mattermost/span_Finish' is clicked on

2019-12-28 21:32:23 - [MESSAGE][PASSED] - Object: 'Object Repository/1_Create_Team/Create_New_Team/Page_CS311 - Bumblebee Mattermost/span_Finish' is clicked on

2019-12-28 21:32:23 - [TEST_STEP][PASSED] - delay(2): Delayed 2 second(s)

2019-12-28 21:32:26 - [MESSAGE][PASSED] - Delayed 2 second(s)

2019-12-28 21:32:26 - [TEST_STEP][NOT_RUN] - closeBrowser(): NOT_RUN: closeBrowser()

2019-12-28 21:32:26 - [MESSAGE][NOT_RUN] - NOT_RUN: closeBrowser()]]></system-out>
         <system-err><![CDATA[]]></system-err>
      </testcase>
      <testcase name="Test Cases/1_Create_Team/Empty_Name" time="48.455" classname="Test Cases/1_Create_Team/Empty_Name" status="FAILED">
         <failure type="FAILED" message="Test Cases/1_Create_Team/Empty_Name FAILED.
Reason:
com.kms.katalon.core.exception.StepFailedException: Unable to click on object 'Object Repository/1_Create_Team/span_Create a new team'
	at com.kms.katalon.core.webui.keyword.internal.WebUIKeywordMain.stepFailed(WebUIKeywordMain.groovy:64)
	at com.kms.katalon.core.webui.keyword.internal.WebUIKeywordMain.runKeyword(WebUIKeywordMain.groovy:26)
	at com.kms.katalon.core.webui.keyword.builtin.ClickKeyword.click(ClickKeyword.groovy:102)
	at com.kms.katalon.core.webui.keyword.builtin.ClickKeyword.execute(ClickKeyword.groovy:43)
	at com.kms.katalon.core.keyword.internal.KeywordExecutor.executeKeywordForPlatform(KeywordExecutor.groovy:72)
	at com.kms.katalon.core.webui.keyword.WebUiBuiltInKeywords.click(WebUiBuiltInKeywords.groovy:616)
	at com.kms.katalon.core.webui.keyword.WebUiBuiltInKeywords$click$1.call(Unknown Source)
	at Empty_Name.run(Empty_Name:23)
	at com.kms.katalon.core.main.ScriptEngine.run(ScriptEngine.java:194)
	at com.kms.katalon.core.main.ScriptEngine.runScriptAsRawText(ScriptEngine.java:119)
	at com.kms.katalon.core.main.TestCaseExecutor.runScript(TestCaseExecutor.java:337)
	at com.kms.katalon.core.main.TestCaseExecutor.doExecute(TestCaseExecutor.java:328)
	at com.kms.katalon.core.main.TestCaseExecutor.processExecutionPhase(TestCaseExecutor.java:307)
	at com.kms.katalon.core.main.TestCaseExecutor.accessMainPhase(TestCaseExecutor.java:299)
	at com.kms.katalon.core.main.TestCaseExecutor.execute(TestCaseExecutor.java:233)
	at com.kms.katalon.core.main.TestSuiteExecutor.accessTestCaseMainPhase(TestSuiteExecutor.java:169)
	at com.kms.katalon.core.main.TestSuiteExecutor.accessTestSuiteMainPhase(TestSuiteExecutor.java:142)
	at com.kms.katalon.core.main.TestSuiteExecutor.execute(TestSuiteExecutor.java:91)
	at com.kms.katalon.core.main.TestCaseMain.startTestSuite(TestCaseMain.java:157)
	at com.kms.katalon.core.main.TestCaseMain$startTestSuite$0.call(Unknown Source)
	at TempTestSuite1577543522490.run(TempTestSuite1577543522490.groovy:36)
Caused by: com.kms.katalon.core.webui.exception.WebElementNotFoundException: Web element with id: 'Object Repository/1_Create_Team/span_Create a new team' located by 'By.xpath: //a[@id='createNewTeamLink']/span' not found
	at com.kms.katalon.core.webui.common.WebUiCommonHelper.findWebElement(WebUiCommonHelper.java:1154)
	at com.kms.katalon.core.webui.keyword.internal.WebUIAbstractKeyword.findWebElement(WebUIAbstractKeyword.groovy:27)
	at com.kms.katalon.core.webui.keyword.internal.WebUIAbstractKeyword.findWebElement(WebUIAbstractKeyword.groovy:26)
	at com.kms.katalon.core.webui.keyword.builtin.ClickKeyword$_click_closure1.doCall(ClickKeyword.groovy:67)
	at com.kms.katalon.core.webui.keyword.builtin.ClickKeyword$_click_closure1.call(ClickKeyword.groovy)
	at com.kms.katalon.core.webui.keyword.internal.WebUIKeywordMain.runKeyword(WebUIKeywordMain.groovy:20)
	... 19 more
"/>
         <system-out><![CDATA[2019-12-28 21:32:26 - [TEST_CASE][FAILED] - Test Cases/1_Create_Team/Empty_Name: Test Cases/1_Create_Team/Empty_Name FAILED.
Reason:
com.kms.katalon.core.exception.StepFailedException: Unable to click on object 'Object Repository/1_Create_Team/span_Create a new team'
	at com.kms.katalon.core.webui.keyword.internal.WebUIKeywordMain.stepFailed(WebUIKeywordMain.groovy:64)
	at com.kms.katalon.core.webui.keyword.internal.WebUIKeywordMain.runKeyword(WebUIKeywordMain.groovy:26)
	at com.kms.katalon.core.webui.keyword.builtin.ClickKeyword.click(ClickKeyword.groovy:102)
	at com.kms.katalon.core.webui.keyword.builtin.ClickKeyword.execute(ClickKeyword.groovy:43)
	at com.kms.katalon.core.keyword.internal.KeywordExecutor.executeKeywordForPlatform(KeywordExecutor.groovy:72)
	at com.kms.katalon.core.webui.keyword.WebUiBuiltInKeywords.click(WebUiBuiltInKeywords.groovy:616)
	at com.kms.katalon.core.webui.keyword.WebUiBuiltInKeywords$click$1.call(Unknown Source)
	at Empty_Name.run(Empty_Name:23)
	at com.kms.katalon.core.main.ScriptEngine.run(ScriptEngine.java:194)
	at com.kms.katalon.core.main.ScriptEngine.runScriptAsRawText(ScriptEngine.java:119)
	at com.kms.katalon.core.main.TestCaseExecutor.runScript(TestCaseExecutor.java:337)
	at com.kms.katalon.core.main.TestCaseExecutor.doExecute(TestCaseExecutor.java:328)
	at com.kms.katalon.core.main.TestCaseExecutor.processExecutionPhase(TestCaseExecutor.java:307)
	at com.kms.katalon.core.main.TestCaseExecutor.accessMainPhase(TestCaseExecutor.java:299)
	at com.kms.katalon.core.main.TestCaseExecutor.execute(TestCaseExecutor.java:233)
	at com.kms.katalon.core.main.TestSuiteExecutor.accessTestCaseMainPhase(TestSuiteExecutor.java:169)
	at com.kms.katalon.core.main.TestSuiteExecutor.accessTestSuiteMainPhase(TestSuiteExecutor.java:142)
	at com.kms.katalon.core.main.TestSuiteExecutor.execute(TestSuiteExecutor.java:91)
	at com.kms.katalon.core.main.TestCaseMain.startTestSuite(TestCaseMain.java:157)
	at com.kms.katalon.core.main.TestCaseMain$startTestSuite$0.call(Unknown Source)
	at TempTestSuite1577543522490.run(TempTestSuite1577543522490.groovy:36)
Caused by: com.kms.katalon.core.webui.exception.WebElementNotFoundException: Web element with id: 'Object Repository/1_Create_Team/span_Create a new team' located by 'By.xpath: //a[@id='createNewTeamLink']/span' not found
	at com.kms.katalon.core.webui.common.WebUiCommonHelper.findWebElement(WebUiCommonHelper.java:1154)
	at com.kms.katalon.core.webui.keyword.internal.WebUIAbstractKeyword.findWebElement(WebUIAbstractKeyword.groovy:27)
	at com.kms.katalon.core.webui.keyword.internal.WebUIAbstractKeyword.findWebElement(WebUIAbstractKeyword.groovy:26)
	at com.kms.katalon.core.webui.keyword.builtin.ClickKeyword$_click_closure1.doCall(ClickKeyword.groovy:67)
	at com.kms.katalon.core.webui.keyword.builtin.ClickKeyword$_click_closure1.call(ClickKeyword.groovy)
	at com.kms.katalon.core.webui.keyword.internal.WebUIKeywordMain.runKeyword(WebUIKeywordMain.groovy:20)
	... 19 more


2019-12-28 21:32:26 - [TEST_STEP][PASSED] - openBrowser(""): Browser is opened with url: ''

2019-12-28 21:32:27 - [MESSAGE][PASSED] - Browser is opened with url: ''

2019-12-28 21:32:27 - [TEST_STEP][PASSED] - navigateToUrl("http://localhost:8065/"): Navigate to 'http://localhost:8065/' successfully

2019-12-28 21:32:28 - [MESSAGE][PASSED] - Navigate to 'http://localhost:8065/' successfully

2019-12-28 21:32:28 - [TEST_STEP][FAILED] - click(findTestObject("1_Create_Team/span_Create a new team")): Unable to click on object 'Object Repository/1_Create_Team/span_Create a new team' (Root cause: com.kms.katalon.core.exception.StepFailedException: Unable to click on object 'Object Repository/1_Create_Team/span_Create a new team'
	at com.kms.katalon.core.webui.keyword.internal.WebUIKeywordMain.stepFailed(WebUIKeywordMain.groovy:64)
	at com.kms.katalon.core.webui.keyword.internal.WebUIKeywordMain.runKeyword(WebUIKeywordMain.groovy:26)
	at com.kms.katalon.core.webui.keyword.builtin.ClickKeyword.click(ClickKeyword.groovy:102)
	at com.kms.katalon.core.webui.keyword.builtin.ClickKeyword.execute(ClickKeyword.groovy:43)
	at com.kms.katalon.core.keyword.internal.KeywordExecutor.executeKeywordForPlatform(KeywordExecutor.groovy:72)
	at com.kms.katalon.core.webui.keyword.WebUiBuiltInKeywords.click(WebUiBuiltInKeywords.groovy:616)
	at com.kms.katalon.core.webui.keyword.WebUiBuiltInKeywords$click$1.call(Unknown Source)
	at Empty_Name.run(Empty_Name:23)
	at com.kms.katalon.core.main.ScriptEngine.run(ScriptEngine.java:194)
	at com.kms.katalon.core.main.ScriptEngine.runScriptAsRawText(ScriptEngine.java:119)
	at com.kms.katalon.core.main.TestCaseExecutor.runScript(TestCaseExecutor.java:337)
	at com.kms.katalon.core.main.TestCaseExecutor.doExecute(TestCaseExecutor.java:328)
	at com.kms.katalon.core.main.TestCaseExecutor.processExecutionPhase(TestCaseExecutor.java:307)
	at com.kms.katalon.core.main.TestCaseExecutor.accessMainPhase(TestCaseExecutor.java:299)
	at com.kms.katalon.core.main.TestCaseExecutor.execute(TestCaseExecutor.java:233)
	at com.kms.katalon.core.main.TestSuiteExecutor.accessTestCaseMainPhase(TestSuiteExecutor.java:169)
	at com.kms.katalon.core.main.TestSuiteExecutor.accessTestSuiteMainPhase(TestSuiteExecutor.java:142)
	at com.kms.katalon.core.main.TestSuiteExecutor.execute(TestSuiteExecutor.java:91)
	at com.kms.katalon.core.main.TestCaseMain.startTestSuite(TestCaseMain.java:157)
	at com.kms.katalon.core.main.TestCaseMain$startTestSuite$0.call(Unknown Source)
	at TempTestSuite1577543522490.run(TempTestSuite1577543522490.groovy:36)
Caused by: com.kms.katalon.core.webui.exception.WebElementNotFoundException: Web element with id: 'Object Repository/1_Create_Team/span_Create a new team' located by 'By.xpath: //a[@id='createNewTeamLink']/span' not found
	at com.kms.katalon.core.webui.common.WebUiCommonHelper.findWebElement(WebUiCommonHelper.java:1154)
	at com.kms.katalon.core.webui.keyword.internal.WebUIAbstractKeyword.findWebElement(WebUIAbstractKeyword.groovy:27)
	at com.kms.katalon.core.webui.keyword.internal.WebUIAbstractKeyword.findWebElement(WebUIAbstractKeyword.groovy:26)
	at com.kms.katalon.core.webui.keyword.builtin.ClickKeyword$_click_closure1.doCall(ClickKeyword.groovy:67)
	at com.kms.katalon.core.webui.keyword.builtin.ClickKeyword$_click_closure1.call(ClickKeyword.groovy)
	at com.kms.katalon.core.webui.keyword.internal.WebUIKeywordMain.runKeyword(WebUIKeywordMain.groovy:20)
	at com.kms.katalon.core.webui.keyword.builtin.ClickKeyword.click(ClickKeyword.groovy:102)
	at com.kms.katalon.core.webui.keyword.builtin.ClickKeyword.execute(ClickKeyword.groovy:43)
	at com.kms.katalon.core.keyword.internal.KeywordExecutor.executeKeywordForPlatform(KeywordExecutor.groovy:72)
	at com.kms.katalon.core.webui.keyword.WebUiBuiltInKeywords.click(WebUiBuiltInKeywords.groovy:616)
	at com.kms.katalon.core.webui.keyword.WebUiBuiltInKeywords$click$1.call(Unknown Source)
	at Script1576844842756.run(Script1576844842756.groovy:23)
	... 13 more
)

2019-12-28 21:33:12 - [MESSAGE][INFO] - Unable to find the element located by 'By.xpath: //a[@id='createNewTeamLink']/span'. Please recheck the objects properties to make sure the desired element is located. 

2019-12-28 21:33:12 - [MESSAGE][INFO] - [SMART_XPATH] Auto-trying out other XPath values in the test object.

2019-12-28 21:33:12 - [MESSAGE][INFO] - [SMART_XPATH] FAILED XPATH: '//a[@id='createNewTeamLink']/span'.

2019-12-28 21:33:13 - [MESSAGE][INFO] - [SMART_XPATH] FAILED XPATH: '(.//*[normalize-space(text()) and normalize-space(.)='No teams are available to join. Please create a new team or ask your administrator for an invite.'])[1]/following::span[1]'.

2019-12-28 21:33:13 - [MESSAGE][INFO] - [SMART_XPATH] FAILED XPATH: '(.//*[normalize-space(text()) and normalize-space(.)='Teams you can join:'])[1]/following::span[2]'.

2019-12-28 21:33:13 - [MESSAGE][INFO] - [SMART_XPATH] FAILED XPATH: '(.//*[normalize-space(text()) and normalize-space(.)='Go to System Console'])[1]/preceding::span[1]'.

2019-12-28 21:33:13 - [MESSAGE][INFO] - [SMART_XPATH] FAILED XPATH: '(.//*[normalize-space(text()) and normalize-space(.)='Mattermost'])[3]/preceding::span[2]'.

2019-12-28 21:33:13 - [MESSAGE][INFO] - [SMART_XPATH] FAILED XPATH: '//*/text()[normalize-space(.)='Create a new team']/parent::*'.

2019-12-28 21:33:14 - [MESSAGE][INFO] - [SMART_XPATH] FAILED XPATH: '//div[3]/div/div[2]/a/span'.

2019-12-28 21:33:14 - [MESSAGE][INFO] - [SMART_XPATH] No working XPath is found.

2019-12-28 21:33:14 - [MESSAGE][FAILED] - Unable to click on object 'Object Repository/1_Create_Team/span_Create a new team' (Root cause: com.kms.katalon.core.exception.StepFailedException: Unable to click on object 'Object Repository/1_Create_Team/span_Create a new team'
	at com.kms.katalon.core.webui.keyword.internal.WebUIKeywordMain.stepFailed(WebUIKeywordMain.groovy:64)
	at com.kms.katalon.core.webui.keyword.internal.WebUIKeywordMain.runKeyword(WebUIKeywordMain.groovy:26)
	at com.kms.katalon.core.webui.keyword.builtin.ClickKeyword.click(ClickKeyword.groovy:102)
	at com.kms.katalon.core.webui.keyword.builtin.ClickKeyword.execute(ClickKeyword.groovy:43)
	at com.kms.katalon.core.keyword.internal.KeywordExecutor.executeKeywordForPlatform(KeywordExecutor.groovy:72)
	at com.kms.katalon.core.webui.keyword.WebUiBuiltInKeywords.click(WebUiBuiltInKeywords.groovy:616)
	at com.kms.katalon.core.webui.keyword.WebUiBuiltInKeywords$click$1.call(Unknown Source)
	at Empty_Name.run(Empty_Name:23)
	at com.kms.katalon.core.main.ScriptEngine.run(ScriptEngine.java:194)
	at com.kms.katalon.core.main.ScriptEngine.runScriptAsRawText(ScriptEngine.java:119)
	at com.kms.katalon.core.main.TestCaseExecutor.runScript(TestCaseExecutor.java:337)
	at com.kms.katalon.core.main.TestCaseExecutor.doExecute(TestCaseExecutor.java:328)
	at com.kms.katalon.core.main.TestCaseExecutor.processExecutionPhase(TestCaseExecutor.java:307)
	at com.kms.katalon.core.main.TestCaseExecutor.accessMainPhase(TestCaseExecutor.java:299)
	at com.kms.katalon.core.main.TestCaseExecutor.execute(TestCaseExecutor.java:233)
	at com.kms.katalon.core.main.TestSuiteExecutor.accessTestCaseMainPhase(TestSuiteExecutor.java:169)
	at com.kms.katalon.core.main.TestSuiteExecutor.accessTestSuiteMainPhase(TestSuiteExecutor.java:142)
	at com.kms.katalon.core.main.TestSuiteExecutor.execute(TestSuiteExecutor.java:91)
	at com.kms.katalon.core.main.TestCaseMain.startTestSuite(TestCaseMain.java:157)
	at com.kms.katalon.core.main.TestCaseMain$startTestSuite$0.call(Unknown Source)
	at TempTestSuite1577543522490.run(TempTestSuite1577543522490.groovy:36)
Caused by: com.kms.katalon.core.webui.exception.WebElementNotFoundException: Web element with id: 'Object Repository/1_Create_Team/span_Create a new team' located by 'By.xpath: //a[@id='createNewTeamLink']/span' not found
	at com.kms.katalon.core.webui.common.WebUiCommonHelper.findWebElement(WebUiCommonHelper.java:1154)
	at com.kms.katalon.core.webui.keyword.internal.WebUIAbstractKeyword.findWebElement(WebUIAbstractKeyword.groovy:27)
	at com.kms.katalon.core.webui.keyword.internal.WebUIAbstractKeyword.findWebElement(WebUIAbstractKeyword.groovy:26)
	at com.kms.katalon.core.webui.keyword.builtin.ClickKeyword$_click_closure1.doCall(ClickKeyword.groovy:67)
	at com.kms.katalon.core.webui.keyword.builtin.ClickKeyword$_click_closure1.call(ClickKeyword.groovy)
	at com.kms.katalon.core.webui.keyword.internal.WebUIKeywordMain.runKeyword(WebUIKeywordMain.groovy:20)
	at com.kms.katalon.core.webui.keyword.builtin.ClickKeyword.click(ClickKeyword.groovy:102)
	at com.kms.katalon.core.webui.keyword.builtin.ClickKeyword.execute(ClickKeyword.groovy:43)
	at com.kms.katalon.core.keyword.internal.KeywordExecutor.executeKeywordForPlatform(KeywordExecutor.groovy:72)
	at com.kms.katalon.core.webui.keyword.WebUiBuiltInKeywords.click(WebUiBuiltInKeywords.groovy:616)
	at com.kms.katalon.core.webui.keyword.WebUiBuiltInKeywords$click$1.call(Unknown Source)
	at Script1576844842756.run(Script1576844842756.groovy:23)
	... 13 more
)
[[ATTACHMENT|/Users/nguyentri/Desktop/Learn/SoftwareEngineer/mattermost-duo-test/Reports/20191228_213202/Run_all_test_cases/20191228_213202/1577543594243.png]]]]></system-out>
         <system-err><![CDATA[2019-12-28 21:32:26 - [TEST_CASE][FAILED] - Test Cases/1_Create_Team/Empty_Name: Test Cases/1_Create_Team/Empty_Name FAILED.
Reason:
com.kms.katalon.core.exception.StepFailedException: Unable to click on object 'Object Repository/1_Create_Team/span_Create a new team'
	at com.kms.katalon.core.webui.keyword.internal.WebUIKeywordMain.stepFailed(WebUIKeywordMain.groovy:64)
	at com.kms.katalon.core.webui.keyword.internal.WebUIKeywordMain.runKeyword(WebUIKeywordMain.groovy:26)
	at com.kms.katalon.core.webui.keyword.builtin.ClickKeyword.click(ClickKeyword.groovy:102)
	at com.kms.katalon.core.webui.keyword.builtin.ClickKeyword.execute(ClickKeyword.groovy:43)
	at com.kms.katalon.core.keyword.internal.KeywordExecutor.executeKeywordForPlatform(KeywordExecutor.groovy:72)
	at com.kms.katalon.core.webui.keyword.WebUiBuiltInKeywords.click(WebUiBuiltInKeywords.groovy:616)
	at com.kms.katalon.core.webui.keyword.WebUiBuiltInKeywords$click$1.call(Unknown Source)
	at Empty_Name.run(Empty_Name:23)
	at com.kms.katalon.core.main.ScriptEngine.run(ScriptEngine.java:194)
	at com.kms.katalon.core.main.ScriptEngine.runScriptAsRawText(ScriptEngine.java:119)
	at com.kms.katalon.core.main.TestCaseExecutor.runScript(TestCaseExecutor.java:337)
	at com.kms.katalon.core.main.TestCaseExecutor.doExecute(TestCaseExecutor.java:328)
	at com.kms.katalon.core.main.TestCaseExecutor.processExecutionPhase(TestCaseExecutor.java:307)
	at com.kms.katalon.core.main.TestCaseExecutor.accessMainPhase(TestCaseExecutor.java:299)
	at com.kms.katalon.core.main.TestCaseExecutor.execute(TestCaseExecutor.java:233)
	at com.kms.katalon.core.main.TestSuiteExecutor.accessTestCaseMainPhase(TestSuiteExecutor.java:169)
	at com.kms.katalon.core.main.TestSuiteExecutor.accessTestSuiteMainPhase(TestSuiteExecutor.java:142)
	at com.kms.katalon.core.main.TestSuiteExecutor.execute(TestSuiteExecutor.java:91)
	at com.kms.katalon.core.main.TestCaseMain.startTestSuite(TestCaseMain.java:157)
	at com.kms.katalon.core.main.TestCaseMain$startTestSuite$0.call(Unknown Source)
	at TempTestSuite1577543522490.run(TempTestSuite1577543522490.groovy:36)
Caused by: com.kms.katalon.core.webui.exception.WebElementNotFoundException: Web element with id: 'Object Repository/1_Create_Team/span_Create a new team' located by 'By.xpath: //a[@id='createNewTeamLink']/span' not found
	at com.kms.katalon.core.webui.common.WebUiCommonHelper.findWebElement(WebUiCommonHelper.java:1154)
	at com.kms.katalon.core.webui.keyword.internal.WebUIAbstractKeyword.findWebElement(WebUIAbstractKeyword.groovy:27)
	at com.kms.katalon.core.webui.keyword.internal.WebUIAbstractKeyword.findWebElement(WebUIAbstractKeyword.groovy:26)
	at com.kms.katalon.core.webui.keyword.builtin.ClickKeyword$_click_closure1.doCall(ClickKeyword.groovy:67)
	at com.kms.katalon.core.webui.keyword.builtin.ClickKeyword$_click_closure1.call(ClickKeyword.groovy)
	at com.kms.katalon.core.webui.keyword.internal.WebUIKeywordMain.runKeyword(WebUIKeywordMain.groovy:20)
	... 19 more]]></system-err>
      </testcase>
      <testcase name="Test Cases/1_Create_Team/Existed_Team_Name" time="8.628" classname="Test Cases/1_Create_Team/Existed_Team_Name" status="PASSED">
         <system-out><![CDATA[2019-12-28 21:33:14 - [TEST_CASE][PASSED] - Test Cases/1_Create_Team/Existed_Team_Name: Test Cases/1_Create_Team/Existed_Team_Name

2019-12-28 21:33:15 - [TEST_STEP][PASSED] - openBrowser(""): Browser is opened with url: ''

2019-12-28 21:33:15 - [MESSAGE][PASSED] - Browser is opened with url: ''

2019-12-28 21:33:15 - [TEST_STEP][PASSED] - navigateToUrl("http://localhost:8065/"): Navigate to 'http://localhost:8065/' successfully

2019-12-28 21:33:17 - [MESSAGE][PASSED] - Navigate to 'http://localhost:8065/' successfully

2019-12-28 21:33:17 - [TEST_STEP][PASSED] - click(findTestObject("1_Create_Team/Existed_Team_Name/Page_CS420 - Bumblebee Mattermost/div_")): Object: 'Object Repository/1_Create_Team/Existed_Team_Name/Page_CS420 - Bumblebee Mattermost/div_' is clicked on

2019-12-28 21:33:20 - [MESSAGE][PASSED] - Object: 'Object Repository/1_Create_Team/Existed_Team_Name/Page_CS420 - Bumblebee Mattermost/div_' is clicked on

2019-12-28 21:33:20 - [TEST_STEP][PASSED] - setText(findTestObject("1_Create_Team/Existed_Team_Name/Page_CS420 - Bumblebee Mattermost/input_Team Name_teamNameInput"), existed_team_name): Text 'Bumblebee' is set on object 'Object Repository/1_Create_Team/Existed_Team_Name/Page_CS420 - Bumblebee Mattermost/input_Team Name_teamNameInput'

2019-12-28 21:33:21 - [MESSAGE][PASSED] - Text 'Bumblebee' is set on object 'Object Repository/1_Create_Team/Existed_Team_Name/Page_CS420 - Bumblebee Mattermost/input_Team Name_teamNameInput'

2019-12-28 21:33:21 - [TEST_STEP][PASSED] - click(findTestObject("1_Create_Team/Existed_Team_Name/Page_CS420 - Bumblebee Mattermost/span_Next")): Object: 'Object Repository/1_Create_Team/Existed_Team_Name/Page_CS420 - Bumblebee Mattermost/span_Next' is clicked on

2019-12-28 21:33:21 - [MESSAGE][PASSED] - Object: 'Object Repository/1_Create_Team/Existed_Team_Name/Page_CS420 - Bumblebee Mattermost/span_Next' is clicked on

2019-12-28 21:33:21 - [TEST_STEP][PASSED] - click(findTestObject("1_Create_Team/Existed_Team_Name/Page_CS420 - Bumblebee Mattermost/span_Finish")): Object: 'Object Repository/1_Create_Team/Existed_Team_Name/Page_CS420 - Bumblebee Mattermost/span_Finish' is clicked on

2019-12-28 21:33:22 - [MESSAGE][PASSED] - Object: 'Object Repository/1_Create_Team/Existed_Team_Name/Page_CS420 - Bumblebee Mattermost/span_Finish' is clicked on

2019-12-28 21:33:22 - [TEST_STEP][PASSED] - delay(1): Delayed 1 second(s)

2019-12-28 21:33:23 - [MESSAGE][PASSED] - Delayed 1 second(s)

2019-12-28 21:33:23 - [TEST_STEP][NOT_RUN] - closeBrowser(): NOT_RUN: closeBrowser()

2019-12-28 21:33:23 - [MESSAGE][NOT_RUN] - NOT_RUN: closeBrowser()]]></system-out>
         <system-err><![CDATA[]]></system-err>
      </testcase>
      <testcase name="Test Cases/1_Create_Team/Existed_Team_Name" time="6.837" classname="Test Cases/1_Create_Team/Existed_Team_Name" status="PASSED">
         <system-out><![CDATA[2019-12-28 21:33:23 - [TEST_CASE][PASSED] - Test Cases/1_Create_Team/Existed_Team_Name: Test Cases/1_Create_Team/Existed_Team_Name

2019-12-28 21:33:23 - [TEST_STEP][PASSED] - openBrowser(""): Browser is opened with url: ''

2019-12-28 21:33:23 - [MESSAGE][PASSED] - Browser is opened with url: ''

2019-12-28 21:33:23 - [TEST_STEP][PASSED] - navigateToUrl("http://localhost:8065/"): Navigate to 'http://localhost:8065/' successfully

2019-12-28 21:33:24 - [MESSAGE][PASSED] - Navigate to 'http://localhost:8065/' successfully

2019-12-28 21:33:24 - [TEST_STEP][PASSED] - click(findTestObject("1_Create_Team/Existed_Team_Name/Page_CS420 - Bumblebee Mattermost/div_")): Object: 'Object Repository/1_Create_Team/Existed_Team_Name/Page_CS420 - Bumblebee Mattermost/div_' is clicked on

2019-12-28 21:33:27 - [MESSAGE][PASSED] - Object: 'Object Repository/1_Create_Team/Existed_Team_Name/Page_CS420 - Bumblebee Mattermost/div_' is clicked on

2019-12-28 21:33:27 - [TEST_STEP][PASSED] - setText(findTestObject("1_Create_Team/Existed_Team_Name/Page_CS420 - Bumblebee Mattermost/input_Team Name_teamNameInput"), existed_team_name): Text 'CS311' is set on object 'Object Repository/1_Create_Team/Existed_Team_Name/Page_CS420 - Bumblebee Mattermost/input_Team Name_teamNameInput'

2019-12-28 21:33:28 - [MESSAGE][PASSED] - Text 'CS311' is set on object 'Object Repository/1_Create_Team/Existed_Team_Name/Page_CS420 - Bumblebee Mattermost/input_Team Name_teamNameInput'

2019-12-28 21:33:28 - [TEST_STEP][PASSED] - click(findTestObject("1_Create_Team/Existed_Team_Name/Page_CS420 - Bumblebee Mattermost/span_Next")): Object: 'Object Repository/1_Create_Team/Existed_Team_Name/Page_CS420 - Bumblebee Mattermost/span_Next' is clicked on

2019-12-28 21:33:28 - [MESSAGE][PASSED] - Object: 'Object Repository/1_Create_Team/Existed_Team_Name/Page_CS420 - Bumblebee Mattermost/span_Next' is clicked on

2019-12-28 21:33:28 - [TEST_STEP][PASSED] - click(findTestObject("1_Create_Team/Existed_Team_Name/Page_CS420 - Bumblebee Mattermost/span_Finish")): Object: 'Object Repository/1_Create_Team/Existed_Team_Name/Page_CS420 - Bumblebee Mattermost/span_Finish' is clicked on

2019-12-28 21:33:29 - [MESSAGE][PASSED] - Object: 'Object Repository/1_Create_Team/Existed_Team_Name/Page_CS420 - Bumblebee Mattermost/span_Finish' is clicked on

2019-12-28 21:33:29 - [TEST_STEP][PASSED] - delay(1): Delayed 1 second(s)

2019-12-28 21:33:30 - [MESSAGE][PASSED] - Delayed 1 second(s)

2019-12-28 21:33:30 - [TEST_STEP][NOT_RUN] - closeBrowser(): NOT_RUN: closeBrowser()

2019-12-28 21:33:30 - [MESSAGE][NOT_RUN] - NOT_RUN: closeBrowser()]]></system-out>
         <system-err><![CDATA[]]></system-err>
      </testcase>
      <testcase name="Test Cases/1_Create_Team/Existed_Team_Name" time="7.214" classname="Test Cases/1_Create_Team/Existed_Team_Name" status="PASSED">
         <system-out><![CDATA[2019-12-28 21:33:30 - [TEST_CASE][PASSED] - Test Cases/1_Create_Team/Existed_Team_Name: Test Cases/1_Create_Team/Existed_Team_Name

2019-12-28 21:33:30 - [TEST_STEP][PASSED] - openBrowser(""): Browser is opened with url: ''

2019-12-28 21:33:30 - [MESSAGE][PASSED] - Browser is opened with url: ''

2019-12-28 21:33:30 - [TEST_STEP][PASSED] - navigateToUrl("http://localhost:8065/"): Navigate to 'http://localhost:8065/' successfully

2019-12-28 21:33:31 - [MESSAGE][PASSED] - Navigate to 'http://localhost:8065/' successfully

2019-12-28 21:33:31 - [TEST_STEP][PASSED] - click(findTestObject("1_Create_Team/Existed_Team_Name/Page_CS420 - Bumblebee Mattermost/div_")): Object: 'Object Repository/1_Create_Team/Existed_Team_Name/Page_CS420 - Bumblebee Mattermost/div_' is clicked on

2019-12-28 21:33:34 - [MESSAGE][PASSED] - Object: 'Object Repository/1_Create_Team/Existed_Team_Name/Page_CS420 - Bumblebee Mattermost/div_' is clicked on

2019-12-28 21:33:34 - [TEST_STEP][PASSED] - setText(findTestObject("1_Create_Team/Existed_Team_Name/Page_CS420 - Bumblebee Mattermost/input_Team Name_teamNameInput"), existed_team_name): Text 'IlleniumAirCon' is set on object 'Object Repository/1_Create_Team/Existed_Team_Name/Page_CS420 - Bumblebee Mattermost/input_Team Name_teamNameInput'

2019-12-28 21:33:35 - [MESSAGE][PASSED] - Text 'IlleniumAirCon' is set on object 'Object Repository/1_Create_Team/Existed_Team_Name/Page_CS420 - Bumblebee Mattermost/input_Team Name_teamNameInput'

2019-12-28 21:33:35 - [TEST_STEP][PASSED] - click(findTestObject("1_Create_Team/Existed_Team_Name/Page_CS420 - Bumblebee Mattermost/span_Next")): Object: 'Object Repository/1_Create_Team/Existed_Team_Name/Page_CS420 - Bumblebee Mattermost/span_Next' is clicked on

2019-12-28 21:33:35 - [MESSAGE][PASSED] - Object: 'Object Repository/1_Create_Team/Existed_Team_Name/Page_CS420 - Bumblebee Mattermost/span_Next' is clicked on

2019-12-28 21:33:35 - [TEST_STEP][PASSED] - click(findTestObject("1_Create_Team/Existed_Team_Name/Page_CS420 - Bumblebee Mattermost/span_Finish")): Object: 'Object Repository/1_Create_Team/Existed_Team_Name/Page_CS420 - Bumblebee Mattermost/span_Finish' is clicked on

2019-12-28 21:33:36 - [MESSAGE][PASSED] - Object: 'Object Repository/1_Create_Team/Existed_Team_Name/Page_CS420 - Bumblebee Mattermost/span_Finish' is clicked on

2019-12-28 21:33:36 - [TEST_STEP][PASSED] - delay(1): Delayed 1 second(s)

2019-12-28 21:33:37 - [MESSAGE][PASSED] - Delayed 1 second(s)

2019-12-28 21:33:37 - [TEST_STEP][NOT_RUN] - closeBrowser(): NOT_RUN: closeBrowser()

2019-12-28 21:33:37 - [MESSAGE][NOT_RUN] - NOT_RUN: closeBrowser()]]></system-out>
         <system-err><![CDATA[]]></system-err>
      </testcase>
      <testcase name="Test Cases/1_Create_Team/Existed_Team_Name" time="6.382" classname="Test Cases/1_Create_Team/Existed_Team_Name" status="PASSED">
         <system-out><![CDATA[2019-12-28 21:33:37 - [TEST_CASE][PASSED] - Test Cases/1_Create_Team/Existed_Team_Name: Test Cases/1_Create_Team/Existed_Team_Name

2019-12-28 21:33:37 - [TEST_STEP][PASSED] - openBrowser(""): Browser is opened with url: ''

2019-12-28 21:33:37 - [MESSAGE][PASSED] - Browser is opened with url: ''

2019-12-28 21:33:37 - [TEST_STEP][PASSED] - navigateToUrl("http://localhost:8065/"): Navigate to 'http://localhost:8065/' successfully

2019-12-28 21:33:38 - [MESSAGE][PASSED] - Navigate to 'http://localhost:8065/' successfully

2019-12-28 21:33:38 - [TEST_STEP][PASSED] - click(findTestObject("1_Create_Team/Existed_Team_Name/Page_CS420 - Bumblebee Mattermost/div_")): Object: 'Object Repository/1_Create_Team/Existed_Team_Name/Page_CS420 - Bumblebee Mattermost/div_' is clicked on

2019-12-28 21:33:41 - [MESSAGE][PASSED] - Object: 'Object Repository/1_Create_Team/Existed_Team_Name/Page_CS420 - Bumblebee Mattermost/div_' is clicked on

2019-12-28 21:33:41 - [TEST_STEP][PASSED] - setText(findTestObject("1_Create_Team/Existed_Team_Name/Page_CS420 - Bumblebee Mattermost/input_Team Name_teamNameInput"), existed_team_name): Text 'Mayday' is set on object 'Object Repository/1_Create_Team/Existed_Team_Name/Page_CS420 - Bumblebee Mattermost/input_Team Name_teamNameInput'

2019-12-28 21:33:41 - [MESSAGE][PASSED] - Text 'Mayday' is set on object 'Object Repository/1_Create_Team/Existed_Team_Name/Page_CS420 - Bumblebee Mattermost/input_Team Name_teamNameInput'

2019-12-28 21:33:41 - [TEST_STEP][PASSED] - click(findTestObject("1_Create_Team/Existed_Team_Name/Page_CS420 - Bumblebee Mattermost/span_Next")): Object: 'Object Repository/1_Create_Team/Existed_Team_Name/Page_CS420 - Bumblebee Mattermost/span_Next' is clicked on

2019-12-28 21:33:42 - [MESSAGE][PASSED] - Object: 'Object Repository/1_Create_Team/Existed_Team_Name/Page_CS420 - Bumblebee Mattermost/span_Next' is clicked on

2019-12-28 21:33:42 - [TEST_STEP][PASSED] - click(findTestObject("1_Create_Team/Existed_Team_Name/Page_CS420 - Bumblebee Mattermost/span_Finish")): Object: 'Object Repository/1_Create_Team/Existed_Team_Name/Page_CS420 - Bumblebee Mattermost/span_Finish' is clicked on

2019-12-28 21:33:42 - [MESSAGE][PASSED] - Object: 'Object Repository/1_Create_Team/Existed_Team_Name/Page_CS420 - Bumblebee Mattermost/span_Finish' is clicked on

2019-12-28 21:33:42 - [TEST_STEP][PASSED] - delay(1): Delayed 1 second(s)

2019-12-28 21:33:43 - [MESSAGE][PASSED] - Delayed 1 second(s)

2019-12-28 21:33:43 - [TEST_STEP][NOT_RUN] - closeBrowser(): NOT_RUN: closeBrowser()

2019-12-28 21:33:43 - [MESSAGE][NOT_RUN] - NOT_RUN: closeBrowser()]]></system-out>
         <system-err><![CDATA[]]></system-err>
      </testcase>
      <testcase name="Test Cases/1_Create_Team/Existed_Team_Name" time="8.088" classname="Test Cases/1_Create_Team/Existed_Team_Name" status="PASSED">
         <system-out><![CDATA[2019-12-28 21:33:43 - [TEST_CASE][PASSED] - Test Cases/1_Create_Team/Existed_Team_Name: Test Cases/1_Create_Team/Existed_Team_Name

2019-12-28 21:33:43 - [TEST_STEP][PASSED] - openBrowser(""): Browser is opened with url: ''

2019-12-28 21:33:44 - [MESSAGE][PASSED] - Browser is opened with url: ''

2019-12-28 21:33:44 - [TEST_STEP][PASSED] - navigateToUrl("http://localhost:8065/"): Navigate to 'http://localhost:8065/' successfully

2019-12-28 21:33:44 - [MESSAGE][PASSED] - Navigate to 'http://localhost:8065/' successfully

2019-12-28 21:33:44 - [TEST_STEP][PASSED] - click(findTestObject("1_Create_Team/Existed_Team_Name/Page_CS420 - Bumblebee Mattermost/div_")): Object: 'Object Repository/1_Create_Team/Existed_Team_Name/Page_CS420 - Bumblebee Mattermost/div_' is clicked on

2019-12-28 21:33:49 - [MESSAGE][PASSED] - Object: 'Object Repository/1_Create_Team/Existed_Team_Name/Page_CS420 - Bumblebee Mattermost/div_' is clicked on

2019-12-28 21:33:49 - [TEST_STEP][PASSED] - setText(findTestObject("1_Create_Team/Existed_Team_Name/Page_CS420 - Bumblebee Mattermost/input_Team Name_teamNameInput"), existed_team_name): Text 'trii' is set on object 'Object Repository/1_Create_Team/Existed_Team_Name/Page_CS420 - Bumblebee Mattermost/input_Team Name_teamNameInput'

2019-12-28 21:33:49 - [MESSAGE][PASSED] - Text 'trii' is set on object 'Object Repository/1_Create_Team/Existed_Team_Name/Page_CS420 - Bumblebee Mattermost/input_Team Name_teamNameInput'

2019-12-28 21:33:49 - [TEST_STEP][PASSED] - click(findTestObject("1_Create_Team/Existed_Team_Name/Page_CS420 - Bumblebee Mattermost/span_Next")): Object: 'Object Repository/1_Create_Team/Existed_Team_Name/Page_CS420 - Bumblebee Mattermost/span_Next' is clicked on

2019-12-28 21:33:50 - [MESSAGE][PASSED] - Object: 'Object Repository/1_Create_Team/Existed_Team_Name/Page_CS420 - Bumblebee Mattermost/span_Next' is clicked on

2019-12-28 21:33:50 - [TEST_STEP][PASSED] - click(findTestObject("1_Create_Team/Existed_Team_Name/Page_CS420 - Bumblebee Mattermost/span_Finish")): Object: 'Object Repository/1_Create_Team/Existed_Team_Name/Page_CS420 - Bumblebee Mattermost/span_Finish' is clicked on

2019-12-28 21:33:51 - [MESSAGE][PASSED] - Object: 'Object Repository/1_Create_Team/Existed_Team_Name/Page_CS420 - Bumblebee Mattermost/span_Finish' is clicked on

2019-12-28 21:33:51 - [TEST_STEP][PASSED] - delay(1): Delayed 1 second(s)

2019-12-28 21:33:52 - [MESSAGE][PASSED] - Delayed 1 second(s)

2019-12-28 21:33:52 - [TEST_STEP][NOT_RUN] - closeBrowser(): NOT_RUN: closeBrowser()

2019-12-28 21:33:52 - [MESSAGE][NOT_RUN] - NOT_RUN: closeBrowser()]]></system-out>
         <system-err><![CDATA[]]></system-err>
      </testcase>
      <testcase name="Test Cases/1_Create_Team/Existed_Team_Name" time="5.868" classname="Test Cases/1_Create_Team/Existed_Team_Name" status="PASSED">
         <system-out><![CDATA[2019-12-28 21:33:52 - [TEST_CASE][PASSED] - Test Cases/1_Create_Team/Existed_Team_Name: Test Cases/1_Create_Team/Existed_Team_Name

2019-12-28 21:33:52 - [TEST_STEP][PASSED] - openBrowser(""): Browser is opened with url: ''

2019-12-28 21:33:52 - [MESSAGE][PASSED] - Browser is opened with url: ''

2019-12-28 21:33:52 - [TEST_STEP][PASSED] - navigateToUrl("http://localhost:8065/"): Navigate to 'http://localhost:8065/' successfully

2019-12-28 21:33:52 - [MESSAGE][PASSED] - Navigate to 'http://localhost:8065/' successfully

2019-12-28 21:33:52 - [TEST_STEP][PASSED] - click(findTestObject("1_Create_Team/Existed_Team_Name/Page_CS420 - Bumblebee Mattermost/div_")): Object: 'Object Repository/1_Create_Team/Existed_Team_Name/Page_CS420 - Bumblebee Mattermost/div_' is clicked on

2019-12-28 21:33:55 - [MESSAGE][PASSED] - Object: 'Object Repository/1_Create_Team/Existed_Team_Name/Page_CS420 - Bumblebee Mattermost/div_' is clicked on

2019-12-28 21:33:55 - [TEST_STEP][PASSED] - setText(findTestObject("1_Create_Team/Existed_Team_Name/Page_CS420 - Bumblebee Mattermost/input_Team Name_teamNameInput"), existed_team_name): Text 'YenThu' is set on object 'Object Repository/1_Create_Team/Existed_Team_Name/Page_CS420 - Bumblebee Mattermost/input_Team Name_teamNameInput'

2019-12-28 21:33:55 - [MESSAGE][PASSED] - Text 'YenThu' is set on object 'Object Repository/1_Create_Team/Existed_Team_Name/Page_CS420 - Bumblebee Mattermost/input_Team Name_teamNameInput'

2019-12-28 21:33:55 - [TEST_STEP][PASSED] - click(findTestObject("1_Create_Team/Existed_Team_Name/Page_CS420 - Bumblebee Mattermost/span_Next")): Object: 'Object Repository/1_Create_Team/Existed_Team_Name/Page_CS420 - Bumblebee Mattermost/span_Next' is clicked on

2019-12-28 21:33:56 - [MESSAGE][PASSED] - Object: 'Object Repository/1_Create_Team/Existed_Team_Name/Page_CS420 - Bumblebee Mattermost/span_Next' is clicked on

2019-12-28 21:33:56 - [TEST_STEP][PASSED] - click(findTestObject("1_Create_Team/Existed_Team_Name/Page_CS420 - Bumblebee Mattermost/span_Finish")): Object: 'Object Repository/1_Create_Team/Existed_Team_Name/Page_CS420 - Bumblebee Mattermost/span_Finish' is clicked on

2019-12-28 21:33:56 - [MESSAGE][PASSED] - Object: 'Object Repository/1_Create_Team/Existed_Team_Name/Page_CS420 - Bumblebee Mattermost/span_Finish' is clicked on

2019-12-28 21:33:56 - [TEST_STEP][PASSED] - delay(1): Delayed 1 second(s)

2019-12-28 21:33:57 - [MESSAGE][PASSED] - Delayed 1 second(s)

2019-12-28 21:33:57 - [TEST_STEP][NOT_RUN] - closeBrowser(): NOT_RUN: closeBrowser()

2019-12-28 21:33:57 - [MESSAGE][NOT_RUN] - NOT_RUN: closeBrowser()]]></system-out>
         <system-err><![CDATA[]]></system-err>
      </testcase>
      <testcase name="Test Cases/1_Create_Team/More_Than_15_Char" time="46.602" classname="Test Cases/1_Create_Team/More_Than_15_Char" status="FAILED">
         <failure type="FAILED" message="Test Cases/1_Create_Team/More_Than_15_Char FAILED.
Reason:
com.kms.katalon.core.exception.StepFailedException: Unable to click on object 'Object Repository/1_Create_Team/Page_Mattermost/span_Create a new team'
	at com.kms.katalon.core.webui.keyword.internal.WebUIKeywordMain.stepFailed(WebUIKeywordMain.groovy:64)
	at com.kms.katalon.core.webui.keyword.internal.WebUIKeywordMain.runKeyword(WebUIKeywordMain.groovy:26)
	at com.kms.katalon.core.webui.keyword.builtin.ClickKeyword.click(ClickKeyword.groovy:102)
	at com.kms.katalon.core.webui.keyword.builtin.ClickKeyword.execute(ClickKeyword.groovy:43)
	at com.kms.katalon.core.keyword.internal.KeywordExecutor.executeKeywordForPlatform(KeywordExecutor.groovy:72)
	at com.kms.katalon.core.webui.keyword.WebUiBuiltInKeywords.click(WebUiBuiltInKeywords.groovy:616)
	at com.kms.katalon.core.webui.keyword.WebUiBuiltInKeywords$click$1.call(Unknown Source)
	at More_Than_15_Char.run(More_Than_15_Char:23)
	at com.kms.katalon.core.main.ScriptEngine.run(ScriptEngine.java:194)
	at com.kms.katalon.core.main.ScriptEngine.runScriptAsRawText(ScriptEngine.java:119)
	at com.kms.katalon.core.main.TestCaseExecutor.runScript(TestCaseExecutor.java:337)
	at com.kms.katalon.core.main.TestCaseExecutor.doExecute(TestCaseExecutor.java:328)
	at com.kms.katalon.core.main.TestCaseExecutor.processExecutionPhase(TestCaseExecutor.java:307)
	at com.kms.katalon.core.main.TestCaseExecutor.accessMainPhase(TestCaseExecutor.java:299)
	at com.kms.katalon.core.main.TestCaseExecutor.execute(TestCaseExecutor.java:233)
	at com.kms.katalon.core.main.TestSuiteExecutor.accessTestCaseMainPhase(TestSuiteExecutor.java:169)
	at com.kms.katalon.core.main.TestSuiteExecutor.accessTestSuiteMainPhase(TestSuiteExecutor.java:142)
	at com.kms.katalon.core.main.TestSuiteExecutor.execute(TestSuiteExecutor.java:91)
	at com.kms.katalon.core.main.TestCaseMain.startTestSuite(TestCaseMain.java:157)
	at com.kms.katalon.core.main.TestCaseMain$startTestSuite$0.call(Unknown Source)
	at TempTestSuite1577543522490.run(TempTestSuite1577543522490.groovy:36)
Caused by: com.kms.katalon.core.webui.exception.WebElementNotFoundException: Web element with id: 'Object Repository/1_Create_Team/Page_Mattermost/span_Create a new team' located by 'By.xpath: //a[@id='createNewTeamLink']/span' not found
	at com.kms.katalon.core.webui.common.WebUiCommonHelper.findWebElement(WebUiCommonHelper.java:1154)
	at com.kms.katalon.core.webui.keyword.internal.WebUIAbstractKeyword.findWebElement(WebUIAbstractKeyword.groovy:27)
	at com.kms.katalon.core.webui.keyword.internal.WebUIAbstractKeyword.findWebElement(WebUIAbstractKeyword.groovy:26)
	at com.kms.katalon.core.webui.keyword.builtin.ClickKeyword$_click_closure1.doCall(ClickKeyword.groovy:67)
	at com.kms.katalon.core.webui.keyword.builtin.ClickKeyword$_click_closure1.call(ClickKeyword.groovy)
	at com.kms.katalon.core.webui.keyword.internal.WebUIKeywordMain.runKeyword(WebUIKeywordMain.groovy:20)
	... 19 more
"/>
         <system-out><![CDATA[2019-12-28 21:33:57 - [TEST_CASE][FAILED] - Test Cases/1_Create_Team/More_Than_15_Char: Test Cases/1_Create_Team/More_Than_15_Char FAILED.
Reason:
com.kms.katalon.core.exception.StepFailedException: Unable to click on object 'Object Repository/1_Create_Team/Page_Mattermost/span_Create a new team'
	at com.kms.katalon.core.webui.keyword.internal.WebUIKeywordMain.stepFailed(WebUIKeywordMain.groovy:64)
	at com.kms.katalon.core.webui.keyword.internal.WebUIKeywordMain.runKeyword(WebUIKeywordMain.groovy:26)
	at com.kms.katalon.core.webui.keyword.builtin.ClickKeyword.click(ClickKeyword.groovy:102)
	at com.kms.katalon.core.webui.keyword.builtin.ClickKeyword.execute(ClickKeyword.groovy:43)
	at com.kms.katalon.core.keyword.internal.KeywordExecutor.executeKeywordForPlatform(KeywordExecutor.groovy:72)
	at com.kms.katalon.core.webui.keyword.WebUiBuiltInKeywords.click(WebUiBuiltInKeywords.groovy:616)
	at com.kms.katalon.core.webui.keyword.WebUiBuiltInKeywords$click$1.call(Unknown Source)
	at More_Than_15_Char.run(More_Than_15_Char:23)
	at com.kms.katalon.core.main.ScriptEngine.run(ScriptEngine.java:194)
	at com.kms.katalon.core.main.ScriptEngine.runScriptAsRawText(ScriptEngine.java:119)
	at com.kms.katalon.core.main.TestCaseExecutor.runScript(TestCaseExecutor.java:337)
	at com.kms.katalon.core.main.TestCaseExecutor.doExecute(TestCaseExecutor.java:328)
	at com.kms.katalon.core.main.TestCaseExecutor.processExecutionPhase(TestCaseExecutor.java:307)
	at com.kms.katalon.core.main.TestCaseExecutor.accessMainPhase(TestCaseExecutor.java:299)
	at com.kms.katalon.core.main.TestCaseExecutor.execute(TestCaseExecutor.java:233)
	at com.kms.katalon.core.main.TestSuiteExecutor.accessTestCaseMainPhase(TestSuiteExecutor.java:169)
	at com.kms.katalon.core.main.TestSuiteExecutor.accessTestSuiteMainPhase(TestSuiteExecutor.java:142)
	at com.kms.katalon.core.main.TestSuiteExecutor.execute(TestSuiteExecutor.java:91)
	at com.kms.katalon.core.main.TestCaseMain.startTestSuite(TestCaseMain.java:157)
	at com.kms.katalon.core.main.TestCaseMain$startTestSuite$0.call(Unknown Source)
	at TempTestSuite1577543522490.run(TempTestSuite1577543522490.groovy:36)
Caused by: com.kms.katalon.core.webui.exception.WebElementNotFoundException: Web element with id: 'Object Repository/1_Create_Team/Page_Mattermost/span_Create a new team' located by 'By.xpath: //a[@id='createNewTeamLink']/span' not found
	at com.kms.katalon.core.webui.common.WebUiCommonHelper.findWebElement(WebUiCommonHelper.java:1154)
	at com.kms.katalon.core.webui.keyword.internal.WebUIAbstractKeyword.findWebElement(WebUIAbstractKeyword.groovy:27)
	at com.kms.katalon.core.webui.keyword.internal.WebUIAbstractKeyword.findWebElement(WebUIAbstractKeyword.groovy:26)
	at com.kms.katalon.core.webui.keyword.builtin.ClickKeyword$_click_closure1.doCall(ClickKeyword.groovy:67)
	at com.kms.katalon.core.webui.keyword.builtin.ClickKeyword$_click_closure1.call(ClickKeyword.groovy)
	at com.kms.katalon.core.webui.keyword.internal.WebUIKeywordMain.runKeyword(WebUIKeywordMain.groovy:20)
	... 19 more


2019-12-28 21:33:58 - [TEST_STEP][PASSED] - openBrowser(""): Browser is opened with url: ''

2019-12-28 21:33:58 - [MESSAGE][PASSED] - Browser is opened with url: ''

2019-12-28 21:33:58 - [TEST_STEP][PASSED] - navigateToUrl("http://localhost:8065/"): Navigate to 'http://localhost:8065/' successfully

2019-12-28 21:33:59 - [MESSAGE][PASSED] - Navigate to 'http://localhost:8065/' successfully

2019-12-28 21:33:59 - [TEST_STEP][FAILED] - click(findTestObject("1_Create_Team/Page_Mattermost/span_Create a new team")): Unable to click on object 'Object Repository/1_Create_Team/Page_Mattermost/span_Create a new team' (Root cause: com.kms.katalon.core.exception.StepFailedException: Unable to click on object 'Object Repository/1_Create_Team/Page_Mattermost/span_Create a new team'
	at com.kms.katalon.core.webui.keyword.internal.WebUIKeywordMain.stepFailed(WebUIKeywordMain.groovy:64)
	at com.kms.katalon.core.webui.keyword.internal.WebUIKeywordMain.runKeyword(WebUIKeywordMain.groovy:26)
	at com.kms.katalon.core.webui.keyword.builtin.ClickKeyword.click(ClickKeyword.groovy:102)
	at com.kms.katalon.core.webui.keyword.builtin.ClickKeyword.execute(ClickKeyword.groovy:43)
	at com.kms.katalon.core.keyword.internal.KeywordExecutor.executeKeywordForPlatform(KeywordExecutor.groovy:72)
	at com.kms.katalon.core.webui.keyword.WebUiBuiltInKeywords.click(WebUiBuiltInKeywords.groovy:616)
	at com.kms.katalon.core.webui.keyword.WebUiBuiltInKeywords$click$1.call(Unknown Source)
	at More_Than_15_Char.run(More_Than_15_Char:23)
	at com.kms.katalon.core.main.ScriptEngine.run(ScriptEngine.java:194)
	at com.kms.katalon.core.main.ScriptEngine.runScriptAsRawText(ScriptEngine.java:119)
	at com.kms.katalon.core.main.TestCaseExecutor.runScript(TestCaseExecutor.java:337)
	at com.kms.katalon.core.main.TestCaseExecutor.doExecute(TestCaseExecutor.java:328)
	at com.kms.katalon.core.main.TestCaseExecutor.processExecutionPhase(TestCaseExecutor.java:307)
	at com.kms.katalon.core.main.TestCaseExecutor.accessMainPhase(TestCaseExecutor.java:299)
	at com.kms.katalon.core.main.TestCaseExecutor.execute(TestCaseExecutor.java:233)
	at com.kms.katalon.core.main.TestSuiteExecutor.accessTestCaseMainPhase(TestSuiteExecutor.java:169)
	at com.kms.katalon.core.main.TestSuiteExecutor.accessTestSuiteMainPhase(TestSuiteExecutor.java:142)
	at com.kms.katalon.core.main.TestSuiteExecutor.execute(TestSuiteExecutor.java:91)
	at com.kms.katalon.core.main.TestCaseMain.startTestSuite(TestCaseMain.java:157)
	at com.kms.katalon.core.main.TestCaseMain$startTestSuite$0.call(Unknown Source)
	at TempTestSuite1577543522490.run(TempTestSuite1577543522490.groovy:36)
Caused by: com.kms.katalon.core.webui.exception.WebElementNotFoundException: Web element with id: 'Object Repository/1_Create_Team/Page_Mattermost/span_Create a new team' located by 'By.xpath: //a[@id='createNewTeamLink']/span' not found
	at com.kms.katalon.core.webui.common.WebUiCommonHelper.findWebElement(WebUiCommonHelper.java:1154)
	at com.kms.katalon.core.webui.keyword.internal.WebUIAbstractKeyword.findWebElement(WebUIAbstractKeyword.groovy:27)
	at com.kms.katalon.core.webui.keyword.internal.WebUIAbstractKeyword.findWebElement(WebUIAbstractKeyword.groovy:26)
	at com.kms.katalon.core.webui.keyword.builtin.ClickKeyword$_click_closure1.doCall(ClickKeyword.groovy:67)
	at com.kms.katalon.core.webui.keyword.builtin.ClickKeyword$_click_closure1.call(ClickKeyword.groovy)
	at com.kms.katalon.core.webui.keyword.internal.WebUIKeywordMain.runKeyword(WebUIKeywordMain.groovy:20)
	at com.kms.katalon.core.webui.keyword.builtin.ClickKeyword.click(ClickKeyword.groovy:102)
	at com.kms.katalon.core.webui.keyword.builtin.ClickKeyword.execute(ClickKeyword.groovy:43)
	at com.kms.katalon.core.keyword.internal.KeywordExecutor.executeKeywordForPlatform(KeywordExecutor.groovy:72)
	at com.kms.katalon.core.webui.keyword.WebUiBuiltInKeywords.click(WebUiBuiltInKeywords.groovy:616)
	at com.kms.katalon.core.webui.keyword.WebUiBuiltInKeywords$click$1.call(Unknown Source)
	at Script1576844845210.run(Script1576844845210.groovy:23)
	... 13 more
)

2019-12-28 21:34:42 - [MESSAGE][INFO] - Unable to find the element located by 'By.xpath: //a[@id='createNewTeamLink']/span'. Please recheck the objects properties to make sure the desired element is located. 

2019-12-28 21:34:42 - [MESSAGE][INFO] - [SMART_XPATH] Auto-trying out other XPath values in the test object.

2019-12-28 21:34:42 - [MESSAGE][INFO] - [SMART_XPATH] FAILED XPATH: '//a[@id='createNewTeamLink']/span'.

2019-12-28 21:34:43 - [MESSAGE][INFO] - [SMART_XPATH] FAILED XPATH: '(.//*[normalize-space(text()) and normalize-space(.)='No teams are available to join. Please create a new team or ask your administrator for an invite.'])[1]/following::span[1]'.

2019-12-28 21:34:43 - [MESSAGE][INFO] - [SMART_XPATH] FAILED XPATH: '(.//*[normalize-space(text()) and normalize-space(.)='Teams you can join:'])[1]/following::span[2]'.

2019-12-28 21:34:43 - [MESSAGE][INFO] - [SMART_XPATH] FAILED XPATH: '(.//*[normalize-space(text()) and normalize-space(.)='Go to System Console'])[1]/preceding::span[1]'.

2019-12-28 21:34:43 - [MESSAGE][INFO] - [SMART_XPATH] FAILED XPATH: '(.//*[normalize-space(text()) and normalize-space(.)='Mattermost'])[3]/preceding::span[2]'.

2019-12-28 21:34:44 - [MESSAGE][INFO] - [SMART_XPATH] FAILED XPATH: '//*/text()[normalize-space(.)='Create a new team']/parent::*'.

2019-12-28 21:34:44 - [MESSAGE][INFO] - [SMART_XPATH] FAILED XPATH: '//div[3]/div/div[2]/a/span'.

2019-12-28 21:34:44 - [MESSAGE][INFO] - [SMART_XPATH] No working XPath is found.

2019-12-28 21:34:44 - [MESSAGE][FAILED] - Unable to click on object 'Object Repository/1_Create_Team/Page_Mattermost/span_Create a new team' (Root cause: com.kms.katalon.core.exception.StepFailedException: Unable to click on object 'Object Repository/1_Create_Team/Page_Mattermost/span_Create a new team'
	at com.kms.katalon.core.webui.keyword.internal.WebUIKeywordMain.stepFailed(WebUIKeywordMain.groovy:64)
	at com.kms.katalon.core.webui.keyword.internal.WebUIKeywordMain.runKeyword(WebUIKeywordMain.groovy:26)
	at com.kms.katalon.core.webui.keyword.builtin.ClickKeyword.click(ClickKeyword.groovy:102)
	at com.kms.katalon.core.webui.keyword.builtin.ClickKeyword.execute(ClickKeyword.groovy:43)
	at com.kms.katalon.core.keyword.internal.KeywordExecutor.executeKeywordForPlatform(KeywordExecutor.groovy:72)
	at com.kms.katalon.core.webui.keyword.WebUiBuiltInKeywords.click(WebUiBuiltInKeywords.groovy:616)
	at com.kms.katalon.core.webui.keyword.WebUiBuiltInKeywords$click$1.call(Unknown Source)
	at More_Than_15_Char.run(More_Than_15_Char:23)
	at com.kms.katalon.core.main.ScriptEngine.run(ScriptEngine.java:194)
	at com.kms.katalon.core.main.ScriptEngine.runScriptAsRawText(ScriptEngine.java:119)
	at com.kms.katalon.core.main.TestCaseExecutor.runScript(TestCaseExecutor.java:337)
	at com.kms.katalon.core.main.TestCaseExecutor.doExecute(TestCaseExecutor.java:328)
	at com.kms.katalon.core.main.TestCaseExecutor.processExecutionPhase(TestCaseExecutor.java:307)
	at com.kms.katalon.core.main.TestCaseExecutor.accessMainPhase(TestCaseExecutor.java:299)
	at com.kms.katalon.core.main.TestCaseExecutor.execute(TestCaseExecutor.java:233)
	at com.kms.katalon.core.main.TestSuiteExecutor.accessTestCaseMainPhase(TestSuiteExecutor.java:169)
	at com.kms.katalon.core.main.TestSuiteExecutor.accessTestSuiteMainPhase(TestSuiteExecutor.java:142)
	at com.kms.katalon.core.main.TestSuiteExecutor.execute(TestSuiteExecutor.java:91)
	at com.kms.katalon.core.main.TestCaseMain.startTestSuite(TestCaseMain.java:157)
	at com.kms.katalon.core.main.TestCaseMain$startTestSuite$0.call(Unknown Source)
	at TempTestSuite1577543522490.run(TempTestSuite1577543522490.groovy:36)
Caused by: com.kms.katalon.core.webui.exception.WebElementNotFoundException: Web element with id: 'Object Repository/1_Create_Team/Page_Mattermost/span_Create a new team' located by 'By.xpath: //a[@id='createNewTeamLink']/span' not found
	at com.kms.katalon.core.webui.common.WebUiCommonHelper.findWebElement(WebUiCommonHelper.java:1154)
	at com.kms.katalon.core.webui.keyword.internal.WebUIAbstractKeyword.findWebElement(WebUIAbstractKeyword.groovy:27)
	at com.kms.katalon.core.webui.keyword.internal.WebUIAbstractKeyword.findWebElement(WebUIAbstractKeyword.groovy:26)
	at com.kms.katalon.core.webui.keyword.builtin.ClickKeyword$_click_closure1.doCall(ClickKeyword.groovy:67)
	at com.kms.katalon.core.webui.keyword.builtin.ClickKeyword$_click_closure1.call(ClickKeyword.groovy)
	at com.kms.katalon.core.webui.keyword.internal.WebUIKeywordMain.runKeyword(WebUIKeywordMain.groovy:20)
	at com.kms.katalon.core.webui.keyword.builtin.ClickKeyword.click(ClickKeyword.groovy:102)
	at com.kms.katalon.core.webui.keyword.builtin.ClickKeyword.execute(ClickKeyword.groovy:43)
	at com.kms.katalon.core.keyword.internal.KeywordExecutor.executeKeywordForPlatform(KeywordExecutor.groovy:72)
	at com.kms.katalon.core.webui.keyword.WebUiBuiltInKeywords.click(WebUiBuiltInKeywords.groovy:616)
	at com.kms.katalon.core.webui.keyword.WebUiBuiltInKeywords$click$1.call(Unknown Source)
	at Script1576844845210.run(Script1576844845210.groovy:23)
	... 13 more
)
[[ATTACHMENT|/Users/nguyentri/Desktop/Learn/SoftwareEngineer/mattermost-duo-test/Reports/20191228_213202/Run_all_test_cases/20191228_213202/1577543684295.png]]]]></system-out>
         <system-err><![CDATA[2019-12-28 21:33:57 - [TEST_CASE][FAILED] - Test Cases/1_Create_Team/More_Than_15_Char: Test Cases/1_Create_Team/More_Than_15_Char FAILED.
Reason:
com.kms.katalon.core.exception.StepFailedException: Unable to click on object 'Object Repository/1_Create_Team/Page_Mattermost/span_Create a new team'
	at com.kms.katalon.core.webui.keyword.internal.WebUIKeywordMain.stepFailed(WebUIKeywordMain.groovy:64)
	at com.kms.katalon.core.webui.keyword.internal.WebUIKeywordMain.runKeyword(WebUIKeywordMain.groovy:26)
	at com.kms.katalon.core.webui.keyword.builtin.ClickKeyword.click(ClickKeyword.groovy:102)
	at com.kms.katalon.core.webui.keyword.builtin.ClickKeyword.execute(ClickKeyword.groovy:43)
	at com.kms.katalon.core.keyword.internal.KeywordExecutor.executeKeywordForPlatform(KeywordExecutor.groovy:72)
	at com.kms.katalon.core.webui.keyword.WebUiBuiltInKeywords.click(WebUiBuiltInKeywords.groovy:616)
	at com.kms.katalon.core.webui.keyword.WebUiBuiltInKeywords$click$1.call(Unknown Source)
	at More_Than_15_Char.run(More_Than_15_Char:23)
	at com.kms.katalon.core.main.ScriptEngine.run(ScriptEngine.java:194)
	at com.kms.katalon.core.main.ScriptEngine.runScriptAsRawText(ScriptEngine.java:119)
	at com.kms.katalon.core.main.TestCaseExecutor.runScript(TestCaseExecutor.java:337)
	at com.kms.katalon.core.main.TestCaseExecutor.doExecute(TestCaseExecutor.java:328)
	at com.kms.katalon.core.main.TestCaseExecutor.processExecutionPhase(TestCaseExecutor.java:307)
	at com.kms.katalon.core.main.TestCaseExecutor.accessMainPhase(TestCaseExecutor.java:299)
	at com.kms.katalon.core.main.TestCaseExecutor.execute(TestCaseExecutor.java:233)
	at com.kms.katalon.core.main.TestSuiteExecutor.accessTestCaseMainPhase(TestSuiteExecutor.java:169)
	at com.kms.katalon.core.main.TestSuiteExecutor.accessTestSuiteMainPhase(TestSuiteExecutor.java:142)
	at com.kms.katalon.core.main.TestSuiteExecutor.execute(TestSuiteExecutor.java:91)
	at com.kms.katalon.core.main.TestCaseMain.startTestSuite(TestCaseMain.java:157)
	at com.kms.katalon.core.main.TestCaseMain$startTestSuite$0.call(Unknown Source)
	at TempTestSuite1577543522490.run(TempTestSuite1577543522490.groovy:36)
Caused by: com.kms.katalon.core.webui.exception.WebElementNotFoundException: Web element with id: 'Object Repository/1_Create_Team/Page_Mattermost/span_Create a new team' located by 'By.xpath: //a[@id='createNewTeamLink']/span' not found
	at com.kms.katalon.core.webui.common.WebUiCommonHelper.findWebElement(WebUiCommonHelper.java:1154)
	at com.kms.katalon.core.webui.keyword.internal.WebUIAbstractKeyword.findWebElement(WebUIAbstractKeyword.groovy:27)
	at com.kms.katalon.core.webui.keyword.internal.WebUIAbstractKeyword.findWebElement(WebUIAbstractKeyword.groovy:26)
	at com.kms.katalon.core.webui.keyword.builtin.ClickKeyword$_click_closure1.doCall(ClickKeyword.groovy:67)
	at com.kms.katalon.core.webui.keyword.builtin.ClickKeyword$_click_closure1.call(ClickKeyword.groovy)
	at com.kms.katalon.core.webui.keyword.internal.WebUIKeywordMain.runKeyword(WebUIKeywordMain.groovy:20)
	... 19 more]]></system-err>
      </testcase>
      <testcase name="Test Cases/1_Create_Team/More_Than_15_Char" time="47.102" classname="Test Cases/1_Create_Team/More_Than_15_Char" status="FAILED">
         <failure type="FAILED" message="Test Cases/1_Create_Team/More_Than_15_Char FAILED.
Reason:
com.kms.katalon.core.exception.StepFailedException: Unable to click on object 'Object Repository/1_Create_Team/Page_Mattermost/span_Create a new team'
	at com.kms.katalon.core.webui.keyword.internal.WebUIKeywordMain.stepFailed(WebUIKeywordMain.groovy:64)
	at com.kms.katalon.core.webui.keyword.internal.WebUIKeywordMain.runKeyword(WebUIKeywordMain.groovy:26)
	at com.kms.katalon.core.webui.keyword.builtin.ClickKeyword.click(ClickKeyword.groovy:102)
	at com.kms.katalon.core.webui.keyword.builtin.ClickKeyword.execute(ClickKeyword.groovy:43)
	at com.kms.katalon.core.keyword.internal.KeywordExecutor.executeKeywordForPlatform(KeywordExecutor.groovy:72)
	at com.kms.katalon.core.webui.keyword.WebUiBuiltInKeywords.click(WebUiBuiltInKeywords.groovy:616)
	at com.kms.katalon.core.webui.keyword.WebUiBuiltInKeywords$click$1.call(Unknown Source)
	at More_Than_15_Char.run(More_Than_15_Char:23)
	at com.kms.katalon.core.main.ScriptEngine.run(ScriptEngine.java:194)
	at com.kms.katalon.core.main.ScriptEngine.runScriptAsRawText(ScriptEngine.java:119)
	at com.kms.katalon.core.main.TestCaseExecutor.runScript(TestCaseExecutor.java:337)
	at com.kms.katalon.core.main.TestCaseExecutor.doExecute(TestCaseExecutor.java:328)
	at com.kms.katalon.core.main.TestCaseExecutor.processExecutionPhase(TestCaseExecutor.java:307)
	at com.kms.katalon.core.main.TestCaseExecutor.accessMainPhase(TestCaseExecutor.java:299)
	at com.kms.katalon.core.main.TestCaseExecutor.execute(TestCaseExecutor.java:233)
	at com.kms.katalon.core.main.TestSuiteExecutor.accessTestCaseMainPhase(TestSuiteExecutor.java:169)
	at com.kms.katalon.core.main.TestSuiteExecutor.accessTestSuiteMainPhase(TestSuiteExecutor.java:142)
	at com.kms.katalon.core.main.TestSuiteExecutor.execute(TestSuiteExecutor.java:91)
	at com.kms.katalon.core.main.TestCaseMain.startTestSuite(TestCaseMain.java:157)
	at com.kms.katalon.core.main.TestCaseMain$startTestSuite$0.call(Unknown Source)
	at TempTestSuite1577543522490.run(TempTestSuite1577543522490.groovy:36)
Caused by: com.kms.katalon.core.webui.exception.WebElementNotFoundException: Web element with id: 'Object Repository/1_Create_Team/Page_Mattermost/span_Create a new team' located by 'By.xpath: //a[@id='createNewTeamLink']/span' not found
	at com.kms.katalon.core.webui.common.WebUiCommonHelper.findWebElement(WebUiCommonHelper.java:1154)
	at com.kms.katalon.core.webui.keyword.internal.WebUIAbstractKeyword.findWebElement(WebUIAbstractKeyword.groovy:27)
	at com.kms.katalon.core.webui.keyword.internal.WebUIAbstractKeyword.findWebElement(WebUIAbstractKeyword.groovy:26)
	at com.kms.katalon.core.webui.keyword.builtin.ClickKeyword$_click_closure1.doCall(ClickKeyword.groovy:67)
	at com.kms.katalon.core.webui.keyword.builtin.ClickKeyword$_click_closure1.call(ClickKeyword.groovy)
	at com.kms.katalon.core.webui.keyword.internal.WebUIKeywordMain.runKeyword(WebUIKeywordMain.groovy:20)
	... 19 more
"/>
         <system-out><![CDATA[2019-12-28 21:34:44 - [TEST_CASE][FAILED] - Test Cases/1_Create_Team/More_Than_15_Char: Test Cases/1_Create_Team/More_Than_15_Char FAILED.
Reason:
com.kms.katalon.core.exception.StepFailedException: Unable to click on object 'Object Repository/1_Create_Team/Page_Mattermost/span_Create a new team'
	at com.kms.katalon.core.webui.keyword.internal.WebUIKeywordMain.stepFailed(WebUIKeywordMain.groovy:64)
	at com.kms.katalon.core.webui.keyword.internal.WebUIKeywordMain.runKeyword(WebUIKeywordMain.groovy:26)
	at com.kms.katalon.core.webui.keyword.builtin.ClickKeyword.click(ClickKeyword.groovy:102)
	at com.kms.katalon.core.webui.keyword.builtin.ClickKeyword.execute(ClickKeyword.groovy:43)
	at com.kms.katalon.core.keyword.internal.KeywordExecutor.executeKeywordForPlatform(KeywordExecutor.groovy:72)
	at com.kms.katalon.core.webui.keyword.WebUiBuiltInKeywords.click(WebUiBuiltInKeywords.groovy:616)
	at com.kms.katalon.core.webui.keyword.WebUiBuiltInKeywords$click$1.call(Unknown Source)
	at More_Than_15_Char.run(More_Than_15_Char:23)
	at com.kms.katalon.core.main.ScriptEngine.run(ScriptEngine.java:194)
	at com.kms.katalon.core.main.ScriptEngine.runScriptAsRawText(ScriptEngine.java:119)
	at com.kms.katalon.core.main.TestCaseExecutor.runScript(TestCaseExecutor.java:337)
	at com.kms.katalon.core.main.TestCaseExecutor.doExecute(TestCaseExecutor.java:328)
	at com.kms.katalon.core.main.TestCaseExecutor.processExecutionPhase(TestCaseExecutor.java:307)
	at com.kms.katalon.core.main.TestCaseExecutor.accessMainPhase(TestCaseExecutor.java:299)
	at com.kms.katalon.core.main.TestCaseExecutor.execute(TestCaseExecutor.java:233)
	at com.kms.katalon.core.main.TestSuiteExecutor.accessTestCaseMainPhase(TestSuiteExecutor.java:169)
	at com.kms.katalon.core.main.TestSuiteExecutor.accessTestSuiteMainPhase(TestSuiteExecutor.java:142)
	at com.kms.katalon.core.main.TestSuiteExecutor.execute(TestSuiteExecutor.java:91)
	at com.kms.katalon.core.main.TestCaseMain.startTestSuite(TestCaseMain.java:157)
	at com.kms.katalon.core.main.TestCaseMain$startTestSuite$0.call(Unknown Source)
	at TempTestSuite1577543522490.run(TempTestSuite1577543522490.groovy:36)
Caused by: com.kms.katalon.core.webui.exception.WebElementNotFoundException: Web element with id: 'Object Repository/1_Create_Team/Page_Mattermost/span_Create a new team' located by 'By.xpath: //a[@id='createNewTeamLink']/span' not found
	at com.kms.katalon.core.webui.common.WebUiCommonHelper.findWebElement(WebUiCommonHelper.java:1154)
	at com.kms.katalon.core.webui.keyword.internal.WebUIAbstractKeyword.findWebElement(WebUIAbstractKeyword.groovy:27)
	at com.kms.katalon.core.webui.keyword.internal.WebUIAbstractKeyword.findWebElement(WebUIAbstractKeyword.groovy:26)
	at com.kms.katalon.core.webui.keyword.builtin.ClickKeyword$_click_closure1.doCall(ClickKeyword.groovy:67)
	at com.kms.katalon.core.webui.keyword.builtin.ClickKeyword$_click_closure1.call(ClickKeyword.groovy)
	at com.kms.katalon.core.webui.keyword.internal.WebUIKeywordMain.runKeyword(WebUIKeywordMain.groovy:20)
	... 19 more


2019-12-28 21:34:44 - [TEST_STEP][PASSED] - openBrowser(""): Browser is opened with url: ''

2019-12-28 21:34:44 - [MESSAGE][PASSED] - Browser is opened with url: ''

2019-12-28 21:34:44 - [TEST_STEP][PASSED] - navigateToUrl("http://localhost:8065/"): Navigate to 'http://localhost:8065/' successfully

2019-12-28 21:34:45 - [MESSAGE][PASSED] - Navigate to 'http://localhost:8065/' successfully

2019-12-28 21:34:45 - [TEST_STEP][FAILED] - click(findTestObject("1_Create_Team/Page_Mattermost/span_Create a new team")): Unable to click on object 'Object Repository/1_Create_Team/Page_Mattermost/span_Create a new team' (Root cause: com.kms.katalon.core.exception.StepFailedException: Unable to click on object 'Object Repository/1_Create_Team/Page_Mattermost/span_Create a new team'
	at com.kms.katalon.core.webui.keyword.internal.WebUIKeywordMain.stepFailed(WebUIKeywordMain.groovy:64)
	at com.kms.katalon.core.webui.keyword.internal.WebUIKeywordMain.runKeyword(WebUIKeywordMain.groovy:26)
	at com.kms.katalon.core.webui.keyword.builtin.ClickKeyword.click(ClickKeyword.groovy:102)
	at com.kms.katalon.core.webui.keyword.builtin.ClickKeyword.execute(ClickKeyword.groovy:43)
	at com.kms.katalon.core.keyword.internal.KeywordExecutor.executeKeywordForPlatform(KeywordExecutor.groovy:72)
	at com.kms.katalon.core.webui.keyword.WebUiBuiltInKeywords.click(WebUiBuiltInKeywords.groovy:616)
	at com.kms.katalon.core.webui.keyword.WebUiBuiltInKeywords$click$1.call(Unknown Source)
	at More_Than_15_Char.run(More_Than_15_Char:23)
	at com.kms.katalon.core.main.ScriptEngine.run(ScriptEngine.java:194)
	at com.kms.katalon.core.main.ScriptEngine.runScriptAsRawText(ScriptEngine.java:119)
	at com.kms.katalon.core.main.TestCaseExecutor.runScript(TestCaseExecutor.java:337)
	at com.kms.katalon.core.main.TestCaseExecutor.doExecute(TestCaseExecutor.java:328)
	at com.kms.katalon.core.main.TestCaseExecutor.processExecutionPhase(TestCaseExecutor.java:307)
	at com.kms.katalon.core.main.TestCaseExecutor.accessMainPhase(TestCaseExecutor.java:299)
	at com.kms.katalon.core.main.TestCaseExecutor.execute(TestCaseExecutor.java:233)
	at com.kms.katalon.core.main.TestSuiteExecutor.accessTestCaseMainPhase(TestSuiteExecutor.java:169)
	at com.kms.katalon.core.main.TestSuiteExecutor.accessTestSuiteMainPhase(TestSuiteExecutor.java:142)
	at com.kms.katalon.core.main.TestSuiteExecutor.execute(TestSuiteExecutor.java:91)
	at com.kms.katalon.core.main.TestCaseMain.startTestSuite(TestCaseMain.java:157)
	at com.kms.katalon.core.main.TestCaseMain$startTestSuite$0.call(Unknown Source)
	at TempTestSuite1577543522490.run(TempTestSuite1577543522490.groovy:36)
Caused by: com.kms.katalon.core.webui.exception.WebElementNotFoundException: Web element with id: 'Object Repository/1_Create_Team/Page_Mattermost/span_Create a new team' located by 'By.xpath: //a[@id='createNewTeamLink']/span' not found
	at com.kms.katalon.core.webui.common.WebUiCommonHelper.findWebElement(WebUiCommonHelper.java:1154)
	at com.kms.katalon.core.webui.keyword.internal.WebUIAbstractKeyword.findWebElement(WebUIAbstractKeyword.groovy:27)
	at com.kms.katalon.core.webui.keyword.internal.WebUIAbstractKeyword.findWebElement(WebUIAbstractKeyword.groovy:26)
	at com.kms.katalon.core.webui.keyword.builtin.ClickKeyword$_click_closure1.doCall(ClickKeyword.groovy:67)
	at com.kms.katalon.core.webui.keyword.builtin.ClickKeyword$_click_closure1.call(ClickKeyword.groovy)
	at com.kms.katalon.core.webui.keyword.internal.WebUIKeywordMain.runKeyword(WebUIKeywordMain.groovy:20)
	at com.kms.katalon.core.webui.keyword.builtin.ClickKeyword.click(ClickKeyword.groovy:102)
	at com.kms.katalon.core.webui.keyword.builtin.ClickKeyword.execute(ClickKeyword.groovy:43)
	at com.kms.katalon.core.keyword.internal.KeywordExecutor.executeKeywordForPlatform(KeywordExecutor.groovy:72)
	at com.kms.katalon.core.webui.keyword.WebUiBuiltInKeywords.click(WebUiBuiltInKeywords.groovy:616)
	at com.kms.katalon.core.webui.keyword.WebUiBuiltInKeywords$click$1.call(Unknown Source)
	at Script1576844845210.run(Script1576844845210.groovy:23)
	... 13 more
)

2019-12-28 21:35:29 - [MESSAGE][INFO] - Unable to find the element located by 'By.xpath: //a[@id='createNewTeamLink']/span'. Please recheck the objects properties to make sure the desired element is located. 

2019-12-28 21:35:29 - [MESSAGE][INFO] - [SMART_XPATH] Auto-trying out other XPath values in the test object.

2019-12-28 21:35:30 - [MESSAGE][INFO] - [SMART_XPATH] FAILED XPATH: '//a[@id='createNewTeamLink']/span'.

2019-12-28 21:35:30 - [MESSAGE][INFO] - [SMART_XPATH] FAILED XPATH: '(.//*[normalize-space(text()) and normalize-space(.)='No teams are available to join. Please create a new team or ask your administrator for an invite.'])[1]/following::span[1]'.

2019-12-28 21:35:30 - [MESSAGE][INFO] - [SMART_XPATH] FAILED XPATH: '(.//*[normalize-space(text()) and normalize-space(.)='Teams you can join:'])[1]/following::span[2]'.

2019-12-28 21:35:30 - [MESSAGE][INFO] - [SMART_XPATH] FAILED XPATH: '(.//*[normalize-space(text()) and normalize-space(.)='Go to System Console'])[1]/preceding::span[1]'.

2019-12-28 21:35:31 - [MESSAGE][INFO] - [SMART_XPATH] FAILED XPATH: '(.//*[normalize-space(text()) and normalize-space(.)='Mattermost'])[3]/preceding::span[2]'.

2019-12-28 21:35:31 - [MESSAGE][INFO] - [SMART_XPATH] FAILED XPATH: '//*/text()[normalize-space(.)='Create a new team']/parent::*'.

2019-12-28 21:35:31 - [MESSAGE][INFO] - [SMART_XPATH] FAILED XPATH: '//div[3]/div/div[2]/a/span'.

2019-12-28 21:35:31 - [MESSAGE][INFO] - [SMART_XPATH] No working XPath is found.

2019-12-28 21:35:31 - [MESSAGE][FAILED] - Unable to click on object 'Object Repository/1_Create_Team/Page_Mattermost/span_Create a new team' (Root cause: com.kms.katalon.core.exception.StepFailedException: Unable to click on object 'Object Repository/1_Create_Team/Page_Mattermost/span_Create a new team'
	at com.kms.katalon.core.webui.keyword.internal.WebUIKeywordMain.stepFailed(WebUIKeywordMain.groovy:64)
	at com.kms.katalon.core.webui.keyword.internal.WebUIKeywordMain.runKeyword(WebUIKeywordMain.groovy:26)
	at com.kms.katalon.core.webui.keyword.builtin.ClickKeyword.click(ClickKeyword.groovy:102)
	at com.kms.katalon.core.webui.keyword.builtin.ClickKeyword.execute(ClickKeyword.groovy:43)
	at com.kms.katalon.core.keyword.internal.KeywordExecutor.executeKeywordForPlatform(KeywordExecutor.groovy:72)
	at com.kms.katalon.core.webui.keyword.WebUiBuiltInKeywords.click(WebUiBuiltInKeywords.groovy:616)
	at com.kms.katalon.core.webui.keyword.WebUiBuiltInKeywords$click$1.call(Unknown Source)
	at More_Than_15_Char.run(More_Than_15_Char:23)
	at com.kms.katalon.core.main.ScriptEngine.run(ScriptEngine.java:194)
	at com.kms.katalon.core.main.ScriptEngine.runScriptAsRawText(ScriptEngine.java:119)
	at com.kms.katalon.core.main.TestCaseExecutor.runScript(TestCaseExecutor.java:337)
	at com.kms.katalon.core.main.TestCaseExecutor.doExecute(TestCaseExecutor.java:328)
	at com.kms.katalon.core.main.TestCaseExecutor.processExecutionPhase(TestCaseExecutor.java:307)
	at com.kms.katalon.core.main.TestCaseExecutor.accessMainPhase(TestCaseExecutor.java:299)
	at com.kms.katalon.core.main.TestCaseExecutor.execute(TestCaseExecutor.java:233)
	at com.kms.katalon.core.main.TestSuiteExecutor.accessTestCaseMainPhase(TestSuiteExecutor.java:169)
	at com.kms.katalon.core.main.TestSuiteExecutor.accessTestSuiteMainPhase(TestSuiteExecutor.java:142)
	at com.kms.katalon.core.main.TestSuiteExecutor.execute(TestSuiteExecutor.java:91)
	at com.kms.katalon.core.main.TestCaseMain.startTestSuite(TestCaseMain.java:157)
	at com.kms.katalon.core.main.TestCaseMain$startTestSuite$0.call(Unknown Source)
	at TempTestSuite1577543522490.run(TempTestSuite1577543522490.groovy:36)
Caused by: com.kms.katalon.core.webui.exception.WebElementNotFoundException: Web element with id: 'Object Repository/1_Create_Team/Page_Mattermost/span_Create a new team' located by 'By.xpath: //a[@id='createNewTeamLink']/span' not found
	at com.kms.katalon.core.webui.common.WebUiCommonHelper.findWebElement(WebUiCommonHelper.java:1154)
	at com.kms.katalon.core.webui.keyword.internal.WebUIAbstractKeyword.findWebElement(WebUIAbstractKeyword.groovy:27)
	at com.kms.katalon.core.webui.keyword.internal.WebUIAbstractKeyword.findWebElement(WebUIAbstractKeyword.groovy:26)
	at com.kms.katalon.core.webui.keyword.builtin.ClickKeyword$_click_closure1.doCall(ClickKeyword.groovy:67)
	at com.kms.katalon.core.webui.keyword.builtin.ClickKeyword$_click_closure1.call(ClickKeyword.groovy)
	at com.kms.katalon.core.webui.keyword.internal.WebUIKeywordMain.runKeyword(WebUIKeywordMain.groovy:20)
	at com.kms.katalon.core.webui.keyword.builtin.ClickKeyword.click(ClickKeyword.groovy:102)
	at com.kms.katalon.core.webui.keyword.builtin.ClickKeyword.execute(ClickKeyword.groovy:43)
	at com.kms.katalon.core.keyword.internal.KeywordExecutor.executeKeywordForPlatform(KeywordExecutor.groovy:72)
	at com.kms.katalon.core.webui.keyword.WebUiBuiltInKeywords.click(WebUiBuiltInKeywords.groovy:616)
	at com.kms.katalon.core.webui.keyword.WebUiBuiltInKeywords$click$1.call(Unknown Source)
	at Script1576844845210.run(Script1576844845210.groovy:23)
	... 13 more
)
[[ATTACHMENT|/Users/nguyentri/Desktop/Learn/SoftwareEngineer/mattermost-duo-test/Reports/20191228_213202/Run_all_test_cases/20191228_213202/1577543731556.png]]]]></system-out>
         <system-err><![CDATA[2019-12-28 21:34:44 - [TEST_CASE][FAILED] - Test Cases/1_Create_Team/More_Than_15_Char: Test Cases/1_Create_Team/More_Than_15_Char FAILED.
Reason:
com.kms.katalon.core.exception.StepFailedException: Unable to click on object 'Object Repository/1_Create_Team/Page_Mattermost/span_Create a new team'
	at com.kms.katalon.core.webui.keyword.internal.WebUIKeywordMain.stepFailed(WebUIKeywordMain.groovy:64)
	at com.kms.katalon.core.webui.keyword.internal.WebUIKeywordMain.runKeyword(WebUIKeywordMain.groovy:26)
	at com.kms.katalon.core.webui.keyword.builtin.ClickKeyword.click(ClickKeyword.groovy:102)
	at com.kms.katalon.core.webui.keyword.builtin.ClickKeyword.execute(ClickKeyword.groovy:43)
	at com.kms.katalon.core.keyword.internal.KeywordExecutor.executeKeywordForPlatform(KeywordExecutor.groovy:72)
	at com.kms.katalon.core.webui.keyword.WebUiBuiltInKeywords.click(WebUiBuiltInKeywords.groovy:616)
	at com.kms.katalon.core.webui.keyword.WebUiBuiltInKeywords$click$1.call(Unknown Source)
	at More_Than_15_Char.run(More_Than_15_Char:23)
	at com.kms.katalon.core.main.ScriptEngine.run(ScriptEngine.java:194)
	at com.kms.katalon.core.main.ScriptEngine.runScriptAsRawText(ScriptEngine.java:119)
	at com.kms.katalon.core.main.TestCaseExecutor.runScript(TestCaseExecutor.java:337)
	at com.kms.katalon.core.main.TestCaseExecutor.doExecute(TestCaseExecutor.java:328)
	at com.kms.katalon.core.main.TestCaseExecutor.processExecutionPhase(TestCaseExecutor.java:307)
	at com.kms.katalon.core.main.TestCaseExecutor.accessMainPhase(TestCaseExecutor.java:299)
	at com.kms.katalon.core.main.TestCaseExecutor.execute(TestCaseExecutor.java:233)
	at com.kms.katalon.core.main.TestSuiteExecutor.accessTestCaseMainPhase(TestSuiteExecutor.java:169)
	at com.kms.katalon.core.main.TestSuiteExecutor.accessTestSuiteMainPhase(TestSuiteExecutor.java:142)
	at com.kms.katalon.core.main.TestSuiteExecutor.execute(TestSuiteExecutor.java:91)
	at com.kms.katalon.core.main.TestCaseMain.startTestSuite(TestCaseMain.java:157)
	at com.kms.katalon.core.main.TestCaseMain$startTestSuite$0.call(Unknown Source)
	at TempTestSuite1577543522490.run(TempTestSuite1577543522490.groovy:36)
Caused by: com.kms.katalon.core.webui.exception.WebElementNotFoundException: Web element with id: 'Object Repository/1_Create_Team/Page_Mattermost/span_Create a new team' located by 'By.xpath: //a[@id='createNewTeamLink']/span' not found
	at com.kms.katalon.core.webui.common.WebUiCommonHelper.findWebElement(WebUiCommonHelper.java:1154)
	at com.kms.katalon.core.webui.keyword.internal.WebUIAbstractKeyword.findWebElement(WebUIAbstractKeyword.groovy:27)
	at com.kms.katalon.core.webui.keyword.internal.WebUIAbstractKeyword.findWebElement(WebUIAbstractKeyword.groovy:26)
	at com.kms.katalon.core.webui.keyword.builtin.ClickKeyword$_click_closure1.doCall(ClickKeyword.groovy:67)
	at com.kms.katalon.core.webui.keyword.builtin.ClickKeyword$_click_closure1.call(ClickKeyword.groovy)
	at com.kms.katalon.core.webui.keyword.internal.WebUIKeywordMain.runKeyword(WebUIKeywordMain.groovy:20)
	... 19 more]]></system-err>
      </testcase>
      <testcase name="Test Cases/1_Create_Team/More_Than_15_Char" time="46.763" classname="Test Cases/1_Create_Team/More_Than_15_Char" status="FAILED">
         <failure type="FAILED" message="Test Cases/1_Create_Team/More_Than_15_Char FAILED.
Reason:
com.kms.katalon.core.exception.StepFailedException: Unable to click on object 'Object Repository/1_Create_Team/Page_Mattermost/span_Create a new team'
	at com.kms.katalon.core.webui.keyword.internal.WebUIKeywordMain.stepFailed(WebUIKeywordMain.groovy:64)
	at com.kms.katalon.core.webui.keyword.internal.WebUIKeywordMain.runKeyword(WebUIKeywordMain.groovy:26)
	at com.kms.katalon.core.webui.keyword.builtin.ClickKeyword.click(ClickKeyword.groovy:102)
	at com.kms.katalon.core.webui.keyword.builtin.ClickKeyword.execute(ClickKeyword.groovy:43)
	at com.kms.katalon.core.keyword.internal.KeywordExecutor.executeKeywordForPlatform(KeywordExecutor.groovy:72)
	at com.kms.katalon.core.webui.keyword.WebUiBuiltInKeywords.click(WebUiBuiltInKeywords.groovy:616)
	at com.kms.katalon.core.webui.keyword.WebUiBuiltInKeywords$click$1.call(Unknown Source)
	at More_Than_15_Char.run(More_Than_15_Char:23)
	at com.kms.katalon.core.main.ScriptEngine.run(ScriptEngine.java:194)
	at com.kms.katalon.core.main.ScriptEngine.runScriptAsRawText(ScriptEngine.java:119)
	at com.kms.katalon.core.main.TestCaseExecutor.runScript(TestCaseExecutor.java:337)
	at com.kms.katalon.core.main.TestCaseExecutor.doExecute(TestCaseExecutor.java:328)
	at com.kms.katalon.core.main.TestCaseExecutor.processExecutionPhase(TestCaseExecutor.java:307)
	at com.kms.katalon.core.main.TestCaseExecutor.accessMainPhase(TestCaseExecutor.java:299)
	at com.kms.katalon.core.main.TestCaseExecutor.execute(TestCaseExecutor.java:233)
	at com.kms.katalon.core.main.TestSuiteExecutor.accessTestCaseMainPhase(TestSuiteExecutor.java:169)
	at com.kms.katalon.core.main.TestSuiteExecutor.accessTestSuiteMainPhase(TestSuiteExecutor.java:142)
	at com.kms.katalon.core.main.TestSuiteExecutor.execute(TestSuiteExecutor.java:91)
	at com.kms.katalon.core.main.TestCaseMain.startTestSuite(TestCaseMain.java:157)
	at com.kms.katalon.core.main.TestCaseMain$startTestSuite$0.call(Unknown Source)
	at TempTestSuite1577543522490.run(TempTestSuite1577543522490.groovy:36)
Caused by: com.kms.katalon.core.webui.exception.WebElementNotFoundException: Web element with id: 'Object Repository/1_Create_Team/Page_Mattermost/span_Create a new team' located by 'By.xpath: //a[@id='createNewTeamLink']/span' not found
	at com.kms.katalon.core.webui.common.WebUiCommonHelper.findWebElement(WebUiCommonHelper.java:1154)
	at com.kms.katalon.core.webui.keyword.internal.WebUIAbstractKeyword.findWebElement(WebUIAbstractKeyword.groovy:27)
	at com.kms.katalon.core.webui.keyword.internal.WebUIAbstractKeyword.findWebElement(WebUIAbstractKeyword.groovy:26)
	at com.kms.katalon.core.webui.keyword.builtin.ClickKeyword$_click_closure1.doCall(ClickKeyword.groovy:67)
	at com.kms.katalon.core.webui.keyword.builtin.ClickKeyword$_click_closure1.call(ClickKeyword.groovy)
	at com.kms.katalon.core.webui.keyword.internal.WebUIKeywordMain.runKeyword(WebUIKeywordMain.groovy:20)
	... 19 more
"/>
         <system-out><![CDATA[2019-12-28 21:35:31 - [TEST_CASE][FAILED] - Test Cases/1_Create_Team/More_Than_15_Char: Test Cases/1_Create_Team/More_Than_15_Char FAILED.
Reason:
com.kms.katalon.core.exception.StepFailedException: Unable to click on object 'Object Repository/1_Create_Team/Page_Mattermost/span_Create a new team'
	at com.kms.katalon.core.webui.keyword.internal.WebUIKeywordMain.stepFailed(WebUIKeywordMain.groovy:64)
	at com.kms.katalon.core.webui.keyword.internal.WebUIKeywordMain.runKeyword(WebUIKeywordMain.groovy:26)
	at com.kms.katalon.core.webui.keyword.builtin.ClickKeyword.click(ClickKeyword.groovy:102)
	at com.kms.katalon.core.webui.keyword.builtin.ClickKeyword.execute(ClickKeyword.groovy:43)
	at com.kms.katalon.core.keyword.internal.KeywordExecutor.executeKeywordForPlatform(KeywordExecutor.groovy:72)
	at com.kms.katalon.core.webui.keyword.WebUiBuiltInKeywords.click(WebUiBuiltInKeywords.groovy:616)
	at com.kms.katalon.core.webui.keyword.WebUiBuiltInKeywords$click$1.call(Unknown Source)
	at More_Than_15_Char.run(More_Than_15_Char:23)
	at com.kms.katalon.core.main.ScriptEngine.run(ScriptEngine.java:194)
	at com.kms.katalon.core.main.ScriptEngine.runScriptAsRawText(ScriptEngine.java:119)
	at com.kms.katalon.core.main.TestCaseExecutor.runScript(TestCaseExecutor.java:337)
	at com.kms.katalon.core.main.TestCaseExecutor.doExecute(TestCaseExecutor.java:328)
	at com.kms.katalon.core.main.TestCaseExecutor.processExecutionPhase(TestCaseExecutor.java:307)
	at com.kms.katalon.core.main.TestCaseExecutor.accessMainPhase(TestCaseExecutor.java:299)
	at com.kms.katalon.core.main.TestCaseExecutor.execute(TestCaseExecutor.java:233)
	at com.kms.katalon.core.main.TestSuiteExecutor.accessTestCaseMainPhase(TestSuiteExecutor.java:169)
	at com.kms.katalon.core.main.TestSuiteExecutor.accessTestSuiteMainPhase(TestSuiteExecutor.java:142)
	at com.kms.katalon.core.main.TestSuiteExecutor.execute(TestSuiteExecutor.java:91)
	at com.kms.katalon.core.main.TestCaseMain.startTestSuite(TestCaseMain.java:157)
	at com.kms.katalon.core.main.TestCaseMain$startTestSuite$0.call(Unknown Source)
	at TempTestSuite1577543522490.run(TempTestSuite1577543522490.groovy:36)
Caused by: com.kms.katalon.core.webui.exception.WebElementNotFoundException: Web element with id: 'Object Repository/1_Create_Team/Page_Mattermost/span_Create a new team' located by 'By.xpath: //a[@id='createNewTeamLink']/span' not found
	at com.kms.katalon.core.webui.common.WebUiCommonHelper.findWebElement(WebUiCommonHelper.java:1154)
	at com.kms.katalon.core.webui.keyword.internal.WebUIAbstractKeyword.findWebElement(WebUIAbstractKeyword.groovy:27)
	at com.kms.katalon.core.webui.keyword.internal.WebUIAbstractKeyword.findWebElement(WebUIAbstractKeyword.groovy:26)
	at com.kms.katalon.core.webui.keyword.builtin.ClickKeyword$_click_closure1.doCall(ClickKeyword.groovy:67)
	at com.kms.katalon.core.webui.keyword.builtin.ClickKeyword$_click_closure1.call(ClickKeyword.groovy)
	at com.kms.katalon.core.webui.keyword.internal.WebUIKeywordMain.runKeyword(WebUIKeywordMain.groovy:20)
	... 19 more


2019-12-28 21:35:31 - [TEST_STEP][PASSED] - openBrowser(""): Browser is opened with url: ''

2019-12-28 21:35:32 - [MESSAGE][PASSED] - Browser is opened with url: ''

2019-12-28 21:35:32 - [TEST_STEP][PASSED] - navigateToUrl("http://localhost:8065/"): Navigate to 'http://localhost:8065/' successfully

2019-12-28 21:35:32 - [MESSAGE][PASSED] - Navigate to 'http://localhost:8065/' successfully

2019-12-28 21:35:32 - [TEST_STEP][FAILED] - click(findTestObject("1_Create_Team/Page_Mattermost/span_Create a new team")): Unable to click on object 'Object Repository/1_Create_Team/Page_Mattermost/span_Create a new team' (Root cause: com.kms.katalon.core.exception.StepFailedException: Unable to click on object 'Object Repository/1_Create_Team/Page_Mattermost/span_Create a new team'
	at com.kms.katalon.core.webui.keyword.internal.WebUIKeywordMain.stepFailed(WebUIKeywordMain.groovy:64)
	at com.kms.katalon.core.webui.keyword.internal.WebUIKeywordMain.runKeyword(WebUIKeywordMain.groovy:26)
	at com.kms.katalon.core.webui.keyword.builtin.ClickKeyword.click(ClickKeyword.groovy:102)
	at com.kms.katalon.core.webui.keyword.builtin.ClickKeyword.execute(ClickKeyword.groovy:43)
	at com.kms.katalon.core.keyword.internal.KeywordExecutor.executeKeywordForPlatform(KeywordExecutor.groovy:72)
	at com.kms.katalon.core.webui.keyword.WebUiBuiltInKeywords.click(WebUiBuiltInKeywords.groovy:616)
	at com.kms.katalon.core.webui.keyword.WebUiBuiltInKeywords$click$1.call(Unknown Source)
	at More_Than_15_Char.run(More_Than_15_Char:23)
	at com.kms.katalon.core.main.ScriptEngine.run(ScriptEngine.java:194)
	at com.kms.katalon.core.main.ScriptEngine.runScriptAsRawText(ScriptEngine.java:119)
	at com.kms.katalon.core.main.TestCaseExecutor.runScript(TestCaseExecutor.java:337)
	at com.kms.katalon.core.main.TestCaseExecutor.doExecute(TestCaseExecutor.java:328)
	at com.kms.katalon.core.main.TestCaseExecutor.processExecutionPhase(TestCaseExecutor.java:307)
	at com.kms.katalon.core.main.TestCaseExecutor.accessMainPhase(TestCaseExecutor.java:299)
	at com.kms.katalon.core.main.TestCaseExecutor.execute(TestCaseExecutor.java:233)
	at com.kms.katalon.core.main.TestSuiteExecutor.accessTestCaseMainPhase(TestSuiteExecutor.java:169)
	at com.kms.katalon.core.main.TestSuiteExecutor.accessTestSuiteMainPhase(TestSuiteExecutor.java:142)
	at com.kms.katalon.core.main.TestSuiteExecutor.execute(TestSuiteExecutor.java:91)
	at com.kms.katalon.core.main.TestCaseMain.startTestSuite(TestCaseMain.java:157)
	at com.kms.katalon.core.main.TestCaseMain$startTestSuite$0.call(Unknown Source)
	at TempTestSuite1577543522490.run(TempTestSuite1577543522490.groovy:36)
Caused by: com.kms.katalon.core.webui.exception.WebElementNotFoundException: Web element with id: 'Object Repository/1_Create_Team/Page_Mattermost/span_Create a new team' located by 'By.xpath: //a[@id='createNewTeamLink']/span' not found
	at com.kms.katalon.core.webui.common.WebUiCommonHelper.findWebElement(WebUiCommonHelper.java:1154)
	at com.kms.katalon.core.webui.keyword.internal.WebUIAbstractKeyword.findWebElement(WebUIAbstractKeyword.groovy:27)
	at com.kms.katalon.core.webui.keyword.internal.WebUIAbstractKeyword.findWebElement(WebUIAbstractKeyword.groovy:26)
	at com.kms.katalon.core.webui.keyword.builtin.ClickKeyword$_click_closure1.doCall(ClickKeyword.groovy:67)
	at com.kms.katalon.core.webui.keyword.builtin.ClickKeyword$_click_closure1.call(ClickKeyword.groovy)
	at com.kms.katalon.core.webui.keyword.internal.WebUIKeywordMain.runKeyword(WebUIKeywordMain.groovy:20)
	at com.kms.katalon.core.webui.keyword.builtin.ClickKeyword.click(ClickKeyword.groovy:102)
	at com.kms.katalon.core.webui.keyword.builtin.ClickKeyword.execute(ClickKeyword.groovy:43)
	at com.kms.katalon.core.keyword.internal.KeywordExecutor.executeKeywordForPlatform(KeywordExecutor.groovy:72)
	at com.kms.katalon.core.webui.keyword.WebUiBuiltInKeywords.click(WebUiBuiltInKeywords.groovy:616)
	at com.kms.katalon.core.webui.keyword.WebUiBuiltInKeywords$click$1.call(Unknown Source)
	at Script1576844845210.run(Script1576844845210.groovy:23)
	... 13 more
)

2019-12-28 21:36:16 - [MESSAGE][INFO] - Unable to find the element located by 'By.xpath: //a[@id='createNewTeamLink']/span'. Please recheck the objects properties to make sure the desired element is located. 

2019-12-28 21:36:16 - [MESSAGE][INFO] - [SMART_XPATH] Auto-trying out other XPath values in the test object.

2019-12-28 21:36:17 - [MESSAGE][INFO] - [SMART_XPATH] FAILED XPATH: '//a[@id='createNewTeamLink']/span'.

2019-12-28 21:36:17 - [MESSAGE][INFO] - [SMART_XPATH] FAILED XPATH: '(.//*[normalize-space(text()) and normalize-space(.)='No teams are available to join. Please create a new team or ask your administrator for an invite.'])[1]/following::span[1]'.

2019-12-28 21:36:17 - [MESSAGE][INFO] - [SMART_XPATH] FAILED XPATH: '(.//*[normalize-space(text()) and normalize-space(.)='Teams you can join:'])[1]/following::span[2]'.

2019-12-28 21:36:17 - [MESSAGE][INFO] - [SMART_XPATH] FAILED XPATH: '(.//*[normalize-space(text()) and normalize-space(.)='Go to System Console'])[1]/preceding::span[1]'.

2019-12-28 21:36:17 - [MESSAGE][INFO] - [SMART_XPATH] FAILED XPATH: '(.//*[normalize-space(text()) and normalize-space(.)='Mattermost'])[3]/preceding::span[2]'.

2019-12-28 21:36:18 - [MESSAGE][INFO] - [SMART_XPATH] FAILED XPATH: '//*/text()[normalize-space(.)='Create a new team']/parent::*'.

2019-12-28 21:36:18 - [MESSAGE][INFO] - [SMART_XPATH] FAILED XPATH: '//div[3]/div/div[2]/a/span'.

2019-12-28 21:36:18 - [MESSAGE][INFO] - [SMART_XPATH] No working XPath is found.

2019-12-28 21:36:18 - [MESSAGE][FAILED] - Unable to click on object 'Object Repository/1_Create_Team/Page_Mattermost/span_Create a new team' (Root cause: com.kms.katalon.core.exception.StepFailedException: Unable to click on object 'Object Repository/1_Create_Team/Page_Mattermost/span_Create a new team'
	at com.kms.katalon.core.webui.keyword.internal.WebUIKeywordMain.stepFailed(WebUIKeywordMain.groovy:64)
	at com.kms.katalon.core.webui.keyword.internal.WebUIKeywordMain.runKeyword(WebUIKeywordMain.groovy:26)
	at com.kms.katalon.core.webui.keyword.builtin.ClickKeyword.click(ClickKeyword.groovy:102)
	at com.kms.katalon.core.webui.keyword.builtin.ClickKeyword.execute(ClickKeyword.groovy:43)
	at com.kms.katalon.core.keyword.internal.KeywordExecutor.executeKeywordForPlatform(KeywordExecutor.groovy:72)
	at com.kms.katalon.core.webui.keyword.WebUiBuiltInKeywords.click(WebUiBuiltInKeywords.groovy:616)
	at com.kms.katalon.core.webui.keyword.WebUiBuiltInKeywords$click$1.call(Unknown Source)
	at More_Than_15_Char.run(More_Than_15_Char:23)
	at com.kms.katalon.core.main.ScriptEngine.run(ScriptEngine.java:194)
	at com.kms.katalon.core.main.ScriptEngine.runScriptAsRawText(ScriptEngine.java:119)
	at com.kms.katalon.core.main.TestCaseExecutor.runScript(TestCaseExecutor.java:337)
	at com.kms.katalon.core.main.TestCaseExecutor.doExecute(TestCaseExecutor.java:328)
	at com.kms.katalon.core.main.TestCaseExecutor.processExecutionPhase(TestCaseExecutor.java:307)
	at com.kms.katalon.core.main.TestCaseExecutor.accessMainPhase(TestCaseExecutor.java:299)
	at com.kms.katalon.core.main.TestCaseExecutor.execute(TestCaseExecutor.java:233)
	at com.kms.katalon.core.main.TestSuiteExecutor.accessTestCaseMainPhase(TestSuiteExecutor.java:169)
	at com.kms.katalon.core.main.TestSuiteExecutor.accessTestSuiteMainPhase(TestSuiteExecutor.java:142)
	at com.kms.katalon.core.main.TestSuiteExecutor.execute(TestSuiteExecutor.java:91)
	at com.kms.katalon.core.main.TestCaseMain.startTestSuite(TestCaseMain.java:157)
	at com.kms.katalon.core.main.TestCaseMain$startTestSuite$0.call(Unknown Source)
	at TempTestSuite1577543522490.run(TempTestSuite1577543522490.groovy:36)
Caused by: com.kms.katalon.core.webui.exception.WebElementNotFoundException: Web element with id: 'Object Repository/1_Create_Team/Page_Mattermost/span_Create a new team' located by 'By.xpath: //a[@id='createNewTeamLink']/span' not found
	at com.kms.katalon.core.webui.common.WebUiCommonHelper.findWebElement(WebUiCommonHelper.java:1154)
	at com.kms.katalon.core.webui.keyword.internal.WebUIAbstractKeyword.findWebElement(WebUIAbstractKeyword.groovy:27)
	at com.kms.katalon.core.webui.keyword.internal.WebUIAbstractKeyword.findWebElement(WebUIAbstractKeyword.groovy:26)
	at com.kms.katalon.core.webui.keyword.builtin.ClickKeyword$_click_closure1.doCall(ClickKeyword.groovy:67)
	at com.kms.katalon.core.webui.keyword.builtin.ClickKeyword$_click_closure1.call(ClickKeyword.groovy)
	at com.kms.katalon.core.webui.keyword.internal.WebUIKeywordMain.runKeyword(WebUIKeywordMain.groovy:20)
	at com.kms.katalon.core.webui.keyword.builtin.ClickKeyword.click(ClickKeyword.groovy:102)
	at com.kms.katalon.core.webui.keyword.builtin.ClickKeyword.execute(ClickKeyword.groovy:43)
	at com.kms.katalon.core.keyword.internal.KeywordExecutor.executeKeywordForPlatform(KeywordExecutor.groovy:72)
	at com.kms.katalon.core.webui.keyword.WebUiBuiltInKeywords.click(WebUiBuiltInKeywords.groovy:616)
	at com.kms.katalon.core.webui.keyword.WebUiBuiltInKeywords$click$1.call(Unknown Source)
	at Script1576844845210.run(Script1576844845210.groovy:23)
	... 13 more
)
[[ATTACHMENT|/Users/nguyentri/Desktop/Learn/SoftwareEngineer/mattermost-duo-test/Reports/20191228_213202/Run_all_test_cases/20191228_213202/1577543778404.png]]]]></system-out>
         <system-err><![CDATA[2019-12-28 21:35:31 - [TEST_CASE][FAILED] - Test Cases/1_Create_Team/More_Than_15_Char: Test Cases/1_Create_Team/More_Than_15_Char FAILED.
Reason:
com.kms.katalon.core.exception.StepFailedException: Unable to click on object 'Object Repository/1_Create_Team/Page_Mattermost/span_Create a new team'
	at com.kms.katalon.core.webui.keyword.internal.WebUIKeywordMain.stepFailed(WebUIKeywordMain.groovy:64)
	at com.kms.katalon.core.webui.keyword.internal.WebUIKeywordMain.runKeyword(WebUIKeywordMain.groovy:26)
	at com.kms.katalon.core.webui.keyword.builtin.ClickKeyword.click(ClickKeyword.groovy:102)
	at com.kms.katalon.core.webui.keyword.builtin.ClickKeyword.execute(ClickKeyword.groovy:43)
	at com.kms.katalon.core.keyword.internal.KeywordExecutor.executeKeywordForPlatform(KeywordExecutor.groovy:72)
	at com.kms.katalon.core.webui.keyword.WebUiBuiltInKeywords.click(WebUiBuiltInKeywords.groovy:616)
	at com.kms.katalon.core.webui.keyword.WebUiBuiltInKeywords$click$1.call(Unknown Source)
	at More_Than_15_Char.run(More_Than_15_Char:23)
	at com.kms.katalon.core.main.ScriptEngine.run(ScriptEngine.java:194)
	at com.kms.katalon.core.main.ScriptEngine.runScriptAsRawText(ScriptEngine.java:119)
	at com.kms.katalon.core.main.TestCaseExecutor.runScript(TestCaseExecutor.java:337)
	at com.kms.katalon.core.main.TestCaseExecutor.doExecute(TestCaseExecutor.java:328)
	at com.kms.katalon.core.main.TestCaseExecutor.processExecutionPhase(TestCaseExecutor.java:307)
	at com.kms.katalon.core.main.TestCaseExecutor.accessMainPhase(TestCaseExecutor.java:299)
	at com.kms.katalon.core.main.TestCaseExecutor.execute(TestCaseExecutor.java:233)
	at com.kms.katalon.core.main.TestSuiteExecutor.accessTestCaseMainPhase(TestSuiteExecutor.java:169)
	at com.kms.katalon.core.main.TestSuiteExecutor.accessTestSuiteMainPhase(TestSuiteExecutor.java:142)
	at com.kms.katalon.core.main.TestSuiteExecutor.execute(TestSuiteExecutor.java:91)
	at com.kms.katalon.core.main.TestCaseMain.startTestSuite(TestCaseMain.java:157)
	at com.kms.katalon.core.main.TestCaseMain$startTestSuite$0.call(Unknown Source)
	at TempTestSuite1577543522490.run(TempTestSuite1577543522490.groovy:36)
Caused by: com.kms.katalon.core.webui.exception.WebElementNotFoundException: Web element with id: 'Object Repository/1_Create_Team/Page_Mattermost/span_Create a new team' located by 'By.xpath: //a[@id='createNewTeamLink']/span' not found
	at com.kms.katalon.core.webui.common.WebUiCommonHelper.findWebElement(WebUiCommonHelper.java:1154)
	at com.kms.katalon.core.webui.keyword.internal.WebUIAbstractKeyword.findWebElement(WebUIAbstractKeyword.groovy:27)
	at com.kms.katalon.core.webui.keyword.internal.WebUIAbstractKeyword.findWebElement(WebUIAbstractKeyword.groovy:26)
	at com.kms.katalon.core.webui.keyword.builtin.ClickKeyword$_click_closure1.doCall(ClickKeyword.groovy:67)
	at com.kms.katalon.core.webui.keyword.builtin.ClickKeyword$_click_closure1.call(ClickKeyword.groovy)
	at com.kms.katalon.core.webui.keyword.internal.WebUIKeywordMain.runKeyword(WebUIKeywordMain.groovy:20)
	... 19 more]]></system-err>
      </testcase>
      <testcase name="Test Cases/1_Create_Team/More_Than_15_Char" time="47.901" classname="Test Cases/1_Create_Team/More_Than_15_Char" status="FAILED">
         <failure type="FAILED" message="Test Cases/1_Create_Team/More_Than_15_Char FAILED.
Reason:
com.kms.katalon.core.exception.StepFailedException: Unable to click on object 'Object Repository/1_Create_Team/Page_Mattermost/span_Create a new team'
	at com.kms.katalon.core.webui.keyword.internal.WebUIKeywordMain.stepFailed(WebUIKeywordMain.groovy:64)
	at com.kms.katalon.core.webui.keyword.internal.WebUIKeywordMain.runKeyword(WebUIKeywordMain.groovy:26)
	at com.kms.katalon.core.webui.keyword.builtin.ClickKeyword.click(ClickKeyword.groovy:102)
	at com.kms.katalon.core.webui.keyword.builtin.ClickKeyword.execute(ClickKeyword.groovy:43)
	at com.kms.katalon.core.keyword.internal.KeywordExecutor.executeKeywordForPlatform(KeywordExecutor.groovy:72)
	at com.kms.katalon.core.webui.keyword.WebUiBuiltInKeywords.click(WebUiBuiltInKeywords.groovy:616)
	at com.kms.katalon.core.webui.keyword.WebUiBuiltInKeywords$click$1.call(Unknown Source)
	at More_Than_15_Char.run(More_Than_15_Char:23)
	at com.kms.katalon.core.main.ScriptEngine.run(ScriptEngine.java:194)
	at com.kms.katalon.core.main.ScriptEngine.runScriptAsRawText(ScriptEngine.java:119)
	at com.kms.katalon.core.main.TestCaseExecutor.runScript(TestCaseExecutor.java:337)
	at com.kms.katalon.core.main.TestCaseExecutor.doExecute(TestCaseExecutor.java:328)
	at com.kms.katalon.core.main.TestCaseExecutor.processExecutionPhase(TestCaseExecutor.java:307)
	at com.kms.katalon.core.main.TestCaseExecutor.accessMainPhase(TestCaseExecutor.java:299)
	at com.kms.katalon.core.main.TestCaseExecutor.execute(TestCaseExecutor.java:233)
	at com.kms.katalon.core.main.TestSuiteExecutor.accessTestCaseMainPhase(TestSuiteExecutor.java:169)
	at com.kms.katalon.core.main.TestSuiteExecutor.accessTestSuiteMainPhase(TestSuiteExecutor.java:142)
	at com.kms.katalon.core.main.TestSuiteExecutor.execute(TestSuiteExecutor.java:91)
	at com.kms.katalon.core.main.TestCaseMain.startTestSuite(TestCaseMain.java:157)
	at com.kms.katalon.core.main.TestCaseMain$startTestSuite$0.call(Unknown Source)
	at TempTestSuite1577543522490.run(TempTestSuite1577543522490.groovy:36)
Caused by: com.kms.katalon.core.webui.exception.WebElementNotFoundException: Web element with id: 'Object Repository/1_Create_Team/Page_Mattermost/span_Create a new team' located by 'By.xpath: //a[@id='createNewTeamLink']/span' not found
	at com.kms.katalon.core.webui.common.WebUiCommonHelper.findWebElement(WebUiCommonHelper.java:1154)
	at com.kms.katalon.core.webui.keyword.internal.WebUIAbstractKeyword.findWebElement(WebUIAbstractKeyword.groovy:27)
	at com.kms.katalon.core.webui.keyword.internal.WebUIAbstractKeyword.findWebElement(WebUIAbstractKeyword.groovy:26)
	at com.kms.katalon.core.webui.keyword.builtin.ClickKeyword$_click_closure1.doCall(ClickKeyword.groovy:67)
	at com.kms.katalon.core.webui.keyword.builtin.ClickKeyword$_click_closure1.call(ClickKeyword.groovy)
	at com.kms.katalon.core.webui.keyword.internal.WebUIKeywordMain.runKeyword(WebUIKeywordMain.groovy:20)
	... 19 more
"/>
         <system-out><![CDATA[2019-12-28 21:36:18 - [TEST_CASE][FAILED] - Test Cases/1_Create_Team/More_Than_15_Char: Test Cases/1_Create_Team/More_Than_15_Char FAILED.
Reason:
com.kms.katalon.core.exception.StepFailedException: Unable to click on object 'Object Repository/1_Create_Team/Page_Mattermost/span_Create a new team'
	at com.kms.katalon.core.webui.keyword.internal.WebUIKeywordMain.stepFailed(WebUIKeywordMain.groovy:64)
	at com.kms.katalon.core.webui.keyword.internal.WebUIKeywordMain.runKeyword(WebUIKeywordMain.groovy:26)
	at com.kms.katalon.core.webui.keyword.builtin.ClickKeyword.click(ClickKeyword.groovy:102)
	at com.kms.katalon.core.webui.keyword.builtin.ClickKeyword.execute(ClickKeyword.groovy:43)
	at com.kms.katalon.core.keyword.internal.KeywordExecutor.executeKeywordForPlatform(KeywordExecutor.groovy:72)
	at com.kms.katalon.core.webui.keyword.WebUiBuiltInKeywords.click(WebUiBuiltInKeywords.groovy:616)
	at com.kms.katalon.core.webui.keyword.WebUiBuiltInKeywords$click$1.call(Unknown Source)
	at More_Than_15_Char.run(More_Than_15_Char:23)
	at com.kms.katalon.core.main.ScriptEngine.run(ScriptEngine.java:194)
	at com.kms.katalon.core.main.ScriptEngine.runScriptAsRawText(ScriptEngine.java:119)
	at com.kms.katalon.core.main.TestCaseExecutor.runScript(TestCaseExecutor.java:337)
	at com.kms.katalon.core.main.TestCaseExecutor.doExecute(TestCaseExecutor.java:328)
	at com.kms.katalon.core.main.TestCaseExecutor.processExecutionPhase(TestCaseExecutor.java:307)
	at com.kms.katalon.core.main.TestCaseExecutor.accessMainPhase(TestCaseExecutor.java:299)
	at com.kms.katalon.core.main.TestCaseExecutor.execute(TestCaseExecutor.java:233)
	at com.kms.katalon.core.main.TestSuiteExecutor.accessTestCaseMainPhase(TestSuiteExecutor.java:169)
	at com.kms.katalon.core.main.TestSuiteExecutor.accessTestSuiteMainPhase(TestSuiteExecutor.java:142)
	at com.kms.katalon.core.main.TestSuiteExecutor.execute(TestSuiteExecutor.java:91)
	at com.kms.katalon.core.main.TestCaseMain.startTestSuite(TestCaseMain.java:157)
	at com.kms.katalon.core.main.TestCaseMain$startTestSuite$0.call(Unknown Source)
	at TempTestSuite1577543522490.run(TempTestSuite1577543522490.groovy:36)
Caused by: com.kms.katalon.core.webui.exception.WebElementNotFoundException: Web element with id: 'Object Repository/1_Create_Team/Page_Mattermost/span_Create a new team' located by 'By.xpath: //a[@id='createNewTeamLink']/span' not found
	at com.kms.katalon.core.webui.common.WebUiCommonHelper.findWebElement(WebUiCommonHelper.java:1154)
	at com.kms.katalon.core.webui.keyword.internal.WebUIAbstractKeyword.findWebElement(WebUIAbstractKeyword.groovy:27)
	at com.kms.katalon.core.webui.keyword.internal.WebUIAbstractKeyword.findWebElement(WebUIAbstractKeyword.groovy:26)
	at com.kms.katalon.core.webui.keyword.builtin.ClickKeyword$_click_closure1.doCall(ClickKeyword.groovy:67)
	at com.kms.katalon.core.webui.keyword.builtin.ClickKeyword$_click_closure1.call(ClickKeyword.groovy)
	at com.kms.katalon.core.webui.keyword.internal.WebUIKeywordMain.runKeyword(WebUIKeywordMain.groovy:20)
	... 19 more


2019-12-28 21:36:18 - [TEST_STEP][PASSED] - openBrowser(""): Browser is opened with url: ''

2019-12-28 21:36:19 - [MESSAGE][PASSED] - Browser is opened with url: ''

2019-12-28 21:36:19 - [TEST_STEP][PASSED] - navigateToUrl("http://localhost:8065/"): Navigate to 'http://localhost:8065/' successfully

2019-12-28 21:36:20 - [MESSAGE][PASSED] - Navigate to 'http://localhost:8065/' successfully

2019-12-28 21:36:20 - [TEST_STEP][FAILED] - click(findTestObject("1_Create_Team/Page_Mattermost/span_Create a new team")): Unable to click on object 'Object Repository/1_Create_Team/Page_Mattermost/span_Create a new team' (Root cause: com.kms.katalon.core.exception.StepFailedException: Unable to click on object 'Object Repository/1_Create_Team/Page_Mattermost/span_Create a new team'
	at com.kms.katalon.core.webui.keyword.internal.WebUIKeywordMain.stepFailed(WebUIKeywordMain.groovy:64)
	at com.kms.katalon.core.webui.keyword.internal.WebUIKeywordMain.runKeyword(WebUIKeywordMain.groovy:26)
	at com.kms.katalon.core.webui.keyword.builtin.ClickKeyword.click(ClickKeyword.groovy:102)
	at com.kms.katalon.core.webui.keyword.builtin.ClickKeyword.execute(ClickKeyword.groovy:43)
	at com.kms.katalon.core.keyword.internal.KeywordExecutor.executeKeywordForPlatform(KeywordExecutor.groovy:72)
	at com.kms.katalon.core.webui.keyword.WebUiBuiltInKeywords.click(WebUiBuiltInKeywords.groovy:616)
	at com.kms.katalon.core.webui.keyword.WebUiBuiltInKeywords$click$1.call(Unknown Source)
	at More_Than_15_Char.run(More_Than_15_Char:23)
	at com.kms.katalon.core.main.ScriptEngine.run(ScriptEngine.java:194)
	at com.kms.katalon.core.main.ScriptEngine.runScriptAsRawText(ScriptEngine.java:119)
	at com.kms.katalon.core.main.TestCaseExecutor.runScript(TestCaseExecutor.java:337)
	at com.kms.katalon.core.main.TestCaseExecutor.doExecute(TestCaseExecutor.java:328)
	at com.kms.katalon.core.main.TestCaseExecutor.processExecutionPhase(TestCaseExecutor.java:307)
	at com.kms.katalon.core.main.TestCaseExecutor.accessMainPhase(TestCaseExecutor.java:299)
	at com.kms.katalon.core.main.TestCaseExecutor.execute(TestCaseExecutor.java:233)
	at com.kms.katalon.core.main.TestSuiteExecutor.accessTestCaseMainPhase(TestSuiteExecutor.java:169)
	at com.kms.katalon.core.main.TestSuiteExecutor.accessTestSuiteMainPhase(TestSuiteExecutor.java:142)
	at com.kms.katalon.core.main.TestSuiteExecutor.execute(TestSuiteExecutor.java:91)
	at com.kms.katalon.core.main.TestCaseMain.startTestSuite(TestCaseMain.java:157)
	at com.kms.katalon.core.main.TestCaseMain$startTestSuite$0.call(Unknown Source)
	at TempTestSuite1577543522490.run(TempTestSuite1577543522490.groovy:36)
Caused by: com.kms.katalon.core.webui.exception.WebElementNotFoundException: Web element with id: 'Object Repository/1_Create_Team/Page_Mattermost/span_Create a new team' located by 'By.xpath: //a[@id='createNewTeamLink']/span' not found
	at com.kms.katalon.core.webui.common.WebUiCommonHelper.findWebElement(WebUiCommonHelper.java:1154)
	at com.kms.katalon.core.webui.keyword.internal.WebUIAbstractKeyword.findWebElement(WebUIAbstractKeyword.groovy:27)
	at com.kms.katalon.core.webui.keyword.internal.WebUIAbstractKeyword.findWebElement(WebUIAbstractKeyword.groovy:26)
	at com.kms.katalon.core.webui.keyword.builtin.ClickKeyword$_click_closure1.doCall(ClickKeyword.groovy:67)
	at com.kms.katalon.core.webui.keyword.builtin.ClickKeyword$_click_closure1.call(ClickKeyword.groovy)
	at com.kms.katalon.core.webui.keyword.internal.WebUIKeywordMain.runKeyword(WebUIKeywordMain.groovy:20)
	at com.kms.katalon.core.webui.keyword.builtin.ClickKeyword.click(ClickKeyword.groovy:102)
	at com.kms.katalon.core.webui.keyword.builtin.ClickKeyword.execute(ClickKeyword.groovy:43)
	at com.kms.katalon.core.keyword.internal.KeywordExecutor.executeKeywordForPlatform(KeywordExecutor.groovy:72)
	at com.kms.katalon.core.webui.keyword.WebUiBuiltInKeywords.click(WebUiBuiltInKeywords.groovy:616)
	at com.kms.katalon.core.webui.keyword.WebUiBuiltInKeywords$click$1.call(Unknown Source)
	at Script1576844845210.run(Script1576844845210.groovy:23)
	... 13 more
)

2019-12-28 21:37:04 - [MESSAGE][INFO] - Unable to find the element located by 'By.xpath: //a[@id='createNewTeamLink']/span'. Please recheck the objects properties to make sure the desired element is located. 

2019-12-28 21:37:04 - [MESSAGE][INFO] - [SMART_XPATH] Auto-trying out other XPath values in the test object.

2019-12-28 21:37:04 - [MESSAGE][INFO] - [SMART_XPATH] FAILED XPATH: '//a[@id='createNewTeamLink']/span'.

2019-12-28 21:37:05 - [MESSAGE][INFO] - [SMART_XPATH] FAILED XPATH: '(.//*[normalize-space(text()) and normalize-space(.)='No teams are available to join. Please create a new team or ask your administrator for an invite.'])[1]/following::span[1]'.

2019-12-28 21:37:05 - [MESSAGE][INFO] - [SMART_XPATH] FAILED XPATH: '(.//*[normalize-space(text()) and normalize-space(.)='Teams you can join:'])[1]/following::span[2]'.

2019-12-28 21:37:05 - [MESSAGE][INFO] - [SMART_XPATH] FAILED XPATH: '(.//*[normalize-space(text()) and normalize-space(.)='Go to System Console'])[1]/preceding::span[1]'.

2019-12-28 21:37:05 - [MESSAGE][INFO] - [SMART_XPATH] FAILED XPATH: '(.//*[normalize-space(text()) and normalize-space(.)='Mattermost'])[3]/preceding::span[2]'.

2019-12-28 21:37:06 - [MESSAGE][INFO] - [SMART_XPATH] FAILED XPATH: '//*/text()[normalize-space(.)='Create a new team']/parent::*'.

2019-12-28 21:37:06 - [MESSAGE][INFO] - [SMART_XPATH] FAILED XPATH: '//div[3]/div/div[2]/a/span'.

2019-12-28 21:37:06 - [MESSAGE][INFO] - [SMART_XPATH] No working XPath is found.

2019-12-28 21:37:06 - [MESSAGE][FAILED] - Unable to click on object 'Object Repository/1_Create_Team/Page_Mattermost/span_Create a new team' (Root cause: com.kms.katalon.core.exception.StepFailedException: Unable to click on object 'Object Repository/1_Create_Team/Page_Mattermost/span_Create a new team'
	at com.kms.katalon.core.webui.keyword.internal.WebUIKeywordMain.stepFailed(WebUIKeywordMain.groovy:64)
	at com.kms.katalon.core.webui.keyword.internal.WebUIKeywordMain.runKeyword(WebUIKeywordMain.groovy:26)
	at com.kms.katalon.core.webui.keyword.builtin.ClickKeyword.click(ClickKeyword.groovy:102)
	at com.kms.katalon.core.webui.keyword.builtin.ClickKeyword.execute(ClickKeyword.groovy:43)
	at com.kms.katalon.core.keyword.internal.KeywordExecutor.executeKeywordForPlatform(KeywordExecutor.groovy:72)
	at com.kms.katalon.core.webui.keyword.WebUiBuiltInKeywords.click(WebUiBuiltInKeywords.groovy:616)
	at com.kms.katalon.core.webui.keyword.WebUiBuiltInKeywords$click$1.call(Unknown Source)
	at More_Than_15_Char.run(More_Than_15_Char:23)
	at com.kms.katalon.core.main.ScriptEngine.run(ScriptEngine.java:194)
	at com.kms.katalon.core.main.ScriptEngine.runScriptAsRawText(ScriptEngine.java:119)
	at com.kms.katalon.core.main.TestCaseExecutor.runScript(TestCaseExecutor.java:337)
	at com.kms.katalon.core.main.TestCaseExecutor.doExecute(TestCaseExecutor.java:328)
	at com.kms.katalon.core.main.TestCaseExecutor.processExecutionPhase(TestCaseExecutor.java:307)
	at com.kms.katalon.core.main.TestCaseExecutor.accessMainPhase(TestCaseExecutor.java:299)
	at com.kms.katalon.core.main.TestCaseExecutor.execute(TestCaseExecutor.java:233)
	at com.kms.katalon.core.main.TestSuiteExecutor.accessTestCaseMainPhase(TestSuiteExecutor.java:169)
	at com.kms.katalon.core.main.TestSuiteExecutor.accessTestSuiteMainPhase(TestSuiteExecutor.java:142)
	at com.kms.katalon.core.main.TestSuiteExecutor.execute(TestSuiteExecutor.java:91)
	at com.kms.katalon.core.main.TestCaseMain.startTestSuite(TestCaseMain.java:157)
	at com.kms.katalon.core.main.TestCaseMain$startTestSuite$0.call(Unknown Source)
	at TempTestSuite1577543522490.run(TempTestSuite1577543522490.groovy:36)
Caused by: com.kms.katalon.core.webui.exception.WebElementNotFoundException: Web element with id: 'Object Repository/1_Create_Team/Page_Mattermost/span_Create a new team' located by 'By.xpath: //a[@id='createNewTeamLink']/span' not found
	at com.kms.katalon.core.webui.common.WebUiCommonHelper.findWebElement(WebUiCommonHelper.java:1154)
	at com.kms.katalon.core.webui.keyword.internal.WebUIAbstractKeyword.findWebElement(WebUIAbstractKeyword.groovy:27)
	at com.kms.katalon.core.webui.keyword.internal.WebUIAbstractKeyword.findWebElement(WebUIAbstractKeyword.groovy:26)
	at com.kms.katalon.core.webui.keyword.builtin.ClickKeyword$_click_closure1.doCall(ClickKeyword.groovy:67)
	at com.kms.katalon.core.webui.keyword.builtin.ClickKeyword$_click_closure1.call(ClickKeyword.groovy)
	at com.kms.katalon.core.webui.keyword.internal.WebUIKeywordMain.runKeyword(WebUIKeywordMain.groovy:20)
	at com.kms.katalon.core.webui.keyword.builtin.ClickKeyword.click(ClickKeyword.groovy:102)
	at com.kms.katalon.core.webui.keyword.builtin.ClickKeyword.execute(ClickKeyword.groovy:43)
	at com.kms.katalon.core.keyword.internal.KeywordExecutor.executeKeywordForPlatform(KeywordExecutor.groovy:72)
	at com.kms.katalon.core.webui.keyword.WebUiBuiltInKeywords.click(WebUiBuiltInKeywords.groovy:616)
	at com.kms.katalon.core.webui.keyword.WebUiBuiltInKeywords$click$1.call(Unknown Source)
	at Script1576844845210.run(Script1576844845210.groovy:23)
	... 13 more
)
[[ATTACHMENT|/Users/nguyentri/Desktop/Learn/SoftwareEngineer/mattermost-duo-test/Reports/20191228_213202/Run_all_test_cases/20191228_213202/1577543826398.png]]]]></system-out>
         <system-err><![CDATA[2019-12-28 21:36:18 - [TEST_CASE][FAILED] - Test Cases/1_Create_Team/More_Than_15_Char: Test Cases/1_Create_Team/More_Than_15_Char FAILED.
Reason:
com.kms.katalon.core.exception.StepFailedException: Unable to click on object 'Object Repository/1_Create_Team/Page_Mattermost/span_Create a new team'
	at com.kms.katalon.core.webui.keyword.internal.WebUIKeywordMain.stepFailed(WebUIKeywordMain.groovy:64)
	at com.kms.katalon.core.webui.keyword.internal.WebUIKeywordMain.runKeyword(WebUIKeywordMain.groovy:26)
	at com.kms.katalon.core.webui.keyword.builtin.ClickKeyword.click(ClickKeyword.groovy:102)
	at com.kms.katalon.core.webui.keyword.builtin.ClickKeyword.execute(ClickKeyword.groovy:43)
	at com.kms.katalon.core.keyword.internal.KeywordExecutor.executeKeywordForPlatform(KeywordExecutor.groovy:72)
	at com.kms.katalon.core.webui.keyword.WebUiBuiltInKeywords.click(WebUiBuiltInKeywords.groovy:616)
	at com.kms.katalon.core.webui.keyword.WebUiBuiltInKeywords$click$1.call(Unknown Source)
	at More_Than_15_Char.run(More_Than_15_Char:23)
	at com.kms.katalon.core.main.ScriptEngine.run(ScriptEngine.java:194)
	at com.kms.katalon.core.main.ScriptEngine.runScriptAsRawText(ScriptEngine.java:119)
	at com.kms.katalon.core.main.TestCaseExecutor.runScript(TestCaseExecutor.java:337)
	at com.kms.katalon.core.main.TestCaseExecutor.doExecute(TestCaseExecutor.java:328)
	at com.kms.katalon.core.main.TestCaseExecutor.processExecutionPhase(TestCaseExecutor.java:307)
	at com.kms.katalon.core.main.TestCaseExecutor.accessMainPhase(TestCaseExecutor.java:299)
	at com.kms.katalon.core.main.TestCaseExecutor.execute(TestCaseExecutor.java:233)
	at com.kms.katalon.core.main.TestSuiteExecutor.accessTestCaseMainPhase(TestSuiteExecutor.java:169)
	at com.kms.katalon.core.main.TestSuiteExecutor.accessTestSuiteMainPhase(TestSuiteExecutor.java:142)
	at com.kms.katalon.core.main.TestSuiteExecutor.execute(TestSuiteExecutor.java:91)
	at com.kms.katalon.core.main.TestCaseMain.startTestSuite(TestCaseMain.java:157)
	at com.kms.katalon.core.main.TestCaseMain$startTestSuite$0.call(Unknown Source)
	at TempTestSuite1577543522490.run(TempTestSuite1577543522490.groovy:36)
Caused by: com.kms.katalon.core.webui.exception.WebElementNotFoundException: Web element with id: 'Object Repository/1_Create_Team/Page_Mattermost/span_Create a new team' located by 'By.xpath: //a[@id='createNewTeamLink']/span' not found
	at com.kms.katalon.core.webui.common.WebUiCommonHelper.findWebElement(WebUiCommonHelper.java:1154)
	at com.kms.katalon.core.webui.keyword.internal.WebUIAbstractKeyword.findWebElement(WebUIAbstractKeyword.groovy:27)
	at com.kms.katalon.core.webui.keyword.internal.WebUIAbstractKeyword.findWebElement(WebUIAbstractKeyword.groovy:26)
	at com.kms.katalon.core.webui.keyword.builtin.ClickKeyword$_click_closure1.doCall(ClickKeyword.groovy:67)
	at com.kms.katalon.core.webui.keyword.builtin.ClickKeyword$_click_closure1.call(ClickKeyword.groovy)
	at com.kms.katalon.core.webui.keyword.internal.WebUIKeywordMain.runKeyword(WebUIKeywordMain.groovy:20)
	... 19 more]]></system-err>
      </testcase>
      <testcase name="Test Cases/1_Create_Team/More_Than_15_Char" time="47.235" classname="Test Cases/1_Create_Team/More_Than_15_Char" status="FAILED">
         <failure type="FAILED" message="Test Cases/1_Create_Team/More_Than_15_Char FAILED.
Reason:
com.kms.katalon.core.exception.StepFailedException: Unable to click on object 'Object Repository/1_Create_Team/Page_Mattermost/span_Create a new team'
	at com.kms.katalon.core.webui.keyword.internal.WebUIKeywordMain.stepFailed(WebUIKeywordMain.groovy:64)
	at com.kms.katalon.core.webui.keyword.internal.WebUIKeywordMain.runKeyword(WebUIKeywordMain.groovy:26)
	at com.kms.katalon.core.webui.keyword.builtin.ClickKeyword.click(ClickKeyword.groovy:102)
	at com.kms.katalon.core.webui.keyword.builtin.ClickKeyword.execute(ClickKeyword.groovy:43)
	at com.kms.katalon.core.keyword.internal.KeywordExecutor.executeKeywordForPlatform(KeywordExecutor.groovy:72)
	at com.kms.katalon.core.webui.keyword.WebUiBuiltInKeywords.click(WebUiBuiltInKeywords.groovy:616)
	at com.kms.katalon.core.webui.keyword.WebUiBuiltInKeywords$click$1.call(Unknown Source)
	at More_Than_15_Char.run(More_Than_15_Char:23)
	at com.kms.katalon.core.main.ScriptEngine.run(ScriptEngine.java:194)
	at com.kms.katalon.core.main.ScriptEngine.runScriptAsRawText(ScriptEngine.java:119)
	at com.kms.katalon.core.main.TestCaseExecutor.runScript(TestCaseExecutor.java:337)
	at com.kms.katalon.core.main.TestCaseExecutor.doExecute(TestCaseExecutor.java:328)
	at com.kms.katalon.core.main.TestCaseExecutor.processExecutionPhase(TestCaseExecutor.java:307)
	at com.kms.katalon.core.main.TestCaseExecutor.accessMainPhase(TestCaseExecutor.java:299)
	at com.kms.katalon.core.main.TestCaseExecutor.execute(TestCaseExecutor.java:233)
	at com.kms.katalon.core.main.TestSuiteExecutor.accessTestCaseMainPhase(TestSuiteExecutor.java:169)
	at com.kms.katalon.core.main.TestSuiteExecutor.accessTestSuiteMainPhase(TestSuiteExecutor.java:142)
	at com.kms.katalon.core.main.TestSuiteExecutor.execute(TestSuiteExecutor.java:91)
	at com.kms.katalon.core.main.TestCaseMain.startTestSuite(TestCaseMain.java:157)
	at com.kms.katalon.core.main.TestCaseMain$startTestSuite$0.call(Unknown Source)
	at TempTestSuite1577543522490.run(TempTestSuite1577543522490.groovy:36)
Caused by: com.kms.katalon.core.webui.exception.WebElementNotFoundException: Web element with id: 'Object Repository/1_Create_Team/Page_Mattermost/span_Create a new team' located by 'By.xpath: //a[@id='createNewTeamLink']/span' not found
	at com.kms.katalon.core.webui.common.WebUiCommonHelper.findWebElement(WebUiCommonHelper.java:1154)
	at com.kms.katalon.core.webui.keyword.internal.WebUIAbstractKeyword.findWebElement(WebUIAbstractKeyword.groovy:27)
	at com.kms.katalon.core.webui.keyword.internal.WebUIAbstractKeyword.findWebElement(WebUIAbstractKeyword.groovy:26)
	at com.kms.katalon.core.webui.keyword.builtin.ClickKeyword$_click_closure1.doCall(ClickKeyword.groovy:67)
	at com.kms.katalon.core.webui.keyword.builtin.ClickKeyword$_click_closure1.call(ClickKeyword.groovy)
	at com.kms.katalon.core.webui.keyword.internal.WebUIKeywordMain.runKeyword(WebUIKeywordMain.groovy:20)
	... 19 more
"/>
         <system-out><![CDATA[2019-12-28 21:37:07 - [TEST_CASE][FAILED] - Test Cases/1_Create_Team/More_Than_15_Char: Test Cases/1_Create_Team/More_Than_15_Char FAILED.
Reason:
com.kms.katalon.core.exception.StepFailedException: Unable to click on object 'Object Repository/1_Create_Team/Page_Mattermost/span_Create a new team'
	at com.kms.katalon.core.webui.keyword.internal.WebUIKeywordMain.stepFailed(WebUIKeywordMain.groovy:64)
	at com.kms.katalon.core.webui.keyword.internal.WebUIKeywordMain.runKeyword(WebUIKeywordMain.groovy:26)
	at com.kms.katalon.core.webui.keyword.builtin.ClickKeyword.click(ClickKeyword.groovy:102)
	at com.kms.katalon.core.webui.keyword.builtin.ClickKeyword.execute(ClickKeyword.groovy:43)
	at com.kms.katalon.core.keyword.internal.KeywordExecutor.executeKeywordForPlatform(KeywordExecutor.groovy:72)
	at com.kms.katalon.core.webui.keyword.WebUiBuiltInKeywords.click(WebUiBuiltInKeywords.groovy:616)
	at com.kms.katalon.core.webui.keyword.WebUiBuiltInKeywords$click$1.call(Unknown Source)
	at More_Than_15_Char.run(More_Than_15_Char:23)
	at com.kms.katalon.core.main.ScriptEngine.run(ScriptEngine.java:194)
	at com.kms.katalon.core.main.ScriptEngine.runScriptAsRawText(ScriptEngine.java:119)
	at com.kms.katalon.core.main.TestCaseExecutor.runScript(TestCaseExecutor.java:337)
	at com.kms.katalon.core.main.TestCaseExecutor.doExecute(TestCaseExecutor.java:328)
	at com.kms.katalon.core.main.TestCaseExecutor.processExecutionPhase(TestCaseExecutor.java:307)
	at com.kms.katalon.core.main.TestCaseExecutor.accessMainPhase(TestCaseExecutor.java:299)
	at com.kms.katalon.core.main.TestCaseExecutor.execute(TestCaseExecutor.java:233)
	at com.kms.katalon.core.main.TestSuiteExecutor.accessTestCaseMainPhase(TestSuiteExecutor.java:169)
	at com.kms.katalon.core.main.TestSuiteExecutor.accessTestSuiteMainPhase(TestSuiteExecutor.java:142)
	at com.kms.katalon.core.main.TestSuiteExecutor.execute(TestSuiteExecutor.java:91)
	at com.kms.katalon.core.main.TestCaseMain.startTestSuite(TestCaseMain.java:157)
	at com.kms.katalon.core.main.TestCaseMain$startTestSuite$0.call(Unknown Source)
	at TempTestSuite1577543522490.run(TempTestSuite1577543522490.groovy:36)
Caused by: com.kms.katalon.core.webui.exception.WebElementNotFoundException: Web element with id: 'Object Repository/1_Create_Team/Page_Mattermost/span_Create a new team' located by 'By.xpath: //a[@id='createNewTeamLink']/span' not found
	at com.kms.katalon.core.webui.common.WebUiCommonHelper.findWebElement(WebUiCommonHelper.java:1154)
	at com.kms.katalon.core.webui.keyword.internal.WebUIAbstractKeyword.findWebElement(WebUIAbstractKeyword.groovy:27)
	at com.kms.katalon.core.webui.keyword.internal.WebUIAbstractKeyword.findWebElement(WebUIAbstractKeyword.groovy:26)
	at com.kms.katalon.core.webui.keyword.builtin.ClickKeyword$_click_closure1.doCall(ClickKeyword.groovy:67)
	at com.kms.katalon.core.webui.keyword.builtin.ClickKeyword$_click_closure1.call(ClickKeyword.groovy)
	at com.kms.katalon.core.webui.keyword.internal.WebUIKeywordMain.runKeyword(WebUIKeywordMain.groovy:20)
	... 19 more


2019-12-28 21:37:07 - [TEST_STEP][PASSED] - openBrowser(""): Browser is opened with url: ''

2019-12-28 21:37:07 - [MESSAGE][PASSED] - Browser is opened with url: ''

2019-12-28 21:37:07 - [TEST_STEP][PASSED] - navigateToUrl("http://localhost:8065/"): Navigate to 'http://localhost:8065/' successfully

2019-12-28 21:37:08 - [MESSAGE][PASSED] - Navigate to 'http://localhost:8065/' successfully

2019-12-28 21:37:08 - [TEST_STEP][FAILED] - click(findTestObject("1_Create_Team/Page_Mattermost/span_Create a new team")): Unable to click on object 'Object Repository/1_Create_Team/Page_Mattermost/span_Create a new team' (Root cause: com.kms.katalon.core.exception.StepFailedException: Unable to click on object 'Object Repository/1_Create_Team/Page_Mattermost/span_Create a new team'
	at com.kms.katalon.core.webui.keyword.internal.WebUIKeywordMain.stepFailed(WebUIKeywordMain.groovy:64)
	at com.kms.katalon.core.webui.keyword.internal.WebUIKeywordMain.runKeyword(WebUIKeywordMain.groovy:26)
	at com.kms.katalon.core.webui.keyword.builtin.ClickKeyword.click(ClickKeyword.groovy:102)
	at com.kms.katalon.core.webui.keyword.builtin.ClickKeyword.execute(ClickKeyword.groovy:43)
	at com.kms.katalon.core.keyword.internal.KeywordExecutor.executeKeywordForPlatform(KeywordExecutor.groovy:72)
	at com.kms.katalon.core.webui.keyword.WebUiBuiltInKeywords.click(WebUiBuiltInKeywords.groovy:616)
	at com.kms.katalon.core.webui.keyword.WebUiBuiltInKeywords$click$1.call(Unknown Source)
	at More_Than_15_Char.run(More_Than_15_Char:23)
	at com.kms.katalon.core.main.ScriptEngine.run(ScriptEngine.java:194)
	at com.kms.katalon.core.main.ScriptEngine.runScriptAsRawText(ScriptEngine.java:119)
	at com.kms.katalon.core.main.TestCaseExecutor.runScript(TestCaseExecutor.java:337)
	at com.kms.katalon.core.main.TestCaseExecutor.doExecute(TestCaseExecutor.java:328)
	at com.kms.katalon.core.main.TestCaseExecutor.processExecutionPhase(TestCaseExecutor.java:307)
	at com.kms.katalon.core.main.TestCaseExecutor.accessMainPhase(TestCaseExecutor.java:299)
	at com.kms.katalon.core.main.TestCaseExecutor.execute(TestCaseExecutor.java:233)
	at com.kms.katalon.core.main.TestSuiteExecutor.accessTestCaseMainPhase(TestSuiteExecutor.java:169)
	at com.kms.katalon.core.main.TestSuiteExecutor.accessTestSuiteMainPhase(TestSuiteExecutor.java:142)
	at com.kms.katalon.core.main.TestSuiteExecutor.execute(TestSuiteExecutor.java:91)
	at com.kms.katalon.core.main.TestCaseMain.startTestSuite(TestCaseMain.java:157)
	at com.kms.katalon.core.main.TestCaseMain$startTestSuite$0.call(Unknown Source)
	at TempTestSuite1577543522490.run(TempTestSuite1577543522490.groovy:36)
Caused by: com.kms.katalon.core.webui.exception.WebElementNotFoundException: Web element with id: 'Object Repository/1_Create_Team/Page_Mattermost/span_Create a new team' located by 'By.xpath: //a[@id='createNewTeamLink']/span' not found
	at com.kms.katalon.core.webui.common.WebUiCommonHelper.findWebElement(WebUiCommonHelper.java:1154)
	at com.kms.katalon.core.webui.keyword.internal.WebUIAbstractKeyword.findWebElement(WebUIAbstractKeyword.groovy:27)
	at com.kms.katalon.core.webui.keyword.internal.WebUIAbstractKeyword.findWebElement(WebUIAbstractKeyword.groovy:26)
	at com.kms.katalon.core.webui.keyword.builtin.ClickKeyword$_click_closure1.doCall(ClickKeyword.groovy:67)
	at com.kms.katalon.core.webui.keyword.builtin.ClickKeyword$_click_closure1.call(ClickKeyword.groovy)
	at com.kms.katalon.core.webui.keyword.internal.WebUIKeywordMain.runKeyword(WebUIKeywordMain.groovy:20)
	at com.kms.katalon.core.webui.keyword.builtin.ClickKeyword.click(ClickKeyword.groovy:102)
	at com.kms.katalon.core.webui.keyword.builtin.ClickKeyword.execute(ClickKeyword.groovy:43)
	at com.kms.katalon.core.keyword.internal.KeywordExecutor.executeKeywordForPlatform(KeywordExecutor.groovy:72)
	at com.kms.katalon.core.webui.keyword.WebUiBuiltInKeywords.click(WebUiBuiltInKeywords.groovy:616)
	at com.kms.katalon.core.webui.keyword.WebUiBuiltInKeywords$click$1.call(Unknown Source)
	at Script1576844845210.run(Script1576844845210.groovy:23)
	... 13 more
)

2019-12-28 21:37:52 - [MESSAGE][INFO] - Unable to find the element located by 'By.xpath: //a[@id='createNewTeamLink']/span'. Please recheck the objects properties to make sure the desired element is located. 

2019-12-28 21:37:52 - [MESSAGE][INFO] - [SMART_XPATH] Auto-trying out other XPath values in the test object.

2019-12-28 21:37:52 - [MESSAGE][INFO] - [SMART_XPATH] FAILED XPATH: '//a[@id='createNewTeamLink']/span'.

2019-12-28 21:37:52 - [MESSAGE][INFO] - [SMART_XPATH] FAILED XPATH: '(.//*[normalize-space(text()) and normalize-space(.)='No teams are available to join. Please create a new team or ask your administrator for an invite.'])[1]/following::span[1]'.

2019-12-28 21:37:53 - [MESSAGE][INFO] - [SMART_XPATH] FAILED XPATH: '(.//*[normalize-space(text()) and normalize-space(.)='Teams you can join:'])[1]/following::span[2]'.

2019-12-28 21:37:53 - [MESSAGE][INFO] - [SMART_XPATH] FAILED XPATH: '(.//*[normalize-space(text()) and normalize-space(.)='Go to System Console'])[1]/preceding::span[1]'.

2019-12-28 21:37:53 - [MESSAGE][INFO] - [SMART_XPATH] FAILED XPATH: '(.//*[normalize-space(text()) and normalize-space(.)='Mattermost'])[3]/preceding::span[2]'.

2019-12-28 21:37:53 - [MESSAGE][INFO] - [SMART_XPATH] FAILED XPATH: '//*/text()[normalize-space(.)='Create a new team']/parent::*'.

2019-12-28 21:37:54 - [MESSAGE][INFO] - [SMART_XPATH] FAILED XPATH: '//div[3]/div/div[2]/a/span'.

2019-12-28 21:37:54 - [MESSAGE][INFO] - [SMART_XPATH] No working XPath is found.

2019-12-28 21:37:54 - [MESSAGE][FAILED] - Unable to click on object 'Object Repository/1_Create_Team/Page_Mattermost/span_Create a new team' (Root cause: com.kms.katalon.core.exception.StepFailedException: Unable to click on object 'Object Repository/1_Create_Team/Page_Mattermost/span_Create a new team'
	at com.kms.katalon.core.webui.keyword.internal.WebUIKeywordMain.stepFailed(WebUIKeywordMain.groovy:64)
	at com.kms.katalon.core.webui.keyword.internal.WebUIKeywordMain.runKeyword(WebUIKeywordMain.groovy:26)
	at com.kms.katalon.core.webui.keyword.builtin.ClickKeyword.click(ClickKeyword.groovy:102)
	at com.kms.katalon.core.webui.keyword.builtin.ClickKeyword.execute(ClickKeyword.groovy:43)
	at com.kms.katalon.core.keyword.internal.KeywordExecutor.executeKeywordForPlatform(KeywordExecutor.groovy:72)
	at com.kms.katalon.core.webui.keyword.WebUiBuiltInKeywords.click(WebUiBuiltInKeywords.groovy:616)
	at com.kms.katalon.core.webui.keyword.WebUiBuiltInKeywords$click$1.call(Unknown Source)
	at More_Than_15_Char.run(More_Than_15_Char:23)
	at com.kms.katalon.core.main.ScriptEngine.run(ScriptEngine.java:194)
	at com.kms.katalon.core.main.ScriptEngine.runScriptAsRawText(ScriptEngine.java:119)
	at com.kms.katalon.core.main.TestCaseExecutor.runScript(TestCaseExecutor.java:337)
	at com.kms.katalon.core.main.TestCaseExecutor.doExecute(TestCaseExecutor.java:328)
	at com.kms.katalon.core.main.TestCaseExecutor.processExecutionPhase(TestCaseExecutor.java:307)
	at com.kms.katalon.core.main.TestCaseExecutor.accessMainPhase(TestCaseExecutor.java:299)
	at com.kms.katalon.core.main.TestCaseExecutor.execute(TestCaseExecutor.java:233)
	at com.kms.katalon.core.main.TestSuiteExecutor.accessTestCaseMainPhase(TestSuiteExecutor.java:169)
	at com.kms.katalon.core.main.TestSuiteExecutor.accessTestSuiteMainPhase(TestSuiteExecutor.java:142)
	at com.kms.katalon.core.main.TestSuiteExecutor.execute(TestSuiteExecutor.java:91)
	at com.kms.katalon.core.main.TestCaseMain.startTestSuite(TestCaseMain.java:157)
	at com.kms.katalon.core.main.TestCaseMain$startTestSuite$0.call(Unknown Source)
	at TempTestSuite1577543522490.run(TempTestSuite1577543522490.groovy:36)
Caused by: com.kms.katalon.core.webui.exception.WebElementNotFoundException: Web element with id: 'Object Repository/1_Create_Team/Page_Mattermost/span_Create a new team' located by 'By.xpath: //a[@id='createNewTeamLink']/span' not found
	at com.kms.katalon.core.webui.common.WebUiCommonHelper.findWebElement(WebUiCommonHelper.java:1154)
	at com.kms.katalon.core.webui.keyword.internal.WebUIAbstractKeyword.findWebElement(WebUIAbstractKeyword.groovy:27)
	at com.kms.katalon.core.webui.keyword.internal.WebUIAbstractKeyword.findWebElement(WebUIAbstractKeyword.groovy:26)
	at com.kms.katalon.core.webui.keyword.builtin.ClickKeyword$_click_closure1.doCall(ClickKeyword.groovy:67)
	at com.kms.katalon.core.webui.keyword.builtin.ClickKeyword$_click_closure1.call(ClickKeyword.groovy)
	at com.kms.katalon.core.webui.keyword.internal.WebUIKeywordMain.runKeyword(WebUIKeywordMain.groovy:20)
	at com.kms.katalon.core.webui.keyword.builtin.ClickKeyword.click(ClickKeyword.groovy:102)
	at com.kms.katalon.core.webui.keyword.builtin.ClickKeyword.execute(ClickKeyword.groovy:43)
	at com.kms.katalon.core.keyword.internal.KeywordExecutor.executeKeywordForPlatform(KeywordExecutor.groovy:72)
	at com.kms.katalon.core.webui.keyword.WebUiBuiltInKeywords.click(WebUiBuiltInKeywords.groovy:616)
	at com.kms.katalon.core.webui.keyword.WebUiBuiltInKeywords$click$1.call(Unknown Source)
	at Script1576844845210.run(Script1576844845210.groovy:23)
	... 13 more
)
[[ATTACHMENT|/Users/nguyentri/Desktop/Learn/SoftwareEngineer/mattermost-duo-test/Reports/20191228_213202/Run_all_test_cases/20191228_213202/1577543874127.png]]]]></system-out>
         <system-err><![CDATA[2019-12-28 21:37:07 - [TEST_CASE][FAILED] - Test Cases/1_Create_Team/More_Than_15_Char: Test Cases/1_Create_Team/More_Than_15_Char FAILED.
Reason:
com.kms.katalon.core.exception.StepFailedException: Unable to click on object 'Object Repository/1_Create_Team/Page_Mattermost/span_Create a new team'
	at com.kms.katalon.core.webui.keyword.internal.WebUIKeywordMain.stepFailed(WebUIKeywordMain.groovy:64)
	at com.kms.katalon.core.webui.keyword.internal.WebUIKeywordMain.runKeyword(WebUIKeywordMain.groovy:26)
	at com.kms.katalon.core.webui.keyword.builtin.ClickKeyword.click(ClickKeyword.groovy:102)
	at com.kms.katalon.core.webui.keyword.builtin.ClickKeyword.execute(ClickKeyword.groovy:43)
	at com.kms.katalon.core.keyword.internal.KeywordExecutor.executeKeywordForPlatform(KeywordExecutor.groovy:72)
	at com.kms.katalon.core.webui.keyword.WebUiBuiltInKeywords.click(WebUiBuiltInKeywords.groovy:616)
	at com.kms.katalon.core.webui.keyword.WebUiBuiltInKeywords$click$1.call(Unknown Source)
	at More_Than_15_Char.run(More_Than_15_Char:23)
	at com.kms.katalon.core.main.ScriptEngine.run(ScriptEngine.java:194)
	at com.kms.katalon.core.main.ScriptEngine.runScriptAsRawText(ScriptEngine.java:119)
	at com.kms.katalon.core.main.TestCaseExecutor.runScript(TestCaseExecutor.java:337)
	at com.kms.katalon.core.main.TestCaseExecutor.doExecute(TestCaseExecutor.java:328)
	at com.kms.katalon.core.main.TestCaseExecutor.processExecutionPhase(TestCaseExecutor.java:307)
	at com.kms.katalon.core.main.TestCaseExecutor.accessMainPhase(TestCaseExecutor.java:299)
	at com.kms.katalon.core.main.TestCaseExecutor.execute(TestCaseExecutor.java:233)
	at com.kms.katalon.core.main.TestSuiteExecutor.accessTestCaseMainPhase(TestSuiteExecutor.java:169)
	at com.kms.katalon.core.main.TestSuiteExecutor.accessTestSuiteMainPhase(TestSuiteExecutor.java:142)
	at com.kms.katalon.core.main.TestSuiteExecutor.execute(TestSuiteExecutor.java:91)
	at com.kms.katalon.core.main.TestCaseMain.startTestSuite(TestCaseMain.java:157)
	at com.kms.katalon.core.main.TestCaseMain$startTestSuite$0.call(Unknown Source)
	at TempTestSuite1577543522490.run(TempTestSuite1577543522490.groovy:36)
Caused by: com.kms.katalon.core.webui.exception.WebElementNotFoundException: Web element with id: 'Object Repository/1_Create_Team/Page_Mattermost/span_Create a new team' located by 'By.xpath: //a[@id='createNewTeamLink']/span' not found
	at com.kms.katalon.core.webui.common.WebUiCommonHelper.findWebElement(WebUiCommonHelper.java:1154)
	at com.kms.katalon.core.webui.keyword.internal.WebUIAbstractKeyword.findWebElement(WebUIAbstractKeyword.groovy:27)
	at com.kms.katalon.core.webui.keyword.internal.WebUIAbstractKeyword.findWebElement(WebUIAbstractKeyword.groovy:26)
	at com.kms.katalon.core.webui.keyword.builtin.ClickKeyword$_click_closure1.doCall(ClickKeyword.groovy:67)
	at com.kms.katalon.core.webui.keyword.builtin.ClickKeyword$_click_closure1.call(ClickKeyword.groovy)
	at com.kms.katalon.core.webui.keyword.internal.WebUIKeywordMain.runKeyword(WebUIKeywordMain.groovy:20)
	... 19 more]]></system-err>
      </testcase>
      <testcase name="Test Cases/2_Create_Channel/Public_Channel" time="49.787" classname="Test Cases/2_Create_Channel/Public_Channel" status="FAILED">
         <failure type="FAILED" message="Test Cases/2_Create_Channel/Public_Channel FAILED.
Reason:
com.kms.katalon.core.exception.StepFailedException: Unable to click on object 'Object Repository/2_Create_Channel/Page_(2)  Town Square - Bumblebee Mattermost/div_URL  (Edit)'
	at com.kms.katalon.core.webui.keyword.internal.WebUIKeywordMain.stepFailed(WebUIKeywordMain.groovy:64)
	at com.kms.katalon.core.webui.keyword.internal.WebUIKeywordMain.runKeyword(WebUIKeywordMain.groovy:26)
	at com.kms.katalon.core.webui.keyword.builtin.ClickKeyword.click(ClickKeyword.groovy:102)
	at com.kms.katalon.core.webui.keyword.builtin.ClickKeyword.execute(ClickKeyword.groovy:43)
	at com.kms.katalon.core.keyword.internal.KeywordExecutor.executeKeywordForPlatform(KeywordExecutor.groovy:72)
	at com.kms.katalon.core.webui.keyword.WebUiBuiltInKeywords.click(WebUiBuiltInKeywords.groovy:616)
	at com.kms.katalon.core.webui.keyword.WebUiBuiltInKeywords$click$1.call(Unknown Source)
	at Public_Channel.run(Public_Channel:25)
	at com.kms.katalon.core.main.ScriptEngine.run(ScriptEngine.java:194)
	at com.kms.katalon.core.main.ScriptEngine.runScriptAsRawText(ScriptEngine.java:119)
	at com.kms.katalon.core.main.TestCaseExecutor.runScript(TestCaseExecutor.java:337)
	at com.kms.katalon.core.main.TestCaseExecutor.doExecute(TestCaseExecutor.java:328)
	at com.kms.katalon.core.main.TestCaseExecutor.processExecutionPhase(TestCaseExecutor.java:307)
	at com.kms.katalon.core.main.TestCaseExecutor.accessMainPhase(TestCaseExecutor.java:299)
	at com.kms.katalon.core.main.TestCaseExecutor.execute(TestCaseExecutor.java:233)
	at com.kms.katalon.core.main.TestSuiteExecutor.accessTestCaseMainPhase(TestSuiteExecutor.java:169)
	at com.kms.katalon.core.main.TestSuiteExecutor.accessTestSuiteMainPhase(TestSuiteExecutor.java:142)
	at com.kms.katalon.core.main.TestSuiteExecutor.execute(TestSuiteExecutor.java:91)
	at com.kms.katalon.core.main.TestCaseMain.startTestSuite(TestCaseMain.java:157)
	at com.kms.katalon.core.main.TestCaseMain$startTestSuite$0.call(Unknown Source)
	at TempTestSuite1577543522490.run(TempTestSuite1577543522490.groovy:36)
Caused by: com.kms.katalon.core.webui.exception.WebElementNotFoundException: Web element with id: 'Object Repository/2_Create_Channel/Page_(2)  Town Square - Bumblebee Mattermost/div_URL  (Edit)' located by 'By.xpath: (.//*[normalize-space(text()) and normalize-space(.)='Name'])[1]/following::div[1]' not found
	at com.kms.katalon.core.webui.common.WebUiCommonHelper.findWebElement(WebUiCommonHelper.java:1154)
	at com.kms.katalon.core.webui.keyword.internal.WebUIAbstractKeyword.findWebElement(WebUIAbstractKeyword.groovy:27)
	at com.kms.katalon.core.webui.keyword.internal.WebUIAbstractKeyword.findWebElement(WebUIAbstractKeyword.groovy:26)
	at com.kms.katalon.core.webui.keyword.builtin.ClickKeyword$_click_closure1.doCall(ClickKeyword.groovy:67)
	at com.kms.katalon.core.webui.keyword.builtin.ClickKeyword$_click_closure1.call(ClickKeyword.groovy)
	at com.kms.katalon.core.webui.keyword.internal.WebUIKeywordMain.runKeyword(WebUIKeywordMain.groovy:20)
	... 19 more
"/>
         <system-out><![CDATA[2019-12-28 21:37:54 - [TEST_CASE][FAILED] - Test Cases/2_Create_Channel/Public_Channel: Test Cases/2_Create_Channel/Public_Channel FAILED.
Reason:
com.kms.katalon.core.exception.StepFailedException: Unable to click on object 'Object Repository/2_Create_Channel/Page_(2)  Town Square - Bumblebee Mattermost/div_URL  (Edit)'
	at com.kms.katalon.core.webui.keyword.internal.WebUIKeywordMain.stepFailed(WebUIKeywordMain.groovy:64)
	at com.kms.katalon.core.webui.keyword.internal.WebUIKeywordMain.runKeyword(WebUIKeywordMain.groovy:26)
	at com.kms.katalon.core.webui.keyword.builtin.ClickKeyword.click(ClickKeyword.groovy:102)
	at com.kms.katalon.core.webui.keyword.builtin.ClickKeyword.execute(ClickKeyword.groovy:43)
	at com.kms.katalon.core.keyword.internal.KeywordExecutor.executeKeywordForPlatform(KeywordExecutor.groovy:72)
	at com.kms.katalon.core.webui.keyword.WebUiBuiltInKeywords.click(WebUiBuiltInKeywords.groovy:616)
	at com.kms.katalon.core.webui.keyword.WebUiBuiltInKeywords$click$1.call(Unknown Source)
	at Public_Channel.run(Public_Channel:25)
	at com.kms.katalon.core.main.ScriptEngine.run(ScriptEngine.java:194)
	at com.kms.katalon.core.main.ScriptEngine.runScriptAsRawText(ScriptEngine.java:119)
	at com.kms.katalon.core.main.TestCaseExecutor.runScript(TestCaseExecutor.java:337)
	at com.kms.katalon.core.main.TestCaseExecutor.doExecute(TestCaseExecutor.java:328)
	at com.kms.katalon.core.main.TestCaseExecutor.processExecutionPhase(TestCaseExecutor.java:307)
	at com.kms.katalon.core.main.TestCaseExecutor.accessMainPhase(TestCaseExecutor.java:299)
	at com.kms.katalon.core.main.TestCaseExecutor.execute(TestCaseExecutor.java:233)
	at com.kms.katalon.core.main.TestSuiteExecutor.accessTestCaseMainPhase(TestSuiteExecutor.java:169)
	at com.kms.katalon.core.main.TestSuiteExecutor.accessTestSuiteMainPhase(TestSuiteExecutor.java:142)
	at com.kms.katalon.core.main.TestSuiteExecutor.execute(TestSuiteExecutor.java:91)
	at com.kms.katalon.core.main.TestCaseMain.startTestSuite(TestCaseMain.java:157)
	at com.kms.katalon.core.main.TestCaseMain$startTestSuite$0.call(Unknown Source)
	at TempTestSuite1577543522490.run(TempTestSuite1577543522490.groovy:36)
Caused by: com.kms.katalon.core.webui.exception.WebElementNotFoundException: Web element with id: 'Object Repository/2_Create_Channel/Page_(2)  Town Square - Bumblebee Mattermost/div_URL  (Edit)' located by 'By.xpath: (.//*[normalize-space(text()) and normalize-space(.)='Name'])[1]/following::div[1]' not found
	at com.kms.katalon.core.webui.common.WebUiCommonHelper.findWebElement(WebUiCommonHelper.java:1154)
	at com.kms.katalon.core.webui.keyword.internal.WebUIAbstractKeyword.findWebElement(WebUIAbstractKeyword.groovy:27)
	at com.kms.katalon.core.webui.keyword.internal.WebUIAbstractKeyword.findWebElement(WebUIAbstractKeyword.groovy:26)
	at com.kms.katalon.core.webui.keyword.builtin.ClickKeyword$_click_closure1.doCall(ClickKeyword.groovy:67)
	at com.kms.katalon.core.webui.keyword.builtin.ClickKeyword$_click_closure1.call(ClickKeyword.groovy)
	at com.kms.katalon.core.webui.keyword.internal.WebUIKeywordMain.runKeyword(WebUIKeywordMain.groovy:20)
	... 19 more


2019-12-28 21:37:55 - [TEST_STEP][PASSED] - openBrowser(""): Browser is opened with url: ''

2019-12-28 21:37:55 - [MESSAGE][PASSED] - Browser is opened with url: ''

2019-12-28 21:37:55 - [TEST_STEP][PASSED] - navigateToUrl("http://localhost:8065/"): Navigate to 'http://localhost:8065/' successfully

2019-12-28 21:37:56 - [MESSAGE][PASSED] - Navigate to 'http://localhost:8065/' successfully

2019-12-28 21:37:56 - [TEST_STEP][PASSED] - click(findTestObject("Object Repository/2_Create_Channel/Page_(2)  Town Square - Bumblebee Mattermost/span_")): Object: 'Object Repository/2_Create_Channel/Page_(2)  Town Square - Bumblebee Mattermost/span_' is clicked on

2019-12-28 21:37:58 - [MESSAGE][PASSED] - Object: 'Object Repository/2_Create_Channel/Page_(2)  Town Square - Bumblebee Mattermost/span_' is clicked on

2019-12-28 21:37:58 - [TEST_STEP][FAILED] - click(findTestObject("Object Repository/2_Create_Channel/Page_(2)  Town Square - Bumblebee Mattermost/div_URL  (Edit)")): Unable to click on object 'Object Repository/2_Create_Channel/Page_(2)  Town Square - Bumblebee Mattermost/div_URL  (Edit)' (Root cause: com.kms.katalon.core.exception.StepFailedException: Unable to click on object 'Object Repository/2_Create_Channel/Page_(2)  Town Square - Bumblebee Mattermost/div_URL  (Edit)'
	at com.kms.katalon.core.webui.keyword.internal.WebUIKeywordMain.stepFailed(WebUIKeywordMain.groovy:64)
	at com.kms.katalon.core.webui.keyword.internal.WebUIKeywordMain.runKeyword(WebUIKeywordMain.groovy:26)
	at com.kms.katalon.core.webui.keyword.builtin.ClickKeyword.click(ClickKeyword.groovy:102)
	at com.kms.katalon.core.webui.keyword.builtin.ClickKeyword.execute(ClickKeyword.groovy:43)
	at com.kms.katalon.core.keyword.internal.KeywordExecutor.executeKeywordForPlatform(KeywordExecutor.groovy:72)
	at com.kms.katalon.core.webui.keyword.WebUiBuiltInKeywords.click(WebUiBuiltInKeywords.groovy:616)
	at com.kms.katalon.core.webui.keyword.WebUiBuiltInKeywords$click$1.call(Unknown Source)
	at Public_Channel.run(Public_Channel:25)
	at com.kms.katalon.core.main.ScriptEngine.run(ScriptEngine.java:194)
	at com.kms.katalon.core.main.ScriptEngine.runScriptAsRawText(ScriptEngine.java:119)
	at com.kms.katalon.core.main.TestCaseExecutor.runScript(TestCaseExecutor.java:337)
	at com.kms.katalon.core.main.TestCaseExecutor.doExecute(TestCaseExecutor.java:328)
	at com.kms.katalon.core.main.TestCaseExecutor.processExecutionPhase(TestCaseExecutor.java:307)
	at com.kms.katalon.core.main.TestCaseExecutor.accessMainPhase(TestCaseExecutor.java:299)
	at com.kms.katalon.core.main.TestCaseExecutor.execute(TestCaseExecutor.java:233)
	at com.kms.katalon.core.main.TestSuiteExecutor.accessTestCaseMainPhase(TestSuiteExecutor.java:169)
	at com.kms.katalon.core.main.TestSuiteExecutor.accessTestSuiteMainPhase(TestSuiteExecutor.java:142)
	at com.kms.katalon.core.main.TestSuiteExecutor.execute(TestSuiteExecutor.java:91)
	at com.kms.katalon.core.main.TestCaseMain.startTestSuite(TestCaseMain.java:157)
	at com.kms.katalon.core.main.TestCaseMain$startTestSuite$0.call(Unknown Source)
	at TempTestSuite1577543522490.run(TempTestSuite1577543522490.groovy:36)
Caused by: com.kms.katalon.core.webui.exception.WebElementNotFoundException: Web element with id: 'Object Repository/2_Create_Channel/Page_(2)  Town Square - Bumblebee Mattermost/div_URL  (Edit)' located by 'By.xpath: (.//*[normalize-space(text()) and normalize-space(.)='Name'])[1]/following::div[1]' not found
	at com.kms.katalon.core.webui.common.WebUiCommonHelper.findWebElement(WebUiCommonHelper.java:1154)
	at com.kms.katalon.core.webui.keyword.internal.WebUIAbstractKeyword.findWebElement(WebUIAbstractKeyword.groovy:27)
	at com.kms.katalon.core.webui.keyword.internal.WebUIAbstractKeyword.findWebElement(WebUIAbstractKeyword.groovy:26)
	at com.kms.katalon.core.webui.keyword.builtin.ClickKeyword$_click_closure1.doCall(ClickKeyword.groovy:67)
	at com.kms.katalon.core.webui.keyword.builtin.ClickKeyword$_click_closure1.call(ClickKeyword.groovy)
	at com.kms.katalon.core.webui.keyword.internal.WebUIKeywordMain.runKeyword(WebUIKeywordMain.groovy:20)
	at com.kms.katalon.core.webui.keyword.builtin.ClickKeyword.click(ClickKeyword.groovy:102)
	at com.kms.katalon.core.webui.keyword.builtin.ClickKeyword.execute(ClickKeyword.groovy:43)
	at com.kms.katalon.core.keyword.internal.KeywordExecutor.executeKeywordForPlatform(KeywordExecutor.groovy:72)
	at com.kms.katalon.core.webui.keyword.WebUiBuiltInKeywords.click(WebUiBuiltInKeywords.groovy:616)
	at com.kms.katalon.core.webui.keyword.WebUiBuiltInKeywords$click$1.call(Unknown Source)
	at Script1576934926374.run(Script1576934926374.groovy:25)
	... 13 more
)

2019-12-28 21:38:43 - [MESSAGE][INFO] - Unable to find the element located by 'By.xpath: (.//*[normalize-space(text()) and normalize-space(.)='Name'])[1]/following::div[1]'. Please recheck the objects properties to make sure the desired element is located. 

2019-12-28 21:38:43 - [MESSAGE][INFO] - [SMART_XPATH] Auto-trying out other XPath values in the test object.

2019-12-28 21:38:43 - [MESSAGE][INFO] - [SMART_XPATH] FAILED XPATH: '(.//*[normalize-space(text()) and normalize-space(.)='Name'])[1]/following::div[1]'.

2019-12-28 21:38:43 - [MESSAGE][INFO] - [SMART_XPATH] FAILED XPATH: '(.//*[normalize-space(text()) and normalize-space(.)='- Only invited members can join this channel.'])[1]/following::div[2]'.

2019-12-28 21:38:43 - [MESSAGE][INFO] - [SMART_XPATH] FAILED XPATH: '(.//*[normalize-space(text()) and normalize-space(.)='Purpose'])[1]/preceding::div[1]'.

2019-12-28 21:38:43 - [MESSAGE][INFO] - [SMART_XPATH] FAILED XPATH: '//div[4]/div[2]/div/div/form/div/div[2]/div'.

2019-12-28 21:38:43 - [MESSAGE][INFO] - [SMART_XPATH] No working XPath is found.

2019-12-28 21:38:44 - [MESSAGE][FAILED] - Unable to click on object 'Object Repository/2_Create_Channel/Page_(2)  Town Square - Bumblebee Mattermost/div_URL  (Edit)' (Root cause: com.kms.katalon.core.exception.StepFailedException: Unable to click on object 'Object Repository/2_Create_Channel/Page_(2)  Town Square - Bumblebee Mattermost/div_URL  (Edit)'
	at com.kms.katalon.core.webui.keyword.internal.WebUIKeywordMain.stepFailed(WebUIKeywordMain.groovy:64)
	at com.kms.katalon.core.webui.keyword.internal.WebUIKeywordMain.runKeyword(WebUIKeywordMain.groovy:26)
	at com.kms.katalon.core.webui.keyword.builtin.ClickKeyword.click(ClickKeyword.groovy:102)
	at com.kms.katalon.core.webui.keyword.builtin.ClickKeyword.execute(ClickKeyword.groovy:43)
	at com.kms.katalon.core.keyword.internal.KeywordExecutor.executeKeywordForPlatform(KeywordExecutor.groovy:72)
	at com.kms.katalon.core.webui.keyword.WebUiBuiltInKeywords.click(WebUiBuiltInKeywords.groovy:616)
	at com.kms.katalon.core.webui.keyword.WebUiBuiltInKeywords$click$1.call(Unknown Source)
	at Public_Channel.run(Public_Channel:25)
	at com.kms.katalon.core.main.ScriptEngine.run(ScriptEngine.java:194)
	at com.kms.katalon.core.main.ScriptEngine.runScriptAsRawText(ScriptEngine.java:119)
	at com.kms.katalon.core.main.TestCaseExecutor.runScript(TestCaseExecutor.java:337)
	at com.kms.katalon.core.main.TestCaseExecutor.doExecute(TestCaseExecutor.java:328)
	at com.kms.katalon.core.main.TestCaseExecutor.processExecutionPhase(TestCaseExecutor.java:307)
	at com.kms.katalon.core.main.TestCaseExecutor.accessMainPhase(TestCaseExecutor.java:299)
	at com.kms.katalon.core.main.TestCaseExecutor.execute(TestCaseExecutor.java:233)
	at com.kms.katalon.core.main.TestSuiteExecutor.accessTestCaseMainPhase(TestSuiteExecutor.java:169)
	at com.kms.katalon.core.main.TestSuiteExecutor.accessTestSuiteMainPhase(TestSuiteExecutor.java:142)
	at com.kms.katalon.core.main.TestSuiteExecutor.execute(TestSuiteExecutor.java:91)
	at com.kms.katalon.core.main.TestCaseMain.startTestSuite(TestCaseMain.java:157)
	at com.kms.katalon.core.main.TestCaseMain$startTestSuite$0.call(Unknown Source)
	at TempTestSuite1577543522490.run(TempTestSuite1577543522490.groovy:36)
Caused by: com.kms.katalon.core.webui.exception.WebElementNotFoundException: Web element with id: 'Object Repository/2_Create_Channel/Page_(2)  Town Square - Bumblebee Mattermost/div_URL  (Edit)' located by 'By.xpath: (.//*[normalize-space(text()) and normalize-space(.)='Name'])[1]/following::div[1]' not found
	at com.kms.katalon.core.webui.common.WebUiCommonHelper.findWebElement(WebUiCommonHelper.java:1154)
	at com.kms.katalon.core.webui.keyword.internal.WebUIAbstractKeyword.findWebElement(WebUIAbstractKeyword.groovy:27)
	at com.kms.katalon.core.webui.keyword.internal.WebUIAbstractKeyword.findWebElement(WebUIAbstractKeyword.groovy:26)
	at com.kms.katalon.core.webui.keyword.builtin.ClickKeyword$_click_closure1.doCall(ClickKeyword.groovy:67)
	at com.kms.katalon.core.webui.keyword.builtin.ClickKeyword$_click_closure1.call(ClickKeyword.groovy)
	at com.kms.katalon.core.webui.keyword.internal.WebUIKeywordMain.runKeyword(WebUIKeywordMain.groovy:20)
	at com.kms.katalon.core.webui.keyword.builtin.ClickKeyword.click(ClickKeyword.groovy:102)
	at com.kms.katalon.core.webui.keyword.builtin.ClickKeyword.execute(ClickKeyword.groovy:43)
	at com.kms.katalon.core.keyword.internal.KeywordExecutor.executeKeywordForPlatform(KeywordExecutor.groovy:72)
	at com.kms.katalon.core.webui.keyword.WebUiBuiltInKeywords.click(WebUiBuiltInKeywords.groovy:616)
	at com.kms.katalon.core.webui.keyword.WebUiBuiltInKeywords$click$1.call(Unknown Source)
	at Script1576934926374.run(Script1576934926374.groovy:25)
	... 13 more
)
[[ATTACHMENT|/Users/nguyentri/Desktop/Learn/SoftwareEngineer/mattermost-duo-test/Reports/20191228_213202/Run_all_test_cases/20191228_213202/1577543923999.png]]]]></system-out>
         <system-err><![CDATA[2019-12-28 21:37:54 - [TEST_CASE][FAILED] - Test Cases/2_Create_Channel/Public_Channel: Test Cases/2_Create_Channel/Public_Channel FAILED.
Reason:
com.kms.katalon.core.exception.StepFailedException: Unable to click on object 'Object Repository/2_Create_Channel/Page_(2)  Town Square - Bumblebee Mattermost/div_URL  (Edit)'
	at com.kms.katalon.core.webui.keyword.internal.WebUIKeywordMain.stepFailed(WebUIKeywordMain.groovy:64)
	at com.kms.katalon.core.webui.keyword.internal.WebUIKeywordMain.runKeyword(WebUIKeywordMain.groovy:26)
	at com.kms.katalon.core.webui.keyword.builtin.ClickKeyword.click(ClickKeyword.groovy:102)
	at com.kms.katalon.core.webui.keyword.builtin.ClickKeyword.execute(ClickKeyword.groovy:43)
	at com.kms.katalon.core.keyword.internal.KeywordExecutor.executeKeywordForPlatform(KeywordExecutor.groovy:72)
	at com.kms.katalon.core.webui.keyword.WebUiBuiltInKeywords.click(WebUiBuiltInKeywords.groovy:616)
	at com.kms.katalon.core.webui.keyword.WebUiBuiltInKeywords$click$1.call(Unknown Source)
	at Public_Channel.run(Public_Channel:25)
	at com.kms.katalon.core.main.ScriptEngine.run(ScriptEngine.java:194)
	at com.kms.katalon.core.main.ScriptEngine.runScriptAsRawText(ScriptEngine.java:119)
	at com.kms.katalon.core.main.TestCaseExecutor.runScript(TestCaseExecutor.java:337)
	at com.kms.katalon.core.main.TestCaseExecutor.doExecute(TestCaseExecutor.java:328)
	at com.kms.katalon.core.main.TestCaseExecutor.processExecutionPhase(TestCaseExecutor.java:307)
	at com.kms.katalon.core.main.TestCaseExecutor.accessMainPhase(TestCaseExecutor.java:299)
	at com.kms.katalon.core.main.TestCaseExecutor.execute(TestCaseExecutor.java:233)
	at com.kms.katalon.core.main.TestSuiteExecutor.accessTestCaseMainPhase(TestSuiteExecutor.java:169)
	at com.kms.katalon.core.main.TestSuiteExecutor.accessTestSuiteMainPhase(TestSuiteExecutor.java:142)
	at com.kms.katalon.core.main.TestSuiteExecutor.execute(TestSuiteExecutor.java:91)
	at com.kms.katalon.core.main.TestCaseMain.startTestSuite(TestCaseMain.java:157)
	at com.kms.katalon.core.main.TestCaseMain$startTestSuite$0.call(Unknown Source)
	at TempTestSuite1577543522490.run(TempTestSuite1577543522490.groovy:36)
Caused by: com.kms.katalon.core.webui.exception.WebElementNotFoundException: Web element with id: 'Object Repository/2_Create_Channel/Page_(2)  Town Square - Bumblebee Mattermost/div_URL  (Edit)' located by 'By.xpath: (.//*[normalize-space(text()) and normalize-space(.)='Name'])[1]/following::div[1]' not found
	at com.kms.katalon.core.webui.common.WebUiCommonHelper.findWebElement(WebUiCommonHelper.java:1154)
	at com.kms.katalon.core.webui.keyword.internal.WebUIAbstractKeyword.findWebElement(WebUIAbstractKeyword.groovy:27)
	at com.kms.katalon.core.webui.keyword.internal.WebUIAbstractKeyword.findWebElement(WebUIAbstractKeyword.groovy:26)
	at com.kms.katalon.core.webui.keyword.builtin.ClickKeyword$_click_closure1.doCall(ClickKeyword.groovy:67)
	at com.kms.katalon.core.webui.keyword.builtin.ClickKeyword$_click_closure1.call(ClickKeyword.groovy)
	at com.kms.katalon.core.webui.keyword.internal.WebUIKeywordMain.runKeyword(WebUIKeywordMain.groovy:20)
	... 19 more]]></system-err>
      </testcase>
      <testcase name="Test Cases/2_Create_Channel/Private_Channel" time="50.13" classname="Test Cases/2_Create_Channel/Private_Channel" status="FAILED">
         <failure type="FAILED" message="Test Cases/2_Create_Channel/Private_Channel FAILED.
Reason:
com.kms.katalon.core.exception.StepFailedException: Unable to click on object 'Object Repository/2_Create_Channel/Page_(2)  Bugs - Bumblebee Mattermost/div_URL  (Edit)'
	at com.kms.katalon.core.webui.keyword.internal.WebUIKeywordMain.stepFailed(WebUIKeywordMain.groovy:64)
	at com.kms.katalon.core.webui.keyword.internal.WebUIKeywordMain.runKeyword(WebUIKeywordMain.groovy:26)
	at com.kms.katalon.core.webui.keyword.builtin.ClickKeyword.click(ClickKeyword.groovy:102)
	at com.kms.katalon.core.webui.keyword.builtin.ClickKeyword.execute(ClickKeyword.groovy:43)
	at com.kms.katalon.core.keyword.internal.KeywordExecutor.executeKeywordForPlatform(KeywordExecutor.groovy:72)
	at com.kms.katalon.core.webui.keyword.WebUiBuiltInKeywords.click(WebUiBuiltInKeywords.groovy:616)
	at com.kms.katalon.core.webui.keyword.WebUiBuiltInKeywords$click$1.call(Unknown Source)
	at Private_Channel.run(Private_Channel:25)
	at com.kms.katalon.core.main.ScriptEngine.run(ScriptEngine.java:194)
	at com.kms.katalon.core.main.ScriptEngine.runScriptAsRawText(ScriptEngine.java:119)
	at com.kms.katalon.core.main.TestCaseExecutor.runScript(TestCaseExecutor.java:337)
	at com.kms.katalon.core.main.TestCaseExecutor.doExecute(TestCaseExecutor.java:328)
	at com.kms.katalon.core.main.TestCaseExecutor.processExecutionPhase(TestCaseExecutor.java:307)
	at com.kms.katalon.core.main.TestCaseExecutor.accessMainPhase(TestCaseExecutor.java:299)
	at com.kms.katalon.core.main.TestCaseExecutor.execute(TestCaseExecutor.java:233)
	at com.kms.katalon.core.main.TestSuiteExecutor.accessTestCaseMainPhase(TestSuiteExecutor.java:169)
	at com.kms.katalon.core.main.TestSuiteExecutor.accessTestSuiteMainPhase(TestSuiteExecutor.java:142)
	at com.kms.katalon.core.main.TestSuiteExecutor.execute(TestSuiteExecutor.java:91)
	at com.kms.katalon.core.main.TestCaseMain.startTestSuite(TestCaseMain.java:157)
	at com.kms.katalon.core.main.TestCaseMain$startTestSuite$0.call(Unknown Source)
	at TempTestSuite1577543522490.run(TempTestSuite1577543522490.groovy:36)
Caused by: com.kms.katalon.core.webui.exception.WebElementNotFoundException: Web element with id: 'Object Repository/2_Create_Channel/Page_(2)  Bugs - Bumblebee Mattermost/div_URL  (Edit)' located by 'By.xpath: (.//*[normalize-space(text()) and normalize-space(.)='Name'])[1]/following::div[1]' not found
	at com.kms.katalon.core.webui.common.WebUiCommonHelper.findWebElement(WebUiCommonHelper.java:1154)
	at com.kms.katalon.core.webui.keyword.internal.WebUIAbstractKeyword.findWebElement(WebUIAbstractKeyword.groovy:27)
	at com.kms.katalon.core.webui.keyword.internal.WebUIAbstractKeyword.findWebElement(WebUIAbstractKeyword.groovy:26)
	at com.kms.katalon.core.webui.keyword.builtin.ClickKeyword$_click_closure1.doCall(ClickKeyword.groovy:67)
	at com.kms.katalon.core.webui.keyword.builtin.ClickKeyword$_click_closure1.call(ClickKeyword.groovy)
	at com.kms.katalon.core.webui.keyword.internal.WebUIKeywordMain.runKeyword(WebUIKeywordMain.groovy:20)
	... 19 more
"/>
         <system-out><![CDATA[2019-12-28 21:38:44 - [TEST_CASE][FAILED] - Test Cases/2_Create_Channel/Private_Channel: Test Cases/2_Create_Channel/Private_Channel FAILED.
Reason:
com.kms.katalon.core.exception.StepFailedException: Unable to click on object 'Object Repository/2_Create_Channel/Page_(2)  Bugs - Bumblebee Mattermost/div_URL  (Edit)'
	at com.kms.katalon.core.webui.keyword.internal.WebUIKeywordMain.stepFailed(WebUIKeywordMain.groovy:64)
	at com.kms.katalon.core.webui.keyword.internal.WebUIKeywordMain.runKeyword(WebUIKeywordMain.groovy:26)
	at com.kms.katalon.core.webui.keyword.builtin.ClickKeyword.click(ClickKeyword.groovy:102)
	at com.kms.katalon.core.webui.keyword.builtin.ClickKeyword.execute(ClickKeyword.groovy:43)
	at com.kms.katalon.core.keyword.internal.KeywordExecutor.executeKeywordForPlatform(KeywordExecutor.groovy:72)
	at com.kms.katalon.core.webui.keyword.WebUiBuiltInKeywords.click(WebUiBuiltInKeywords.groovy:616)
	at com.kms.katalon.core.webui.keyword.WebUiBuiltInKeywords$click$1.call(Unknown Source)
	at Private_Channel.run(Private_Channel:25)
	at com.kms.katalon.core.main.ScriptEngine.run(ScriptEngine.java:194)
	at com.kms.katalon.core.main.ScriptEngine.runScriptAsRawText(ScriptEngine.java:119)
	at com.kms.katalon.core.main.TestCaseExecutor.runScript(TestCaseExecutor.java:337)
	at com.kms.katalon.core.main.TestCaseExecutor.doExecute(TestCaseExecutor.java:328)
	at com.kms.katalon.core.main.TestCaseExecutor.processExecutionPhase(TestCaseExecutor.java:307)
	at com.kms.katalon.core.main.TestCaseExecutor.accessMainPhase(TestCaseExecutor.java:299)
	at com.kms.katalon.core.main.TestCaseExecutor.execute(TestCaseExecutor.java:233)
	at com.kms.katalon.core.main.TestSuiteExecutor.accessTestCaseMainPhase(TestSuiteExecutor.java:169)
	at com.kms.katalon.core.main.TestSuiteExecutor.accessTestSuiteMainPhase(TestSuiteExecutor.java:142)
	at com.kms.katalon.core.main.TestSuiteExecutor.execute(TestSuiteExecutor.java:91)
	at com.kms.katalon.core.main.TestCaseMain.startTestSuite(TestCaseMain.java:157)
	at com.kms.katalon.core.main.TestCaseMain$startTestSuite$0.call(Unknown Source)
	at TempTestSuite1577543522490.run(TempTestSuite1577543522490.groovy:36)
Caused by: com.kms.katalon.core.webui.exception.WebElementNotFoundException: Web element with id: 'Object Repository/2_Create_Channel/Page_(2)  Bugs - Bumblebee Mattermost/div_URL  (Edit)' located by 'By.xpath: (.//*[normalize-space(text()) and normalize-space(.)='Name'])[1]/following::div[1]' not found
	at com.kms.katalon.core.webui.common.WebUiCommonHelper.findWebElement(WebUiCommonHelper.java:1154)
	at com.kms.katalon.core.webui.keyword.internal.WebUIAbstractKeyword.findWebElement(WebUIAbstractKeyword.groovy:27)
	at com.kms.katalon.core.webui.keyword.internal.WebUIAbstractKeyword.findWebElement(WebUIAbstractKeyword.groovy:26)
	at com.kms.katalon.core.webui.keyword.builtin.ClickKeyword$_click_closure1.doCall(ClickKeyword.groovy:67)
	at com.kms.katalon.core.webui.keyword.builtin.ClickKeyword$_click_closure1.call(ClickKeyword.groovy)
	at com.kms.katalon.core.webui.keyword.internal.WebUIKeywordMain.runKeyword(WebUIKeywordMain.groovy:20)
	... 19 more


2019-12-28 21:38:44 - [TEST_STEP][PASSED] - openBrowser(""): Browser is opened with url: ''

2019-12-28 21:38:44 - [MESSAGE][PASSED] - Browser is opened with url: ''

2019-12-28 21:38:44 - [TEST_STEP][PASSED] - navigateToUrl("http://localhost:8065/"): Navigate to 'http://localhost:8065/' successfully

2019-12-28 21:38:45 - [MESSAGE][PASSED] - Navigate to 'http://localhost:8065/' successfully

2019-12-28 21:38:45 - [TEST_STEP][PASSED] - click(findTestObject("Object Repository/2_Create_Channel/Page_(2)  Bugs - Bumblebee Mattermost/span_")): Object: 'Object Repository/2_Create_Channel/Page_(2)  Bugs - Bumblebee Mattermost/span_' is clicked on

2019-12-28 21:38:48 - [MESSAGE][PASSED] - Object: 'Object Repository/2_Create_Channel/Page_(2)  Bugs - Bumblebee Mattermost/span_' is clicked on

2019-12-28 21:38:48 - [TEST_STEP][FAILED] - click(findTestObject("Object Repository/2_Create_Channel/Page_(2)  Bugs - Bumblebee Mattermost/div_URL  (Edit)")): Unable to click on object 'Object Repository/2_Create_Channel/Page_(2)  Bugs - Bumblebee Mattermost/div_URL  (Edit)' (Root cause: com.kms.katalon.core.exception.StepFailedException: Unable to click on object 'Object Repository/2_Create_Channel/Page_(2)  Bugs - Bumblebee Mattermost/div_URL  (Edit)'
	at com.kms.katalon.core.webui.keyword.internal.WebUIKeywordMain.stepFailed(WebUIKeywordMain.groovy:64)
	at com.kms.katalon.core.webui.keyword.internal.WebUIKeywordMain.runKeyword(WebUIKeywordMain.groovy:26)
	at com.kms.katalon.core.webui.keyword.builtin.ClickKeyword.click(ClickKeyword.groovy:102)
	at com.kms.katalon.core.webui.keyword.builtin.ClickKeyword.execute(ClickKeyword.groovy:43)
	at com.kms.katalon.core.keyword.internal.KeywordExecutor.executeKeywordForPlatform(KeywordExecutor.groovy:72)
	at com.kms.katalon.core.webui.keyword.WebUiBuiltInKeywords.click(WebUiBuiltInKeywords.groovy:616)
	at com.kms.katalon.core.webui.keyword.WebUiBuiltInKeywords$click$1.call(Unknown Source)
	at Private_Channel.run(Private_Channel:25)
	at com.kms.katalon.core.main.ScriptEngine.run(ScriptEngine.java:194)
	at com.kms.katalon.core.main.ScriptEngine.runScriptAsRawText(ScriptEngine.java:119)
	at com.kms.katalon.core.main.TestCaseExecutor.runScript(TestCaseExecutor.java:337)
	at com.kms.katalon.core.main.TestCaseExecutor.doExecute(TestCaseExecutor.java:328)
	at com.kms.katalon.core.main.TestCaseExecutor.processExecutionPhase(TestCaseExecutor.java:307)
	at com.kms.katalon.core.main.TestCaseExecutor.accessMainPhase(TestCaseExecutor.java:299)
	at com.kms.katalon.core.main.TestCaseExecutor.execute(TestCaseExecutor.java:233)
	at com.kms.katalon.core.main.TestSuiteExecutor.accessTestCaseMainPhase(TestSuiteExecutor.java:169)
	at com.kms.katalon.core.main.TestSuiteExecutor.accessTestSuiteMainPhase(TestSuiteExecutor.java:142)
	at com.kms.katalon.core.main.TestSuiteExecutor.execute(TestSuiteExecutor.java:91)
	at com.kms.katalon.core.main.TestCaseMain.startTestSuite(TestCaseMain.java:157)
	at com.kms.katalon.core.main.TestCaseMain$startTestSuite$0.call(Unknown Source)
	at TempTestSuite1577543522490.run(TempTestSuite1577543522490.groovy:36)
Caused by: com.kms.katalon.core.webui.exception.WebElementNotFoundException: Web element with id: 'Object Repository/2_Create_Channel/Page_(2)  Bugs - Bumblebee Mattermost/div_URL  (Edit)' located by 'By.xpath: (.//*[normalize-space(text()) and normalize-space(.)='Name'])[1]/following::div[1]' not found
	at com.kms.katalon.core.webui.common.WebUiCommonHelper.findWebElement(WebUiCommonHelper.java:1154)
	at com.kms.katalon.core.webui.keyword.internal.WebUIAbstractKeyword.findWebElement(WebUIAbstractKeyword.groovy:27)
	at com.kms.katalon.core.webui.keyword.internal.WebUIAbstractKeyword.findWebElement(WebUIAbstractKeyword.groovy:26)
	at com.kms.katalon.core.webui.keyword.builtin.ClickKeyword$_click_closure1.doCall(ClickKeyword.groovy:67)
	at com.kms.katalon.core.webui.keyword.builtin.ClickKeyword$_click_closure1.call(ClickKeyword.groovy)
	at com.kms.katalon.core.webui.keyword.internal.WebUIKeywordMain.runKeyword(WebUIKeywordMain.groovy:20)
	at com.kms.katalon.core.webui.keyword.builtin.ClickKeyword.click(ClickKeyword.groovy:102)
	at com.kms.katalon.core.webui.keyword.builtin.ClickKeyword.execute(ClickKeyword.groovy:43)
	at com.kms.katalon.core.keyword.internal.KeywordExecutor.executeKeywordForPlatform(KeywordExecutor.groovy:72)
	at com.kms.katalon.core.webui.keyword.WebUiBuiltInKeywords.click(WebUiBuiltInKeywords.groovy:616)
	at com.kms.katalon.core.webui.keyword.WebUiBuiltInKeywords$click$1.call(Unknown Source)
	at Script1576934896568.run(Script1576934896568.groovy:25)
	... 13 more
)

2019-12-28 21:39:33 - [MESSAGE][INFO] - Unable to find the element located by 'By.xpath: (.//*[normalize-space(text()) and normalize-space(.)='Name'])[1]/following::div[1]'. Please recheck the objects properties to make sure the desired element is located. 

2019-12-28 21:39:33 - [MESSAGE][INFO] - [SMART_XPATH] Auto-trying out other XPath values in the test object.

2019-12-28 21:39:33 - [MESSAGE][INFO] - [SMART_XPATH] FAILED XPATH: '(.//*[normalize-space(text()) and normalize-space(.)='Name'])[1]/following::div[1]'.

2019-12-28 21:39:33 - [MESSAGE][INFO] - [SMART_XPATH] FAILED XPATH: '(.//*[normalize-space(text()) and normalize-space(.)='- Only invited members can join this channel.'])[1]/following::div[2]'.

2019-12-28 21:39:33 - [MESSAGE][INFO] - [SMART_XPATH] FAILED XPATH: '(.//*[normalize-space(text()) and normalize-space(.)='Purpose'])[1]/preceding::div[1]'.

2019-12-28 21:39:34 - [MESSAGE][INFO] - [SMART_XPATH] FAILED XPATH: '//div[4]/div[2]/div/div/form/div/div[2]/div'.

2019-12-28 21:39:34 - [MESSAGE][INFO] - [SMART_XPATH] No working XPath is found.

2019-12-28 21:39:34 - [MESSAGE][FAILED] - Unable to click on object 'Object Repository/2_Create_Channel/Page_(2)  Bugs - Bumblebee Mattermost/div_URL  (Edit)' (Root cause: com.kms.katalon.core.exception.StepFailedException: Unable to click on object 'Object Repository/2_Create_Channel/Page_(2)  Bugs - Bumblebee Mattermost/div_URL  (Edit)'
	at com.kms.katalon.core.webui.keyword.internal.WebUIKeywordMain.stepFailed(WebUIKeywordMain.groovy:64)
	at com.kms.katalon.core.webui.keyword.internal.WebUIKeywordMain.runKeyword(WebUIKeywordMain.groovy:26)
	at com.kms.katalon.core.webui.keyword.builtin.ClickKeyword.click(ClickKeyword.groovy:102)
	at com.kms.katalon.core.webui.keyword.builtin.ClickKeyword.execute(ClickKeyword.groovy:43)
	at com.kms.katalon.core.keyword.internal.KeywordExecutor.executeKeywordForPlatform(KeywordExecutor.groovy:72)
	at com.kms.katalon.core.webui.keyword.WebUiBuiltInKeywords.click(WebUiBuiltInKeywords.groovy:616)
	at com.kms.katalon.core.webui.keyword.WebUiBuiltInKeywords$click$1.call(Unknown Source)
	at Private_Channel.run(Private_Channel:25)
	at com.kms.katalon.core.main.ScriptEngine.run(ScriptEngine.java:194)
	at com.kms.katalon.core.main.ScriptEngine.runScriptAsRawText(ScriptEngine.java:119)
	at com.kms.katalon.core.main.TestCaseExecutor.runScript(TestCaseExecutor.java:337)
	at com.kms.katalon.core.main.TestCaseExecutor.doExecute(TestCaseExecutor.java:328)
	at com.kms.katalon.core.main.TestCaseExecutor.processExecutionPhase(TestCaseExecutor.java:307)
	at com.kms.katalon.core.main.TestCaseExecutor.accessMainPhase(TestCaseExecutor.java:299)
	at com.kms.katalon.core.main.TestCaseExecutor.execute(TestCaseExecutor.java:233)
	at com.kms.katalon.core.main.TestSuiteExecutor.accessTestCaseMainPhase(TestSuiteExecutor.java:169)
	at com.kms.katalon.core.main.TestSuiteExecutor.accessTestSuiteMainPhase(TestSuiteExecutor.java:142)
	at com.kms.katalon.core.main.TestSuiteExecutor.execute(TestSuiteExecutor.java:91)
	at com.kms.katalon.core.main.TestCaseMain.startTestSuite(TestCaseMain.java:157)
	at com.kms.katalon.core.main.TestCaseMain$startTestSuite$0.call(Unknown Source)
	at TempTestSuite1577543522490.run(TempTestSuite1577543522490.groovy:36)
Caused by: com.kms.katalon.core.webui.exception.WebElementNotFoundException: Web element with id: 'Object Repository/2_Create_Channel/Page_(2)  Bugs - Bumblebee Mattermost/div_URL  (Edit)' located by 'By.xpath: (.//*[normalize-space(text()) and normalize-space(.)='Name'])[1]/following::div[1]' not found
	at com.kms.katalon.core.webui.common.WebUiCommonHelper.findWebElement(WebUiCommonHelper.java:1154)
	at com.kms.katalon.core.webui.keyword.internal.WebUIAbstractKeyword.findWebElement(WebUIAbstractKeyword.groovy:27)
	at com.kms.katalon.core.webui.keyword.internal.WebUIAbstractKeyword.findWebElement(WebUIAbstractKeyword.groovy:26)
	at com.kms.katalon.core.webui.keyword.builtin.ClickKeyword$_click_closure1.doCall(ClickKeyword.groovy:67)
	at com.kms.katalon.core.webui.keyword.builtin.ClickKeyword$_click_closure1.call(ClickKeyword.groovy)
	at com.kms.katalon.core.webui.keyword.internal.WebUIKeywordMain.runKeyword(WebUIKeywordMain.groovy:20)
	at com.kms.katalon.core.webui.keyword.builtin.ClickKeyword.click(ClickKeyword.groovy:102)
	at com.kms.katalon.core.webui.keyword.builtin.ClickKeyword.execute(ClickKeyword.groovy:43)
	at com.kms.katalon.core.keyword.internal.KeywordExecutor.executeKeywordForPlatform(KeywordExecutor.groovy:72)
	at com.kms.katalon.core.webui.keyword.WebUiBuiltInKeywords.click(WebUiBuiltInKeywords.groovy:616)
	at com.kms.katalon.core.webui.keyword.WebUiBuiltInKeywords$click$1.call(Unknown Source)
	at Script1576934896568.run(Script1576934896568.groovy:25)
	... 13 more
)
[[ATTACHMENT|/Users/nguyentri/Desktop/Learn/SoftwareEngineer/mattermost-duo-test/Reports/20191228_213202/Run_all_test_cases/20191228_213202/1577543974033.png]]]]></system-out>
         <system-err><![CDATA[2019-12-28 21:38:44 - [TEST_CASE][FAILED] - Test Cases/2_Create_Channel/Private_Channel: Test Cases/2_Create_Channel/Private_Channel FAILED.
Reason:
com.kms.katalon.core.exception.StepFailedException: Unable to click on object 'Object Repository/2_Create_Channel/Page_(2)  Bugs - Bumblebee Mattermost/div_URL  (Edit)'
	at com.kms.katalon.core.webui.keyword.internal.WebUIKeywordMain.stepFailed(WebUIKeywordMain.groovy:64)
	at com.kms.katalon.core.webui.keyword.internal.WebUIKeywordMain.runKeyword(WebUIKeywordMain.groovy:26)
	at com.kms.katalon.core.webui.keyword.builtin.ClickKeyword.click(ClickKeyword.groovy:102)
	at com.kms.katalon.core.webui.keyword.builtin.ClickKeyword.execute(ClickKeyword.groovy:43)
	at com.kms.katalon.core.keyword.internal.KeywordExecutor.executeKeywordForPlatform(KeywordExecutor.groovy:72)
	at com.kms.katalon.core.webui.keyword.WebUiBuiltInKeywords.click(WebUiBuiltInKeywords.groovy:616)
	at com.kms.katalon.core.webui.keyword.WebUiBuiltInKeywords$click$1.call(Unknown Source)
	at Private_Channel.run(Private_Channel:25)
	at com.kms.katalon.core.main.ScriptEngine.run(ScriptEngine.java:194)
	at com.kms.katalon.core.main.ScriptEngine.runScriptAsRawText(ScriptEngine.java:119)
	at com.kms.katalon.core.main.TestCaseExecutor.runScript(TestCaseExecutor.java:337)
	at com.kms.katalon.core.main.TestCaseExecutor.doExecute(TestCaseExecutor.java:328)
	at com.kms.katalon.core.main.TestCaseExecutor.processExecutionPhase(TestCaseExecutor.java:307)
	at com.kms.katalon.core.main.TestCaseExecutor.accessMainPhase(TestCaseExecutor.java:299)
	at com.kms.katalon.core.main.TestCaseExecutor.execute(TestCaseExecutor.java:233)
	at com.kms.katalon.core.main.TestSuiteExecutor.accessTestCaseMainPhase(TestSuiteExecutor.java:169)
	at com.kms.katalon.core.main.TestSuiteExecutor.accessTestSuiteMainPhase(TestSuiteExecutor.java:142)
	at com.kms.katalon.core.main.TestSuiteExecutor.execute(TestSuiteExecutor.java:91)
	at com.kms.katalon.core.main.TestCaseMain.startTestSuite(TestCaseMain.java:157)
	at com.kms.katalon.core.main.TestCaseMain$startTestSuite$0.call(Unknown Source)
	at TempTestSuite1577543522490.run(TempTestSuite1577543522490.groovy:36)
Caused by: com.kms.katalon.core.webui.exception.WebElementNotFoundException: Web element with id: 'Object Repository/2_Create_Channel/Page_(2)  Bugs - Bumblebee Mattermost/div_URL  (Edit)' located by 'By.xpath: (.//*[normalize-space(text()) and normalize-space(.)='Name'])[1]/following::div[1]' not found
	at com.kms.katalon.core.webui.common.WebUiCommonHelper.findWebElement(WebUiCommonHelper.java:1154)
	at com.kms.katalon.core.webui.keyword.internal.WebUIAbstractKeyword.findWebElement(WebUIAbstractKeyword.groovy:27)
	at com.kms.katalon.core.webui.keyword.internal.WebUIAbstractKeyword.findWebElement(WebUIAbstractKeyword.groovy:26)
	at com.kms.katalon.core.webui.keyword.builtin.ClickKeyword$_click_closure1.doCall(ClickKeyword.groovy:67)
	at com.kms.katalon.core.webui.keyword.builtin.ClickKeyword$_click_closure1.call(ClickKeyword.groovy)
	at com.kms.katalon.core.webui.keyword.internal.WebUIKeywordMain.runKeyword(WebUIKeywordMain.groovy:20)
	... 19 more]]></system-err>
      </testcase>
      <testcase name="Test Cases/2_Create_Channel/Existing_Channel_Name" time="49.282" classname="Test Cases/2_Create_Channel/Existing_Channel_Name" status="FAILED">
         <failure type="FAILED" message="Test Cases/2_Create_Channel/Existing_Channel_Name FAILED.
Reason:
com.kms.katalon.core.exception.StepFailedException: Unable to set text 'Bugs' of object 'Object Repository/2_Create_Channel/Page_Bugs - Bumblebee Mattermost/input_Name_newChannelName'
	at com.kms.katalon.core.webui.keyword.internal.WebUIKeywordMain.stepFailed(WebUIKeywordMain.groovy:64)
	at com.kms.katalon.core.webui.keyword.internal.WebUIKeywordMain.runKeyword(WebUIKeywordMain.groovy:26)
	at com.kms.katalon.core.webui.keyword.builtin.SetTextKeyword.setText(SetTextKeyword.groovy:66)
	at com.kms.katalon.core.webui.keyword.builtin.SetTextKeyword.execute(SetTextKeyword.groovy:37)
	at com.kms.katalon.core.keyword.internal.KeywordExecutor.executeKeywordForPlatform(KeywordExecutor.groovy:72)
	at com.kms.katalon.core.webui.keyword.WebUiBuiltInKeywords.setText(WebUiBuiltInKeywords.groovy:950)
	at com.kms.katalon.core.webui.keyword.WebUiBuiltInKeywords$setText$2.call(Unknown Source)
	at Existing_Channel_Name.run(Existing_Channel_Name:25)
	at com.kms.katalon.core.main.ScriptEngine.run(ScriptEngine.java:194)
	at com.kms.katalon.core.main.ScriptEngine.runScriptAsRawText(ScriptEngine.java:119)
	at com.kms.katalon.core.main.TestCaseExecutor.runScript(TestCaseExecutor.java:337)
	at com.kms.katalon.core.main.TestCaseExecutor.doExecute(TestCaseExecutor.java:328)
	at com.kms.katalon.core.main.TestCaseExecutor.processExecutionPhase(TestCaseExecutor.java:307)
	at com.kms.katalon.core.main.TestCaseExecutor.accessMainPhase(TestCaseExecutor.java:299)
	at com.kms.katalon.core.main.TestCaseExecutor.execute(TestCaseExecutor.java:233)
	at com.kms.katalon.core.main.TestSuiteExecutor.accessTestCaseMainPhase(TestSuiteExecutor.java:169)
	at com.kms.katalon.core.main.TestSuiteExecutor.accessTestSuiteMainPhase(TestSuiteExecutor.java:142)
	at com.kms.katalon.core.main.TestSuiteExecutor.execute(TestSuiteExecutor.java:91)
	at com.kms.katalon.core.main.TestCaseMain.startTestSuite(TestCaseMain.java:157)
	at com.kms.katalon.core.main.TestCaseMain$startTestSuite$0.call(Unknown Source)
	at TempTestSuite1577543522490.run(TempTestSuite1577543522490.groovy:36)
Caused by: com.kms.katalon.core.webui.exception.WebElementNotFoundException: Web element with id: 'Object Repository/2_Create_Channel/Page_Bugs - Bumblebee Mattermost/input_Name_newChannelName' located by 'By.xpath: //input[@id='newChannelName']' not found
	at com.kms.katalon.core.webui.common.WebUiCommonHelper.findWebElement(WebUiCommonHelper.java:1154)
	at com.kms.katalon.core.webui.keyword.internal.WebUIAbstractKeyword.findWebElement(WebUIAbstractKeyword.groovy:27)
	at com.kms.katalon.core.webui.keyword.internal.WebUIAbstractKeyword.findWebElement(WebUIAbstractKeyword.groovy:26)
	at com.kms.katalon.core.webui.keyword.builtin.SetTextKeyword$_setText_closure1.doCall(SetTextKeyword.groovy:51)
	at com.kms.katalon.core.webui.keyword.builtin.SetTextKeyword$_setText_closure1.call(SetTextKeyword.groovy)
	at com.kms.katalon.core.webui.keyword.internal.WebUIKeywordMain.runKeyword(WebUIKeywordMain.groovy:20)
	... 19 more
"/>
         <system-out><![CDATA[2019-12-28 21:39:34 - [TEST_CASE][FAILED] - Test Cases/2_Create_Channel/Existing_Channel_Name: Test Cases/2_Create_Channel/Existing_Channel_Name FAILED.
Reason:
com.kms.katalon.core.exception.StepFailedException: Unable to set text 'Bugs' of object 'Object Repository/2_Create_Channel/Page_Bugs - Bumblebee Mattermost/input_Name_newChannelName'
	at com.kms.katalon.core.webui.keyword.internal.WebUIKeywordMain.stepFailed(WebUIKeywordMain.groovy:64)
	at com.kms.katalon.core.webui.keyword.internal.WebUIKeywordMain.runKeyword(WebUIKeywordMain.groovy:26)
	at com.kms.katalon.core.webui.keyword.builtin.SetTextKeyword.setText(SetTextKeyword.groovy:66)
	at com.kms.katalon.core.webui.keyword.builtin.SetTextKeyword.execute(SetTextKeyword.groovy:37)
	at com.kms.katalon.core.keyword.internal.KeywordExecutor.executeKeywordForPlatform(KeywordExecutor.groovy:72)
	at com.kms.katalon.core.webui.keyword.WebUiBuiltInKeywords.setText(WebUiBuiltInKeywords.groovy:950)
	at com.kms.katalon.core.webui.keyword.WebUiBuiltInKeywords$setText$2.call(Unknown Source)
	at Existing_Channel_Name.run(Existing_Channel_Name:25)
	at com.kms.katalon.core.main.ScriptEngine.run(ScriptEngine.java:194)
	at com.kms.katalon.core.main.ScriptEngine.runScriptAsRawText(ScriptEngine.java:119)
	at com.kms.katalon.core.main.TestCaseExecutor.runScript(TestCaseExecutor.java:337)
	at com.kms.katalon.core.main.TestCaseExecutor.doExecute(TestCaseExecutor.java:328)
	at com.kms.katalon.core.main.TestCaseExecutor.processExecutionPhase(TestCaseExecutor.java:307)
	at com.kms.katalon.core.main.TestCaseExecutor.accessMainPhase(TestCaseExecutor.java:299)
	at com.kms.katalon.core.main.TestCaseExecutor.execute(TestCaseExecutor.java:233)
	at com.kms.katalon.core.main.TestSuiteExecutor.accessTestCaseMainPhase(TestSuiteExecutor.java:169)
	at com.kms.katalon.core.main.TestSuiteExecutor.accessTestSuiteMainPhase(TestSuiteExecutor.java:142)
	at com.kms.katalon.core.main.TestSuiteExecutor.execute(TestSuiteExecutor.java:91)
	at com.kms.katalon.core.main.TestCaseMain.startTestSuite(TestCaseMain.java:157)
	at com.kms.katalon.core.main.TestCaseMain$startTestSuite$0.call(Unknown Source)
	at TempTestSuite1577543522490.run(TempTestSuite1577543522490.groovy:36)
Caused by: com.kms.katalon.core.webui.exception.WebElementNotFoundException: Web element with id: 'Object Repository/2_Create_Channel/Page_Bugs - Bumblebee Mattermost/input_Name_newChannelName' located by 'By.xpath: //input[@id='newChannelName']' not found
	at com.kms.katalon.core.webui.common.WebUiCommonHelper.findWebElement(WebUiCommonHelper.java:1154)
	at com.kms.katalon.core.webui.keyword.internal.WebUIAbstractKeyword.findWebElement(WebUIAbstractKeyword.groovy:27)
	at com.kms.katalon.core.webui.keyword.internal.WebUIAbstractKeyword.findWebElement(WebUIAbstractKeyword.groovy:26)
	at com.kms.katalon.core.webui.keyword.builtin.SetTextKeyword$_setText_closure1.doCall(SetTextKeyword.groovy:51)
	at com.kms.katalon.core.webui.keyword.builtin.SetTextKeyword$_setText_closure1.call(SetTextKeyword.groovy)
	at com.kms.katalon.core.webui.keyword.internal.WebUIKeywordMain.runKeyword(WebUIKeywordMain.groovy:20)
	... 19 more


2019-12-28 21:39:34 - [TEST_STEP][PASSED] - openBrowser(""): Browser is opened with url: ''

2019-12-28 21:39:35 - [MESSAGE][PASSED] - Browser is opened with url: ''

2019-12-28 21:39:35 - [TEST_STEP][PASSED] - navigateToUrl("http://localhost:8065/"): Navigate to 'http://localhost:8065/' successfully

2019-12-28 21:39:35 - [MESSAGE][PASSED] - Navigate to 'http://localhost:8065/' successfully

2019-12-28 21:39:35 - [TEST_STEP][PASSED] - click(findTestObject("Object Repository/2_Create_Channel/Page_Bugs - Bumblebee Mattermost/span_")): Object: 'Object Repository/2_Create_Channel/Page_Bugs - Bumblebee Mattermost/span_' is clicked on

2019-12-28 21:39:38 - [MESSAGE][PASSED] - Object: 'Object Repository/2_Create_Channel/Page_Bugs - Bumblebee Mattermost/span_' is clicked on

2019-12-28 21:39:38 - [TEST_STEP][FAILED] - setText(findTestObject("Object Repository/2_Create_Channel/Page_Bugs - Bumblebee Mattermost/input_Name_newChannelName"), "Bugs"): Unable to set text 'Bugs' of object 'Object Repository/2_Create_Channel/Page_Bugs - Bumblebee Mattermost/input_Name_newChannelName' (Root cause: com.kms.katalon.core.exception.StepFailedException: Unable to set text 'Bugs' of object 'Object Repository/2_Create_Channel/Page_Bugs - Bumblebee Mattermost/input_Name_newChannelName'
	at com.kms.katalon.core.webui.keyword.internal.WebUIKeywordMain.stepFailed(WebUIKeywordMain.groovy:64)
	at com.kms.katalon.core.webui.keyword.internal.WebUIKeywordMain.runKeyword(WebUIKeywordMain.groovy:26)
	at com.kms.katalon.core.webui.keyword.builtin.SetTextKeyword.setText(SetTextKeyword.groovy:66)
	at com.kms.katalon.core.webui.keyword.builtin.SetTextKeyword.execute(SetTextKeyword.groovy:37)
	at com.kms.katalon.core.keyword.internal.KeywordExecutor.executeKeywordForPlatform(KeywordExecutor.groovy:72)
	at com.kms.katalon.core.webui.keyword.WebUiBuiltInKeywords.setText(WebUiBuiltInKeywords.groovy:950)
	at com.kms.katalon.core.webui.keyword.WebUiBuiltInKeywords$setText$2.call(Unknown Source)
	at Existing_Channel_Name.run(Existing_Channel_Name:25)
	at com.kms.katalon.core.main.ScriptEngine.run(ScriptEngine.java:194)
	at com.kms.katalon.core.main.ScriptEngine.runScriptAsRawText(ScriptEngine.java:119)
	at com.kms.katalon.core.main.TestCaseExecutor.runScript(TestCaseExecutor.java:337)
	at com.kms.katalon.core.main.TestCaseExecutor.doExecute(TestCaseExecutor.java:328)
	at com.kms.katalon.core.main.TestCaseExecutor.processExecutionPhase(TestCaseExecutor.java:307)
	at com.kms.katalon.core.main.TestCaseExecutor.accessMainPhase(TestCaseExecutor.java:299)
	at com.kms.katalon.core.main.TestCaseExecutor.execute(TestCaseExecutor.java:233)
	at com.kms.katalon.core.main.TestSuiteExecutor.accessTestCaseMainPhase(TestSuiteExecutor.java:169)
	at com.kms.katalon.core.main.TestSuiteExecutor.accessTestSuiteMainPhase(TestSuiteExecutor.java:142)
	at com.kms.katalon.core.main.TestSuiteExecutor.execute(TestSuiteExecutor.java:91)
	at com.kms.katalon.core.main.TestCaseMain.startTestSuite(TestCaseMain.java:157)
	at com.kms.katalon.core.main.TestCaseMain$startTestSuite$0.call(Unknown Source)
	at TempTestSuite1577543522490.run(TempTestSuite1577543522490.groovy:36)
Caused by: com.kms.katalon.core.webui.exception.WebElementNotFoundException: Web element with id: 'Object Repository/2_Create_Channel/Page_Bugs - Bumblebee Mattermost/input_Name_newChannelName' located by 'By.xpath: //input[@id='newChannelName']' not found
	at com.kms.katalon.core.webui.common.WebUiCommonHelper.findWebElement(WebUiCommonHelper.java:1154)
	at com.kms.katalon.core.webui.keyword.internal.WebUIAbstractKeyword.findWebElement(WebUIAbstractKeyword.groovy:27)
	at com.kms.katalon.core.webui.keyword.internal.WebUIAbstractKeyword.findWebElement(WebUIAbstractKeyword.groovy:26)
	at com.kms.katalon.core.webui.keyword.builtin.SetTextKeyword$_setText_closure1.doCall(SetTextKeyword.groovy:51)
	at com.kms.katalon.core.webui.keyword.builtin.SetTextKeyword$_setText_closure1.call(SetTextKeyword.groovy)
	at com.kms.katalon.core.webui.keyword.internal.WebUIKeywordMain.runKeyword(WebUIKeywordMain.groovy:20)
	at com.kms.katalon.core.webui.keyword.builtin.SetTextKeyword.setText(SetTextKeyword.groovy:66)
	at com.kms.katalon.core.webui.keyword.builtin.SetTextKeyword.execute(SetTextKeyword.groovy:37)
	at com.kms.katalon.core.keyword.internal.KeywordExecutor.executeKeywordForPlatform(KeywordExecutor.groovy:72)
	at com.kms.katalon.core.webui.keyword.WebUiBuiltInKeywords.setText(WebUiBuiltInKeywords.groovy:950)
	at com.kms.katalon.core.webui.keyword.WebUiBuiltInKeywords$setText$2.call(Unknown Source)
	at Script1576934965971.run(Script1576934965971.groovy:25)
	... 13 more
)

2019-12-28 21:40:22 - [MESSAGE][INFO] - Unable to find the element located by 'By.xpath: //input[@id='newChannelName']'. Please recheck the objects properties to make sure the desired element is located. 

2019-12-28 21:40:22 - [MESSAGE][INFO] - [SMART_XPATH] Auto-trying out other XPath values in the test object.

2019-12-28 21:40:23 - [MESSAGE][INFO] - [SMART_XPATH] FAILED XPATH: '//input[@id='newChannelName']'.

2019-12-28 21:40:23 - [MESSAGE][INFO] - [SMART_XPATH] FAILED XPATH: '//div[2]/div/input'.

2019-12-28 21:40:23 - [MESSAGE][INFO] - [SMART_XPATH] No working XPath is found.

2019-12-28 21:40:23 - [MESSAGE][FAILED] - Unable to set text 'Bugs' of object 'Object Repository/2_Create_Channel/Page_Bugs - Bumblebee Mattermost/input_Name_newChannelName' (Root cause: com.kms.katalon.core.exception.StepFailedException: Unable to set text 'Bugs' of object 'Object Repository/2_Create_Channel/Page_Bugs - Bumblebee Mattermost/input_Name_newChannelName'
	at com.kms.katalon.core.webui.keyword.internal.WebUIKeywordMain.stepFailed(WebUIKeywordMain.groovy:64)
	at com.kms.katalon.core.webui.keyword.internal.WebUIKeywordMain.runKeyword(WebUIKeywordMain.groovy:26)
	at com.kms.katalon.core.webui.keyword.builtin.SetTextKeyword.setText(SetTextKeyword.groovy:66)
	at com.kms.katalon.core.webui.keyword.builtin.SetTextKeyword.execute(SetTextKeyword.groovy:37)
	at com.kms.katalon.core.keyword.internal.KeywordExecutor.executeKeywordForPlatform(KeywordExecutor.groovy:72)
	at com.kms.katalon.core.webui.keyword.WebUiBuiltInKeywords.setText(WebUiBuiltInKeywords.groovy:950)
	at com.kms.katalon.core.webui.keyword.WebUiBuiltInKeywords$setText$2.call(Unknown Source)
	at Existing_Channel_Name.run(Existing_Channel_Name:25)
	at com.kms.katalon.core.main.ScriptEngine.run(ScriptEngine.java:194)
	at com.kms.katalon.core.main.ScriptEngine.runScriptAsRawText(ScriptEngine.java:119)
	at com.kms.katalon.core.main.TestCaseExecutor.runScript(TestCaseExecutor.java:337)
	at com.kms.katalon.core.main.TestCaseExecutor.doExecute(TestCaseExecutor.java:328)
	at com.kms.katalon.core.main.TestCaseExecutor.processExecutionPhase(TestCaseExecutor.java:307)
	at com.kms.katalon.core.main.TestCaseExecutor.accessMainPhase(TestCaseExecutor.java:299)
	at com.kms.katalon.core.main.TestCaseExecutor.execute(TestCaseExecutor.java:233)
	at com.kms.katalon.core.main.TestSuiteExecutor.accessTestCaseMainPhase(TestSuiteExecutor.java:169)
	at com.kms.katalon.core.main.TestSuiteExecutor.accessTestSuiteMainPhase(TestSuiteExecutor.java:142)
	at com.kms.katalon.core.main.TestSuiteExecutor.execute(TestSuiteExecutor.java:91)
	at com.kms.katalon.core.main.TestCaseMain.startTestSuite(TestCaseMain.java:157)
	at com.kms.katalon.core.main.TestCaseMain$startTestSuite$0.call(Unknown Source)
	at TempTestSuite1577543522490.run(TempTestSuite1577543522490.groovy:36)
Caused by: com.kms.katalon.core.webui.exception.WebElementNotFoundException: Web element with id: 'Object Repository/2_Create_Channel/Page_Bugs - Bumblebee Mattermost/input_Name_newChannelName' located by 'By.xpath: //input[@id='newChannelName']' not found
	at com.kms.katalon.core.webui.common.WebUiCommonHelper.findWebElement(WebUiCommonHelper.java:1154)
	at com.kms.katalon.core.webui.keyword.internal.WebUIAbstractKeyword.findWebElement(WebUIAbstractKeyword.groovy:27)
	at com.kms.katalon.core.webui.keyword.internal.WebUIAbstractKeyword.findWebElement(WebUIAbstractKeyword.groovy:26)
	at com.kms.katalon.core.webui.keyword.builtin.SetTextKeyword$_setText_closure1.doCall(SetTextKeyword.groovy:51)
	at com.kms.katalon.core.webui.keyword.builtin.SetTextKeyword$_setText_closure1.call(SetTextKeyword.groovy)
	at com.kms.katalon.core.webui.keyword.internal.WebUIKeywordMain.runKeyword(WebUIKeywordMain.groovy:20)
	at com.kms.katalon.core.webui.keyword.builtin.SetTextKeyword.setText(SetTextKeyword.groovy:66)
	at com.kms.katalon.core.webui.keyword.builtin.SetTextKeyword.execute(SetTextKeyword.groovy:37)
	at com.kms.katalon.core.keyword.internal.KeywordExecutor.executeKeywordForPlatform(KeywordExecutor.groovy:72)
	at com.kms.katalon.core.webui.keyword.WebUiBuiltInKeywords.setText(WebUiBuiltInKeywords.groovy:950)
	at com.kms.katalon.core.webui.keyword.WebUiBuiltInKeywords$setText$2.call(Unknown Source)
	at Script1576934965971.run(Script1576934965971.groovy:25)
	... 13 more
)
[[ATTACHMENT|/Users/nguyentri/Desktop/Learn/SoftwareEngineer/mattermost-duo-test/Reports/20191228_213202/Run_all_test_cases/20191228_213202/1577544023387.png]]]]></system-out>
         <system-err><![CDATA[2019-12-28 21:39:34 - [TEST_CASE][FAILED] - Test Cases/2_Create_Channel/Existing_Channel_Name: Test Cases/2_Create_Channel/Existing_Channel_Name FAILED.
Reason:
com.kms.katalon.core.exception.StepFailedException: Unable to set text 'Bugs' of object 'Object Repository/2_Create_Channel/Page_Bugs - Bumblebee Mattermost/input_Name_newChannelName'
	at com.kms.katalon.core.webui.keyword.internal.WebUIKeywordMain.stepFailed(WebUIKeywordMain.groovy:64)
	at com.kms.katalon.core.webui.keyword.internal.WebUIKeywordMain.runKeyword(WebUIKeywordMain.groovy:26)
	at com.kms.katalon.core.webui.keyword.builtin.SetTextKeyword.setText(SetTextKeyword.groovy:66)
	at com.kms.katalon.core.webui.keyword.builtin.SetTextKeyword.execute(SetTextKeyword.groovy:37)
	at com.kms.katalon.core.keyword.internal.KeywordExecutor.executeKeywordForPlatform(KeywordExecutor.groovy:72)
	at com.kms.katalon.core.webui.keyword.WebUiBuiltInKeywords.setText(WebUiBuiltInKeywords.groovy:950)
	at com.kms.katalon.core.webui.keyword.WebUiBuiltInKeywords$setText$2.call(Unknown Source)
	at Existing_Channel_Name.run(Existing_Channel_Name:25)
	at com.kms.katalon.core.main.ScriptEngine.run(ScriptEngine.java:194)
	at com.kms.katalon.core.main.ScriptEngine.runScriptAsRawText(ScriptEngine.java:119)
	at com.kms.katalon.core.main.TestCaseExecutor.runScript(TestCaseExecutor.java:337)
	at com.kms.katalon.core.main.TestCaseExecutor.doExecute(TestCaseExecutor.java:328)
	at com.kms.katalon.core.main.TestCaseExecutor.processExecutionPhase(TestCaseExecutor.java:307)
	at com.kms.katalon.core.main.TestCaseExecutor.accessMainPhase(TestCaseExecutor.java:299)
	at com.kms.katalon.core.main.TestCaseExecutor.execute(TestCaseExecutor.java:233)
	at com.kms.katalon.core.main.TestSuiteExecutor.accessTestCaseMainPhase(TestSuiteExecutor.java:169)
	at com.kms.katalon.core.main.TestSuiteExecutor.accessTestSuiteMainPhase(TestSuiteExecutor.java:142)
	at com.kms.katalon.core.main.TestSuiteExecutor.execute(TestSuiteExecutor.java:91)
	at com.kms.katalon.core.main.TestCaseMain.startTestSuite(TestCaseMain.java:157)
	at com.kms.katalon.core.main.TestCaseMain$startTestSuite$0.call(Unknown Source)
	at TempTestSuite1577543522490.run(TempTestSuite1577543522490.groovy:36)
Caused by: com.kms.katalon.core.webui.exception.WebElementNotFoundException: Web element with id: 'Object Repository/2_Create_Channel/Page_Bugs - Bumblebee Mattermost/input_Name_newChannelName' located by 'By.xpath: //input[@id='newChannelName']' not found
	at com.kms.katalon.core.webui.common.WebUiCommonHelper.findWebElement(WebUiCommonHelper.java:1154)
	at com.kms.katalon.core.webui.keyword.internal.WebUIAbstractKeyword.findWebElement(WebUIAbstractKeyword.groovy:27)
	at com.kms.katalon.core.webui.keyword.internal.WebUIAbstractKeyword.findWebElement(WebUIAbstractKeyword.groovy:26)
	at com.kms.katalon.core.webui.keyword.builtin.SetTextKeyword$_setText_closure1.doCall(SetTextKeyword.groovy:51)
	at com.kms.katalon.core.webui.keyword.builtin.SetTextKeyword$_setText_closure1.call(SetTextKeyword.groovy)
	at com.kms.katalon.core.webui.keyword.internal.WebUIKeywordMain.runKeyword(WebUIKeywordMain.groovy:20)
	... 19 more]]></system-err>
      </testcase>
      <testcase name="Test Cases/2_Create_Channel/Cancel_Create_Channel" time="50.753" classname="Test Cases/2_Create_Channel/Cancel_Create_Channel" status="FAILED">
         <failure type="FAILED" message="Test Cases/2_Create_Channel/Cancel_Create_Channel FAILED.
Reason:
com.kms.katalon.core.exception.StepFailedException: Unable to set text 'Bugs Again' of object 'Object Repository/2_Create_Channel/Page_(2)  Bugs Private - Bumblebee Mattermost/input_Name_newChannelName'
	at com.kms.katalon.core.webui.keyword.internal.WebUIKeywordMain.stepFailed(WebUIKeywordMain.groovy:64)
	at com.kms.katalon.core.webui.keyword.internal.WebUIKeywordMain.runKeyword(WebUIKeywordMain.groovy:26)
	at com.kms.katalon.core.webui.keyword.builtin.SetTextKeyword.setText(SetTextKeyword.groovy:66)
	at com.kms.katalon.core.webui.keyword.builtin.SetTextKeyword.execute(SetTextKeyword.groovy:37)
	at com.kms.katalon.core.keyword.internal.KeywordExecutor.executeKeywordForPlatform(KeywordExecutor.groovy:72)
	at com.kms.katalon.core.webui.keyword.WebUiBuiltInKeywords.setText(WebUiBuiltInKeywords.groovy:950)
	at com.kms.katalon.core.webui.keyword.WebUiBuiltInKeywords$setText$2.call(Unknown Source)
	at Cancel_Create_Channel.run(Cancel_Create_Channel:25)
	at com.kms.katalon.core.main.ScriptEngine.run(ScriptEngine.java:194)
	at com.kms.katalon.core.main.ScriptEngine.runScriptAsRawText(ScriptEngine.java:119)
	at com.kms.katalon.core.main.TestCaseExecutor.runScript(TestCaseExecutor.java:337)
	at com.kms.katalon.core.main.TestCaseExecutor.doExecute(TestCaseExecutor.java:328)
	at com.kms.katalon.core.main.TestCaseExecutor.processExecutionPhase(TestCaseExecutor.java:307)
	at com.kms.katalon.core.main.TestCaseExecutor.accessMainPhase(TestCaseExecutor.java:299)
	at com.kms.katalon.core.main.TestCaseExecutor.execute(TestCaseExecutor.java:233)
	at com.kms.katalon.core.main.TestSuiteExecutor.accessTestCaseMainPhase(TestSuiteExecutor.java:169)
	at com.kms.katalon.core.main.TestSuiteExecutor.accessTestSuiteMainPhase(TestSuiteExecutor.java:142)
	at com.kms.katalon.core.main.TestSuiteExecutor.execute(TestSuiteExecutor.java:91)
	at com.kms.katalon.core.main.TestCaseMain.startTestSuite(TestCaseMain.java:157)
	at com.kms.katalon.core.main.TestCaseMain$startTestSuite$0.call(Unknown Source)
	at TempTestSuite1577543522490.run(TempTestSuite1577543522490.groovy:36)
Caused by: com.kms.katalon.core.webui.exception.WebElementNotFoundException: Web element with id: 'Object Repository/2_Create_Channel/Page_(2)  Bugs Private - Bumblebee Mattermost/input_Name_newChannelName' located by 'By.xpath: //input[@id='newChannelName']' not found
	at com.kms.katalon.core.webui.common.WebUiCommonHelper.findWebElement(WebUiCommonHelper.java:1154)
	at com.kms.katalon.core.webui.keyword.internal.WebUIAbstractKeyword.findWebElement(WebUIAbstractKeyword.groovy:27)
	at com.kms.katalon.core.webui.keyword.internal.WebUIAbstractKeyword.findWebElement(WebUIAbstractKeyword.groovy:26)
	at com.kms.katalon.core.webui.keyword.builtin.SetTextKeyword$_setText_closure1.doCall(SetTextKeyword.groovy:51)
	at com.kms.katalon.core.webui.keyword.builtin.SetTextKeyword$_setText_closure1.call(SetTextKeyword.groovy)
	at com.kms.katalon.core.webui.keyword.internal.WebUIKeywordMain.runKeyword(WebUIKeywordMain.groovy:20)
	... 19 more
"/>
         <system-out><![CDATA[2019-12-28 21:40:23 - [TEST_CASE][FAILED] - Test Cases/2_Create_Channel/Cancel_Create_Channel: Test Cases/2_Create_Channel/Cancel_Create_Channel FAILED.
Reason:
com.kms.katalon.core.exception.StepFailedException: Unable to set text 'Bugs Again' of object 'Object Repository/2_Create_Channel/Page_(2)  Bugs Private - Bumblebee Mattermost/input_Name_newChannelName'
	at com.kms.katalon.core.webui.keyword.internal.WebUIKeywordMain.stepFailed(WebUIKeywordMain.groovy:64)
	at com.kms.katalon.core.webui.keyword.internal.WebUIKeywordMain.runKeyword(WebUIKeywordMain.groovy:26)
	at com.kms.katalon.core.webui.keyword.builtin.SetTextKeyword.setText(SetTextKeyword.groovy:66)
	at com.kms.katalon.core.webui.keyword.builtin.SetTextKeyword.execute(SetTextKeyword.groovy:37)
	at com.kms.katalon.core.keyword.internal.KeywordExecutor.executeKeywordForPlatform(KeywordExecutor.groovy:72)
	at com.kms.katalon.core.webui.keyword.WebUiBuiltInKeywords.setText(WebUiBuiltInKeywords.groovy:950)
	at com.kms.katalon.core.webui.keyword.WebUiBuiltInKeywords$setText$2.call(Unknown Source)
	at Cancel_Create_Channel.run(Cancel_Create_Channel:25)
	at com.kms.katalon.core.main.ScriptEngine.run(ScriptEngine.java:194)
	at com.kms.katalon.core.main.ScriptEngine.runScriptAsRawText(ScriptEngine.java:119)
	at com.kms.katalon.core.main.TestCaseExecutor.runScript(TestCaseExecutor.java:337)
	at com.kms.katalon.core.main.TestCaseExecutor.doExecute(TestCaseExecutor.java:328)
	at com.kms.katalon.core.main.TestCaseExecutor.processExecutionPhase(TestCaseExecutor.java:307)
	at com.kms.katalon.core.main.TestCaseExecutor.accessMainPhase(TestCaseExecutor.java:299)
	at com.kms.katalon.core.main.TestCaseExecutor.execute(TestCaseExecutor.java:233)
	at com.kms.katalon.core.main.TestSuiteExecutor.accessTestCaseMainPhase(TestSuiteExecutor.java:169)
	at com.kms.katalon.core.main.TestSuiteExecutor.accessTestSuiteMainPhase(TestSuiteExecutor.java:142)
	at com.kms.katalon.core.main.TestSuiteExecutor.execute(TestSuiteExecutor.java:91)
	at com.kms.katalon.core.main.TestCaseMain.startTestSuite(TestCaseMain.java:157)
	at com.kms.katalon.core.main.TestCaseMain$startTestSuite$0.call(Unknown Source)
	at TempTestSuite1577543522490.run(TempTestSuite1577543522490.groovy:36)
Caused by: com.kms.katalon.core.webui.exception.WebElementNotFoundException: Web element with id: 'Object Repository/2_Create_Channel/Page_(2)  Bugs Private - Bumblebee Mattermost/input_Name_newChannelName' located by 'By.xpath: //input[@id='newChannelName']' not found
	at com.kms.katalon.core.webui.common.WebUiCommonHelper.findWebElement(WebUiCommonHelper.java:1154)
	at com.kms.katalon.core.webui.keyword.internal.WebUIAbstractKeyword.findWebElement(WebUIAbstractKeyword.groovy:27)
	at com.kms.katalon.core.webui.keyword.internal.WebUIAbstractKeyword.findWebElement(WebUIAbstractKeyword.groovy:26)
	at com.kms.katalon.core.webui.keyword.builtin.SetTextKeyword$_setText_closure1.doCall(SetTextKeyword.groovy:51)
	at com.kms.katalon.core.webui.keyword.builtin.SetTextKeyword$_setText_closure1.call(SetTextKeyword.groovy)
	at com.kms.katalon.core.webui.keyword.internal.WebUIKeywordMain.runKeyword(WebUIKeywordMain.groovy:20)
	... 19 more


2019-12-28 21:40:24 - [TEST_STEP][PASSED] - openBrowser(""): Browser is opened with url: ''

2019-12-28 21:40:24 - [MESSAGE][PASSED] - Browser is opened with url: ''

2019-12-28 21:40:24 - [TEST_STEP][PASSED] - navigateToUrl("http://localhost:8065/"): Navigate to 'http://localhost:8065/' successfully

2019-12-28 21:40:25 - [MESSAGE][PASSED] - Navigate to 'http://localhost:8065/' successfully

2019-12-28 21:40:25 - [TEST_STEP][PASSED] - click(findTestObject("Object Repository/2_Create_Channel/Page_(2)  Bugs Private - Bumblebee Mattermost/span_")): Object: 'Object Repository/2_Create_Channel/Page_(2)  Bugs Private - Bumblebee Mattermost/span_' is clicked on

2019-12-28 21:40:28 - [MESSAGE][PASSED] - Object: 'Object Repository/2_Create_Channel/Page_(2)  Bugs Private - Bumblebee Mattermost/span_' is clicked on

2019-12-28 21:40:28 - [TEST_STEP][FAILED] - setText(findTestObject("Object Repository/2_Create_Channel/Page_(2)  Bugs Private - Bumblebee Mattermost/input_Name_newChannelName"), "Bugs Again"): Unable to set text 'Bugs Again' of object 'Object Repository/2_Create_Channel/Page_(2)  Bugs Private - Bumblebee Mattermost/input_Name_newChannelName' (Root cause: com.kms.katalon.core.exception.StepFailedException: Unable to set text 'Bugs Again' of object 'Object Repository/2_Create_Channel/Page_(2)  Bugs Private - Bumblebee Mattermost/input_Name_newChannelName'
	at com.kms.katalon.core.webui.keyword.internal.WebUIKeywordMain.stepFailed(WebUIKeywordMain.groovy:64)
	at com.kms.katalon.core.webui.keyword.internal.WebUIKeywordMain.runKeyword(WebUIKeywordMain.groovy:26)
	at com.kms.katalon.core.webui.keyword.builtin.SetTextKeyword.setText(SetTextKeyword.groovy:66)
	at com.kms.katalon.core.webui.keyword.builtin.SetTextKeyword.execute(SetTextKeyword.groovy:37)
	at com.kms.katalon.core.keyword.internal.KeywordExecutor.executeKeywordForPlatform(KeywordExecutor.groovy:72)
	at com.kms.katalon.core.webui.keyword.WebUiBuiltInKeywords.setText(WebUiBuiltInKeywords.groovy:950)
	at com.kms.katalon.core.webui.keyword.WebUiBuiltInKeywords$setText$2.call(Unknown Source)
	at Cancel_Create_Channel.run(Cancel_Create_Channel:25)
	at com.kms.katalon.core.main.ScriptEngine.run(ScriptEngine.java:194)
	at com.kms.katalon.core.main.ScriptEngine.runScriptAsRawText(ScriptEngine.java:119)
	at com.kms.katalon.core.main.TestCaseExecutor.runScript(TestCaseExecutor.java:337)
	at com.kms.katalon.core.main.TestCaseExecutor.doExecute(TestCaseExecutor.java:328)
	at com.kms.katalon.core.main.TestCaseExecutor.processExecutionPhase(TestCaseExecutor.java:307)
	at com.kms.katalon.core.main.TestCaseExecutor.accessMainPhase(TestCaseExecutor.java:299)
	at com.kms.katalon.core.main.TestCaseExecutor.execute(TestCaseExecutor.java:233)
	at com.kms.katalon.core.main.TestSuiteExecutor.accessTestCaseMainPhase(TestSuiteExecutor.java:169)
	at com.kms.katalon.core.main.TestSuiteExecutor.accessTestSuiteMainPhase(TestSuiteExecutor.java:142)
	at com.kms.katalon.core.main.TestSuiteExecutor.execute(TestSuiteExecutor.java:91)
	at com.kms.katalon.core.main.TestCaseMain.startTestSuite(TestCaseMain.java:157)
	at com.kms.katalon.core.main.TestCaseMain$startTestSuite$0.call(Unknown Source)
	at TempTestSuite1577543522490.run(TempTestSuite1577543522490.groovy:36)
Caused by: com.kms.katalon.core.webui.exception.WebElementNotFoundException: Web element with id: 'Object Repository/2_Create_Channel/Page_(2)  Bugs Private - Bumblebee Mattermost/input_Name_newChannelName' located by 'By.xpath: //input[@id='newChannelName']' not found
	at com.kms.katalon.core.webui.common.WebUiCommonHelper.findWebElement(WebUiCommonHelper.java:1154)
	at com.kms.katalon.core.webui.keyword.internal.WebUIAbstractKeyword.findWebElement(WebUIAbstractKeyword.groovy:27)
	at com.kms.katalon.core.webui.keyword.internal.WebUIAbstractKeyword.findWebElement(WebUIAbstractKeyword.groovy:26)
	at com.kms.katalon.core.webui.keyword.builtin.SetTextKeyword$_setText_closure1.doCall(SetTextKeyword.groovy:51)
	at com.kms.katalon.core.webui.keyword.builtin.SetTextKeyword$_setText_closure1.call(SetTextKeyword.groovy)
	at com.kms.katalon.core.webui.keyword.internal.WebUIKeywordMain.runKeyword(WebUIKeywordMain.groovy:20)
	at com.kms.katalon.core.webui.keyword.builtin.SetTextKeyword.setText(SetTextKeyword.groovy:66)
	at com.kms.katalon.core.webui.keyword.builtin.SetTextKeyword.execute(SetTextKeyword.groovy:37)
	at com.kms.katalon.core.keyword.internal.KeywordExecutor.executeKeywordForPlatform(KeywordExecutor.groovy:72)
	at com.kms.katalon.core.webui.keyword.WebUiBuiltInKeywords.setText(WebUiBuiltInKeywords.groovy:950)
	at com.kms.katalon.core.webui.keyword.WebUiBuiltInKeywords$setText$2.call(Unknown Source)
	at Script1576935620946.run(Script1576935620946.groovy:25)
	... 13 more
)

2019-12-28 21:41:13 - [MESSAGE][INFO] - Unable to find the element located by 'By.xpath: //input[@id='newChannelName']'. Please recheck the objects properties to make sure the desired element is located. 

2019-12-28 21:41:13 - [MESSAGE][INFO] - [SMART_XPATH] Auto-trying out other XPath values in the test object.

2019-12-28 21:41:13 - [MESSAGE][INFO] - [SMART_XPATH] FAILED XPATH: '//input[@id='newChannelName']'.

2019-12-28 21:41:14 - [MESSAGE][INFO] - [SMART_XPATH] FAILED XPATH: '//div[2]/div/input'.

2019-12-28 21:41:14 - [MESSAGE][INFO] - [SMART_XPATH] No working XPath is found.

2019-12-28 21:41:14 - [MESSAGE][FAILED] - Unable to set text 'Bugs Again' of object 'Object Repository/2_Create_Channel/Page_(2)  Bugs Private - Bumblebee Mattermost/input_Name_newChannelName' (Root cause: com.kms.katalon.core.exception.StepFailedException: Unable to set text 'Bugs Again' of object 'Object Repository/2_Create_Channel/Page_(2)  Bugs Private - Bumblebee Mattermost/input_Name_newChannelName'
	at com.kms.katalon.core.webui.keyword.internal.WebUIKeywordMain.stepFailed(WebUIKeywordMain.groovy:64)
	at com.kms.katalon.core.webui.keyword.internal.WebUIKeywordMain.runKeyword(WebUIKeywordMain.groovy:26)
	at com.kms.katalon.core.webui.keyword.builtin.SetTextKeyword.setText(SetTextKeyword.groovy:66)
	at com.kms.katalon.core.webui.keyword.builtin.SetTextKeyword.execute(SetTextKeyword.groovy:37)
	at com.kms.katalon.core.keyword.internal.KeywordExecutor.executeKeywordForPlatform(KeywordExecutor.groovy:72)
	at com.kms.katalon.core.webui.keyword.WebUiBuiltInKeywords.setText(WebUiBuiltInKeywords.groovy:950)
	at com.kms.katalon.core.webui.keyword.WebUiBuiltInKeywords$setText$2.call(Unknown Source)
	at Cancel_Create_Channel.run(Cancel_Create_Channel:25)
	at com.kms.katalon.core.main.ScriptEngine.run(ScriptEngine.java:194)
	at com.kms.katalon.core.main.ScriptEngine.runScriptAsRawText(ScriptEngine.java:119)
	at com.kms.katalon.core.main.TestCaseExecutor.runScript(TestCaseExecutor.java:337)
	at com.kms.katalon.core.main.TestCaseExecutor.doExecute(TestCaseExecutor.java:328)
	at com.kms.katalon.core.main.TestCaseExecutor.processExecutionPhase(TestCaseExecutor.java:307)
	at com.kms.katalon.core.main.TestCaseExecutor.accessMainPhase(TestCaseExecutor.java:299)
	at com.kms.katalon.core.main.TestCaseExecutor.execute(TestCaseExecutor.java:233)
	at com.kms.katalon.core.main.TestSuiteExecutor.accessTestCaseMainPhase(TestSuiteExecutor.java:169)
	at com.kms.katalon.core.main.TestSuiteExecutor.accessTestSuiteMainPhase(TestSuiteExecutor.java:142)
	at com.kms.katalon.core.main.TestSuiteExecutor.execute(TestSuiteExecutor.java:91)
	at com.kms.katalon.core.main.TestCaseMain.startTestSuite(TestCaseMain.java:157)
	at com.kms.katalon.core.main.TestCaseMain$startTestSuite$0.call(Unknown Source)
	at TempTestSuite1577543522490.run(TempTestSuite1577543522490.groovy:36)
Caused by: com.kms.katalon.core.webui.exception.WebElementNotFoundException: Web element with id: 'Object Repository/2_Create_Channel/Page_(2)  Bugs Private - Bumblebee Mattermost/input_Name_newChannelName' located by 'By.xpath: //input[@id='newChannelName']' not found
	at com.kms.katalon.core.webui.common.WebUiCommonHelper.findWebElement(WebUiCommonHelper.java:1154)
	at com.kms.katalon.core.webui.keyword.internal.WebUIAbstractKeyword.findWebElement(WebUIAbstractKeyword.groovy:27)
	at com.kms.katalon.core.webui.keyword.internal.WebUIAbstractKeyword.findWebElement(WebUIAbstractKeyword.groovy:26)
	at com.kms.katalon.core.webui.keyword.builtin.SetTextKeyword$_setText_closure1.doCall(SetTextKeyword.groovy:51)
	at com.kms.katalon.core.webui.keyword.builtin.SetTextKeyword$_setText_closure1.call(SetTextKeyword.groovy)
	at com.kms.katalon.core.webui.keyword.internal.WebUIKeywordMain.runKeyword(WebUIKeywordMain.groovy:20)
	at com.kms.katalon.core.webui.keyword.builtin.SetTextKeyword.setText(SetTextKeyword.groovy:66)
	at com.kms.katalon.core.webui.keyword.builtin.SetTextKeyword.execute(SetTextKeyword.groovy:37)
	at com.kms.katalon.core.keyword.internal.KeywordExecutor.executeKeywordForPlatform(KeywordExecutor.groovy:72)
	at com.kms.katalon.core.webui.keyword.WebUiBuiltInKeywords.setText(WebUiBuiltInKeywords.groovy:950)
	at com.kms.katalon.core.webui.keyword.WebUiBuiltInKeywords$setText$2.call(Unknown Source)
	at Script1576935620946.run(Script1576935620946.groovy:25)
	... 13 more
)
[[ATTACHMENT|/Users/nguyentri/Desktop/Learn/SoftwareEngineer/mattermost-duo-test/Reports/20191228_213202/Run_all_test_cases/20191228_213202/1577544074141.png]]]]></system-out>
         <system-err><![CDATA[2019-12-28 21:40:23 - [TEST_CASE][FAILED] - Test Cases/2_Create_Channel/Cancel_Create_Channel: Test Cases/2_Create_Channel/Cancel_Create_Channel FAILED.
Reason:
com.kms.katalon.core.exception.StepFailedException: Unable to set text 'Bugs Again' of object 'Object Repository/2_Create_Channel/Page_(2)  Bugs Private - Bumblebee Mattermost/input_Name_newChannelName'
	at com.kms.katalon.core.webui.keyword.internal.WebUIKeywordMain.stepFailed(WebUIKeywordMain.groovy:64)
	at com.kms.katalon.core.webui.keyword.internal.WebUIKeywordMain.runKeyword(WebUIKeywordMain.groovy:26)
	at com.kms.katalon.core.webui.keyword.builtin.SetTextKeyword.setText(SetTextKeyword.groovy:66)
	at com.kms.katalon.core.webui.keyword.builtin.SetTextKeyword.execute(SetTextKeyword.groovy:37)
	at com.kms.katalon.core.keyword.internal.KeywordExecutor.executeKeywordForPlatform(KeywordExecutor.groovy:72)
	at com.kms.katalon.core.webui.keyword.WebUiBuiltInKeywords.setText(WebUiBuiltInKeywords.groovy:950)
	at com.kms.katalon.core.webui.keyword.WebUiBuiltInKeywords$setText$2.call(Unknown Source)
	at Cancel_Create_Channel.run(Cancel_Create_Channel:25)
	at com.kms.katalon.core.main.ScriptEngine.run(ScriptEngine.java:194)
	at com.kms.katalon.core.main.ScriptEngine.runScriptAsRawText(ScriptEngine.java:119)
	at com.kms.katalon.core.main.TestCaseExecutor.runScript(TestCaseExecutor.java:337)
	at com.kms.katalon.core.main.TestCaseExecutor.doExecute(TestCaseExecutor.java:328)
	at com.kms.katalon.core.main.TestCaseExecutor.processExecutionPhase(TestCaseExecutor.java:307)
	at com.kms.katalon.core.main.TestCaseExecutor.accessMainPhase(TestCaseExecutor.java:299)
	at com.kms.katalon.core.main.TestCaseExecutor.execute(TestCaseExecutor.java:233)
	at com.kms.katalon.core.main.TestSuiteExecutor.accessTestCaseMainPhase(TestSuiteExecutor.java:169)
	at com.kms.katalon.core.main.TestSuiteExecutor.accessTestSuiteMainPhase(TestSuiteExecutor.java:142)
	at com.kms.katalon.core.main.TestSuiteExecutor.execute(TestSuiteExecutor.java:91)
	at com.kms.katalon.core.main.TestCaseMain.startTestSuite(TestCaseMain.java:157)
	at com.kms.katalon.core.main.TestCaseMain$startTestSuite$0.call(Unknown Source)
	at TempTestSuite1577543522490.run(TempTestSuite1577543522490.groovy:36)
Caused by: com.kms.katalon.core.webui.exception.WebElementNotFoundException: Web element with id: 'Object Repository/2_Create_Channel/Page_(2)  Bugs Private - Bumblebee Mattermost/input_Name_newChannelName' located by 'By.xpath: //input[@id='newChannelName']' not found
	at com.kms.katalon.core.webui.common.WebUiCommonHelper.findWebElement(WebUiCommonHelper.java:1154)
	at com.kms.katalon.core.webui.keyword.internal.WebUIAbstractKeyword.findWebElement(WebUIAbstractKeyword.groovy:27)
	at com.kms.katalon.core.webui.keyword.internal.WebUIAbstractKeyword.findWebElement(WebUIAbstractKeyword.groovy:26)
	at com.kms.katalon.core.webui.keyword.builtin.SetTextKeyword$_setText_closure1.doCall(SetTextKeyword.groovy:51)
	at com.kms.katalon.core.webui.keyword.builtin.SetTextKeyword$_setText_closure1.call(SetTextKeyword.groovy)
	at com.kms.katalon.core.webui.keyword.internal.WebUIKeywordMain.runKeyword(WebUIKeywordMain.groovy:20)
	... 19 more]]></system-err>
      </testcase>
      <testcase name="Test Cases/3_Edit_Channel/Edit_Channel_Header" time="47.953" classname="Test Cases/3_Edit_Channel/Edit_Channel_Header" status="FAILED">
         <failure type="FAILED" message="Test Cases/3_Edit_Channel/Edit_Channel_Header FAILED.
Reason:
com.kms.katalon.core.exception.StepFailedException: Unable to click on object 'Object Repository/3_Edit_Channel/Edit_Channel_Header/Page_CS420 - Bumblebee Mattermost/span_CS420_channelHeaderDropdownIcon'
	at com.kms.katalon.core.webui.keyword.internal.WebUIKeywordMain.stepFailed(WebUIKeywordMain.groovy:64)
	at com.kms.katalon.core.webui.keyword.internal.WebUIKeywordMain.runKeyword(WebUIKeywordMain.groovy:26)
	at com.kms.katalon.core.webui.keyword.builtin.ClickKeyword.click(ClickKeyword.groovy:102)
	at com.kms.katalon.core.webui.keyword.builtin.ClickKeyword.execute(ClickKeyword.groovy:43)
	at com.kms.katalon.core.keyword.internal.KeywordExecutor.executeKeywordForPlatform(KeywordExecutor.groovy:72)
	at com.kms.katalon.core.webui.keyword.WebUiBuiltInKeywords.click(WebUiBuiltInKeywords.groovy:616)
	at com.kms.katalon.core.webui.keyword.WebUiBuiltInKeywords$click$1.call(Unknown Source)
	at Edit_Channel_Header.run(Edit_Channel_Header:23)
	at com.kms.katalon.core.main.ScriptEngine.run(ScriptEngine.java:194)
	at com.kms.katalon.core.main.ScriptEngine.runScriptAsRawText(ScriptEngine.java:119)
	at com.kms.katalon.core.main.TestCaseExecutor.runScript(TestCaseExecutor.java:337)
	at com.kms.katalon.core.main.TestCaseExecutor.doExecute(TestCaseExecutor.java:328)
	at com.kms.katalon.core.main.TestCaseExecutor.processExecutionPhase(TestCaseExecutor.java:307)
	at com.kms.katalon.core.main.TestCaseExecutor.accessMainPhase(TestCaseExecutor.java:299)
	at com.kms.katalon.core.main.TestCaseExecutor.execute(TestCaseExecutor.java:233)
	at com.kms.katalon.core.main.TestSuiteExecutor.accessTestCaseMainPhase(TestSuiteExecutor.java:169)
	at com.kms.katalon.core.main.TestSuiteExecutor.accessTestSuiteMainPhase(TestSuiteExecutor.java:142)
	at com.kms.katalon.core.main.TestSuiteExecutor.execute(TestSuiteExecutor.java:91)
	at com.kms.katalon.core.main.TestCaseMain.startTestSuite(TestCaseMain.java:157)
	at com.kms.katalon.core.main.TestCaseMain$startTestSuite$0.call(Unknown Source)
	at TempTestSuite1577543522490.run(TempTestSuite1577543522490.groovy:36)
Caused by: com.kms.katalon.core.webui.exception.WebElementNotFoundException: Web element with id: 'Object Repository/3_Edit_Channel/Edit_Channel_Header/Page_CS420 - Bumblebee Mattermost/span_CS420_channelHeaderDropdownIcon' located by 'By.xpath: //span[@id='channelHeaderDropdownIcon']' not found
	at com.kms.katalon.core.webui.common.WebUiCommonHelper.findWebElement(WebUiCommonHelper.java:1154)
	at com.kms.katalon.core.webui.keyword.internal.WebUIAbstractKeyword.findWebElement(WebUIAbstractKeyword.groovy:27)
	at com.kms.katalon.core.webui.keyword.internal.WebUIAbstractKeyword.findWebElement(WebUIAbstractKeyword.groovy:26)
	at com.kms.katalon.core.webui.keyword.builtin.ClickKeyword$_click_closure1.doCall(ClickKeyword.groovy:67)
	at com.kms.katalon.core.webui.keyword.builtin.ClickKeyword$_click_closure1.call(ClickKeyword.groovy)
	at com.kms.katalon.core.webui.keyword.internal.WebUIKeywordMain.runKeyword(WebUIKeywordMain.groovy:20)
	... 19 more
"/>
         <system-out><![CDATA[2019-12-28 21:41:14 - [TEST_CASE][FAILED] - Test Cases/3_Edit_Channel/Edit_Channel_Header: Test Cases/3_Edit_Channel/Edit_Channel_Header FAILED.
Reason:
com.kms.katalon.core.exception.StepFailedException: Unable to click on object 'Object Repository/3_Edit_Channel/Edit_Channel_Header/Page_CS420 - Bumblebee Mattermost/span_CS420_channelHeaderDropdownIcon'
	at com.kms.katalon.core.webui.keyword.internal.WebUIKeywordMain.stepFailed(WebUIKeywordMain.groovy:64)
	at com.kms.katalon.core.webui.keyword.internal.WebUIKeywordMain.runKeyword(WebUIKeywordMain.groovy:26)
	at com.kms.katalon.core.webui.keyword.builtin.ClickKeyword.click(ClickKeyword.groovy:102)
	at com.kms.katalon.core.webui.keyword.builtin.ClickKeyword.execute(ClickKeyword.groovy:43)
	at com.kms.katalon.core.keyword.internal.KeywordExecutor.executeKeywordForPlatform(KeywordExecutor.groovy:72)
	at com.kms.katalon.core.webui.keyword.WebUiBuiltInKeywords.click(WebUiBuiltInKeywords.groovy:616)
	at com.kms.katalon.core.webui.keyword.WebUiBuiltInKeywords$click$1.call(Unknown Source)
	at Edit_Channel_Header.run(Edit_Channel_Header:23)
	at com.kms.katalon.core.main.ScriptEngine.run(ScriptEngine.java:194)
	at com.kms.katalon.core.main.ScriptEngine.runScriptAsRawText(ScriptEngine.java:119)
	at com.kms.katalon.core.main.TestCaseExecutor.runScript(TestCaseExecutor.java:337)
	at com.kms.katalon.core.main.TestCaseExecutor.doExecute(TestCaseExecutor.java:328)
	at com.kms.katalon.core.main.TestCaseExecutor.processExecutionPhase(TestCaseExecutor.java:307)
	at com.kms.katalon.core.main.TestCaseExecutor.accessMainPhase(TestCaseExecutor.java:299)
	at com.kms.katalon.core.main.TestCaseExecutor.execute(TestCaseExecutor.java:233)
	at com.kms.katalon.core.main.TestSuiteExecutor.accessTestCaseMainPhase(TestSuiteExecutor.java:169)
	at com.kms.katalon.core.main.TestSuiteExecutor.accessTestSuiteMainPhase(TestSuiteExecutor.java:142)
	at com.kms.katalon.core.main.TestSuiteExecutor.execute(TestSuiteExecutor.java:91)
	at com.kms.katalon.core.main.TestCaseMain.startTestSuite(TestCaseMain.java:157)
	at com.kms.katalon.core.main.TestCaseMain$startTestSuite$0.call(Unknown Source)
	at TempTestSuite1577543522490.run(TempTestSuite1577543522490.groovy:36)
Caused by: com.kms.katalon.core.webui.exception.WebElementNotFoundException: Web element with id: 'Object Repository/3_Edit_Channel/Edit_Channel_Header/Page_CS420 - Bumblebee Mattermost/span_CS420_channelHeaderDropdownIcon' located by 'By.xpath: //span[@id='channelHeaderDropdownIcon']' not found
	at com.kms.katalon.core.webui.common.WebUiCommonHelper.findWebElement(WebUiCommonHelper.java:1154)
	at com.kms.katalon.core.webui.keyword.internal.WebUIAbstractKeyword.findWebElement(WebUIAbstractKeyword.groovy:27)
	at com.kms.katalon.core.webui.keyword.internal.WebUIAbstractKeyword.findWebElement(WebUIAbstractKeyword.groovy:26)
	at com.kms.katalon.core.webui.keyword.builtin.ClickKeyword$_click_closure1.doCall(ClickKeyword.groovy:67)
	at com.kms.katalon.core.webui.keyword.builtin.ClickKeyword$_click_closure1.call(ClickKeyword.groovy)
	at com.kms.katalon.core.webui.keyword.internal.WebUIKeywordMain.runKeyword(WebUIKeywordMain.groovy:20)
	... 19 more


2019-12-28 21:41:16 - [TEST_STEP][PASSED] - openBrowser(""): Browser is opened with url: ''

2019-12-28 21:41:16 - [MESSAGE][PASSED] - Browser is opened with url: ''

2019-12-28 21:41:16 - [TEST_STEP][PASSED] - navigateToUrl("http://localhost:8065/"): Navigate to 'http://localhost:8065/' successfully

2019-12-28 21:41:17 - [MESSAGE][PASSED] - Navigate to 'http://localhost:8065/' successfully

2019-12-28 21:41:17 - [TEST_STEP][FAILED] - click(findTestObject("Object Repository/3_Edit_Channel/Edit_Channel_Header/Page_CS420 - Bumblebee Mattermost/span_CS420_channelHeaderDropdownIcon")): Unable to click on object 'Object Repository/3_Edit_Channel/Edit_Channel_Header/Page_CS420 - Bumblebee Mattermost/span_CS420_channelHeaderDropdownIcon' (Root cause: com.kms.katalon.core.exception.StepFailedException: Unable to click on object 'Object Repository/3_Edit_Channel/Edit_Channel_Header/Page_CS420 - Bumblebee Mattermost/span_CS420_channelHeaderDropdownIcon'
	at com.kms.katalon.core.webui.keyword.internal.WebUIKeywordMain.stepFailed(WebUIKeywordMain.groovy:64)
	at com.kms.katalon.core.webui.keyword.internal.WebUIKeywordMain.runKeyword(WebUIKeywordMain.groovy:26)
	at com.kms.katalon.core.webui.keyword.builtin.ClickKeyword.click(ClickKeyword.groovy:102)
	at com.kms.katalon.core.webui.keyword.builtin.ClickKeyword.execute(ClickKeyword.groovy:43)
	at com.kms.katalon.core.keyword.internal.KeywordExecutor.executeKeywordForPlatform(KeywordExecutor.groovy:72)
	at com.kms.katalon.core.webui.keyword.WebUiBuiltInKeywords.click(WebUiBuiltInKeywords.groovy:616)
	at com.kms.katalon.core.webui.keyword.WebUiBuiltInKeywords$click$1.call(Unknown Source)
	at Edit_Channel_Header.run(Edit_Channel_Header:23)
	at com.kms.katalon.core.main.ScriptEngine.run(ScriptEngine.java:194)
	at com.kms.katalon.core.main.ScriptEngine.runScriptAsRawText(ScriptEngine.java:119)
	at com.kms.katalon.core.main.TestCaseExecutor.runScript(TestCaseExecutor.java:337)
	at com.kms.katalon.core.main.TestCaseExecutor.doExecute(TestCaseExecutor.java:328)
	at com.kms.katalon.core.main.TestCaseExecutor.processExecutionPhase(TestCaseExecutor.java:307)
	at com.kms.katalon.core.main.TestCaseExecutor.accessMainPhase(TestCaseExecutor.java:299)
	at com.kms.katalon.core.main.TestCaseExecutor.execute(TestCaseExecutor.java:233)
	at com.kms.katalon.core.main.TestSuiteExecutor.accessTestCaseMainPhase(TestSuiteExecutor.java:169)
	at com.kms.katalon.core.main.TestSuiteExecutor.accessTestSuiteMainPhase(TestSuiteExecutor.java:142)
	at com.kms.katalon.core.main.TestSuiteExecutor.execute(TestSuiteExecutor.java:91)
	at com.kms.katalon.core.main.TestCaseMain.startTestSuite(TestCaseMain.java:157)
	at com.kms.katalon.core.main.TestCaseMain$startTestSuite$0.call(Unknown Source)
	at TempTestSuite1577543522490.run(TempTestSuite1577543522490.groovy:36)
Caused by: com.kms.katalon.core.webui.exception.WebElementNotFoundException: Web element with id: 'Object Repository/3_Edit_Channel/Edit_Channel_Header/Page_CS420 - Bumblebee Mattermost/span_CS420_channelHeaderDropdownIcon' located by 'By.xpath: //span[@id='channelHeaderDropdownIcon']' not found
	at com.kms.katalon.core.webui.common.WebUiCommonHelper.findWebElement(WebUiCommonHelper.java:1154)
	at com.kms.katalon.core.webui.keyword.internal.WebUIAbstractKeyword.findWebElement(WebUIAbstractKeyword.groovy:27)
	at com.kms.katalon.core.webui.keyword.internal.WebUIAbstractKeyword.findWebElement(WebUIAbstractKeyword.groovy:26)
	at com.kms.katalon.core.webui.keyword.builtin.ClickKeyword$_click_closure1.doCall(ClickKeyword.groovy:67)
	at com.kms.katalon.core.webui.keyword.builtin.ClickKeyword$_click_closure1.call(ClickKeyword.groovy)
	at com.kms.katalon.core.webui.keyword.internal.WebUIKeywordMain.runKeyword(WebUIKeywordMain.groovy:20)
	at com.kms.katalon.core.webui.keyword.builtin.ClickKeyword.click(ClickKeyword.groovy:102)
	at com.kms.katalon.core.webui.keyword.builtin.ClickKeyword.execute(ClickKeyword.groovy:43)
	at com.kms.katalon.core.keyword.internal.KeywordExecutor.executeKeywordForPlatform(KeywordExecutor.groovy:72)
	at com.kms.katalon.core.webui.keyword.WebUiBuiltInKeywords.click(WebUiBuiltInKeywords.groovy:616)
	at com.kms.katalon.core.webui.keyword.WebUiBuiltInKeywords$click$1.call(Unknown Source)
	at Script1576846095408.run(Script1576846095408.groovy:23)
	... 13 more
)

2019-12-28 21:42:01 - [MESSAGE][INFO] - Unable to find the element located by 'By.xpath: //span[@id='channelHeaderDropdownIcon']'. Please recheck the objects properties to make sure the desired element is located. 

2019-12-28 21:42:01 - [MESSAGE][INFO] - [SMART_XPATH] Auto-trying out other XPath values in the test object.

2019-12-28 21:42:01 - [MESSAGE][INFO] - [SMART_XPATH] FAILED XPATH: '//span[@id='channelHeaderDropdownIcon']'.

2019-12-28 21:42:01 - [MESSAGE][INFO] - [SMART_XPATH] FAILED XPATH: '//div[@id='channelHeaderDropdownButton']/button/span'.

2019-12-28 21:42:02 - [MESSAGE][INFO] - [SMART_XPATH] FAILED XPATH: '//div[2]/div/div/div/div/div/div/div/button/span'.

2019-12-28 21:42:02 - [MESSAGE][INFO] - [SMART_XPATH] No working XPath is found.

2019-12-28 21:42:02 - [MESSAGE][FAILED] - Unable to click on object 'Object Repository/3_Edit_Channel/Edit_Channel_Header/Page_CS420 - Bumblebee Mattermost/span_CS420_channelHeaderDropdownIcon' (Root cause: com.kms.katalon.core.exception.StepFailedException: Unable to click on object 'Object Repository/3_Edit_Channel/Edit_Channel_Header/Page_CS420 - Bumblebee Mattermost/span_CS420_channelHeaderDropdownIcon'
	at com.kms.katalon.core.webui.keyword.internal.WebUIKeywordMain.stepFailed(WebUIKeywordMain.groovy:64)
	at com.kms.katalon.core.webui.keyword.internal.WebUIKeywordMain.runKeyword(WebUIKeywordMain.groovy:26)
	at com.kms.katalon.core.webui.keyword.builtin.ClickKeyword.click(ClickKeyword.groovy:102)
	at com.kms.katalon.core.webui.keyword.builtin.ClickKeyword.execute(ClickKeyword.groovy:43)
	at com.kms.katalon.core.keyword.internal.KeywordExecutor.executeKeywordForPlatform(KeywordExecutor.groovy:72)
	at com.kms.katalon.core.webui.keyword.WebUiBuiltInKeywords.click(WebUiBuiltInKeywords.groovy:616)
	at com.kms.katalon.core.webui.keyword.WebUiBuiltInKeywords$click$1.call(Unknown Source)
	at Edit_Channel_Header.run(Edit_Channel_Header:23)
	at com.kms.katalon.core.main.ScriptEngine.run(ScriptEngine.java:194)
	at com.kms.katalon.core.main.ScriptEngine.runScriptAsRawText(ScriptEngine.java:119)
	at com.kms.katalon.core.main.TestCaseExecutor.runScript(TestCaseExecutor.java:337)
	at com.kms.katalon.core.main.TestCaseExecutor.doExecute(TestCaseExecutor.java:328)
	at com.kms.katalon.core.main.TestCaseExecutor.processExecutionPhase(TestCaseExecutor.java:307)
	at com.kms.katalon.core.main.TestCaseExecutor.accessMainPhase(TestCaseExecutor.java:299)
	at com.kms.katalon.core.main.TestCaseExecutor.execute(TestCaseExecutor.java:233)
	at com.kms.katalon.core.main.TestSuiteExecutor.accessTestCaseMainPhase(TestSuiteExecutor.java:169)
	at com.kms.katalon.core.main.TestSuiteExecutor.accessTestSuiteMainPhase(TestSuiteExecutor.java:142)
	at com.kms.katalon.core.main.TestSuiteExecutor.execute(TestSuiteExecutor.java:91)
	at com.kms.katalon.core.main.TestCaseMain.startTestSuite(TestCaseMain.java:157)
	at com.kms.katalon.core.main.TestCaseMain$startTestSuite$0.call(Unknown Source)
	at TempTestSuite1577543522490.run(TempTestSuite1577543522490.groovy:36)
Caused by: com.kms.katalon.core.webui.exception.WebElementNotFoundException: Web element with id: 'Object Repository/3_Edit_Channel/Edit_Channel_Header/Page_CS420 - Bumblebee Mattermost/span_CS420_channelHeaderDropdownIcon' located by 'By.xpath: //span[@id='channelHeaderDropdownIcon']' not found
	at com.kms.katalon.core.webui.common.WebUiCommonHelper.findWebElement(WebUiCommonHelper.java:1154)
	at com.kms.katalon.core.webui.keyword.internal.WebUIAbstractKeyword.findWebElement(WebUIAbstractKeyword.groovy:27)
	at com.kms.katalon.core.webui.keyword.internal.WebUIAbstractKeyword.findWebElement(WebUIAbstractKeyword.groovy:26)
	at com.kms.katalon.core.webui.keyword.builtin.ClickKeyword$_click_closure1.doCall(ClickKeyword.groovy:67)
	at com.kms.katalon.core.webui.keyword.builtin.ClickKeyword$_click_closure1.call(ClickKeyword.groovy)
	at com.kms.katalon.core.webui.keyword.internal.WebUIKeywordMain.runKeyword(WebUIKeywordMain.groovy:20)
	at com.kms.katalon.core.webui.keyword.builtin.ClickKeyword.click(ClickKeyword.groovy:102)
	at com.kms.katalon.core.webui.keyword.builtin.ClickKeyword.execute(ClickKeyword.groovy:43)
	at com.kms.katalon.core.keyword.internal.KeywordExecutor.executeKeywordForPlatform(KeywordExecutor.groovy:72)
	at com.kms.katalon.core.webui.keyword.WebUiBuiltInKeywords.click(WebUiBuiltInKeywords.groovy:616)
	at com.kms.katalon.core.webui.keyword.WebUiBuiltInKeywords$click$1.call(Unknown Source)
	at Script1576846095408.run(Script1576846095408.groovy:23)
	... 13 more
)
[[ATTACHMENT|/Users/nguyentri/Desktop/Learn/SoftwareEngineer/mattermost-duo-test/Reports/20191228_213202/Run_all_test_cases/20191228_213202/1577544122060.png]]]]></system-out>
         <system-err><![CDATA[2019-12-28 21:41:14 - [TEST_CASE][FAILED] - Test Cases/3_Edit_Channel/Edit_Channel_Header: Test Cases/3_Edit_Channel/Edit_Channel_Header FAILED.
Reason:
com.kms.katalon.core.exception.StepFailedException: Unable to click on object 'Object Repository/3_Edit_Channel/Edit_Channel_Header/Page_CS420 - Bumblebee Mattermost/span_CS420_channelHeaderDropdownIcon'
	at com.kms.katalon.core.webui.keyword.internal.WebUIKeywordMain.stepFailed(WebUIKeywordMain.groovy:64)
	at com.kms.katalon.core.webui.keyword.internal.WebUIKeywordMain.runKeyword(WebUIKeywordMain.groovy:26)
	at com.kms.katalon.core.webui.keyword.builtin.ClickKeyword.click(ClickKeyword.groovy:102)
	at com.kms.katalon.core.webui.keyword.builtin.ClickKeyword.execute(ClickKeyword.groovy:43)
	at com.kms.katalon.core.keyword.internal.KeywordExecutor.executeKeywordForPlatform(KeywordExecutor.groovy:72)
	at com.kms.katalon.core.webui.keyword.WebUiBuiltInKeywords.click(WebUiBuiltInKeywords.groovy:616)
	at com.kms.katalon.core.webui.keyword.WebUiBuiltInKeywords$click$1.call(Unknown Source)
	at Edit_Channel_Header.run(Edit_Channel_Header:23)
	at com.kms.katalon.core.main.ScriptEngine.run(ScriptEngine.java:194)
	at com.kms.katalon.core.main.ScriptEngine.runScriptAsRawText(ScriptEngine.java:119)
	at com.kms.katalon.core.main.TestCaseExecutor.runScript(TestCaseExecutor.java:337)
	at com.kms.katalon.core.main.TestCaseExecutor.doExecute(TestCaseExecutor.java:328)
	at com.kms.katalon.core.main.TestCaseExecutor.processExecutionPhase(TestCaseExecutor.java:307)
	at com.kms.katalon.core.main.TestCaseExecutor.accessMainPhase(TestCaseExecutor.java:299)
	at com.kms.katalon.core.main.TestCaseExecutor.execute(TestCaseExecutor.java:233)
	at com.kms.katalon.core.main.TestSuiteExecutor.accessTestCaseMainPhase(TestSuiteExecutor.java:169)
	at com.kms.katalon.core.main.TestSuiteExecutor.accessTestSuiteMainPhase(TestSuiteExecutor.java:142)
	at com.kms.katalon.core.main.TestSuiteExecutor.execute(TestSuiteExecutor.java:91)
	at com.kms.katalon.core.main.TestCaseMain.startTestSuite(TestCaseMain.java:157)
	at com.kms.katalon.core.main.TestCaseMain$startTestSuite$0.call(Unknown Source)
	at TempTestSuite1577543522490.run(TempTestSuite1577543522490.groovy:36)
Caused by: com.kms.katalon.core.webui.exception.WebElementNotFoundException: Web element with id: 'Object Repository/3_Edit_Channel/Edit_Channel_Header/Page_CS420 - Bumblebee Mattermost/span_CS420_channelHeaderDropdownIcon' located by 'By.xpath: //span[@id='channelHeaderDropdownIcon']' not found
	at com.kms.katalon.core.webui.common.WebUiCommonHelper.findWebElement(WebUiCommonHelper.java:1154)
	at com.kms.katalon.core.webui.keyword.internal.WebUIAbstractKeyword.findWebElement(WebUIAbstractKeyword.groovy:27)
	at com.kms.katalon.core.webui.keyword.internal.WebUIAbstractKeyword.findWebElement(WebUIAbstractKeyword.groovy:26)
	at com.kms.katalon.core.webui.keyword.builtin.ClickKeyword$_click_closure1.doCall(ClickKeyword.groovy:67)
	at com.kms.katalon.core.webui.keyword.builtin.ClickKeyword$_click_closure1.call(ClickKeyword.groovy)
	at com.kms.katalon.core.webui.keyword.internal.WebUIKeywordMain.runKeyword(WebUIKeywordMain.groovy:20)
	... 19 more]]></system-err>
      </testcase>
      <testcase name="Test Cases/3_Edit_Channel/Edit_Channel_Header" time="45.746" classname="Test Cases/3_Edit_Channel/Edit_Channel_Header" status="FAILED">
         <failure type="FAILED" message="Test Cases/3_Edit_Channel/Edit_Channel_Header FAILED.
Reason:
com.kms.katalon.core.exception.StepFailedException: Unable to click on object 'Object Repository/3_Edit_Channel/Edit_Channel_Header/Page_CS420 - Bumblebee Mattermost/span_CS420_channelHeaderDropdownIcon'
	at com.kms.katalon.core.webui.keyword.internal.WebUIKeywordMain.stepFailed(WebUIKeywordMain.groovy:64)
	at com.kms.katalon.core.webui.keyword.internal.WebUIKeywordMain.runKeyword(WebUIKeywordMain.groovy:26)
	at com.kms.katalon.core.webui.keyword.builtin.ClickKeyword.click(ClickKeyword.groovy:102)
	at com.kms.katalon.core.webui.keyword.builtin.ClickKeyword.execute(ClickKeyword.groovy:43)
	at com.kms.katalon.core.keyword.internal.KeywordExecutor.executeKeywordForPlatform(KeywordExecutor.groovy:72)
	at com.kms.katalon.core.webui.keyword.WebUiBuiltInKeywords.click(WebUiBuiltInKeywords.groovy:616)
	at com.kms.katalon.core.webui.keyword.WebUiBuiltInKeywords$click$1.call(Unknown Source)
	at Edit_Channel_Header.run(Edit_Channel_Header:23)
	at com.kms.katalon.core.main.ScriptEngine.run(ScriptEngine.java:194)
	at com.kms.katalon.core.main.ScriptEngine.runScriptAsRawText(ScriptEngine.java:119)
	at com.kms.katalon.core.main.TestCaseExecutor.runScript(TestCaseExecutor.java:337)
	at com.kms.katalon.core.main.TestCaseExecutor.doExecute(TestCaseExecutor.java:328)
	at com.kms.katalon.core.main.TestCaseExecutor.processExecutionPhase(TestCaseExecutor.java:307)
	at com.kms.katalon.core.main.TestCaseExecutor.accessMainPhase(TestCaseExecutor.java:299)
	at com.kms.katalon.core.main.TestCaseExecutor.execute(TestCaseExecutor.java:233)
	at com.kms.katalon.core.main.TestSuiteExecutor.accessTestCaseMainPhase(TestSuiteExecutor.java:169)
	at com.kms.katalon.core.main.TestSuiteExecutor.accessTestSuiteMainPhase(TestSuiteExecutor.java:142)
	at com.kms.katalon.core.main.TestSuiteExecutor.execute(TestSuiteExecutor.java:91)
	at com.kms.katalon.core.main.TestCaseMain.startTestSuite(TestCaseMain.java:157)
	at com.kms.katalon.core.main.TestCaseMain$startTestSuite$0.call(Unknown Source)
	at TempTestSuite1577543522490.run(TempTestSuite1577543522490.groovy:36)
Caused by: com.kms.katalon.core.webui.exception.WebElementNotFoundException: Web element with id: 'Object Repository/3_Edit_Channel/Edit_Channel_Header/Page_CS420 - Bumblebee Mattermost/span_CS420_channelHeaderDropdownIcon' located by 'By.xpath: //span[@id='channelHeaderDropdownIcon']' not found
	at com.kms.katalon.core.webui.common.WebUiCommonHelper.findWebElement(WebUiCommonHelper.java:1154)
	at com.kms.katalon.core.webui.keyword.internal.WebUIAbstractKeyword.findWebElement(WebUIAbstractKeyword.groovy:27)
	at com.kms.katalon.core.webui.keyword.internal.WebUIAbstractKeyword.findWebElement(WebUIAbstractKeyword.groovy:26)
	at com.kms.katalon.core.webui.keyword.builtin.ClickKeyword$_click_closure1.doCall(ClickKeyword.groovy:67)
	at com.kms.katalon.core.webui.keyword.builtin.ClickKeyword$_click_closure1.call(ClickKeyword.groovy)
	at com.kms.katalon.core.webui.keyword.internal.WebUIKeywordMain.runKeyword(WebUIKeywordMain.groovy:20)
	... 19 more
"/>
         <system-out><![CDATA[2019-12-28 21:42:02 - [TEST_CASE][FAILED] - Test Cases/3_Edit_Channel/Edit_Channel_Header: Test Cases/3_Edit_Channel/Edit_Channel_Header FAILED.
Reason:
com.kms.katalon.core.exception.StepFailedException: Unable to click on object 'Object Repository/3_Edit_Channel/Edit_Channel_Header/Page_CS420 - Bumblebee Mattermost/span_CS420_channelHeaderDropdownIcon'
	at com.kms.katalon.core.webui.keyword.internal.WebUIKeywordMain.stepFailed(WebUIKeywordMain.groovy:64)
	at com.kms.katalon.core.webui.keyword.internal.WebUIKeywordMain.runKeyword(WebUIKeywordMain.groovy:26)
	at com.kms.katalon.core.webui.keyword.builtin.ClickKeyword.click(ClickKeyword.groovy:102)
	at com.kms.katalon.core.webui.keyword.builtin.ClickKeyword.execute(ClickKeyword.groovy:43)
	at com.kms.katalon.core.keyword.internal.KeywordExecutor.executeKeywordForPlatform(KeywordExecutor.groovy:72)
	at com.kms.katalon.core.webui.keyword.WebUiBuiltInKeywords.click(WebUiBuiltInKeywords.groovy:616)
	at com.kms.katalon.core.webui.keyword.WebUiBuiltInKeywords$click$1.call(Unknown Source)
	at Edit_Channel_Header.run(Edit_Channel_Header:23)
	at com.kms.katalon.core.main.ScriptEngine.run(ScriptEngine.java:194)
	at com.kms.katalon.core.main.ScriptEngine.runScriptAsRawText(ScriptEngine.java:119)
	at com.kms.katalon.core.main.TestCaseExecutor.runScript(TestCaseExecutor.java:337)
	at com.kms.katalon.core.main.TestCaseExecutor.doExecute(TestCaseExecutor.java:328)
	at com.kms.katalon.core.main.TestCaseExecutor.processExecutionPhase(TestCaseExecutor.java:307)
	at com.kms.katalon.core.main.TestCaseExecutor.accessMainPhase(TestCaseExecutor.java:299)
	at com.kms.katalon.core.main.TestCaseExecutor.execute(TestCaseExecutor.java:233)
	at com.kms.katalon.core.main.TestSuiteExecutor.accessTestCaseMainPhase(TestSuiteExecutor.java:169)
	at com.kms.katalon.core.main.TestSuiteExecutor.accessTestSuiteMainPhase(TestSuiteExecutor.java:142)
	at com.kms.katalon.core.main.TestSuiteExecutor.execute(TestSuiteExecutor.java:91)
	at com.kms.katalon.core.main.TestCaseMain.startTestSuite(TestCaseMain.java:157)
	at com.kms.katalon.core.main.TestCaseMain$startTestSuite$0.call(Unknown Source)
	at TempTestSuite1577543522490.run(TempTestSuite1577543522490.groovy:36)
Caused by: com.kms.katalon.core.webui.exception.WebElementNotFoundException: Web element with id: 'Object Repository/3_Edit_Channel/Edit_Channel_Header/Page_CS420 - Bumblebee Mattermost/span_CS420_channelHeaderDropdownIcon' located by 'By.xpath: //span[@id='channelHeaderDropdownIcon']' not found
	at com.kms.katalon.core.webui.common.WebUiCommonHelper.findWebElement(WebUiCommonHelper.java:1154)
	at com.kms.katalon.core.webui.keyword.internal.WebUIAbstractKeyword.findWebElement(WebUIAbstractKeyword.groovy:27)
	at com.kms.katalon.core.webui.keyword.internal.WebUIAbstractKeyword.findWebElement(WebUIAbstractKeyword.groovy:26)
	at com.kms.katalon.core.webui.keyword.builtin.ClickKeyword$_click_closure1.doCall(ClickKeyword.groovy:67)
	at com.kms.katalon.core.webui.keyword.builtin.ClickKeyword$_click_closure1.call(ClickKeyword.groovy)
	at com.kms.katalon.core.webui.keyword.internal.WebUIKeywordMain.runKeyword(WebUIKeywordMain.groovy:20)
	... 19 more


2019-12-28 21:42:02 - [TEST_STEP][PASSED] - openBrowser(""): Browser is opened with url: ''

2019-12-28 21:42:02 - [MESSAGE][PASSED] - Browser is opened with url: ''

2019-12-28 21:42:02 - [TEST_STEP][PASSED] - navigateToUrl("http://localhost:8065/"): Navigate to 'http://localhost:8065/' successfully

2019-12-28 21:42:03 - [MESSAGE][PASSED] - Navigate to 'http://localhost:8065/' successfully

2019-12-28 21:42:03 - [TEST_STEP][FAILED] - click(findTestObject("Object Repository/3_Edit_Channel/Edit_Channel_Header/Page_CS420 - Bumblebee Mattermost/span_CS420_channelHeaderDropdownIcon")): Unable to click on object 'Object Repository/3_Edit_Channel/Edit_Channel_Header/Page_CS420 - Bumblebee Mattermost/span_CS420_channelHeaderDropdownIcon' (Root cause: com.kms.katalon.core.exception.StepFailedException: Unable to click on object 'Object Repository/3_Edit_Channel/Edit_Channel_Header/Page_CS420 - Bumblebee Mattermost/span_CS420_channelHeaderDropdownIcon'
	at com.kms.katalon.core.webui.keyword.internal.WebUIKeywordMain.stepFailed(WebUIKeywordMain.groovy:64)
	at com.kms.katalon.core.webui.keyword.internal.WebUIKeywordMain.runKeyword(WebUIKeywordMain.groovy:26)
	at com.kms.katalon.core.webui.keyword.builtin.ClickKeyword.click(ClickKeyword.groovy:102)
	at com.kms.katalon.core.webui.keyword.builtin.ClickKeyword.execute(ClickKeyword.groovy:43)
	at com.kms.katalon.core.keyword.internal.KeywordExecutor.executeKeywordForPlatform(KeywordExecutor.groovy:72)
	at com.kms.katalon.core.webui.keyword.WebUiBuiltInKeywords.click(WebUiBuiltInKeywords.groovy:616)
	at com.kms.katalon.core.webui.keyword.WebUiBuiltInKeywords$click$1.call(Unknown Source)
	at Edit_Channel_Header.run(Edit_Channel_Header:23)
	at com.kms.katalon.core.main.ScriptEngine.run(ScriptEngine.java:194)
	at com.kms.katalon.core.main.ScriptEngine.runScriptAsRawText(ScriptEngine.java:119)
	at com.kms.katalon.core.main.TestCaseExecutor.runScript(TestCaseExecutor.java:337)
	at com.kms.katalon.core.main.TestCaseExecutor.doExecute(TestCaseExecutor.java:328)
	at com.kms.katalon.core.main.TestCaseExecutor.processExecutionPhase(TestCaseExecutor.java:307)
	at com.kms.katalon.core.main.TestCaseExecutor.accessMainPhase(TestCaseExecutor.java:299)
	at com.kms.katalon.core.main.TestCaseExecutor.execute(TestCaseExecutor.java:233)
	at com.kms.katalon.core.main.TestSuiteExecutor.accessTestCaseMainPhase(TestSuiteExecutor.java:169)
	at com.kms.katalon.core.main.TestSuiteExecutor.accessTestSuiteMainPhase(TestSuiteExecutor.java:142)
	at com.kms.katalon.core.main.TestSuiteExecutor.execute(TestSuiteExecutor.java:91)
	at com.kms.katalon.core.main.TestCaseMain.startTestSuite(TestCaseMain.java:157)
	at com.kms.katalon.core.main.TestCaseMain$startTestSuite$0.call(Unknown Source)
	at TempTestSuite1577543522490.run(TempTestSuite1577543522490.groovy:36)
Caused by: com.kms.katalon.core.webui.exception.WebElementNotFoundException: Web element with id: 'Object Repository/3_Edit_Channel/Edit_Channel_Header/Page_CS420 - Bumblebee Mattermost/span_CS420_channelHeaderDropdownIcon' located by 'By.xpath: //span[@id='channelHeaderDropdownIcon']' not found
	at com.kms.katalon.core.webui.common.WebUiCommonHelper.findWebElement(WebUiCommonHelper.java:1154)
	at com.kms.katalon.core.webui.keyword.internal.WebUIAbstractKeyword.findWebElement(WebUIAbstractKeyword.groovy:27)
	at com.kms.katalon.core.webui.keyword.internal.WebUIAbstractKeyword.findWebElement(WebUIAbstractKeyword.groovy:26)
	at com.kms.katalon.core.webui.keyword.builtin.ClickKeyword$_click_closure1.doCall(ClickKeyword.groovy:67)
	at com.kms.katalon.core.webui.keyword.builtin.ClickKeyword$_click_closure1.call(ClickKeyword.groovy)
	at com.kms.katalon.core.webui.keyword.internal.WebUIKeywordMain.runKeyword(WebUIKeywordMain.groovy:20)
	at com.kms.katalon.core.webui.keyword.builtin.ClickKeyword.click(ClickKeyword.groovy:102)
	at com.kms.katalon.core.webui.keyword.builtin.ClickKeyword.execute(ClickKeyword.groovy:43)
	at com.kms.katalon.core.keyword.internal.KeywordExecutor.executeKeywordForPlatform(KeywordExecutor.groovy:72)
	at com.kms.katalon.core.webui.keyword.WebUiBuiltInKeywords.click(WebUiBuiltInKeywords.groovy:616)
	at com.kms.katalon.core.webui.keyword.WebUiBuiltInKeywords$click$1.call(Unknown Source)
	at Script1576846095408.run(Script1576846095408.groovy:23)
	... 13 more
)

2019-12-28 21:42:47 - [MESSAGE][INFO] - Unable to find the element located by 'By.xpath: //span[@id='channelHeaderDropdownIcon']'. Please recheck the objects properties to make sure the desired element is located. 

2019-12-28 21:42:47 - [MESSAGE][INFO] - [SMART_XPATH] Auto-trying out other XPath values in the test object.

2019-12-28 21:42:47 - [MESSAGE][INFO] - [SMART_XPATH] FAILED XPATH: '//span[@id='channelHeaderDropdownIcon']'.

2019-12-28 21:42:47 - [MESSAGE][INFO] - [SMART_XPATH] FAILED XPATH: '//div[@id='channelHeaderDropdownButton']/button/span'.

2019-12-28 21:42:48 - [MESSAGE][INFO] - [SMART_XPATH] FAILED XPATH: '//div[2]/div/div/div/div/div/div/div/button/span'.

2019-12-28 21:42:48 - [MESSAGE][INFO] - [SMART_XPATH] No working XPath is found.

2019-12-28 21:42:48 - [MESSAGE][FAILED] - Unable to click on object 'Object Repository/3_Edit_Channel/Edit_Channel_Header/Page_CS420 - Bumblebee Mattermost/span_CS420_channelHeaderDropdownIcon' (Root cause: com.kms.katalon.core.exception.StepFailedException: Unable to click on object 'Object Repository/3_Edit_Channel/Edit_Channel_Header/Page_CS420 - Bumblebee Mattermost/span_CS420_channelHeaderDropdownIcon'
	at com.kms.katalon.core.webui.keyword.internal.WebUIKeywordMain.stepFailed(WebUIKeywordMain.groovy:64)
	at com.kms.katalon.core.webui.keyword.internal.WebUIKeywordMain.runKeyword(WebUIKeywordMain.groovy:26)
	at com.kms.katalon.core.webui.keyword.builtin.ClickKeyword.click(ClickKeyword.groovy:102)
	at com.kms.katalon.core.webui.keyword.builtin.ClickKeyword.execute(ClickKeyword.groovy:43)
	at com.kms.katalon.core.keyword.internal.KeywordExecutor.executeKeywordForPlatform(KeywordExecutor.groovy:72)
	at com.kms.katalon.core.webui.keyword.WebUiBuiltInKeywords.click(WebUiBuiltInKeywords.groovy:616)
	at com.kms.katalon.core.webui.keyword.WebUiBuiltInKeywords$click$1.call(Unknown Source)
	at Edit_Channel_Header.run(Edit_Channel_Header:23)
	at com.kms.katalon.core.main.ScriptEngine.run(ScriptEngine.java:194)
	at com.kms.katalon.core.main.ScriptEngine.runScriptAsRawText(ScriptEngine.java:119)
	at com.kms.katalon.core.main.TestCaseExecutor.runScript(TestCaseExecutor.java:337)
	at com.kms.katalon.core.main.TestCaseExecutor.doExecute(TestCaseExecutor.java:328)
	at com.kms.katalon.core.main.TestCaseExecutor.processExecutionPhase(TestCaseExecutor.java:307)
	at com.kms.katalon.core.main.TestCaseExecutor.accessMainPhase(TestCaseExecutor.java:299)
	at com.kms.katalon.core.main.TestCaseExecutor.execute(TestCaseExecutor.java:233)
	at com.kms.katalon.core.main.TestSuiteExecutor.accessTestCaseMainPhase(TestSuiteExecutor.java:169)
	at com.kms.katalon.core.main.TestSuiteExecutor.accessTestSuiteMainPhase(TestSuiteExecutor.java:142)
	at com.kms.katalon.core.main.TestSuiteExecutor.execute(TestSuiteExecutor.java:91)
	at com.kms.katalon.core.main.TestCaseMain.startTestSuite(TestCaseMain.java:157)
	at com.kms.katalon.core.main.TestCaseMain$startTestSuite$0.call(Unknown Source)
	at TempTestSuite1577543522490.run(TempTestSuite1577543522490.groovy:36)
Caused by: com.kms.katalon.core.webui.exception.WebElementNotFoundException: Web element with id: 'Object Repository/3_Edit_Channel/Edit_Channel_Header/Page_CS420 - Bumblebee Mattermost/span_CS420_channelHeaderDropdownIcon' located by 'By.xpath: //span[@id='channelHeaderDropdownIcon']' not found
	at com.kms.katalon.core.webui.common.WebUiCommonHelper.findWebElement(WebUiCommonHelper.java:1154)
	at com.kms.katalon.core.webui.keyword.internal.WebUIAbstractKeyword.findWebElement(WebUIAbstractKeyword.groovy:27)
	at com.kms.katalon.core.webui.keyword.internal.WebUIAbstractKeyword.findWebElement(WebUIAbstractKeyword.groovy:26)
	at com.kms.katalon.core.webui.keyword.builtin.ClickKeyword$_click_closure1.doCall(ClickKeyword.groovy:67)
	at com.kms.katalon.core.webui.keyword.builtin.ClickKeyword$_click_closure1.call(ClickKeyword.groovy)
	at com.kms.katalon.core.webui.keyword.internal.WebUIKeywordMain.runKeyword(WebUIKeywordMain.groovy:20)
	at com.kms.katalon.core.webui.keyword.builtin.ClickKeyword.click(ClickKeyword.groovy:102)
	at com.kms.katalon.core.webui.keyword.builtin.ClickKeyword.execute(ClickKeyword.groovy:43)
	at com.kms.katalon.core.keyword.internal.KeywordExecutor.executeKeywordForPlatform(KeywordExecutor.groovy:72)
	at com.kms.katalon.core.webui.keyword.WebUiBuiltInKeywords.click(WebUiBuiltInKeywords.groovy:616)
	at com.kms.katalon.core.webui.keyword.WebUiBuiltInKeywords$click$1.call(Unknown Source)
	at Script1576846095408.run(Script1576846095408.groovy:23)
	... 13 more
)
[[ATTACHMENT|/Users/nguyentri/Desktop/Learn/SoftwareEngineer/mattermost-duo-test/Reports/20191228_213202/Run_all_test_cases/20191228_213202/1577544168099.png]]]]></system-out>
         <system-err><![CDATA[2019-12-28 21:42:02 - [TEST_CASE][FAILED] - Test Cases/3_Edit_Channel/Edit_Channel_Header: Test Cases/3_Edit_Channel/Edit_Channel_Header FAILED.
Reason:
com.kms.katalon.core.exception.StepFailedException: Unable to click on object 'Object Repository/3_Edit_Channel/Edit_Channel_Header/Page_CS420 - Bumblebee Mattermost/span_CS420_channelHeaderDropdownIcon'
	at com.kms.katalon.core.webui.keyword.internal.WebUIKeywordMain.stepFailed(WebUIKeywordMain.groovy:64)
	at com.kms.katalon.core.webui.keyword.internal.WebUIKeywordMain.runKeyword(WebUIKeywordMain.groovy:26)
	at com.kms.katalon.core.webui.keyword.builtin.ClickKeyword.click(ClickKeyword.groovy:102)
	at com.kms.katalon.core.webui.keyword.builtin.ClickKeyword.execute(ClickKeyword.groovy:43)
	at com.kms.katalon.core.keyword.internal.KeywordExecutor.executeKeywordForPlatform(KeywordExecutor.groovy:72)
	at com.kms.katalon.core.webui.keyword.WebUiBuiltInKeywords.click(WebUiBuiltInKeywords.groovy:616)
	at com.kms.katalon.core.webui.keyword.WebUiBuiltInKeywords$click$1.call(Unknown Source)
	at Edit_Channel_Header.run(Edit_Channel_Header:23)
	at com.kms.katalon.core.main.ScriptEngine.run(ScriptEngine.java:194)
	at com.kms.katalon.core.main.ScriptEngine.runScriptAsRawText(ScriptEngine.java:119)
	at com.kms.katalon.core.main.TestCaseExecutor.runScript(TestCaseExecutor.java:337)
	at com.kms.katalon.core.main.TestCaseExecutor.doExecute(TestCaseExecutor.java:328)
	at com.kms.katalon.core.main.TestCaseExecutor.processExecutionPhase(TestCaseExecutor.java:307)
	at com.kms.katalon.core.main.TestCaseExecutor.accessMainPhase(TestCaseExecutor.java:299)
	at com.kms.katalon.core.main.TestCaseExecutor.execute(TestCaseExecutor.java:233)
	at com.kms.katalon.core.main.TestSuiteExecutor.accessTestCaseMainPhase(TestSuiteExecutor.java:169)
	at com.kms.katalon.core.main.TestSuiteExecutor.accessTestSuiteMainPhase(TestSuiteExecutor.java:142)
	at com.kms.katalon.core.main.TestSuiteExecutor.execute(TestSuiteExecutor.java:91)
	at com.kms.katalon.core.main.TestCaseMain.startTestSuite(TestCaseMain.java:157)
	at com.kms.katalon.core.main.TestCaseMain$startTestSuite$0.call(Unknown Source)
	at TempTestSuite1577543522490.run(TempTestSuite1577543522490.groovy:36)
Caused by: com.kms.katalon.core.webui.exception.WebElementNotFoundException: Web element with id: 'Object Repository/3_Edit_Channel/Edit_Channel_Header/Page_CS420 - Bumblebee Mattermost/span_CS420_channelHeaderDropdownIcon' located by 'By.xpath: //span[@id='channelHeaderDropdownIcon']' not found
	at com.kms.katalon.core.webui.common.WebUiCommonHelper.findWebElement(WebUiCommonHelper.java:1154)
	at com.kms.katalon.core.webui.keyword.internal.WebUIAbstractKeyword.findWebElement(WebUIAbstractKeyword.groovy:27)
	at com.kms.katalon.core.webui.keyword.internal.WebUIAbstractKeyword.findWebElement(WebUIAbstractKeyword.groovy:26)
	at com.kms.katalon.core.webui.keyword.builtin.ClickKeyword$_click_closure1.doCall(ClickKeyword.groovy:67)
	at com.kms.katalon.core.webui.keyword.builtin.ClickKeyword$_click_closure1.call(ClickKeyword.groovy)
	at com.kms.katalon.core.webui.keyword.internal.WebUIKeywordMain.runKeyword(WebUIKeywordMain.groovy:20)
	... 19 more]]></system-err>
      </testcase>
      <testcase name="Test Cases/3_Edit_Channel/Edit_Channel_Header" time="45.316" classname="Test Cases/3_Edit_Channel/Edit_Channel_Header" status="FAILED">
         <failure type="FAILED" message="Test Cases/3_Edit_Channel/Edit_Channel_Header FAILED.
Reason:
com.kms.katalon.core.exception.StepFailedException: Unable to click on object 'Object Repository/3_Edit_Channel/Edit_Channel_Header/Page_CS420 - Bumblebee Mattermost/span_CS420_channelHeaderDropdownIcon'
	at com.kms.katalon.core.webui.keyword.internal.WebUIKeywordMain.stepFailed(WebUIKeywordMain.groovy:64)
	at com.kms.katalon.core.webui.keyword.internal.WebUIKeywordMain.runKeyword(WebUIKeywordMain.groovy:26)
	at com.kms.katalon.core.webui.keyword.builtin.ClickKeyword.click(ClickKeyword.groovy:102)
	at com.kms.katalon.core.webui.keyword.builtin.ClickKeyword.execute(ClickKeyword.groovy:43)
	at com.kms.katalon.core.keyword.internal.KeywordExecutor.executeKeywordForPlatform(KeywordExecutor.groovy:72)
	at com.kms.katalon.core.webui.keyword.WebUiBuiltInKeywords.click(WebUiBuiltInKeywords.groovy:616)
	at com.kms.katalon.core.webui.keyword.WebUiBuiltInKeywords$click$1.call(Unknown Source)
	at Edit_Channel_Header.run(Edit_Channel_Header:23)
	at com.kms.katalon.core.main.ScriptEngine.run(ScriptEngine.java:194)
	at com.kms.katalon.core.main.ScriptEngine.runScriptAsRawText(ScriptEngine.java:119)
	at com.kms.katalon.core.main.TestCaseExecutor.runScript(TestCaseExecutor.java:337)
	at com.kms.katalon.core.main.TestCaseExecutor.doExecute(TestCaseExecutor.java:328)
	at com.kms.katalon.core.main.TestCaseExecutor.processExecutionPhase(TestCaseExecutor.java:307)
	at com.kms.katalon.core.main.TestCaseExecutor.accessMainPhase(TestCaseExecutor.java:299)
	at com.kms.katalon.core.main.TestCaseExecutor.execute(TestCaseExecutor.java:233)
	at com.kms.katalon.core.main.TestSuiteExecutor.accessTestCaseMainPhase(TestSuiteExecutor.java:169)
	at com.kms.katalon.core.main.TestSuiteExecutor.accessTestSuiteMainPhase(TestSuiteExecutor.java:142)
	at com.kms.katalon.core.main.TestSuiteExecutor.execute(TestSuiteExecutor.java:91)
	at com.kms.katalon.core.main.TestCaseMain.startTestSuite(TestCaseMain.java:157)
	at com.kms.katalon.core.main.TestCaseMain$startTestSuite$0.call(Unknown Source)
	at TempTestSuite1577543522490.run(TempTestSuite1577543522490.groovy:36)
Caused by: com.kms.katalon.core.webui.exception.WebElementNotFoundException: Web element with id: 'Object Repository/3_Edit_Channel/Edit_Channel_Header/Page_CS420 - Bumblebee Mattermost/span_CS420_channelHeaderDropdownIcon' located by 'By.xpath: //span[@id='channelHeaderDropdownIcon']' not found
	at com.kms.katalon.core.webui.common.WebUiCommonHelper.findWebElement(WebUiCommonHelper.java:1154)
	at com.kms.katalon.core.webui.keyword.internal.WebUIAbstractKeyword.findWebElement(WebUIAbstractKeyword.groovy:27)
	at com.kms.katalon.core.webui.keyword.internal.WebUIAbstractKeyword.findWebElement(WebUIAbstractKeyword.groovy:26)
	at com.kms.katalon.core.webui.keyword.builtin.ClickKeyword$_click_closure1.doCall(ClickKeyword.groovy:67)
	at com.kms.katalon.core.webui.keyword.builtin.ClickKeyword$_click_closure1.call(ClickKeyword.groovy)
	at com.kms.katalon.core.webui.keyword.internal.WebUIKeywordMain.runKeyword(WebUIKeywordMain.groovy:20)
	... 19 more
"/>
         <system-out><![CDATA[2019-12-28 21:42:48 - [TEST_CASE][FAILED] - Test Cases/3_Edit_Channel/Edit_Channel_Header: Test Cases/3_Edit_Channel/Edit_Channel_Header FAILED.
Reason:
com.kms.katalon.core.exception.StepFailedException: Unable to click on object 'Object Repository/3_Edit_Channel/Edit_Channel_Header/Page_CS420 - Bumblebee Mattermost/span_CS420_channelHeaderDropdownIcon'
	at com.kms.katalon.core.webui.keyword.internal.WebUIKeywordMain.stepFailed(WebUIKeywordMain.groovy:64)
	at com.kms.katalon.core.webui.keyword.internal.WebUIKeywordMain.runKeyword(WebUIKeywordMain.groovy:26)
	at com.kms.katalon.core.webui.keyword.builtin.ClickKeyword.click(ClickKeyword.groovy:102)
	at com.kms.katalon.core.webui.keyword.builtin.ClickKeyword.execute(ClickKeyword.groovy:43)
	at com.kms.katalon.core.keyword.internal.KeywordExecutor.executeKeywordForPlatform(KeywordExecutor.groovy:72)
	at com.kms.katalon.core.webui.keyword.WebUiBuiltInKeywords.click(WebUiBuiltInKeywords.groovy:616)
	at com.kms.katalon.core.webui.keyword.WebUiBuiltInKeywords$click$1.call(Unknown Source)
	at Edit_Channel_Header.run(Edit_Channel_Header:23)
	at com.kms.katalon.core.main.ScriptEngine.run(ScriptEngine.java:194)
	at com.kms.katalon.core.main.ScriptEngine.runScriptAsRawText(ScriptEngine.java:119)
	at com.kms.katalon.core.main.TestCaseExecutor.runScript(TestCaseExecutor.java:337)
	at com.kms.katalon.core.main.TestCaseExecutor.doExecute(TestCaseExecutor.java:328)
	at com.kms.katalon.core.main.TestCaseExecutor.processExecutionPhase(TestCaseExecutor.java:307)
	at com.kms.katalon.core.main.TestCaseExecutor.accessMainPhase(TestCaseExecutor.java:299)
	at com.kms.katalon.core.main.TestCaseExecutor.execute(TestCaseExecutor.java:233)
	at com.kms.katalon.core.main.TestSuiteExecutor.accessTestCaseMainPhase(TestSuiteExecutor.java:169)
	at com.kms.katalon.core.main.TestSuiteExecutor.accessTestSuiteMainPhase(TestSuiteExecutor.java:142)
	at com.kms.katalon.core.main.TestSuiteExecutor.execute(TestSuiteExecutor.java:91)
	at com.kms.katalon.core.main.TestCaseMain.startTestSuite(TestCaseMain.java:157)
	at com.kms.katalon.core.main.TestCaseMain$startTestSuite$0.call(Unknown Source)
	at TempTestSuite1577543522490.run(TempTestSuite1577543522490.groovy:36)
Caused by: com.kms.katalon.core.webui.exception.WebElementNotFoundException: Web element with id: 'Object Repository/3_Edit_Channel/Edit_Channel_Header/Page_CS420 - Bumblebee Mattermost/span_CS420_channelHeaderDropdownIcon' located by 'By.xpath: //span[@id='channelHeaderDropdownIcon']' not found
	at com.kms.katalon.core.webui.common.WebUiCommonHelper.findWebElement(WebUiCommonHelper.java:1154)
	at com.kms.katalon.core.webui.keyword.internal.WebUIAbstractKeyword.findWebElement(WebUIAbstractKeyword.groovy:27)
	at com.kms.katalon.core.webui.keyword.internal.WebUIAbstractKeyword.findWebElement(WebUIAbstractKeyword.groovy:26)
	at com.kms.katalon.core.webui.keyword.builtin.ClickKeyword$_click_closure1.doCall(ClickKeyword.groovy:67)
	at com.kms.katalon.core.webui.keyword.builtin.ClickKeyword$_click_closure1.call(ClickKeyword.groovy)
	at com.kms.katalon.core.webui.keyword.internal.WebUIKeywordMain.runKeyword(WebUIKeywordMain.groovy:20)
	... 19 more


2019-12-28 21:42:48 - [TEST_STEP][PASSED] - openBrowser(""): Browser is opened with url: ''

2019-12-28 21:42:48 - [MESSAGE][PASSED] - Browser is opened with url: ''

2019-12-28 21:42:48 - [TEST_STEP][PASSED] - navigateToUrl("http://localhost:8065/"): Navigate to 'http://localhost:8065/' successfully

2019-12-28 21:42:49 - [MESSAGE][PASSED] - Navigate to 'http://localhost:8065/' successfully

2019-12-28 21:42:49 - [TEST_STEP][FAILED] - click(findTestObject("Object Repository/3_Edit_Channel/Edit_Channel_Header/Page_CS420 - Bumblebee Mattermost/span_CS420_channelHeaderDropdownIcon")): Unable to click on object 'Object Repository/3_Edit_Channel/Edit_Channel_Header/Page_CS420 - Bumblebee Mattermost/span_CS420_channelHeaderDropdownIcon' (Root cause: com.kms.katalon.core.exception.StepFailedException: Unable to click on object 'Object Repository/3_Edit_Channel/Edit_Channel_Header/Page_CS420 - Bumblebee Mattermost/span_CS420_channelHeaderDropdownIcon'
	at com.kms.katalon.core.webui.keyword.internal.WebUIKeywordMain.stepFailed(WebUIKeywordMain.groovy:64)
	at com.kms.katalon.core.webui.keyword.internal.WebUIKeywordMain.runKeyword(WebUIKeywordMain.groovy:26)
	at com.kms.katalon.core.webui.keyword.builtin.ClickKeyword.click(ClickKeyword.groovy:102)
	at com.kms.katalon.core.webui.keyword.builtin.ClickKeyword.execute(ClickKeyword.groovy:43)
	at com.kms.katalon.core.keyword.internal.KeywordExecutor.executeKeywordForPlatform(KeywordExecutor.groovy:72)
	at com.kms.katalon.core.webui.keyword.WebUiBuiltInKeywords.click(WebUiBuiltInKeywords.groovy:616)
	at com.kms.katalon.core.webui.keyword.WebUiBuiltInKeywords$click$1.call(Unknown Source)
	at Edit_Channel_Header.run(Edit_Channel_Header:23)
	at com.kms.katalon.core.main.ScriptEngine.run(ScriptEngine.java:194)
	at com.kms.katalon.core.main.ScriptEngine.runScriptAsRawText(ScriptEngine.java:119)
	at com.kms.katalon.core.main.TestCaseExecutor.runScript(TestCaseExecutor.java:337)
	at com.kms.katalon.core.main.TestCaseExecutor.doExecute(TestCaseExecutor.java:328)
	at com.kms.katalon.core.main.TestCaseExecutor.processExecutionPhase(TestCaseExecutor.java:307)
	at com.kms.katalon.core.main.TestCaseExecutor.accessMainPhase(TestCaseExecutor.java:299)
	at com.kms.katalon.core.main.TestCaseExecutor.execute(TestCaseExecutor.java:233)
	at com.kms.katalon.core.main.TestSuiteExecutor.accessTestCaseMainPhase(TestSuiteExecutor.java:169)
	at com.kms.katalon.core.main.TestSuiteExecutor.accessTestSuiteMainPhase(TestSuiteExecutor.java:142)
	at com.kms.katalon.core.main.TestSuiteExecutor.execute(TestSuiteExecutor.java:91)
	at com.kms.katalon.core.main.TestCaseMain.startTestSuite(TestCaseMain.java:157)
	at com.kms.katalon.core.main.TestCaseMain$startTestSuite$0.call(Unknown Source)
	at TempTestSuite1577543522490.run(TempTestSuite1577543522490.groovy:36)
Caused by: com.kms.katalon.core.webui.exception.WebElementNotFoundException: Web element with id: 'Object Repository/3_Edit_Channel/Edit_Channel_Header/Page_CS420 - Bumblebee Mattermost/span_CS420_channelHeaderDropdownIcon' located by 'By.xpath: //span[@id='channelHeaderDropdownIcon']' not found
	at com.kms.katalon.core.webui.common.WebUiCommonHelper.findWebElement(WebUiCommonHelper.java:1154)
	at com.kms.katalon.core.webui.keyword.internal.WebUIAbstractKeyword.findWebElement(WebUIAbstractKeyword.groovy:27)
	at com.kms.katalon.core.webui.keyword.internal.WebUIAbstractKeyword.findWebElement(WebUIAbstractKeyword.groovy:26)
	at com.kms.katalon.core.webui.keyword.builtin.ClickKeyword$_click_closure1.doCall(ClickKeyword.groovy:67)
	at com.kms.katalon.core.webui.keyword.builtin.ClickKeyword$_click_closure1.call(ClickKeyword.groovy)
	at com.kms.katalon.core.webui.keyword.internal.WebUIKeywordMain.runKeyword(WebUIKeywordMain.groovy:20)
	at com.kms.katalon.core.webui.keyword.builtin.ClickKeyword.click(ClickKeyword.groovy:102)
	at com.kms.katalon.core.webui.keyword.builtin.ClickKeyword.execute(ClickKeyword.groovy:43)
	at com.kms.katalon.core.keyword.internal.KeywordExecutor.executeKeywordForPlatform(KeywordExecutor.groovy:72)
	at com.kms.katalon.core.webui.keyword.WebUiBuiltInKeywords.click(WebUiBuiltInKeywords.groovy:616)
	at com.kms.katalon.core.webui.keyword.WebUiBuiltInKeywords$click$1.call(Unknown Source)
	at Script1576846095408.run(Script1576846095408.groovy:23)
	... 13 more
)

2019-12-28 21:43:32 - [MESSAGE][INFO] - Unable to find the element located by 'By.xpath: //span[@id='channelHeaderDropdownIcon']'. Please recheck the objects properties to make sure the desired element is located. 

2019-12-28 21:43:32 - [MESSAGE][INFO] - [SMART_XPATH] Auto-trying out other XPath values in the test object.

2019-12-28 21:43:32 - [MESSAGE][INFO] - [SMART_XPATH] FAILED XPATH: '//span[@id='channelHeaderDropdownIcon']'.

2019-12-28 21:43:33 - [MESSAGE][INFO] - [SMART_XPATH] FAILED XPATH: '//div[@id='channelHeaderDropdownButton']/button/span'.

2019-12-28 21:43:33 - [MESSAGE][INFO] - [SMART_XPATH] FAILED XPATH: '//div[2]/div/div/div/div/div/div/div/button/span'.

2019-12-28 21:43:33 - [MESSAGE][INFO] - [SMART_XPATH] No working XPath is found.

2019-12-28 21:43:33 - [MESSAGE][FAILED] - Unable to click on object 'Object Repository/3_Edit_Channel/Edit_Channel_Header/Page_CS420 - Bumblebee Mattermost/span_CS420_channelHeaderDropdownIcon' (Root cause: com.kms.katalon.core.exception.StepFailedException: Unable to click on object 'Object Repository/3_Edit_Channel/Edit_Channel_Header/Page_CS420 - Bumblebee Mattermost/span_CS420_channelHeaderDropdownIcon'
	at com.kms.katalon.core.webui.keyword.internal.WebUIKeywordMain.stepFailed(WebUIKeywordMain.groovy:64)
	at com.kms.katalon.core.webui.keyword.internal.WebUIKeywordMain.runKeyword(WebUIKeywordMain.groovy:26)
	at com.kms.katalon.core.webui.keyword.builtin.ClickKeyword.click(ClickKeyword.groovy:102)
	at com.kms.katalon.core.webui.keyword.builtin.ClickKeyword.execute(ClickKeyword.groovy:43)
	at com.kms.katalon.core.keyword.internal.KeywordExecutor.executeKeywordForPlatform(KeywordExecutor.groovy:72)
	at com.kms.katalon.core.webui.keyword.WebUiBuiltInKeywords.click(WebUiBuiltInKeywords.groovy:616)
	at com.kms.katalon.core.webui.keyword.WebUiBuiltInKeywords$click$1.call(Unknown Source)
	at Edit_Channel_Header.run(Edit_Channel_Header:23)
	at com.kms.katalon.core.main.ScriptEngine.run(ScriptEngine.java:194)
	at com.kms.katalon.core.main.ScriptEngine.runScriptAsRawText(ScriptEngine.java:119)
	at com.kms.katalon.core.main.TestCaseExecutor.runScript(TestCaseExecutor.java:337)
	at com.kms.katalon.core.main.TestCaseExecutor.doExecute(TestCaseExecutor.java:328)
	at com.kms.katalon.core.main.TestCaseExecutor.processExecutionPhase(TestCaseExecutor.java:307)
	at com.kms.katalon.core.main.TestCaseExecutor.accessMainPhase(TestCaseExecutor.java:299)
	at com.kms.katalon.core.main.TestCaseExecutor.execute(TestCaseExecutor.java:233)
	at com.kms.katalon.core.main.TestSuiteExecutor.accessTestCaseMainPhase(TestSuiteExecutor.java:169)
	at com.kms.katalon.core.main.TestSuiteExecutor.accessTestSuiteMainPhase(TestSuiteExecutor.java:142)
	at com.kms.katalon.core.main.TestSuiteExecutor.execute(TestSuiteExecutor.java:91)
	at com.kms.katalon.core.main.TestCaseMain.startTestSuite(TestCaseMain.java:157)
	at com.kms.katalon.core.main.TestCaseMain$startTestSuite$0.call(Unknown Source)
	at TempTestSuite1577543522490.run(TempTestSuite1577543522490.groovy:36)
Caused by: com.kms.katalon.core.webui.exception.WebElementNotFoundException: Web element with id: 'Object Repository/3_Edit_Channel/Edit_Channel_Header/Page_CS420 - Bumblebee Mattermost/span_CS420_channelHeaderDropdownIcon' located by 'By.xpath: //span[@id='channelHeaderDropdownIcon']' not found
	at com.kms.katalon.core.webui.common.WebUiCommonHelper.findWebElement(WebUiCommonHelper.java:1154)
	at com.kms.katalon.core.webui.keyword.internal.WebUIAbstractKeyword.findWebElement(WebUIAbstractKeyword.groovy:27)
	at com.kms.katalon.core.webui.keyword.internal.WebUIAbstractKeyword.findWebElement(WebUIAbstractKeyword.groovy:26)
	at com.kms.katalon.core.webui.keyword.builtin.ClickKeyword$_click_closure1.doCall(ClickKeyword.groovy:67)
	at com.kms.katalon.core.webui.keyword.builtin.ClickKeyword$_click_closure1.call(ClickKeyword.groovy)
	at com.kms.katalon.core.webui.keyword.internal.WebUIKeywordMain.runKeyword(WebUIKeywordMain.groovy:20)
	at com.kms.katalon.core.webui.keyword.builtin.ClickKeyword.click(ClickKeyword.groovy:102)
	at com.kms.katalon.core.webui.keyword.builtin.ClickKeyword.execute(ClickKeyword.groovy:43)
	at com.kms.katalon.core.keyword.internal.KeywordExecutor.executeKeywordForPlatform(KeywordExecutor.groovy:72)
	at com.kms.katalon.core.webui.keyword.WebUiBuiltInKeywords.click(WebUiBuiltInKeywords.groovy:616)
	at com.kms.katalon.core.webui.keyword.WebUiBuiltInKeywords$click$1.call(Unknown Source)
	at Script1576846095408.run(Script1576846095408.groovy:23)
	... 13 more
)
[[ATTACHMENT|/Users/nguyentri/Desktop/Learn/SoftwareEngineer/mattermost-duo-test/Reports/20191228_213202/Run_all_test_cases/20191228_213202/1577544213475.png]]]]></system-out>
         <system-err><![CDATA[2019-12-28 21:42:48 - [TEST_CASE][FAILED] - Test Cases/3_Edit_Channel/Edit_Channel_Header: Test Cases/3_Edit_Channel/Edit_Channel_Header FAILED.
Reason:
com.kms.katalon.core.exception.StepFailedException: Unable to click on object 'Object Repository/3_Edit_Channel/Edit_Channel_Header/Page_CS420 - Bumblebee Mattermost/span_CS420_channelHeaderDropdownIcon'
	at com.kms.katalon.core.webui.keyword.internal.WebUIKeywordMain.stepFailed(WebUIKeywordMain.groovy:64)
	at com.kms.katalon.core.webui.keyword.internal.WebUIKeywordMain.runKeyword(WebUIKeywordMain.groovy:26)
	at com.kms.katalon.core.webui.keyword.builtin.ClickKeyword.click(ClickKeyword.groovy:102)
	at com.kms.katalon.core.webui.keyword.builtin.ClickKeyword.execute(ClickKeyword.groovy:43)
	at com.kms.katalon.core.keyword.internal.KeywordExecutor.executeKeywordForPlatform(KeywordExecutor.groovy:72)
	at com.kms.katalon.core.webui.keyword.WebUiBuiltInKeywords.click(WebUiBuiltInKeywords.groovy:616)
	at com.kms.katalon.core.webui.keyword.WebUiBuiltInKeywords$click$1.call(Unknown Source)
	at Edit_Channel_Header.run(Edit_Channel_Header:23)
	at com.kms.katalon.core.main.ScriptEngine.run(ScriptEngine.java:194)
	at com.kms.katalon.core.main.ScriptEngine.runScriptAsRawText(ScriptEngine.java:119)
	at com.kms.katalon.core.main.TestCaseExecutor.runScript(TestCaseExecutor.java:337)
	at com.kms.katalon.core.main.TestCaseExecutor.doExecute(TestCaseExecutor.java:328)
	at com.kms.katalon.core.main.TestCaseExecutor.processExecutionPhase(TestCaseExecutor.java:307)
	at com.kms.katalon.core.main.TestCaseExecutor.accessMainPhase(TestCaseExecutor.java:299)
	at com.kms.katalon.core.main.TestCaseExecutor.execute(TestCaseExecutor.java:233)
	at com.kms.katalon.core.main.TestSuiteExecutor.accessTestCaseMainPhase(TestSuiteExecutor.java:169)
	at com.kms.katalon.core.main.TestSuiteExecutor.accessTestSuiteMainPhase(TestSuiteExecutor.java:142)
	at com.kms.katalon.core.main.TestSuiteExecutor.execute(TestSuiteExecutor.java:91)
	at com.kms.katalon.core.main.TestCaseMain.startTestSuite(TestCaseMain.java:157)
	at com.kms.katalon.core.main.TestCaseMain$startTestSuite$0.call(Unknown Source)
	at TempTestSuite1577543522490.run(TempTestSuite1577543522490.groovy:36)
Caused by: com.kms.katalon.core.webui.exception.WebElementNotFoundException: Web element with id: 'Object Repository/3_Edit_Channel/Edit_Channel_Header/Page_CS420 - Bumblebee Mattermost/span_CS420_channelHeaderDropdownIcon' located by 'By.xpath: //span[@id='channelHeaderDropdownIcon']' not found
	at com.kms.katalon.core.webui.common.WebUiCommonHelper.findWebElement(WebUiCommonHelper.java:1154)
	at com.kms.katalon.core.webui.keyword.internal.WebUIAbstractKeyword.findWebElement(WebUIAbstractKeyword.groovy:27)
	at com.kms.katalon.core.webui.keyword.internal.WebUIAbstractKeyword.findWebElement(WebUIAbstractKeyword.groovy:26)
	at com.kms.katalon.core.webui.keyword.builtin.ClickKeyword$_click_closure1.doCall(ClickKeyword.groovy:67)
	at com.kms.katalon.core.webui.keyword.builtin.ClickKeyword$_click_closure1.call(ClickKeyword.groovy)
	at com.kms.katalon.core.webui.keyword.internal.WebUIKeywordMain.runKeyword(WebUIKeywordMain.groovy:20)
	... 19 more]]></system-err>
      </testcase>
      <testcase name="Test Cases/3_Edit_Channel/Edit_Channel_Header" time="45.339" classname="Test Cases/3_Edit_Channel/Edit_Channel_Header" status="FAILED">
         <failure type="FAILED" message="Test Cases/3_Edit_Channel/Edit_Channel_Header FAILED.
Reason:
com.kms.katalon.core.exception.StepFailedException: Unable to click on object 'Object Repository/3_Edit_Channel/Edit_Channel_Header/Page_CS420 - Bumblebee Mattermost/span_CS420_channelHeaderDropdownIcon'
	at com.kms.katalon.core.webui.keyword.internal.WebUIKeywordMain.stepFailed(WebUIKeywordMain.groovy:64)
	at com.kms.katalon.core.webui.keyword.internal.WebUIKeywordMain.runKeyword(WebUIKeywordMain.groovy:26)
	at com.kms.katalon.core.webui.keyword.builtin.ClickKeyword.click(ClickKeyword.groovy:102)
	at com.kms.katalon.core.webui.keyword.builtin.ClickKeyword.execute(ClickKeyword.groovy:43)
	at com.kms.katalon.core.keyword.internal.KeywordExecutor.executeKeywordForPlatform(KeywordExecutor.groovy:72)
	at com.kms.katalon.core.webui.keyword.WebUiBuiltInKeywords.click(WebUiBuiltInKeywords.groovy:616)
	at com.kms.katalon.core.webui.keyword.WebUiBuiltInKeywords$click$1.call(Unknown Source)
	at Edit_Channel_Header.run(Edit_Channel_Header:23)
	at com.kms.katalon.core.main.ScriptEngine.run(ScriptEngine.java:194)
	at com.kms.katalon.core.main.ScriptEngine.runScriptAsRawText(ScriptEngine.java:119)
	at com.kms.katalon.core.main.TestCaseExecutor.runScript(TestCaseExecutor.java:337)
	at com.kms.katalon.core.main.TestCaseExecutor.doExecute(TestCaseExecutor.java:328)
	at com.kms.katalon.core.main.TestCaseExecutor.processExecutionPhase(TestCaseExecutor.java:307)
	at com.kms.katalon.core.main.TestCaseExecutor.accessMainPhase(TestCaseExecutor.java:299)
	at com.kms.katalon.core.main.TestCaseExecutor.execute(TestCaseExecutor.java:233)
	at com.kms.katalon.core.main.TestSuiteExecutor.accessTestCaseMainPhase(TestSuiteExecutor.java:169)
	at com.kms.katalon.core.main.TestSuiteExecutor.accessTestSuiteMainPhase(TestSuiteExecutor.java:142)
	at com.kms.katalon.core.main.TestSuiteExecutor.execute(TestSuiteExecutor.java:91)
	at com.kms.katalon.core.main.TestCaseMain.startTestSuite(TestCaseMain.java:157)
	at com.kms.katalon.core.main.TestCaseMain$startTestSuite$0.call(Unknown Source)
	at TempTestSuite1577543522490.run(TempTestSuite1577543522490.groovy:36)
Caused by: com.kms.katalon.core.webui.exception.WebElementNotFoundException: Web element with id: 'Object Repository/3_Edit_Channel/Edit_Channel_Header/Page_CS420 - Bumblebee Mattermost/span_CS420_channelHeaderDropdownIcon' located by 'By.xpath: //span[@id='channelHeaderDropdownIcon']' not found
	at com.kms.katalon.core.webui.common.WebUiCommonHelper.findWebElement(WebUiCommonHelper.java:1154)
	at com.kms.katalon.core.webui.keyword.internal.WebUIAbstractKeyword.findWebElement(WebUIAbstractKeyword.groovy:27)
	at com.kms.katalon.core.webui.keyword.internal.WebUIAbstractKeyword.findWebElement(WebUIAbstractKeyword.groovy:26)
	at com.kms.katalon.core.webui.keyword.builtin.ClickKeyword$_click_closure1.doCall(ClickKeyword.groovy:67)
	at com.kms.katalon.core.webui.keyword.builtin.ClickKeyword$_click_closure1.call(ClickKeyword.groovy)
	at com.kms.katalon.core.webui.keyword.internal.WebUIKeywordMain.runKeyword(WebUIKeywordMain.groovy:20)
	... 19 more
"/>
         <system-out><![CDATA[2019-12-28 21:43:33 - [TEST_CASE][FAILED] - Test Cases/3_Edit_Channel/Edit_Channel_Header: Test Cases/3_Edit_Channel/Edit_Channel_Header FAILED.
Reason:
com.kms.katalon.core.exception.StepFailedException: Unable to click on object 'Object Repository/3_Edit_Channel/Edit_Channel_Header/Page_CS420 - Bumblebee Mattermost/span_CS420_channelHeaderDropdownIcon'
	at com.kms.katalon.core.webui.keyword.internal.WebUIKeywordMain.stepFailed(WebUIKeywordMain.groovy:64)
	at com.kms.katalon.core.webui.keyword.internal.WebUIKeywordMain.runKeyword(WebUIKeywordMain.groovy:26)
	at com.kms.katalon.core.webui.keyword.builtin.ClickKeyword.click(ClickKeyword.groovy:102)
	at com.kms.katalon.core.webui.keyword.builtin.ClickKeyword.execute(ClickKeyword.groovy:43)
	at com.kms.katalon.core.keyword.internal.KeywordExecutor.executeKeywordForPlatform(KeywordExecutor.groovy:72)
	at com.kms.katalon.core.webui.keyword.WebUiBuiltInKeywords.click(WebUiBuiltInKeywords.groovy:616)
	at com.kms.katalon.core.webui.keyword.WebUiBuiltInKeywords$click$1.call(Unknown Source)
	at Edit_Channel_Header.run(Edit_Channel_Header:23)
	at com.kms.katalon.core.main.ScriptEngine.run(ScriptEngine.java:194)
	at com.kms.katalon.core.main.ScriptEngine.runScriptAsRawText(ScriptEngine.java:119)
	at com.kms.katalon.core.main.TestCaseExecutor.runScript(TestCaseExecutor.java:337)
	at com.kms.katalon.core.main.TestCaseExecutor.doExecute(TestCaseExecutor.java:328)
	at com.kms.katalon.core.main.TestCaseExecutor.processExecutionPhase(TestCaseExecutor.java:307)
	at com.kms.katalon.core.main.TestCaseExecutor.accessMainPhase(TestCaseExecutor.java:299)
	at com.kms.katalon.core.main.TestCaseExecutor.execute(TestCaseExecutor.java:233)
	at com.kms.katalon.core.main.TestSuiteExecutor.accessTestCaseMainPhase(TestSuiteExecutor.java:169)
	at com.kms.katalon.core.main.TestSuiteExecutor.accessTestSuiteMainPhase(TestSuiteExecutor.java:142)
	at com.kms.katalon.core.main.TestSuiteExecutor.execute(TestSuiteExecutor.java:91)
	at com.kms.katalon.core.main.TestCaseMain.startTestSuite(TestCaseMain.java:157)
	at com.kms.katalon.core.main.TestCaseMain$startTestSuite$0.call(Unknown Source)
	at TempTestSuite1577543522490.run(TempTestSuite1577543522490.groovy:36)
Caused by: com.kms.katalon.core.webui.exception.WebElementNotFoundException: Web element with id: 'Object Repository/3_Edit_Channel/Edit_Channel_Header/Page_CS420 - Bumblebee Mattermost/span_CS420_channelHeaderDropdownIcon' located by 'By.xpath: //span[@id='channelHeaderDropdownIcon']' not found
	at com.kms.katalon.core.webui.common.WebUiCommonHelper.findWebElement(WebUiCommonHelper.java:1154)
	at com.kms.katalon.core.webui.keyword.internal.WebUIAbstractKeyword.findWebElement(WebUIAbstractKeyword.groovy:27)
	at com.kms.katalon.core.webui.keyword.internal.WebUIAbstractKeyword.findWebElement(WebUIAbstractKeyword.groovy:26)
	at com.kms.katalon.core.webui.keyword.builtin.ClickKeyword$_click_closure1.doCall(ClickKeyword.groovy:67)
	at com.kms.katalon.core.webui.keyword.builtin.ClickKeyword$_click_closure1.call(ClickKeyword.groovy)
	at com.kms.katalon.core.webui.keyword.internal.WebUIKeywordMain.runKeyword(WebUIKeywordMain.groovy:20)
	... 19 more


2019-12-28 21:43:33 - [TEST_STEP][PASSED] - openBrowser(""): Browser is opened with url: ''

2019-12-28 21:43:34 - [MESSAGE][PASSED] - Browser is opened with url: ''

2019-12-28 21:43:34 - [TEST_STEP][PASSED] - navigateToUrl("http://localhost:8065/"): Navigate to 'http://localhost:8065/' successfully

2019-12-28 21:43:35 - [MESSAGE][PASSED] - Navigate to 'http://localhost:8065/' successfully

2019-12-28 21:43:35 - [TEST_STEP][FAILED] - click(findTestObject("Object Repository/3_Edit_Channel/Edit_Channel_Header/Page_CS420 - Bumblebee Mattermost/span_CS420_channelHeaderDropdownIcon")): Unable to click on object 'Object Repository/3_Edit_Channel/Edit_Channel_Header/Page_CS420 - Bumblebee Mattermost/span_CS420_channelHeaderDropdownIcon' (Root cause: com.kms.katalon.core.exception.StepFailedException: Unable to click on object 'Object Repository/3_Edit_Channel/Edit_Channel_Header/Page_CS420 - Bumblebee Mattermost/span_CS420_channelHeaderDropdownIcon'
	at com.kms.katalon.core.webui.keyword.internal.WebUIKeywordMain.stepFailed(WebUIKeywordMain.groovy:64)
	at com.kms.katalon.core.webui.keyword.internal.WebUIKeywordMain.runKeyword(WebUIKeywordMain.groovy:26)
	at com.kms.katalon.core.webui.keyword.builtin.ClickKeyword.click(ClickKeyword.groovy:102)
	at com.kms.katalon.core.webui.keyword.builtin.ClickKeyword.execute(ClickKeyword.groovy:43)
	at com.kms.katalon.core.keyword.internal.KeywordExecutor.executeKeywordForPlatform(KeywordExecutor.groovy:72)
	at com.kms.katalon.core.webui.keyword.WebUiBuiltInKeywords.click(WebUiBuiltInKeywords.groovy:616)
	at com.kms.katalon.core.webui.keyword.WebUiBuiltInKeywords$click$1.call(Unknown Source)
	at Edit_Channel_Header.run(Edit_Channel_Header:23)
	at com.kms.katalon.core.main.ScriptEngine.run(ScriptEngine.java:194)
	at com.kms.katalon.core.main.ScriptEngine.runScriptAsRawText(ScriptEngine.java:119)
	at com.kms.katalon.core.main.TestCaseExecutor.runScript(TestCaseExecutor.java:337)
	at com.kms.katalon.core.main.TestCaseExecutor.doExecute(TestCaseExecutor.java:328)
	at com.kms.katalon.core.main.TestCaseExecutor.processExecutionPhase(TestCaseExecutor.java:307)
	at com.kms.katalon.core.main.TestCaseExecutor.accessMainPhase(TestCaseExecutor.java:299)
	at com.kms.katalon.core.main.TestCaseExecutor.execute(TestCaseExecutor.java:233)
	at com.kms.katalon.core.main.TestSuiteExecutor.accessTestCaseMainPhase(TestSuiteExecutor.java:169)
	at com.kms.katalon.core.main.TestSuiteExecutor.accessTestSuiteMainPhase(TestSuiteExecutor.java:142)
	at com.kms.katalon.core.main.TestSuiteExecutor.execute(TestSuiteExecutor.java:91)
	at com.kms.katalon.core.main.TestCaseMain.startTestSuite(TestCaseMain.java:157)
	at com.kms.katalon.core.main.TestCaseMain$startTestSuite$0.call(Unknown Source)
	at TempTestSuite1577543522490.run(TempTestSuite1577543522490.groovy:36)
Caused by: com.kms.katalon.core.webui.exception.WebElementNotFoundException: Web element with id: 'Object Repository/3_Edit_Channel/Edit_Channel_Header/Page_CS420 - Bumblebee Mattermost/span_CS420_channelHeaderDropdownIcon' located by 'By.xpath: //span[@id='channelHeaderDropdownIcon']' not found
	at com.kms.katalon.core.webui.common.WebUiCommonHelper.findWebElement(WebUiCommonHelper.java:1154)
	at com.kms.katalon.core.webui.keyword.internal.WebUIAbstractKeyword.findWebElement(WebUIAbstractKeyword.groovy:27)
	at com.kms.katalon.core.webui.keyword.internal.WebUIAbstractKeyword.findWebElement(WebUIAbstractKeyword.groovy:26)
	at com.kms.katalon.core.webui.keyword.builtin.ClickKeyword$_click_closure1.doCall(ClickKeyword.groovy:67)
	at com.kms.katalon.core.webui.keyword.builtin.ClickKeyword$_click_closure1.call(ClickKeyword.groovy)
	at com.kms.katalon.core.webui.keyword.internal.WebUIKeywordMain.runKeyword(WebUIKeywordMain.groovy:20)
	at com.kms.katalon.core.webui.keyword.builtin.ClickKeyword.click(ClickKeyword.groovy:102)
	at com.kms.katalon.core.webui.keyword.builtin.ClickKeyword.execute(ClickKeyword.groovy:43)
	at com.kms.katalon.core.keyword.internal.KeywordExecutor.executeKeywordForPlatform(KeywordExecutor.groovy:72)
	at com.kms.katalon.core.webui.keyword.WebUiBuiltInKeywords.click(WebUiBuiltInKeywords.groovy:616)
	at com.kms.katalon.core.webui.keyword.WebUiBuiltInKeywords$click$1.call(Unknown Source)
	at Script1576846095408.run(Script1576846095408.groovy:23)
	... 13 more
)

2019-12-28 21:44:18 - [MESSAGE][INFO] - Unable to find the element located by 'By.xpath: //span[@id='channelHeaderDropdownIcon']'. Please recheck the objects properties to make sure the desired element is located. 

2019-12-28 21:44:18 - [MESSAGE][INFO] - [SMART_XPATH] Auto-trying out other XPath values in the test object.

2019-12-28 21:44:18 - [MESSAGE][INFO] - [SMART_XPATH] FAILED XPATH: '//span[@id='channelHeaderDropdownIcon']'.

2019-12-28 21:44:18 - [MESSAGE][INFO] - [SMART_XPATH] FAILED XPATH: '//div[@id='channelHeaderDropdownButton']/button/span'.

2019-12-28 21:44:18 - [MESSAGE][INFO] - [SMART_XPATH] FAILED XPATH: '//div[2]/div/div/div/div/div/div/div/button/span'.

2019-12-28 21:44:18 - [MESSAGE][INFO] - [SMART_XPATH] No working XPath is found.

2019-12-28 21:44:19 - [MESSAGE][FAILED] - Unable to click on object 'Object Repository/3_Edit_Channel/Edit_Channel_Header/Page_CS420 - Bumblebee Mattermost/span_CS420_channelHeaderDropdownIcon' (Root cause: com.kms.katalon.core.exception.StepFailedException: Unable to click on object 'Object Repository/3_Edit_Channel/Edit_Channel_Header/Page_CS420 - Bumblebee Mattermost/span_CS420_channelHeaderDropdownIcon'
	at com.kms.katalon.core.webui.keyword.internal.WebUIKeywordMain.stepFailed(WebUIKeywordMain.groovy:64)
	at com.kms.katalon.core.webui.keyword.internal.WebUIKeywordMain.runKeyword(WebUIKeywordMain.groovy:26)
	at com.kms.katalon.core.webui.keyword.builtin.ClickKeyword.click(ClickKeyword.groovy:102)
	at com.kms.katalon.core.webui.keyword.builtin.ClickKeyword.execute(ClickKeyword.groovy:43)
	at com.kms.katalon.core.keyword.internal.KeywordExecutor.executeKeywordForPlatform(KeywordExecutor.groovy:72)
	at com.kms.katalon.core.webui.keyword.WebUiBuiltInKeywords.click(WebUiBuiltInKeywords.groovy:616)
	at com.kms.katalon.core.webui.keyword.WebUiBuiltInKeywords$click$1.call(Unknown Source)
	at Edit_Channel_Header.run(Edit_Channel_Header:23)
	at com.kms.katalon.core.main.ScriptEngine.run(ScriptEngine.java:194)
	at com.kms.katalon.core.main.ScriptEngine.runScriptAsRawText(ScriptEngine.java:119)
	at com.kms.katalon.core.main.TestCaseExecutor.runScript(TestCaseExecutor.java:337)
	at com.kms.katalon.core.main.TestCaseExecutor.doExecute(TestCaseExecutor.java:328)
	at com.kms.katalon.core.main.TestCaseExecutor.processExecutionPhase(TestCaseExecutor.java:307)
	at com.kms.katalon.core.main.TestCaseExecutor.accessMainPhase(TestCaseExecutor.java:299)
	at com.kms.katalon.core.main.TestCaseExecutor.execute(TestCaseExecutor.java:233)
	at com.kms.katalon.core.main.TestSuiteExecutor.accessTestCaseMainPhase(TestSuiteExecutor.java:169)
	at com.kms.katalon.core.main.TestSuiteExecutor.accessTestSuiteMainPhase(TestSuiteExecutor.java:142)
	at com.kms.katalon.core.main.TestSuiteExecutor.execute(TestSuiteExecutor.java:91)
	at com.kms.katalon.core.main.TestCaseMain.startTestSuite(TestCaseMain.java:157)
	at com.kms.katalon.core.main.TestCaseMain$startTestSuite$0.call(Unknown Source)
	at TempTestSuite1577543522490.run(TempTestSuite1577543522490.groovy:36)
Caused by: com.kms.katalon.core.webui.exception.WebElementNotFoundException: Web element with id: 'Object Repository/3_Edit_Channel/Edit_Channel_Header/Page_CS420 - Bumblebee Mattermost/span_CS420_channelHeaderDropdownIcon' located by 'By.xpath: //span[@id='channelHeaderDropdownIcon']' not found
	at com.kms.katalon.core.webui.common.WebUiCommonHelper.findWebElement(WebUiCommonHelper.java:1154)
	at com.kms.katalon.core.webui.keyword.internal.WebUIAbstractKeyword.findWebElement(WebUIAbstractKeyword.groovy:27)
	at com.kms.katalon.core.webui.keyword.internal.WebUIAbstractKeyword.findWebElement(WebUIAbstractKeyword.groovy:26)
	at com.kms.katalon.core.webui.keyword.builtin.ClickKeyword$_click_closure1.doCall(ClickKeyword.groovy:67)
	at com.kms.katalon.core.webui.keyword.builtin.ClickKeyword$_click_closure1.call(ClickKeyword.groovy)
	at com.kms.katalon.core.webui.keyword.internal.WebUIKeywordMain.runKeyword(WebUIKeywordMain.groovy:20)
	at com.kms.katalon.core.webui.keyword.builtin.ClickKeyword.click(ClickKeyword.groovy:102)
	at com.kms.katalon.core.webui.keyword.builtin.ClickKeyword.execute(ClickKeyword.groovy:43)
	at com.kms.katalon.core.keyword.internal.KeywordExecutor.executeKeywordForPlatform(KeywordExecutor.groovy:72)
	at com.kms.katalon.core.webui.keyword.WebUiBuiltInKeywords.click(WebUiBuiltInKeywords.groovy:616)
	at com.kms.katalon.core.webui.keyword.WebUiBuiltInKeywords$click$1.call(Unknown Source)
	at Script1576846095408.run(Script1576846095408.groovy:23)
	... 13 more
)
[[ATTACHMENT|/Users/nguyentri/Desktop/Learn/SoftwareEngineer/mattermost-duo-test/Reports/20191228_213202/Run_all_test_cases/20191228_213202/1577544258931.png]]]]></system-out>
         <system-err><![CDATA[2019-12-28 21:43:33 - [TEST_CASE][FAILED] - Test Cases/3_Edit_Channel/Edit_Channel_Header: Test Cases/3_Edit_Channel/Edit_Channel_Header FAILED.
Reason:
com.kms.katalon.core.exception.StepFailedException: Unable to click on object 'Object Repository/3_Edit_Channel/Edit_Channel_Header/Page_CS420 - Bumblebee Mattermost/span_CS420_channelHeaderDropdownIcon'
	at com.kms.katalon.core.webui.keyword.internal.WebUIKeywordMain.stepFailed(WebUIKeywordMain.groovy:64)
	at com.kms.katalon.core.webui.keyword.internal.WebUIKeywordMain.runKeyword(WebUIKeywordMain.groovy:26)
	at com.kms.katalon.core.webui.keyword.builtin.ClickKeyword.click(ClickKeyword.groovy:102)
	at com.kms.katalon.core.webui.keyword.builtin.ClickKeyword.execute(ClickKeyword.groovy:43)
	at com.kms.katalon.core.keyword.internal.KeywordExecutor.executeKeywordForPlatform(KeywordExecutor.groovy:72)
	at com.kms.katalon.core.webui.keyword.WebUiBuiltInKeywords.click(WebUiBuiltInKeywords.groovy:616)
	at com.kms.katalon.core.webui.keyword.WebUiBuiltInKeywords$click$1.call(Unknown Source)
	at Edit_Channel_Header.run(Edit_Channel_Header:23)
	at com.kms.katalon.core.main.ScriptEngine.run(ScriptEngine.java:194)
	at com.kms.katalon.core.main.ScriptEngine.runScriptAsRawText(ScriptEngine.java:119)
	at com.kms.katalon.core.main.TestCaseExecutor.runScript(TestCaseExecutor.java:337)
	at com.kms.katalon.core.main.TestCaseExecutor.doExecute(TestCaseExecutor.java:328)
	at com.kms.katalon.core.main.TestCaseExecutor.processExecutionPhase(TestCaseExecutor.java:307)
	at com.kms.katalon.core.main.TestCaseExecutor.accessMainPhase(TestCaseExecutor.java:299)
	at com.kms.katalon.core.main.TestCaseExecutor.execute(TestCaseExecutor.java:233)
	at com.kms.katalon.core.main.TestSuiteExecutor.accessTestCaseMainPhase(TestSuiteExecutor.java:169)
	at com.kms.katalon.core.main.TestSuiteExecutor.accessTestSuiteMainPhase(TestSuiteExecutor.java:142)
	at com.kms.katalon.core.main.TestSuiteExecutor.execute(TestSuiteExecutor.java:91)
	at com.kms.katalon.core.main.TestCaseMain.startTestSuite(TestCaseMain.java:157)
	at com.kms.katalon.core.main.TestCaseMain$startTestSuite$0.call(Unknown Source)
	at TempTestSuite1577543522490.run(TempTestSuite1577543522490.groovy:36)
Caused by: com.kms.katalon.core.webui.exception.WebElementNotFoundException: Web element with id: 'Object Repository/3_Edit_Channel/Edit_Channel_Header/Page_CS420 - Bumblebee Mattermost/span_CS420_channelHeaderDropdownIcon' located by 'By.xpath: //span[@id='channelHeaderDropdownIcon']' not found
	at com.kms.katalon.core.webui.common.WebUiCommonHelper.findWebElement(WebUiCommonHelper.java:1154)
	at com.kms.katalon.core.webui.keyword.internal.WebUIAbstractKeyword.findWebElement(WebUIAbstractKeyword.groovy:27)
	at com.kms.katalon.core.webui.keyword.internal.WebUIAbstractKeyword.findWebElement(WebUIAbstractKeyword.groovy:26)
	at com.kms.katalon.core.webui.keyword.builtin.ClickKeyword$_click_closure1.doCall(ClickKeyword.groovy:67)
	at com.kms.katalon.core.webui.keyword.builtin.ClickKeyword$_click_closure1.call(ClickKeyword.groovy)
	at com.kms.katalon.core.webui.keyword.internal.WebUIKeywordMain.runKeyword(WebUIKeywordMain.groovy:20)
	... 19 more]]></system-err>
      </testcase>
      <testcase name="Test Cases/3_Edit_Channel/Edit_Channel_Header" time="44.835" classname="Test Cases/3_Edit_Channel/Edit_Channel_Header" status="FAILED">
         <failure type="FAILED" message="Test Cases/3_Edit_Channel/Edit_Channel_Header FAILED.
Reason:
com.kms.katalon.core.exception.StepFailedException: Unable to click on object 'Object Repository/3_Edit_Channel/Edit_Channel_Header/Page_CS420 - Bumblebee Mattermost/span_CS420_channelHeaderDropdownIcon'
	at com.kms.katalon.core.webui.keyword.internal.WebUIKeywordMain.stepFailed(WebUIKeywordMain.groovy:64)
	at com.kms.katalon.core.webui.keyword.internal.WebUIKeywordMain.runKeyword(WebUIKeywordMain.groovy:26)
	at com.kms.katalon.core.webui.keyword.builtin.ClickKeyword.click(ClickKeyword.groovy:102)
	at com.kms.katalon.core.webui.keyword.builtin.ClickKeyword.execute(ClickKeyword.groovy:43)
	at com.kms.katalon.core.keyword.internal.KeywordExecutor.executeKeywordForPlatform(KeywordExecutor.groovy:72)
	at com.kms.katalon.core.webui.keyword.WebUiBuiltInKeywords.click(WebUiBuiltInKeywords.groovy:616)
	at com.kms.katalon.core.webui.keyword.WebUiBuiltInKeywords$click$1.call(Unknown Source)
	at Edit_Channel_Header.run(Edit_Channel_Header:23)
	at com.kms.katalon.core.main.ScriptEngine.run(ScriptEngine.java:194)
	at com.kms.katalon.core.main.ScriptEngine.runScriptAsRawText(ScriptEngine.java:119)
	at com.kms.katalon.core.main.TestCaseExecutor.runScript(TestCaseExecutor.java:337)
	at com.kms.katalon.core.main.TestCaseExecutor.doExecute(TestCaseExecutor.java:328)
	at com.kms.katalon.core.main.TestCaseExecutor.processExecutionPhase(TestCaseExecutor.java:307)
	at com.kms.katalon.core.main.TestCaseExecutor.accessMainPhase(TestCaseExecutor.java:299)
	at com.kms.katalon.core.main.TestCaseExecutor.execute(TestCaseExecutor.java:233)
	at com.kms.katalon.core.main.TestSuiteExecutor.accessTestCaseMainPhase(TestSuiteExecutor.java:169)
	at com.kms.katalon.core.main.TestSuiteExecutor.accessTestSuiteMainPhase(TestSuiteExecutor.java:142)
	at com.kms.katalon.core.main.TestSuiteExecutor.execute(TestSuiteExecutor.java:91)
	at com.kms.katalon.core.main.TestCaseMain.startTestSuite(TestCaseMain.java:157)
	at com.kms.katalon.core.main.TestCaseMain$startTestSuite$0.call(Unknown Source)
	at TempTestSuite1577543522490.run(TempTestSuite1577543522490.groovy:36)
Caused by: com.kms.katalon.core.webui.exception.WebElementNotFoundException: Web element with id: 'Object Repository/3_Edit_Channel/Edit_Channel_Header/Page_CS420 - Bumblebee Mattermost/span_CS420_channelHeaderDropdownIcon' located by 'By.xpath: //span[@id='channelHeaderDropdownIcon']' not found
	at com.kms.katalon.core.webui.common.WebUiCommonHelper.findWebElement(WebUiCommonHelper.java:1154)
	at com.kms.katalon.core.webui.keyword.internal.WebUIAbstractKeyword.findWebElement(WebUIAbstractKeyword.groovy:27)
	at com.kms.katalon.core.webui.keyword.internal.WebUIAbstractKeyword.findWebElement(WebUIAbstractKeyword.groovy:26)
	at com.kms.katalon.core.webui.keyword.builtin.ClickKeyword$_click_closure1.doCall(ClickKeyword.groovy:67)
	at com.kms.katalon.core.webui.keyword.builtin.ClickKeyword$_click_closure1.call(ClickKeyword.groovy)
	at com.kms.katalon.core.webui.keyword.internal.WebUIKeywordMain.runKeyword(WebUIKeywordMain.groovy:20)
	... 19 more
"/>
         <system-out><![CDATA[2019-12-28 21:44:19 - [TEST_CASE][FAILED] - Test Cases/3_Edit_Channel/Edit_Channel_Header: Test Cases/3_Edit_Channel/Edit_Channel_Header FAILED.
Reason:
com.kms.katalon.core.exception.StepFailedException: Unable to click on object 'Object Repository/3_Edit_Channel/Edit_Channel_Header/Page_CS420 - Bumblebee Mattermost/span_CS420_channelHeaderDropdownIcon'
	at com.kms.katalon.core.webui.keyword.internal.WebUIKeywordMain.stepFailed(WebUIKeywordMain.groovy:64)
	at com.kms.katalon.core.webui.keyword.internal.WebUIKeywordMain.runKeyword(WebUIKeywordMain.groovy:26)
	at com.kms.katalon.core.webui.keyword.builtin.ClickKeyword.click(ClickKeyword.groovy:102)
	at com.kms.katalon.core.webui.keyword.builtin.ClickKeyword.execute(ClickKeyword.groovy:43)
	at com.kms.katalon.core.keyword.internal.KeywordExecutor.executeKeywordForPlatform(KeywordExecutor.groovy:72)
	at com.kms.katalon.core.webui.keyword.WebUiBuiltInKeywords.click(WebUiBuiltInKeywords.groovy:616)
	at com.kms.katalon.core.webui.keyword.WebUiBuiltInKeywords$click$1.call(Unknown Source)
	at Edit_Channel_Header.run(Edit_Channel_Header:23)
	at com.kms.katalon.core.main.ScriptEngine.run(ScriptEngine.java:194)
	at com.kms.katalon.core.main.ScriptEngine.runScriptAsRawText(ScriptEngine.java:119)
	at com.kms.katalon.core.main.TestCaseExecutor.runScript(TestCaseExecutor.java:337)
	at com.kms.katalon.core.main.TestCaseExecutor.doExecute(TestCaseExecutor.java:328)
	at com.kms.katalon.core.main.TestCaseExecutor.processExecutionPhase(TestCaseExecutor.java:307)
	at com.kms.katalon.core.main.TestCaseExecutor.accessMainPhase(TestCaseExecutor.java:299)
	at com.kms.katalon.core.main.TestCaseExecutor.execute(TestCaseExecutor.java:233)
	at com.kms.katalon.core.main.TestSuiteExecutor.accessTestCaseMainPhase(TestSuiteExecutor.java:169)
	at com.kms.katalon.core.main.TestSuiteExecutor.accessTestSuiteMainPhase(TestSuiteExecutor.java:142)
	at com.kms.katalon.core.main.TestSuiteExecutor.execute(TestSuiteExecutor.java:91)
	at com.kms.katalon.core.main.TestCaseMain.startTestSuite(TestCaseMain.java:157)
	at com.kms.katalon.core.main.TestCaseMain$startTestSuite$0.call(Unknown Source)
	at TempTestSuite1577543522490.run(TempTestSuite1577543522490.groovy:36)
Caused by: com.kms.katalon.core.webui.exception.WebElementNotFoundException: Web element with id: 'Object Repository/3_Edit_Channel/Edit_Channel_Header/Page_CS420 - Bumblebee Mattermost/span_CS420_channelHeaderDropdownIcon' located by 'By.xpath: //span[@id='channelHeaderDropdownIcon']' not found
	at com.kms.katalon.core.webui.common.WebUiCommonHelper.findWebElement(WebUiCommonHelper.java:1154)
	at com.kms.katalon.core.webui.keyword.internal.WebUIAbstractKeyword.findWebElement(WebUIAbstractKeyword.groovy:27)
	at com.kms.katalon.core.webui.keyword.internal.WebUIAbstractKeyword.findWebElement(WebUIAbstractKeyword.groovy:26)
	at com.kms.katalon.core.webui.keyword.builtin.ClickKeyword$_click_closure1.doCall(ClickKeyword.groovy:67)
	at com.kms.katalon.core.webui.keyword.builtin.ClickKeyword$_click_closure1.call(ClickKeyword.groovy)
	at com.kms.katalon.core.webui.keyword.internal.WebUIKeywordMain.runKeyword(WebUIKeywordMain.groovy:20)
	... 19 more


2019-12-28 21:44:19 - [TEST_STEP][PASSED] - openBrowser(""): Browser is opened with url: ''

2019-12-28 21:44:19 - [MESSAGE][PASSED] - Browser is opened with url: ''

2019-12-28 21:44:19 - [TEST_STEP][PASSED] - navigateToUrl("http://localhost:8065/"): Navigate to 'http://localhost:8065/' successfully

2019-12-28 21:44:20 - [MESSAGE][PASSED] - Navigate to 'http://localhost:8065/' successfully

2019-12-28 21:44:20 - [TEST_STEP][FAILED] - click(findTestObject("Object Repository/3_Edit_Channel/Edit_Channel_Header/Page_CS420 - Bumblebee Mattermost/span_CS420_channelHeaderDropdownIcon")): Unable to click on object 'Object Repository/3_Edit_Channel/Edit_Channel_Header/Page_CS420 - Bumblebee Mattermost/span_CS420_channelHeaderDropdownIcon' (Root cause: com.kms.katalon.core.exception.StepFailedException: Unable to click on object 'Object Repository/3_Edit_Channel/Edit_Channel_Header/Page_CS420 - Bumblebee Mattermost/span_CS420_channelHeaderDropdownIcon'
	at com.kms.katalon.core.webui.keyword.internal.WebUIKeywordMain.stepFailed(WebUIKeywordMain.groovy:64)
	at com.kms.katalon.core.webui.keyword.internal.WebUIKeywordMain.runKeyword(WebUIKeywordMain.groovy:26)
	at com.kms.katalon.core.webui.keyword.builtin.ClickKeyword.click(ClickKeyword.groovy:102)
	at com.kms.katalon.core.webui.keyword.builtin.ClickKeyword.execute(ClickKeyword.groovy:43)
	at com.kms.katalon.core.keyword.internal.KeywordExecutor.executeKeywordForPlatform(KeywordExecutor.groovy:72)
	at com.kms.katalon.core.webui.keyword.WebUiBuiltInKeywords.click(WebUiBuiltInKeywords.groovy:616)
	at com.kms.katalon.core.webui.keyword.WebUiBuiltInKeywords$click$1.call(Unknown Source)
	at Edit_Channel_Header.run(Edit_Channel_Header:23)
	at com.kms.katalon.core.main.ScriptEngine.run(ScriptEngine.java:194)
	at com.kms.katalon.core.main.ScriptEngine.runScriptAsRawText(ScriptEngine.java:119)
	at com.kms.katalon.core.main.TestCaseExecutor.runScript(TestCaseExecutor.java:337)
	at com.kms.katalon.core.main.TestCaseExecutor.doExecute(TestCaseExecutor.java:328)
	at com.kms.katalon.core.main.TestCaseExecutor.processExecutionPhase(TestCaseExecutor.java:307)
	at com.kms.katalon.core.main.TestCaseExecutor.accessMainPhase(TestCaseExecutor.java:299)
	at com.kms.katalon.core.main.TestCaseExecutor.execute(TestCaseExecutor.java:233)
	at com.kms.katalon.core.main.TestSuiteExecutor.accessTestCaseMainPhase(TestSuiteExecutor.java:169)
	at com.kms.katalon.core.main.TestSuiteExecutor.accessTestSuiteMainPhase(TestSuiteExecutor.java:142)
	at com.kms.katalon.core.main.TestSuiteExecutor.execute(TestSuiteExecutor.java:91)
	at com.kms.katalon.core.main.TestCaseMain.startTestSuite(TestCaseMain.java:157)
	at com.kms.katalon.core.main.TestCaseMain$startTestSuite$0.call(Unknown Source)
	at TempTestSuite1577543522490.run(TempTestSuite1577543522490.groovy:36)
Caused by: com.kms.katalon.core.webui.exception.WebElementNotFoundException: Web element with id: 'Object Repository/3_Edit_Channel/Edit_Channel_Header/Page_CS420 - Bumblebee Mattermost/span_CS420_channelHeaderDropdownIcon' located by 'By.xpath: //span[@id='channelHeaderDropdownIcon']' not found
	at com.kms.katalon.core.webui.common.WebUiCommonHelper.findWebElement(WebUiCommonHelper.java:1154)
	at com.kms.katalon.core.webui.keyword.internal.WebUIAbstractKeyword.findWebElement(WebUIAbstractKeyword.groovy:27)
	at com.kms.katalon.core.webui.keyword.internal.WebUIAbstractKeyword.findWebElement(WebUIAbstractKeyword.groovy:26)
	at com.kms.katalon.core.webui.keyword.builtin.ClickKeyword$_click_closure1.doCall(ClickKeyword.groovy:67)
	at com.kms.katalon.core.webui.keyword.builtin.ClickKeyword$_click_closure1.call(ClickKeyword.groovy)
	at com.kms.katalon.core.webui.keyword.internal.WebUIKeywordMain.runKeyword(WebUIKeywordMain.groovy:20)
	at com.kms.katalon.core.webui.keyword.builtin.ClickKeyword.click(ClickKeyword.groovy:102)
	at com.kms.katalon.core.webui.keyword.builtin.ClickKeyword.execute(ClickKeyword.groovy:43)
	at com.kms.katalon.core.keyword.internal.KeywordExecutor.executeKeywordForPlatform(KeywordExecutor.groovy:72)
	at com.kms.katalon.core.webui.keyword.WebUiBuiltInKeywords.click(WebUiBuiltInKeywords.groovy:616)
	at com.kms.katalon.core.webui.keyword.WebUiBuiltInKeywords$click$1.call(Unknown Source)
	at Script1576846095408.run(Script1576846095408.groovy:23)
	... 13 more
)

2019-12-28 21:45:03 - [MESSAGE][INFO] - Unable to find the element located by 'By.xpath: //span[@id='channelHeaderDropdownIcon']'. Please recheck the objects properties to make sure the desired element is located. 

2019-12-28 21:45:03 - [MESSAGE][INFO] - [SMART_XPATH] Auto-trying out other XPath values in the test object.

2019-12-28 21:45:03 - [MESSAGE][INFO] - [SMART_XPATH] FAILED XPATH: '//span[@id='channelHeaderDropdownIcon']'.

2019-12-28 21:45:03 - [MESSAGE][INFO] - [SMART_XPATH] FAILED XPATH: '//div[@id='channelHeaderDropdownButton']/button/span'.

2019-12-28 21:45:03 - [MESSAGE][INFO] - [SMART_XPATH] FAILED XPATH: '//div[2]/div/div/div/div/div/div/div/button/span'.

2019-12-28 21:45:03 - [MESSAGE][INFO] - [SMART_XPATH] No working XPath is found.

2019-12-28 21:45:03 - [MESSAGE][FAILED] - Unable to click on object 'Object Repository/3_Edit_Channel/Edit_Channel_Header/Page_CS420 - Bumblebee Mattermost/span_CS420_channelHeaderDropdownIcon' (Root cause: com.kms.katalon.core.exception.StepFailedException: Unable to click on object 'Object Repository/3_Edit_Channel/Edit_Channel_Header/Page_CS420 - Bumblebee Mattermost/span_CS420_channelHeaderDropdownIcon'
	at com.kms.katalon.core.webui.keyword.internal.WebUIKeywordMain.stepFailed(WebUIKeywordMain.groovy:64)
	at com.kms.katalon.core.webui.keyword.internal.WebUIKeywordMain.runKeyword(WebUIKeywordMain.groovy:26)
	at com.kms.katalon.core.webui.keyword.builtin.ClickKeyword.click(ClickKeyword.groovy:102)
	at com.kms.katalon.core.webui.keyword.builtin.ClickKeyword.execute(ClickKeyword.groovy:43)
	at com.kms.katalon.core.keyword.internal.KeywordExecutor.executeKeywordForPlatform(KeywordExecutor.groovy:72)
	at com.kms.katalon.core.webui.keyword.WebUiBuiltInKeywords.click(WebUiBuiltInKeywords.groovy:616)
	at com.kms.katalon.core.webui.keyword.WebUiBuiltInKeywords$click$1.call(Unknown Source)
	at Edit_Channel_Header.run(Edit_Channel_Header:23)
	at com.kms.katalon.core.main.ScriptEngine.run(ScriptEngine.java:194)
	at com.kms.katalon.core.main.ScriptEngine.runScriptAsRawText(ScriptEngine.java:119)
	at com.kms.katalon.core.main.TestCaseExecutor.runScript(TestCaseExecutor.java:337)
	at com.kms.katalon.core.main.TestCaseExecutor.doExecute(TestCaseExecutor.java:328)
	at com.kms.katalon.core.main.TestCaseExecutor.processExecutionPhase(TestCaseExecutor.java:307)
	at com.kms.katalon.core.main.TestCaseExecutor.accessMainPhase(TestCaseExecutor.java:299)
	at com.kms.katalon.core.main.TestCaseExecutor.execute(TestCaseExecutor.java:233)
	at com.kms.katalon.core.main.TestSuiteExecutor.accessTestCaseMainPhase(TestSuiteExecutor.java:169)
	at com.kms.katalon.core.main.TestSuiteExecutor.accessTestSuiteMainPhase(TestSuiteExecutor.java:142)
	at com.kms.katalon.core.main.TestSuiteExecutor.execute(TestSuiteExecutor.java:91)
	at com.kms.katalon.core.main.TestCaseMain.startTestSuite(TestCaseMain.java:157)
	at com.kms.katalon.core.main.TestCaseMain$startTestSuite$0.call(Unknown Source)
	at TempTestSuite1577543522490.run(TempTestSuite1577543522490.groovy:36)
Caused by: com.kms.katalon.core.webui.exception.WebElementNotFoundException: Web element with id: 'Object Repository/3_Edit_Channel/Edit_Channel_Header/Page_CS420 - Bumblebee Mattermost/span_CS420_channelHeaderDropdownIcon' located by 'By.xpath: //span[@id='channelHeaderDropdownIcon']' not found
	at com.kms.katalon.core.webui.common.WebUiCommonHelper.findWebElement(WebUiCommonHelper.java:1154)
	at com.kms.katalon.core.webui.keyword.internal.WebUIAbstractKeyword.findWebElement(WebUIAbstractKeyword.groovy:27)
	at com.kms.katalon.core.webui.keyword.internal.WebUIAbstractKeyword.findWebElement(WebUIAbstractKeyword.groovy:26)
	at com.kms.katalon.core.webui.keyword.builtin.ClickKeyword$_click_closure1.doCall(ClickKeyword.groovy:67)
	at com.kms.katalon.core.webui.keyword.builtin.ClickKeyword$_click_closure1.call(ClickKeyword.groovy)
	at com.kms.katalon.core.webui.keyword.internal.WebUIKeywordMain.runKeyword(WebUIKeywordMain.groovy:20)
	at com.kms.katalon.core.webui.keyword.builtin.ClickKeyword.click(ClickKeyword.groovy:102)
	at com.kms.katalon.core.webui.keyword.builtin.ClickKeyword.execute(ClickKeyword.groovy:43)
	at com.kms.katalon.core.keyword.internal.KeywordExecutor.executeKeywordForPlatform(KeywordExecutor.groovy:72)
	at com.kms.katalon.core.webui.keyword.WebUiBuiltInKeywords.click(WebUiBuiltInKeywords.groovy:616)
	at com.kms.katalon.core.webui.keyword.WebUiBuiltInKeywords$click$1.call(Unknown Source)
	at Script1576846095408.run(Script1576846095408.groovy:23)
	... 13 more
)
[[ATTACHMENT|/Users/nguyentri/Desktop/Learn/SoftwareEngineer/mattermost-duo-test/Reports/20191228_213202/Run_all_test_cases/20191228_213202/1577544303837.png]]]]></system-out>
         <system-err><![CDATA[2019-12-28 21:44:19 - [TEST_CASE][FAILED] - Test Cases/3_Edit_Channel/Edit_Channel_Header: Test Cases/3_Edit_Channel/Edit_Channel_Header FAILED.
Reason:
com.kms.katalon.core.exception.StepFailedException: Unable to click on object 'Object Repository/3_Edit_Channel/Edit_Channel_Header/Page_CS420 - Bumblebee Mattermost/span_CS420_channelHeaderDropdownIcon'
	at com.kms.katalon.core.webui.keyword.internal.WebUIKeywordMain.stepFailed(WebUIKeywordMain.groovy:64)
	at com.kms.katalon.core.webui.keyword.internal.WebUIKeywordMain.runKeyword(WebUIKeywordMain.groovy:26)
	at com.kms.katalon.core.webui.keyword.builtin.ClickKeyword.click(ClickKeyword.groovy:102)
	at com.kms.katalon.core.webui.keyword.builtin.ClickKeyword.execute(ClickKeyword.groovy:43)
	at com.kms.katalon.core.keyword.internal.KeywordExecutor.executeKeywordForPlatform(KeywordExecutor.groovy:72)
	at com.kms.katalon.core.webui.keyword.WebUiBuiltInKeywords.click(WebUiBuiltInKeywords.groovy:616)
	at com.kms.katalon.core.webui.keyword.WebUiBuiltInKeywords$click$1.call(Unknown Source)
	at Edit_Channel_Header.run(Edit_Channel_Header:23)
	at com.kms.katalon.core.main.ScriptEngine.run(ScriptEngine.java:194)
	at com.kms.katalon.core.main.ScriptEngine.runScriptAsRawText(ScriptEngine.java:119)
	at com.kms.katalon.core.main.TestCaseExecutor.runScript(TestCaseExecutor.java:337)
	at com.kms.katalon.core.main.TestCaseExecutor.doExecute(TestCaseExecutor.java:328)
	at com.kms.katalon.core.main.TestCaseExecutor.processExecutionPhase(TestCaseExecutor.java:307)
	at com.kms.katalon.core.main.TestCaseExecutor.accessMainPhase(TestCaseExecutor.java:299)
	at com.kms.katalon.core.main.TestCaseExecutor.execute(TestCaseExecutor.java:233)
	at com.kms.katalon.core.main.TestSuiteExecutor.accessTestCaseMainPhase(TestSuiteExecutor.java:169)
	at com.kms.katalon.core.main.TestSuiteExecutor.accessTestSuiteMainPhase(TestSuiteExecutor.java:142)
	at com.kms.katalon.core.main.TestSuiteExecutor.execute(TestSuiteExecutor.java:91)
	at com.kms.katalon.core.main.TestCaseMain.startTestSuite(TestCaseMain.java:157)
	at com.kms.katalon.core.main.TestCaseMain$startTestSuite$0.call(Unknown Source)
	at TempTestSuite1577543522490.run(TempTestSuite1577543522490.groovy:36)
Caused by: com.kms.katalon.core.webui.exception.WebElementNotFoundException: Web element with id: 'Object Repository/3_Edit_Channel/Edit_Channel_Header/Page_CS420 - Bumblebee Mattermost/span_CS420_channelHeaderDropdownIcon' located by 'By.xpath: //span[@id='channelHeaderDropdownIcon']' not found
	at com.kms.katalon.core.webui.common.WebUiCommonHelper.findWebElement(WebUiCommonHelper.java:1154)
	at com.kms.katalon.core.webui.keyword.internal.WebUIAbstractKeyword.findWebElement(WebUIAbstractKeyword.groovy:27)
	at com.kms.katalon.core.webui.keyword.internal.WebUIAbstractKeyword.findWebElement(WebUIAbstractKeyword.groovy:26)
	at com.kms.katalon.core.webui.keyword.builtin.ClickKeyword$_click_closure1.doCall(ClickKeyword.groovy:67)
	at com.kms.katalon.core.webui.keyword.builtin.ClickKeyword$_click_closure1.call(ClickKeyword.groovy)
	at com.kms.katalon.core.webui.keyword.internal.WebUIKeywordMain.runKeyword(WebUIKeywordMain.groovy:20)
	... 19 more]]></system-err>
      </testcase>
      <testcase name="Test Cases/3_Edit_Channel/Edit_Channel_Purpose" time="46.751" classname="Test Cases/3_Edit_Channel/Edit_Channel_Purpose" status="FAILED">
         <failure type="FAILED" message="Test Cases/3_Edit_Channel/Edit_Channel_Purpose FAILED.
Reason:
com.kms.katalon.core.exception.StepFailedException: Unable to click on object 'Object Repository/3_Edit_Channel/Edit_Channel_Purpose/Page_CS420 - Bumblebee Mattermost/span_CS420_channelHeaderDropdownIcon'
	at com.kms.katalon.core.webui.keyword.internal.WebUIKeywordMain.stepFailed(WebUIKeywordMain.groovy:64)
	at com.kms.katalon.core.webui.keyword.internal.WebUIKeywordMain.runKeyword(WebUIKeywordMain.groovy:26)
	at com.kms.katalon.core.webui.keyword.builtin.ClickKeyword.click(ClickKeyword.groovy:102)
	at com.kms.katalon.core.webui.keyword.builtin.ClickKeyword.execute(ClickKeyword.groovy:43)
	at com.kms.katalon.core.keyword.internal.KeywordExecutor.executeKeywordForPlatform(KeywordExecutor.groovy:72)
	at com.kms.katalon.core.webui.keyword.WebUiBuiltInKeywords.click(WebUiBuiltInKeywords.groovy:616)
	at com.kms.katalon.core.webui.keyword.WebUiBuiltInKeywords$click$1.call(Unknown Source)
	at Edit_Channel_Purpose.run(Edit_Channel_Purpose:23)
	at com.kms.katalon.core.main.ScriptEngine.run(ScriptEngine.java:194)
	at com.kms.katalon.core.main.ScriptEngine.runScriptAsRawText(ScriptEngine.java:119)
	at com.kms.katalon.core.main.TestCaseExecutor.runScript(TestCaseExecutor.java:337)
	at com.kms.katalon.core.main.TestCaseExecutor.doExecute(TestCaseExecutor.java:328)
	at com.kms.katalon.core.main.TestCaseExecutor.processExecutionPhase(TestCaseExecutor.java:307)
	at com.kms.katalon.core.main.TestCaseExecutor.accessMainPhase(TestCaseExecutor.java:299)
	at com.kms.katalon.core.main.TestCaseExecutor.execute(TestCaseExecutor.java:233)
	at com.kms.katalon.core.main.TestSuiteExecutor.accessTestCaseMainPhase(TestSuiteExecutor.java:169)
	at com.kms.katalon.core.main.TestSuiteExecutor.accessTestSuiteMainPhase(TestSuiteExecutor.java:142)
	at com.kms.katalon.core.main.TestSuiteExecutor.execute(TestSuiteExecutor.java:91)
	at com.kms.katalon.core.main.TestCaseMain.startTestSuite(TestCaseMain.java:157)
	at com.kms.katalon.core.main.TestCaseMain$startTestSuite$0.call(Unknown Source)
	at TempTestSuite1577543522490.run(TempTestSuite1577543522490.groovy:36)
Caused by: com.kms.katalon.core.webui.exception.WebElementNotFoundException: Web element with id: 'Object Repository/3_Edit_Channel/Edit_Channel_Purpose/Page_CS420 - Bumblebee Mattermost/span_CS420_channelHeaderDropdownIcon' located by 'By.xpath: //span[@id='channelHeaderDropdownIcon']' not found
	at com.kms.katalon.core.webui.common.WebUiCommonHelper.findWebElement(WebUiCommonHelper.java:1154)
	at com.kms.katalon.core.webui.keyword.internal.WebUIAbstractKeyword.findWebElement(WebUIAbstractKeyword.groovy:27)
	at com.kms.katalon.core.webui.keyword.internal.WebUIAbstractKeyword.findWebElement(WebUIAbstractKeyword.groovy:26)
	at com.kms.katalon.core.webui.keyword.builtin.ClickKeyword$_click_closure1.doCall(ClickKeyword.groovy:67)
	at com.kms.katalon.core.webui.keyword.builtin.ClickKeyword$_click_closure1.call(ClickKeyword.groovy)
	at com.kms.katalon.core.webui.keyword.internal.WebUIKeywordMain.runKeyword(WebUIKeywordMain.groovy:20)
	... 19 more
"/>
         <system-out><![CDATA[2019-12-28 21:45:04 - [TEST_CASE][FAILED] - Test Cases/3_Edit_Channel/Edit_Channel_Purpose: Test Cases/3_Edit_Channel/Edit_Channel_Purpose FAILED.
Reason:
com.kms.katalon.core.exception.StepFailedException: Unable to click on object 'Object Repository/3_Edit_Channel/Edit_Channel_Purpose/Page_CS420 - Bumblebee Mattermost/span_CS420_channelHeaderDropdownIcon'
	at com.kms.katalon.core.webui.keyword.internal.WebUIKeywordMain.stepFailed(WebUIKeywordMain.groovy:64)
	at com.kms.katalon.core.webui.keyword.internal.WebUIKeywordMain.runKeyword(WebUIKeywordMain.groovy:26)
	at com.kms.katalon.core.webui.keyword.builtin.ClickKeyword.click(ClickKeyword.groovy:102)
	at com.kms.katalon.core.webui.keyword.builtin.ClickKeyword.execute(ClickKeyword.groovy:43)
	at com.kms.katalon.core.keyword.internal.KeywordExecutor.executeKeywordForPlatform(KeywordExecutor.groovy:72)
	at com.kms.katalon.core.webui.keyword.WebUiBuiltInKeywords.click(WebUiBuiltInKeywords.groovy:616)
	at com.kms.katalon.core.webui.keyword.WebUiBuiltInKeywords$click$1.call(Unknown Source)
	at Edit_Channel_Purpose.run(Edit_Channel_Purpose:23)
	at com.kms.katalon.core.main.ScriptEngine.run(ScriptEngine.java:194)
	at com.kms.katalon.core.main.ScriptEngine.runScriptAsRawText(ScriptEngine.java:119)
	at com.kms.katalon.core.main.TestCaseExecutor.runScript(TestCaseExecutor.java:337)
	at com.kms.katalon.core.main.TestCaseExecutor.doExecute(TestCaseExecutor.java:328)
	at com.kms.katalon.core.main.TestCaseExecutor.processExecutionPhase(TestCaseExecutor.java:307)
	at com.kms.katalon.core.main.TestCaseExecutor.accessMainPhase(TestCaseExecutor.java:299)
	at com.kms.katalon.core.main.TestCaseExecutor.execute(TestCaseExecutor.java:233)
	at com.kms.katalon.core.main.TestSuiteExecutor.accessTestCaseMainPhase(TestSuiteExecutor.java:169)
	at com.kms.katalon.core.main.TestSuiteExecutor.accessTestSuiteMainPhase(TestSuiteExecutor.java:142)
	at com.kms.katalon.core.main.TestSuiteExecutor.execute(TestSuiteExecutor.java:91)
	at com.kms.katalon.core.main.TestCaseMain.startTestSuite(TestCaseMain.java:157)
	at com.kms.katalon.core.main.TestCaseMain$startTestSuite$0.call(Unknown Source)
	at TempTestSuite1577543522490.run(TempTestSuite1577543522490.groovy:36)
Caused by: com.kms.katalon.core.webui.exception.WebElementNotFoundException: Web element with id: 'Object Repository/3_Edit_Channel/Edit_Channel_Purpose/Page_CS420 - Bumblebee Mattermost/span_CS420_channelHeaderDropdownIcon' located by 'By.xpath: //span[@id='channelHeaderDropdownIcon']' not found
	at com.kms.katalon.core.webui.common.WebUiCommonHelper.findWebElement(WebUiCommonHelper.java:1154)
	at com.kms.katalon.core.webui.keyword.internal.WebUIAbstractKeyword.findWebElement(WebUIAbstractKeyword.groovy:27)
	at com.kms.katalon.core.webui.keyword.internal.WebUIAbstractKeyword.findWebElement(WebUIAbstractKeyword.groovy:26)
	at com.kms.katalon.core.webui.keyword.builtin.ClickKeyword$_click_closure1.doCall(ClickKeyword.groovy:67)
	at com.kms.katalon.core.webui.keyword.builtin.ClickKeyword$_click_closure1.call(ClickKeyword.groovy)
	at com.kms.katalon.core.webui.keyword.internal.WebUIKeywordMain.runKeyword(WebUIKeywordMain.groovy:20)
	... 19 more


2019-12-28 21:45:05 - [TEST_STEP][PASSED] - openBrowser(""): Browser is opened with url: ''

2019-12-28 21:45:05 - [MESSAGE][PASSED] - Browser is opened with url: ''

2019-12-28 21:45:05 - [TEST_STEP][PASSED] - navigateToUrl("http://localhost:8065/"): Navigate to 'http://localhost:8065/' successfully

2019-12-28 21:45:05 - [MESSAGE][PASSED] - Navigate to 'http://localhost:8065/' successfully

2019-12-28 21:45:05 - [TEST_STEP][FAILED] - click(findTestObject("Object Repository/3_Edit_Channel/Edit_Channel_Purpose/Page_CS420 - Bumblebee Mattermost/span_CS420_channelHeaderDropdownIcon")): Unable to click on object 'Object Repository/3_Edit_Channel/Edit_Channel_Purpose/Page_CS420 - Bumblebee Mattermost/span_CS420_channelHeaderDropdownIcon' (Root cause: com.kms.katalon.core.exception.StepFailedException: Unable to click on object 'Object Repository/3_Edit_Channel/Edit_Channel_Purpose/Page_CS420 - Bumblebee Mattermost/span_CS420_channelHeaderDropdownIcon'
	at com.kms.katalon.core.webui.keyword.internal.WebUIKeywordMain.stepFailed(WebUIKeywordMain.groovy:64)
	at com.kms.katalon.core.webui.keyword.internal.WebUIKeywordMain.runKeyword(WebUIKeywordMain.groovy:26)
	at com.kms.katalon.core.webui.keyword.builtin.ClickKeyword.click(ClickKeyword.groovy:102)
	at com.kms.katalon.core.webui.keyword.builtin.ClickKeyword.execute(ClickKeyword.groovy:43)
	at com.kms.katalon.core.keyword.internal.KeywordExecutor.executeKeywordForPlatform(KeywordExecutor.groovy:72)
	at com.kms.katalon.core.webui.keyword.WebUiBuiltInKeywords.click(WebUiBuiltInKeywords.groovy:616)
	at com.kms.katalon.core.webui.keyword.WebUiBuiltInKeywords$click$1.call(Unknown Source)
	at Edit_Channel_Purpose.run(Edit_Channel_Purpose:23)
	at com.kms.katalon.core.main.ScriptEngine.run(ScriptEngine.java:194)
	at com.kms.katalon.core.main.ScriptEngine.runScriptAsRawText(ScriptEngine.java:119)
	at com.kms.katalon.core.main.TestCaseExecutor.runScript(TestCaseExecutor.java:337)
	at com.kms.katalon.core.main.TestCaseExecutor.doExecute(TestCaseExecutor.java:328)
	at com.kms.katalon.core.main.TestCaseExecutor.processExecutionPhase(TestCaseExecutor.java:307)
	at com.kms.katalon.core.main.TestCaseExecutor.accessMainPhase(TestCaseExecutor.java:299)
	at com.kms.katalon.core.main.TestCaseExecutor.execute(TestCaseExecutor.java:233)
	at com.kms.katalon.core.main.TestSuiteExecutor.accessTestCaseMainPhase(TestSuiteExecutor.java:169)
	at com.kms.katalon.core.main.TestSuiteExecutor.accessTestSuiteMainPhase(TestSuiteExecutor.java:142)
	at com.kms.katalon.core.main.TestSuiteExecutor.execute(TestSuiteExecutor.java:91)
	at com.kms.katalon.core.main.TestCaseMain.startTestSuite(TestCaseMain.java:157)
	at com.kms.katalon.core.main.TestCaseMain$startTestSuite$0.call(Unknown Source)
	at TempTestSuite1577543522490.run(TempTestSuite1577543522490.groovy:36)
Caused by: com.kms.katalon.core.webui.exception.WebElementNotFoundException: Web element with id: 'Object Repository/3_Edit_Channel/Edit_Channel_Purpose/Page_CS420 - Bumblebee Mattermost/span_CS420_channelHeaderDropdownIcon' located by 'By.xpath: //span[@id='channelHeaderDropdownIcon']' not found
	at com.kms.katalon.core.webui.common.WebUiCommonHelper.findWebElement(WebUiCommonHelper.java:1154)
	at com.kms.katalon.core.webui.keyword.internal.WebUIAbstractKeyword.findWebElement(WebUIAbstractKeyword.groovy:27)
	at com.kms.katalon.core.webui.keyword.internal.WebUIAbstractKeyword.findWebElement(WebUIAbstractKeyword.groovy:26)
	at com.kms.katalon.core.webui.keyword.builtin.ClickKeyword$_click_closure1.doCall(ClickKeyword.groovy:67)
	at com.kms.katalon.core.webui.keyword.builtin.ClickKeyword$_click_closure1.call(ClickKeyword.groovy)
	at com.kms.katalon.core.webui.keyword.internal.WebUIKeywordMain.runKeyword(WebUIKeywordMain.groovy:20)
	at com.kms.katalon.core.webui.keyword.builtin.ClickKeyword.click(ClickKeyword.groovy:102)
	at com.kms.katalon.core.webui.keyword.builtin.ClickKeyword.execute(ClickKeyword.groovy:43)
	at com.kms.katalon.core.keyword.internal.KeywordExecutor.executeKeywordForPlatform(KeywordExecutor.groovy:72)
	at com.kms.katalon.core.webui.keyword.WebUiBuiltInKeywords.click(WebUiBuiltInKeywords.groovy:616)
	at com.kms.katalon.core.webui.keyword.WebUiBuiltInKeywords$click$1.call(Unknown Source)
	at Script1576846116110.run(Script1576846116110.groovy:23)
	... 13 more
)

2019-12-28 21:45:49 - [MESSAGE][INFO] - Unable to find the element located by 'By.xpath: //span[@id='channelHeaderDropdownIcon']'. Please recheck the objects properties to make sure the desired element is located. 

2019-12-28 21:45:49 - [MESSAGE][INFO] - [SMART_XPATH] Auto-trying out other XPath values in the test object.

2019-12-28 21:45:50 - [MESSAGE][INFO] - [SMART_XPATH] FAILED XPATH: '//span[@id='channelHeaderDropdownIcon']'.

2019-12-28 21:45:50 - [MESSAGE][INFO] - [SMART_XPATH] FAILED XPATH: '//div[@id='channelHeaderDropdownButton']/button/span'.

2019-12-28 21:45:50 - [MESSAGE][INFO] - [SMART_XPATH] FAILED XPATH: '//div[2]/div/div/div/div/div/div/div/button/span'.

2019-12-28 21:45:50 - [MESSAGE][INFO] - [SMART_XPATH] No working XPath is found.

2019-12-28 21:45:50 - [MESSAGE][FAILED] - Unable to click on object 'Object Repository/3_Edit_Channel/Edit_Channel_Purpose/Page_CS420 - Bumblebee Mattermost/span_CS420_channelHeaderDropdownIcon' (Root cause: com.kms.katalon.core.exception.StepFailedException: Unable to click on object 'Object Repository/3_Edit_Channel/Edit_Channel_Purpose/Page_CS420 - Bumblebee Mattermost/span_CS420_channelHeaderDropdownIcon'
	at com.kms.katalon.core.webui.keyword.internal.WebUIKeywordMain.stepFailed(WebUIKeywordMain.groovy:64)
	at com.kms.katalon.core.webui.keyword.internal.WebUIKeywordMain.runKeyword(WebUIKeywordMain.groovy:26)
	at com.kms.katalon.core.webui.keyword.builtin.ClickKeyword.click(ClickKeyword.groovy:102)
	at com.kms.katalon.core.webui.keyword.builtin.ClickKeyword.execute(ClickKeyword.groovy:43)
	at com.kms.katalon.core.keyword.internal.KeywordExecutor.executeKeywordForPlatform(KeywordExecutor.groovy:72)
	at com.kms.katalon.core.webui.keyword.WebUiBuiltInKeywords.click(WebUiBuiltInKeywords.groovy:616)
	at com.kms.katalon.core.webui.keyword.WebUiBuiltInKeywords$click$1.call(Unknown Source)
	at Edit_Channel_Purpose.run(Edit_Channel_Purpose:23)
	at com.kms.katalon.core.main.ScriptEngine.run(ScriptEngine.java:194)
	at com.kms.katalon.core.main.ScriptEngine.runScriptAsRawText(ScriptEngine.java:119)
	at com.kms.katalon.core.main.TestCaseExecutor.runScript(TestCaseExecutor.java:337)
	at com.kms.katalon.core.main.TestCaseExecutor.doExecute(TestCaseExecutor.java:328)
	at com.kms.katalon.core.main.TestCaseExecutor.processExecutionPhase(TestCaseExecutor.java:307)
	at com.kms.katalon.core.main.TestCaseExecutor.accessMainPhase(TestCaseExecutor.java:299)
	at com.kms.katalon.core.main.TestCaseExecutor.execute(TestCaseExecutor.java:233)
	at com.kms.katalon.core.main.TestSuiteExecutor.accessTestCaseMainPhase(TestSuiteExecutor.java:169)
	at com.kms.katalon.core.main.TestSuiteExecutor.accessTestSuiteMainPhase(TestSuiteExecutor.java:142)
	at com.kms.katalon.core.main.TestSuiteExecutor.execute(TestSuiteExecutor.java:91)
	at com.kms.katalon.core.main.TestCaseMain.startTestSuite(TestCaseMain.java:157)
	at com.kms.katalon.core.main.TestCaseMain$startTestSuite$0.call(Unknown Source)
	at TempTestSuite1577543522490.run(TempTestSuite1577543522490.groovy:36)
Caused by: com.kms.katalon.core.webui.exception.WebElementNotFoundException: Web element with id: 'Object Repository/3_Edit_Channel/Edit_Channel_Purpose/Page_CS420 - Bumblebee Mattermost/span_CS420_channelHeaderDropdownIcon' located by 'By.xpath: //span[@id='channelHeaderDropdownIcon']' not found
	at com.kms.katalon.core.webui.common.WebUiCommonHelper.findWebElement(WebUiCommonHelper.java:1154)
	at com.kms.katalon.core.webui.keyword.internal.WebUIAbstractKeyword.findWebElement(WebUIAbstractKeyword.groovy:27)
	at com.kms.katalon.core.webui.keyword.internal.WebUIAbstractKeyword.findWebElement(WebUIAbstractKeyword.groovy:26)
	at com.kms.katalon.core.webui.keyword.builtin.ClickKeyword$_click_closure1.doCall(ClickKeyword.groovy:67)
	at com.kms.katalon.core.webui.keyword.builtin.ClickKeyword$_click_closure1.call(ClickKeyword.groovy)
	at com.kms.katalon.core.webui.keyword.internal.WebUIKeywordMain.runKeyword(WebUIKeywordMain.groovy:20)
	at com.kms.katalon.core.webui.keyword.builtin.ClickKeyword.click(ClickKeyword.groovy:102)
	at com.kms.katalon.core.webui.keyword.builtin.ClickKeyword.execute(ClickKeyword.groovy:43)
	at com.kms.katalon.core.keyword.internal.KeywordExecutor.executeKeywordForPlatform(KeywordExecutor.groovy:72)
	at com.kms.katalon.core.webui.keyword.WebUiBuiltInKeywords.click(WebUiBuiltInKeywords.groovy:616)
	at com.kms.katalon.core.webui.keyword.WebUiBuiltInKeywords$click$1.call(Unknown Source)
	at Script1576846116110.run(Script1576846116110.groovy:23)
	... 13 more
)
[[ATTACHMENT|/Users/nguyentri/Desktop/Learn/SoftwareEngineer/mattermost-duo-test/Reports/20191228_213202/Run_all_test_cases/20191228_213202/1577544350594.png]]]]></system-out>
         <system-err><![CDATA[2019-12-28 21:45:04 - [TEST_CASE][FAILED] - Test Cases/3_Edit_Channel/Edit_Channel_Purpose: Test Cases/3_Edit_Channel/Edit_Channel_Purpose FAILED.
Reason:
com.kms.katalon.core.exception.StepFailedException: Unable to click on object 'Object Repository/3_Edit_Channel/Edit_Channel_Purpose/Page_CS420 - Bumblebee Mattermost/span_CS420_channelHeaderDropdownIcon'
	at com.kms.katalon.core.webui.keyword.internal.WebUIKeywordMain.stepFailed(WebUIKeywordMain.groovy:64)
	at com.kms.katalon.core.webui.keyword.internal.WebUIKeywordMain.runKeyword(WebUIKeywordMain.groovy:26)
	at com.kms.katalon.core.webui.keyword.builtin.ClickKeyword.click(ClickKeyword.groovy:102)
	at com.kms.katalon.core.webui.keyword.builtin.ClickKeyword.execute(ClickKeyword.groovy:43)
	at com.kms.katalon.core.keyword.internal.KeywordExecutor.executeKeywordForPlatform(KeywordExecutor.groovy:72)
	at com.kms.katalon.core.webui.keyword.WebUiBuiltInKeywords.click(WebUiBuiltInKeywords.groovy:616)
	at com.kms.katalon.core.webui.keyword.WebUiBuiltInKeywords$click$1.call(Unknown Source)
	at Edit_Channel_Purpose.run(Edit_Channel_Purpose:23)
	at com.kms.katalon.core.main.ScriptEngine.run(ScriptEngine.java:194)
	at com.kms.katalon.core.main.ScriptEngine.runScriptAsRawText(ScriptEngine.java:119)
	at com.kms.katalon.core.main.TestCaseExecutor.runScript(TestCaseExecutor.java:337)
	at com.kms.katalon.core.main.TestCaseExecutor.doExecute(TestCaseExecutor.java:328)
	at com.kms.katalon.core.main.TestCaseExecutor.processExecutionPhase(TestCaseExecutor.java:307)
	at com.kms.katalon.core.main.TestCaseExecutor.accessMainPhase(TestCaseExecutor.java:299)
	at com.kms.katalon.core.main.TestCaseExecutor.execute(TestCaseExecutor.java:233)
	at com.kms.katalon.core.main.TestSuiteExecutor.accessTestCaseMainPhase(TestSuiteExecutor.java:169)
	at com.kms.katalon.core.main.TestSuiteExecutor.accessTestSuiteMainPhase(TestSuiteExecutor.java:142)
	at com.kms.katalon.core.main.TestSuiteExecutor.execute(TestSuiteExecutor.java:91)
	at com.kms.katalon.core.main.TestCaseMain.startTestSuite(TestCaseMain.java:157)
	at com.kms.katalon.core.main.TestCaseMain$startTestSuite$0.call(Unknown Source)
	at TempTestSuite1577543522490.run(TempTestSuite1577543522490.groovy:36)
Caused by: com.kms.katalon.core.webui.exception.WebElementNotFoundException: Web element with id: 'Object Repository/3_Edit_Channel/Edit_Channel_Purpose/Page_CS420 - Bumblebee Mattermost/span_CS420_channelHeaderDropdownIcon' located by 'By.xpath: //span[@id='channelHeaderDropdownIcon']' not found
	at com.kms.katalon.core.webui.common.WebUiCommonHelper.findWebElement(WebUiCommonHelper.java:1154)
	at com.kms.katalon.core.webui.keyword.internal.WebUIAbstractKeyword.findWebElement(WebUIAbstractKeyword.groovy:27)
	at com.kms.katalon.core.webui.keyword.internal.WebUIAbstractKeyword.findWebElement(WebUIAbstractKeyword.groovy:26)
	at com.kms.katalon.core.webui.keyword.builtin.ClickKeyword$_click_closure1.doCall(ClickKeyword.groovy:67)
	at com.kms.katalon.core.webui.keyword.builtin.ClickKeyword$_click_closure1.call(ClickKeyword.groovy)
	at com.kms.katalon.core.webui.keyword.internal.WebUIKeywordMain.runKeyword(WebUIKeywordMain.groovy:20)
	... 19 more]]></system-err>
      </testcase>
      <testcase name="Test Cases/3_Edit_Channel/Rename_Channel" time="46.441" classname="Test Cases/3_Edit_Channel/Rename_Channel" status="FAILED">
         <failure type="FAILED" message="Test Cases/3_Edit_Channel/Rename_Channel FAILED.
Reason:
com.kms.katalon.core.exception.StepFailedException: Unable to click on object 'Object Repository/3_Edit_Channel/Rename_Channel/Page_CS420-bigproj - Bumblebee Mattermost/span_CS420-bigproj_channelHeaderDropdownIcon'
	at com.kms.katalon.core.webui.keyword.internal.WebUIKeywordMain.stepFailed(WebUIKeywordMain.groovy:64)
	at com.kms.katalon.core.webui.keyword.internal.WebUIKeywordMain.runKeyword(WebUIKeywordMain.groovy:26)
	at com.kms.katalon.core.webui.keyword.builtin.ClickKeyword.click(ClickKeyword.groovy:102)
	at com.kms.katalon.core.webui.keyword.builtin.ClickKeyword.execute(ClickKeyword.groovy:43)
	at com.kms.katalon.core.keyword.internal.KeywordExecutor.executeKeywordForPlatform(KeywordExecutor.groovy:72)
	at com.kms.katalon.core.webui.keyword.WebUiBuiltInKeywords.click(WebUiBuiltInKeywords.groovy:616)
	at com.kms.katalon.core.webui.keyword.WebUiBuiltInKeywords$click$1.call(Unknown Source)
	at Rename_Channel.run(Rename_Channel:23)
	at com.kms.katalon.core.main.ScriptEngine.run(ScriptEngine.java:194)
	at com.kms.katalon.core.main.ScriptEngine.runScriptAsRawText(ScriptEngine.java:119)
	at com.kms.katalon.core.main.TestCaseExecutor.runScript(TestCaseExecutor.java:337)
	at com.kms.katalon.core.main.TestCaseExecutor.doExecute(TestCaseExecutor.java:328)
	at com.kms.katalon.core.main.TestCaseExecutor.processExecutionPhase(TestCaseExecutor.java:307)
	at com.kms.katalon.core.main.TestCaseExecutor.accessMainPhase(TestCaseExecutor.java:299)
	at com.kms.katalon.core.main.TestCaseExecutor.execute(TestCaseExecutor.java:233)
	at com.kms.katalon.core.main.TestSuiteExecutor.accessTestCaseMainPhase(TestSuiteExecutor.java:169)
	at com.kms.katalon.core.main.TestSuiteExecutor.accessTestSuiteMainPhase(TestSuiteExecutor.java:142)
	at com.kms.katalon.core.main.TestSuiteExecutor.execute(TestSuiteExecutor.java:91)
	at com.kms.katalon.core.main.TestCaseMain.startTestSuite(TestCaseMain.java:157)
	at com.kms.katalon.core.main.TestCaseMain$startTestSuite$0.call(Unknown Source)
	at TempTestSuite1577543522490.run(TempTestSuite1577543522490.groovy:36)
Caused by: com.kms.katalon.core.webui.exception.WebElementNotFoundException: Web element with id: 'Object Repository/3_Edit_Channel/Rename_Channel/Page_CS420-bigproj - Bumblebee Mattermost/span_CS420-bigproj_channelHeaderDropdownIcon' located by 'By.xpath: //span[@id='channelHeaderDropdownIcon']' not found
	at com.kms.katalon.core.webui.common.WebUiCommonHelper.findWebElement(WebUiCommonHelper.java:1154)
	at com.kms.katalon.core.webui.keyword.internal.WebUIAbstractKeyword.findWebElement(WebUIAbstractKeyword.groovy:27)
	at com.kms.katalon.core.webui.keyword.internal.WebUIAbstractKeyword.findWebElement(WebUIAbstractKeyword.groovy:26)
	at com.kms.katalon.core.webui.keyword.builtin.ClickKeyword$_click_closure1.doCall(ClickKeyword.groovy:67)
	at com.kms.katalon.core.webui.keyword.builtin.ClickKeyword$_click_closure1.call(ClickKeyword.groovy)
	at com.kms.katalon.core.webui.keyword.internal.WebUIKeywordMain.runKeyword(WebUIKeywordMain.groovy:20)
	... 19 more
"/>
         <system-out><![CDATA[2019-12-28 21:45:50 - [TEST_CASE][FAILED] - Test Cases/3_Edit_Channel/Rename_Channel: Test Cases/3_Edit_Channel/Rename_Channel FAILED.
Reason:
com.kms.katalon.core.exception.StepFailedException: Unable to click on object 'Object Repository/3_Edit_Channel/Rename_Channel/Page_CS420-bigproj - Bumblebee Mattermost/span_CS420-bigproj_channelHeaderDropdownIcon'
	at com.kms.katalon.core.webui.keyword.internal.WebUIKeywordMain.stepFailed(WebUIKeywordMain.groovy:64)
	at com.kms.katalon.core.webui.keyword.internal.WebUIKeywordMain.runKeyword(WebUIKeywordMain.groovy:26)
	at com.kms.katalon.core.webui.keyword.builtin.ClickKeyword.click(ClickKeyword.groovy:102)
	at com.kms.katalon.core.webui.keyword.builtin.ClickKeyword.execute(ClickKeyword.groovy:43)
	at com.kms.katalon.core.keyword.internal.KeywordExecutor.executeKeywordForPlatform(KeywordExecutor.groovy:72)
	at com.kms.katalon.core.webui.keyword.WebUiBuiltInKeywords.click(WebUiBuiltInKeywords.groovy:616)
	at com.kms.katalon.core.webui.keyword.WebUiBuiltInKeywords$click$1.call(Unknown Source)
	at Rename_Channel.run(Rename_Channel:23)
	at com.kms.katalon.core.main.ScriptEngine.run(ScriptEngine.java:194)
	at com.kms.katalon.core.main.ScriptEngine.runScriptAsRawText(ScriptEngine.java:119)
	at com.kms.katalon.core.main.TestCaseExecutor.runScript(TestCaseExecutor.java:337)
	at com.kms.katalon.core.main.TestCaseExecutor.doExecute(TestCaseExecutor.java:328)
	at com.kms.katalon.core.main.TestCaseExecutor.processExecutionPhase(TestCaseExecutor.java:307)
	at com.kms.katalon.core.main.TestCaseExecutor.accessMainPhase(TestCaseExecutor.java:299)
	at com.kms.katalon.core.main.TestCaseExecutor.execute(TestCaseExecutor.java:233)
	at com.kms.katalon.core.main.TestSuiteExecutor.accessTestCaseMainPhase(TestSuiteExecutor.java:169)
	at com.kms.katalon.core.main.TestSuiteExecutor.accessTestSuiteMainPhase(TestSuiteExecutor.java:142)
	at com.kms.katalon.core.main.TestSuiteExecutor.execute(TestSuiteExecutor.java:91)
	at com.kms.katalon.core.main.TestCaseMain.startTestSuite(TestCaseMain.java:157)
	at com.kms.katalon.core.main.TestCaseMain$startTestSuite$0.call(Unknown Source)
	at TempTestSuite1577543522490.run(TempTestSuite1577543522490.groovy:36)
Caused by: com.kms.katalon.core.webui.exception.WebElementNotFoundException: Web element with id: 'Object Repository/3_Edit_Channel/Rename_Channel/Page_CS420-bigproj - Bumblebee Mattermost/span_CS420-bigproj_channelHeaderDropdownIcon' located by 'By.xpath: //span[@id='channelHeaderDropdownIcon']' not found
	at com.kms.katalon.core.webui.common.WebUiCommonHelper.findWebElement(WebUiCommonHelper.java:1154)
	at com.kms.katalon.core.webui.keyword.internal.WebUIAbstractKeyword.findWebElement(WebUIAbstractKeyword.groovy:27)
	at com.kms.katalon.core.webui.keyword.internal.WebUIAbstractKeyword.findWebElement(WebUIAbstractKeyword.groovy:26)
	at com.kms.katalon.core.webui.keyword.builtin.ClickKeyword$_click_closure1.doCall(ClickKeyword.groovy:67)
	at com.kms.katalon.core.webui.keyword.builtin.ClickKeyword$_click_closure1.call(ClickKeyword.groovy)
	at com.kms.katalon.core.webui.keyword.internal.WebUIKeywordMain.runKeyword(WebUIKeywordMain.groovy:20)
	... 19 more


2019-12-28 21:45:51 - [TEST_STEP][PASSED] - openBrowser(""): Browser is opened with url: ''

2019-12-28 21:45:51 - [MESSAGE][PASSED] - Browser is opened with url: ''

2019-12-28 21:45:51 - [TEST_STEP][PASSED] - navigateToUrl("http://localhost:8065/"): Navigate to 'http://localhost:8065/' successfully

2019-12-28 21:45:52 - [MESSAGE][PASSED] - Navigate to 'http://localhost:8065/' successfully

2019-12-28 21:45:52 - [TEST_STEP][FAILED] - click(findTestObject("3_Edit_Channel/Rename_Channel/Page_CS420-bigproj - Bumblebee Mattermost/span_CS420-bigproj_channelHeaderDropdownIcon")): Unable to click on object 'Object Repository/3_Edit_Channel/Rename_Channel/Page_CS420-bigproj - Bumblebee Mattermost/span_CS420-bigproj_channelHeaderDropdownIcon' (Root cause: com.kms.katalon.core.exception.StepFailedException: Unable to click on object 'Object Repository/3_Edit_Channel/Rename_Channel/Page_CS420-bigproj - Bumblebee Mattermost/span_CS420-bigproj_channelHeaderDropdownIcon'
	at com.kms.katalon.core.webui.keyword.internal.WebUIKeywordMain.stepFailed(WebUIKeywordMain.groovy:64)
	at com.kms.katalon.core.webui.keyword.internal.WebUIKeywordMain.runKeyword(WebUIKeywordMain.groovy:26)
	at com.kms.katalon.core.webui.keyword.builtin.ClickKeyword.click(ClickKeyword.groovy:102)
	at com.kms.katalon.core.webui.keyword.builtin.ClickKeyword.execute(ClickKeyword.groovy:43)
	at com.kms.katalon.core.keyword.internal.KeywordExecutor.executeKeywordForPlatform(KeywordExecutor.groovy:72)
	at com.kms.katalon.core.webui.keyword.WebUiBuiltInKeywords.click(WebUiBuiltInKeywords.groovy:616)
	at com.kms.katalon.core.webui.keyword.WebUiBuiltInKeywords$click$1.call(Unknown Source)
	at Rename_Channel.run(Rename_Channel:23)
	at com.kms.katalon.core.main.ScriptEngine.run(ScriptEngine.java:194)
	at com.kms.katalon.core.main.ScriptEngine.runScriptAsRawText(ScriptEngine.java:119)
	at com.kms.katalon.core.main.TestCaseExecutor.runScript(TestCaseExecutor.java:337)
	at com.kms.katalon.core.main.TestCaseExecutor.doExecute(TestCaseExecutor.java:328)
	at com.kms.katalon.core.main.TestCaseExecutor.processExecutionPhase(TestCaseExecutor.java:307)
	at com.kms.katalon.core.main.TestCaseExecutor.accessMainPhase(TestCaseExecutor.java:299)
	at com.kms.katalon.core.main.TestCaseExecutor.execute(TestCaseExecutor.java:233)
	at com.kms.katalon.core.main.TestSuiteExecutor.accessTestCaseMainPhase(TestSuiteExecutor.java:169)
	at com.kms.katalon.core.main.TestSuiteExecutor.accessTestSuiteMainPhase(TestSuiteExecutor.java:142)
	at com.kms.katalon.core.main.TestSuiteExecutor.execute(TestSuiteExecutor.java:91)
	at com.kms.katalon.core.main.TestCaseMain.startTestSuite(TestCaseMain.java:157)
	at com.kms.katalon.core.main.TestCaseMain$startTestSuite$0.call(Unknown Source)
	at TempTestSuite1577543522490.run(TempTestSuite1577543522490.groovy:36)
Caused by: com.kms.katalon.core.webui.exception.WebElementNotFoundException: Web element with id: 'Object Repository/3_Edit_Channel/Rename_Channel/Page_CS420-bigproj - Bumblebee Mattermost/span_CS420-bigproj_channelHeaderDropdownIcon' located by 'By.xpath: //span[@id='channelHeaderDropdownIcon']' not found
	at com.kms.katalon.core.webui.common.WebUiCommonHelper.findWebElement(WebUiCommonHelper.java:1154)
	at com.kms.katalon.core.webui.keyword.internal.WebUIAbstractKeyword.findWebElement(WebUIAbstractKeyword.groovy:27)
	at com.kms.katalon.core.webui.keyword.internal.WebUIAbstractKeyword.findWebElement(WebUIAbstractKeyword.groovy:26)
	at com.kms.katalon.core.webui.keyword.builtin.ClickKeyword$_click_closure1.doCall(ClickKeyword.groovy:67)
	at com.kms.katalon.core.webui.keyword.builtin.ClickKeyword$_click_closure1.call(ClickKeyword.groovy)
	at com.kms.katalon.core.webui.keyword.internal.WebUIKeywordMain.runKeyword(WebUIKeywordMain.groovy:20)
	at com.kms.katalon.core.webui.keyword.builtin.ClickKeyword.click(ClickKeyword.groovy:102)
	at com.kms.katalon.core.webui.keyword.builtin.ClickKeyword.execute(ClickKeyword.groovy:43)
	at com.kms.katalon.core.keyword.internal.KeywordExecutor.executeKeywordForPlatform(KeywordExecutor.groovy:72)
	at com.kms.katalon.core.webui.keyword.WebUiBuiltInKeywords.click(WebUiBuiltInKeywords.groovy:616)
	at com.kms.katalon.core.webui.keyword.WebUiBuiltInKeywords$click$1.call(Unknown Source)
	at Script1576846128391.run(Script1576846128391.groovy:23)
	... 13 more
)

2019-12-28 21:46:36 - [MESSAGE][INFO] - Unable to find the element located by 'By.xpath: //span[@id='channelHeaderDropdownIcon']'. Please recheck the objects properties to make sure the desired element is located. 

2019-12-28 21:46:36 - [MESSAGE][INFO] - [SMART_XPATH] Auto-trying out other XPath values in the test object.

2019-12-28 21:46:36 - [MESSAGE][INFO] - [SMART_XPATH] FAILED XPATH: '//span[@id='channelHeaderDropdownIcon']'.

2019-12-28 21:46:36 - [MESSAGE][INFO] - [SMART_XPATH] FAILED XPATH: '//div[@id='channelHeaderDropdownButton']/button/span'.

2019-12-28 21:46:37 - [MESSAGE][INFO] - [SMART_XPATH] FAILED XPATH: '//div[2]/div/div/div/div/div/div/div/button/span'.

2019-12-28 21:46:37 - [MESSAGE][INFO] - [SMART_XPATH] No working XPath is found.

2019-12-28 21:46:37 - [MESSAGE][FAILED] - Unable to click on object 'Object Repository/3_Edit_Channel/Rename_Channel/Page_CS420-bigproj - Bumblebee Mattermost/span_CS420-bigproj_channelHeaderDropdownIcon' (Root cause: com.kms.katalon.core.exception.StepFailedException: Unable to click on object 'Object Repository/3_Edit_Channel/Rename_Channel/Page_CS420-bigproj - Bumblebee Mattermost/span_CS420-bigproj_channelHeaderDropdownIcon'
	at com.kms.katalon.core.webui.keyword.internal.WebUIKeywordMain.stepFailed(WebUIKeywordMain.groovy:64)
	at com.kms.katalon.core.webui.keyword.internal.WebUIKeywordMain.runKeyword(WebUIKeywordMain.groovy:26)
	at com.kms.katalon.core.webui.keyword.builtin.ClickKeyword.click(ClickKeyword.groovy:102)
	at com.kms.katalon.core.webui.keyword.builtin.ClickKeyword.execute(ClickKeyword.groovy:43)
	at com.kms.katalon.core.keyword.internal.KeywordExecutor.executeKeywordForPlatform(KeywordExecutor.groovy:72)
	at com.kms.katalon.core.webui.keyword.WebUiBuiltInKeywords.click(WebUiBuiltInKeywords.groovy:616)
	at com.kms.katalon.core.webui.keyword.WebUiBuiltInKeywords$click$1.call(Unknown Source)
	at Rename_Channel.run(Rename_Channel:23)
	at com.kms.katalon.core.main.ScriptEngine.run(ScriptEngine.java:194)
	at com.kms.katalon.core.main.ScriptEngine.runScriptAsRawText(ScriptEngine.java:119)
	at com.kms.katalon.core.main.TestCaseExecutor.runScript(TestCaseExecutor.java:337)
	at com.kms.katalon.core.main.TestCaseExecutor.doExecute(TestCaseExecutor.java:328)
	at com.kms.katalon.core.main.TestCaseExecutor.processExecutionPhase(TestCaseExecutor.java:307)
	at com.kms.katalon.core.main.TestCaseExecutor.accessMainPhase(TestCaseExecutor.java:299)
	at com.kms.katalon.core.main.TestCaseExecutor.execute(TestCaseExecutor.java:233)
	at com.kms.katalon.core.main.TestSuiteExecutor.accessTestCaseMainPhase(TestSuiteExecutor.java:169)
	at com.kms.katalon.core.main.TestSuiteExecutor.accessTestSuiteMainPhase(TestSuiteExecutor.java:142)
	at com.kms.katalon.core.main.TestSuiteExecutor.execute(TestSuiteExecutor.java:91)
	at com.kms.katalon.core.main.TestCaseMain.startTestSuite(TestCaseMain.java:157)
	at com.kms.katalon.core.main.TestCaseMain$startTestSuite$0.call(Unknown Source)
	at TempTestSuite1577543522490.run(TempTestSuite1577543522490.groovy:36)
Caused by: com.kms.katalon.core.webui.exception.WebElementNotFoundException: Web element with id: 'Object Repository/3_Edit_Channel/Rename_Channel/Page_CS420-bigproj - Bumblebee Mattermost/span_CS420-bigproj_channelHeaderDropdownIcon' located by 'By.xpath: //span[@id='channelHeaderDropdownIcon']' not found
	at com.kms.katalon.core.webui.common.WebUiCommonHelper.findWebElement(WebUiCommonHelper.java:1154)
	at com.kms.katalon.core.webui.keyword.internal.WebUIAbstractKeyword.findWebElement(WebUIAbstractKeyword.groovy:27)
	at com.kms.katalon.core.webui.keyword.internal.WebUIAbstractKeyword.findWebElement(WebUIAbstractKeyword.groovy:26)
	at com.kms.katalon.core.webui.keyword.builtin.ClickKeyword$_click_closure1.doCall(ClickKeyword.groovy:67)
	at com.kms.katalon.core.webui.keyword.builtin.ClickKeyword$_click_closure1.call(ClickKeyword.groovy)
	at com.kms.katalon.core.webui.keyword.internal.WebUIKeywordMain.runKeyword(WebUIKeywordMain.groovy:20)
	at com.kms.katalon.core.webui.keyword.builtin.ClickKeyword.click(ClickKeyword.groovy:102)
	at com.kms.katalon.core.webui.keyword.builtin.ClickKeyword.execute(ClickKeyword.groovy:43)
	at com.kms.katalon.core.keyword.internal.KeywordExecutor.executeKeywordForPlatform(KeywordExecutor.groovy:72)
	at com.kms.katalon.core.webui.keyword.WebUiBuiltInKeywords.click(WebUiBuiltInKeywords.groovy:616)
	at com.kms.katalon.core.webui.keyword.WebUiBuiltInKeywords$click$1.call(Unknown Source)
	at Script1576846128391.run(Script1576846128391.groovy:23)
	... 13 more
)
[[ATTACHMENT|/Users/nguyentri/Desktop/Learn/SoftwareEngineer/mattermost-duo-test/Reports/20191228_213202/Run_all_test_cases/20191228_213202/1577544397088.png]]]]></system-out>
         <system-err><![CDATA[2019-12-28 21:45:50 - [TEST_CASE][FAILED] - Test Cases/3_Edit_Channel/Rename_Channel: Test Cases/3_Edit_Channel/Rename_Channel FAILED.
Reason:
com.kms.katalon.core.exception.StepFailedException: Unable to click on object 'Object Repository/3_Edit_Channel/Rename_Channel/Page_CS420-bigproj - Bumblebee Mattermost/span_CS420-bigproj_channelHeaderDropdownIcon'
	at com.kms.katalon.core.webui.keyword.internal.WebUIKeywordMain.stepFailed(WebUIKeywordMain.groovy:64)
	at com.kms.katalon.core.webui.keyword.internal.WebUIKeywordMain.runKeyword(WebUIKeywordMain.groovy:26)
	at com.kms.katalon.core.webui.keyword.builtin.ClickKeyword.click(ClickKeyword.groovy:102)
	at com.kms.katalon.core.webui.keyword.builtin.ClickKeyword.execute(ClickKeyword.groovy:43)
	at com.kms.katalon.core.keyword.internal.KeywordExecutor.executeKeywordForPlatform(KeywordExecutor.groovy:72)
	at com.kms.katalon.core.webui.keyword.WebUiBuiltInKeywords.click(WebUiBuiltInKeywords.groovy:616)
	at com.kms.katalon.core.webui.keyword.WebUiBuiltInKeywords$click$1.call(Unknown Source)
	at Rename_Channel.run(Rename_Channel:23)
	at com.kms.katalon.core.main.ScriptEngine.run(ScriptEngine.java:194)
	at com.kms.katalon.core.main.ScriptEngine.runScriptAsRawText(ScriptEngine.java:119)
	at com.kms.katalon.core.main.TestCaseExecutor.runScript(TestCaseExecutor.java:337)
	at com.kms.katalon.core.main.TestCaseExecutor.doExecute(TestCaseExecutor.java:328)
	at com.kms.katalon.core.main.TestCaseExecutor.processExecutionPhase(TestCaseExecutor.java:307)
	at com.kms.katalon.core.main.TestCaseExecutor.accessMainPhase(TestCaseExecutor.java:299)
	at com.kms.katalon.core.main.TestCaseExecutor.execute(TestCaseExecutor.java:233)
	at com.kms.katalon.core.main.TestSuiteExecutor.accessTestCaseMainPhase(TestSuiteExecutor.java:169)
	at com.kms.katalon.core.main.TestSuiteExecutor.accessTestSuiteMainPhase(TestSuiteExecutor.java:142)
	at com.kms.katalon.core.main.TestSuiteExecutor.execute(TestSuiteExecutor.java:91)
	at com.kms.katalon.core.main.TestCaseMain.startTestSuite(TestCaseMain.java:157)
	at com.kms.katalon.core.main.TestCaseMain$startTestSuite$0.call(Unknown Source)
	at TempTestSuite1577543522490.run(TempTestSuite1577543522490.groovy:36)
Caused by: com.kms.katalon.core.webui.exception.WebElementNotFoundException: Web element with id: 'Object Repository/3_Edit_Channel/Rename_Channel/Page_CS420-bigproj - Bumblebee Mattermost/span_CS420-bigproj_channelHeaderDropdownIcon' located by 'By.xpath: //span[@id='channelHeaderDropdownIcon']' not found
	at com.kms.katalon.core.webui.common.WebUiCommonHelper.findWebElement(WebUiCommonHelper.java:1154)
	at com.kms.katalon.core.webui.keyword.internal.WebUIAbstractKeyword.findWebElement(WebUIAbstractKeyword.groovy:27)
	at com.kms.katalon.core.webui.keyword.internal.WebUIAbstractKeyword.findWebElement(WebUIAbstractKeyword.groovy:26)
	at com.kms.katalon.core.webui.keyword.builtin.ClickKeyword$_click_closure1.doCall(ClickKeyword.groovy:67)
	at com.kms.katalon.core.webui.keyword.builtin.ClickKeyword$_click_closure1.call(ClickKeyword.groovy)
	at com.kms.katalon.core.webui.keyword.internal.WebUIKeywordMain.runKeyword(WebUIKeywordMain.groovy:20)
	... 19 more]]></system-err>
      </testcase>
      <testcase name="Test Cases/3_Edit_Channel/View_Channel_Info" time="47.227" classname="Test Cases/3_Edit_Channel/View_Channel_Info" status="FAILED">
         <failure type="FAILED" message="Test Cases/3_Edit_Channel/View_Channel_Info FAILED.
Reason:
com.kms.katalon.core.exception.StepFailedException: Unable to click on object 'Object Repository/3_Edit_Channel/View_Channel_Info/Page_K1JeaNyXLK - Bumblebee Mattermost/span_K1JeaNyXLK_channelHeaderDropdownIcon'
	at com.kms.katalon.core.webui.keyword.internal.WebUIKeywordMain.stepFailed(WebUIKeywordMain.groovy:64)
	at com.kms.katalon.core.webui.keyword.internal.WebUIKeywordMain.runKeyword(WebUIKeywordMain.groovy:26)
	at com.kms.katalon.core.webui.keyword.builtin.ClickKeyword.click(ClickKeyword.groovy:102)
	at com.kms.katalon.core.webui.keyword.builtin.ClickKeyword.execute(ClickKeyword.groovy:43)
	at com.kms.katalon.core.keyword.internal.KeywordExecutor.executeKeywordForPlatform(KeywordExecutor.groovy:72)
	at com.kms.katalon.core.webui.keyword.WebUiBuiltInKeywords.click(WebUiBuiltInKeywords.groovy:616)
	at com.kms.katalon.core.webui.keyword.WebUiBuiltInKeywords$click$1.call(Unknown Source)
	at View_Channel_Info.run(View_Channel_Info:23)
	at com.kms.katalon.core.main.ScriptEngine.run(ScriptEngine.java:194)
	at com.kms.katalon.core.main.ScriptEngine.runScriptAsRawText(ScriptEngine.java:119)
	at com.kms.katalon.core.main.TestCaseExecutor.runScript(TestCaseExecutor.java:337)
	at com.kms.katalon.core.main.TestCaseExecutor.doExecute(TestCaseExecutor.java:328)
	at com.kms.katalon.core.main.TestCaseExecutor.processExecutionPhase(TestCaseExecutor.java:307)
	at com.kms.katalon.core.main.TestCaseExecutor.accessMainPhase(TestCaseExecutor.java:299)
	at com.kms.katalon.core.main.TestCaseExecutor.execute(TestCaseExecutor.java:233)
	at com.kms.katalon.core.main.TestSuiteExecutor.accessTestCaseMainPhase(TestSuiteExecutor.java:169)
	at com.kms.katalon.core.main.TestSuiteExecutor.accessTestSuiteMainPhase(TestSuiteExecutor.java:142)
	at com.kms.katalon.core.main.TestSuiteExecutor.execute(TestSuiteExecutor.java:91)
	at com.kms.katalon.core.main.TestCaseMain.startTestSuite(TestCaseMain.java:157)
	at com.kms.katalon.core.main.TestCaseMain$startTestSuite$0.call(Unknown Source)
	at TempTestSuite1577543522490.run(TempTestSuite1577543522490.groovy:36)
Caused by: com.kms.katalon.core.webui.exception.WebElementNotFoundException: Web element with id: 'Object Repository/3_Edit_Channel/View_Channel_Info/Page_K1JeaNyXLK - Bumblebee Mattermost/span_K1JeaNyXLK_channelHeaderDropdownIcon' located by 'By.xpath: //span[@id='channelHeaderDropdownIcon']' not found
	at com.kms.katalon.core.webui.common.WebUiCommonHelper.findWebElement(WebUiCommonHelper.java:1154)
	at com.kms.katalon.core.webui.keyword.internal.WebUIAbstractKeyword.findWebElement(WebUIAbstractKeyword.groovy:27)
	at com.kms.katalon.core.webui.keyword.internal.WebUIAbstractKeyword.findWebElement(WebUIAbstractKeyword.groovy:26)
	at com.kms.katalon.core.webui.keyword.builtin.ClickKeyword$_click_closure1.doCall(ClickKeyword.groovy:67)
	at com.kms.katalon.core.webui.keyword.builtin.ClickKeyword$_click_closure1.call(ClickKeyword.groovy)
	at com.kms.katalon.core.webui.keyword.internal.WebUIKeywordMain.runKeyword(WebUIKeywordMain.groovy:20)
	... 19 more
"/>
         <system-out><![CDATA[2019-12-28 21:46:37 - [TEST_CASE][FAILED] - Test Cases/3_Edit_Channel/View_Channel_Info: Test Cases/3_Edit_Channel/View_Channel_Info FAILED.
Reason:
com.kms.katalon.core.exception.StepFailedException: Unable to click on object 'Object Repository/3_Edit_Channel/View_Channel_Info/Page_K1JeaNyXLK - Bumblebee Mattermost/span_K1JeaNyXLK_channelHeaderDropdownIcon'
	at com.kms.katalon.core.webui.keyword.internal.WebUIKeywordMain.stepFailed(WebUIKeywordMain.groovy:64)
	at com.kms.katalon.core.webui.keyword.internal.WebUIKeywordMain.runKeyword(WebUIKeywordMain.groovy:26)
	at com.kms.katalon.core.webui.keyword.builtin.ClickKeyword.click(ClickKeyword.groovy:102)
	at com.kms.katalon.core.webui.keyword.builtin.ClickKeyword.execute(ClickKeyword.groovy:43)
	at com.kms.katalon.core.keyword.internal.KeywordExecutor.executeKeywordForPlatform(KeywordExecutor.groovy:72)
	at com.kms.katalon.core.webui.keyword.WebUiBuiltInKeywords.click(WebUiBuiltInKeywords.groovy:616)
	at com.kms.katalon.core.webui.keyword.WebUiBuiltInKeywords$click$1.call(Unknown Source)
	at View_Channel_Info.run(View_Channel_Info:23)
	at com.kms.katalon.core.main.ScriptEngine.run(ScriptEngine.java:194)
	at com.kms.katalon.core.main.ScriptEngine.runScriptAsRawText(ScriptEngine.java:119)
	at com.kms.katalon.core.main.TestCaseExecutor.runScript(TestCaseExecutor.java:337)
	at com.kms.katalon.core.main.TestCaseExecutor.doExecute(TestCaseExecutor.java:328)
	at com.kms.katalon.core.main.TestCaseExecutor.processExecutionPhase(TestCaseExecutor.java:307)
	at com.kms.katalon.core.main.TestCaseExecutor.accessMainPhase(TestCaseExecutor.java:299)
	at com.kms.katalon.core.main.TestCaseExecutor.execute(TestCaseExecutor.java:233)
	at com.kms.katalon.core.main.TestSuiteExecutor.accessTestCaseMainPhase(TestSuiteExecutor.java:169)
	at com.kms.katalon.core.main.TestSuiteExecutor.accessTestSuiteMainPhase(TestSuiteExecutor.java:142)
	at com.kms.katalon.core.main.TestSuiteExecutor.execute(TestSuiteExecutor.java:91)
	at com.kms.katalon.core.main.TestCaseMain.startTestSuite(TestCaseMain.java:157)
	at com.kms.katalon.core.main.TestCaseMain$startTestSuite$0.call(Unknown Source)
	at TempTestSuite1577543522490.run(TempTestSuite1577543522490.groovy:36)
Caused by: com.kms.katalon.core.webui.exception.WebElementNotFoundException: Web element with id: 'Object Repository/3_Edit_Channel/View_Channel_Info/Page_K1JeaNyXLK - Bumblebee Mattermost/span_K1JeaNyXLK_channelHeaderDropdownIcon' located by 'By.xpath: //span[@id='channelHeaderDropdownIcon']' not found
	at com.kms.katalon.core.webui.common.WebUiCommonHelper.findWebElement(WebUiCommonHelper.java:1154)
	at com.kms.katalon.core.webui.keyword.internal.WebUIAbstractKeyword.findWebElement(WebUIAbstractKeyword.groovy:27)
	at com.kms.katalon.core.webui.keyword.internal.WebUIAbstractKeyword.findWebElement(WebUIAbstractKeyword.groovy:26)
	at com.kms.katalon.core.webui.keyword.builtin.ClickKeyword$_click_closure1.doCall(ClickKeyword.groovy:67)
	at com.kms.katalon.core.webui.keyword.builtin.ClickKeyword$_click_closure1.call(ClickKeyword.groovy)
	at com.kms.katalon.core.webui.keyword.internal.WebUIKeywordMain.runKeyword(WebUIKeywordMain.groovy:20)
	... 19 more


2019-12-28 21:46:37 - [TEST_STEP][PASSED] - openBrowser(""): Browser is opened with url: ''

2019-12-28 21:46:38 - [MESSAGE][PASSED] - Browser is opened with url: ''

2019-12-28 21:46:38 - [TEST_STEP][PASSED] - navigateToUrl("http://localhost:8065/"): Navigate to 'http://localhost:8065/' successfully

2019-12-28 21:46:38 - [MESSAGE][PASSED] - Navigate to 'http://localhost:8065/' successfully

2019-12-28 21:46:38 - [TEST_STEP][FAILED] - click(findTestObject("Object Repository/3_Edit_Channel/View_Channel_Info/Page_K1JeaNyXLK - Bumblebee Mattermost/span_K1JeaNyXLK_channelHeaderDropdownIcon")): Unable to click on object 'Object Repository/3_Edit_Channel/View_Channel_Info/Page_K1JeaNyXLK - Bumblebee Mattermost/span_K1JeaNyXLK_channelHeaderDropdownIcon' (Root cause: com.kms.katalon.core.exception.StepFailedException: Unable to click on object 'Object Repository/3_Edit_Channel/View_Channel_Info/Page_K1JeaNyXLK - Bumblebee Mattermost/span_K1JeaNyXLK_channelHeaderDropdownIcon'
	at com.kms.katalon.core.webui.keyword.internal.WebUIKeywordMain.stepFailed(WebUIKeywordMain.groovy:64)
	at com.kms.katalon.core.webui.keyword.internal.WebUIKeywordMain.runKeyword(WebUIKeywordMain.groovy:26)
	at com.kms.katalon.core.webui.keyword.builtin.ClickKeyword.click(ClickKeyword.groovy:102)
	at com.kms.katalon.core.webui.keyword.builtin.ClickKeyword.execute(ClickKeyword.groovy:43)
	at com.kms.katalon.core.keyword.internal.KeywordExecutor.executeKeywordForPlatform(KeywordExecutor.groovy:72)
	at com.kms.katalon.core.webui.keyword.WebUiBuiltInKeywords.click(WebUiBuiltInKeywords.groovy:616)
	at com.kms.katalon.core.webui.keyword.WebUiBuiltInKeywords$click$1.call(Unknown Source)
	at View_Channel_Info.run(View_Channel_Info:23)
	at com.kms.katalon.core.main.ScriptEngine.run(ScriptEngine.java:194)
	at com.kms.katalon.core.main.ScriptEngine.runScriptAsRawText(ScriptEngine.java:119)
	at com.kms.katalon.core.main.TestCaseExecutor.runScript(TestCaseExecutor.java:337)
	at com.kms.katalon.core.main.TestCaseExecutor.doExecute(TestCaseExecutor.java:328)
	at com.kms.katalon.core.main.TestCaseExecutor.processExecutionPhase(TestCaseExecutor.java:307)
	at com.kms.katalon.core.main.TestCaseExecutor.accessMainPhase(TestCaseExecutor.java:299)
	at com.kms.katalon.core.main.TestCaseExecutor.execute(TestCaseExecutor.java:233)
	at com.kms.katalon.core.main.TestSuiteExecutor.accessTestCaseMainPhase(TestSuiteExecutor.java:169)
	at com.kms.katalon.core.main.TestSuiteExecutor.accessTestSuiteMainPhase(TestSuiteExecutor.java:142)
	at com.kms.katalon.core.main.TestSuiteExecutor.execute(TestSuiteExecutor.java:91)
	at com.kms.katalon.core.main.TestCaseMain.startTestSuite(TestCaseMain.java:157)
	at com.kms.katalon.core.main.TestCaseMain$startTestSuite$0.call(Unknown Source)
	at TempTestSuite1577543522490.run(TempTestSuite1577543522490.groovy:36)
Caused by: com.kms.katalon.core.webui.exception.WebElementNotFoundException: Web element with id: 'Object Repository/3_Edit_Channel/View_Channel_Info/Page_K1JeaNyXLK - Bumblebee Mattermost/span_K1JeaNyXLK_channelHeaderDropdownIcon' located by 'By.xpath: //span[@id='channelHeaderDropdownIcon']' not found
	at com.kms.katalon.core.webui.common.WebUiCommonHelper.findWebElement(WebUiCommonHelper.java:1154)
	at com.kms.katalon.core.webui.keyword.internal.WebUIAbstractKeyword.findWebElement(WebUIAbstractKeyword.groovy:27)
	at com.kms.katalon.core.webui.keyword.internal.WebUIAbstractKeyword.findWebElement(WebUIAbstractKeyword.groovy:26)
	at com.kms.katalon.core.webui.keyword.builtin.ClickKeyword$_click_closure1.doCall(ClickKeyword.groovy:67)
	at com.kms.katalon.core.webui.keyword.builtin.ClickKeyword$_click_closure1.call(ClickKeyword.groovy)
	at com.kms.katalon.core.webui.keyword.internal.WebUIKeywordMain.runKeyword(WebUIKeywordMain.groovy:20)
	at com.kms.katalon.core.webui.keyword.builtin.ClickKeyword.click(ClickKeyword.groovy:102)
	at com.kms.katalon.core.webui.keyword.builtin.ClickKeyword.execute(ClickKeyword.groovy:43)
	at com.kms.katalon.core.keyword.internal.KeywordExecutor.executeKeywordForPlatform(KeywordExecutor.groovy:72)
	at com.kms.katalon.core.webui.keyword.WebUiBuiltInKeywords.click(WebUiBuiltInKeywords.groovy:616)
	at com.kms.katalon.core.webui.keyword.WebUiBuiltInKeywords$click$1.call(Unknown Source)
	at Script1576846043204.run(Script1576846043204.groovy:23)
	... 13 more
)

2019-12-28 21:47:23 - [MESSAGE][INFO] - Unable to find the element located by 'By.xpath: //span[@id='channelHeaderDropdownIcon']'. Please recheck the objects properties to make sure the desired element is located. 

2019-12-28 21:47:23 - [MESSAGE][INFO] - [SMART_XPATH] Auto-trying out other XPath values in the test object.

2019-12-28 21:47:23 - [MESSAGE][INFO] - [SMART_XPATH] FAILED XPATH: '//span[@id='channelHeaderDropdownIcon']'.

2019-12-28 21:47:24 - [MESSAGE][INFO] - [SMART_XPATH] FAILED XPATH: '//div[@id='channelHeaderDropdownButton']/button/span'.

2019-12-28 21:47:24 - [MESSAGE][INFO] - [SMART_XPATH] FAILED XPATH: '//div[2]/div/div/div/div/div/div/div/button/span'.

2019-12-28 21:47:24 - [MESSAGE][INFO] - [SMART_XPATH] No working XPath is found.

2019-12-28 21:47:24 - [MESSAGE][FAILED] - Unable to click on object 'Object Repository/3_Edit_Channel/View_Channel_Info/Page_K1JeaNyXLK - Bumblebee Mattermost/span_K1JeaNyXLK_channelHeaderDropdownIcon' (Root cause: com.kms.katalon.core.exception.StepFailedException: Unable to click on object 'Object Repository/3_Edit_Channel/View_Channel_Info/Page_K1JeaNyXLK - Bumblebee Mattermost/span_K1JeaNyXLK_channelHeaderDropdownIcon'
	at com.kms.katalon.core.webui.keyword.internal.WebUIKeywordMain.stepFailed(WebUIKeywordMain.groovy:64)
	at com.kms.katalon.core.webui.keyword.internal.WebUIKeywordMain.runKeyword(WebUIKeywordMain.groovy:26)
	at com.kms.katalon.core.webui.keyword.builtin.ClickKeyword.click(ClickKeyword.groovy:102)
	at com.kms.katalon.core.webui.keyword.builtin.ClickKeyword.execute(ClickKeyword.groovy:43)
	at com.kms.katalon.core.keyword.internal.KeywordExecutor.executeKeywordForPlatform(KeywordExecutor.groovy:72)
	at com.kms.katalon.core.webui.keyword.WebUiBuiltInKeywords.click(WebUiBuiltInKeywords.groovy:616)
	at com.kms.katalon.core.webui.keyword.WebUiBuiltInKeywords$click$1.call(Unknown Source)
	at View_Channel_Info.run(View_Channel_Info:23)
	at com.kms.katalon.core.main.ScriptEngine.run(ScriptEngine.java:194)
	at com.kms.katalon.core.main.ScriptEngine.runScriptAsRawText(ScriptEngine.java:119)
	at com.kms.katalon.core.main.TestCaseExecutor.runScript(TestCaseExecutor.java:337)
	at com.kms.katalon.core.main.TestCaseExecutor.doExecute(TestCaseExecutor.java:328)
	at com.kms.katalon.core.main.TestCaseExecutor.processExecutionPhase(TestCaseExecutor.java:307)
	at com.kms.katalon.core.main.TestCaseExecutor.accessMainPhase(TestCaseExecutor.java:299)
	at com.kms.katalon.core.main.TestCaseExecutor.execute(TestCaseExecutor.java:233)
	at com.kms.katalon.core.main.TestSuiteExecutor.accessTestCaseMainPhase(TestSuiteExecutor.java:169)
	at com.kms.katalon.core.main.TestSuiteExecutor.accessTestSuiteMainPhase(TestSuiteExecutor.java:142)
	at com.kms.katalon.core.main.TestSuiteExecutor.execute(TestSuiteExecutor.java:91)
	at com.kms.katalon.core.main.TestCaseMain.startTestSuite(TestCaseMain.java:157)
	at com.kms.katalon.core.main.TestCaseMain$startTestSuite$0.call(Unknown Source)
	at TempTestSuite1577543522490.run(TempTestSuite1577543522490.groovy:36)
Caused by: com.kms.katalon.core.webui.exception.WebElementNotFoundException: Web element with id: 'Object Repository/3_Edit_Channel/View_Channel_Info/Page_K1JeaNyXLK - Bumblebee Mattermost/span_K1JeaNyXLK_channelHeaderDropdownIcon' located by 'By.xpath: //span[@id='channelHeaderDropdownIcon']' not found
	at com.kms.katalon.core.webui.common.WebUiCommonHelper.findWebElement(WebUiCommonHelper.java:1154)
	at com.kms.katalon.core.webui.keyword.internal.WebUIAbstractKeyword.findWebElement(WebUIAbstractKeyword.groovy:27)
	at com.kms.katalon.core.webui.keyword.internal.WebUIAbstractKeyword.findWebElement(WebUIAbstractKeyword.groovy:26)
	at com.kms.katalon.core.webui.keyword.builtin.ClickKeyword$_click_closure1.doCall(ClickKeyword.groovy:67)
	at com.kms.katalon.core.webui.keyword.builtin.ClickKeyword$_click_closure1.call(ClickKeyword.groovy)
	at com.kms.katalon.core.webui.keyword.internal.WebUIKeywordMain.runKeyword(WebUIKeywordMain.groovy:20)
	at com.kms.katalon.core.webui.keyword.builtin.ClickKeyword.click(ClickKeyword.groovy:102)
	at com.kms.katalon.core.webui.keyword.builtin.ClickKeyword.execute(ClickKeyword.groovy:43)
	at com.kms.katalon.core.keyword.internal.KeywordExecutor.executeKeywordForPlatform(KeywordExecutor.groovy:72)
	at com.kms.katalon.core.webui.keyword.WebUiBuiltInKeywords.click(WebUiBuiltInKeywords.groovy:616)
	at com.kms.katalon.core.webui.keyword.WebUiBuiltInKeywords$click$1.call(Unknown Source)
	at Script1576846043204.run(Script1576846043204.groovy:23)
	... 13 more
)
[[ATTACHMENT|/Users/nguyentri/Desktop/Learn/SoftwareEngineer/mattermost-duo-test/Reports/20191228_213202/Run_all_test_cases/20191228_213202/1577544444290.png]]]]></system-out>
         <system-err><![CDATA[2019-12-28 21:46:37 - [TEST_CASE][FAILED] - Test Cases/3_Edit_Channel/View_Channel_Info: Test Cases/3_Edit_Channel/View_Channel_Info FAILED.
Reason:
com.kms.katalon.core.exception.StepFailedException: Unable to click on object 'Object Repository/3_Edit_Channel/View_Channel_Info/Page_K1JeaNyXLK - Bumblebee Mattermost/span_K1JeaNyXLK_channelHeaderDropdownIcon'
	at com.kms.katalon.core.webui.keyword.internal.WebUIKeywordMain.stepFailed(WebUIKeywordMain.groovy:64)
	at com.kms.katalon.core.webui.keyword.internal.WebUIKeywordMain.runKeyword(WebUIKeywordMain.groovy:26)
	at com.kms.katalon.core.webui.keyword.builtin.ClickKeyword.click(ClickKeyword.groovy:102)
	at com.kms.katalon.core.webui.keyword.builtin.ClickKeyword.execute(ClickKeyword.groovy:43)
	at com.kms.katalon.core.keyword.internal.KeywordExecutor.executeKeywordForPlatform(KeywordExecutor.groovy:72)
	at com.kms.katalon.core.webui.keyword.WebUiBuiltInKeywords.click(WebUiBuiltInKeywords.groovy:616)
	at com.kms.katalon.core.webui.keyword.WebUiBuiltInKeywords$click$1.call(Unknown Source)
	at View_Channel_Info.run(View_Channel_Info:23)
	at com.kms.katalon.core.main.ScriptEngine.run(ScriptEngine.java:194)
	at com.kms.katalon.core.main.ScriptEngine.runScriptAsRawText(ScriptEngine.java:119)
	at com.kms.katalon.core.main.TestCaseExecutor.runScript(TestCaseExecutor.java:337)
	at com.kms.katalon.core.main.TestCaseExecutor.doExecute(TestCaseExecutor.java:328)
	at com.kms.katalon.core.main.TestCaseExecutor.processExecutionPhase(TestCaseExecutor.java:307)
	at com.kms.katalon.core.main.TestCaseExecutor.accessMainPhase(TestCaseExecutor.java:299)
	at com.kms.katalon.core.main.TestCaseExecutor.execute(TestCaseExecutor.java:233)
	at com.kms.katalon.core.main.TestSuiteExecutor.accessTestCaseMainPhase(TestSuiteExecutor.java:169)
	at com.kms.katalon.core.main.TestSuiteExecutor.accessTestSuiteMainPhase(TestSuiteExecutor.java:142)
	at com.kms.katalon.core.main.TestSuiteExecutor.execute(TestSuiteExecutor.java:91)
	at com.kms.katalon.core.main.TestCaseMain.startTestSuite(TestCaseMain.java:157)
	at com.kms.katalon.core.main.TestCaseMain$startTestSuite$0.call(Unknown Source)
	at TempTestSuite1577543522490.run(TempTestSuite1577543522490.groovy:36)
Caused by: com.kms.katalon.core.webui.exception.WebElementNotFoundException: Web element with id: 'Object Repository/3_Edit_Channel/View_Channel_Info/Page_K1JeaNyXLK - Bumblebee Mattermost/span_K1JeaNyXLK_channelHeaderDropdownIcon' located by 'By.xpath: //span[@id='channelHeaderDropdownIcon']' not found
	at com.kms.katalon.core.webui.common.WebUiCommonHelper.findWebElement(WebUiCommonHelper.java:1154)
	at com.kms.katalon.core.webui.keyword.internal.WebUIAbstractKeyword.findWebElement(WebUIAbstractKeyword.groovy:27)
	at com.kms.katalon.core.webui.keyword.internal.WebUIAbstractKeyword.findWebElement(WebUIAbstractKeyword.groovy:26)
	at com.kms.katalon.core.webui.keyword.builtin.ClickKeyword$_click_closure1.doCall(ClickKeyword.groovy:67)
	at com.kms.katalon.core.webui.keyword.builtin.ClickKeyword$_click_closure1.call(ClickKeyword.groovy)
	at com.kms.katalon.core.webui.keyword.internal.WebUIKeywordMain.runKeyword(WebUIKeywordMain.groovy:20)
	... 19 more]]></system-err>
      </testcase>
      <testcase name="Test Cases/3_Edit_Channel/Mute_Channel" time="46.004" classname="Test Cases/3_Edit_Channel/Mute_Channel" status="FAILED">
         <failure type="FAILED" message="Test Cases/3_Edit_Channel/Mute_Channel FAILED.
Reason:
com.kms.katalon.core.exception.StepFailedException: Unable to click on object 'Object Repository/3_Edit_Channel/Mute_Channel/Page_CS420 - Bumblebee Mattermost/span_CS420_channelHeaderDropdownIcon'
	at com.kms.katalon.core.webui.keyword.internal.WebUIKeywordMain.stepFailed(WebUIKeywordMain.groovy:64)
	at com.kms.katalon.core.webui.keyword.internal.WebUIKeywordMain.runKeyword(WebUIKeywordMain.groovy:26)
	at com.kms.katalon.core.webui.keyword.builtin.ClickKeyword.click(ClickKeyword.groovy:102)
	at com.kms.katalon.core.webui.keyword.builtin.ClickKeyword.execute(ClickKeyword.groovy:43)
	at com.kms.katalon.core.keyword.internal.KeywordExecutor.executeKeywordForPlatform(KeywordExecutor.groovy:72)
	at com.kms.katalon.core.webui.keyword.WebUiBuiltInKeywords.click(WebUiBuiltInKeywords.groovy:616)
	at com.kms.katalon.core.webui.keyword.WebUiBuiltInKeywords$click$1.call(Unknown Source)
	at Mute_Channel.run(Mute_Channel:23)
	at com.kms.katalon.core.main.ScriptEngine.run(ScriptEngine.java:194)
	at com.kms.katalon.core.main.ScriptEngine.runScriptAsRawText(ScriptEngine.java:119)
	at com.kms.katalon.core.main.TestCaseExecutor.runScript(TestCaseExecutor.java:337)
	at com.kms.katalon.core.main.TestCaseExecutor.doExecute(TestCaseExecutor.java:328)
	at com.kms.katalon.core.main.TestCaseExecutor.processExecutionPhase(TestCaseExecutor.java:307)
	at com.kms.katalon.core.main.TestCaseExecutor.accessMainPhase(TestCaseExecutor.java:299)
	at com.kms.katalon.core.main.TestCaseExecutor.execute(TestCaseExecutor.java:233)
	at com.kms.katalon.core.main.TestSuiteExecutor.accessTestCaseMainPhase(TestSuiteExecutor.java:169)
	at com.kms.katalon.core.main.TestSuiteExecutor.accessTestSuiteMainPhase(TestSuiteExecutor.java:142)
	at com.kms.katalon.core.main.TestSuiteExecutor.execute(TestSuiteExecutor.java:91)
	at com.kms.katalon.core.main.TestCaseMain.startTestSuite(TestCaseMain.java:157)
	at com.kms.katalon.core.main.TestCaseMain$startTestSuite$0.call(Unknown Source)
	at TempTestSuite1577543522490.run(TempTestSuite1577543522490.groovy:36)
Caused by: com.kms.katalon.core.webui.exception.WebElementNotFoundException: Web element with id: 'Object Repository/3_Edit_Channel/Mute_Channel/Page_CS420 - Bumblebee Mattermost/span_CS420_channelHeaderDropdownIcon' located by 'By.xpath: //span[@id='channelHeaderDropdownIcon']' not found
	at com.kms.katalon.core.webui.common.WebUiCommonHelper.findWebElement(WebUiCommonHelper.java:1154)
	at com.kms.katalon.core.webui.keyword.internal.WebUIAbstractKeyword.findWebElement(WebUIAbstractKeyword.groovy:27)
	at com.kms.katalon.core.webui.keyword.internal.WebUIAbstractKeyword.findWebElement(WebUIAbstractKeyword.groovy:26)
	at com.kms.katalon.core.webui.keyword.builtin.ClickKeyword$_click_closure1.doCall(ClickKeyword.groovy:67)
	at com.kms.katalon.core.webui.keyword.builtin.ClickKeyword$_click_closure1.call(ClickKeyword.groovy)
	at com.kms.katalon.core.webui.keyword.internal.WebUIKeywordMain.runKeyword(WebUIKeywordMain.groovy:20)
	... 19 more
"/>
         <system-out><![CDATA[2019-12-28 21:47:24 - [TEST_CASE][FAILED] - Test Cases/3_Edit_Channel/Mute_Channel: Test Cases/3_Edit_Channel/Mute_Channel FAILED.
Reason:
com.kms.katalon.core.exception.StepFailedException: Unable to click on object 'Object Repository/3_Edit_Channel/Mute_Channel/Page_CS420 - Bumblebee Mattermost/span_CS420_channelHeaderDropdownIcon'
	at com.kms.katalon.core.webui.keyword.internal.WebUIKeywordMain.stepFailed(WebUIKeywordMain.groovy:64)
	at com.kms.katalon.core.webui.keyword.internal.WebUIKeywordMain.runKeyword(WebUIKeywordMain.groovy:26)
	at com.kms.katalon.core.webui.keyword.builtin.ClickKeyword.click(ClickKeyword.groovy:102)
	at com.kms.katalon.core.webui.keyword.builtin.ClickKeyword.execute(ClickKeyword.groovy:43)
	at com.kms.katalon.core.keyword.internal.KeywordExecutor.executeKeywordForPlatform(KeywordExecutor.groovy:72)
	at com.kms.katalon.core.webui.keyword.WebUiBuiltInKeywords.click(WebUiBuiltInKeywords.groovy:616)
	at com.kms.katalon.core.webui.keyword.WebUiBuiltInKeywords$click$1.call(Unknown Source)
	at Mute_Channel.run(Mute_Channel:23)
	at com.kms.katalon.core.main.ScriptEngine.run(ScriptEngine.java:194)
	at com.kms.katalon.core.main.ScriptEngine.runScriptAsRawText(ScriptEngine.java:119)
	at com.kms.katalon.core.main.TestCaseExecutor.runScript(TestCaseExecutor.java:337)
	at com.kms.katalon.core.main.TestCaseExecutor.doExecute(TestCaseExecutor.java:328)
	at com.kms.katalon.core.main.TestCaseExecutor.processExecutionPhase(TestCaseExecutor.java:307)
	at com.kms.katalon.core.main.TestCaseExecutor.accessMainPhase(TestCaseExecutor.java:299)
	at com.kms.katalon.core.main.TestCaseExecutor.execute(TestCaseExecutor.java:233)
	at com.kms.katalon.core.main.TestSuiteExecutor.accessTestCaseMainPhase(TestSuiteExecutor.java:169)
	at com.kms.katalon.core.main.TestSuiteExecutor.accessTestSuiteMainPhase(TestSuiteExecutor.java:142)
	at com.kms.katalon.core.main.TestSuiteExecutor.execute(TestSuiteExecutor.java:91)
	at com.kms.katalon.core.main.TestCaseMain.startTestSuite(TestCaseMain.java:157)
	at com.kms.katalon.core.main.TestCaseMain$startTestSuite$0.call(Unknown Source)
	at TempTestSuite1577543522490.run(TempTestSuite1577543522490.groovy:36)
Caused by: com.kms.katalon.core.webui.exception.WebElementNotFoundException: Web element with id: 'Object Repository/3_Edit_Channel/Mute_Channel/Page_CS420 - Bumblebee Mattermost/span_CS420_channelHeaderDropdownIcon' located by 'By.xpath: //span[@id='channelHeaderDropdownIcon']' not found
	at com.kms.katalon.core.webui.common.WebUiCommonHelper.findWebElement(WebUiCommonHelper.java:1154)
	at com.kms.katalon.core.webui.keyword.internal.WebUIAbstractKeyword.findWebElement(WebUIAbstractKeyword.groovy:27)
	at com.kms.katalon.core.webui.keyword.internal.WebUIAbstractKeyword.findWebElement(WebUIAbstractKeyword.groovy:26)
	at com.kms.katalon.core.webui.keyword.builtin.ClickKeyword$_click_closure1.doCall(ClickKeyword.groovy:67)
	at com.kms.katalon.core.webui.keyword.builtin.ClickKeyword$_click_closure1.call(ClickKeyword.groovy)
	at com.kms.katalon.core.webui.keyword.internal.WebUIKeywordMain.runKeyword(WebUIKeywordMain.groovy:20)
	... 19 more


2019-12-28 21:47:25 - [TEST_STEP][PASSED] - openBrowser(""): Browser is opened with url: ''

2019-12-28 21:47:25 - [MESSAGE][PASSED] - Browser is opened with url: ''

2019-12-28 21:47:25 - [TEST_STEP][PASSED] - navigateToUrl("http://localhost:8065/"): Navigate to 'http://localhost:8065/' successfully

2019-12-28 21:47:25 - [MESSAGE][PASSED] - Navigate to 'http://localhost:8065/' successfully

2019-12-28 21:47:25 - [TEST_STEP][FAILED] - click(findTestObject("Object Repository/3_Edit_Channel/Mute_Channel/Page_CS420 - Bumblebee Mattermost/span_CS420_channelHeaderDropdownIcon")): Unable to click on object 'Object Repository/3_Edit_Channel/Mute_Channel/Page_CS420 - Bumblebee Mattermost/span_CS420_channelHeaderDropdownIcon' (Root cause: com.kms.katalon.core.exception.StepFailedException: Unable to click on object 'Object Repository/3_Edit_Channel/Mute_Channel/Page_CS420 - Bumblebee Mattermost/span_CS420_channelHeaderDropdownIcon'
	at com.kms.katalon.core.webui.keyword.internal.WebUIKeywordMain.stepFailed(WebUIKeywordMain.groovy:64)
	at com.kms.katalon.core.webui.keyword.internal.WebUIKeywordMain.runKeyword(WebUIKeywordMain.groovy:26)
	at com.kms.katalon.core.webui.keyword.builtin.ClickKeyword.click(ClickKeyword.groovy:102)
	at com.kms.katalon.core.webui.keyword.builtin.ClickKeyword.execute(ClickKeyword.groovy:43)
	at com.kms.katalon.core.keyword.internal.KeywordExecutor.executeKeywordForPlatform(KeywordExecutor.groovy:72)
	at com.kms.katalon.core.webui.keyword.WebUiBuiltInKeywords.click(WebUiBuiltInKeywords.groovy:616)
	at com.kms.katalon.core.webui.keyword.WebUiBuiltInKeywords$click$1.call(Unknown Source)
	at Mute_Channel.run(Mute_Channel:23)
	at com.kms.katalon.core.main.ScriptEngine.run(ScriptEngine.java:194)
	at com.kms.katalon.core.main.ScriptEngine.runScriptAsRawText(ScriptEngine.java:119)
	at com.kms.katalon.core.main.TestCaseExecutor.runScript(TestCaseExecutor.java:337)
	at com.kms.katalon.core.main.TestCaseExecutor.doExecute(TestCaseExecutor.java:328)
	at com.kms.katalon.core.main.TestCaseExecutor.processExecutionPhase(TestCaseExecutor.java:307)
	at com.kms.katalon.core.main.TestCaseExecutor.accessMainPhase(TestCaseExecutor.java:299)
	at com.kms.katalon.core.main.TestCaseExecutor.execute(TestCaseExecutor.java:233)
	at com.kms.katalon.core.main.TestSuiteExecutor.accessTestCaseMainPhase(TestSuiteExecutor.java:169)
	at com.kms.katalon.core.main.TestSuiteExecutor.accessTestSuiteMainPhase(TestSuiteExecutor.java:142)
	at com.kms.katalon.core.main.TestSuiteExecutor.execute(TestSuiteExecutor.java:91)
	at com.kms.katalon.core.main.TestCaseMain.startTestSuite(TestCaseMain.java:157)
	at com.kms.katalon.core.main.TestCaseMain$startTestSuite$0.call(Unknown Source)
	at TempTestSuite1577543522490.run(TempTestSuite1577543522490.groovy:36)
Caused by: com.kms.katalon.core.webui.exception.WebElementNotFoundException: Web element with id: 'Object Repository/3_Edit_Channel/Mute_Channel/Page_CS420 - Bumblebee Mattermost/span_CS420_channelHeaderDropdownIcon' located by 'By.xpath: //span[@id='channelHeaderDropdownIcon']' not found
	at com.kms.katalon.core.webui.common.WebUiCommonHelper.findWebElement(WebUiCommonHelper.java:1154)
	at com.kms.katalon.core.webui.keyword.internal.WebUIAbstractKeyword.findWebElement(WebUIAbstractKeyword.groovy:27)
	at com.kms.katalon.core.webui.keyword.internal.WebUIAbstractKeyword.findWebElement(WebUIAbstractKeyword.groovy:26)
	at com.kms.katalon.core.webui.keyword.builtin.ClickKeyword$_click_closure1.doCall(ClickKeyword.groovy:67)
	at com.kms.katalon.core.webui.keyword.builtin.ClickKeyword$_click_closure1.call(ClickKeyword.groovy)
	at com.kms.katalon.core.webui.keyword.internal.WebUIKeywordMain.runKeyword(WebUIKeywordMain.groovy:20)
	at com.kms.katalon.core.webui.keyword.builtin.ClickKeyword.click(ClickKeyword.groovy:102)
	at com.kms.katalon.core.webui.keyword.builtin.ClickKeyword.execute(ClickKeyword.groovy:43)
	at com.kms.katalon.core.keyword.internal.KeywordExecutor.executeKeywordForPlatform(KeywordExecutor.groovy:72)
	at com.kms.katalon.core.webui.keyword.WebUiBuiltInKeywords.click(WebUiBuiltInKeywords.groovy:616)
	at com.kms.katalon.core.webui.keyword.WebUiBuiltInKeywords$click$1.call(Unknown Source)
	at Script1576846083111.run(Script1576846083111.groovy:23)
	... 13 more
)

2019-12-28 21:48:09 - [MESSAGE][INFO] - Unable to find the element located by 'By.xpath: //span[@id='channelHeaderDropdownIcon']'. Please recheck the objects properties to make sure the desired element is located. 

2019-12-28 21:48:09 - [MESSAGE][INFO] - [SMART_XPATH] Auto-trying out other XPath values in the test object.

2019-12-28 21:48:09 - [MESSAGE][INFO] - [SMART_XPATH] FAILED XPATH: '//span[@id='channelHeaderDropdownIcon']'.

2019-12-28 21:48:10 - [MESSAGE][INFO] - [SMART_XPATH] FAILED XPATH: '//div[@id='channelHeaderDropdownButton']/button/span'.

2019-12-28 21:48:10 - [MESSAGE][INFO] - [SMART_XPATH] FAILED XPATH: '//div[2]/div/div/div/div/div/div/div/button/span'.

2019-12-28 21:48:10 - [MESSAGE][INFO] - [SMART_XPATH] No working XPath is found.

2019-12-28 21:48:10 - [MESSAGE][FAILED] - Unable to click on object 'Object Repository/3_Edit_Channel/Mute_Channel/Page_CS420 - Bumblebee Mattermost/span_CS420_channelHeaderDropdownIcon' (Root cause: com.kms.katalon.core.exception.StepFailedException: Unable to click on object 'Object Repository/3_Edit_Channel/Mute_Channel/Page_CS420 - Bumblebee Mattermost/span_CS420_channelHeaderDropdownIcon'
	at com.kms.katalon.core.webui.keyword.internal.WebUIKeywordMain.stepFailed(WebUIKeywordMain.groovy:64)
	at com.kms.katalon.core.webui.keyword.internal.WebUIKeywordMain.runKeyword(WebUIKeywordMain.groovy:26)
	at com.kms.katalon.core.webui.keyword.builtin.ClickKeyword.click(ClickKeyword.groovy:102)
	at com.kms.katalon.core.webui.keyword.builtin.ClickKeyword.execute(ClickKeyword.groovy:43)
	at com.kms.katalon.core.keyword.internal.KeywordExecutor.executeKeywordForPlatform(KeywordExecutor.groovy:72)
	at com.kms.katalon.core.webui.keyword.WebUiBuiltInKeywords.click(WebUiBuiltInKeywords.groovy:616)
	at com.kms.katalon.core.webui.keyword.WebUiBuiltInKeywords$click$1.call(Unknown Source)
	at Mute_Channel.run(Mute_Channel:23)
	at com.kms.katalon.core.main.ScriptEngine.run(ScriptEngine.java:194)
	at com.kms.katalon.core.main.ScriptEngine.runScriptAsRawText(ScriptEngine.java:119)
	at com.kms.katalon.core.main.TestCaseExecutor.runScript(TestCaseExecutor.java:337)
	at com.kms.katalon.core.main.TestCaseExecutor.doExecute(TestCaseExecutor.java:328)
	at com.kms.katalon.core.main.TestCaseExecutor.processExecutionPhase(TestCaseExecutor.java:307)
	at com.kms.katalon.core.main.TestCaseExecutor.accessMainPhase(TestCaseExecutor.java:299)
	at com.kms.katalon.core.main.TestCaseExecutor.execute(TestCaseExecutor.java:233)
	at com.kms.katalon.core.main.TestSuiteExecutor.accessTestCaseMainPhase(TestSuiteExecutor.java:169)
	at com.kms.katalon.core.main.TestSuiteExecutor.accessTestSuiteMainPhase(TestSuiteExecutor.java:142)
	at com.kms.katalon.core.main.TestSuiteExecutor.execute(TestSuiteExecutor.java:91)
	at com.kms.katalon.core.main.TestCaseMain.startTestSuite(TestCaseMain.java:157)
	at com.kms.katalon.core.main.TestCaseMain$startTestSuite$0.call(Unknown Source)
	at TempTestSuite1577543522490.run(TempTestSuite1577543522490.groovy:36)
Caused by: com.kms.katalon.core.webui.exception.WebElementNotFoundException: Web element with id: 'Object Repository/3_Edit_Channel/Mute_Channel/Page_CS420 - Bumblebee Mattermost/span_CS420_channelHeaderDropdownIcon' located by 'By.xpath: //span[@id='channelHeaderDropdownIcon']' not found
	at com.kms.katalon.core.webui.common.WebUiCommonHelper.findWebElement(WebUiCommonHelper.java:1154)
	at com.kms.katalon.core.webui.keyword.internal.WebUIAbstractKeyword.findWebElement(WebUIAbstractKeyword.groovy:27)
	at com.kms.katalon.core.webui.keyword.internal.WebUIAbstractKeyword.findWebElement(WebUIAbstractKeyword.groovy:26)
	at com.kms.katalon.core.webui.keyword.builtin.ClickKeyword$_click_closure1.doCall(ClickKeyword.groovy:67)
	at com.kms.katalon.core.webui.keyword.builtin.ClickKeyword$_click_closure1.call(ClickKeyword.groovy)
	at com.kms.katalon.core.webui.keyword.internal.WebUIKeywordMain.runKeyword(WebUIKeywordMain.groovy:20)
	at com.kms.katalon.core.webui.keyword.builtin.ClickKeyword.click(ClickKeyword.groovy:102)
	at com.kms.katalon.core.webui.keyword.builtin.ClickKeyword.execute(ClickKeyword.groovy:43)
	at com.kms.katalon.core.keyword.internal.KeywordExecutor.executeKeywordForPlatform(KeywordExecutor.groovy:72)
	at com.kms.katalon.core.webui.keyword.WebUiBuiltInKeywords.click(WebUiBuiltInKeywords.groovy:616)
	at com.kms.katalon.core.webui.keyword.WebUiBuiltInKeywords$click$1.call(Unknown Source)
	at Script1576846083111.run(Script1576846083111.groovy:23)
	... 13 more
)
[[ATTACHMENT|/Users/nguyentri/Desktop/Learn/SoftwareEngineer/mattermost-duo-test/Reports/20191228_213202/Run_all_test_cases/20191228_213202/1577544490368.png]]]]></system-out>
         <system-err><![CDATA[2019-12-28 21:47:24 - [TEST_CASE][FAILED] - Test Cases/3_Edit_Channel/Mute_Channel: Test Cases/3_Edit_Channel/Mute_Channel FAILED.
Reason:
com.kms.katalon.core.exception.StepFailedException: Unable to click on object 'Object Repository/3_Edit_Channel/Mute_Channel/Page_CS420 - Bumblebee Mattermost/span_CS420_channelHeaderDropdownIcon'
	at com.kms.katalon.core.webui.keyword.internal.WebUIKeywordMain.stepFailed(WebUIKeywordMain.groovy:64)
	at com.kms.katalon.core.webui.keyword.internal.WebUIKeywordMain.runKeyword(WebUIKeywordMain.groovy:26)
	at com.kms.katalon.core.webui.keyword.builtin.ClickKeyword.click(ClickKeyword.groovy:102)
	at com.kms.katalon.core.webui.keyword.builtin.ClickKeyword.execute(ClickKeyword.groovy:43)
	at com.kms.katalon.core.keyword.internal.KeywordExecutor.executeKeywordForPlatform(KeywordExecutor.groovy:72)
	at com.kms.katalon.core.webui.keyword.WebUiBuiltInKeywords.click(WebUiBuiltInKeywords.groovy:616)
	at com.kms.katalon.core.webui.keyword.WebUiBuiltInKeywords$click$1.call(Unknown Source)
	at Mute_Channel.run(Mute_Channel:23)
	at com.kms.katalon.core.main.ScriptEngine.run(ScriptEngine.java:194)
	at com.kms.katalon.core.main.ScriptEngine.runScriptAsRawText(ScriptEngine.java:119)
	at com.kms.katalon.core.main.TestCaseExecutor.runScript(TestCaseExecutor.java:337)
	at com.kms.katalon.core.main.TestCaseExecutor.doExecute(TestCaseExecutor.java:328)
	at com.kms.katalon.core.main.TestCaseExecutor.processExecutionPhase(TestCaseExecutor.java:307)
	at com.kms.katalon.core.main.TestCaseExecutor.accessMainPhase(TestCaseExecutor.java:299)
	at com.kms.katalon.core.main.TestCaseExecutor.execute(TestCaseExecutor.java:233)
	at com.kms.katalon.core.main.TestSuiteExecutor.accessTestCaseMainPhase(TestSuiteExecutor.java:169)
	at com.kms.katalon.core.main.TestSuiteExecutor.accessTestSuiteMainPhase(TestSuiteExecutor.java:142)
	at com.kms.katalon.core.main.TestSuiteExecutor.execute(TestSuiteExecutor.java:91)
	at com.kms.katalon.core.main.TestCaseMain.startTestSuite(TestCaseMain.java:157)
	at com.kms.katalon.core.main.TestCaseMain$startTestSuite$0.call(Unknown Source)
	at TempTestSuite1577543522490.run(TempTestSuite1577543522490.groovy:36)
Caused by: com.kms.katalon.core.webui.exception.WebElementNotFoundException: Web element with id: 'Object Repository/3_Edit_Channel/Mute_Channel/Page_CS420 - Bumblebee Mattermost/span_CS420_channelHeaderDropdownIcon' located by 'By.xpath: //span[@id='channelHeaderDropdownIcon']' not found
	at com.kms.katalon.core.webui.common.WebUiCommonHelper.findWebElement(WebUiCommonHelper.java:1154)
	at com.kms.katalon.core.webui.keyword.internal.WebUIAbstractKeyword.findWebElement(WebUIAbstractKeyword.groovy:27)
	at com.kms.katalon.core.webui.keyword.internal.WebUIAbstractKeyword.findWebElement(WebUIAbstractKeyword.groovy:26)
	at com.kms.katalon.core.webui.keyword.builtin.ClickKeyword$_click_closure1.doCall(ClickKeyword.groovy:67)
	at com.kms.katalon.core.webui.keyword.builtin.ClickKeyword$_click_closure1.call(ClickKeyword.groovy)
	at com.kms.katalon.core.webui.keyword.internal.WebUIKeywordMain.runKeyword(WebUIKeywordMain.groovy:20)
	... 19 more]]></system-err>
      </testcase>
      <testcase name="Test Cases/3_Edit_Channel/Ignore_Mentions_For_Channels" time="47.143" classname="Test Cases/3_Edit_Channel/Ignore_Mentions_For_Channels" status="FAILED">
         <failure type="FAILED" message="Test Cases/3_Edit_Channel/Ignore_Mentions_For_Channels FAILED.
Reason:
com.kms.katalon.core.exception.StepFailedException: Unable to click on object 'Object Repository/3_Edit_Channel/Ignore_Mentions_For_Channels/Page_CS420 - Bumblebee Mattermost/span_CS420_channelHeaderDropdownIcon'
	at com.kms.katalon.core.webui.keyword.internal.WebUIKeywordMain.stepFailed(WebUIKeywordMain.groovy:64)
	at com.kms.katalon.core.webui.keyword.internal.WebUIKeywordMain.runKeyword(WebUIKeywordMain.groovy:26)
	at com.kms.katalon.core.webui.keyword.builtin.ClickKeyword.click(ClickKeyword.groovy:102)
	at com.kms.katalon.core.webui.keyword.builtin.ClickKeyword.execute(ClickKeyword.groovy:43)
	at com.kms.katalon.core.keyword.internal.KeywordExecutor.executeKeywordForPlatform(KeywordExecutor.groovy:72)
	at com.kms.katalon.core.webui.keyword.WebUiBuiltInKeywords.click(WebUiBuiltInKeywords.groovy:616)
	at com.kms.katalon.core.webui.keyword.WebUiBuiltInKeywords$click$1.call(Unknown Source)
	at Ignore_Mentions_For_Channels.run(Ignore_Mentions_For_Channels:23)
	at com.kms.katalon.core.main.ScriptEngine.run(ScriptEngine.java:194)
	at com.kms.katalon.core.main.ScriptEngine.runScriptAsRawText(ScriptEngine.java:119)
	at com.kms.katalon.core.main.TestCaseExecutor.runScript(TestCaseExecutor.java:337)
	at com.kms.katalon.core.main.TestCaseExecutor.doExecute(TestCaseExecutor.java:328)
	at com.kms.katalon.core.main.TestCaseExecutor.processExecutionPhase(TestCaseExecutor.java:307)
	at com.kms.katalon.core.main.TestCaseExecutor.accessMainPhase(TestCaseExecutor.java:299)
	at com.kms.katalon.core.main.TestCaseExecutor.execute(TestCaseExecutor.java:233)
	at com.kms.katalon.core.main.TestSuiteExecutor.accessTestCaseMainPhase(TestSuiteExecutor.java:169)
	at com.kms.katalon.core.main.TestSuiteExecutor.accessTestSuiteMainPhase(TestSuiteExecutor.java:142)
	at com.kms.katalon.core.main.TestSuiteExecutor.execute(TestSuiteExecutor.java:91)
	at com.kms.katalon.core.main.TestCaseMain.startTestSuite(TestCaseMain.java:157)
	at com.kms.katalon.core.main.TestCaseMain$startTestSuite$0.call(Unknown Source)
	at TempTestSuite1577543522490.run(TempTestSuite1577543522490.groovy:36)
Caused by: com.kms.katalon.core.webui.exception.WebElementNotFoundException: Web element with id: 'Object Repository/3_Edit_Channel/Ignore_Mentions_For_Channels/Page_CS420 - Bumblebee Mattermost/span_CS420_channelHeaderDropdownIcon' located by 'By.xpath: //span[@id='channelHeaderDropdownIcon']' not found
	at com.kms.katalon.core.webui.common.WebUiCommonHelper.findWebElement(WebUiCommonHelper.java:1154)
	at com.kms.katalon.core.webui.keyword.internal.WebUIAbstractKeyword.findWebElement(WebUIAbstractKeyword.groovy:27)
	at com.kms.katalon.core.webui.keyword.internal.WebUIAbstractKeyword.findWebElement(WebUIAbstractKeyword.groovy:26)
	at com.kms.katalon.core.webui.keyword.builtin.ClickKeyword$_click_closure1.doCall(ClickKeyword.groovy:67)
	at com.kms.katalon.core.webui.keyword.builtin.ClickKeyword$_click_closure1.call(ClickKeyword.groovy)
	at com.kms.katalon.core.webui.keyword.internal.WebUIKeywordMain.runKeyword(WebUIKeywordMain.groovy:20)
	... 19 more
"/>
         <system-out><![CDATA[2019-12-28 21:48:10 - [TEST_CASE][FAILED] - Test Cases/3_Edit_Channel/Ignore_Mentions_For_Channels: Test Cases/3_Edit_Channel/Ignore_Mentions_For_Channels FAILED.
Reason:
com.kms.katalon.core.exception.StepFailedException: Unable to click on object 'Object Repository/3_Edit_Channel/Ignore_Mentions_For_Channels/Page_CS420 - Bumblebee Mattermost/span_CS420_channelHeaderDropdownIcon'
	at com.kms.katalon.core.webui.keyword.internal.WebUIKeywordMain.stepFailed(WebUIKeywordMain.groovy:64)
	at com.kms.katalon.core.webui.keyword.internal.WebUIKeywordMain.runKeyword(WebUIKeywordMain.groovy:26)
	at com.kms.katalon.core.webui.keyword.builtin.ClickKeyword.click(ClickKeyword.groovy:102)
	at com.kms.katalon.core.webui.keyword.builtin.ClickKeyword.execute(ClickKeyword.groovy:43)
	at com.kms.katalon.core.keyword.internal.KeywordExecutor.executeKeywordForPlatform(KeywordExecutor.groovy:72)
	at com.kms.katalon.core.webui.keyword.WebUiBuiltInKeywords.click(WebUiBuiltInKeywords.groovy:616)
	at com.kms.katalon.core.webui.keyword.WebUiBuiltInKeywords$click$1.call(Unknown Source)
	at Ignore_Mentions_For_Channels.run(Ignore_Mentions_For_Channels:23)
	at com.kms.katalon.core.main.ScriptEngine.run(ScriptEngine.java:194)
	at com.kms.katalon.core.main.ScriptEngine.runScriptAsRawText(ScriptEngine.java:119)
	at com.kms.katalon.core.main.TestCaseExecutor.runScript(TestCaseExecutor.java:337)
	at com.kms.katalon.core.main.TestCaseExecutor.doExecute(TestCaseExecutor.java:328)
	at com.kms.katalon.core.main.TestCaseExecutor.processExecutionPhase(TestCaseExecutor.java:307)
	at com.kms.katalon.core.main.TestCaseExecutor.accessMainPhase(TestCaseExecutor.java:299)
	at com.kms.katalon.core.main.TestCaseExecutor.execute(TestCaseExecutor.java:233)
	at com.kms.katalon.core.main.TestSuiteExecutor.accessTestCaseMainPhase(TestSuiteExecutor.java:169)
	at com.kms.katalon.core.main.TestSuiteExecutor.accessTestSuiteMainPhase(TestSuiteExecutor.java:142)
	at com.kms.katalon.core.main.TestSuiteExecutor.execute(TestSuiteExecutor.java:91)
	at com.kms.katalon.core.main.TestCaseMain.startTestSuite(TestCaseMain.java:157)
	at com.kms.katalon.core.main.TestCaseMain$startTestSuite$0.call(Unknown Source)
	at TempTestSuite1577543522490.run(TempTestSuite1577543522490.groovy:36)
Caused by: com.kms.katalon.core.webui.exception.WebElementNotFoundException: Web element with id: 'Object Repository/3_Edit_Channel/Ignore_Mentions_For_Channels/Page_CS420 - Bumblebee Mattermost/span_CS420_channelHeaderDropdownIcon' located by 'By.xpath: //span[@id='channelHeaderDropdownIcon']' not found
	at com.kms.katalon.core.webui.common.WebUiCommonHelper.findWebElement(WebUiCommonHelper.java:1154)
	at com.kms.katalon.core.webui.keyword.internal.WebUIAbstractKeyword.findWebElement(WebUIAbstractKeyword.groovy:27)
	at com.kms.katalon.core.webui.keyword.internal.WebUIAbstractKeyword.findWebElement(WebUIAbstractKeyword.groovy:26)
	at com.kms.katalon.core.webui.keyword.builtin.ClickKeyword$_click_closure1.doCall(ClickKeyword.groovy:67)
	at com.kms.katalon.core.webui.keyword.builtin.ClickKeyword$_click_closure1.call(ClickKeyword.groovy)
	at com.kms.katalon.core.webui.keyword.internal.WebUIKeywordMain.runKeyword(WebUIKeywordMain.groovy:20)
	... 19 more


2019-12-28 21:48:11 - [TEST_STEP][PASSED] - openBrowser(""): Browser is opened with url: ''

2019-12-28 21:48:11 - [MESSAGE][PASSED] - Browser is opened with url: ''

2019-12-28 21:48:11 - [TEST_STEP][PASSED] - navigateToUrl("http://localhost:8065/"): Navigate to 'http://localhost:8065/' successfully

2019-12-28 21:48:12 - [MESSAGE][PASSED] - Navigate to 'http://localhost:8065/' successfully

2019-12-28 21:48:12 - [TEST_STEP][FAILED] - click(findTestObject("3_Edit_Channel/Ignore_Mentions_For_Channels/Page_CS420 - Bumblebee Mattermost/span_CS420_channelHeaderDropdownIcon")): Unable to click on object 'Object Repository/3_Edit_Channel/Ignore_Mentions_For_Channels/Page_CS420 - Bumblebee Mattermost/span_CS420_channelHeaderDropdownIcon' (Root cause: com.kms.katalon.core.exception.StepFailedException: Unable to click on object 'Object Repository/3_Edit_Channel/Ignore_Mentions_For_Channels/Page_CS420 - Bumblebee Mattermost/span_CS420_channelHeaderDropdownIcon'
	at com.kms.katalon.core.webui.keyword.internal.WebUIKeywordMain.stepFailed(WebUIKeywordMain.groovy:64)
	at com.kms.katalon.core.webui.keyword.internal.WebUIKeywordMain.runKeyword(WebUIKeywordMain.groovy:26)
	at com.kms.katalon.core.webui.keyword.builtin.ClickKeyword.click(ClickKeyword.groovy:102)
	at com.kms.katalon.core.webui.keyword.builtin.ClickKeyword.execute(ClickKeyword.groovy:43)
	at com.kms.katalon.core.keyword.internal.KeywordExecutor.executeKeywordForPlatform(KeywordExecutor.groovy:72)
	at com.kms.katalon.core.webui.keyword.WebUiBuiltInKeywords.click(WebUiBuiltInKeywords.groovy:616)
	at com.kms.katalon.core.webui.keyword.WebUiBuiltInKeywords$click$1.call(Unknown Source)
	at Ignore_Mentions_For_Channels.run(Ignore_Mentions_For_Channels:23)
	at com.kms.katalon.core.main.ScriptEngine.run(ScriptEngine.java:194)
	at com.kms.katalon.core.main.ScriptEngine.runScriptAsRawText(ScriptEngine.java:119)
	at com.kms.katalon.core.main.TestCaseExecutor.runScript(TestCaseExecutor.java:337)
	at com.kms.katalon.core.main.TestCaseExecutor.doExecute(TestCaseExecutor.java:328)
	at com.kms.katalon.core.main.TestCaseExecutor.processExecutionPhase(TestCaseExecutor.java:307)
	at com.kms.katalon.core.main.TestCaseExecutor.accessMainPhase(TestCaseExecutor.java:299)
	at com.kms.katalon.core.main.TestCaseExecutor.execute(TestCaseExecutor.java:233)
	at com.kms.katalon.core.main.TestSuiteExecutor.accessTestCaseMainPhase(TestSuiteExecutor.java:169)
	at com.kms.katalon.core.main.TestSuiteExecutor.accessTestSuiteMainPhase(TestSuiteExecutor.java:142)
	at com.kms.katalon.core.main.TestSuiteExecutor.execute(TestSuiteExecutor.java:91)
	at com.kms.katalon.core.main.TestCaseMain.startTestSuite(TestCaseMain.java:157)
	at com.kms.katalon.core.main.TestCaseMain$startTestSuite$0.call(Unknown Source)
	at TempTestSuite1577543522490.run(TempTestSuite1577543522490.groovy:36)
Caused by: com.kms.katalon.core.webui.exception.WebElementNotFoundException: Web element with id: 'Object Repository/3_Edit_Channel/Ignore_Mentions_For_Channels/Page_CS420 - Bumblebee Mattermost/span_CS420_channelHeaderDropdownIcon' located by 'By.xpath: //span[@id='channelHeaderDropdownIcon']' not found
	at com.kms.katalon.core.webui.common.WebUiCommonHelper.findWebElement(WebUiCommonHelper.java:1154)
	at com.kms.katalon.core.webui.keyword.internal.WebUIAbstractKeyword.findWebElement(WebUIAbstractKeyword.groovy:27)
	at com.kms.katalon.core.webui.keyword.internal.WebUIAbstractKeyword.findWebElement(WebUIAbstractKeyword.groovy:26)
	at com.kms.katalon.core.webui.keyword.builtin.ClickKeyword$_click_closure1.doCall(ClickKeyword.groovy:67)
	at com.kms.katalon.core.webui.keyword.builtin.ClickKeyword$_click_closure1.call(ClickKeyword.groovy)
	at com.kms.katalon.core.webui.keyword.internal.WebUIKeywordMain.runKeyword(WebUIKeywordMain.groovy:20)
	at com.kms.katalon.core.webui.keyword.builtin.ClickKeyword.click(ClickKeyword.groovy:102)
	at com.kms.katalon.core.webui.keyword.builtin.ClickKeyword.execute(ClickKeyword.groovy:43)
	at com.kms.katalon.core.keyword.internal.KeywordExecutor.executeKeywordForPlatform(KeywordExecutor.groovy:72)
	at com.kms.katalon.core.webui.keyword.WebUiBuiltInKeywords.click(WebUiBuiltInKeywords.groovy:616)
	at com.kms.katalon.core.webui.keyword.WebUiBuiltInKeywords$click$1.call(Unknown Source)
	at Script1576846057687.run(Script1576846057687.groovy:23)
	... 13 more
)

2019-12-28 21:48:56 - [MESSAGE][INFO] - Unable to find the element located by 'By.xpath: //span[@id='channelHeaderDropdownIcon']'. Please recheck the objects properties to make sure the desired element is located. 

2019-12-28 21:48:56 - [MESSAGE][INFO] - [SMART_XPATH] Auto-trying out other XPath values in the test object.

2019-12-28 21:48:56 - [MESSAGE][INFO] - [SMART_XPATH] FAILED XPATH: '//span[@id='channelHeaderDropdownIcon']'.

2019-12-28 21:48:57 - [MESSAGE][INFO] - [SMART_XPATH] FAILED XPATH: '//div[@id='channelHeaderDropdownButton']/button/span'.

2019-12-28 21:48:57 - [MESSAGE][INFO] - [SMART_XPATH] FAILED XPATH: '//div[2]/div/div/div/div/div/div/div/button/span'.

2019-12-28 21:48:57 - [MESSAGE][INFO] - [SMART_XPATH] No working XPath is found.

2019-12-28 21:48:57 - [MESSAGE][FAILED] - Unable to click on object 'Object Repository/3_Edit_Channel/Ignore_Mentions_For_Channels/Page_CS420 - Bumblebee Mattermost/span_CS420_channelHeaderDropdownIcon' (Root cause: com.kms.katalon.core.exception.StepFailedException: Unable to click on object 'Object Repository/3_Edit_Channel/Ignore_Mentions_For_Channels/Page_CS420 - Bumblebee Mattermost/span_CS420_channelHeaderDropdownIcon'
	at com.kms.katalon.core.webui.keyword.internal.WebUIKeywordMain.stepFailed(WebUIKeywordMain.groovy:64)
	at com.kms.katalon.core.webui.keyword.internal.WebUIKeywordMain.runKeyword(WebUIKeywordMain.groovy:26)
	at com.kms.katalon.core.webui.keyword.builtin.ClickKeyword.click(ClickKeyword.groovy:102)
	at com.kms.katalon.core.webui.keyword.builtin.ClickKeyword.execute(ClickKeyword.groovy:43)
	at com.kms.katalon.core.keyword.internal.KeywordExecutor.executeKeywordForPlatform(KeywordExecutor.groovy:72)
	at com.kms.katalon.core.webui.keyword.WebUiBuiltInKeywords.click(WebUiBuiltInKeywords.groovy:616)
	at com.kms.katalon.core.webui.keyword.WebUiBuiltInKeywords$click$1.call(Unknown Source)
	at Ignore_Mentions_For_Channels.run(Ignore_Mentions_For_Channels:23)
	at com.kms.katalon.core.main.ScriptEngine.run(ScriptEngine.java:194)
	at com.kms.katalon.core.main.ScriptEngine.runScriptAsRawText(ScriptEngine.java:119)
	at com.kms.katalon.core.main.TestCaseExecutor.runScript(TestCaseExecutor.java:337)
	at com.kms.katalon.core.main.TestCaseExecutor.doExecute(TestCaseExecutor.java:328)
	at com.kms.katalon.core.main.TestCaseExecutor.processExecutionPhase(TestCaseExecutor.java:307)
	at com.kms.katalon.core.main.TestCaseExecutor.accessMainPhase(TestCaseExecutor.java:299)
	at com.kms.katalon.core.main.TestCaseExecutor.execute(TestCaseExecutor.java:233)
	at com.kms.katalon.core.main.TestSuiteExecutor.accessTestCaseMainPhase(TestSuiteExecutor.java:169)
	at com.kms.katalon.core.main.TestSuiteExecutor.accessTestSuiteMainPhase(TestSuiteExecutor.java:142)
	at com.kms.katalon.core.main.TestSuiteExecutor.execute(TestSuiteExecutor.java:91)
	at com.kms.katalon.core.main.TestCaseMain.startTestSuite(TestCaseMain.java:157)
	at com.kms.katalon.core.main.TestCaseMain$startTestSuite$0.call(Unknown Source)
	at TempTestSuite1577543522490.run(TempTestSuite1577543522490.groovy:36)
Caused by: com.kms.katalon.core.webui.exception.WebElementNotFoundException: Web element with id: 'Object Repository/3_Edit_Channel/Ignore_Mentions_For_Channels/Page_CS420 - Bumblebee Mattermost/span_CS420_channelHeaderDropdownIcon' located by 'By.xpath: //span[@id='channelHeaderDropdownIcon']' not found
	at com.kms.katalon.core.webui.common.WebUiCommonHelper.findWebElement(WebUiCommonHelper.java:1154)
	at com.kms.katalon.core.webui.keyword.internal.WebUIAbstractKeyword.findWebElement(WebUIAbstractKeyword.groovy:27)
	at com.kms.katalon.core.webui.keyword.internal.WebUIAbstractKeyword.findWebElement(WebUIAbstractKeyword.groovy:26)
	at com.kms.katalon.core.webui.keyword.builtin.ClickKeyword$_click_closure1.doCall(ClickKeyword.groovy:67)
	at com.kms.katalon.core.webui.keyword.builtin.ClickKeyword$_click_closure1.call(ClickKeyword.groovy)
	at com.kms.katalon.core.webui.keyword.internal.WebUIKeywordMain.runKeyword(WebUIKeywordMain.groovy:20)
	at com.kms.katalon.core.webui.keyword.builtin.ClickKeyword.click(ClickKeyword.groovy:102)
	at com.kms.katalon.core.webui.keyword.builtin.ClickKeyword.execute(ClickKeyword.groovy:43)
	at com.kms.katalon.core.keyword.internal.KeywordExecutor.executeKeywordForPlatform(KeywordExecutor.groovy:72)
	at com.kms.katalon.core.webui.keyword.WebUiBuiltInKeywords.click(WebUiBuiltInKeywords.groovy:616)
	at com.kms.katalon.core.webui.keyword.WebUiBuiltInKeywords$click$1.call(Unknown Source)
	at Script1576846057687.run(Script1576846057687.groovy:23)
	... 13 more
)
[[ATTACHMENT|/Users/nguyentri/Desktop/Learn/SoftwareEngineer/mattermost-duo-test/Reports/20191228_213202/Run_all_test_cases/20191228_213202/1577544537398.png]]]]></system-out>
         <system-err><![CDATA[2019-12-28 21:48:10 - [TEST_CASE][FAILED] - Test Cases/3_Edit_Channel/Ignore_Mentions_For_Channels: Test Cases/3_Edit_Channel/Ignore_Mentions_For_Channels FAILED.
Reason:
com.kms.katalon.core.exception.StepFailedException: Unable to click on object 'Object Repository/3_Edit_Channel/Ignore_Mentions_For_Channels/Page_CS420 - Bumblebee Mattermost/span_CS420_channelHeaderDropdownIcon'
	at com.kms.katalon.core.webui.keyword.internal.WebUIKeywordMain.stepFailed(WebUIKeywordMain.groovy:64)
	at com.kms.katalon.core.webui.keyword.internal.WebUIKeywordMain.runKeyword(WebUIKeywordMain.groovy:26)
	at com.kms.katalon.core.webui.keyword.builtin.ClickKeyword.click(ClickKeyword.groovy:102)
	at com.kms.katalon.core.webui.keyword.builtin.ClickKeyword.execute(ClickKeyword.groovy:43)
	at com.kms.katalon.core.keyword.internal.KeywordExecutor.executeKeywordForPlatform(KeywordExecutor.groovy:72)
	at com.kms.katalon.core.webui.keyword.WebUiBuiltInKeywords.click(WebUiBuiltInKeywords.groovy:616)
	at com.kms.katalon.core.webui.keyword.WebUiBuiltInKeywords$click$1.call(Unknown Source)
	at Ignore_Mentions_For_Channels.run(Ignore_Mentions_For_Channels:23)
	at com.kms.katalon.core.main.ScriptEngine.run(ScriptEngine.java:194)
	at com.kms.katalon.core.main.ScriptEngine.runScriptAsRawText(ScriptEngine.java:119)
	at com.kms.katalon.core.main.TestCaseExecutor.runScript(TestCaseExecutor.java:337)
	at com.kms.katalon.core.main.TestCaseExecutor.doExecute(TestCaseExecutor.java:328)
	at com.kms.katalon.core.main.TestCaseExecutor.processExecutionPhase(TestCaseExecutor.java:307)
	at com.kms.katalon.core.main.TestCaseExecutor.accessMainPhase(TestCaseExecutor.java:299)
	at com.kms.katalon.core.main.TestCaseExecutor.execute(TestCaseExecutor.java:233)
	at com.kms.katalon.core.main.TestSuiteExecutor.accessTestCaseMainPhase(TestSuiteExecutor.java:169)
	at com.kms.katalon.core.main.TestSuiteExecutor.accessTestSuiteMainPhase(TestSuiteExecutor.java:142)
	at com.kms.katalon.core.main.TestSuiteExecutor.execute(TestSuiteExecutor.java:91)
	at com.kms.katalon.core.main.TestCaseMain.startTestSuite(TestCaseMain.java:157)
	at com.kms.katalon.core.main.TestCaseMain$startTestSuite$0.call(Unknown Source)
	at TempTestSuite1577543522490.run(TempTestSuite1577543522490.groovy:36)
Caused by: com.kms.katalon.core.webui.exception.WebElementNotFoundException: Web element with id: 'Object Repository/3_Edit_Channel/Ignore_Mentions_For_Channels/Page_CS420 - Bumblebee Mattermost/span_CS420_channelHeaderDropdownIcon' located by 'By.xpath: //span[@id='channelHeaderDropdownIcon']' not found
	at com.kms.katalon.core.webui.common.WebUiCommonHelper.findWebElement(WebUiCommonHelper.java:1154)
	at com.kms.katalon.core.webui.keyword.internal.WebUIAbstractKeyword.findWebElement(WebUIAbstractKeyword.groovy:27)
	at com.kms.katalon.core.webui.keyword.internal.WebUIAbstractKeyword.findWebElement(WebUIAbstractKeyword.groovy:26)
	at com.kms.katalon.core.webui.keyword.builtin.ClickKeyword$_click_closure1.doCall(ClickKeyword.groovy:67)
	at com.kms.katalon.core.webui.keyword.builtin.ClickKeyword$_click_closure1.call(ClickKeyword.groovy)
	at com.kms.katalon.core.webui.keyword.internal.WebUIKeywordMain.runKeyword(WebUIKeywordMain.groovy:20)
	... 19 more]]></system-err>
      </testcase>
      <testcase name="Test Cases/3_Edit_Channel/Send_Channel_Desktop_Notifications_(For_all_activity)" time="47.923" classname="Test Cases/3_Edit_Channel/Send_Channel_Desktop_Notifications_(For_all_activity)" status="FAILED">
         <failure type="FAILED" message="Test Cases/3_Edit_Channel/Send_Channel_Desktop_Notifications_(For_all_activity) FAILED.
Reason:
com.kms.katalon.core.exception.StepFailedException: Unable to click on object 'Object Repository/3_Edit_Channel/Send_Channel_Desktop_Notifications_(For_all_activity)/Page_CS420 - Bumblebee Mattermost/span_CS420_channelHeaderDropdownIcon'
	at com.kms.katalon.core.webui.keyword.internal.WebUIKeywordMain.stepFailed(WebUIKeywordMain.groovy:64)
	at com.kms.katalon.core.webui.keyword.internal.WebUIKeywordMain.runKeyword(WebUIKeywordMain.groovy:26)
	at com.kms.katalon.core.webui.keyword.builtin.ClickKeyword.click(ClickKeyword.groovy:102)
	at com.kms.katalon.core.webui.keyword.builtin.ClickKeyword.execute(ClickKeyword.groovy:43)
	at com.kms.katalon.core.keyword.internal.KeywordExecutor.executeKeywordForPlatform(KeywordExecutor.groovy:72)
	at com.kms.katalon.core.webui.keyword.WebUiBuiltInKeywords.click(WebUiBuiltInKeywords.groovy:616)
	at com.kms.katalon.core.webui.keyword.WebUiBuiltInKeywords$click$1.call(Unknown Source)
	at Send_Channel_Desktop_Notifications_(For_all_activity).run(Send_Channel_Desktop_Notifications_(For_all_activity):23)
	at com.kms.katalon.core.main.ScriptEngine.run(ScriptEngine.java:194)
	at com.kms.katalon.core.main.ScriptEngine.runScriptAsRawText(ScriptEngine.java:119)
	at com.kms.katalon.core.main.TestCaseExecutor.runScript(TestCaseExecutor.java:337)
	at com.kms.katalon.core.main.TestCaseExecutor.doExecute(TestCaseExecutor.java:328)
	at com.kms.katalon.core.main.TestCaseExecutor.processExecutionPhase(TestCaseExecutor.java:307)
	at com.kms.katalon.core.main.TestCaseExecutor.accessMainPhase(TestCaseExecutor.java:299)
	at com.kms.katalon.core.main.TestCaseExecutor.execute(TestCaseExecutor.java:233)
	at com.kms.katalon.core.main.TestSuiteExecutor.accessTestCaseMainPhase(TestSuiteExecutor.java:169)
	at com.kms.katalon.core.main.TestSuiteExecutor.accessTestSuiteMainPhase(TestSuiteExecutor.java:142)
	at com.kms.katalon.core.main.TestSuiteExecutor.execute(TestSuiteExecutor.java:91)
	at com.kms.katalon.core.main.TestCaseMain.startTestSuite(TestCaseMain.java:157)
	at com.kms.katalon.core.main.TestCaseMain$startTestSuite$0.call(Unknown Source)
	at TempTestSuite1577543522490.run(TempTestSuite1577543522490.groovy:36)
Caused by: com.kms.katalon.core.webui.exception.WebElementNotFoundException: Web element with id: 'Object Repository/3_Edit_Channel/Send_Channel_Desktop_Notifications_(For_all_activity)/Page_CS420 - Bumblebee Mattermost/span_CS420_channelHeaderDropdownIcon' located by 'By.xpath: //span[@id='channelHeaderDropdownIcon']' not found
	at com.kms.katalon.core.webui.common.WebUiCommonHelper.findWebElement(WebUiCommonHelper.java:1154)
	at com.kms.katalon.core.webui.keyword.internal.WebUIAbstractKeyword.findWebElement(WebUIAbstractKeyword.groovy:27)
	at com.kms.katalon.core.webui.keyword.internal.WebUIAbstractKeyword.findWebElement(WebUIAbstractKeyword.groovy:26)
	at com.kms.katalon.core.webui.keyword.builtin.ClickKeyword$_click_closure1.doCall(ClickKeyword.groovy:67)
	at com.kms.katalon.core.webui.keyword.builtin.ClickKeyword$_click_closure1.call(ClickKeyword.groovy)
	at com.kms.katalon.core.webui.keyword.internal.WebUIKeywordMain.runKeyword(WebUIKeywordMain.groovy:20)
	... 19 more
"/>
         <system-out><![CDATA[2019-12-28 21:48:57 - [TEST_CASE][FAILED] - Test Cases/3_Edit_Channel/Send_Channel_Desktop_Notifications_(For_all_activity): Test Cases/3_Edit_Channel/Send_Channel_Desktop_Notifications_(For_all_activity) FAILED.
Reason:
com.kms.katalon.core.exception.StepFailedException: Unable to click on object 'Object Repository/3_Edit_Channel/Send_Channel_Desktop_Notifications_(For_all_activity)/Page_CS420 - Bumblebee Mattermost/span_CS420_channelHeaderDropdownIcon'
	at com.kms.katalon.core.webui.keyword.internal.WebUIKeywordMain.stepFailed(WebUIKeywordMain.groovy:64)
	at com.kms.katalon.core.webui.keyword.internal.WebUIKeywordMain.runKeyword(WebUIKeywordMain.groovy:26)
	at com.kms.katalon.core.webui.keyword.builtin.ClickKeyword.click(ClickKeyword.groovy:102)
	at com.kms.katalon.core.webui.keyword.builtin.ClickKeyword.execute(ClickKeyword.groovy:43)
	at com.kms.katalon.core.keyword.internal.KeywordExecutor.executeKeywordForPlatform(KeywordExecutor.groovy:72)
	at com.kms.katalon.core.webui.keyword.WebUiBuiltInKeywords.click(WebUiBuiltInKeywords.groovy:616)
	at com.kms.katalon.core.webui.keyword.WebUiBuiltInKeywords$click$1.call(Unknown Source)
	at Send_Channel_Desktop_Notifications_(For_all_activity).run(Send_Channel_Desktop_Notifications_(For_all_activity):23)
	at com.kms.katalon.core.main.ScriptEngine.run(ScriptEngine.java:194)
	at com.kms.katalon.core.main.ScriptEngine.runScriptAsRawText(ScriptEngine.java:119)
	at com.kms.katalon.core.main.TestCaseExecutor.runScript(TestCaseExecutor.java:337)
	at com.kms.katalon.core.main.TestCaseExecutor.doExecute(TestCaseExecutor.java:328)
	at com.kms.katalon.core.main.TestCaseExecutor.processExecutionPhase(TestCaseExecutor.java:307)
	at com.kms.katalon.core.main.TestCaseExecutor.accessMainPhase(TestCaseExecutor.java:299)
	at com.kms.katalon.core.main.TestCaseExecutor.execute(TestCaseExecutor.java:233)
	at com.kms.katalon.core.main.TestSuiteExecutor.accessTestCaseMainPhase(TestSuiteExecutor.java:169)
	at com.kms.katalon.core.main.TestSuiteExecutor.accessTestSuiteMainPhase(TestSuiteExecutor.java:142)
	at com.kms.katalon.core.main.TestSuiteExecutor.execute(TestSuiteExecutor.java:91)
	at com.kms.katalon.core.main.TestCaseMain.startTestSuite(TestCaseMain.java:157)
	at com.kms.katalon.core.main.TestCaseMain$startTestSuite$0.call(Unknown Source)
	at TempTestSuite1577543522490.run(TempTestSuite1577543522490.groovy:36)
Caused by: com.kms.katalon.core.webui.exception.WebElementNotFoundException: Web element with id: 'Object Repository/3_Edit_Channel/Send_Channel_Desktop_Notifications_(For_all_activity)/Page_CS420 - Bumblebee Mattermost/span_CS420_channelHeaderDropdownIcon' located by 'By.xpath: //span[@id='channelHeaderDropdownIcon']' not found
	at com.kms.katalon.core.webui.common.WebUiCommonHelper.findWebElement(WebUiCommonHelper.java:1154)
	at com.kms.katalon.core.webui.keyword.internal.WebUIAbstractKeyword.findWebElement(WebUIAbstractKeyword.groovy:27)
	at com.kms.katalon.core.webui.keyword.internal.WebUIAbstractKeyword.findWebElement(WebUIAbstractKeyword.groovy:26)
	at com.kms.katalon.core.webui.keyword.builtin.ClickKeyword$_click_closure1.doCall(ClickKeyword.groovy:67)
	at com.kms.katalon.core.webui.keyword.builtin.ClickKeyword$_click_closure1.call(ClickKeyword.groovy)
	at com.kms.katalon.core.webui.keyword.internal.WebUIKeywordMain.runKeyword(WebUIKeywordMain.groovy:20)
	... 19 more


2019-12-28 21:48:58 - [TEST_STEP][PASSED] - openBrowser(""): Browser is opened with url: ''

2019-12-28 21:48:59 - [MESSAGE][PASSED] - Browser is opened with url: ''

2019-12-28 21:48:59 - [TEST_STEP][PASSED] - navigateToUrl("http://localhost:8065/"): Navigate to 'http://localhost:8065/' successfully

2019-12-28 21:49:00 - [MESSAGE][PASSED] - Navigate to 'http://localhost:8065/' successfully

2019-12-28 21:49:00 - [TEST_STEP][FAILED] - click(findTestObject("Object Repository/3_Edit_Channel/Send_Channel_Desktop_Notifications_(For_all_activity)/Page_CS420 - Bumblebee Mattermost/span_CS420_channelHeaderDropdownIcon")): Unable to click on object 'Object Repository/3_Edit_Channel/Send_Channel_Desktop_Notifications_(For_all_activity)/Page_CS420 - Bumblebee Mattermost/span_CS420_channelHeaderDropdownIcon' (Root cause: com.kms.katalon.core.exception.StepFailedException: Unable to click on object 'Object Repository/3_Edit_Channel/Send_Channel_Desktop_Notifications_(For_all_activity)/Page_CS420 - Bumblebee Mattermost/span_CS420_channelHeaderDropdownIcon'
	at com.kms.katalon.core.webui.keyword.internal.WebUIKeywordMain.stepFailed(WebUIKeywordMain.groovy:64)
	at com.kms.katalon.core.webui.keyword.internal.WebUIKeywordMain.runKeyword(WebUIKeywordMain.groovy:26)
	at com.kms.katalon.core.webui.keyword.builtin.ClickKeyword.click(ClickKeyword.groovy:102)
	at com.kms.katalon.core.webui.keyword.builtin.ClickKeyword.execute(ClickKeyword.groovy:43)
	at com.kms.katalon.core.keyword.internal.KeywordExecutor.executeKeywordForPlatform(KeywordExecutor.groovy:72)
	at com.kms.katalon.core.webui.keyword.WebUiBuiltInKeywords.click(WebUiBuiltInKeywords.groovy:616)
	at com.kms.katalon.core.webui.keyword.WebUiBuiltInKeywords$click$1.call(Unknown Source)
	at Send_Channel_Desktop_Notifications_(For_all_activity).run(Send_Channel_Desktop_Notifications_(For_all_activity):23)
	at com.kms.katalon.core.main.ScriptEngine.run(ScriptEngine.java:194)
	at com.kms.katalon.core.main.ScriptEngine.runScriptAsRawText(ScriptEngine.java:119)
	at com.kms.katalon.core.main.TestCaseExecutor.runScript(TestCaseExecutor.java:337)
	at com.kms.katalon.core.main.TestCaseExecutor.doExecute(TestCaseExecutor.java:328)
	at com.kms.katalon.core.main.TestCaseExecutor.processExecutionPhase(TestCaseExecutor.java:307)
	at com.kms.katalon.core.main.TestCaseExecutor.accessMainPhase(TestCaseExecutor.java:299)
	at com.kms.katalon.core.main.TestCaseExecutor.execute(TestCaseExecutor.java:233)
	at com.kms.katalon.core.main.TestSuiteExecutor.accessTestCaseMainPhase(TestSuiteExecutor.java:169)
	at com.kms.katalon.core.main.TestSuiteExecutor.accessTestSuiteMainPhase(TestSuiteExecutor.java:142)
	at com.kms.katalon.core.main.TestSuiteExecutor.execute(TestSuiteExecutor.java:91)
	at com.kms.katalon.core.main.TestCaseMain.startTestSuite(TestCaseMain.java:157)
	at com.kms.katalon.core.main.TestCaseMain$startTestSuite$0.call(Unknown Source)
	at TempTestSuite1577543522490.run(TempTestSuite1577543522490.groovy:36)
Caused by: com.kms.katalon.core.webui.exception.WebElementNotFoundException: Web element with id: 'Object Repository/3_Edit_Channel/Send_Channel_Desktop_Notifications_(For_all_activity)/Page_CS420 - Bumblebee Mattermost/span_CS420_channelHeaderDropdownIcon' located by 'By.xpath: //span[@id='channelHeaderDropdownIcon']' not found
	at com.kms.katalon.core.webui.common.WebUiCommonHelper.findWebElement(WebUiCommonHelper.java:1154)
	at com.kms.katalon.core.webui.keyword.internal.WebUIAbstractKeyword.findWebElement(WebUIAbstractKeyword.groovy:27)
	at com.kms.katalon.core.webui.keyword.internal.WebUIAbstractKeyword.findWebElement(WebUIAbstractKeyword.groovy:26)
	at com.kms.katalon.core.webui.keyword.builtin.ClickKeyword$_click_closure1.doCall(ClickKeyword.groovy:67)
	at com.kms.katalon.core.webui.keyword.builtin.ClickKeyword$_click_closure1.call(ClickKeyword.groovy)
	at com.kms.katalon.core.webui.keyword.internal.WebUIKeywordMain.runKeyword(WebUIKeywordMain.groovy:20)
	at com.kms.katalon.core.webui.keyword.builtin.ClickKeyword.click(ClickKeyword.groovy:102)
	at com.kms.katalon.core.webui.keyword.builtin.ClickKeyword.execute(ClickKeyword.groovy:43)
	at com.kms.katalon.core.keyword.internal.KeywordExecutor.executeKeywordForPlatform(KeywordExecutor.groovy:72)
	at com.kms.katalon.core.webui.keyword.WebUiBuiltInKeywords.click(WebUiBuiltInKeywords.groovy:616)
	at com.kms.katalon.core.webui.keyword.WebUiBuiltInKeywords$click$1.call(Unknown Source)
	at Script1576850379012.run(Script1576850379012.groovy:23)
	... 13 more
)

2019-12-28 21:49:44 - [MESSAGE][INFO] - Unable to find the element located by 'By.xpath: //span[@id='channelHeaderDropdownIcon']'. Please recheck the objects properties to make sure the desired element is located. 

2019-12-28 21:49:44 - [MESSAGE][INFO] - [SMART_XPATH] Auto-trying out other XPath values in the test object.

2019-12-28 21:49:44 - [MESSAGE][INFO] - [SMART_XPATH] FAILED XPATH: '//span[@id='channelHeaderDropdownIcon']'.

2019-12-28 21:49:45 - [MESSAGE][INFO] - [SMART_XPATH] FAILED XPATH: '//div[@id='channelHeaderDropdownButton']/button/span'.

2019-12-28 21:49:45 - [MESSAGE][INFO] - [SMART_XPATH] FAILED XPATH: '//div[2]/div/div/div/div/div/div/div/button/span'.

2019-12-28 21:49:45 - [MESSAGE][INFO] - [SMART_XPATH] No working XPath is found.

2019-12-28 21:49:45 - [MESSAGE][FAILED] - Unable to click on object 'Object Repository/3_Edit_Channel/Send_Channel_Desktop_Notifications_(For_all_activity)/Page_CS420 - Bumblebee Mattermost/span_CS420_channelHeaderDropdownIcon' (Root cause: com.kms.katalon.core.exception.StepFailedException: Unable to click on object 'Object Repository/3_Edit_Channel/Send_Channel_Desktop_Notifications_(For_all_activity)/Page_CS420 - Bumblebee Mattermost/span_CS420_channelHeaderDropdownIcon'
	at com.kms.katalon.core.webui.keyword.internal.WebUIKeywordMain.stepFailed(WebUIKeywordMain.groovy:64)
	at com.kms.katalon.core.webui.keyword.internal.WebUIKeywordMain.runKeyword(WebUIKeywordMain.groovy:26)
	at com.kms.katalon.core.webui.keyword.builtin.ClickKeyword.click(ClickKeyword.groovy:102)
	at com.kms.katalon.core.webui.keyword.builtin.ClickKeyword.execute(ClickKeyword.groovy:43)
	at com.kms.katalon.core.keyword.internal.KeywordExecutor.executeKeywordForPlatform(KeywordExecutor.groovy:72)
	at com.kms.katalon.core.webui.keyword.WebUiBuiltInKeywords.click(WebUiBuiltInKeywords.groovy:616)
	at com.kms.katalon.core.webui.keyword.WebUiBuiltInKeywords$click$1.call(Unknown Source)
	at Send_Channel_Desktop_Notifications_(For_all_activity).run(Send_Channel_Desktop_Notifications_(For_all_activity):23)
	at com.kms.katalon.core.main.ScriptEngine.run(ScriptEngine.java:194)
	at com.kms.katalon.core.main.ScriptEngine.runScriptAsRawText(ScriptEngine.java:119)
	at com.kms.katalon.core.main.TestCaseExecutor.runScript(TestCaseExecutor.java:337)
	at com.kms.katalon.core.main.TestCaseExecutor.doExecute(TestCaseExecutor.java:328)
	at com.kms.katalon.core.main.TestCaseExecutor.processExecutionPhase(TestCaseExecutor.java:307)
	at com.kms.katalon.core.main.TestCaseExecutor.accessMainPhase(TestCaseExecutor.java:299)
	at com.kms.katalon.core.main.TestCaseExecutor.execute(TestCaseExecutor.java:233)
	at com.kms.katalon.core.main.TestSuiteExecutor.accessTestCaseMainPhase(TestSuiteExecutor.java:169)
	at com.kms.katalon.core.main.TestSuiteExecutor.accessTestSuiteMainPhase(TestSuiteExecutor.java:142)
	at com.kms.katalon.core.main.TestSuiteExecutor.execute(TestSuiteExecutor.java:91)
	at com.kms.katalon.core.main.TestCaseMain.startTestSuite(TestCaseMain.java:157)
	at com.kms.katalon.core.main.TestCaseMain$startTestSuite$0.call(Unknown Source)
	at TempTestSuite1577543522490.run(TempTestSuite1577543522490.groovy:36)
Caused by: com.kms.katalon.core.webui.exception.WebElementNotFoundException: Web element with id: 'Object Repository/3_Edit_Channel/Send_Channel_Desktop_Notifications_(For_all_activity)/Page_CS420 - Bumblebee Mattermost/span_CS420_channelHeaderDropdownIcon' located by 'By.xpath: //span[@id='channelHeaderDropdownIcon']' not found
	at com.kms.katalon.core.webui.common.WebUiCommonHelper.findWebElement(WebUiCommonHelper.java:1154)
	at com.kms.katalon.core.webui.keyword.internal.WebUIAbstractKeyword.findWebElement(WebUIAbstractKeyword.groovy:27)
	at com.kms.katalon.core.webui.keyword.internal.WebUIAbstractKeyword.findWebElement(WebUIAbstractKeyword.groovy:26)
	at com.kms.katalon.core.webui.keyword.builtin.ClickKeyword$_click_closure1.doCall(ClickKeyword.groovy:67)
	at com.kms.katalon.core.webui.keyword.builtin.ClickKeyword$_click_closure1.call(ClickKeyword.groovy)
	at com.kms.katalon.core.webui.keyword.internal.WebUIKeywordMain.runKeyword(WebUIKeywordMain.groovy:20)
	at com.kms.katalon.core.webui.keyword.builtin.ClickKeyword.click(ClickKeyword.groovy:102)
	at com.kms.katalon.core.webui.keyword.builtin.ClickKeyword.execute(ClickKeyword.groovy:43)
	at com.kms.katalon.core.keyword.internal.KeywordExecutor.executeKeywordForPlatform(KeywordExecutor.groovy:72)
	at com.kms.katalon.core.webui.keyword.WebUiBuiltInKeywords.click(WebUiBuiltInKeywords.groovy:616)
	at com.kms.katalon.core.webui.keyword.WebUiBuiltInKeywords$click$1.call(Unknown Source)
	at Script1576850379012.run(Script1576850379012.groovy:23)
	... 13 more
)
[[ATTACHMENT|/Users/nguyentri/Desktop/Learn/SoftwareEngineer/mattermost-duo-test/Reports/20191228_213202/Run_all_test_cases/20191228_213202/1577544585333.png]]]]></system-out>
         <system-err><![CDATA[2019-12-28 21:48:57 - [TEST_CASE][FAILED] - Test Cases/3_Edit_Channel/Send_Channel_Desktop_Notifications_(For_all_activity): Test Cases/3_Edit_Channel/Send_Channel_Desktop_Notifications_(For_all_activity) FAILED.
Reason:
com.kms.katalon.core.exception.StepFailedException: Unable to click on object 'Object Repository/3_Edit_Channel/Send_Channel_Desktop_Notifications_(For_all_activity)/Page_CS420 - Bumblebee Mattermost/span_CS420_channelHeaderDropdownIcon'
	at com.kms.katalon.core.webui.keyword.internal.WebUIKeywordMain.stepFailed(WebUIKeywordMain.groovy:64)
	at com.kms.katalon.core.webui.keyword.internal.WebUIKeywordMain.runKeyword(WebUIKeywordMain.groovy:26)
	at com.kms.katalon.core.webui.keyword.builtin.ClickKeyword.click(ClickKeyword.groovy:102)
	at com.kms.katalon.core.webui.keyword.builtin.ClickKeyword.execute(ClickKeyword.groovy:43)
	at com.kms.katalon.core.keyword.internal.KeywordExecutor.executeKeywordForPlatform(KeywordExecutor.groovy:72)
	at com.kms.katalon.core.webui.keyword.WebUiBuiltInKeywords.click(WebUiBuiltInKeywords.groovy:616)
	at com.kms.katalon.core.webui.keyword.WebUiBuiltInKeywords$click$1.call(Unknown Source)
	at Send_Channel_Desktop_Notifications_(For_all_activity).run(Send_Channel_Desktop_Notifications_(For_all_activity):23)
	at com.kms.katalon.core.main.ScriptEngine.run(ScriptEngine.java:194)
	at com.kms.katalon.core.main.ScriptEngine.runScriptAsRawText(ScriptEngine.java:119)
	at com.kms.katalon.core.main.TestCaseExecutor.runScript(TestCaseExecutor.java:337)
	at com.kms.katalon.core.main.TestCaseExecutor.doExecute(TestCaseExecutor.java:328)
	at com.kms.katalon.core.main.TestCaseExecutor.processExecutionPhase(TestCaseExecutor.java:307)
	at com.kms.katalon.core.main.TestCaseExecutor.accessMainPhase(TestCaseExecutor.java:299)
	at com.kms.katalon.core.main.TestCaseExecutor.execute(TestCaseExecutor.java:233)
	at com.kms.katalon.core.main.TestSuiteExecutor.accessTestCaseMainPhase(TestSuiteExecutor.java:169)
	at com.kms.katalon.core.main.TestSuiteExecutor.accessTestSuiteMainPhase(TestSuiteExecutor.java:142)
	at com.kms.katalon.core.main.TestSuiteExecutor.execute(TestSuiteExecutor.java:91)
	at com.kms.katalon.core.main.TestCaseMain.startTestSuite(TestCaseMain.java:157)
	at com.kms.katalon.core.main.TestCaseMain$startTestSuite$0.call(Unknown Source)
	at TempTestSuite1577543522490.run(TempTestSuite1577543522490.groovy:36)
Caused by: com.kms.katalon.core.webui.exception.WebElementNotFoundException: Web element with id: 'Object Repository/3_Edit_Channel/Send_Channel_Desktop_Notifications_(For_all_activity)/Page_CS420 - Bumblebee Mattermost/span_CS420_channelHeaderDropdownIcon' located by 'By.xpath: //span[@id='channelHeaderDropdownIcon']' not found
	at com.kms.katalon.core.webui.common.WebUiCommonHelper.findWebElement(WebUiCommonHelper.java:1154)
	at com.kms.katalon.core.webui.keyword.internal.WebUIAbstractKeyword.findWebElement(WebUIAbstractKeyword.groovy:27)
	at com.kms.katalon.core.webui.keyword.internal.WebUIAbstractKeyword.findWebElement(WebUIAbstractKeyword.groovy:26)
	at com.kms.katalon.core.webui.keyword.builtin.ClickKeyword$_click_closure1.doCall(ClickKeyword.groovy:67)
	at com.kms.katalon.core.webui.keyword.builtin.ClickKeyword$_click_closure1.call(ClickKeyword.groovy)
	at com.kms.katalon.core.webui.keyword.internal.WebUIKeywordMain.runKeyword(WebUIKeywordMain.groovy:20)
	... 19 more]]></system-err>
      </testcase>
      <testcase name="Test Cases/5_Manage_Team_Members/Get_Team_Invite_Link" time="143.508" classname="Test Cases/5_Manage_Team_Members/Get_Team_Invite_Link" status="FAILED">
         <failure type="FAILED" message="Test Cases/5_Manage_Team_Members/Get_Team_Invite_Link FAILED.
Reason:
com.kms.katalon.core.exception.StepFailedException: Unable to click on object 'Object Repository/5_Manage_Team_Members/Get_Team_Invite_Link/Page_CS420 - Bumblebee Mattermost/button_Copy Link'
	at com.kms.katalon.core.webui.keyword.internal.WebUIKeywordMain.stepFailed(WebUIKeywordMain.groovy:64)
	at com.kms.katalon.core.webui.keyword.internal.WebUIKeywordMain.runKeyword(WebUIKeywordMain.groovy:26)
	at com.kms.katalon.core.webui.keyword.builtin.ClickKeyword.click(ClickKeyword.groovy:102)
	at com.kms.katalon.core.webui.keyword.builtin.ClickKeyword.execute(ClickKeyword.groovy:43)
	at com.kms.katalon.core.keyword.internal.KeywordExecutor.executeKeywordForPlatform(KeywordExecutor.groovy:72)
	at com.kms.katalon.core.webui.keyword.WebUiBuiltInKeywords.click(WebUiBuiltInKeywords.groovy:616)
	at com.kms.katalon.core.webui.keyword.WebUiBuiltInKeywords$click$1.call(Unknown Source)
	at Get_Team_Invite_Link.run(Get_Team_Invite_Link:27)
	at com.kms.katalon.core.main.ScriptEngine.run(ScriptEngine.java:194)
	at com.kms.katalon.core.main.ScriptEngine.runScriptAsRawText(ScriptEngine.java:119)
	at com.kms.katalon.core.main.TestCaseExecutor.runScript(TestCaseExecutor.java:337)
	at com.kms.katalon.core.main.TestCaseExecutor.doExecute(TestCaseExecutor.java:328)
	at com.kms.katalon.core.main.TestCaseExecutor.processExecutionPhase(TestCaseExecutor.java:307)
	at com.kms.katalon.core.main.TestCaseExecutor.accessMainPhase(TestCaseExecutor.java:299)
	at com.kms.katalon.core.main.TestCaseExecutor.execute(TestCaseExecutor.java:233)
	at com.kms.katalon.core.main.TestSuiteExecutor.accessTestCaseMainPhase(TestSuiteExecutor.java:169)
	at com.kms.katalon.core.main.TestSuiteExecutor.accessTestSuiteMainPhase(TestSuiteExecutor.java:142)
	at com.kms.katalon.core.main.TestSuiteExecutor.execute(TestSuiteExecutor.java:91)
	at com.kms.katalon.core.main.TestCaseMain.startTestSuite(TestCaseMain.java:157)
	at com.kms.katalon.core.main.TestCaseMain$startTestSuite$0.call(Unknown Source)
	at TempTestSuite1577543522490.run(TempTestSuite1577543522490.groovy:36)
Caused by: com.kms.katalon.core.webui.exception.WebElementNotFoundException: Web element with id: 'Object Repository/5_Manage_Team_Members/Get_Team_Invite_Link/Page_CS420 - Bumblebee Mattermost/button_Copy Link' located by 'By.xpath: //button[@id='linkModalCopyLink']' not found
	at com.kms.katalon.core.webui.common.WebUiCommonHelper.findWebElement(WebUiCommonHelper.java:1154)
	at com.kms.katalon.core.webui.keyword.internal.WebUIAbstractKeyword.findWebElement(WebUIAbstractKeyword.groovy:27)
	at com.kms.katalon.core.webui.keyword.internal.WebUIAbstractKeyword.findWebElement(WebUIAbstractKeyword.groovy:26)
	at com.kms.katalon.core.webui.keyword.builtin.ClickKeyword$_click_closure1.doCall(ClickKeyword.groovy:67)
	at com.kms.katalon.core.webui.keyword.builtin.ClickKeyword$_click_closure1.call(ClickKeyword.groovy)
	at com.kms.katalon.core.webui.keyword.internal.WebUIKeywordMain.runKeyword(WebUIKeywordMain.groovy:20)
	... 19 more
"/>
         <system-out><![CDATA[2019-12-28 21:49:45 - [TEST_CASE][FAILED] - Test Cases/5_Manage_Team_Members/Get_Team_Invite_Link: Test Cases/5_Manage_Team_Members/Get_Team_Invite_Link FAILED.
Reason:
com.kms.katalon.core.exception.StepFailedException: Unable to click on object 'Object Repository/5_Manage_Team_Members/Get_Team_Invite_Link/Page_CS420 - Bumblebee Mattermost/button_Copy Link'
	at com.kms.katalon.core.webui.keyword.internal.WebUIKeywordMain.stepFailed(WebUIKeywordMain.groovy:64)
	at com.kms.katalon.core.webui.keyword.internal.WebUIKeywordMain.runKeyword(WebUIKeywordMain.groovy:26)
	at com.kms.katalon.core.webui.keyword.builtin.ClickKeyword.click(ClickKeyword.groovy:102)
	at com.kms.katalon.core.webui.keyword.builtin.ClickKeyword.execute(ClickKeyword.groovy:43)
	at com.kms.katalon.core.keyword.internal.KeywordExecutor.executeKeywordForPlatform(KeywordExecutor.groovy:72)
	at com.kms.katalon.core.webui.keyword.WebUiBuiltInKeywords.click(WebUiBuiltInKeywords.groovy:616)
	at com.kms.katalon.core.webui.keyword.WebUiBuiltInKeywords$click$1.call(Unknown Source)
	at Get_Team_Invite_Link.run(Get_Team_Invite_Link:27)
	at com.kms.katalon.core.main.ScriptEngine.run(ScriptEngine.java:194)
	at com.kms.katalon.core.main.ScriptEngine.runScriptAsRawText(ScriptEngine.java:119)
	at com.kms.katalon.core.main.TestCaseExecutor.runScript(TestCaseExecutor.java:337)
	at com.kms.katalon.core.main.TestCaseExecutor.doExecute(TestCaseExecutor.java:328)
	at com.kms.katalon.core.main.TestCaseExecutor.processExecutionPhase(TestCaseExecutor.java:307)
	at com.kms.katalon.core.main.TestCaseExecutor.accessMainPhase(TestCaseExecutor.java:299)
	at com.kms.katalon.core.main.TestCaseExecutor.execute(TestCaseExecutor.java:233)
	at com.kms.katalon.core.main.TestSuiteExecutor.accessTestCaseMainPhase(TestSuiteExecutor.java:169)
	at com.kms.katalon.core.main.TestSuiteExecutor.accessTestSuiteMainPhase(TestSuiteExecutor.java:142)
	at com.kms.katalon.core.main.TestSuiteExecutor.execute(TestSuiteExecutor.java:91)
	at com.kms.katalon.core.main.TestCaseMain.startTestSuite(TestCaseMain.java:157)
	at com.kms.katalon.core.main.TestCaseMain$startTestSuite$0.call(Unknown Source)
	at TempTestSuite1577543522490.run(TempTestSuite1577543522490.groovy:36)
Caused by: com.kms.katalon.core.webui.exception.WebElementNotFoundException: Web element with id: 'Object Repository/5_Manage_Team_Members/Get_Team_Invite_Link/Page_CS420 - Bumblebee Mattermost/button_Copy Link' located by 'By.xpath: //button[@id='linkModalCopyLink']' not found
	at com.kms.katalon.core.webui.common.WebUiCommonHelper.findWebElement(WebUiCommonHelper.java:1154)
	at com.kms.katalon.core.webui.keyword.internal.WebUIAbstractKeyword.findWebElement(WebUIAbstractKeyword.groovy:27)
	at com.kms.katalon.core.webui.keyword.internal.WebUIAbstractKeyword.findWebElement(WebUIAbstractKeyword.groovy:26)
	at com.kms.katalon.core.webui.keyword.builtin.ClickKeyword$_click_closure1.doCall(ClickKeyword.groovy:67)
	at com.kms.katalon.core.webui.keyword.builtin.ClickKeyword$_click_closure1.call(ClickKeyword.groovy)
	at com.kms.katalon.core.webui.keyword.internal.WebUIKeywordMain.runKeyword(WebUIKeywordMain.groovy:20)
	... 19 more


2019-12-28 21:49:46 - [TEST_STEP][PASSED] - openBrowser(""): Browser is opened with url: ''

2019-12-28 21:49:47 - [MESSAGE][PASSED] - Browser is opened with url: ''

2019-12-28 21:49:47 - [TEST_STEP][PASSED] - navigateToUrl("http://localhost:8065/"): Navigate to 'http://localhost:8065/' successfully

2019-12-28 21:49:48 - [MESSAGE][PASSED] - Navigate to 'http://localhost:8065/' successfully

2019-12-28 21:49:48 - [TEST_STEP][PASSED] - click(findTestObject("Object Repository/5_Manage_Team_Members/Get_Team_Invite_Link/Page_CS420 - Bumblebee Mattermost/svg")): Object: 'Object Repository/5_Manage_Team_Members/Get_Team_Invite_Link/Page_CS420 - Bumblebee Mattermost/svg' is clicked on

2019-12-28 21:50:31 - [MESSAGE][INFO] - Unable to find the element located by 'By.xpath: (.//*[normalize-space(text()) and normalize-space(.)='@ngocyen'])[1]/following::*[name()='svg'][1]'. Please recheck the objects properties to make sure the desired element is located. 

2019-12-28 21:50:31 - [MESSAGE][INFO] - [SMART_XPATH] Auto-trying out other XPath values in the test object.

2019-12-28 21:50:32 - [MESSAGE][INFO] - [SMART_XPATH] FAILED XPATH: '(.//*[normalize-space(text()) and normalize-space(.)='@ngocyen'])[1]/following::*[name()='svg'][1]'.

2019-12-28 21:50:32 - [MESSAGE][INFO] - [SMART_XPATH] WORKING XPATH: '(.//*[normalize-space(text()) and normalize-space(.)='Bumblebee'])[2]/following::*[name()='svg'][1]'.

2019-12-28 21:50:33 - [MESSAGE][INFO] - [SMART_XPATH] Screenshot: /Users/nguyentri/Desktop/Learn/SoftwareEngineer/mattermost-duo-test/Reports/smart_xpath/Object Repository/5_Manage_Team_Members/Get_Team_Invite_Link/Page_CS420 - Bumblebee Mattermost/svg_neighbor_21.png

2019-12-28 21:50:33 - [MESSAGE][INFO] - [SMART_XPATH] WORKING XPATH: '(.//*[normalize-space(text()) and normalize-space(.)='More unreads'])[1]/preceding::*[name()='svg'][1]'.

2019-12-28 21:50:34 - [MESSAGE][INFO] - [SMART_XPATH] Screenshot: /Users/nguyentri/Desktop/Learn/SoftwareEngineer/mattermost-duo-test/Reports/smart_xpath/Object Repository/5_Manage_Team_Members/Get_Team_Invite_Link/Page_CS420 - Bumblebee Mattermost/svg_neighbor_22.png

2019-12-28 21:50:34 - [MESSAGE][INFO] - [SMART_XPATH] WORKING XPATH: '(.//*[normalize-space(text()) and normalize-space(.)='More unreads'])[2]/preceding::*[name()='svg'][2]'.

2019-12-28 21:50:34 - [MESSAGE][INFO] - [SMART_XPATH] Screenshot: /Users/nguyentri/Desktop/Learn/SoftwareEngineer/mattermost-duo-test/Reports/smart_xpath/Object Repository/5_Manage_Team_Members/Get_Team_Invite_Link/Page_CS420 - Bumblebee Mattermost/svg_neighbor_23.png

2019-12-28 21:50:35 - [MESSAGE][ERROR] - [SMART_XPATH] /Users/nguyentri/Desktop/Learn/SoftwareEngineer/mattermost-duo-test/Reports/smart_xpath/waiting-for-approval.json (No such file or directory)

2019-12-28 21:50:35 - [MESSAGE][ERROR] - [SMART_XPATH] /Users/nguyentri/Desktop/Learn/SoftwareEngineer/mattermost-duo-test/Reports/smart_xpath/waiting-for-approval.json does not exist or is provided by Smart XPath Plugin!

2019-12-28 21:50:35 - [MESSAGE][INFO] - [SMART_XPATH] Selected Smart XPath: '(.//*[normalize-space(text()) and normalize-space(.)='Bumblebee'])[2]/following::*[name()='svg'][1]'.

2019-12-28 21:50:35 - [MESSAGE][INFO] - [SMART_XPATH] Continuing executing the test case!

2019-12-28 21:50:35 - [MESSAGE][PASSED] - Object: 'Object Repository/5_Manage_Team_Members/Get_Team_Invite_Link/Page_CS420 - Bumblebee Mattermost/svg' is clicked on

2019-12-28 21:50:35 - [TEST_STEP][PASSED] - click(findTestObject("Object Repository/5_Manage_Team_Members/Get_Team_Invite_Link/Page_CS420 - Bumblebee Mattermost/button_Get Team Invite Link")): Object: 'Object Repository/5_Manage_Team_Members/Get_Team_Invite_Link/Page_CS420 - Bumblebee Mattermost/button_Get Team Invite Link' is clicked on

2019-12-28 21:51:20 - [MESSAGE][INFO] - Unable to find the element located by 'By.xpath: //li[@id='getTeamInviteLink']/button'. Please recheck the objects properties to make sure the desired element is located. 

2019-12-28 21:51:20 - [MESSAGE][INFO] - [SMART_XPATH] Auto-trying out other XPath values in the test object.

2019-12-28 21:51:20 - [MESSAGE][INFO] - [SMART_XPATH] FAILED XPATH: '//li[@id='getTeamInviteLink']/button'.

2019-12-28 21:51:20 - [MESSAGE][INFO] - [SMART_XPATH] WORKING XPATH: '(.//*[normalize-space(text()) and normalize-space(.)='Account Settings'])[1]/following::button[1]'.

2019-12-28 21:51:21 - [MESSAGE][INFO] - [SMART_XPATH] Screenshot: /Users/nguyentri/Desktop/Learn/SoftwareEngineer/mattermost-duo-test/Reports/smart_xpath/Object Repository/5_Manage_Team_Members/Get_Team_Invite_Link/Page_CS420 - Bumblebee Mattermost/button_Get Team Invite Link_neighbor_22.png

2019-12-28 21:51:21 - [MESSAGE][INFO] - [SMART_XPATH] FAILED XPATH: '(.//*[normalize-space(text()) and normalize-space(.)='@ngocyen'])[1]/following::button[3]'.

2019-12-28 21:51:21 - [MESSAGE][INFO] - [SMART_XPATH] FAILED XPATH: '(.//*[normalize-space(text()) and normalize-space(.)='Add Members to Team'])[1]/preceding::button[1]'.

2019-12-28 21:51:21 - [MESSAGE][INFO] - [SMART_XPATH] WORKING XPATH: '(.//*[normalize-space(text()) and normalize-space(.)='Team Settings'])[1]/preceding::button[2]'.

2019-12-28 21:51:22 - [MESSAGE][INFO] - [SMART_XPATH] Screenshot: /Users/nguyentri/Desktop/Learn/SoftwareEngineer/mattermost-duo-test/Reports/smart_xpath/Object Repository/5_Manage_Team_Members/Get_Team_Invite_Link/Page_CS420 - Bumblebee Mattermost/button_Get Team Invite Link_neighbor_23.png

2019-12-28 21:51:22 - [MESSAGE][INFO] - [SMART_XPATH] FAILED XPATH: '//*/text()[normalize-space(.)='Get Team Invite Link']/parent::*'.

2019-12-28 21:51:22 - [MESSAGE][INFO] - [SMART_XPATH] FAILED XPATH: '//li[6]/button'.

2019-12-28 21:51:22 - [MESSAGE][ERROR] - [SMART_XPATH] /Users/nguyentri/Desktop/Learn/SoftwareEngineer/mattermost-duo-test/Reports/smart_xpath/waiting-for-approval.json (No such file or directory)

2019-12-28 21:51:22 - [MESSAGE][ERROR] - [SMART_XPATH] /Users/nguyentri/Desktop/Learn/SoftwareEngineer/mattermost-duo-test/Reports/smart_xpath/waiting-for-approval.json does not exist or is provided by Smart XPath Plugin!

2019-12-28 21:51:22 - [MESSAGE][INFO] - [SMART_XPATH] Selected Smart XPath: '(.//*[normalize-space(text()) and normalize-space(.)='Account Settings'])[1]/following::button[1]'.

2019-12-28 21:51:22 - [MESSAGE][INFO] - [SMART_XPATH] Continuing executing the test case!

2019-12-28 21:51:22 - [MESSAGE][PASSED] - Object: 'Object Repository/5_Manage_Team_Members/Get_Team_Invite_Link/Page_CS420 - Bumblebee Mattermost/button_Get Team Invite Link' is clicked on

2019-12-28 21:51:22 - [TEST_STEP][FAILED] - click(findTestObject("Object Repository/5_Manage_Team_Members/Get_Team_Invite_Link/Page_CS420 - Bumblebee Mattermost/button_Copy Link")): Unable to click on object 'Object Repository/5_Manage_Team_Members/Get_Team_Invite_Link/Page_CS420 - Bumblebee Mattermost/button_Copy Link' (Root cause: com.kms.katalon.core.exception.StepFailedException: Unable to click on object 'Object Repository/5_Manage_Team_Members/Get_Team_Invite_Link/Page_CS420 - Bumblebee Mattermost/button_Copy Link'
	at com.kms.katalon.core.webui.keyword.internal.WebUIKeywordMain.stepFailed(WebUIKeywordMain.groovy:64)
	at com.kms.katalon.core.webui.keyword.internal.WebUIKeywordMain.runKeyword(WebUIKeywordMain.groovy:26)
	at com.kms.katalon.core.webui.keyword.builtin.ClickKeyword.click(ClickKeyword.groovy:102)
	at com.kms.katalon.core.webui.keyword.builtin.ClickKeyword.execute(ClickKeyword.groovy:43)
	at com.kms.katalon.core.keyword.internal.KeywordExecutor.executeKeywordForPlatform(KeywordExecutor.groovy:72)
	at com.kms.katalon.core.webui.keyword.WebUiBuiltInKeywords.click(WebUiBuiltInKeywords.groovy:616)
	at com.kms.katalon.core.webui.keyword.WebUiBuiltInKeywords$click$1.call(Unknown Source)
	at Get_Team_Invite_Link.run(Get_Team_Invite_Link:27)
	at com.kms.katalon.core.main.ScriptEngine.run(ScriptEngine.java:194)
	at com.kms.katalon.core.main.ScriptEngine.runScriptAsRawText(ScriptEngine.java:119)
	at com.kms.katalon.core.main.TestCaseExecutor.runScript(TestCaseExecutor.java:337)
	at com.kms.katalon.core.main.TestCaseExecutor.doExecute(TestCaseExecutor.java:328)
	at com.kms.katalon.core.main.TestCaseExecutor.processExecutionPhase(TestCaseExecutor.java:307)
	at com.kms.katalon.core.main.TestCaseExecutor.accessMainPhase(TestCaseExecutor.java:299)
	at com.kms.katalon.core.main.TestCaseExecutor.execute(TestCaseExecutor.java:233)
	at com.kms.katalon.core.main.TestSuiteExecutor.accessTestCaseMainPhase(TestSuiteExecutor.java:169)
	at com.kms.katalon.core.main.TestSuiteExecutor.accessTestSuiteMainPhase(TestSuiteExecutor.java:142)
	at com.kms.katalon.core.main.TestSuiteExecutor.execute(TestSuiteExecutor.java:91)
	at com.kms.katalon.core.main.TestCaseMain.startTestSuite(TestCaseMain.java:157)
	at com.kms.katalon.core.main.TestCaseMain$startTestSuite$0.call(Unknown Source)
	at TempTestSuite1577543522490.run(TempTestSuite1577543522490.groovy:36)
Caused by: com.kms.katalon.core.webui.exception.WebElementNotFoundException: Web element with id: 'Object Repository/5_Manage_Team_Members/Get_Team_Invite_Link/Page_CS420 - Bumblebee Mattermost/button_Copy Link' located by 'By.xpath: //button[@id='linkModalCopyLink']' not found
	at com.kms.katalon.core.webui.common.WebUiCommonHelper.findWebElement(WebUiCommonHelper.java:1154)
	at com.kms.katalon.core.webui.keyword.internal.WebUIAbstractKeyword.findWebElement(WebUIAbstractKeyword.groovy:27)
	at com.kms.katalon.core.webui.keyword.internal.WebUIAbstractKeyword.findWebElement(WebUIAbstractKeyword.groovy:26)
	at com.kms.katalon.core.webui.keyword.builtin.ClickKeyword$_click_closure1.doCall(ClickKeyword.groovy:67)
	at com.kms.katalon.core.webui.keyword.builtin.ClickKeyword$_click_closure1.call(ClickKeyword.groovy)
	at com.kms.katalon.core.webui.keyword.internal.WebUIKeywordMain.runKeyword(WebUIKeywordMain.groovy:20)
	at com.kms.katalon.core.webui.keyword.builtin.ClickKeyword.click(ClickKeyword.groovy:102)
	at com.kms.katalon.core.webui.keyword.builtin.ClickKeyword.execute(ClickKeyword.groovy:43)
	at com.kms.katalon.core.keyword.internal.KeywordExecutor.executeKeywordForPlatform(KeywordExecutor.groovy:72)
	at com.kms.katalon.core.webui.keyword.WebUiBuiltInKeywords.click(WebUiBuiltInKeywords.groovy:616)
	at com.kms.katalon.core.webui.keyword.WebUiBuiltInKeywords$click$1.call(Unknown Source)
	at Script1576845982974.run(Script1576845982974.groovy:27)
	... 13 more
)

2019-12-28 21:52:07 - [MESSAGE][INFO] - Unable to find the element located by 'By.xpath: //button[@id='linkModalCopyLink']'. Please recheck the objects properties to make sure the desired element is located. 

2019-12-28 21:52:07 - [MESSAGE][INFO] - [SMART_XPATH] Auto-trying out other XPath values in the test object.

2019-12-28 21:52:08 - [MESSAGE][INFO] - [SMART_XPATH] FAILED XPATH: '//button[@id='linkModalCopyLink']'.

2019-12-28 21:52:08 - [MESSAGE][INFO] - [SMART_XPATH] FAILED XPATH: '(.//*[normalize-space(text()) and normalize-space(.)='Close'])[2]/following::button[1]'.

2019-12-28 21:52:08 - [MESSAGE][INFO] - [SMART_XPATH] FAILED XPATH: '(.//*[normalize-space(text()) and normalize-space(.)='https://mattermost-duo-test-yen.herokuapp.com/signup_user_complete/?id=siyyexw477yo3d84aug4jyn1sa'])[1]/following::button[2]'.

2019-12-28 21:52:08 - [MESSAGE][INFO] - [SMART_XPATH] FAILED XPATH: '//div[3]/button[2]'.

2019-12-28 21:52:08 - [MESSAGE][INFO] - [SMART_XPATH] No working XPath is found.

2019-12-28 21:52:09 - [MESSAGE][FAILED] - Unable to click on object 'Object Repository/5_Manage_Team_Members/Get_Team_Invite_Link/Page_CS420 - Bumblebee Mattermost/button_Copy Link' (Root cause: com.kms.katalon.core.exception.StepFailedException: Unable to click on object 'Object Repository/5_Manage_Team_Members/Get_Team_Invite_Link/Page_CS420 - Bumblebee Mattermost/button_Copy Link'
	at com.kms.katalon.core.webui.keyword.internal.WebUIKeywordMain.stepFailed(WebUIKeywordMain.groovy:64)
	at com.kms.katalon.core.webui.keyword.internal.WebUIKeywordMain.runKeyword(WebUIKeywordMain.groovy:26)
	at com.kms.katalon.core.webui.keyword.builtin.ClickKeyword.click(ClickKeyword.groovy:102)
	at com.kms.katalon.core.webui.keyword.builtin.ClickKeyword.execute(ClickKeyword.groovy:43)
	at com.kms.katalon.core.keyword.internal.KeywordExecutor.executeKeywordForPlatform(KeywordExecutor.groovy:72)
	at com.kms.katalon.core.webui.keyword.WebUiBuiltInKeywords.click(WebUiBuiltInKeywords.groovy:616)
	at com.kms.katalon.core.webui.keyword.WebUiBuiltInKeywords$click$1.call(Unknown Source)
	at Get_Team_Invite_Link.run(Get_Team_Invite_Link:27)
	at com.kms.katalon.core.main.ScriptEngine.run(ScriptEngine.java:194)
	at com.kms.katalon.core.main.ScriptEngine.runScriptAsRawText(ScriptEngine.java:119)
	at com.kms.katalon.core.main.TestCaseExecutor.runScript(TestCaseExecutor.java:337)
	at com.kms.katalon.core.main.TestCaseExecutor.doExecute(TestCaseExecutor.java:328)
	at com.kms.katalon.core.main.TestCaseExecutor.processExecutionPhase(TestCaseExecutor.java:307)
	at com.kms.katalon.core.main.TestCaseExecutor.accessMainPhase(TestCaseExecutor.java:299)
	at com.kms.katalon.core.main.TestCaseExecutor.execute(TestCaseExecutor.java:233)
	at com.kms.katalon.core.main.TestSuiteExecutor.accessTestCaseMainPhase(TestSuiteExecutor.java:169)
	at com.kms.katalon.core.main.TestSuiteExecutor.accessTestSuiteMainPhase(TestSuiteExecutor.java:142)
	at com.kms.katalon.core.main.TestSuiteExecutor.execute(TestSuiteExecutor.java:91)
	at com.kms.katalon.core.main.TestCaseMain.startTestSuite(TestCaseMain.java:157)
	at com.kms.katalon.core.main.TestCaseMain$startTestSuite$0.call(Unknown Source)
	at TempTestSuite1577543522490.run(TempTestSuite1577543522490.groovy:36)
Caused by: com.kms.katalon.core.webui.exception.WebElementNotFoundException: Web element with id: 'Object Repository/5_Manage_Team_Members/Get_Team_Invite_Link/Page_CS420 - Bumblebee Mattermost/button_Copy Link' located by 'By.xpath: //button[@id='linkModalCopyLink']' not found
	at com.kms.katalon.core.webui.common.WebUiCommonHelper.findWebElement(WebUiCommonHelper.java:1154)
	at com.kms.katalon.core.webui.keyword.internal.WebUIAbstractKeyword.findWebElement(WebUIAbstractKeyword.groovy:27)
	at com.kms.katalon.core.webui.keyword.internal.WebUIAbstractKeyword.findWebElement(WebUIAbstractKeyword.groovy:26)
	at com.kms.katalon.core.webui.keyword.builtin.ClickKeyword$_click_closure1.doCall(ClickKeyword.groovy:67)
	at com.kms.katalon.core.webui.keyword.builtin.ClickKeyword$_click_closure1.call(ClickKeyword.groovy)
	at com.kms.katalon.core.webui.keyword.internal.WebUIKeywordMain.runKeyword(WebUIKeywordMain.groovy:20)
	at com.kms.katalon.core.webui.keyword.builtin.ClickKeyword.click(ClickKeyword.groovy:102)
	at com.kms.katalon.core.webui.keyword.builtin.ClickKeyword.execute(ClickKeyword.groovy:43)
	at com.kms.katalon.core.keyword.internal.KeywordExecutor.executeKeywordForPlatform(KeywordExecutor.groovy:72)
	at com.kms.katalon.core.webui.keyword.WebUiBuiltInKeywords.click(WebUiBuiltInKeywords.groovy:616)
	at com.kms.katalon.core.webui.keyword.WebUiBuiltInKeywords$click$1.call(Unknown Source)
	at Script1576845982974.run(Script1576845982974.groovy:27)
	... 13 more
)
[[ATTACHMENT|/Users/nguyentri/Desktop/Learn/SoftwareEngineer/mattermost-duo-test/Reports/20191228_213202/Run_all_test_cases/20191228_213202/1577544728957.png]]]]></system-out>
         <system-err><![CDATA[2019-12-28 21:49:45 - [TEST_CASE][FAILED] - Test Cases/5_Manage_Team_Members/Get_Team_Invite_Link: Test Cases/5_Manage_Team_Members/Get_Team_Invite_Link FAILED.
Reason:
com.kms.katalon.core.exception.StepFailedException: Unable to click on object 'Object Repository/5_Manage_Team_Members/Get_Team_Invite_Link/Page_CS420 - Bumblebee Mattermost/button_Copy Link'
	at com.kms.katalon.core.webui.keyword.internal.WebUIKeywordMain.stepFailed(WebUIKeywordMain.groovy:64)
	at com.kms.katalon.core.webui.keyword.internal.WebUIKeywordMain.runKeyword(WebUIKeywordMain.groovy:26)
	at com.kms.katalon.core.webui.keyword.builtin.ClickKeyword.click(ClickKeyword.groovy:102)
	at com.kms.katalon.core.webui.keyword.builtin.ClickKeyword.execute(ClickKeyword.groovy:43)
	at com.kms.katalon.core.keyword.internal.KeywordExecutor.executeKeywordForPlatform(KeywordExecutor.groovy:72)
	at com.kms.katalon.core.webui.keyword.WebUiBuiltInKeywords.click(WebUiBuiltInKeywords.groovy:616)
	at com.kms.katalon.core.webui.keyword.WebUiBuiltInKeywords$click$1.call(Unknown Source)
	at Get_Team_Invite_Link.run(Get_Team_Invite_Link:27)
	at com.kms.katalon.core.main.ScriptEngine.run(ScriptEngine.java:194)
	at com.kms.katalon.core.main.ScriptEngine.runScriptAsRawText(ScriptEngine.java:119)
	at com.kms.katalon.core.main.TestCaseExecutor.runScript(TestCaseExecutor.java:337)
	at com.kms.katalon.core.main.TestCaseExecutor.doExecute(TestCaseExecutor.java:328)
	at com.kms.katalon.core.main.TestCaseExecutor.processExecutionPhase(TestCaseExecutor.java:307)
	at com.kms.katalon.core.main.TestCaseExecutor.accessMainPhase(TestCaseExecutor.java:299)
	at com.kms.katalon.core.main.TestCaseExecutor.execute(TestCaseExecutor.java:233)
	at com.kms.katalon.core.main.TestSuiteExecutor.accessTestCaseMainPhase(TestSuiteExecutor.java:169)
	at com.kms.katalon.core.main.TestSuiteExecutor.accessTestSuiteMainPhase(TestSuiteExecutor.java:142)
	at com.kms.katalon.core.main.TestSuiteExecutor.execute(TestSuiteExecutor.java:91)
	at com.kms.katalon.core.main.TestCaseMain.startTestSuite(TestCaseMain.java:157)
	at com.kms.katalon.core.main.TestCaseMain$startTestSuite$0.call(Unknown Source)
	at TempTestSuite1577543522490.run(TempTestSuite1577543522490.groovy:36)
Caused by: com.kms.katalon.core.webui.exception.WebElementNotFoundException: Web element with id: 'Object Repository/5_Manage_Team_Members/Get_Team_Invite_Link/Page_CS420 - Bumblebee Mattermost/button_Copy Link' located by 'By.xpath: //button[@id='linkModalCopyLink']' not found
	at com.kms.katalon.core.webui.common.WebUiCommonHelper.findWebElement(WebUiCommonHelper.java:1154)
	at com.kms.katalon.core.webui.keyword.internal.WebUIAbstractKeyword.findWebElement(WebUIAbstractKeyword.groovy:27)
	at com.kms.katalon.core.webui.keyword.internal.WebUIAbstractKeyword.findWebElement(WebUIAbstractKeyword.groovy:26)
	at com.kms.katalon.core.webui.keyword.builtin.ClickKeyword$_click_closure1.doCall(ClickKeyword.groovy:67)
	at com.kms.katalon.core.webui.keyword.builtin.ClickKeyword$_click_closure1.call(ClickKeyword.groovy)
	at com.kms.katalon.core.webui.keyword.internal.WebUIKeywordMain.runKeyword(WebUIKeywordMain.groovy:20)
	... 19 more]]></system-err>
      </testcase>
      <testcase name="Test Cases/5_Manage_Team_Members/Invite_New_Member_To_Team" time="100.191" classname="Test Cases/5_Manage_Team_Members/Invite_New_Member_To_Team" status="FAILED">
         <failure type="FAILED" message="Test Cases/5_Manage_Team_Members/Invite_New_Member_To_Team FAILED.
Reason:
com.kms.katalon.core.exception.StepFailedException: Unable to click on object 'Object Repository/5_Manage_Team_Members/Invite_New_Member_To_Team/Page_CS420 - Bumblebee Mattermost/div_surveybot - SurveybotBOT'
	at com.kms.katalon.core.webui.keyword.internal.WebUIKeywordMain.stepFailed(WebUIKeywordMain.groovy:64)
	at com.kms.katalon.core.webui.keyword.internal.WebUIKeywordMain.runKeyword(WebUIKeywordMain.groovy:26)
	at com.kms.katalon.core.webui.keyword.builtin.ClickKeyword.click(ClickKeyword.groovy:102)
	at com.kms.katalon.core.webui.keyword.builtin.ClickKeyword.execute(ClickKeyword.groovy:43)
	at com.kms.katalon.core.keyword.internal.KeywordExecutor.executeKeywordForPlatform(KeywordExecutor.groovy:72)
	at com.kms.katalon.core.webui.keyword.WebUiBuiltInKeywords.click(WebUiBuiltInKeywords.groovy:616)
	at com.kms.katalon.core.webui.keyword.WebUiBuiltInKeywords$click$1.call(Unknown Source)
	at Invite_New_Member_To_Team.run(Invite_New_Member_To_Team:27)
	at com.kms.katalon.core.main.ScriptEngine.run(ScriptEngine.java:194)
	at com.kms.katalon.core.main.ScriptEngine.runScriptAsRawText(ScriptEngine.java:119)
	at com.kms.katalon.core.main.TestCaseExecutor.runScript(TestCaseExecutor.java:337)
	at com.kms.katalon.core.main.TestCaseExecutor.doExecute(TestCaseExecutor.java:328)
	at com.kms.katalon.core.main.TestCaseExecutor.processExecutionPhase(TestCaseExecutor.java:307)
	at com.kms.katalon.core.main.TestCaseExecutor.accessMainPhase(TestCaseExecutor.java:299)
	at com.kms.katalon.core.main.TestCaseExecutor.execute(TestCaseExecutor.java:233)
	at com.kms.katalon.core.main.TestSuiteExecutor.accessTestCaseMainPhase(TestSuiteExecutor.java:169)
	at com.kms.katalon.core.main.TestSuiteExecutor.accessTestSuiteMainPhase(TestSuiteExecutor.java:142)
	at com.kms.katalon.core.main.TestSuiteExecutor.execute(TestSuiteExecutor.java:91)
	at com.kms.katalon.core.main.TestCaseMain.startTestSuite(TestCaseMain.java:157)
	at com.kms.katalon.core.main.TestCaseMain$startTestSuite$0.call(Unknown Source)
	at TempTestSuite1577543522490.run(TempTestSuite1577543522490.groovy:36)
Caused by: com.kms.katalon.core.webui.exception.WebElementNotFoundException: Web element with id: 'Object Repository/5_Manage_Team_Members/Invite_New_Member_To_Team/Page_CS420 - Bumblebee Mattermost/div_surveybot - SurveybotBOT' located by 'By.xpath: //div[@id='addUsersToTeamModal']/div/div/div[2]/div/div[2]/div/div[2]/div/div' not found
	at com.kms.katalon.core.webui.common.WebUiCommonHelper.findWebElement(WebUiCommonHelper.java:1154)
	at com.kms.katalon.core.webui.keyword.internal.WebUIAbstractKeyword.findWebElement(WebUIAbstractKeyword.groovy:27)
	at com.kms.katalon.core.webui.keyword.internal.WebUIAbstractKeyword.findWebElement(WebUIAbstractKeyword.groovy:26)
	at com.kms.katalon.core.webui.keyword.builtin.ClickKeyword$_click_closure1.doCall(ClickKeyword.groovy:67)
	at com.kms.katalon.core.webui.keyword.builtin.ClickKeyword$_click_closure1.call(ClickKeyword.groovy)
	at com.kms.katalon.core.webui.keyword.internal.WebUIKeywordMain.runKeyword(WebUIKeywordMain.groovy:20)
	... 19 more
"/>
         <system-out><![CDATA[2019-12-28 21:52:09 - [TEST_CASE][FAILED] - Test Cases/5_Manage_Team_Members/Invite_New_Member_To_Team: Test Cases/5_Manage_Team_Members/Invite_New_Member_To_Team FAILED.
Reason:
com.kms.katalon.core.exception.StepFailedException: Unable to click on object 'Object Repository/5_Manage_Team_Members/Invite_New_Member_To_Team/Page_CS420 - Bumblebee Mattermost/div_surveybot - SurveybotBOT'
	at com.kms.katalon.core.webui.keyword.internal.WebUIKeywordMain.stepFailed(WebUIKeywordMain.groovy:64)
	at com.kms.katalon.core.webui.keyword.internal.WebUIKeywordMain.runKeyword(WebUIKeywordMain.groovy:26)
	at com.kms.katalon.core.webui.keyword.builtin.ClickKeyword.click(ClickKeyword.groovy:102)
	at com.kms.katalon.core.webui.keyword.builtin.ClickKeyword.execute(ClickKeyword.groovy:43)
	at com.kms.katalon.core.keyword.internal.KeywordExecutor.executeKeywordForPlatform(KeywordExecutor.groovy:72)
	at com.kms.katalon.core.webui.keyword.WebUiBuiltInKeywords.click(WebUiBuiltInKeywords.groovy:616)
	at com.kms.katalon.core.webui.keyword.WebUiBuiltInKeywords$click$1.call(Unknown Source)
	at Invite_New_Member_To_Team.run(Invite_New_Member_To_Team:27)
	at com.kms.katalon.core.main.ScriptEngine.run(ScriptEngine.java:194)
	at com.kms.katalon.core.main.ScriptEngine.runScriptAsRawText(ScriptEngine.java:119)
	at com.kms.katalon.core.main.TestCaseExecutor.runScript(TestCaseExecutor.java:337)
	at com.kms.katalon.core.main.TestCaseExecutor.doExecute(TestCaseExecutor.java:328)
	at com.kms.katalon.core.main.TestCaseExecutor.processExecutionPhase(TestCaseExecutor.java:307)
	at com.kms.katalon.core.main.TestCaseExecutor.accessMainPhase(TestCaseExecutor.java:299)
	at com.kms.katalon.core.main.TestCaseExecutor.execute(TestCaseExecutor.java:233)
	at com.kms.katalon.core.main.TestSuiteExecutor.accessTestCaseMainPhase(TestSuiteExecutor.java:169)
	at com.kms.katalon.core.main.TestSuiteExecutor.accessTestSuiteMainPhase(TestSuiteExecutor.java:142)
	at com.kms.katalon.core.main.TestSuiteExecutor.execute(TestSuiteExecutor.java:91)
	at com.kms.katalon.core.main.TestCaseMain.startTestSuite(TestCaseMain.java:157)
	at com.kms.katalon.core.main.TestCaseMain$startTestSuite$0.call(Unknown Source)
	at TempTestSuite1577543522490.run(TempTestSuite1577543522490.groovy:36)
Caused by: com.kms.katalon.core.webui.exception.WebElementNotFoundException: Web element with id: 'Object Repository/5_Manage_Team_Members/Invite_New_Member_To_Team/Page_CS420 - Bumblebee Mattermost/div_surveybot - SurveybotBOT' located by 'By.xpath: //div[@id='addUsersToTeamModal']/div/div/div[2]/div/div[2]/div/div[2]/div/div' not found
	at com.kms.katalon.core.webui.common.WebUiCommonHelper.findWebElement(WebUiCommonHelper.java:1154)
	at com.kms.katalon.core.webui.keyword.internal.WebUIAbstractKeyword.findWebElement(WebUIAbstractKeyword.groovy:27)
	at com.kms.katalon.core.webui.keyword.internal.WebUIAbstractKeyword.findWebElement(WebUIAbstractKeyword.groovy:26)
	at com.kms.katalon.core.webui.keyword.builtin.ClickKeyword$_click_closure1.doCall(ClickKeyword.groovy:67)
	at com.kms.katalon.core.webui.keyword.builtin.ClickKeyword$_click_closure1.call(ClickKeyword.groovy)
	at com.kms.katalon.core.webui.keyword.internal.WebUIKeywordMain.runKeyword(WebUIKeywordMain.groovy:20)
	... 19 more


2019-12-28 21:52:09 - [TEST_STEP][PASSED] - openBrowser(""): Browser is opened with url: ''

2019-12-28 21:52:10 - [MESSAGE][PASSED] - Browser is opened with url: ''

2019-12-28 21:52:10 - [TEST_STEP][PASSED] - navigateToUrl("http://localhost:8065/"): Navigate to 'http://localhost:8065/' successfully

2019-12-28 21:52:11 - [MESSAGE][PASSED] - Navigate to 'http://localhost:8065/' successfully

2019-12-28 21:52:11 - [TEST_STEP][PASSED] - click(findTestObject("Object Repository/5_Manage_Team_Members/Invite_New_Member_To_Team/Page_CS420 - Bumblebee Mattermost/span")): Object: 'Object Repository/5_Manage_Team_Members/Invite_New_Member_To_Team/Page_CS420 - Bumblebee Mattermost/span' is clicked on

2019-12-28 21:52:16 - [MESSAGE][PASSED] - Object: 'Object Repository/5_Manage_Team_Members/Invite_New_Member_To_Team/Page_CS420 - Bumblebee Mattermost/span' is clicked on

2019-12-28 21:52:16 - [TEST_STEP][PASSED] - click(findTestObject("Object Repository/5_Manage_Team_Members/Invite_New_Member_To_Team/Page_CS420 - Bumblebee Mattermost/button_Add Members to Team")): Object: 'Object Repository/5_Manage_Team_Members/Invite_New_Member_To_Team/Page_CS420 - Bumblebee Mattermost/button_Add Members to Team' is clicked on

2019-12-28 21:53:00 - [MESSAGE][INFO] - Unable to find the element located by 'By.xpath: //li[@id='addUsersToTeam']/button'. Please recheck the objects properties to make sure the desired element is located. 

2019-12-28 21:53:00 - [MESSAGE][INFO] - [SMART_XPATH] Auto-trying out other XPath values in the test object.

2019-12-28 21:53:00 - [MESSAGE][INFO] - [SMART_XPATH] FAILED XPATH: '//li[@id='addUsersToTeam']/button'.

2019-12-28 21:53:01 - [MESSAGE][INFO] - [SMART_XPATH] FAILED XPATH: '(.//*[normalize-space(text()) and normalize-space(.)='Get Team Invite Link'])[1]/following::button[1]'.

2019-12-28 21:53:01 - [MESSAGE][INFO] - [SMART_XPATH] WORKING XPATH: '(.//*[normalize-space(text()) and normalize-space(.)='Account Settings'])[1]/following::button[2]'.

2019-12-28 21:53:01 - [MESSAGE][INFO] - [SMART_XPATH] Screenshot: /Users/nguyentri/Desktop/Learn/SoftwareEngineer/mattermost-duo-test/Reports/smart_xpath/Object Repository/5_Manage_Team_Members/Invite_New_Member_To_Team/Page_CS420 - Bumblebee Mattermost/button_Add Members to Team_neighbor_24.png

2019-12-28 21:53:01 - [MESSAGE][INFO] - [SMART_XPATH] WORKING XPATH: '(.//*[normalize-space(text()) and normalize-space(.)='Team Settings'])[1]/preceding::button[1]'.

2019-12-28 21:53:01 - [MESSAGE][INFO] - [SMART_XPATH] Screenshot: /Users/nguyentri/Desktop/Learn/SoftwareEngineer/mattermost-duo-test/Reports/smart_xpath/Object Repository/5_Manage_Team_Members/Invite_New_Member_To_Team/Page_CS420 - Bumblebee Mattermost/button_Add Members to Team_neighbor_25.png

2019-12-28 21:53:02 - [MESSAGE][INFO] - [SMART_XPATH] WORKING XPATH: '(.//*[normalize-space(text()) and normalize-space(.)='Manage Members'])[1]/preceding::button[2]'.

2019-12-28 21:53:02 - [MESSAGE][INFO] - [SMART_XPATH] Screenshot: /Users/nguyentri/Desktop/Learn/SoftwareEngineer/mattermost-duo-test/Reports/smart_xpath/Object Repository/5_Manage_Team_Members/Invite_New_Member_To_Team/Page_CS420 - Bumblebee Mattermost/button_Add Members to Team_neighbor_26.png

2019-12-28 21:53:02 - [MESSAGE][INFO] - [SMART_XPATH] FAILED XPATH: '//*/text()[normalize-space(.)='Add Members to Team']/parent::*'.

2019-12-28 21:53:02 - [MESSAGE][INFO] - [SMART_XPATH] WORKING XPATH: '//li[7]/button'.

2019-12-28 21:53:03 - [MESSAGE][INFO] - [SMART_XPATH] Screenshot: /Users/nguyentri/Desktop/Learn/SoftwareEngineer/mattermost-duo-test/Reports/smart_xpath/Object Repository/5_Manage_Team_Members/Invite_New_Member_To_Team/Page_CS420 - Bumblebee Mattermost/button_Add Members to Team_position.png

2019-12-28 21:53:03 - [MESSAGE][ERROR] - [SMART_XPATH] /Users/nguyentri/Desktop/Learn/SoftwareEngineer/mattermost-duo-test/Reports/smart_xpath/waiting-for-approval.json (No such file or directory)

2019-12-28 21:53:03 - [MESSAGE][ERROR] - [SMART_XPATH] /Users/nguyentri/Desktop/Learn/SoftwareEngineer/mattermost-duo-test/Reports/smart_xpath/waiting-for-approval.json does not exist or is provided by Smart XPath Plugin!

2019-12-28 21:53:03 - [MESSAGE][INFO] - [SMART_XPATH] Selected Smart XPath: '(.//*[normalize-space(text()) and normalize-space(.)='Account Settings'])[1]/following::button[2]'.

2019-12-28 21:53:03 - [MESSAGE][INFO] - [SMART_XPATH] Continuing executing the test case!

2019-12-28 21:53:03 - [MESSAGE][PASSED] - Object: 'Object Repository/5_Manage_Team_Members/Invite_New_Member_To_Team/Page_CS420 - Bumblebee Mattermost/button_Add Members to Team' is clicked on

2019-12-28 21:53:03 - [TEST_STEP][FAILED] - click(findTestObject("Object Repository/5_Manage_Team_Members/Invite_New_Member_To_Team/Page_CS420 - Bumblebee Mattermost/div_surveybot - SurveybotBOT")): Unable to click on object 'Object Repository/5_Manage_Team_Members/Invite_New_Member_To_Team/Page_CS420 - Bumblebee Mattermost/div_surveybot - SurveybotBOT' (Root cause: com.kms.katalon.core.exception.StepFailedException: Unable to click on object 'Object Repository/5_Manage_Team_Members/Invite_New_Member_To_Team/Page_CS420 - Bumblebee Mattermost/div_surveybot - SurveybotBOT'
	at com.kms.katalon.core.webui.keyword.internal.WebUIKeywordMain.stepFailed(WebUIKeywordMain.groovy:64)
	at com.kms.katalon.core.webui.keyword.internal.WebUIKeywordMain.runKeyword(WebUIKeywordMain.groovy:26)
	at com.kms.katalon.core.webui.keyword.builtin.ClickKeyword.click(ClickKeyword.groovy:102)
	at com.kms.katalon.core.webui.keyword.builtin.ClickKeyword.execute(ClickKeyword.groovy:43)
	at com.kms.katalon.core.keyword.internal.KeywordExecutor.executeKeywordForPlatform(KeywordExecutor.groovy:72)
	at com.kms.katalon.core.webui.keyword.WebUiBuiltInKeywords.click(WebUiBuiltInKeywords.groovy:616)
	at com.kms.katalon.core.webui.keyword.WebUiBuiltInKeywords$click$1.call(Unknown Source)
	at Invite_New_Member_To_Team.run(Invite_New_Member_To_Team:27)
	at com.kms.katalon.core.main.ScriptEngine.run(ScriptEngine.java:194)
	at com.kms.katalon.core.main.ScriptEngine.runScriptAsRawText(ScriptEngine.java:119)
	at com.kms.katalon.core.main.TestCaseExecutor.runScript(TestCaseExecutor.java:337)
	at com.kms.katalon.core.main.TestCaseExecutor.doExecute(TestCaseExecutor.java:328)
	at com.kms.katalon.core.main.TestCaseExecutor.processExecutionPhase(TestCaseExecutor.java:307)
	at com.kms.katalon.core.main.TestCaseExecutor.accessMainPhase(TestCaseExecutor.java:299)
	at com.kms.katalon.core.main.TestCaseExecutor.execute(TestCaseExecutor.java:233)
	at com.kms.katalon.core.main.TestSuiteExecutor.accessTestCaseMainPhase(TestSuiteExecutor.java:169)
	at com.kms.katalon.core.main.TestSuiteExecutor.accessTestSuiteMainPhase(TestSuiteExecutor.java:142)
	at com.kms.katalon.core.main.TestSuiteExecutor.execute(TestSuiteExecutor.java:91)
	at com.kms.katalon.core.main.TestCaseMain.startTestSuite(TestCaseMain.java:157)
	at com.kms.katalon.core.main.TestCaseMain$startTestSuite$0.call(Unknown Source)
	at TempTestSuite1577543522490.run(TempTestSuite1577543522490.groovy:36)
Caused by: com.kms.katalon.core.webui.exception.WebElementNotFoundException: Web element with id: 'Object Repository/5_Manage_Team_Members/Invite_New_Member_To_Team/Page_CS420 - Bumblebee Mattermost/div_surveybot - SurveybotBOT' located by 'By.xpath: //div[@id='addUsersToTeamModal']/div/div/div[2]/div/div[2]/div/div[2]/div/div' not found
	at com.kms.katalon.core.webui.common.WebUiCommonHelper.findWebElement(WebUiCommonHelper.java:1154)
	at com.kms.katalon.core.webui.keyword.internal.WebUIAbstractKeyword.findWebElement(WebUIAbstractKeyword.groovy:27)
	at com.kms.katalon.core.webui.keyword.internal.WebUIAbstractKeyword.findWebElement(WebUIAbstractKeyword.groovy:26)
	at com.kms.katalon.core.webui.keyword.builtin.ClickKeyword$_click_closure1.doCall(ClickKeyword.groovy:67)
	at com.kms.katalon.core.webui.keyword.builtin.ClickKeyword$_click_closure1.call(ClickKeyword.groovy)
	at com.kms.katalon.core.webui.keyword.internal.WebUIKeywordMain.runKeyword(WebUIKeywordMain.groovy:20)
	at com.kms.katalon.core.webui.keyword.builtin.ClickKeyword.click(ClickKeyword.groovy:102)
	at com.kms.katalon.core.webui.keyword.builtin.ClickKeyword.execute(ClickKeyword.groovy:43)
	at com.kms.katalon.core.keyword.internal.KeywordExecutor.executeKeywordForPlatform(KeywordExecutor.groovy:72)
	at com.kms.katalon.core.webui.keyword.WebUiBuiltInKeywords.click(WebUiBuiltInKeywords.groovy:616)
	at com.kms.katalon.core.webui.keyword.WebUiBuiltInKeywords$click$1.call(Unknown Source)
	at Script1576845999737.run(Script1576845999737.groovy:27)
	... 13 more
)

2019-12-28 21:53:48 - [MESSAGE][INFO] - Unable to find the element located by 'By.xpath: //div[@id='addUsersToTeamModal']/div/div/div[2]/div/div[2]/div/div[2]/div/div'. Please recheck the objects properties to make sure the desired element is located. 

2019-12-28 21:53:48 - [MESSAGE][INFO] - [SMART_XPATH] Auto-trying out other XPath values in the test object.

2019-12-28 21:53:48 - [MESSAGE][INFO] - [SMART_XPATH] FAILED XPATH: '//div[@id='addUsersToTeamModal']/div/div/div[2]/div/div[2]/div/div[2]/div/div'.

2019-12-28 21:53:48 - [MESSAGE][INFO] - [SMART_XPATH] FAILED XPATH: '(.//*[normalize-space(text()) and normalize-space(.)='Use ↑↓ to browse, ↵ to select. You can add 20 more people.'])[1]/following::div[7]'.

2019-12-28 21:53:48 - [MESSAGE][INFO] - [SMART_XPATH] FAILED XPATH: '(.//*[normalize-space(text()) and normalize-space(.)='Add'])[1]/following::div[9]'.

2019-12-28 21:53:49 - [MESSAGE][INFO] - [SMART_XPATH] FAILED XPATH: '//div[2]/div/div/div[2]/div/div[2]/div/div[2]/div/div'.

2019-12-28 21:53:49 - [MESSAGE][INFO] - [SMART_XPATH] No working XPath is found.

2019-12-28 21:53:49 - [MESSAGE][FAILED] - Unable to click on object 'Object Repository/5_Manage_Team_Members/Invite_New_Member_To_Team/Page_CS420 - Bumblebee Mattermost/div_surveybot - SurveybotBOT' (Root cause: com.kms.katalon.core.exception.StepFailedException: Unable to click on object 'Object Repository/5_Manage_Team_Members/Invite_New_Member_To_Team/Page_CS420 - Bumblebee Mattermost/div_surveybot - SurveybotBOT'
	at com.kms.katalon.core.webui.keyword.internal.WebUIKeywordMain.stepFailed(WebUIKeywordMain.groovy:64)
	at com.kms.katalon.core.webui.keyword.internal.WebUIKeywordMain.runKeyword(WebUIKeywordMain.groovy:26)
	at com.kms.katalon.core.webui.keyword.builtin.ClickKeyword.click(ClickKeyword.groovy:102)
	at com.kms.katalon.core.webui.keyword.builtin.ClickKeyword.execute(ClickKeyword.groovy:43)
	at com.kms.katalon.core.keyword.internal.KeywordExecutor.executeKeywordForPlatform(KeywordExecutor.groovy:72)
	at com.kms.katalon.core.webui.keyword.WebUiBuiltInKeywords.click(WebUiBuiltInKeywords.groovy:616)
	at com.kms.katalon.core.webui.keyword.WebUiBuiltInKeywords$click$1.call(Unknown Source)
	at Invite_New_Member_To_Team.run(Invite_New_Member_To_Team:27)
	at com.kms.katalon.core.main.ScriptEngine.run(ScriptEngine.java:194)
	at com.kms.katalon.core.main.ScriptEngine.runScriptAsRawText(ScriptEngine.java:119)
	at com.kms.katalon.core.main.TestCaseExecutor.runScript(TestCaseExecutor.java:337)
	at com.kms.katalon.core.main.TestCaseExecutor.doExecute(TestCaseExecutor.java:328)
	at com.kms.katalon.core.main.TestCaseExecutor.processExecutionPhase(TestCaseExecutor.java:307)
	at com.kms.katalon.core.main.TestCaseExecutor.accessMainPhase(TestCaseExecutor.java:299)
	at com.kms.katalon.core.main.TestCaseExecutor.execute(TestCaseExecutor.java:233)
	at com.kms.katalon.core.main.TestSuiteExecutor.accessTestCaseMainPhase(TestSuiteExecutor.java:169)
	at com.kms.katalon.core.main.TestSuiteExecutor.accessTestSuiteMainPhase(TestSuiteExecutor.java:142)
	at com.kms.katalon.core.main.TestSuiteExecutor.execute(TestSuiteExecutor.java:91)
	at com.kms.katalon.core.main.TestCaseMain.startTestSuite(TestCaseMain.java:157)
	at com.kms.katalon.core.main.TestCaseMain$startTestSuite$0.call(Unknown Source)
	at TempTestSuite1577543522490.run(TempTestSuite1577543522490.groovy:36)
Caused by: com.kms.katalon.core.webui.exception.WebElementNotFoundException: Web element with id: 'Object Repository/5_Manage_Team_Members/Invite_New_Member_To_Team/Page_CS420 - Bumblebee Mattermost/div_surveybot - SurveybotBOT' located by 'By.xpath: //div[@id='addUsersToTeamModal']/div/div/div[2]/div/div[2]/div/div[2]/div/div' not found
	at com.kms.katalon.core.webui.common.WebUiCommonHelper.findWebElement(WebUiCommonHelper.java:1154)
	at com.kms.katalon.core.webui.keyword.internal.WebUIAbstractKeyword.findWebElement(WebUIAbstractKeyword.groovy:27)
	at com.kms.katalon.core.webui.keyword.internal.WebUIAbstractKeyword.findWebElement(WebUIAbstractKeyword.groovy:26)
	at com.kms.katalon.core.webui.keyword.builtin.ClickKeyword$_click_closure1.doCall(ClickKeyword.groovy:67)
	at com.kms.katalon.core.webui.keyword.builtin.ClickKeyword$_click_closure1.call(ClickKeyword.groovy)
	at com.kms.katalon.core.webui.keyword.internal.WebUIKeywordMain.runKeyword(WebUIKeywordMain.groovy:20)
	at com.kms.katalon.core.webui.keyword.builtin.ClickKeyword.click(ClickKeyword.groovy:102)
	at com.kms.katalon.core.webui.keyword.builtin.ClickKeyword.execute(ClickKeyword.groovy:43)
	at com.kms.katalon.core.keyword.internal.KeywordExecutor.executeKeywordForPlatform(KeywordExecutor.groovy:72)
	at com.kms.katalon.core.webui.keyword.WebUiBuiltInKeywords.click(WebUiBuiltInKeywords.groovy:616)
	at com.kms.katalon.core.webui.keyword.WebUiBuiltInKeywords$click$1.call(Unknown Source)
	at Script1576845999737.run(Script1576845999737.groovy:27)
	... 13 more
)
[[ATTACHMENT|/Users/nguyentri/Desktop/Learn/SoftwareEngineer/mattermost-duo-test/Reports/20191228_213202/Run_all_test_cases/20191228_213202/1577544829211.png]]]]></system-out>
         <system-err><![CDATA[2019-12-28 21:52:09 - [TEST_CASE][FAILED] - Test Cases/5_Manage_Team_Members/Invite_New_Member_To_Team: Test Cases/5_Manage_Team_Members/Invite_New_Member_To_Team FAILED.
Reason:
com.kms.katalon.core.exception.StepFailedException: Unable to click on object 'Object Repository/5_Manage_Team_Members/Invite_New_Member_To_Team/Page_CS420 - Bumblebee Mattermost/div_surveybot - SurveybotBOT'
	at com.kms.katalon.core.webui.keyword.internal.WebUIKeywordMain.stepFailed(WebUIKeywordMain.groovy:64)
	at com.kms.katalon.core.webui.keyword.internal.WebUIKeywordMain.runKeyword(WebUIKeywordMain.groovy:26)
	at com.kms.katalon.core.webui.keyword.builtin.ClickKeyword.click(ClickKeyword.groovy:102)
	at com.kms.katalon.core.webui.keyword.builtin.ClickKeyword.execute(ClickKeyword.groovy:43)
	at com.kms.katalon.core.keyword.internal.KeywordExecutor.executeKeywordForPlatform(KeywordExecutor.groovy:72)
	at com.kms.katalon.core.webui.keyword.WebUiBuiltInKeywords.click(WebUiBuiltInKeywords.groovy:616)
	at com.kms.katalon.core.webui.keyword.WebUiBuiltInKeywords$click$1.call(Unknown Source)
	at Invite_New_Member_To_Team.run(Invite_New_Member_To_Team:27)
	at com.kms.katalon.core.main.ScriptEngine.run(ScriptEngine.java:194)
	at com.kms.katalon.core.main.ScriptEngine.runScriptAsRawText(ScriptEngine.java:119)
	at com.kms.katalon.core.main.TestCaseExecutor.runScript(TestCaseExecutor.java:337)
	at com.kms.katalon.core.main.TestCaseExecutor.doExecute(TestCaseExecutor.java:328)
	at com.kms.katalon.core.main.TestCaseExecutor.processExecutionPhase(TestCaseExecutor.java:307)
	at com.kms.katalon.core.main.TestCaseExecutor.accessMainPhase(TestCaseExecutor.java:299)
	at com.kms.katalon.core.main.TestCaseExecutor.execute(TestCaseExecutor.java:233)
	at com.kms.katalon.core.main.TestSuiteExecutor.accessTestCaseMainPhase(TestSuiteExecutor.java:169)
	at com.kms.katalon.core.main.TestSuiteExecutor.accessTestSuiteMainPhase(TestSuiteExecutor.java:142)
	at com.kms.katalon.core.main.TestSuiteExecutor.execute(TestSuiteExecutor.java:91)
	at com.kms.katalon.core.main.TestCaseMain.startTestSuite(TestCaseMain.java:157)
	at com.kms.katalon.core.main.TestCaseMain$startTestSuite$0.call(Unknown Source)
	at TempTestSuite1577543522490.run(TempTestSuite1577543522490.groovy:36)
Caused by: com.kms.katalon.core.webui.exception.WebElementNotFoundException: Web element with id: 'Object Repository/5_Manage_Team_Members/Invite_New_Member_To_Team/Page_CS420 - Bumblebee Mattermost/div_surveybot - SurveybotBOT' located by 'By.xpath: //div[@id='addUsersToTeamModal']/div/div/div[2]/div/div[2]/div/div[2]/div/div' not found
	at com.kms.katalon.core.webui.common.WebUiCommonHelper.findWebElement(WebUiCommonHelper.java:1154)
	at com.kms.katalon.core.webui.keyword.internal.WebUIAbstractKeyword.findWebElement(WebUIAbstractKeyword.groovy:27)
	at com.kms.katalon.core.webui.keyword.internal.WebUIAbstractKeyword.findWebElement(WebUIAbstractKeyword.groovy:26)
	at com.kms.katalon.core.webui.keyword.builtin.ClickKeyword$_click_closure1.doCall(ClickKeyword.groovy:67)
	at com.kms.katalon.core.webui.keyword.builtin.ClickKeyword$_click_closure1.call(ClickKeyword.groovy)
	at com.kms.katalon.core.webui.keyword.internal.WebUIKeywordMain.runKeyword(WebUIKeywordMain.groovy:20)
	... 19 more]]></system-err>
      </testcase>
      <testcase name="Test Cases/5_Manage_Team_Members/View_Members_In_Team" time="8.266" classname="Test Cases/5_Manage_Team_Members/View_Members_In_Team" status="PASSED">
         <system-out><![CDATA[2019-12-28 21:53:49 - [TEST_CASE][PASSED] - Test Cases/5_Manage_Team_Members/View_Members_In_Team: Test Cases/5_Manage_Team_Members/View_Members_In_Team

2019-12-28 21:53:50 - [TEST_STEP][PASSED] - openBrowser(""): Browser is opened with url: ''

2019-12-28 21:53:50 - [MESSAGE][PASSED] - Browser is opened with url: ''

2019-12-28 21:53:50 - [TEST_STEP][PASSED] - navigateToUrl("http://localhost:8065/"): Navigate to 'http://localhost:8065/' successfully

2019-12-28 21:53:51 - [MESSAGE][PASSED] - Navigate to 'http://localhost:8065/' successfully

2019-12-28 21:53:51 - [TEST_STEP][PASSED] - click(findTestObject("Object Repository/5_Manage_Team_Members/View_Members_In_Team/Page_CS420 - Bumblebee Mattermost/span")): Object: 'Object Repository/5_Manage_Team_Members/View_Members_In_Team/Page_CS420 - Bumblebee Mattermost/span' is clicked on

2019-12-28 21:53:55 - [MESSAGE][PASSED] - Object: 'Object Repository/5_Manage_Team_Members/View_Members_In_Team/Page_CS420 - Bumblebee Mattermost/span' is clicked on

2019-12-28 21:53:55 - [TEST_STEP][PASSED] - click(findTestObject("Object Repository/5_Manage_Team_Members/View_Members_In_Team/Page_CS420 - Bumblebee Mattermost/button_Manage Members")): Object: 'Object Repository/5_Manage_Team_Members/View_Members_In_Team/Page_CS420 - Bumblebee Mattermost/button_Manage Members' is clicked on

2019-12-28 21:53:56 - [MESSAGE][PASSED] - Object: 'Object Repository/5_Manage_Team_Members/View_Members_In_Team/Page_CS420 - Bumblebee Mattermost/button_Manage Members' is clicked on

2019-12-28 21:53:56 - [TEST_STEP][PASSED] - click(findTestObject("Object Repository/5_Manage_Team_Members/View_Members_In_Team/Page_CS420 - Bumblebee Mattermost/span_")): Object: 'Object Repository/5_Manage_Team_Members/View_Members_In_Team/Page_CS420 - Bumblebee Mattermost/span_' is clicked on

2019-12-28 21:53:57 - [MESSAGE][PASSED] - Object: 'Object Repository/5_Manage_Team_Members/View_Members_In_Team/Page_CS420 - Bumblebee Mattermost/span_' is clicked on

2019-12-28 21:53:57 - [TEST_STEP][NOT_RUN] - closeBrowser(): NOT_RUN: closeBrowser()

2019-12-28 21:53:57 - [MESSAGE][NOT_RUN] - NOT_RUN: closeBrowser()]]></system-out>
         <system-err><![CDATA[]]></system-err>
      </testcase>
      <testcase name="Test Cases/6_Team_Settings/Allow_Any_Join_Team" time="10.954" classname="Test Cases/6_Team_Settings/Allow_Any_Join_Team" status="PASSED">
         <system-out><![CDATA[2019-12-28 21:53:57 - [TEST_CASE][PASSED] - Test Cases/6_Team_Settings/Allow_Any_Join_Team: Test Cases/6_Team_Settings/Allow_Any_Join_Team

2019-12-28 21:53:58 - [TEST_STEP][PASSED] - openBrowser(""): Browser is opened with url: ''

2019-12-28 21:53:59 - [MESSAGE][PASSED] - Browser is opened with url: ''

2019-12-28 21:53:59 - [TEST_STEP][PASSED] - navigateToUrl("http://localhost:8065/"): Navigate to 'http://localhost:8065/' successfully

2019-12-28 21:54:00 - [MESSAGE][PASSED] - Navigate to 'http://localhost:8065/' successfully

2019-12-28 21:54:00 - [TEST_STEP][PASSED] - click(findTestObject("6_Team_Settings/Allow_Any_Join_Team/Page_1HDHFClGY4 - Bumblebee Mattermost/span")): Object: 'Object Repository/6_Team_Settings/Allow_Any_Join_Team/Page_1HDHFClGY4 - Bumblebee Mattermost/span' is clicked on

2019-12-28 21:54:04 - [MESSAGE][PASSED] - Object: 'Object Repository/6_Team_Settings/Allow_Any_Join_Team/Page_1HDHFClGY4 - Bumblebee Mattermost/span' is clicked on

2019-12-28 21:54:04 - [TEST_STEP][PASSED] - click(findTestObject("6_Team_Settings/Allow_Any_Join_Team/Page_1HDHFClGY4 - Bumblebee Mattermost/button_Team Settings")): Object: 'Object Repository/6_Team_Settings/Allow_Any_Join_Team/Page_1HDHFClGY4 - Bumblebee Mattermost/button_Team Settings' is clicked on

2019-12-28 21:54:05 - [MESSAGE][PASSED] - Object: 'Object Repository/6_Team_Settings/Allow_Any_Join_Team/Page_1HDHFClGY4 - Bumblebee Mattermost/button_Team Settings' is clicked on

2019-12-28 21:54:05 - [TEST_STEP][PASSED] - click(findTestObject("6_Team_Settings/Allow_Any_Join_Team/Page_1HDHFClGY4 - Bumblebee Mattermost/span_Edit")): Object: 'Object Repository/6_Team_Settings/Allow_Any_Join_Team/Page_1HDHFClGY4 - Bumblebee Mattermost/span_Edit' is clicked on

2019-12-28 21:54:06 - [MESSAGE][PASSED] - Object: 'Object Repository/6_Team_Settings/Allow_Any_Join_Team/Page_1HDHFClGY4 - Bumblebee Mattermost/span_Edit' is clicked on

2019-12-28 21:54:06 - [TEST_STEP][PASSED] - click(findTestObject("6_Team_Settings/Allow_Any_Join_Team/Page_1HDHFClGY4 - Bumblebee Mattermost/input_Allow any user with an account on thi_edcb6a")): Object: 'Object Repository/6_Team_Settings/Allow_Any_Join_Team/Page_1HDHFClGY4 - Bumblebee Mattermost/input_Allow any user with an account on thi_edcb6a' is clicked on

2019-12-28 21:54:07 - [MESSAGE][PASSED] - Object: 'Object Repository/6_Team_Settings/Allow_Any_Join_Team/Page_1HDHFClGY4 - Bumblebee Mattermost/input_Allow any user with an account on thi_edcb6a' is clicked on

2019-12-28 21:54:07 - [TEST_STEP][PASSED] - click(findTestObject("6_Team_Settings/Allow_Any_Join_Team/Page_1HDHFClGY4 - Bumblebee Mattermost/span_Save")): Object: 'Object Repository/6_Team_Settings/Allow_Any_Join_Team/Page_1HDHFClGY4 - Bumblebee Mattermost/span_Save' is clicked on

2019-12-28 21:54:07 - [MESSAGE][PASSED] - Object: 'Object Repository/6_Team_Settings/Allow_Any_Join_Team/Page_1HDHFClGY4 - Bumblebee Mattermost/span_Save' is clicked on

2019-12-28 21:54:07 - [TEST_STEP][PASSED] - click(findTestObject("6_Team_Settings/Allow_Any_Join_Team/Page_1HDHFClGY4 - Bumblebee Mattermost/span_")): Object: 'Object Repository/6_Team_Settings/Allow_Any_Join_Team/Page_1HDHFClGY4 - Bumblebee Mattermost/span_' is clicked on

2019-12-28 21:54:08 - [MESSAGE][PASSED] - Object: 'Object Repository/6_Team_Settings/Allow_Any_Join_Team/Page_1HDHFClGY4 - Bumblebee Mattermost/span_' is clicked on

2019-12-28 21:54:08 - [TEST_STEP][NOT_RUN] - closeBrowser(): NOT_RUN: closeBrowser()

2019-12-28 21:54:08 - [MESSAGE][NOT_RUN] - NOT_RUN: closeBrowser()]]></system-out>
         <system-err><![CDATA[]]></system-err>
      </testcase>
      <testcase name="Test Cases/6_Team_Settings/Allow_Join_Team" time="51.452" classname="Test Cases/6_Team_Settings/Allow_Join_Team" status="PASSED">
         <system-out><![CDATA[2019-12-28 21:54:08 - [TEST_CASE][PASSED] - Test Cases/6_Team_Settings/Allow_Join_Team: Test Cases/6_Team_Settings/Allow_Join_Team

2019-12-28 21:54:09 - [TEST_STEP][PASSED] - openBrowser(""): Browser is opened with url: ''

2019-12-28 21:54:09 - [MESSAGE][PASSED] - Browser is opened with url: ''

2019-12-28 21:54:09 - [TEST_STEP][PASSED] - navigateToUrl("http://localhost:8065/"): Navigate to 'http://localhost:8065/' successfully

2019-12-28 21:54:10 - [MESSAGE][PASSED] - Navigate to 'http://localhost:8065/' successfully

2019-12-28 21:54:10 - [TEST_STEP][PASSED] - click(findTestObject("6_Team_Settings/Allow_Join_Team/Page_1HDHFClGY4 - Bumblebee Mattermost/svg")): Object: 'Object Repository/6_Team_Settings/Allow_Join_Team/Page_1HDHFClGY4 - Bumblebee Mattermost/svg' is clicked on

2019-12-28 21:54:54 - [MESSAGE][INFO] - Unable to find the element located by 'By.xpath: (.//*[normalize-space(text()) and normalize-space(.)='@ngocyen'])[1]/following::*[name()='svg'][1]'. Please recheck the objects properties to make sure the desired element is located. 

2019-12-28 21:54:54 - [MESSAGE][INFO] - [SMART_XPATH] Auto-trying out other XPath values in the test object.

2019-12-28 21:54:54 - [MESSAGE][INFO] - [SMART_XPATH] FAILED XPATH: '(.//*[normalize-space(text()) and normalize-space(.)='@ngocyen'])[1]/following::*[name()='svg'][1]'.

2019-12-28 21:54:54 - [MESSAGE][INFO] - [SMART_XPATH] WORKING XPATH: '(.//*[normalize-space(text()) and normalize-space(.)='Bumblebee'])[2]/following::*[name()='svg'][1]'.

2019-12-28 21:54:54 - [MESSAGE][INFO] - [SMART_XPATH] Screenshot: /Users/nguyentri/Desktop/Learn/SoftwareEngineer/mattermost-duo-test/Reports/smart_xpath/Object Repository/6_Team_Settings/Allow_Join_Team/Page_1HDHFClGY4 - Bumblebee Mattermost/svg_neighbor_26.png

2019-12-28 21:54:54 - [MESSAGE][INFO] - [SMART_XPATH] WORKING XPATH: '(.//*[normalize-space(text()) and normalize-space(.)='More unreads'])[1]/preceding::*[name()='svg'][1]'.

2019-12-28 21:54:55 - [MESSAGE][INFO] - [SMART_XPATH] Screenshot: /Users/nguyentri/Desktop/Learn/SoftwareEngineer/mattermost-duo-test/Reports/smart_xpath/Object Repository/6_Team_Settings/Allow_Join_Team/Page_1HDHFClGY4 - Bumblebee Mattermost/svg_neighbor_27.png

2019-12-28 21:54:55 - [MESSAGE][INFO] - [SMART_XPATH] WORKING XPATH: '(.//*[normalize-space(text()) and normalize-space(.)='More unreads'])[2]/preceding::*[name()='svg'][2]'.

2019-12-28 21:54:55 - [MESSAGE][INFO] - [SMART_XPATH] Screenshot: /Users/nguyentri/Desktop/Learn/SoftwareEngineer/mattermost-duo-test/Reports/smart_xpath/Object Repository/6_Team_Settings/Allow_Join_Team/Page_1HDHFClGY4 - Bumblebee Mattermost/svg_neighbor_28.png

2019-12-28 21:54:55 - [MESSAGE][ERROR] - [SMART_XPATH] /Users/nguyentri/Desktop/Learn/SoftwareEngineer/mattermost-duo-test/Reports/smart_xpath/waiting-for-approval.json (No such file or directory)

2019-12-28 21:54:55 - [MESSAGE][ERROR] - [SMART_XPATH] /Users/nguyentri/Desktop/Learn/SoftwareEngineer/mattermost-duo-test/Reports/smart_xpath/waiting-for-approval.json does not exist or is provided by Smart XPath Plugin!

2019-12-28 21:54:55 - [MESSAGE][INFO] - [SMART_XPATH] Selected Smart XPath: '(.//*[normalize-space(text()) and normalize-space(.)='Bumblebee'])[2]/following::*[name()='svg'][1]'.

2019-12-28 21:54:55 - [MESSAGE][INFO] - [SMART_XPATH] Continuing executing the test case!

2019-12-28 21:54:56 - [MESSAGE][PASSED] - Object: 'Object Repository/6_Team_Settings/Allow_Join_Team/Page_1HDHFClGY4 - Bumblebee Mattermost/svg' is clicked on

2019-12-28 21:54:56 - [TEST_STEP][PASSED] - click(findTestObject("6_Team_Settings/Allow_Join_Team/Page_1HDHFClGY4 - Bumblebee Mattermost/button_Team Settings")): Object: 'Object Repository/6_Team_Settings/Allow_Join_Team/Page_1HDHFClGY4 - Bumblebee Mattermost/button_Team Settings' is clicked on

2019-12-28 21:54:57 - [MESSAGE][PASSED] - Object: 'Object Repository/6_Team_Settings/Allow_Join_Team/Page_1HDHFClGY4 - Bumblebee Mattermost/button_Team Settings' is clicked on

2019-12-28 21:54:57 - [TEST_STEP][PASSED] - click(findTestObject("6_Team_Settings/Allow_Join_Team/Page_1HDHFClGY4 - Bumblebee Mattermost/span_Edit")): Object: 'Object Repository/6_Team_Settings/Allow_Join_Team/Page_1HDHFClGY4 - Bumblebee Mattermost/span_Edit' is clicked on

2019-12-28 21:54:57 - [MESSAGE][PASSED] - Object: 'Object Repository/6_Team_Settings/Allow_Join_Team/Page_1HDHFClGY4 - Bumblebee Mattermost/span_Edit' is clicked on

2019-12-28 21:54:57 - [TEST_STEP][PASSED] - setText(findTestObject("6_Team_Settings/Allow_Join_Team/Page_1HDHFClGY4 - Bumblebee Mattermost/input_Allow only users with a specific emai_44da11"), "user_email.mattermost.org"): Text 'user_email.mattermost.org' is set on object 'Object Repository/6_Team_Settings/Allow_Join_Team/Page_1HDHFClGY4 - Bumblebee Mattermost/input_Allow only users with a specific emai_44da11'

2019-12-28 21:54:58 - [MESSAGE][PASSED] - Text 'user_email.mattermost.org' is set on object 'Object Repository/6_Team_Settings/Allow_Join_Team/Page_1HDHFClGY4 - Bumblebee Mattermost/input_Allow only users with a specific emai_44da11'

2019-12-28 21:54:58 - [TEST_STEP][PASSED] - click(findTestObject("6_Team_Settings/Allow_Join_Team/Page_1HDHFClGY4 - Bumblebee Mattermost/span_Save")): Object: 'Object Repository/6_Team_Settings/Allow_Join_Team/Page_1HDHFClGY4 - Bumblebee Mattermost/span_Save' is clicked on

2019-12-28 21:54:59 - [MESSAGE][PASSED] - Object: 'Object Repository/6_Team_Settings/Allow_Join_Team/Page_1HDHFClGY4 - Bumblebee Mattermost/span_Save' is clicked on

2019-12-28 21:54:59 - [TEST_STEP][PASSED] - click(findTestObject("6_Team_Settings/Allow_Join_Team/Page_1HDHFClGY4 - Bumblebee Mattermost/span_")): Object: 'Object Repository/6_Team_Settings/Allow_Join_Team/Page_1HDHFClGY4 - Bumblebee Mattermost/span_' is clicked on

2019-12-28 21:55:00 - [MESSAGE][PASSED] - Object: 'Object Repository/6_Team_Settings/Allow_Join_Team/Page_1HDHFClGY4 - Bumblebee Mattermost/span_' is clicked on

2019-12-28 21:55:00 - [TEST_STEP][NOT_RUN] - closeBrowser(): NOT_RUN: closeBrowser()

2019-12-28 21:55:00 - [MESSAGE][NOT_RUN] - NOT_RUN: closeBrowser()]]></system-out>
         <system-err><![CDATA[]]></system-err>
      </testcase>
      <testcase name="Test Cases/6_Team_Settings/Edit_Invite_Code" time="51.0" classname="Test Cases/6_Team_Settings/Edit_Invite_Code" status="PASSED">
         <system-out><![CDATA[2019-12-28 21:55:00 - [TEST_CASE][PASSED] - Test Cases/6_Team_Settings/Edit_Invite_Code: Test Cases/6_Team_Settings/Edit_Invite_Code

2019-12-28 21:55:00 - [TEST_STEP][PASSED] - openBrowser(""): Browser is opened with url: ''

2019-12-28 21:55:00 - [MESSAGE][PASSED] - Browser is opened with url: ''

2019-12-28 21:55:00 - [TEST_STEP][PASSED] - navigateToUrl("http://localhost:8065/"): Navigate to 'http://localhost:8065/' successfully

2019-12-28 21:55:01 - [MESSAGE][PASSED] - Navigate to 'http://localhost:8065/' successfully

2019-12-28 21:55:01 - [TEST_STEP][PASSED] - click(findTestObject("Object Repository/6_Team_Settings/Edit_Invite_Code/Page_1HDHFClGY4 - Bumblebee Mattermost/svg")): Object: 'Object Repository/6_Team_Settings/Edit_Invite_Code/Page_1HDHFClGY4 - Bumblebee Mattermost/svg' is clicked on

2019-12-28 21:55:44 - [MESSAGE][INFO] - Unable to find the element located by 'By.xpath: (.//*[normalize-space(text()) and normalize-space(.)='@ngocyen'])[1]/following::*[name()='svg'][1]'. Please recheck the objects properties to make sure the desired element is located. 

2019-12-28 21:55:44 - [MESSAGE][INFO] - [SMART_XPATH] Auto-trying out other XPath values in the test object.

2019-12-28 21:55:44 - [MESSAGE][INFO] - [SMART_XPATH] FAILED XPATH: '(.//*[normalize-space(text()) and normalize-space(.)='@ngocyen'])[1]/following::*[name()='svg'][1]'.

2019-12-28 21:55:45 - [MESSAGE][INFO] - [SMART_XPATH] WORKING XPATH: '(.//*[normalize-space(text()) and normalize-space(.)='Bumblebee'])[2]/following::*[name()='svg'][1]'.

2019-12-28 21:55:45 - [MESSAGE][INFO] - [SMART_XPATH] Screenshot: /Users/nguyentri/Desktop/Learn/SoftwareEngineer/mattermost-duo-test/Reports/smart_xpath/Object Repository/6_Team_Settings/Edit_Invite_Code/Page_1HDHFClGY4 - Bumblebee Mattermost/svg_neighbor_27.png

2019-12-28 21:55:45 - [MESSAGE][INFO] - [SMART_XPATH] WORKING XPATH: '(.//*[normalize-space(text()) and normalize-space(.)='More unreads'])[1]/preceding::*[name()='svg'][1]'.

2019-12-28 21:55:45 - [MESSAGE][INFO] - [SMART_XPATH] Screenshot: /Users/nguyentri/Desktop/Learn/SoftwareEngineer/mattermost-duo-test/Reports/smart_xpath/Object Repository/6_Team_Settings/Edit_Invite_Code/Page_1HDHFClGY4 - Bumblebee Mattermost/svg_neighbor_28.png

2019-12-28 21:55:46 - [MESSAGE][INFO] - [SMART_XPATH] WORKING XPATH: '(.//*[normalize-space(text()) and normalize-space(.)='More unreads'])[2]/preceding::*[name()='svg'][2]'.

2019-12-28 21:55:46 - [MESSAGE][INFO] - [SMART_XPATH] Screenshot: /Users/nguyentri/Desktop/Learn/SoftwareEngineer/mattermost-duo-test/Reports/smart_xpath/Object Repository/6_Team_Settings/Edit_Invite_Code/Page_1HDHFClGY4 - Bumblebee Mattermost/svg_neighbor_29.png

2019-12-28 21:55:46 - [MESSAGE][ERROR] - [SMART_XPATH] /Users/nguyentri/Desktop/Learn/SoftwareEngineer/mattermost-duo-test/Reports/smart_xpath/waiting-for-approval.json (No such file or directory)

2019-12-28 21:55:46 - [MESSAGE][ERROR] - [SMART_XPATH] /Users/nguyentri/Desktop/Learn/SoftwareEngineer/mattermost-duo-test/Reports/smart_xpath/waiting-for-approval.json does not exist or is provided by Smart XPath Plugin!

2019-12-28 21:55:46 - [MESSAGE][INFO] - [SMART_XPATH] Selected Smart XPath: '(.//*[normalize-space(text()) and normalize-space(.)='Bumblebee'])[2]/following::*[name()='svg'][1]'.

2019-12-28 21:55:46 - [MESSAGE][INFO] - [SMART_XPATH] Continuing executing the test case!

2019-12-28 21:55:46 - [MESSAGE][PASSED] - Object: 'Object Repository/6_Team_Settings/Edit_Invite_Code/Page_1HDHFClGY4 - Bumblebee Mattermost/svg' is clicked on

2019-12-28 21:55:46 - [TEST_STEP][PASSED] - click(findTestObject("Object Repository/6_Team_Settings/Edit_Invite_Code/Page_1HDHFClGY4 - Bumblebee Mattermost/button_Team Settings")): Object: 'Object Repository/6_Team_Settings/Edit_Invite_Code/Page_1HDHFClGY4 - Bumblebee Mattermost/button_Team Settings' is clicked on

2019-12-28 21:55:47 - [MESSAGE][PASSED] - Object: 'Object Repository/6_Team_Settings/Edit_Invite_Code/Page_1HDHFClGY4 - Bumblebee Mattermost/button_Team Settings' is clicked on

2019-12-28 21:55:47 - [TEST_STEP][PASSED] - click(findTestObject("Object Repository/6_Team_Settings/Edit_Invite_Code/Page_1HDHFClGY4 - Bumblebee Mattermost/span_Edit")): Object: 'Object Repository/6_Team_Settings/Edit_Invite_Code/Page_1HDHFClGY4 - Bumblebee Mattermost/span_Edit' is clicked on

2019-12-28 21:55:48 - [MESSAGE][PASSED] - Object: 'Object Repository/6_Team_Settings/Edit_Invite_Code/Page_1HDHFClGY4 - Bumblebee Mattermost/span_Edit' is clicked on

2019-12-28 21:55:48 - [TEST_STEP][PASSED] - click(findTestObject("Object Repository/6_Team_Settings/Edit_Invite_Code/Page_1HDHFClGY4 - Bumblebee Mattermost/span_Regenerate")): Object: 'Object Repository/6_Team_Settings/Edit_Invite_Code/Page_1HDHFClGY4 - Bumblebee Mattermost/span_Regenerate' is clicked on

2019-12-28 21:55:49 - [MESSAGE][PASSED] - Object: 'Object Repository/6_Team_Settings/Edit_Invite_Code/Page_1HDHFClGY4 - Bumblebee Mattermost/span_Regenerate' is clicked on

2019-12-28 21:55:49 - [TEST_STEP][PASSED] - delay(1): Delayed 1 second(s)

2019-12-28 21:55:50 - [MESSAGE][PASSED] - Delayed 1 second(s)

2019-12-28 21:55:50 - [TEST_STEP][PASSED] - click(findTestObject("Object Repository/6_Team_Settings/Edit_Invite_Code/Page_1HDHFClGY4 - Bumblebee Mattermost/span_")): Object: 'Object Repository/6_Team_Settings/Edit_Invite_Code/Page_1HDHFClGY4 - Bumblebee Mattermost/span_' is clicked on

2019-12-28 21:55:51 - [MESSAGE][PASSED] - Object: 'Object Repository/6_Team_Settings/Edit_Invite_Code/Page_1HDHFClGY4 - Bumblebee Mattermost/span_' is clicked on

2019-12-28 21:55:51 - [TEST_STEP][NOT_RUN] - closeBrowser(): NOT_RUN: closeBrowser()

2019-12-28 21:55:51 - [MESSAGE][NOT_RUN] - NOT_RUN: closeBrowser()]]></system-out>
         <system-err><![CDATA[]]></system-err>
      </testcase>
      <testcase name="Test Cases/6_Team_Settings/Edit_Team_Description" time="52.845" classname="Test Cases/6_Team_Settings/Edit_Team_Description" status="PASSED">
         <system-out><![CDATA[2019-12-28 21:55:51 - [TEST_CASE][PASSED] - Test Cases/6_Team_Settings/Edit_Team_Description: Test Cases/6_Team_Settings/Edit_Team_Description

2019-12-28 21:55:51 - [TEST_STEP][PASSED] - openBrowser(""): Browser is opened with url: ''

2019-12-28 21:55:52 - [MESSAGE][PASSED] - Browser is opened with url: ''

2019-12-28 21:55:52 - [TEST_STEP][PASSED] - navigateToUrl("http://localhost:8065/"): Navigate to 'http://localhost:8065/' successfully

2019-12-28 21:55:52 - [MESSAGE][PASSED] - Navigate to 'http://localhost:8065/' successfully

2019-12-28 21:55:52 - [TEST_STEP][PASSED] - click(findTestObject("Object Repository/6_Team_Settings/Edit_Team_Description/Page_1HDHFClGY4 - Bumblebee Mattermost/svg")): Object: 'Object Repository/6_Team_Settings/Edit_Team_Description/Page_1HDHFClGY4 - Bumblebee Mattermost/svg' is clicked on

2019-12-28 21:56:37 - [MESSAGE][INFO] - Unable to find the element located by 'By.xpath: (.//*[normalize-space(text()) and normalize-space(.)='@ngocyen'])[1]/following::*[name()='svg'][1]'. Please recheck the objects properties to make sure the desired element is located. 

2019-12-28 21:56:37 - [MESSAGE][INFO] - [SMART_XPATH] Auto-trying out other XPath values in the test object.

2019-12-28 21:56:37 - [MESSAGE][INFO] - [SMART_XPATH] FAILED XPATH: '(.//*[normalize-space(text()) and normalize-space(.)='@ngocyen'])[1]/following::*[name()='svg'][1]'.

2019-12-28 21:56:37 - [MESSAGE][INFO] - [SMART_XPATH] WORKING XPATH: '(.//*[normalize-space(text()) and normalize-space(.)='Bumblebee'])[2]/following::*[name()='svg'][1]'.

2019-12-28 21:56:38 - [MESSAGE][INFO] - [SMART_XPATH] Screenshot: /Users/nguyentri/Desktop/Learn/SoftwareEngineer/mattermost-duo-test/Reports/smart_xpath/Object Repository/6_Team_Settings/Edit_Team_Description/Page_1HDHFClGY4 - Bumblebee Mattermost/svg_neighbor_28.png

2019-12-28 21:56:38 - [MESSAGE][INFO] - [SMART_XPATH] WORKING XPATH: '(.//*[normalize-space(text()) and normalize-space(.)='More unreads'])[1]/preceding::*[name()='svg'][1]'.

2019-12-28 21:56:38 - [MESSAGE][INFO] - [SMART_XPATH] Screenshot: /Users/nguyentri/Desktop/Learn/SoftwareEngineer/mattermost-duo-test/Reports/smart_xpath/Object Repository/6_Team_Settings/Edit_Team_Description/Page_1HDHFClGY4 - Bumblebee Mattermost/svg_neighbor_29.png

2019-12-28 21:56:39 - [MESSAGE][INFO] - [SMART_XPATH] WORKING XPATH: '(.//*[normalize-space(text()) and normalize-space(.)='More unreads'])[2]/preceding::*[name()='svg'][2]'.

2019-12-28 21:56:39 - [MESSAGE][INFO] - [SMART_XPATH] Screenshot: /Users/nguyentri/Desktop/Learn/SoftwareEngineer/mattermost-duo-test/Reports/smart_xpath/Object Repository/6_Team_Settings/Edit_Team_Description/Page_1HDHFClGY4 - Bumblebee Mattermost/svg_neighbor_30.png

2019-12-28 21:56:39 - [MESSAGE][ERROR] - [SMART_XPATH] /Users/nguyentri/Desktop/Learn/SoftwareEngineer/mattermost-duo-test/Reports/smart_xpath/waiting-for-approval.json (No such file or directory)

2019-12-28 21:56:39 - [MESSAGE][ERROR] - [SMART_XPATH] /Users/nguyentri/Desktop/Learn/SoftwareEngineer/mattermost-duo-test/Reports/smart_xpath/waiting-for-approval.json does not exist or is provided by Smart XPath Plugin!

2019-12-28 21:56:39 - [MESSAGE][INFO] - [SMART_XPATH] Selected Smart XPath: '(.//*[normalize-space(text()) and normalize-space(.)='Bumblebee'])[2]/following::*[name()='svg'][1]'.

2019-12-28 21:56:39 - [MESSAGE][INFO] - [SMART_XPATH] Continuing executing the test case!

2019-12-28 21:56:39 - [MESSAGE][PASSED] - Object: 'Object Repository/6_Team_Settings/Edit_Team_Description/Page_1HDHFClGY4 - Bumblebee Mattermost/svg' is clicked on

2019-12-28 21:56:39 - [TEST_STEP][PASSED] - click(findTestObject("Object Repository/6_Team_Settings/Edit_Team_Description/Page_1HDHFClGY4 - Bumblebee Mattermost/button_Team Settings")): Object: 'Object Repository/6_Team_Settings/Edit_Team_Description/Page_1HDHFClGY4 - Bumblebee Mattermost/button_Team Settings' is clicked on

2019-12-28 21:56:40 - [MESSAGE][PASSED] - Object: 'Object Repository/6_Team_Settings/Edit_Team_Description/Page_1HDHFClGY4 - Bumblebee Mattermost/button_Team Settings' is clicked on

2019-12-28 21:56:40 - [TEST_STEP][PASSED] - click(findTestObject("Object Repository/6_Team_Settings/Edit_Team_Description/Page_1HDHFClGY4 - Bumblebee Mattermost/span_Edit")): Object: 'Object Repository/6_Team_Settings/Edit_Team_Description/Page_1HDHFClGY4 - Bumblebee Mattermost/span_Edit' is clicked on

2019-12-28 21:56:41 - [MESSAGE][PASSED] - Object: 'Object Repository/6_Team_Settings/Edit_Team_Description/Page_1HDHFClGY4 - Bumblebee Mattermost/span_Edit' is clicked on

2019-12-28 21:56:41 - [TEST_STEP][PASSED] - setText(findTestObject("Object Repository/6_Team_Settings/Edit_Team_Description/Page_1HDHFClGY4 - Bumblebee Mattermost/input_Team Description_teamDescription"), "New Description"): Text 'New Description' is set on object 'Object Repository/6_Team_Settings/Edit_Team_Description/Page_1HDHFClGY4 - Bumblebee Mattermost/input_Team Description_teamDescription'

2019-12-28 21:56:42 - [MESSAGE][PASSED] - Text 'New Description' is set on object 'Object Repository/6_Team_Settings/Edit_Team_Description/Page_1HDHFClGY4 - Bumblebee Mattermost/input_Team Description_teamDescription'

2019-12-28 21:56:42 - [TEST_STEP][PASSED] - click(findTestObject("Object Repository/6_Team_Settings/Edit_Team_Description/Page_1HDHFClGY4 - Bumblebee Mattermost/span_Save")): Object: 'Object Repository/6_Team_Settings/Edit_Team_Description/Page_1HDHFClGY4 - Bumblebee Mattermost/span_Save' is clicked on

2019-12-28 21:56:43 - [MESSAGE][PASSED] - Object: 'Object Repository/6_Team_Settings/Edit_Team_Description/Page_1HDHFClGY4 - Bumblebee Mattermost/span_Save' is clicked on

2019-12-28 21:56:43 - [TEST_STEP][PASSED] - click(findTestObject("Object Repository/6_Team_Settings/Edit_Team_Description/Page_1HDHFClGY4 - Bumblebee Mattermost/span_")): Object: 'Object Repository/6_Team_Settings/Edit_Team_Description/Page_1HDHFClGY4 - Bumblebee Mattermost/span_' is clicked on

2019-12-28 21:56:43 - [MESSAGE][PASSED] - Object: 'Object Repository/6_Team_Settings/Edit_Team_Description/Page_1HDHFClGY4 - Bumblebee Mattermost/span_' is clicked on

2019-12-28 21:56:43 - [TEST_STEP][NOT_RUN] - closeBrowser(): NOT_RUN: closeBrowser()

2019-12-28 21:56:43 - [MESSAGE][NOT_RUN] - NOT_RUN: closeBrowser()]]></system-out>
         <system-err><![CDATA[]]></system-err>
      </testcase>
      <testcase name="Test Cases/6_Team_Settings/Edit_Team_Name" time="54.582" classname="Test Cases/6_Team_Settings/Edit_Team_Name" status="FAILED">
         <failure type="FAILED" message="Test Cases/6_Team_Settings/Edit_Team_Name FAILED.
Reason:
com.kms.katalon.core.exception.StepFailedException: Unable to click on object 'Object Repository/6_Team_Settings/Edit_Team_Name/Page_Town Square - Ysbx0Kffz1 Mattermost/svg'
	at com.kms.katalon.core.webui.keyword.internal.WebUIKeywordMain.stepFailed(WebUIKeywordMain.groovy:64)
	at com.kms.katalon.core.webui.keyword.internal.WebUIKeywordMain.runKeyword(WebUIKeywordMain.groovy:26)
	at com.kms.katalon.core.webui.keyword.builtin.ClickKeyword.click(ClickKeyword.groovy:102)
	at com.kms.katalon.core.webui.keyword.builtin.ClickKeyword.execute(ClickKeyword.groovy:43)
	at com.kms.katalon.core.keyword.internal.KeywordExecutor.executeKeywordForPlatform(KeywordExecutor.groovy:72)
	at com.kms.katalon.core.webui.keyword.WebUiBuiltInKeywords.click(WebUiBuiltInKeywords.groovy:616)
	at com.kms.katalon.core.webui.keyword.WebUiBuiltInKeywords$click$1.call(Unknown Source)
	at Edit_Team_Name.run(Edit_Team_Name:23)
	at com.kms.katalon.core.main.ScriptEngine.run(ScriptEngine.java:194)
	at com.kms.katalon.core.main.ScriptEngine.runScriptAsRawText(ScriptEngine.java:119)
	at com.kms.katalon.core.main.TestCaseExecutor.runScript(TestCaseExecutor.java:337)
	at com.kms.katalon.core.main.TestCaseExecutor.doExecute(TestCaseExecutor.java:328)
	at com.kms.katalon.core.main.TestCaseExecutor.processExecutionPhase(TestCaseExecutor.java:307)
	at com.kms.katalon.core.main.TestCaseExecutor.accessMainPhase(TestCaseExecutor.java:299)
	at com.kms.katalon.core.main.TestCaseExecutor.execute(TestCaseExecutor.java:233)
	at com.kms.katalon.core.main.TestSuiteExecutor.accessTestCaseMainPhase(TestSuiteExecutor.java:169)
	at com.kms.katalon.core.main.TestSuiteExecutor.accessTestSuiteMainPhase(TestSuiteExecutor.java:142)
	at com.kms.katalon.core.main.TestSuiteExecutor.execute(TestSuiteExecutor.java:91)
	at com.kms.katalon.core.main.TestCaseMain.startTestSuite(TestCaseMain.java:157)
	at com.kms.katalon.core.main.TestCaseMain$startTestSuite$0.call(Unknown Source)
	at TempTestSuite1577543522490.run(TempTestSuite1577543522490.groovy:36)
Caused by: com.kms.katalon.core.webui.exception.WebElementNotFoundException: Web element with id: 'Object Repository/6_Team_Settings/Edit_Team_Name/Page_Town Square - Ysbx0Kffz1 Mattermost/svg' located by 'By.xpath: (.//*[normalize-space(text()) and normalize-space(.)='@ngocyen'])[1]/following::*[name()='svg'][1]' not found
	at com.kms.katalon.core.webui.common.WebUiCommonHelper.findWebElement(WebUiCommonHelper.java:1154)
	at com.kms.katalon.core.webui.keyword.internal.WebUIAbstractKeyword.findWebElement(WebUIAbstractKeyword.groovy:27)
	at com.kms.katalon.core.webui.keyword.internal.WebUIAbstractKeyword.findWebElement(WebUIAbstractKeyword.groovy:26)
	at com.kms.katalon.core.webui.keyword.builtin.ClickKeyword$_click_closure1.doCall(ClickKeyword.groovy:67)
	at com.kms.katalon.core.webui.keyword.builtin.ClickKeyword$_click_closure1.call(ClickKeyword.groovy)
	at com.kms.katalon.core.webui.keyword.internal.WebUIKeywordMain.runKeyword(WebUIKeywordMain.groovy:20)
	... 19 more
"/>
         <system-out><![CDATA[2019-12-28 21:56:44 - [TEST_CASE][FAILED] - Test Cases/6_Team_Settings/Edit_Team_Name: Test Cases/6_Team_Settings/Edit_Team_Name FAILED.
Reason:
com.kms.katalon.core.exception.StepFailedException: Unable to click on object 'Object Repository/6_Team_Settings/Edit_Team_Name/Page_Town Square - Ysbx0Kffz1 Mattermost/svg'
	at com.kms.katalon.core.webui.keyword.internal.WebUIKeywordMain.stepFailed(WebUIKeywordMain.groovy:64)
	at com.kms.katalon.core.webui.keyword.internal.WebUIKeywordMain.runKeyword(WebUIKeywordMain.groovy:26)
	at com.kms.katalon.core.webui.keyword.builtin.ClickKeyword.click(ClickKeyword.groovy:102)
	at com.kms.katalon.core.webui.keyword.builtin.ClickKeyword.execute(ClickKeyword.groovy:43)
	at com.kms.katalon.core.keyword.internal.KeywordExecutor.executeKeywordForPlatform(KeywordExecutor.groovy:72)
	at com.kms.katalon.core.webui.keyword.WebUiBuiltInKeywords.click(WebUiBuiltInKeywords.groovy:616)
	at com.kms.katalon.core.webui.keyword.WebUiBuiltInKeywords$click$1.call(Unknown Source)
	at Edit_Team_Name.run(Edit_Team_Name:23)
	at com.kms.katalon.core.main.ScriptEngine.run(ScriptEngine.java:194)
	at com.kms.katalon.core.main.ScriptEngine.runScriptAsRawText(ScriptEngine.java:119)
	at com.kms.katalon.core.main.TestCaseExecutor.runScript(TestCaseExecutor.java:337)
	at com.kms.katalon.core.main.TestCaseExecutor.doExecute(TestCaseExecutor.java:328)
	at com.kms.katalon.core.main.TestCaseExecutor.processExecutionPhase(TestCaseExecutor.java:307)
	at com.kms.katalon.core.main.TestCaseExecutor.accessMainPhase(TestCaseExecutor.java:299)
	at com.kms.katalon.core.main.TestCaseExecutor.execute(TestCaseExecutor.java:233)
	at com.kms.katalon.core.main.TestSuiteExecutor.accessTestCaseMainPhase(TestSuiteExecutor.java:169)
	at com.kms.katalon.core.main.TestSuiteExecutor.accessTestSuiteMainPhase(TestSuiteExecutor.java:142)
	at com.kms.katalon.core.main.TestSuiteExecutor.execute(TestSuiteExecutor.java:91)
	at com.kms.katalon.core.main.TestCaseMain.startTestSuite(TestCaseMain.java:157)
	at com.kms.katalon.core.main.TestCaseMain$startTestSuite$0.call(Unknown Source)
	at TempTestSuite1577543522490.run(TempTestSuite1577543522490.groovy:36)
Caused by: com.kms.katalon.core.webui.exception.WebElementNotFoundException: Web element with id: 'Object Repository/6_Team_Settings/Edit_Team_Name/Page_Town Square - Ysbx0Kffz1 Mattermost/svg' located by 'By.xpath: (.//*[normalize-space(text()) and normalize-space(.)='@ngocyen'])[1]/following::*[name()='svg'][1]' not found
	at com.kms.katalon.core.webui.common.WebUiCommonHelper.findWebElement(WebUiCommonHelper.java:1154)
	at com.kms.katalon.core.webui.keyword.internal.WebUIAbstractKeyword.findWebElement(WebUIAbstractKeyword.groovy:27)
	at com.kms.katalon.core.webui.keyword.internal.WebUIAbstractKeyword.findWebElement(WebUIAbstractKeyword.groovy:26)
	at com.kms.katalon.core.webui.keyword.builtin.ClickKeyword$_click_closure1.doCall(ClickKeyword.groovy:67)
	at com.kms.katalon.core.webui.keyword.builtin.ClickKeyword$_click_closure1.call(ClickKeyword.groovy)
	at com.kms.katalon.core.webui.keyword.internal.WebUIKeywordMain.runKeyword(WebUIKeywordMain.groovy:20)
	... 19 more


2019-12-28 21:56:45 - [TEST_STEP][PASSED] - openBrowser(""): Browser is opened with url: ''

2019-12-28 21:56:45 - [MESSAGE][PASSED] - Browser is opened with url: ''

2019-12-28 21:56:45 - [TEST_STEP][PASSED] - navigateToUrl("https://mattermost-duo-test-yen.herokuapp.com/ysbx0kffz/channels/town-square"): Navigate to 'https://mattermost-duo-test-yen.herokuapp.com/ysbx0kffz/channels/town-square' successfully

2019-12-28 21:56:53 - [MESSAGE][PASSED] - Navigate to 'https://mattermost-duo-test-yen.herokuapp.com/ysbx0kffz/channels/town-square' successfully

2019-12-28 21:56:53 - [TEST_STEP][FAILED] - click(findTestObject("6_Team_Settings/Edit_Team_Name/Page_Town Square - Ysbx0Kffz1 Mattermost/svg")): Unable to click on object 'Object Repository/6_Team_Settings/Edit_Team_Name/Page_Town Square - Ysbx0Kffz1 Mattermost/svg' (Root cause: com.kms.katalon.core.exception.StepFailedException: Unable to click on object 'Object Repository/6_Team_Settings/Edit_Team_Name/Page_Town Square - Ysbx0Kffz1 Mattermost/svg'
	at com.kms.katalon.core.webui.keyword.internal.WebUIKeywordMain.stepFailed(WebUIKeywordMain.groovy:64)
	at com.kms.katalon.core.webui.keyword.internal.WebUIKeywordMain.runKeyword(WebUIKeywordMain.groovy:26)
	at com.kms.katalon.core.webui.keyword.builtin.ClickKeyword.click(ClickKeyword.groovy:102)
	at com.kms.katalon.core.webui.keyword.builtin.ClickKeyword.execute(ClickKeyword.groovy:43)
	at com.kms.katalon.core.keyword.internal.KeywordExecutor.executeKeywordForPlatform(KeywordExecutor.groovy:72)
	at com.kms.katalon.core.webui.keyword.WebUiBuiltInKeywords.click(WebUiBuiltInKeywords.groovy:616)
	at com.kms.katalon.core.webui.keyword.WebUiBuiltInKeywords$click$1.call(Unknown Source)
	at Edit_Team_Name.run(Edit_Team_Name:23)
	at com.kms.katalon.core.main.ScriptEngine.run(ScriptEngine.java:194)
	at com.kms.katalon.core.main.ScriptEngine.runScriptAsRawText(ScriptEngine.java:119)
	at com.kms.katalon.core.main.TestCaseExecutor.runScript(TestCaseExecutor.java:337)
	at com.kms.katalon.core.main.TestCaseExecutor.doExecute(TestCaseExecutor.java:328)
	at com.kms.katalon.core.main.TestCaseExecutor.processExecutionPhase(TestCaseExecutor.java:307)
	at com.kms.katalon.core.main.TestCaseExecutor.accessMainPhase(TestCaseExecutor.java:299)
	at com.kms.katalon.core.main.TestCaseExecutor.execute(TestCaseExecutor.java:233)
	at com.kms.katalon.core.main.TestSuiteExecutor.accessTestCaseMainPhase(TestSuiteExecutor.java:169)
	at com.kms.katalon.core.main.TestSuiteExecutor.accessTestSuiteMainPhase(TestSuiteExecutor.java:142)
	at com.kms.katalon.core.main.TestSuiteExecutor.execute(TestSuiteExecutor.java:91)
	at com.kms.katalon.core.main.TestCaseMain.startTestSuite(TestCaseMain.java:157)
	at com.kms.katalon.core.main.TestCaseMain$startTestSuite$0.call(Unknown Source)
	at TempTestSuite1577543522490.run(TempTestSuite1577543522490.groovy:36)
Caused by: com.kms.katalon.core.webui.exception.WebElementNotFoundException: Web element with id: 'Object Repository/6_Team_Settings/Edit_Team_Name/Page_Town Square - Ysbx0Kffz1 Mattermost/svg' located by 'By.xpath: (.//*[normalize-space(text()) and normalize-space(.)='@ngocyen'])[1]/following::*[name()='svg'][1]' not found
	at com.kms.katalon.core.webui.common.WebUiCommonHelper.findWebElement(WebUiCommonHelper.java:1154)
	at com.kms.katalon.core.webui.keyword.internal.WebUIAbstractKeyword.findWebElement(WebUIAbstractKeyword.groovy:27)
	at com.kms.katalon.core.webui.keyword.internal.WebUIAbstractKeyword.findWebElement(WebUIAbstractKeyword.groovy:26)
	at com.kms.katalon.core.webui.keyword.builtin.ClickKeyword$_click_closure1.doCall(ClickKeyword.groovy:67)
	at com.kms.katalon.core.webui.keyword.builtin.ClickKeyword$_click_closure1.call(ClickKeyword.groovy)
	at com.kms.katalon.core.webui.keyword.internal.WebUIKeywordMain.runKeyword(WebUIKeywordMain.groovy:20)
	at com.kms.katalon.core.webui.keyword.builtin.ClickKeyword.click(ClickKeyword.groovy:102)
	at com.kms.katalon.core.webui.keyword.builtin.ClickKeyword.execute(ClickKeyword.groovy:43)
	at com.kms.katalon.core.keyword.internal.KeywordExecutor.executeKeywordForPlatform(KeywordExecutor.groovy:72)
	at com.kms.katalon.core.webui.keyword.WebUiBuiltInKeywords.click(WebUiBuiltInKeywords.groovy:616)
	at com.kms.katalon.core.webui.keyword.WebUiBuiltInKeywords$click$1.call(Unknown Source)
	at Script1576845371649.run(Script1576845371649.groovy:23)
	... 13 more
)

2019-12-28 21:57:37 - [MESSAGE][INFO] - Unable to find the element located by 'By.xpath: (.//*[normalize-space(text()) and normalize-space(.)='@ngocyen'])[1]/following::*[name()='svg'][1]'. Please recheck the objects properties to make sure the desired element is located. 

2019-12-28 21:57:37 - [MESSAGE][INFO] - [SMART_XPATH] Auto-trying out other XPath values in the test object.

2019-12-28 21:57:37 - [MESSAGE][INFO] - [SMART_XPATH] FAILED XPATH: '(.//*[normalize-space(text()) and normalize-space(.)='@ngocyen'])[1]/following::*[name()='svg'][1]'.

2019-12-28 21:57:37 - [MESSAGE][INFO] - [SMART_XPATH] FAILED XPATH: '(.//*[normalize-space(text()) and normalize-space(.)='Ysbx0Kffz1'])[2]/following::*[name()='svg'][1]'.

2019-12-28 21:57:38 - [MESSAGE][INFO] - [SMART_XPATH] FAILED XPATH: '(.//*[normalize-space(text()) and normalize-space(.)='More unreads'])[1]/preceding::*[name()='svg'][1]'.

2019-12-28 21:57:38 - [MESSAGE][INFO] - [SMART_XPATH] FAILED XPATH: '(.//*[normalize-space(text()) and normalize-space(.)='More unreads'])[2]/preceding::*[name()='svg'][2]'.

2019-12-28 21:57:38 - [MESSAGE][INFO] - [SMART_XPATH] No working XPath is found.

2019-12-28 21:57:38 - [MESSAGE][FAILED] - Unable to click on object 'Object Repository/6_Team_Settings/Edit_Team_Name/Page_Town Square - Ysbx0Kffz1 Mattermost/svg' (Root cause: com.kms.katalon.core.exception.StepFailedException: Unable to click on object 'Object Repository/6_Team_Settings/Edit_Team_Name/Page_Town Square - Ysbx0Kffz1 Mattermost/svg'
	at com.kms.katalon.core.webui.keyword.internal.WebUIKeywordMain.stepFailed(WebUIKeywordMain.groovy:64)
	at com.kms.katalon.core.webui.keyword.internal.WebUIKeywordMain.runKeyword(WebUIKeywordMain.groovy:26)
	at com.kms.katalon.core.webui.keyword.builtin.ClickKeyword.click(ClickKeyword.groovy:102)
	at com.kms.katalon.core.webui.keyword.builtin.ClickKeyword.execute(ClickKeyword.groovy:43)
	at com.kms.katalon.core.keyword.internal.KeywordExecutor.executeKeywordForPlatform(KeywordExecutor.groovy:72)
	at com.kms.katalon.core.webui.keyword.WebUiBuiltInKeywords.click(WebUiBuiltInKeywords.groovy:616)
	at com.kms.katalon.core.webui.keyword.WebUiBuiltInKeywords$click$1.call(Unknown Source)
	at Edit_Team_Name.run(Edit_Team_Name:23)
	at com.kms.katalon.core.main.ScriptEngine.run(ScriptEngine.java:194)
	at com.kms.katalon.core.main.ScriptEngine.runScriptAsRawText(ScriptEngine.java:119)
	at com.kms.katalon.core.main.TestCaseExecutor.runScript(TestCaseExecutor.java:337)
	at com.kms.katalon.core.main.TestCaseExecutor.doExecute(TestCaseExecutor.java:328)
	at com.kms.katalon.core.main.TestCaseExecutor.processExecutionPhase(TestCaseExecutor.java:307)
	at com.kms.katalon.core.main.TestCaseExecutor.accessMainPhase(TestCaseExecutor.java:299)
	at com.kms.katalon.core.main.TestCaseExecutor.execute(TestCaseExecutor.java:233)
	at com.kms.katalon.core.main.TestSuiteExecutor.accessTestCaseMainPhase(TestSuiteExecutor.java:169)
	at com.kms.katalon.core.main.TestSuiteExecutor.accessTestSuiteMainPhase(TestSuiteExecutor.java:142)
	at com.kms.katalon.core.main.TestSuiteExecutor.execute(TestSuiteExecutor.java:91)
	at com.kms.katalon.core.main.TestCaseMain.startTestSuite(TestCaseMain.java:157)
	at com.kms.katalon.core.main.TestCaseMain$startTestSuite$0.call(Unknown Source)
	at TempTestSuite1577543522490.run(TempTestSuite1577543522490.groovy:36)
Caused by: com.kms.katalon.core.webui.exception.WebElementNotFoundException: Web element with id: 'Object Repository/6_Team_Settings/Edit_Team_Name/Page_Town Square - Ysbx0Kffz1 Mattermost/svg' located by 'By.xpath: (.//*[normalize-space(text()) and normalize-space(.)='@ngocyen'])[1]/following::*[name()='svg'][1]' not found
	at com.kms.katalon.core.webui.common.WebUiCommonHelper.findWebElement(WebUiCommonHelper.java:1154)
	at com.kms.katalon.core.webui.keyword.internal.WebUIAbstractKeyword.findWebElement(WebUIAbstractKeyword.groovy:27)
	at com.kms.katalon.core.webui.keyword.internal.WebUIAbstractKeyword.findWebElement(WebUIAbstractKeyword.groovy:26)
	at com.kms.katalon.core.webui.keyword.builtin.ClickKeyword$_click_closure1.doCall(ClickKeyword.groovy:67)
	at com.kms.katalon.core.webui.keyword.builtin.ClickKeyword$_click_closure1.call(ClickKeyword.groovy)
	at com.kms.katalon.core.webui.keyword.internal.WebUIKeywordMain.runKeyword(WebUIKeywordMain.groovy:20)
	at com.kms.katalon.core.webui.keyword.builtin.ClickKeyword.click(ClickKeyword.groovy:102)
	at com.kms.katalon.core.webui.keyword.builtin.ClickKeyword.execute(ClickKeyword.groovy:43)
	at com.kms.katalon.core.keyword.internal.KeywordExecutor.executeKeywordForPlatform(KeywordExecutor.groovy:72)
	at com.kms.katalon.core.webui.keyword.WebUiBuiltInKeywords.click(WebUiBuiltInKeywords.groovy:616)
	at com.kms.katalon.core.webui.keyword.WebUiBuiltInKeywords$click$1.call(Unknown Source)
	at Script1576845371649.run(Script1576845371649.groovy:23)
	... 13 more
)
[[ATTACHMENT|/Users/nguyentri/Desktop/Learn/SoftwareEngineer/mattermost-duo-test/Reports/20191228_213202/Run_all_test_cases/20191228_213202/1577545058417.png]]]]></system-out>
         <system-err><![CDATA[2019-12-28 21:56:44 - [TEST_CASE][FAILED] - Test Cases/6_Team_Settings/Edit_Team_Name: Test Cases/6_Team_Settings/Edit_Team_Name FAILED.
Reason:
com.kms.katalon.core.exception.StepFailedException: Unable to click on object 'Object Repository/6_Team_Settings/Edit_Team_Name/Page_Town Square - Ysbx0Kffz1 Mattermost/svg'
	at com.kms.katalon.core.webui.keyword.internal.WebUIKeywordMain.stepFailed(WebUIKeywordMain.groovy:64)
	at com.kms.katalon.core.webui.keyword.internal.WebUIKeywordMain.runKeyword(WebUIKeywordMain.groovy:26)
	at com.kms.katalon.core.webui.keyword.builtin.ClickKeyword.click(ClickKeyword.groovy:102)
	at com.kms.katalon.core.webui.keyword.builtin.ClickKeyword.execute(ClickKeyword.groovy:43)
	at com.kms.katalon.core.keyword.internal.KeywordExecutor.executeKeywordForPlatform(KeywordExecutor.groovy:72)
	at com.kms.katalon.core.webui.keyword.WebUiBuiltInKeywords.click(WebUiBuiltInKeywords.groovy:616)
	at com.kms.katalon.core.webui.keyword.WebUiBuiltInKeywords$click$1.call(Unknown Source)
	at Edit_Team_Name.run(Edit_Team_Name:23)
	at com.kms.katalon.core.main.ScriptEngine.run(ScriptEngine.java:194)
	at com.kms.katalon.core.main.ScriptEngine.runScriptAsRawText(ScriptEngine.java:119)
	at com.kms.katalon.core.main.TestCaseExecutor.runScript(TestCaseExecutor.java:337)
	at com.kms.katalon.core.main.TestCaseExecutor.doExecute(TestCaseExecutor.java:328)
	at com.kms.katalon.core.main.TestCaseExecutor.processExecutionPhase(TestCaseExecutor.java:307)
	at com.kms.katalon.core.main.TestCaseExecutor.accessMainPhase(TestCaseExecutor.java:299)
	at com.kms.katalon.core.main.TestCaseExecutor.execute(TestCaseExecutor.java:233)
	at com.kms.katalon.core.main.TestSuiteExecutor.accessTestCaseMainPhase(TestSuiteExecutor.java:169)
	at com.kms.katalon.core.main.TestSuiteExecutor.accessTestSuiteMainPhase(TestSuiteExecutor.java:142)
	at com.kms.katalon.core.main.TestSuiteExecutor.execute(TestSuiteExecutor.java:91)
	at com.kms.katalon.core.main.TestCaseMain.startTestSuite(TestCaseMain.java:157)
	at com.kms.katalon.core.main.TestCaseMain$startTestSuite$0.call(Unknown Source)
	at TempTestSuite1577543522490.run(TempTestSuite1577543522490.groovy:36)
Caused by: com.kms.katalon.core.webui.exception.WebElementNotFoundException: Web element with id: 'Object Repository/6_Team_Settings/Edit_Team_Name/Page_Town Square - Ysbx0Kffz1 Mattermost/svg' located by 'By.xpath: (.//*[normalize-space(text()) and normalize-space(.)='@ngocyen'])[1]/following::*[name()='svg'][1]' not found
	at com.kms.katalon.core.webui.common.WebUiCommonHelper.findWebElement(WebUiCommonHelper.java:1154)
	at com.kms.katalon.core.webui.keyword.internal.WebUIAbstractKeyword.findWebElement(WebUIAbstractKeyword.groovy:27)
	at com.kms.katalon.core.webui.keyword.internal.WebUIAbstractKeyword.findWebElement(WebUIAbstractKeyword.groovy:26)
	at com.kms.katalon.core.webui.keyword.builtin.ClickKeyword$_click_closure1.doCall(ClickKeyword.groovy:67)
	at com.kms.katalon.core.webui.keyword.builtin.ClickKeyword$_click_closure1.call(ClickKeyword.groovy)
	at com.kms.katalon.core.webui.keyword.internal.WebUIKeywordMain.runKeyword(WebUIKeywordMain.groovy:20)
	... 19 more]]></system-err>
      </testcase>
      <testcase name="Test Cases/7_Account_Settings/Edit_Desktop_Notification" time="51.1" classname="Test Cases/7_Account_Settings/Edit_Desktop_Notification" status="PASSED">
         <system-out><![CDATA[2019-12-28 21:57:38 - [TEST_CASE][PASSED] - Test Cases/7_Account_Settings/Edit_Desktop_Notification: Test Cases/7_Account_Settings/Edit_Desktop_Notification

2019-12-28 21:57:39 - [TEST_STEP][PASSED] - openBrowser(""): Browser is opened with url: ''

2019-12-28 21:57:39 - [MESSAGE][PASSED] - Browser is opened with url: ''

2019-12-28 21:57:39 - [TEST_STEP][PASSED] - navigateToUrl("http://localhost:8065/"): Navigate to 'http://localhost:8065/' successfully

2019-12-28 21:57:40 - [MESSAGE][PASSED] - Navigate to 'http://localhost:8065/' successfully

2019-12-28 21:57:40 - [TEST_STEP][PASSED] - click(findTestObject("Object Repository/7_Account_Settings/Edit_Desktop_Notifications/Page_1HDHFClGY4 - Bumblebee Mattermost/svg")): Object: 'Object Repository/7_Account_Settings/Edit_Desktop_Notifications/Page_1HDHFClGY4 - Bumblebee Mattermost/svg' is clicked on

2019-12-28 21:58:22 - [MESSAGE][INFO] - Unable to find the element located by 'By.xpath: (.//*[normalize-space(text()) and normalize-space(.)='@ngocyen'])[1]/following::*[name()='svg'][1]'. Please recheck the objects properties to make sure the desired element is located. 

2019-12-28 21:58:22 - [MESSAGE][INFO] - [SMART_XPATH] Auto-trying out other XPath values in the test object.

2019-12-28 21:58:22 - [MESSAGE][INFO] - [SMART_XPATH] FAILED XPATH: '(.//*[normalize-space(text()) and normalize-space(.)='@ngocyen'])[1]/following::*[name()='svg'][1]'.

2019-12-28 21:58:22 - [MESSAGE][INFO] - [SMART_XPATH] WORKING XPATH: '(.//*[normalize-space(text()) and normalize-space(.)='Bumblebee'])[2]/following::*[name()='svg'][1]'.

2019-12-28 21:58:23 - [MESSAGE][INFO] - [SMART_XPATH] Screenshot: /Users/nguyentri/Desktop/Learn/SoftwareEngineer/mattermost-duo-test/Reports/smart_xpath/Object Repository/7_Account_Settings/Edit_Desktop_Notifications/Page_1HDHFClGY4 - Bumblebee Mattermost/svg_neighbor_30.png

2019-12-28 21:58:23 - [MESSAGE][INFO] - [SMART_XPATH] WORKING XPATH: '(.//*[normalize-space(text()) and normalize-space(.)='More unreads'])[1]/preceding::*[name()='svg'][1]'.

2019-12-28 21:58:23 - [MESSAGE][INFO] - [SMART_XPATH] Screenshot: /Users/nguyentri/Desktop/Learn/SoftwareEngineer/mattermost-duo-test/Reports/smart_xpath/Object Repository/7_Account_Settings/Edit_Desktop_Notifications/Page_1HDHFClGY4 - Bumblebee Mattermost/svg_neighbor_31.png

2019-12-28 21:58:23 - [MESSAGE][INFO] - [SMART_XPATH] WORKING XPATH: '(.//*[normalize-space(text()) and normalize-space(.)='More unreads'])[2]/preceding::*[name()='svg'][2]'.

2019-12-28 21:58:24 - [MESSAGE][INFO] - [SMART_XPATH] Screenshot: /Users/nguyentri/Desktop/Learn/SoftwareEngineer/mattermost-duo-test/Reports/smart_xpath/Object Repository/7_Account_Settings/Edit_Desktop_Notifications/Page_1HDHFClGY4 - Bumblebee Mattermost/svg_neighbor_32.png

2019-12-28 21:58:24 - [MESSAGE][ERROR] - [SMART_XPATH] /Users/nguyentri/Desktop/Learn/SoftwareEngineer/mattermost-duo-test/Reports/smart_xpath/waiting-for-approval.json (No such file or directory)

2019-12-28 21:58:24 - [MESSAGE][ERROR] - [SMART_XPATH] /Users/nguyentri/Desktop/Learn/SoftwareEngineer/mattermost-duo-test/Reports/smart_xpath/waiting-for-approval.json does not exist or is provided by Smart XPath Plugin!

2019-12-28 21:58:24 - [MESSAGE][INFO] - [SMART_XPATH] Selected Smart XPath: '(.//*[normalize-space(text()) and normalize-space(.)='Bumblebee'])[2]/following::*[name()='svg'][1]'.

2019-12-28 21:58:24 - [MESSAGE][INFO] - [SMART_XPATH] Continuing executing the test case!

2019-12-28 21:58:24 - [MESSAGE][PASSED] - Object: 'Object Repository/7_Account_Settings/Edit_Desktop_Notifications/Page_1HDHFClGY4 - Bumblebee Mattermost/svg' is clicked on

2019-12-28 21:58:24 - [TEST_STEP][PASSED] - click(findTestObject("Object Repository/7_Account_Settings/Edit_Desktop_Notifications/Page_1HDHFClGY4 - Bumblebee Mattermost/button_Account Settings")): Object: 'Object Repository/7_Account_Settings/Edit_Desktop_Notifications/Page_1HDHFClGY4 - Bumblebee Mattermost/button_Account Settings' is clicked on

2019-12-28 21:58:25 - [MESSAGE][PASSED] - Object: 'Object Repository/7_Account_Settings/Edit_Desktop_Notifications/Page_1HDHFClGY4 - Bumblebee Mattermost/button_Account Settings' is clicked on

2019-12-28 21:58:25 - [TEST_STEP][PASSED] - click(findTestObject("Object Repository/7_Account_Settings/Edit_Desktop_Notifications/Page_1HDHFClGY4 - Bumblebee Mattermost/button_Notifications")): Object: 'Object Repository/7_Account_Settings/Edit_Desktop_Notifications/Page_1HDHFClGY4 - Bumblebee Mattermost/button_Notifications' is clicked on

2019-12-28 21:58:26 - [MESSAGE][PASSED] - Object: 'Object Repository/7_Account_Settings/Edit_Desktop_Notifications/Page_1HDHFClGY4 - Bumblebee Mattermost/button_Notifications' is clicked on

2019-12-28 21:58:26 - [TEST_STEP][PASSED] - click(findTestObject("Object Repository/7_Account_Settings/Edit_Desktop_Notifications/Page_1HDHFClGY4 - Bumblebee Mattermost/span_Edit")): Object: 'Object Repository/7_Account_Settings/Edit_Desktop_Notifications/Page_1HDHFClGY4 - Bumblebee Mattermost/span_Edit' is clicked on

2019-12-28 21:58:27 - [MESSAGE][PASSED] - Object: 'Object Repository/7_Account_Settings/Edit_Desktop_Notifications/Page_1HDHFClGY4 - Bumblebee Mattermost/span_Edit' is clicked on

2019-12-28 21:58:27 - [TEST_STEP][PASSED] - click(findTestObject("Object Repository/7_Account_Settings/Edit_Desktop_Notifications/Page_1HDHFClGY4 - Bumblebee Mattermost/input_Only for mentions and direct messages_6c3783")): Object: 'Object Repository/7_Account_Settings/Edit_Desktop_Notifications/Page_1HDHFClGY4 - Bumblebee Mattermost/input_Only for mentions and direct messages_6c3783' is clicked on

2019-12-28 21:58:27 - [MESSAGE][PASSED] - Object: 'Object Repository/7_Account_Settings/Edit_Desktop_Notifications/Page_1HDHFClGY4 - Bumblebee Mattermost/input_Only for mentions and direct messages_6c3783' is clicked on

2019-12-28 21:58:27 - [TEST_STEP][PASSED] - click(findTestObject("Object Repository/7_Account_Settings/Edit_Desktop_Notifications/Page_1HDHFClGY4 - Bumblebee Mattermost/span_Save")): Object: 'Object Repository/7_Account_Settings/Edit_Desktop_Notifications/Page_1HDHFClGY4 - Bumblebee Mattermost/span_Save' is clicked on

2019-12-28 21:58:28 - [MESSAGE][PASSED] - Object: 'Object Repository/7_Account_Settings/Edit_Desktop_Notifications/Page_1HDHFClGY4 - Bumblebee Mattermost/span_Save' is clicked on

2019-12-28 21:58:28 - [TEST_STEP][PASSED] - click(findTestObject("Object Repository/7_Account_Settings/Edit_Desktop_Notifications/Page_1HDHFClGY4 - Bumblebee Mattermost/span_")): Object: 'Object Repository/7_Account_Settings/Edit_Desktop_Notifications/Page_1HDHFClGY4 - Bumblebee Mattermost/span_' is clicked on

2019-12-28 21:58:29 - [MESSAGE][PASSED] - Object: 'Object Repository/7_Account_Settings/Edit_Desktop_Notifications/Page_1HDHFClGY4 - Bumblebee Mattermost/span_' is clicked on

2019-12-28 21:58:29 - [TEST_STEP][NOT_RUN] - closeBrowser(): NOT_RUN: closeBrowser()

2019-12-28 21:58:29 - [MESSAGE][NOT_RUN] - NOT_RUN: closeBrowser()]]></system-out>
         <system-err><![CDATA[]]></system-err>
      </testcase>
      <testcase name="Test Cases/7_Account_Settings/Edit_Email" time="54.425" classname="Test Cases/7_Account_Settings/Edit_Email" status="PASSED">
         <system-out><![CDATA[2019-12-28 21:58:29 - [TEST_CASE][PASSED] - Test Cases/7_Account_Settings/Edit_Email: Test Cases/7_Account_Settings/Edit_Email

2019-12-28 21:58:30 - [TEST_STEP][PASSED] - openBrowser(""): Browser is opened with url: ''

2019-12-28 21:58:30 - [MESSAGE][PASSED] - Browser is opened with url: ''

2019-12-28 21:58:30 - [TEST_STEP][PASSED] - navigateToUrl("http://localhost:8065/"): Navigate to 'http://localhost:8065/' successfully

2019-12-28 21:58:31 - [MESSAGE][PASSED] - Navigate to 'http://localhost:8065/' successfully

2019-12-28 21:58:31 - [TEST_STEP][PASSED] - click(findTestObject("Object Repository/7_Account_Settings/Edit_Email/Page_1HDHFClGY4 - Bumblebee Mattermost/svg")): Object: 'Object Repository/7_Account_Settings/Edit_Email/Page_1HDHFClGY4 - Bumblebee Mattermost/svg' is clicked on

2019-12-28 21:59:15 - [MESSAGE][INFO] - Unable to find the element located by 'By.xpath: (.//*[normalize-space(text()) and normalize-space(.)='@ngocyen'])[1]/following::*[name()='svg'][1]'. Please recheck the objects properties to make sure the desired element is located. 

2019-12-28 21:59:15 - [MESSAGE][INFO] - [SMART_XPATH] Auto-trying out other XPath values in the test object.

2019-12-28 21:59:15 - [MESSAGE][INFO] - [SMART_XPATH] FAILED XPATH: '(.//*[normalize-space(text()) and normalize-space(.)='@ngocyen'])[1]/following::*[name()='svg'][1]'.

2019-12-28 21:59:16 - [MESSAGE][INFO] - [SMART_XPATH] WORKING XPATH: '(.//*[normalize-space(text()) and normalize-space(.)='Bumblebee'])[2]/following::*[name()='svg'][1]'.

2019-12-28 21:59:16 - [MESSAGE][INFO] - [SMART_XPATH] Screenshot: /Users/nguyentri/Desktop/Learn/SoftwareEngineer/mattermost-duo-test/Reports/smart_xpath/Object Repository/7_Account_Settings/Edit_Email/Page_1HDHFClGY4 - Bumblebee Mattermost/svg_neighbor_31.png

2019-12-28 21:59:16 - [MESSAGE][INFO] - [SMART_XPATH] WORKING XPATH: '(.//*[normalize-space(text()) and normalize-space(.)='More unreads'])[1]/preceding::*[name()='svg'][1]'.

2019-12-28 21:59:17 - [MESSAGE][INFO] - [SMART_XPATH] Screenshot: /Users/nguyentri/Desktop/Learn/SoftwareEngineer/mattermost-duo-test/Reports/smart_xpath/Object Repository/7_Account_Settings/Edit_Email/Page_1HDHFClGY4 - Bumblebee Mattermost/svg_neighbor_32.png

2019-12-28 21:59:17 - [MESSAGE][INFO] - [SMART_XPATH] WORKING XPATH: '(.//*[normalize-space(text()) and normalize-space(.)='More unreads'])[2]/preceding::*[name()='svg'][2]'.

2019-12-28 21:59:17 - [MESSAGE][INFO] - [SMART_XPATH] Screenshot: /Users/nguyentri/Desktop/Learn/SoftwareEngineer/mattermost-duo-test/Reports/smart_xpath/Object Repository/7_Account_Settings/Edit_Email/Page_1HDHFClGY4 - Bumblebee Mattermost/svg_neighbor_33.png

2019-12-28 21:59:17 - [MESSAGE][ERROR] - [SMART_XPATH] /Users/nguyentri/Desktop/Learn/SoftwareEngineer/mattermost-duo-test/Reports/smart_xpath/waiting-for-approval.json (No such file or directory)

2019-12-28 21:59:17 - [MESSAGE][ERROR] - [SMART_XPATH] /Users/nguyentri/Desktop/Learn/SoftwareEngineer/mattermost-duo-test/Reports/smart_xpath/waiting-for-approval.json does not exist or is provided by Smart XPath Plugin!

2019-12-28 21:59:17 - [MESSAGE][INFO] - [SMART_XPATH] Selected Smart XPath: '(.//*[normalize-space(text()) and normalize-space(.)='Bumblebee'])[2]/following::*[name()='svg'][1]'.

2019-12-28 21:59:17 - [MESSAGE][INFO] - [SMART_XPATH] Continuing executing the test case!

2019-12-28 21:59:17 - [MESSAGE][PASSED] - Object: 'Object Repository/7_Account_Settings/Edit_Email/Page_1HDHFClGY4 - Bumblebee Mattermost/svg' is clicked on

2019-12-28 21:59:17 - [TEST_STEP][PASSED] - click(findTestObject("Object Repository/7_Account_Settings/Edit_Email/Page_1HDHFClGY4 - Bumblebee Mattermost/button_Account Settings")): Object: 'Object Repository/7_Account_Settings/Edit_Email/Page_1HDHFClGY4 - Bumblebee Mattermost/button_Account Settings' is clicked on

2019-12-28 21:59:18 - [MESSAGE][PASSED] - Object: 'Object Repository/7_Account_Settings/Edit_Email/Page_1HDHFClGY4 - Bumblebee Mattermost/button_Account Settings' is clicked on

2019-12-28 21:59:18 - [TEST_STEP][PASSED] - click(findTestObject("Object Repository/7_Account_Settings/Edit_Email/Page_1HDHFClGY4 - Bumblebee Mattermost/span_Edit")): Object: 'Object Repository/7_Account_Settings/Edit_Email/Page_1HDHFClGY4 - Bumblebee Mattermost/span_Edit' is clicked on

2019-12-28 21:59:19 - [MESSAGE][PASSED] - Object: 'Object Repository/7_Account_Settings/Edit_Email/Page_1HDHFClGY4 - Bumblebee Mattermost/span_Edit' is clicked on

2019-12-28 21:59:19 - [TEST_STEP][PASSED] - setText(findTestObject("Object Repository/7_Account_Settings/Edit_Email/Page_1HDHFClGY4 - Bumblebee Mattermost/input_New Email_primaryEmail"), "new_email@gmail.com"): Text 'new_email@gmail.com' is set on object 'Object Repository/7_Account_Settings/Edit_Email/Page_1HDHFClGY4 - Bumblebee Mattermost/input_New Email_primaryEmail'

2019-12-28 21:59:20 - [MESSAGE][PASSED] - Text 'new_email@gmail.com' is set on object 'Object Repository/7_Account_Settings/Edit_Email/Page_1HDHFClGY4 - Bumblebee Mattermost/input_New Email_primaryEmail'

2019-12-28 21:59:20 - [TEST_STEP][PASSED] - setText(findTestObject("Object Repository/7_Account_Settings/Edit_Email/Page_1HDHFClGY4 - Bumblebee Mattermost/input_Confirm Email_confirmEmail"), "new_email@gmail.com"): Text 'new_email@gmail.com' is set on object 'Object Repository/7_Account_Settings/Edit_Email/Page_1HDHFClGY4 - Bumblebee Mattermost/input_Confirm Email_confirmEmail'

2019-12-28 21:59:21 - [MESSAGE][PASSED] - Text 'new_email@gmail.com' is set on object 'Object Repository/7_Account_Settings/Edit_Email/Page_1HDHFClGY4 - Bumblebee Mattermost/input_Confirm Email_confirmEmail'

2019-12-28 21:59:21 - [TEST_STEP][PASSED] - setEncryptedText(findTestObject("Object Repository/7_Account_Settings/Edit_Email/Page_1HDHFClGY4 - Bumblebee Mattermost/input_Current Password_currentPassword"), "o2DLlA8X+7c="): Text ****** has been set on object 'Object Repository/7_Account_Settings/Edit_Email/Page_1HDHFClGY4 - Bumblebee Mattermost/input_Current Password_currentPassword'

2019-12-28 21:59:21 - [MESSAGE][PASSED] - Text ****** has been set on object 'Object Repository/7_Account_Settings/Edit_Email/Page_1HDHFClGY4 - Bumblebee Mattermost/input_Current Password_currentPassword'

2019-12-28 21:59:21 - [TEST_STEP][PASSED] - click(findTestObject("Object Repository/7_Account_Settings/Edit_Email/Page_1HDHFClGY4 - Bumblebee Mattermost/span_Save")): Object: 'Object Repository/7_Account_Settings/Edit_Email/Page_1HDHFClGY4 - Bumblebee Mattermost/span_Save' is clicked on

2019-12-28 21:59:23 - [MESSAGE][PASSED] - Object: 'Object Repository/7_Account_Settings/Edit_Email/Page_1HDHFClGY4 - Bumblebee Mattermost/span_Save' is clicked on

2019-12-28 21:59:23 - [TEST_STEP][PASSED] - click(findTestObject("Object Repository/7_Account_Settings/Edit_Email/Page_1HDHFClGY4 - Bumblebee Mattermost/span_")): Object: 'Object Repository/7_Account_Settings/Edit_Email/Page_1HDHFClGY4 - Bumblebee Mattermost/span_' is clicked on

2019-12-28 21:59:24 - [MESSAGE][PASSED] - Object: 'Object Repository/7_Account_Settings/Edit_Email/Page_1HDHFClGY4 - Bumblebee Mattermost/span_' is clicked on

2019-12-28 21:59:24 - [TEST_STEP][NOT_RUN] - closeBrowser(): NOT_RUN: closeBrowser()

2019-12-28 21:59:24 - [MESSAGE][NOT_RUN] - NOT_RUN: closeBrowser()]]></system-out>
         <system-err><![CDATA[]]></system-err>
      </testcase>
      <testcase name="Test Cases/7_Account_Settings/Edit_Full_Name" time="54.452" classname="Test Cases/7_Account_Settings/Edit_Full_Name" status="PASSED">
         <system-out><![CDATA[2019-12-28 21:59:24 - [TEST_CASE][PASSED] - Test Cases/7_Account_Settings/Edit_Full_Name: Test Cases/7_Account_Settings/Edit_Full_Name

2019-12-28 21:59:25 - [TEST_STEP][PASSED] - openBrowser(""): Browser is opened with url: ''

2019-12-28 21:59:26 - [MESSAGE][PASSED] - Browser is opened with url: ''

2019-12-28 21:59:26 - [TEST_STEP][PASSED] - navigateToUrl("http://localhost:8065/"): Navigate to 'http://localhost:8065/' successfully

2019-12-28 21:59:27 - [MESSAGE][PASSED] - Navigate to 'http://localhost:8065/' successfully

2019-12-28 21:59:27 - [TEST_STEP][PASSED] - click(findTestObject("Object Repository/7_Account_Settings/Edit_Full_Name/Page_1HDHFClGY4 - Bumblebee Mattermost/svg")): Object: 'Object Repository/7_Account_Settings/Edit_Full_Name/Page_1HDHFClGY4 - Bumblebee Mattermost/svg' is clicked on

2019-12-28 22:00:11 - [MESSAGE][INFO] - Unable to find the element located by 'By.xpath: (.//*[normalize-space(text()) and normalize-space(.)='@ngocyen'])[1]/following::*[name()='svg'][1]'. Please recheck the objects properties to make sure the desired element is located. 

2019-12-28 22:00:11 - [MESSAGE][INFO] - [SMART_XPATH] Auto-trying out other XPath values in the test object.

2019-12-28 22:00:12 - [MESSAGE][INFO] - [SMART_XPATH] FAILED XPATH: '(.//*[normalize-space(text()) and normalize-space(.)='@ngocyen'])[1]/following::*[name()='svg'][1]'.

2019-12-28 22:00:12 - [MESSAGE][INFO] - [SMART_XPATH] WORKING XPATH: '(.//*[normalize-space(text()) and normalize-space(.)='Bumblebee'])[2]/following::*[name()='svg'][1]'.

2019-12-28 22:00:12 - [MESSAGE][INFO] - [SMART_XPATH] Screenshot: /Users/nguyentri/Desktop/Learn/SoftwareEngineer/mattermost-duo-test/Reports/smart_xpath/Object Repository/7_Account_Settings/Edit_Full_Name/Page_1HDHFClGY4 - Bumblebee Mattermost/svg_neighbor_32.png

2019-12-28 22:00:12 - [MESSAGE][INFO] - [SMART_XPATH] WORKING XPATH: '(.//*[normalize-space(text()) and normalize-space(.)='More unreads'])[1]/preceding::*[name()='svg'][1]'.

2019-12-28 22:00:13 - [MESSAGE][INFO] - [SMART_XPATH] Screenshot: /Users/nguyentri/Desktop/Learn/SoftwareEngineer/mattermost-duo-test/Reports/smart_xpath/Object Repository/7_Account_Settings/Edit_Full_Name/Page_1HDHFClGY4 - Bumblebee Mattermost/svg_neighbor_33.png

2019-12-28 22:00:13 - [MESSAGE][INFO] - [SMART_XPATH] WORKING XPATH: '(.//*[normalize-space(text()) and normalize-space(.)='More unreads'])[2]/preceding::*[name()='svg'][2]'.

2019-12-28 22:00:13 - [MESSAGE][INFO] - [SMART_XPATH] Screenshot: /Users/nguyentri/Desktop/Learn/SoftwareEngineer/mattermost-duo-test/Reports/smart_xpath/Object Repository/7_Account_Settings/Edit_Full_Name/Page_1HDHFClGY4 - Bumblebee Mattermost/svg_neighbor_34.png

2019-12-28 22:00:13 - [MESSAGE][ERROR] - [SMART_XPATH] /Users/nguyentri/Desktop/Learn/SoftwareEngineer/mattermost-duo-test/Reports/smart_xpath/waiting-for-approval.json (No such file or directory)

2019-12-28 22:00:13 - [MESSAGE][ERROR] - [SMART_XPATH] /Users/nguyentri/Desktop/Learn/SoftwareEngineer/mattermost-duo-test/Reports/smart_xpath/waiting-for-approval.json does not exist or is provided by Smart XPath Plugin!

2019-12-28 22:00:13 - [MESSAGE][INFO] - [SMART_XPATH] Selected Smart XPath: '(.//*[normalize-space(text()) and normalize-space(.)='Bumblebee'])[2]/following::*[name()='svg'][1]'.

2019-12-28 22:00:13 - [MESSAGE][INFO] - [SMART_XPATH] Continuing executing the test case!

2019-12-28 22:00:14 - [MESSAGE][PASSED] - Object: 'Object Repository/7_Account_Settings/Edit_Full_Name/Page_1HDHFClGY4 - Bumblebee Mattermost/svg' is clicked on

2019-12-28 22:00:14 - [TEST_STEP][PASSED] - click(findTestObject("Object Repository/7_Account_Settings/Edit_Full_Name/Page_1HDHFClGY4 - Bumblebee Mattermost/button_Account Settings")): Object: 'Object Repository/7_Account_Settings/Edit_Full_Name/Page_1HDHFClGY4 - Bumblebee Mattermost/button_Account Settings' is clicked on

2019-12-28 22:00:15 - [MESSAGE][PASSED] - Object: 'Object Repository/7_Account_Settings/Edit_Full_Name/Page_1HDHFClGY4 - Bumblebee Mattermost/button_Account Settings' is clicked on

2019-12-28 22:00:15 - [TEST_STEP][PASSED] - click(findTestObject("Object Repository/7_Account_Settings/Edit_Full_Name/Page_1HDHFClGY4 - Bumblebee Mattermost/span_Edit")): Object: 'Object Repository/7_Account_Settings/Edit_Full_Name/Page_1HDHFClGY4 - Bumblebee Mattermost/span_Edit' is clicked on

2019-12-28 22:00:15 - [MESSAGE][PASSED] - Object: 'Object Repository/7_Account_Settings/Edit_Full_Name/Page_1HDHFClGY4 - Bumblebee Mattermost/span_Edit' is clicked on

2019-12-28 22:00:15 - [TEST_STEP][PASSED] - setText(findTestObject("Object Repository/7_Account_Settings/Edit_Full_Name/Page_1HDHFClGY4 - Bumblebee Mattermost/input_First Name_firstName"), First_name): Text 'Bunny' is set on object 'Object Repository/7_Account_Settings/Edit_Full_Name/Page_1HDHFClGY4 - Bumblebee Mattermost/input_First Name_firstName'

2019-12-28 22:00:16 - [MESSAGE][PASSED] - Text 'Bunny' is set on object 'Object Repository/7_Account_Settings/Edit_Full_Name/Page_1HDHFClGY4 - Bumblebee Mattermost/input_First Name_firstName'

2019-12-28 22:00:16 - [TEST_STEP][PASSED] - setText(findTestObject("Object Repository/7_Account_Settings/Edit_Full_Name/Page_1HDHFClGY4 - Bumblebee Mattermost/input_Last Name_lastName"), Last_name): Text 'Rabbit' is set on object 'Object Repository/7_Account_Settings/Edit_Full_Name/Page_1HDHFClGY4 - Bumblebee Mattermost/input_Last Name_lastName'

2019-12-28 22:00:16 - [MESSAGE][PASSED] - Text 'Rabbit' is set on object 'Object Repository/7_Account_Settings/Edit_Full_Name/Page_1HDHFClGY4 - Bumblebee Mattermost/input_Last Name_lastName'

2019-12-28 22:00:16 - [TEST_STEP][PASSED] - click(findTestObject("Object Repository/7_Account_Settings/Edit_Full_Name/Page_1HDHFClGY4 - Bumblebee Mattermost/span_Save")): Object: 'Object Repository/7_Account_Settings/Edit_Full_Name/Page_1HDHFClGY4 - Bumblebee Mattermost/span_Save' is clicked on

2019-12-28 22:00:17 - [MESSAGE][PASSED] - Object: 'Object Repository/7_Account_Settings/Edit_Full_Name/Page_1HDHFClGY4 - Bumblebee Mattermost/span_Save' is clicked on

2019-12-28 22:00:17 - [TEST_STEP][PASSED] - click(findTestObject("Object Repository/7_Account_Settings/Edit_Full_Name/Page_1HDHFClGY4 - Bumblebee Mattermost/span_")): Object: 'Object Repository/7_Account_Settings/Edit_Full_Name/Page_1HDHFClGY4 - Bumblebee Mattermost/span_' is clicked on

2019-12-28 22:00:18 - [MESSAGE][PASSED] - Object: 'Object Repository/7_Account_Settings/Edit_Full_Name/Page_1HDHFClGY4 - Bumblebee Mattermost/span_' is clicked on

2019-12-28 22:00:18 - [TEST_STEP][NOT_RUN] - closeBrowser(): NOT_RUN: closeBrowser()

2019-12-28 22:00:18 - [MESSAGE][NOT_RUN] - NOT_RUN: closeBrowser()]]></system-out>
         <system-err><![CDATA[]]></system-err>
      </testcase>
      <testcase name="Test Cases/7_Account_Settings/Edit_Full_Name" time="53.032" classname="Test Cases/7_Account_Settings/Edit_Full_Name" status="PASSED">
         <system-out><![CDATA[2019-12-28 22:00:18 - [TEST_CASE][PASSED] - Test Cases/7_Account_Settings/Edit_Full_Name: Test Cases/7_Account_Settings/Edit_Full_Name

2019-12-28 22:00:18 - [TEST_STEP][PASSED] - openBrowser(""): Browser is opened with url: ''

2019-12-28 22:00:19 - [MESSAGE][PASSED] - Browser is opened with url: ''

2019-12-28 22:00:19 - [TEST_STEP][PASSED] - navigateToUrl("http://localhost:8065/"): Navigate to 'http://localhost:8065/' successfully

2019-12-28 22:00:19 - [MESSAGE][PASSED] - Navigate to 'http://localhost:8065/' successfully

2019-12-28 22:00:19 - [TEST_STEP][PASSED] - click(findTestObject("Object Repository/7_Account_Settings/Edit_Full_Name/Page_1HDHFClGY4 - Bumblebee Mattermost/svg")): Object: 'Object Repository/7_Account_Settings/Edit_Full_Name/Page_1HDHFClGY4 - Bumblebee Mattermost/svg' is clicked on

2019-12-28 22:01:04 - [MESSAGE][INFO] - Unable to find the element located by 'By.xpath: (.//*[normalize-space(text()) and normalize-space(.)='@ngocyen'])[1]/following::*[name()='svg'][1]'. Please recheck the objects properties to make sure the desired element is located. 

2019-12-28 22:01:04 - [MESSAGE][INFO] - [SMART_XPATH] Auto-trying out other XPath values in the test object.

2019-12-28 22:01:04 - [MESSAGE][INFO] - [SMART_XPATH] FAILED XPATH: '(.//*[normalize-space(text()) and normalize-space(.)='@ngocyen'])[1]/following::*[name()='svg'][1]'.

2019-12-28 22:01:04 - [MESSAGE][INFO] - [SMART_XPATH] WORKING XPATH: '(.//*[normalize-space(text()) and normalize-space(.)='Bumblebee'])[2]/following::*[name()='svg'][1]'.

2019-12-28 22:01:05 - [MESSAGE][INFO] - [SMART_XPATH] Screenshot: /Users/nguyentri/Desktop/Learn/SoftwareEngineer/mattermost-duo-test/Reports/smart_xpath/Object Repository/7_Account_Settings/Edit_Full_Name/Page_1HDHFClGY4 - Bumblebee Mattermost/svg_neighbor_33.png

2019-12-28 22:01:05 - [MESSAGE][INFO] - [SMART_XPATH] WORKING XPATH: '(.//*[normalize-space(text()) and normalize-space(.)='More unreads'])[1]/preceding::*[name()='svg'][1]'.

2019-12-28 22:01:05 - [MESSAGE][INFO] - [SMART_XPATH] Screenshot: /Users/nguyentri/Desktop/Learn/SoftwareEngineer/mattermost-duo-test/Reports/smart_xpath/Object Repository/7_Account_Settings/Edit_Full_Name/Page_1HDHFClGY4 - Bumblebee Mattermost/svg_neighbor_34.png

2019-12-28 22:01:05 - [MESSAGE][INFO] - [SMART_XPATH] WORKING XPATH: '(.//*[normalize-space(text()) and normalize-space(.)='More unreads'])[2]/preceding::*[name()='svg'][2]'.

2019-12-28 22:01:06 - [MESSAGE][INFO] - [SMART_XPATH] Screenshot: /Users/nguyentri/Desktop/Learn/SoftwareEngineer/mattermost-duo-test/Reports/smart_xpath/Object Repository/7_Account_Settings/Edit_Full_Name/Page_1HDHFClGY4 - Bumblebee Mattermost/svg_neighbor_35.png

2019-12-28 22:01:06 - [MESSAGE][ERROR] - [SMART_XPATH] /Users/nguyentri/Desktop/Learn/SoftwareEngineer/mattermost-duo-test/Reports/smart_xpath/waiting-for-approval.json (No such file or directory)

2019-12-28 22:01:06 - [MESSAGE][ERROR] - [SMART_XPATH] /Users/nguyentri/Desktop/Learn/SoftwareEngineer/mattermost-duo-test/Reports/smart_xpath/waiting-for-approval.json does not exist or is provided by Smart XPath Plugin!

2019-12-28 22:01:06 - [MESSAGE][INFO] - [SMART_XPATH] Selected Smart XPath: '(.//*[normalize-space(text()) and normalize-space(.)='Bumblebee'])[2]/following::*[name()='svg'][1]'.

2019-12-28 22:01:06 - [MESSAGE][INFO] - [SMART_XPATH] Continuing executing the test case!

2019-12-28 22:01:06 - [MESSAGE][PASSED] - Object: 'Object Repository/7_Account_Settings/Edit_Full_Name/Page_1HDHFClGY4 - Bumblebee Mattermost/svg' is clicked on

2019-12-28 22:01:06 - [TEST_STEP][PASSED] - click(findTestObject("Object Repository/7_Account_Settings/Edit_Full_Name/Page_1HDHFClGY4 - Bumblebee Mattermost/button_Account Settings")): Object: 'Object Repository/7_Account_Settings/Edit_Full_Name/Page_1HDHFClGY4 - Bumblebee Mattermost/button_Account Settings' is clicked on

2019-12-28 22:01:07 - [MESSAGE][PASSED] - Object: 'Object Repository/7_Account_Settings/Edit_Full_Name/Page_1HDHFClGY4 - Bumblebee Mattermost/button_Account Settings' is clicked on

2019-12-28 22:01:07 - [TEST_STEP][PASSED] - click(findTestObject("Object Repository/7_Account_Settings/Edit_Full_Name/Page_1HDHFClGY4 - Bumblebee Mattermost/span_Edit")): Object: 'Object Repository/7_Account_Settings/Edit_Full_Name/Page_1HDHFClGY4 - Bumblebee Mattermost/span_Edit' is clicked on

2019-12-28 22:01:08 - [MESSAGE][PASSED] - Object: 'Object Repository/7_Account_Settings/Edit_Full_Name/Page_1HDHFClGY4 - Bumblebee Mattermost/span_Edit' is clicked on

2019-12-28 22:01:08 - [TEST_STEP][PASSED] - setText(findTestObject("Object Repository/7_Account_Settings/Edit_Full_Name/Page_1HDHFClGY4 - Bumblebee Mattermost/input_First Name_firstName"), First_name): Text 'Danny' is set on object 'Object Repository/7_Account_Settings/Edit_Full_Name/Page_1HDHFClGY4 - Bumblebee Mattermost/input_First Name_firstName'

2019-12-28 22:01:09 - [MESSAGE][PASSED] - Text 'Danny' is set on object 'Object Repository/7_Account_Settings/Edit_Full_Name/Page_1HDHFClGY4 - Bumblebee Mattermost/input_First Name_firstName'

2019-12-28 22:01:09 - [TEST_STEP][PASSED] - setText(findTestObject("Object Repository/7_Account_Settings/Edit_Full_Name/Page_1HDHFClGY4 - Bumblebee Mattermost/input_Last Name_lastName"), Last_name): Text 'Dog' is set on object 'Object Repository/7_Account_Settings/Edit_Full_Name/Page_1HDHFClGY4 - Bumblebee Mattermost/input_Last Name_lastName'

2019-12-28 22:01:09 - [MESSAGE][PASSED] - Text 'Dog' is set on object 'Object Repository/7_Account_Settings/Edit_Full_Name/Page_1HDHFClGY4 - Bumblebee Mattermost/input_Last Name_lastName'

2019-12-28 22:01:09 - [TEST_STEP][PASSED] - click(findTestObject("Object Repository/7_Account_Settings/Edit_Full_Name/Page_1HDHFClGY4 - Bumblebee Mattermost/span_Save")): Object: 'Object Repository/7_Account_Settings/Edit_Full_Name/Page_1HDHFClGY4 - Bumblebee Mattermost/span_Save' is clicked on

2019-12-28 22:01:10 - [MESSAGE][PASSED] - Object: 'Object Repository/7_Account_Settings/Edit_Full_Name/Page_1HDHFClGY4 - Bumblebee Mattermost/span_Save' is clicked on

2019-12-28 22:01:10 - [TEST_STEP][PASSED] - click(findTestObject("Object Repository/7_Account_Settings/Edit_Full_Name/Page_1HDHFClGY4 - Bumblebee Mattermost/span_")): Object: 'Object Repository/7_Account_Settings/Edit_Full_Name/Page_1HDHFClGY4 - Bumblebee Mattermost/span_' is clicked on

2019-12-28 22:01:11 - [MESSAGE][PASSED] - Object: 'Object Repository/7_Account_Settings/Edit_Full_Name/Page_1HDHFClGY4 - Bumblebee Mattermost/span_' is clicked on

2019-12-28 22:01:11 - [TEST_STEP][NOT_RUN] - closeBrowser(): NOT_RUN: closeBrowser()

2019-12-28 22:01:11 - [MESSAGE][NOT_RUN] - NOT_RUN: closeBrowser()]]></system-out>
         <system-err><![CDATA[]]></system-err>
      </testcase>
      <testcase name="Test Cases/7_Account_Settings/Edit_Full_Name" time="52.204" classname="Test Cases/7_Account_Settings/Edit_Full_Name" status="PASSED">
         <system-out><![CDATA[2019-12-28 22:01:11 - [TEST_CASE][PASSED] - Test Cases/7_Account_Settings/Edit_Full_Name: Test Cases/7_Account_Settings/Edit_Full_Name

2019-12-28 22:01:11 - [TEST_STEP][PASSED] - openBrowser(""): Browser is opened with url: ''

2019-12-28 22:01:12 - [MESSAGE][PASSED] - Browser is opened with url: ''

2019-12-28 22:01:12 - [TEST_STEP][PASSED] - navigateToUrl("http://localhost:8065/"): Navigate to 'http://localhost:8065/' successfully

2019-12-28 22:01:12 - [MESSAGE][PASSED] - Navigate to 'http://localhost:8065/' successfully

2019-12-28 22:01:12 - [TEST_STEP][PASSED] - click(findTestObject("Object Repository/7_Account_Settings/Edit_Full_Name/Page_1HDHFClGY4 - Bumblebee Mattermost/svg")): Object: 'Object Repository/7_Account_Settings/Edit_Full_Name/Page_1HDHFClGY4 - Bumblebee Mattermost/svg' is clicked on

2019-12-28 22:01:56 - [MESSAGE][INFO] - Unable to find the element located by 'By.xpath: (.//*[normalize-space(text()) and normalize-space(.)='@ngocyen'])[1]/following::*[name()='svg'][1]'. Please recheck the objects properties to make sure the desired element is located. 

2019-12-28 22:01:56 - [MESSAGE][INFO] - [SMART_XPATH] Auto-trying out other XPath values in the test object.

2019-12-28 22:01:56 - [MESSAGE][INFO] - [SMART_XPATH] FAILED XPATH: '(.//*[normalize-space(text()) and normalize-space(.)='@ngocyen'])[1]/following::*[name()='svg'][1]'.

2019-12-28 22:01:56 - [MESSAGE][INFO] - [SMART_XPATH] WORKING XPATH: '(.//*[normalize-space(text()) and normalize-space(.)='Bumblebee'])[2]/following::*[name()='svg'][1]'.

2019-12-28 22:01:57 - [MESSAGE][INFO] - [SMART_XPATH] Screenshot: /Users/nguyentri/Desktop/Learn/SoftwareEngineer/mattermost-duo-test/Reports/smart_xpath/Object Repository/7_Account_Settings/Edit_Full_Name/Page_1HDHFClGY4 - Bumblebee Mattermost/svg_neighbor_34.png

2019-12-28 22:01:57 - [MESSAGE][INFO] - [SMART_XPATH] WORKING XPATH: '(.//*[normalize-space(text()) and normalize-space(.)='More unreads'])[1]/preceding::*[name()='svg'][1]'.

2019-12-28 22:01:57 - [MESSAGE][INFO] - [SMART_XPATH] Screenshot: /Users/nguyentri/Desktop/Learn/SoftwareEngineer/mattermost-duo-test/Reports/smart_xpath/Object Repository/7_Account_Settings/Edit_Full_Name/Page_1HDHFClGY4 - Bumblebee Mattermost/svg_neighbor_35.png

2019-12-28 22:01:58 - [MESSAGE][INFO] - [SMART_XPATH] WORKING XPATH: '(.//*[normalize-space(text()) and normalize-space(.)='More unreads'])[2]/preceding::*[name()='svg'][2]'.

2019-12-28 22:01:58 - [MESSAGE][INFO] - [SMART_XPATH] Screenshot: /Users/nguyentri/Desktop/Learn/SoftwareEngineer/mattermost-duo-test/Reports/smart_xpath/Object Repository/7_Account_Settings/Edit_Full_Name/Page_1HDHFClGY4 - Bumblebee Mattermost/svg_neighbor_36.png

2019-12-28 22:01:58 - [MESSAGE][ERROR] - [SMART_XPATH] /Users/nguyentri/Desktop/Learn/SoftwareEngineer/mattermost-duo-test/Reports/smart_xpath/waiting-for-approval.json (No such file or directory)

2019-12-28 22:01:58 - [MESSAGE][ERROR] - [SMART_XPATH] /Users/nguyentri/Desktop/Learn/SoftwareEngineer/mattermost-duo-test/Reports/smart_xpath/waiting-for-approval.json does not exist or is provided by Smart XPath Plugin!

2019-12-28 22:01:58 - [MESSAGE][INFO] - [SMART_XPATH] Selected Smart XPath: '(.//*[normalize-space(text()) and normalize-space(.)='Bumblebee'])[2]/following::*[name()='svg'][1]'.

2019-12-28 22:01:58 - [MESSAGE][INFO] - [SMART_XPATH] Continuing executing the test case!

2019-12-28 22:01:58 - [MESSAGE][PASSED] - Object: 'Object Repository/7_Account_Settings/Edit_Full_Name/Page_1HDHFClGY4 - Bumblebee Mattermost/svg' is clicked on

2019-12-28 22:01:58 - [TEST_STEP][PASSED] - click(findTestObject("Object Repository/7_Account_Settings/Edit_Full_Name/Page_1HDHFClGY4 - Bumblebee Mattermost/button_Account Settings")): Object: 'Object Repository/7_Account_Settings/Edit_Full_Name/Page_1HDHFClGY4 - Bumblebee Mattermost/button_Account Settings' is clicked on

2019-12-28 22:01:59 - [MESSAGE][PASSED] - Object: 'Object Repository/7_Account_Settings/Edit_Full_Name/Page_1HDHFClGY4 - Bumblebee Mattermost/button_Account Settings' is clicked on

2019-12-28 22:01:59 - [TEST_STEP][PASSED] - click(findTestObject("Object Repository/7_Account_Settings/Edit_Full_Name/Page_1HDHFClGY4 - Bumblebee Mattermost/span_Edit")): Object: 'Object Repository/7_Account_Settings/Edit_Full_Name/Page_1HDHFClGY4 - Bumblebee Mattermost/span_Edit' is clicked on

2019-12-28 22:02:00 - [MESSAGE][PASSED] - Object: 'Object Repository/7_Account_Settings/Edit_Full_Name/Page_1HDHFClGY4 - Bumblebee Mattermost/span_Edit' is clicked on

2019-12-28 22:02:00 - [TEST_STEP][PASSED] - setText(findTestObject("Object Repository/7_Account_Settings/Edit_Full_Name/Page_1HDHFClGY4 - Bumblebee Mattermost/input_First Name_firstName"), First_name): Text 'Catherine' is set on object 'Object Repository/7_Account_Settings/Edit_Full_Name/Page_1HDHFClGY4 - Bumblebee Mattermost/input_First Name_firstName'

2019-12-28 22:02:01 - [MESSAGE][PASSED] - Text 'Catherine' is set on object 'Object Repository/7_Account_Settings/Edit_Full_Name/Page_1HDHFClGY4 - Bumblebee Mattermost/input_First Name_firstName'

2019-12-28 22:02:01 - [TEST_STEP][PASSED] - setText(findTestObject("Object Repository/7_Account_Settings/Edit_Full_Name/Page_1HDHFClGY4 - Bumblebee Mattermost/input_Last Name_lastName"), Last_name): Text 'Cat' is set on object 'Object Repository/7_Account_Settings/Edit_Full_Name/Page_1HDHFClGY4 - Bumblebee Mattermost/input_Last Name_lastName'

2019-12-28 22:02:01 - [MESSAGE][PASSED] - Text 'Cat' is set on object 'Object Repository/7_Account_Settings/Edit_Full_Name/Page_1HDHFClGY4 - Bumblebee Mattermost/input_Last Name_lastName'

2019-12-28 22:02:01 - [TEST_STEP][PASSED] - click(findTestObject("Object Repository/7_Account_Settings/Edit_Full_Name/Page_1HDHFClGY4 - Bumblebee Mattermost/span_Save")): Object: 'Object Repository/7_Account_Settings/Edit_Full_Name/Page_1HDHFClGY4 - Bumblebee Mattermost/span_Save' is clicked on

2019-12-28 22:02:02 - [MESSAGE][PASSED] - Object: 'Object Repository/7_Account_Settings/Edit_Full_Name/Page_1HDHFClGY4 - Bumblebee Mattermost/span_Save' is clicked on

2019-12-28 22:02:02 - [TEST_STEP][PASSED] - click(findTestObject("Object Repository/7_Account_Settings/Edit_Full_Name/Page_1HDHFClGY4 - Bumblebee Mattermost/span_")): Object: 'Object Repository/7_Account_Settings/Edit_Full_Name/Page_1HDHFClGY4 - Bumblebee Mattermost/span_' is clicked on

2019-12-28 22:02:04 - [MESSAGE][PASSED] - Object: 'Object Repository/7_Account_Settings/Edit_Full_Name/Page_1HDHFClGY4 - Bumblebee Mattermost/span_' is clicked on

2019-12-28 22:02:04 - [TEST_STEP][NOT_RUN] - closeBrowser(): NOT_RUN: closeBrowser()

2019-12-28 22:02:04 - [MESSAGE][NOT_RUN] - NOT_RUN: closeBrowser()]]></system-out>
         <system-err><![CDATA[]]></system-err>
      </testcase>
      <testcase name="Test Cases/7_Account_Settings/Edit_Full_Name" time="51.349" classname="Test Cases/7_Account_Settings/Edit_Full_Name" status="PASSED">
         <system-out><![CDATA[2019-12-28 22:02:04 - [TEST_CASE][PASSED] - Test Cases/7_Account_Settings/Edit_Full_Name: Test Cases/7_Account_Settings/Edit_Full_Name

2019-12-28 22:02:04 - [TEST_STEP][PASSED] - openBrowser(""): Browser is opened with url: ''

2019-12-28 22:02:04 - [MESSAGE][PASSED] - Browser is opened with url: ''

2019-12-28 22:02:04 - [TEST_STEP][PASSED] - navigateToUrl("http://localhost:8065/"): Navigate to 'http://localhost:8065/' successfully

2019-12-28 22:02:04 - [MESSAGE][PASSED] - Navigate to 'http://localhost:8065/' successfully

2019-12-28 22:02:04 - [TEST_STEP][PASSED] - click(findTestObject("Object Repository/7_Account_Settings/Edit_Full_Name/Page_1HDHFClGY4 - Bumblebee Mattermost/svg")): Object: 'Object Repository/7_Account_Settings/Edit_Full_Name/Page_1HDHFClGY4 - Bumblebee Mattermost/svg' is clicked on

2019-12-28 22:02:47 - [MESSAGE][INFO] - Unable to find the element located by 'By.xpath: (.//*[normalize-space(text()) and normalize-space(.)='@ngocyen'])[1]/following::*[name()='svg'][1]'. Please recheck the objects properties to make sure the desired element is located. 

2019-12-28 22:02:47 - [MESSAGE][INFO] - [SMART_XPATH] Auto-trying out other XPath values in the test object.

2019-12-28 22:02:48 - [MESSAGE][INFO] - [SMART_XPATH] FAILED XPATH: '(.//*[normalize-space(text()) and normalize-space(.)='@ngocyen'])[1]/following::*[name()='svg'][1]'.

2019-12-28 22:02:48 - [MESSAGE][INFO] - [SMART_XPATH] WORKING XPATH: '(.//*[normalize-space(text()) and normalize-space(.)='Bumblebee'])[2]/following::*[name()='svg'][1]'.

2019-12-28 22:02:48 - [MESSAGE][INFO] - [SMART_XPATH] Screenshot: /Users/nguyentri/Desktop/Learn/SoftwareEngineer/mattermost-duo-test/Reports/smart_xpath/Object Repository/7_Account_Settings/Edit_Full_Name/Page_1HDHFClGY4 - Bumblebee Mattermost/svg_neighbor_35.png

2019-12-28 22:02:49 - [MESSAGE][INFO] - [SMART_XPATH] WORKING XPATH: '(.//*[normalize-space(text()) and normalize-space(.)='More unreads'])[1]/preceding::*[name()='svg'][1]'.

2019-12-28 22:02:49 - [MESSAGE][INFO] - [SMART_XPATH] Screenshot: /Users/nguyentri/Desktop/Learn/SoftwareEngineer/mattermost-duo-test/Reports/smart_xpath/Object Repository/7_Account_Settings/Edit_Full_Name/Page_1HDHFClGY4 - Bumblebee Mattermost/svg_neighbor_36.png

2019-12-28 22:02:49 - [MESSAGE][INFO] - [SMART_XPATH] WORKING XPATH: '(.//*[normalize-space(text()) and normalize-space(.)='More unreads'])[2]/preceding::*[name()='svg'][2]'.

2019-12-28 22:02:49 - [MESSAGE][INFO] - [SMART_XPATH] Screenshot: /Users/nguyentri/Desktop/Learn/SoftwareEngineer/mattermost-duo-test/Reports/smart_xpath/Object Repository/7_Account_Settings/Edit_Full_Name/Page_1HDHFClGY4 - Bumblebee Mattermost/svg_neighbor_37.png

2019-12-28 22:02:49 - [MESSAGE][ERROR] - [SMART_XPATH] /Users/nguyentri/Desktop/Learn/SoftwareEngineer/mattermost-duo-test/Reports/smart_xpath/waiting-for-approval.json (No such file or directory)

2019-12-28 22:02:49 - [MESSAGE][ERROR] - [SMART_XPATH] /Users/nguyentri/Desktop/Learn/SoftwareEngineer/mattermost-duo-test/Reports/smart_xpath/waiting-for-approval.json does not exist or is provided by Smart XPath Plugin!

2019-12-28 22:02:49 - [MESSAGE][INFO] - [SMART_XPATH] Selected Smart XPath: '(.//*[normalize-space(text()) and normalize-space(.)='Bumblebee'])[2]/following::*[name()='svg'][1]'.

2019-12-28 22:02:49 - [MESSAGE][INFO] - [SMART_XPATH] Continuing executing the test case!

2019-12-28 22:02:50 - [MESSAGE][PASSED] - Object: 'Object Repository/7_Account_Settings/Edit_Full_Name/Page_1HDHFClGY4 - Bumblebee Mattermost/svg' is clicked on

2019-12-28 22:02:50 - [TEST_STEP][PASSED] - click(findTestObject("Object Repository/7_Account_Settings/Edit_Full_Name/Page_1HDHFClGY4 - Bumblebee Mattermost/button_Account Settings")): Object: 'Object Repository/7_Account_Settings/Edit_Full_Name/Page_1HDHFClGY4 - Bumblebee Mattermost/button_Account Settings' is clicked on

2019-12-28 22:02:51 - [MESSAGE][PASSED] - Object: 'Object Repository/7_Account_Settings/Edit_Full_Name/Page_1HDHFClGY4 - Bumblebee Mattermost/button_Account Settings' is clicked on

2019-12-28 22:02:51 - [TEST_STEP][PASSED] - click(findTestObject("Object Repository/7_Account_Settings/Edit_Full_Name/Page_1HDHFClGY4 - Bumblebee Mattermost/span_Edit")): Object: 'Object Repository/7_Account_Settings/Edit_Full_Name/Page_1HDHFClGY4 - Bumblebee Mattermost/span_Edit' is clicked on

2019-12-28 22:02:52 - [MESSAGE][PASSED] - Object: 'Object Repository/7_Account_Settings/Edit_Full_Name/Page_1HDHFClGY4 - Bumblebee Mattermost/span_Edit' is clicked on

2019-12-28 22:02:52 - [TEST_STEP][PASSED] - setText(findTestObject("Object Repository/7_Account_Settings/Edit_Full_Name/Page_1HDHFClGY4 - Bumblebee Mattermost/input_First Name_firstName"), First_name): Text 'Arlie' is set on object 'Object Repository/7_Account_Settings/Edit_Full_Name/Page_1HDHFClGY4 - Bumblebee Mattermost/input_First Name_firstName'

2019-12-28 22:02:52 - [MESSAGE][PASSED] - Text 'Arlie' is set on object 'Object Repository/7_Account_Settings/Edit_Full_Name/Page_1HDHFClGY4 - Bumblebee Mattermost/input_First Name_firstName'

2019-12-28 22:02:52 - [TEST_STEP][PASSED] - setText(findTestObject("Object Repository/7_Account_Settings/Edit_Full_Name/Page_1HDHFClGY4 - Bumblebee Mattermost/input_Last Name_lastName"), Last_name): Text 'Armadillo' is set on object 'Object Repository/7_Account_Settings/Edit_Full_Name/Page_1HDHFClGY4 - Bumblebee Mattermost/input_Last Name_lastName'

2019-12-28 22:02:53 - [MESSAGE][PASSED] - Text 'Armadillo' is set on object 'Object Repository/7_Account_Settings/Edit_Full_Name/Page_1HDHFClGY4 - Bumblebee Mattermost/input_Last Name_lastName'

2019-12-28 22:02:53 - [TEST_STEP][PASSED] - click(findTestObject("Object Repository/7_Account_Settings/Edit_Full_Name/Page_1HDHFClGY4 - Bumblebee Mattermost/span_Save")): Object: 'Object Repository/7_Account_Settings/Edit_Full_Name/Page_1HDHFClGY4 - Bumblebee Mattermost/span_Save' is clicked on

2019-12-28 22:02:54 - [MESSAGE][PASSED] - Object: 'Object Repository/7_Account_Settings/Edit_Full_Name/Page_1HDHFClGY4 - Bumblebee Mattermost/span_Save' is clicked on

2019-12-28 22:02:54 - [TEST_STEP][PASSED] - click(findTestObject("Object Repository/7_Account_Settings/Edit_Full_Name/Page_1HDHFClGY4 - Bumblebee Mattermost/span_")): Object: 'Object Repository/7_Account_Settings/Edit_Full_Name/Page_1HDHFClGY4 - Bumblebee Mattermost/span_' is clicked on

2019-12-28 22:02:55 - [MESSAGE][PASSED] - Object: 'Object Repository/7_Account_Settings/Edit_Full_Name/Page_1HDHFClGY4 - Bumblebee Mattermost/span_' is clicked on

2019-12-28 22:02:55 - [TEST_STEP][NOT_RUN] - closeBrowser(): NOT_RUN: closeBrowser()

2019-12-28 22:02:55 - [MESSAGE][NOT_RUN] - NOT_RUN: closeBrowser()]]></system-out>
         <system-err><![CDATA[]]></system-err>
      </testcase>
      <testcase name="Test Cases/7_Account_Settings/Edit_Full_Name" time="51.988" classname="Test Cases/7_Account_Settings/Edit_Full_Name" status="PASSED">
         <system-out><![CDATA[2019-12-28 22:02:55 - [TEST_CASE][PASSED] - Test Cases/7_Account_Settings/Edit_Full_Name: Test Cases/7_Account_Settings/Edit_Full_Name

2019-12-28 22:02:55 - [TEST_STEP][PASSED] - openBrowser(""): Browser is opened with url: ''

2019-12-28 22:02:55 - [MESSAGE][PASSED] - Browser is opened with url: ''

2019-12-28 22:02:55 - [TEST_STEP][PASSED] - navigateToUrl("http://localhost:8065/"): Navigate to 'http://localhost:8065/' successfully

2019-12-28 22:02:56 - [MESSAGE][PASSED] - Navigate to 'http://localhost:8065/' successfully

2019-12-28 22:02:56 - [TEST_STEP][PASSED] - click(findTestObject("Object Repository/7_Account_Settings/Edit_Full_Name/Page_1HDHFClGY4 - Bumblebee Mattermost/svg")): Object: 'Object Repository/7_Account_Settings/Edit_Full_Name/Page_1HDHFClGY4 - Bumblebee Mattermost/svg' is clicked on

2019-12-28 22:03:39 - [MESSAGE][INFO] - Unable to find the element located by 'By.xpath: (.//*[normalize-space(text()) and normalize-space(.)='@ngocyen'])[1]/following::*[name()='svg'][1]'. Please recheck the objects properties to make sure the desired element is located. 

2019-12-28 22:03:39 - [MESSAGE][INFO] - [SMART_XPATH] Auto-trying out other XPath values in the test object.

2019-12-28 22:03:39 - [MESSAGE][INFO] - [SMART_XPATH] FAILED XPATH: '(.//*[normalize-space(text()) and normalize-space(.)='@ngocyen'])[1]/following::*[name()='svg'][1]'.

2019-12-28 22:03:39 - [MESSAGE][INFO] - [SMART_XPATH] WORKING XPATH: '(.//*[normalize-space(text()) and normalize-space(.)='Bumblebee'])[2]/following::*[name()='svg'][1]'.

2019-12-28 22:03:40 - [MESSAGE][INFO] - [SMART_XPATH] Screenshot: /Users/nguyentri/Desktop/Learn/SoftwareEngineer/mattermost-duo-test/Reports/smart_xpath/Object Repository/7_Account_Settings/Edit_Full_Name/Page_1HDHFClGY4 - Bumblebee Mattermost/svg_neighbor_36.png

2019-12-28 22:03:40 - [MESSAGE][INFO] - [SMART_XPATH] WORKING XPATH: '(.//*[normalize-space(text()) and normalize-space(.)='More unreads'])[1]/preceding::*[name()='svg'][1]'.

2019-12-28 22:03:40 - [MESSAGE][INFO] - [SMART_XPATH] Screenshot: /Users/nguyentri/Desktop/Learn/SoftwareEngineer/mattermost-duo-test/Reports/smart_xpath/Object Repository/7_Account_Settings/Edit_Full_Name/Page_1HDHFClGY4 - Bumblebee Mattermost/svg_neighbor_37.png

2019-12-28 22:03:41 - [MESSAGE][INFO] - [SMART_XPATH] WORKING XPATH: '(.//*[normalize-space(text()) and normalize-space(.)='More unreads'])[2]/preceding::*[name()='svg'][2]'.

2019-12-28 22:03:41 - [MESSAGE][INFO] - [SMART_XPATH] Screenshot: /Users/nguyentri/Desktop/Learn/SoftwareEngineer/mattermost-duo-test/Reports/smart_xpath/Object Repository/7_Account_Settings/Edit_Full_Name/Page_1HDHFClGY4 - Bumblebee Mattermost/svg_neighbor_38.png

2019-12-28 22:03:41 - [MESSAGE][ERROR] - [SMART_XPATH] /Users/nguyentri/Desktop/Learn/SoftwareEngineer/mattermost-duo-test/Reports/smart_xpath/waiting-for-approval.json (No such file or directory)

2019-12-28 22:03:41 - [MESSAGE][ERROR] - [SMART_XPATH] /Users/nguyentri/Desktop/Learn/SoftwareEngineer/mattermost-duo-test/Reports/smart_xpath/waiting-for-approval.json does not exist or is provided by Smart XPath Plugin!

2019-12-28 22:03:41 - [MESSAGE][INFO] - [SMART_XPATH] Selected Smart XPath: '(.//*[normalize-space(text()) and normalize-space(.)='Bumblebee'])[2]/following::*[name()='svg'][1]'.

2019-12-28 22:03:41 - [MESSAGE][INFO] - [SMART_XPATH] Continuing executing the test case!

2019-12-28 22:03:41 - [MESSAGE][PASSED] - Object: 'Object Repository/7_Account_Settings/Edit_Full_Name/Page_1HDHFClGY4 - Bumblebee Mattermost/svg' is clicked on

2019-12-28 22:03:41 - [TEST_STEP][PASSED] - click(findTestObject("Object Repository/7_Account_Settings/Edit_Full_Name/Page_1HDHFClGY4 - Bumblebee Mattermost/button_Account Settings")): Object: 'Object Repository/7_Account_Settings/Edit_Full_Name/Page_1HDHFClGY4 - Bumblebee Mattermost/button_Account Settings' is clicked on

2019-12-28 22:03:42 - [MESSAGE][PASSED] - Object: 'Object Repository/7_Account_Settings/Edit_Full_Name/Page_1HDHFClGY4 - Bumblebee Mattermost/button_Account Settings' is clicked on

2019-12-28 22:03:42 - [TEST_STEP][PASSED] - click(findTestObject("Object Repository/7_Account_Settings/Edit_Full_Name/Page_1HDHFClGY4 - Bumblebee Mattermost/span_Edit")): Object: 'Object Repository/7_Account_Settings/Edit_Full_Name/Page_1HDHFClGY4 - Bumblebee Mattermost/span_Edit' is clicked on

2019-12-28 22:03:43 - [MESSAGE][PASSED] - Object: 'Object Repository/7_Account_Settings/Edit_Full_Name/Page_1HDHFClGY4 - Bumblebee Mattermost/span_Edit' is clicked on

2019-12-28 22:03:43 - [TEST_STEP][PASSED] - setText(findTestObject("Object Repository/7_Account_Settings/Edit_Full_Name/Page_1HDHFClGY4 - Bumblebee Mattermost/input_First Name_firstName"), First_name): Text 'Henry' is set on object 'Object Repository/7_Account_Settings/Edit_Full_Name/Page_1HDHFClGY4 - Bumblebee Mattermost/input_First Name_firstName'

2019-12-28 22:03:44 - [MESSAGE][PASSED] - Text 'Henry' is set on object 'Object Repository/7_Account_Settings/Edit_Full_Name/Page_1HDHFClGY4 - Bumblebee Mattermost/input_First Name_firstName'

2019-12-28 22:03:44 - [TEST_STEP][PASSED] - setText(findTestObject("Object Repository/7_Account_Settings/Edit_Full_Name/Page_1HDHFClGY4 - Bumblebee Mattermost/input_Last Name_lastName"), Last_name): Text 'Hippo' is set on object 'Object Repository/7_Account_Settings/Edit_Full_Name/Page_1HDHFClGY4 - Bumblebee Mattermost/input_Last Name_lastName'

2019-12-28 22:03:45 - [MESSAGE][PASSED] - Text 'Hippo' is set on object 'Object Repository/7_Account_Settings/Edit_Full_Name/Page_1HDHFClGY4 - Bumblebee Mattermost/input_Last Name_lastName'

2019-12-28 22:03:45 - [TEST_STEP][PASSED] - click(findTestObject("Object Repository/7_Account_Settings/Edit_Full_Name/Page_1HDHFClGY4 - Bumblebee Mattermost/span_Save")): Object: 'Object Repository/7_Account_Settings/Edit_Full_Name/Page_1HDHFClGY4 - Bumblebee Mattermost/span_Save' is clicked on

2019-12-28 22:03:45 - [MESSAGE][PASSED] - Object: 'Object Repository/7_Account_Settings/Edit_Full_Name/Page_1HDHFClGY4 - Bumblebee Mattermost/span_Save' is clicked on

2019-12-28 22:03:45 - [TEST_STEP][PASSED] - click(findTestObject("Object Repository/7_Account_Settings/Edit_Full_Name/Page_1HDHFClGY4 - Bumblebee Mattermost/span_")): Object: 'Object Repository/7_Account_Settings/Edit_Full_Name/Page_1HDHFClGY4 - Bumblebee Mattermost/span_' is clicked on

2019-12-28 22:03:47 - [MESSAGE][PASSED] - Object: 'Object Repository/7_Account_Settings/Edit_Full_Name/Page_1HDHFClGY4 - Bumblebee Mattermost/span_' is clicked on

2019-12-28 22:03:47 - [TEST_STEP][NOT_RUN] - closeBrowser(): NOT_RUN: closeBrowser()

2019-12-28 22:03:47 - [MESSAGE][NOT_RUN] - NOT_RUN: closeBrowser()]]></system-out>
         <system-err><![CDATA[]]></system-err>
      </testcase>
      <testcase name="Test Cases/7_Account_Settings/Edit_Nick_Name" time="53.243" classname="Test Cases/7_Account_Settings/Edit_Nick_Name" status="PASSED">
         <system-out><![CDATA[2019-12-28 22:03:47 - [TEST_CASE][PASSED] - Test Cases/7_Account_Settings/Edit_Nick_Name: Test Cases/7_Account_Settings/Edit_Nick_Name

2019-12-28 22:03:49 - [TEST_STEP][PASSED] - openBrowser(""): Browser is opened with url: ''

2019-12-28 22:03:49 - [MESSAGE][PASSED] - Browser is opened with url: ''

2019-12-28 22:03:49 - [TEST_STEP][PASSED] - navigateToUrl("http://localhost:8065/"): Navigate to 'http://localhost:8065/' successfully

2019-12-28 22:03:50 - [MESSAGE][PASSED] - Navigate to 'http://localhost:8065/' successfully

2019-12-28 22:03:50 - [TEST_STEP][PASSED] - click(findTestObject("Object Repository/7_Account_Settings/Edit_Nick_Name/Page_1HDHFClGY4 - Bumblebee Mattermost/svg")): Object: 'Object Repository/7_Account_Settings/Edit_Nick_Name/Page_1HDHFClGY4 - Bumblebee Mattermost/svg' is clicked on

2019-12-28 22:04:34 - [MESSAGE][INFO] - Unable to find the element located by 'By.xpath: (.//*[normalize-space(text()) and normalize-space(.)='@ngocyen'])[1]/following::*[name()='svg'][1]'. Please recheck the objects properties to make sure the desired element is located. 

2019-12-28 22:04:34 - [MESSAGE][INFO] - [SMART_XPATH] Auto-trying out other XPath values in the test object.

2019-12-28 22:04:34 - [MESSAGE][INFO] - [SMART_XPATH] FAILED XPATH: '(.//*[normalize-space(text()) and normalize-space(.)='@ngocyen'])[1]/following::*[name()='svg'][1]'.

2019-12-28 22:04:35 - [MESSAGE][INFO] - [SMART_XPATH] WORKING XPATH: '(.//*[normalize-space(text()) and normalize-space(.)='Bumblebee'])[2]/following::*[name()='svg'][1]'.

2019-12-28 22:04:35 - [MESSAGE][INFO] - [SMART_XPATH] Screenshot: /Users/nguyentri/Desktop/Learn/SoftwareEngineer/mattermost-duo-test/Reports/smart_xpath/Object Repository/7_Account_Settings/Edit_Nick_Name/Page_1HDHFClGY4 - Bumblebee Mattermost/svg_neighbor_37.png

2019-12-28 22:04:35 - [MESSAGE][INFO] - [SMART_XPATH] WORKING XPATH: '(.//*[normalize-space(text()) and normalize-space(.)='More unreads'])[1]/preceding::*[name()='svg'][1]'.

2019-12-28 22:04:36 - [MESSAGE][INFO] - [SMART_XPATH] Screenshot: /Users/nguyentri/Desktop/Learn/SoftwareEngineer/mattermost-duo-test/Reports/smart_xpath/Object Repository/7_Account_Settings/Edit_Nick_Name/Page_1HDHFClGY4 - Bumblebee Mattermost/svg_neighbor_38.png

2019-12-28 22:04:36 - [MESSAGE][INFO] - [SMART_XPATH] WORKING XPATH: '(.//*[normalize-space(text()) and normalize-space(.)='More unreads'])[2]/preceding::*[name()='svg'][2]'.

2019-12-28 22:04:36 - [MESSAGE][INFO] - [SMART_XPATH] Screenshot: /Users/nguyentri/Desktop/Learn/SoftwareEngineer/mattermost-duo-test/Reports/smart_xpath/Object Repository/7_Account_Settings/Edit_Nick_Name/Page_1HDHFClGY4 - Bumblebee Mattermost/svg_neighbor_39.png

2019-12-28 22:04:36 - [MESSAGE][ERROR] - [SMART_XPATH] /Users/nguyentri/Desktop/Learn/SoftwareEngineer/mattermost-duo-test/Reports/smart_xpath/waiting-for-approval.json (No such file or directory)

2019-12-28 22:04:36 - [MESSAGE][ERROR] - [SMART_XPATH] /Users/nguyentri/Desktop/Learn/SoftwareEngineer/mattermost-duo-test/Reports/smart_xpath/waiting-for-approval.json does not exist or is provided by Smart XPath Plugin!

2019-12-28 22:04:36 - [MESSAGE][INFO] - [SMART_XPATH] Selected Smart XPath: '(.//*[normalize-space(text()) and normalize-space(.)='Bumblebee'])[2]/following::*[name()='svg'][1]'.

2019-12-28 22:04:36 - [MESSAGE][INFO] - [SMART_XPATH] Continuing executing the test case!

2019-12-28 22:04:36 - [MESSAGE][PASSED] - Object: 'Object Repository/7_Account_Settings/Edit_Nick_Name/Page_1HDHFClGY4 - Bumblebee Mattermost/svg' is clicked on

2019-12-28 22:04:36 - [TEST_STEP][PASSED] - click(findTestObject("Object Repository/7_Account_Settings/Edit_Nick_Name/Page_1HDHFClGY4 - Bumblebee Mattermost/button_Account Settings")): Object: 'Object Repository/7_Account_Settings/Edit_Nick_Name/Page_1HDHFClGY4 - Bumblebee Mattermost/button_Account Settings' is clicked on

2019-12-28 22:04:37 - [MESSAGE][PASSED] - Object: 'Object Repository/7_Account_Settings/Edit_Nick_Name/Page_1HDHFClGY4 - Bumblebee Mattermost/button_Account Settings' is clicked on

2019-12-28 22:04:37 - [TEST_STEP][PASSED] - click(findTestObject("Object Repository/7_Account_Settings/Edit_Nick_Name/Page_1HDHFClGY4 - Bumblebee Mattermost/span_Edit")): Object: 'Object Repository/7_Account_Settings/Edit_Nick_Name/Page_1HDHFClGY4 - Bumblebee Mattermost/span_Edit' is clicked on

2019-12-28 22:04:38 - [MESSAGE][PASSED] - Object: 'Object Repository/7_Account_Settings/Edit_Nick_Name/Page_1HDHFClGY4 - Bumblebee Mattermost/span_Edit' is clicked on

2019-12-28 22:04:38 - [TEST_STEP][PASSED] - setText(findTestObject("Object Repository/7_Account_Settings/Edit_Nick_Name/Page_1HDHFClGY4 - Bumblebee Mattermost/input_Nickname_nickname"), Nick_name): Text 'One' is set on object 'Object Repository/7_Account_Settings/Edit_Nick_Name/Page_1HDHFClGY4 - Bumblebee Mattermost/input_Nickname_nickname'

2019-12-28 22:04:39 - [MESSAGE][PASSED] - Text 'One' is set on object 'Object Repository/7_Account_Settings/Edit_Nick_Name/Page_1HDHFClGY4 - Bumblebee Mattermost/input_Nickname_nickname'

2019-12-28 22:04:39 - [TEST_STEP][PASSED] - click(findTestObject("Object Repository/7_Account_Settings/Edit_Nick_Name/Page_1HDHFClGY4 - Bumblebee Mattermost/span_Save")): Object: 'Object Repository/7_Account_Settings/Edit_Nick_Name/Page_1HDHFClGY4 - Bumblebee Mattermost/span_Save' is clicked on

2019-12-28 22:04:39 - [MESSAGE][PASSED] - Object: 'Object Repository/7_Account_Settings/Edit_Nick_Name/Page_1HDHFClGY4 - Bumblebee Mattermost/span_Save' is clicked on

2019-12-28 22:04:39 - [TEST_STEP][PASSED] - click(findTestObject("Object Repository/7_Account_Settings/Edit_Nick_Name/Page_1HDHFClGY4 - Bumblebee Mattermost/span_")): Object: 'Object Repository/7_Account_Settings/Edit_Nick_Name/Page_1HDHFClGY4 - Bumblebee Mattermost/span_' is clicked on

2019-12-28 22:04:40 - [MESSAGE][PASSED] - Object: 'Object Repository/7_Account_Settings/Edit_Nick_Name/Page_1HDHFClGY4 - Bumblebee Mattermost/span_' is clicked on

2019-12-28 22:04:40 - [TEST_STEP][NOT_RUN] - closeBrowser(): NOT_RUN: closeBrowser()

2019-12-28 22:04:40 - [MESSAGE][NOT_RUN] - NOT_RUN: closeBrowser()]]></system-out>
         <system-err><![CDATA[]]></system-err>
      </testcase>
      <testcase name="Test Cases/7_Account_Settings/Edit_Nick_Name" time="50.445" classname="Test Cases/7_Account_Settings/Edit_Nick_Name" status="PASSED">
         <system-out><![CDATA[2019-12-28 22:04:41 - [TEST_CASE][PASSED] - Test Cases/7_Account_Settings/Edit_Nick_Name: Test Cases/7_Account_Settings/Edit_Nick_Name

2019-12-28 22:04:41 - [TEST_STEP][PASSED] - openBrowser(""): Browser is opened with url: ''

2019-12-28 22:04:41 - [MESSAGE][PASSED] - Browser is opened with url: ''

2019-12-28 22:04:41 - [TEST_STEP][PASSED] - navigateToUrl("http://localhost:8065/"): Navigate to 'http://localhost:8065/' successfully

2019-12-28 22:04:42 - [MESSAGE][PASSED] - Navigate to 'http://localhost:8065/' successfully

2019-12-28 22:04:42 - [TEST_STEP][PASSED] - click(findTestObject("Object Repository/7_Account_Settings/Edit_Nick_Name/Page_1HDHFClGY4 - Bumblebee Mattermost/svg")): Object: 'Object Repository/7_Account_Settings/Edit_Nick_Name/Page_1HDHFClGY4 - Bumblebee Mattermost/svg' is clicked on

2019-12-28 22:05:25 - [MESSAGE][INFO] - Unable to find the element located by 'By.xpath: (.//*[normalize-space(text()) and normalize-space(.)='@ngocyen'])[1]/following::*[name()='svg'][1]'. Please recheck the objects properties to make sure the desired element is located. 

2019-12-28 22:05:25 - [MESSAGE][INFO] - [SMART_XPATH] Auto-trying out other XPath values in the test object.

2019-12-28 22:05:25 - [MESSAGE][INFO] - [SMART_XPATH] FAILED XPATH: '(.//*[normalize-space(text()) and normalize-space(.)='@ngocyen'])[1]/following::*[name()='svg'][1]'.

2019-12-28 22:05:26 - [MESSAGE][INFO] - [SMART_XPATH] WORKING XPATH: '(.//*[normalize-space(text()) and normalize-space(.)='Bumblebee'])[2]/following::*[name()='svg'][1]'.

2019-12-28 22:05:26 - [MESSAGE][INFO] - [SMART_XPATH] Screenshot: /Users/nguyentri/Desktop/Learn/SoftwareEngineer/mattermost-duo-test/Reports/smart_xpath/Object Repository/7_Account_Settings/Edit_Nick_Name/Page_1HDHFClGY4 - Bumblebee Mattermost/svg_neighbor_38.png

2019-12-28 22:05:26 - [MESSAGE][INFO] - [SMART_XPATH] WORKING XPATH: '(.//*[normalize-space(text()) and normalize-space(.)='More unreads'])[1]/preceding::*[name()='svg'][1]'.

2019-12-28 22:05:26 - [MESSAGE][INFO] - [SMART_XPATH] Screenshot: /Users/nguyentri/Desktop/Learn/SoftwareEngineer/mattermost-duo-test/Reports/smart_xpath/Object Repository/7_Account_Settings/Edit_Nick_Name/Page_1HDHFClGY4 - Bumblebee Mattermost/svg_neighbor_39.png

2019-12-28 22:05:27 - [MESSAGE][INFO] - [SMART_XPATH] WORKING XPATH: '(.//*[normalize-space(text()) and normalize-space(.)='More unreads'])[2]/preceding::*[name()='svg'][2]'.

2019-12-28 22:05:27 - [MESSAGE][INFO] - [SMART_XPATH] Screenshot: /Users/nguyentri/Desktop/Learn/SoftwareEngineer/mattermost-duo-test/Reports/smart_xpath/Object Repository/7_Account_Settings/Edit_Nick_Name/Page_1HDHFClGY4 - Bumblebee Mattermost/svg_neighbor_40.png

2019-12-28 22:05:27 - [MESSAGE][ERROR] - [SMART_XPATH] /Users/nguyentri/Desktop/Learn/SoftwareEngineer/mattermost-duo-test/Reports/smart_xpath/waiting-for-approval.json (No such file or directory)

2019-12-28 22:05:27 - [MESSAGE][ERROR] - [SMART_XPATH] /Users/nguyentri/Desktop/Learn/SoftwareEngineer/mattermost-duo-test/Reports/smart_xpath/waiting-for-approval.json does not exist or is provided by Smart XPath Plugin!

2019-12-28 22:05:27 - [MESSAGE][INFO] - [SMART_XPATH] Selected Smart XPath: '(.//*[normalize-space(text()) and normalize-space(.)='Bumblebee'])[2]/following::*[name()='svg'][1]'.

2019-12-28 22:05:27 - [MESSAGE][INFO] - [SMART_XPATH] Continuing executing the test case!

2019-12-28 22:05:27 - [MESSAGE][PASSED] - Object: 'Object Repository/7_Account_Settings/Edit_Nick_Name/Page_1HDHFClGY4 - Bumblebee Mattermost/svg' is clicked on

2019-12-28 22:05:27 - [TEST_STEP][PASSED] - click(findTestObject("Object Repository/7_Account_Settings/Edit_Nick_Name/Page_1HDHFClGY4 - Bumblebee Mattermost/button_Account Settings")): Object: 'Object Repository/7_Account_Settings/Edit_Nick_Name/Page_1HDHFClGY4 - Bumblebee Mattermost/button_Account Settings' is clicked on

2019-12-28 22:05:28 - [MESSAGE][PASSED] - Object: 'Object Repository/7_Account_Settings/Edit_Nick_Name/Page_1HDHFClGY4 - Bumblebee Mattermost/button_Account Settings' is clicked on

2019-12-28 22:05:28 - [TEST_STEP][PASSED] - click(findTestObject("Object Repository/7_Account_Settings/Edit_Nick_Name/Page_1HDHFClGY4 - Bumblebee Mattermost/span_Edit")): Object: 'Object Repository/7_Account_Settings/Edit_Nick_Name/Page_1HDHFClGY4 - Bumblebee Mattermost/span_Edit' is clicked on

2019-12-28 22:05:29 - [MESSAGE][PASSED] - Object: 'Object Repository/7_Account_Settings/Edit_Nick_Name/Page_1HDHFClGY4 - Bumblebee Mattermost/span_Edit' is clicked on

2019-12-28 22:05:29 - [TEST_STEP][PASSED] - setText(findTestObject("Object Repository/7_Account_Settings/Edit_Nick_Name/Page_1HDHFClGY4 - Bumblebee Mattermost/input_Nickname_nickname"), Nick_name): Text 'Two' is set on object 'Object Repository/7_Account_Settings/Edit_Nick_Name/Page_1HDHFClGY4 - Bumblebee Mattermost/input_Nickname_nickname'

2019-12-28 22:05:29 - [MESSAGE][PASSED] - Text 'Two' is set on object 'Object Repository/7_Account_Settings/Edit_Nick_Name/Page_1HDHFClGY4 - Bumblebee Mattermost/input_Nickname_nickname'

2019-12-28 22:05:29 - [TEST_STEP][PASSED] - click(findTestObject("Object Repository/7_Account_Settings/Edit_Nick_Name/Page_1HDHFClGY4 - Bumblebee Mattermost/span_Save")): Object: 'Object Repository/7_Account_Settings/Edit_Nick_Name/Page_1HDHFClGY4 - Bumblebee Mattermost/span_Save' is clicked on

2019-12-28 22:05:30 - [MESSAGE][PASSED] - Object: 'Object Repository/7_Account_Settings/Edit_Nick_Name/Page_1HDHFClGY4 - Bumblebee Mattermost/span_Save' is clicked on

2019-12-28 22:05:30 - [TEST_STEP][PASSED] - click(findTestObject("Object Repository/7_Account_Settings/Edit_Nick_Name/Page_1HDHFClGY4 - Bumblebee Mattermost/span_")): Object: 'Object Repository/7_Account_Settings/Edit_Nick_Name/Page_1HDHFClGY4 - Bumblebee Mattermost/span_' is clicked on

2019-12-28 22:05:31 - [MESSAGE][PASSED] - Object: 'Object Repository/7_Account_Settings/Edit_Nick_Name/Page_1HDHFClGY4 - Bumblebee Mattermost/span_' is clicked on

2019-12-28 22:05:31 - [TEST_STEP][NOT_RUN] - closeBrowser(): NOT_RUN: closeBrowser()

2019-12-28 22:05:31 - [MESSAGE][NOT_RUN] - NOT_RUN: closeBrowser()]]></system-out>
         <system-err><![CDATA[]]></system-err>
      </testcase>
      <testcase name="Test Cases/7_Account_Settings/Edit_Nick_Name" time="49.692" classname="Test Cases/7_Account_Settings/Edit_Nick_Name" status="PASSED">
         <system-out><![CDATA[2019-12-28 22:05:31 - [TEST_CASE][PASSED] - Test Cases/7_Account_Settings/Edit_Nick_Name: Test Cases/7_Account_Settings/Edit_Nick_Name

2019-12-28 22:05:31 - [TEST_STEP][PASSED] - openBrowser(""): Browser is opened with url: ''

2019-12-28 22:05:31 - [MESSAGE][PASSED] - Browser is opened with url: ''

2019-12-28 22:05:31 - [TEST_STEP][PASSED] - navigateToUrl("http://localhost:8065/"): Navigate to 'http://localhost:8065/' successfully

2019-12-28 22:05:32 - [MESSAGE][PASSED] - Navigate to 'http://localhost:8065/' successfully

2019-12-28 22:05:32 - [TEST_STEP][PASSED] - click(findTestObject("Object Repository/7_Account_Settings/Edit_Nick_Name/Page_1HDHFClGY4 - Bumblebee Mattermost/svg")): Object: 'Object Repository/7_Account_Settings/Edit_Nick_Name/Page_1HDHFClGY4 - Bumblebee Mattermost/svg' is clicked on

2019-12-28 22:06:15 - [MESSAGE][INFO] - Unable to find the element located by 'By.xpath: (.//*[normalize-space(text()) and normalize-space(.)='@ngocyen'])[1]/following::*[name()='svg'][1]'. Please recheck the objects properties to make sure the desired element is located. 

2019-12-28 22:06:15 - [MESSAGE][INFO] - [SMART_XPATH] Auto-trying out other XPath values in the test object.

2019-12-28 22:06:15 - [MESSAGE][INFO] - [SMART_XPATH] FAILED XPATH: '(.//*[normalize-space(text()) and normalize-space(.)='@ngocyen'])[1]/following::*[name()='svg'][1]'.

2019-12-28 22:06:16 - [MESSAGE][INFO] - [SMART_XPATH] WORKING XPATH: '(.//*[normalize-space(text()) and normalize-space(.)='Bumblebee'])[2]/following::*[name()='svg'][1]'.

2019-12-28 22:06:16 - [MESSAGE][INFO] - [SMART_XPATH] Screenshot: /Users/nguyentri/Desktop/Learn/SoftwareEngineer/mattermost-duo-test/Reports/smart_xpath/Object Repository/7_Account_Settings/Edit_Nick_Name/Page_1HDHFClGY4 - Bumblebee Mattermost/svg_neighbor_39.png

2019-12-28 22:06:16 - [MESSAGE][INFO] - [SMART_XPATH] WORKING XPATH: '(.//*[normalize-space(text()) and normalize-space(.)='More unreads'])[1]/preceding::*[name()='svg'][1]'.

2019-12-28 22:06:16 - [MESSAGE][INFO] - [SMART_XPATH] Screenshot: /Users/nguyentri/Desktop/Learn/SoftwareEngineer/mattermost-duo-test/Reports/smart_xpath/Object Repository/7_Account_Settings/Edit_Nick_Name/Page_1HDHFClGY4 - Bumblebee Mattermost/svg_neighbor_40.png

2019-12-28 22:06:16 - [MESSAGE][INFO] - [SMART_XPATH] WORKING XPATH: '(.//*[normalize-space(text()) and normalize-space(.)='More unreads'])[2]/preceding::*[name()='svg'][2]'.

2019-12-28 22:06:16 - [MESSAGE][INFO] - [SMART_XPATH] Screenshot: /Users/nguyentri/Desktop/Learn/SoftwareEngineer/mattermost-duo-test/Reports/smart_xpath/Object Repository/7_Account_Settings/Edit_Nick_Name/Page_1HDHFClGY4 - Bumblebee Mattermost/svg_neighbor_41.png

2019-12-28 22:06:17 - [MESSAGE][ERROR] - [SMART_XPATH] /Users/nguyentri/Desktop/Learn/SoftwareEngineer/mattermost-duo-test/Reports/smart_xpath/waiting-for-approval.json (No such file or directory)

2019-12-28 22:06:17 - [MESSAGE][ERROR] - [SMART_XPATH] /Users/nguyentri/Desktop/Learn/SoftwareEngineer/mattermost-duo-test/Reports/smart_xpath/waiting-for-approval.json does not exist or is provided by Smart XPath Plugin!

2019-12-28 22:06:17 - [MESSAGE][INFO] - [SMART_XPATH] Selected Smart XPath: '(.//*[normalize-space(text()) and normalize-space(.)='Bumblebee'])[2]/following::*[name()='svg'][1]'.

2019-12-28 22:06:17 - [MESSAGE][INFO] - [SMART_XPATH] Continuing executing the test case!

2019-12-28 22:06:17 - [MESSAGE][PASSED] - Object: 'Object Repository/7_Account_Settings/Edit_Nick_Name/Page_1HDHFClGY4 - Bumblebee Mattermost/svg' is clicked on

2019-12-28 22:06:17 - [TEST_STEP][PASSED] - click(findTestObject("Object Repository/7_Account_Settings/Edit_Nick_Name/Page_1HDHFClGY4 - Bumblebee Mattermost/button_Account Settings")): Object: 'Object Repository/7_Account_Settings/Edit_Nick_Name/Page_1HDHFClGY4 - Bumblebee Mattermost/button_Account Settings' is clicked on

2019-12-28 22:06:18 - [MESSAGE][PASSED] - Object: 'Object Repository/7_Account_Settings/Edit_Nick_Name/Page_1HDHFClGY4 - Bumblebee Mattermost/button_Account Settings' is clicked on

2019-12-28 22:06:18 - [TEST_STEP][PASSED] - click(findTestObject("Object Repository/7_Account_Settings/Edit_Nick_Name/Page_1HDHFClGY4 - Bumblebee Mattermost/span_Edit")): Object: 'Object Repository/7_Account_Settings/Edit_Nick_Name/Page_1HDHFClGY4 - Bumblebee Mattermost/span_Edit' is clicked on

2019-12-28 22:06:19 - [MESSAGE][PASSED] - Object: 'Object Repository/7_Account_Settings/Edit_Nick_Name/Page_1HDHFClGY4 - Bumblebee Mattermost/span_Edit' is clicked on

2019-12-28 22:06:19 - [TEST_STEP][PASSED] - setText(findTestObject("Object Repository/7_Account_Settings/Edit_Nick_Name/Page_1HDHFClGY4 - Bumblebee Mattermost/input_Nickname_nickname"), Nick_name): Text 'Three' is set on object 'Object Repository/7_Account_Settings/Edit_Nick_Name/Page_1HDHFClGY4 - Bumblebee Mattermost/input_Nickname_nickname'

2019-12-28 22:06:19 - [MESSAGE][PASSED] - Text 'Three' is set on object 'Object Repository/7_Account_Settings/Edit_Nick_Name/Page_1HDHFClGY4 - Bumblebee Mattermost/input_Nickname_nickname'

2019-12-28 22:06:19 - [TEST_STEP][PASSED] - click(findTestObject("Object Repository/7_Account_Settings/Edit_Nick_Name/Page_1HDHFClGY4 - Bumblebee Mattermost/span_Save")): Object: 'Object Repository/7_Account_Settings/Edit_Nick_Name/Page_1HDHFClGY4 - Bumblebee Mattermost/span_Save' is clicked on

2019-12-28 22:06:20 - [MESSAGE][PASSED] - Object: 'Object Repository/7_Account_Settings/Edit_Nick_Name/Page_1HDHFClGY4 - Bumblebee Mattermost/span_Save' is clicked on

2019-12-28 22:06:20 - [TEST_STEP][PASSED] - click(findTestObject("Object Repository/7_Account_Settings/Edit_Nick_Name/Page_1HDHFClGY4 - Bumblebee Mattermost/span_")): Object: 'Object Repository/7_Account_Settings/Edit_Nick_Name/Page_1HDHFClGY4 - Bumblebee Mattermost/span_' is clicked on

2019-12-28 22:06:21 - [MESSAGE][PASSED] - Object: 'Object Repository/7_Account_Settings/Edit_Nick_Name/Page_1HDHFClGY4 - Bumblebee Mattermost/span_' is clicked on

2019-12-28 22:06:21 - [TEST_STEP][NOT_RUN] - closeBrowser(): NOT_RUN: closeBrowser()

2019-12-28 22:06:21 - [MESSAGE][NOT_RUN] - NOT_RUN: closeBrowser()]]></system-out>
         <system-err><![CDATA[]]></system-err>
      </testcase>
      <testcase name="Test Cases/7_Account_Settings/Edit_Nick_Name" time="48.925" classname="Test Cases/7_Account_Settings/Edit_Nick_Name" status="PASSED">
         <system-out><![CDATA[2019-12-28 22:06:21 - [TEST_CASE][PASSED] - Test Cases/7_Account_Settings/Edit_Nick_Name: Test Cases/7_Account_Settings/Edit_Nick_Name

2019-12-28 22:06:21 - [TEST_STEP][PASSED] - openBrowser(""): Browser is opened with url: ''

2019-12-28 22:06:21 - [MESSAGE][PASSED] - Browser is opened with url: ''

2019-12-28 22:06:21 - [TEST_STEP][PASSED] - navigateToUrl("http://localhost:8065/"): Navigate to 'http://localhost:8065/' successfully

2019-12-28 22:06:21 - [MESSAGE][PASSED] - Navigate to 'http://localhost:8065/' successfully

2019-12-28 22:06:21 - [TEST_STEP][PASSED] - click(findTestObject("Object Repository/7_Account_Settings/Edit_Nick_Name/Page_1HDHFClGY4 - Bumblebee Mattermost/svg")): Object: 'Object Repository/7_Account_Settings/Edit_Nick_Name/Page_1HDHFClGY4 - Bumblebee Mattermost/svg' is clicked on

2019-12-28 22:07:04 - [MESSAGE][INFO] - Unable to find the element located by 'By.xpath: (.//*[normalize-space(text()) and normalize-space(.)='@ngocyen'])[1]/following::*[name()='svg'][1]'. Please recheck the objects properties to make sure the desired element is located. 

2019-12-28 22:07:04 - [MESSAGE][INFO] - [SMART_XPATH] Auto-trying out other XPath values in the test object.

2019-12-28 22:07:04 - [MESSAGE][INFO] - [SMART_XPATH] FAILED XPATH: '(.//*[normalize-space(text()) and normalize-space(.)='@ngocyen'])[1]/following::*[name()='svg'][1]'.

2019-12-28 22:07:04 - [MESSAGE][INFO] - [SMART_XPATH] WORKING XPATH: '(.//*[normalize-space(text()) and normalize-space(.)='Bumblebee'])[2]/following::*[name()='svg'][1]'.

2019-12-28 22:07:05 - [MESSAGE][INFO] - [SMART_XPATH] Screenshot: /Users/nguyentri/Desktop/Learn/SoftwareEngineer/mattermost-duo-test/Reports/smart_xpath/Object Repository/7_Account_Settings/Edit_Nick_Name/Page_1HDHFClGY4 - Bumblebee Mattermost/svg_neighbor_40.png

2019-12-28 22:07:05 - [MESSAGE][INFO] - [SMART_XPATH] WORKING XPATH: '(.//*[normalize-space(text()) and normalize-space(.)='More unreads'])[1]/preceding::*[name()='svg'][1]'.

2019-12-28 22:07:05 - [MESSAGE][INFO] - [SMART_XPATH] Screenshot: /Users/nguyentri/Desktop/Learn/SoftwareEngineer/mattermost-duo-test/Reports/smart_xpath/Object Repository/7_Account_Settings/Edit_Nick_Name/Page_1HDHFClGY4 - Bumblebee Mattermost/svg_neighbor_41.png

2019-12-28 22:07:05 - [MESSAGE][INFO] - [SMART_XPATH] WORKING XPATH: '(.//*[normalize-space(text()) and normalize-space(.)='More unreads'])[2]/preceding::*[name()='svg'][2]'.

2019-12-28 22:07:06 - [MESSAGE][INFO] - [SMART_XPATH] Screenshot: /Users/nguyentri/Desktop/Learn/SoftwareEngineer/mattermost-duo-test/Reports/smart_xpath/Object Repository/7_Account_Settings/Edit_Nick_Name/Page_1HDHFClGY4 - Bumblebee Mattermost/svg_neighbor_42.png

2019-12-28 22:07:06 - [MESSAGE][ERROR] - [SMART_XPATH] /Users/nguyentri/Desktop/Learn/SoftwareEngineer/mattermost-duo-test/Reports/smart_xpath/waiting-for-approval.json (No such file or directory)

2019-12-28 22:07:06 - [MESSAGE][ERROR] - [SMART_XPATH] /Users/nguyentri/Desktop/Learn/SoftwareEngineer/mattermost-duo-test/Reports/smart_xpath/waiting-for-approval.json does not exist or is provided by Smart XPath Plugin!

2019-12-28 22:07:06 - [MESSAGE][INFO] - [SMART_XPATH] Selected Smart XPath: '(.//*[normalize-space(text()) and normalize-space(.)='Bumblebee'])[2]/following::*[name()='svg'][1]'.

2019-12-28 22:07:06 - [MESSAGE][INFO] - [SMART_XPATH] Continuing executing the test case!

2019-12-28 22:07:06 - [MESSAGE][PASSED] - Object: 'Object Repository/7_Account_Settings/Edit_Nick_Name/Page_1HDHFClGY4 - Bumblebee Mattermost/svg' is clicked on

2019-12-28 22:07:06 - [TEST_STEP][PASSED] - click(findTestObject("Object Repository/7_Account_Settings/Edit_Nick_Name/Page_1HDHFClGY4 - Bumblebee Mattermost/button_Account Settings")): Object: 'Object Repository/7_Account_Settings/Edit_Nick_Name/Page_1HDHFClGY4 - Bumblebee Mattermost/button_Account Settings' is clicked on

2019-12-28 22:07:07 - [MESSAGE][PASSED] - Object: 'Object Repository/7_Account_Settings/Edit_Nick_Name/Page_1HDHFClGY4 - Bumblebee Mattermost/button_Account Settings' is clicked on

2019-12-28 22:07:07 - [TEST_STEP][PASSED] - click(findTestObject("Object Repository/7_Account_Settings/Edit_Nick_Name/Page_1HDHFClGY4 - Bumblebee Mattermost/span_Edit")): Object: 'Object Repository/7_Account_Settings/Edit_Nick_Name/Page_1HDHFClGY4 - Bumblebee Mattermost/span_Edit' is clicked on

2019-12-28 22:07:08 - [MESSAGE][PASSED] - Object: 'Object Repository/7_Account_Settings/Edit_Nick_Name/Page_1HDHFClGY4 - Bumblebee Mattermost/span_Edit' is clicked on

2019-12-28 22:07:08 - [TEST_STEP][PASSED] - setText(findTestObject("Object Repository/7_Account_Settings/Edit_Nick_Name/Page_1HDHFClGY4 - Bumblebee Mattermost/input_Nickname_nickname"), Nick_name): Text 'Four' is set on object 'Object Repository/7_Account_Settings/Edit_Nick_Name/Page_1HDHFClGY4 - Bumblebee Mattermost/input_Nickname_nickname'

2019-12-28 22:07:08 - [MESSAGE][PASSED] - Text 'Four' is set on object 'Object Repository/7_Account_Settings/Edit_Nick_Name/Page_1HDHFClGY4 - Bumblebee Mattermost/input_Nickname_nickname'

2019-12-28 22:07:08 - [TEST_STEP][PASSED] - click(findTestObject("Object Repository/7_Account_Settings/Edit_Nick_Name/Page_1HDHFClGY4 - Bumblebee Mattermost/span_Save")): Object: 'Object Repository/7_Account_Settings/Edit_Nick_Name/Page_1HDHFClGY4 - Bumblebee Mattermost/span_Save' is clicked on

2019-12-28 22:07:09 - [MESSAGE][PASSED] - Object: 'Object Repository/7_Account_Settings/Edit_Nick_Name/Page_1HDHFClGY4 - Bumblebee Mattermost/span_Save' is clicked on

2019-12-28 22:07:09 - [TEST_STEP][PASSED] - click(findTestObject("Object Repository/7_Account_Settings/Edit_Nick_Name/Page_1HDHFClGY4 - Bumblebee Mattermost/span_")): Object: 'Object Repository/7_Account_Settings/Edit_Nick_Name/Page_1HDHFClGY4 - Bumblebee Mattermost/span_' is clicked on

2019-12-28 22:07:10 - [MESSAGE][PASSED] - Object: 'Object Repository/7_Account_Settings/Edit_Nick_Name/Page_1HDHFClGY4 - Bumblebee Mattermost/span_' is clicked on

2019-12-28 22:07:10 - [TEST_STEP][NOT_RUN] - closeBrowser(): NOT_RUN: closeBrowser()

2019-12-28 22:07:10 - [MESSAGE][NOT_RUN] - NOT_RUN: closeBrowser()]]></system-out>
         <system-err><![CDATA[]]></system-err>
      </testcase>
      <testcase name="Test Cases/7_Account_Settings/Edit_Nick_Name" time="49.949" classname="Test Cases/7_Account_Settings/Edit_Nick_Name" status="PASSED">
         <system-out><![CDATA[2019-12-28 22:07:10 - [TEST_CASE][PASSED] - Test Cases/7_Account_Settings/Edit_Nick_Name: Test Cases/7_Account_Settings/Edit_Nick_Name

2019-12-28 22:07:10 - [TEST_STEP][PASSED] - openBrowser(""): Browser is opened with url: ''

2019-12-28 22:07:10 - [MESSAGE][PASSED] - Browser is opened with url: ''

2019-12-28 22:07:10 - [TEST_STEP][PASSED] - navigateToUrl("http://localhost:8065/"): Navigate to 'http://localhost:8065/' successfully

2019-12-28 22:07:10 - [MESSAGE][PASSED] - Navigate to 'http://localhost:8065/' successfully

2019-12-28 22:07:10 - [TEST_STEP][PASSED] - click(findTestObject("Object Repository/7_Account_Settings/Edit_Nick_Name/Page_1HDHFClGY4 - Bumblebee Mattermost/svg")): Object: 'Object Repository/7_Account_Settings/Edit_Nick_Name/Page_1HDHFClGY4 - Bumblebee Mattermost/svg' is clicked on

2019-12-28 22:07:54 - [MESSAGE][INFO] - Unable to find the element located by 'By.xpath: (.//*[normalize-space(text()) and normalize-space(.)='@ngocyen'])[1]/following::*[name()='svg'][1]'. Please recheck the objects properties to make sure the desired element is located. 

2019-12-28 22:07:54 - [MESSAGE][INFO] - [SMART_XPATH] Auto-trying out other XPath values in the test object.

2019-12-28 22:07:54 - [MESSAGE][INFO] - [SMART_XPATH] FAILED XPATH: '(.//*[normalize-space(text()) and normalize-space(.)='@ngocyen'])[1]/following::*[name()='svg'][1]'.

2019-12-28 22:07:55 - [MESSAGE][INFO] - [SMART_XPATH] WORKING XPATH: '(.//*[normalize-space(text()) and normalize-space(.)='Bumblebee'])[2]/following::*[name()='svg'][1]'.

2019-12-28 22:07:55 - [MESSAGE][INFO] - [SMART_XPATH] Screenshot: /Users/nguyentri/Desktop/Learn/SoftwareEngineer/mattermost-duo-test/Reports/smart_xpath/Object Repository/7_Account_Settings/Edit_Nick_Name/Page_1HDHFClGY4 - Bumblebee Mattermost/svg_neighbor_41.png

2019-12-28 22:07:55 - [MESSAGE][INFO] - [SMART_XPATH] WORKING XPATH: '(.//*[normalize-space(text()) and normalize-space(.)='More unreads'])[1]/preceding::*[name()='svg'][1]'.

2019-12-28 22:07:55 - [MESSAGE][INFO] - [SMART_XPATH] Screenshot: /Users/nguyentri/Desktop/Learn/SoftwareEngineer/mattermost-duo-test/Reports/smart_xpath/Object Repository/7_Account_Settings/Edit_Nick_Name/Page_1HDHFClGY4 - Bumblebee Mattermost/svg_neighbor_42.png

2019-12-28 22:07:55 - [MESSAGE][INFO] - [SMART_XPATH] WORKING XPATH: '(.//*[normalize-space(text()) and normalize-space(.)='More unreads'])[2]/preceding::*[name()='svg'][2]'.

2019-12-28 22:07:56 - [MESSAGE][INFO] - [SMART_XPATH] Screenshot: /Users/nguyentri/Desktop/Learn/SoftwareEngineer/mattermost-duo-test/Reports/smart_xpath/Object Repository/7_Account_Settings/Edit_Nick_Name/Page_1HDHFClGY4 - Bumblebee Mattermost/svg_neighbor_43.png

2019-12-28 22:07:56 - [MESSAGE][ERROR] - [SMART_XPATH] /Users/nguyentri/Desktop/Learn/SoftwareEngineer/mattermost-duo-test/Reports/smart_xpath/waiting-for-approval.json (No such file or directory)

2019-12-28 22:07:56 - [MESSAGE][ERROR] - [SMART_XPATH] /Users/nguyentri/Desktop/Learn/SoftwareEngineer/mattermost-duo-test/Reports/smart_xpath/waiting-for-approval.json does not exist or is provided by Smart XPath Plugin!

2019-12-28 22:07:56 - [MESSAGE][INFO] - [SMART_XPATH] Selected Smart XPath: '(.//*[normalize-space(text()) and normalize-space(.)='Bumblebee'])[2]/following::*[name()='svg'][1]'.

2019-12-28 22:07:56 - [MESSAGE][INFO] - [SMART_XPATH] Continuing executing the test case!

2019-12-28 22:07:56 - [MESSAGE][PASSED] - Object: 'Object Repository/7_Account_Settings/Edit_Nick_Name/Page_1HDHFClGY4 - Bumblebee Mattermost/svg' is clicked on

2019-12-28 22:07:56 - [TEST_STEP][PASSED] - click(findTestObject("Object Repository/7_Account_Settings/Edit_Nick_Name/Page_1HDHFClGY4 - Bumblebee Mattermost/button_Account Settings")): Object: 'Object Repository/7_Account_Settings/Edit_Nick_Name/Page_1HDHFClGY4 - Bumblebee Mattermost/button_Account Settings' is clicked on

2019-12-28 22:07:57 - [MESSAGE][PASSED] - Object: 'Object Repository/7_Account_Settings/Edit_Nick_Name/Page_1HDHFClGY4 - Bumblebee Mattermost/button_Account Settings' is clicked on

2019-12-28 22:07:57 - [TEST_STEP][PASSED] - click(findTestObject("Object Repository/7_Account_Settings/Edit_Nick_Name/Page_1HDHFClGY4 - Bumblebee Mattermost/span_Edit")): Object: 'Object Repository/7_Account_Settings/Edit_Nick_Name/Page_1HDHFClGY4 - Bumblebee Mattermost/span_Edit' is clicked on

2019-12-28 22:07:58 - [MESSAGE][PASSED] - Object: 'Object Repository/7_Account_Settings/Edit_Nick_Name/Page_1HDHFClGY4 - Bumblebee Mattermost/span_Edit' is clicked on

2019-12-28 22:07:58 - [TEST_STEP][PASSED] - setText(findTestObject("Object Repository/7_Account_Settings/Edit_Nick_Name/Page_1HDHFClGY4 - Bumblebee Mattermost/input_Nickname_nickname"), Nick_name): Text 'Five' is set on object 'Object Repository/7_Account_Settings/Edit_Nick_Name/Page_1HDHFClGY4 - Bumblebee Mattermost/input_Nickname_nickname'

2019-12-28 22:07:58 - [MESSAGE][PASSED] - Text 'Five' is set on object 'Object Repository/7_Account_Settings/Edit_Nick_Name/Page_1HDHFClGY4 - Bumblebee Mattermost/input_Nickname_nickname'

2019-12-28 22:07:58 - [TEST_STEP][PASSED] - click(findTestObject("Object Repository/7_Account_Settings/Edit_Nick_Name/Page_1HDHFClGY4 - Bumblebee Mattermost/span_Save")): Object: 'Object Repository/7_Account_Settings/Edit_Nick_Name/Page_1HDHFClGY4 - Bumblebee Mattermost/span_Save' is clicked on

2019-12-28 22:07:59 - [MESSAGE][PASSED] - Object: 'Object Repository/7_Account_Settings/Edit_Nick_Name/Page_1HDHFClGY4 - Bumblebee Mattermost/span_Save' is clicked on

2019-12-28 22:07:59 - [TEST_STEP][PASSED] - click(findTestObject("Object Repository/7_Account_Settings/Edit_Nick_Name/Page_1HDHFClGY4 - Bumblebee Mattermost/span_")): Object: 'Object Repository/7_Account_Settings/Edit_Nick_Name/Page_1HDHFClGY4 - Bumblebee Mattermost/span_' is clicked on

2019-12-28 22:08:00 - [MESSAGE][PASSED] - Object: 'Object Repository/7_Account_Settings/Edit_Nick_Name/Page_1HDHFClGY4 - Bumblebee Mattermost/span_' is clicked on

2019-12-28 22:08:00 - [TEST_STEP][NOT_RUN] - closeBrowser(): NOT_RUN: closeBrowser()

2019-12-28 22:08:00 - [MESSAGE][NOT_RUN] - NOT_RUN: closeBrowser()]]></system-out>
         <system-err><![CDATA[]]></system-err>
      </testcase>
      <testcase name="Test Cases/7_Account_Settings/Edit_Position" time="48.917" classname="Test Cases/7_Account_Settings/Edit_Position" status="PASSED">
         <system-out><![CDATA[2019-12-28 22:08:00 - [TEST_CASE][PASSED] - Test Cases/7_Account_Settings/Edit_Position: Test Cases/7_Account_Settings/Edit_Position

2019-12-28 22:08:00 - [TEST_STEP][PASSED] - openBrowser(""): Browser is opened with url: ''

2019-12-28 22:08:00 - [MESSAGE][PASSED] - Browser is opened with url: ''

2019-12-28 22:08:00 - [TEST_STEP][PASSED] - navigateToUrl("http://localhost:8065/"): Navigate to 'http://localhost:8065/' successfully

2019-12-28 22:08:00 - [MESSAGE][PASSED] - Navigate to 'http://localhost:8065/' successfully

2019-12-28 22:08:00 - [TEST_STEP][PASSED] - click(findTestObject("Object Repository/7_Account_Settings/Edit_Position/Page_1HDHFClGY4 - Bumblebee Mattermost/svg")): Object: 'Object Repository/7_Account_Settings/Edit_Position/Page_1HDHFClGY4 - Bumblebee Mattermost/svg' is clicked on

2019-12-28 22:08:43 - [MESSAGE][INFO] - Unable to find the element located by 'By.xpath: (.//*[normalize-space(text()) and normalize-space(.)='@ngocyen'])[1]/following::*[name()='svg'][1]'. Please recheck the objects properties to make sure the desired element is located. 

2019-12-28 22:08:43 - [MESSAGE][INFO] - [SMART_XPATH] Auto-trying out other XPath values in the test object.

2019-12-28 22:08:43 - [MESSAGE][INFO] - [SMART_XPATH] FAILED XPATH: '(.//*[normalize-space(text()) and normalize-space(.)='@ngocyen'])[1]/following::*[name()='svg'][1]'.

2019-12-28 22:08:44 - [MESSAGE][INFO] - [SMART_XPATH] WORKING XPATH: '(.//*[normalize-space(text()) and normalize-space(.)='Bumblebee'])[2]/following::*[name()='svg'][1]'.

2019-12-28 22:08:44 - [MESSAGE][INFO] - [SMART_XPATH] Screenshot: /Users/nguyentri/Desktop/Learn/SoftwareEngineer/mattermost-duo-test/Reports/smart_xpath/Object Repository/7_Account_Settings/Edit_Position/Page_1HDHFClGY4 - Bumblebee Mattermost/svg_neighbor_42.png

2019-12-28 22:08:44 - [MESSAGE][INFO] - [SMART_XPATH] WORKING XPATH: '(.//*[normalize-space(text()) and normalize-space(.)='More unreads'])[1]/preceding::*[name()='svg'][1]'.

2019-12-28 22:08:44 - [MESSAGE][INFO] - [SMART_XPATH] Screenshot: /Users/nguyentri/Desktop/Learn/SoftwareEngineer/mattermost-duo-test/Reports/smart_xpath/Object Repository/7_Account_Settings/Edit_Position/Page_1HDHFClGY4 - Bumblebee Mattermost/svg_neighbor_43.png

2019-12-28 22:08:44 - [MESSAGE][INFO] - [SMART_XPATH] WORKING XPATH: '(.//*[normalize-space(text()) and normalize-space(.)='More unreads'])[2]/preceding::*[name()='svg'][2]'.

2019-12-28 22:08:45 - [MESSAGE][INFO] - [SMART_XPATH] Screenshot: /Users/nguyentri/Desktop/Learn/SoftwareEngineer/mattermost-duo-test/Reports/smart_xpath/Object Repository/7_Account_Settings/Edit_Position/Page_1HDHFClGY4 - Bumblebee Mattermost/svg_neighbor_44.png

2019-12-28 22:08:45 - [MESSAGE][ERROR] - [SMART_XPATH] /Users/nguyentri/Desktop/Learn/SoftwareEngineer/mattermost-duo-test/Reports/smart_xpath/waiting-for-approval.json (No such file or directory)

2019-12-28 22:08:45 - [MESSAGE][ERROR] - [SMART_XPATH] /Users/nguyentri/Desktop/Learn/SoftwareEngineer/mattermost-duo-test/Reports/smart_xpath/waiting-for-approval.json does not exist or is provided by Smart XPath Plugin!

2019-12-28 22:08:45 - [MESSAGE][INFO] - [SMART_XPATH] Selected Smart XPath: '(.//*[normalize-space(text()) and normalize-space(.)='Bumblebee'])[2]/following::*[name()='svg'][1]'.

2019-12-28 22:08:45 - [MESSAGE][INFO] - [SMART_XPATH] Continuing executing the test case!

2019-12-28 22:08:45 - [MESSAGE][PASSED] - Object: 'Object Repository/7_Account_Settings/Edit_Position/Page_1HDHFClGY4 - Bumblebee Mattermost/svg' is clicked on

2019-12-28 22:08:45 - [TEST_STEP][PASSED] - click(findTestObject("Object Repository/7_Account_Settings/Edit_Position/Page_1HDHFClGY4 - Bumblebee Mattermost/button_Account Settings")): Object: 'Object Repository/7_Account_Settings/Edit_Position/Page_1HDHFClGY4 - Bumblebee Mattermost/button_Account Settings' is clicked on

2019-12-28 22:08:46 - [MESSAGE][PASSED] - Object: 'Object Repository/7_Account_Settings/Edit_Position/Page_1HDHFClGY4 - Bumblebee Mattermost/button_Account Settings' is clicked on

2019-12-28 22:08:46 - [TEST_STEP][PASSED] - click(findTestObject("Object Repository/7_Account_Settings/Edit_Position/Page_1HDHFClGY4 - Bumblebee Mattermost/span_Edit")): Object: 'Object Repository/7_Account_Settings/Edit_Position/Page_1HDHFClGY4 - Bumblebee Mattermost/span_Edit' is clicked on

2019-12-28 22:08:47 - [MESSAGE][PASSED] - Object: 'Object Repository/7_Account_Settings/Edit_Position/Page_1HDHFClGY4 - Bumblebee Mattermost/span_Edit' is clicked on

2019-12-28 22:08:47 - [TEST_STEP][PASSED] - setText(findTestObject("Object Repository/7_Account_Settings/Edit_Position/Page_1HDHFClGY4 - Bumblebee Mattermost/input_Position_position"), Position): Text 'Advidor' is set on object 'Object Repository/7_Account_Settings/Edit_Position/Page_1HDHFClGY4 - Bumblebee Mattermost/input_Position_position'

2019-12-28 22:08:47 - [MESSAGE][PASSED] - Text 'Advidor' is set on object 'Object Repository/7_Account_Settings/Edit_Position/Page_1HDHFClGY4 - Bumblebee Mattermost/input_Position_position'

2019-12-28 22:08:47 - [TEST_STEP][PASSED] - click(findTestObject("Object Repository/7_Account_Settings/Edit_Position/Page_1HDHFClGY4 - Bumblebee Mattermost/span_Save")): Object: 'Object Repository/7_Account_Settings/Edit_Position/Page_1HDHFClGY4 - Bumblebee Mattermost/span_Save' is clicked on

2019-12-28 22:08:48 - [MESSAGE][PASSED] - Object: 'Object Repository/7_Account_Settings/Edit_Position/Page_1HDHFClGY4 - Bumblebee Mattermost/span_Save' is clicked on

2019-12-28 22:08:48 - [TEST_STEP][PASSED] - click(findTestObject("Object Repository/7_Account_Settings/Edit_Position/Page_1HDHFClGY4 - Bumblebee Mattermost/span_")): Object: 'Object Repository/7_Account_Settings/Edit_Position/Page_1HDHFClGY4 - Bumblebee Mattermost/span_' is clicked on

2019-12-28 22:08:48 - [MESSAGE][PASSED] - Object: 'Object Repository/7_Account_Settings/Edit_Position/Page_1HDHFClGY4 - Bumblebee Mattermost/span_' is clicked on

2019-12-28 22:08:49 - [TEST_STEP][NOT_RUN] - closeBrowser(): NOT_RUN: closeBrowser()

2019-12-28 22:08:49 - [MESSAGE][NOT_RUN] - NOT_RUN: closeBrowser()]]></system-out>
         <system-err><![CDATA[]]></system-err>
      </testcase>
      <testcase name="Test Cases/7_Account_Settings/Edit_Position" time="50.36" classname="Test Cases/7_Account_Settings/Edit_Position" status="PASSED">
         <system-out><![CDATA[2019-12-28 22:08:49 - [TEST_CASE][PASSED] - Test Cases/7_Account_Settings/Edit_Position: Test Cases/7_Account_Settings/Edit_Position

2019-12-28 22:08:49 - [TEST_STEP][PASSED] - openBrowser(""): Browser is opened with url: ''

2019-12-28 22:08:49 - [MESSAGE][PASSED] - Browser is opened with url: ''

2019-12-28 22:08:49 - [TEST_STEP][PASSED] - navigateToUrl("http://localhost:8065/"): Navigate to 'http://localhost:8065/' successfully

2019-12-28 22:08:49 - [MESSAGE][PASSED] - Navigate to 'http://localhost:8065/' successfully

2019-12-28 22:08:49 - [TEST_STEP][PASSED] - click(findTestObject("Object Repository/7_Account_Settings/Edit_Position/Page_1HDHFClGY4 - Bumblebee Mattermost/svg")): Object: 'Object Repository/7_Account_Settings/Edit_Position/Page_1HDHFClGY4 - Bumblebee Mattermost/svg' is clicked on

2019-12-28 22:09:33 - [MESSAGE][INFO] - Unable to find the element located by 'By.xpath: (.//*[normalize-space(text()) and normalize-space(.)='@ngocyen'])[1]/following::*[name()='svg'][1]'. Please recheck the objects properties to make sure the desired element is located. 

2019-12-28 22:09:33 - [MESSAGE][INFO] - [SMART_XPATH] Auto-trying out other XPath values in the test object.

2019-12-28 22:09:34 - [MESSAGE][INFO] - [SMART_XPATH] FAILED XPATH: '(.//*[normalize-space(text()) and normalize-space(.)='@ngocyen'])[1]/following::*[name()='svg'][1]'.

2019-12-28 22:09:34 - [MESSAGE][INFO] - [SMART_XPATH] WORKING XPATH: '(.//*[normalize-space(text()) and normalize-space(.)='Bumblebee'])[2]/following::*[name()='svg'][1]'.

2019-12-28 22:09:34 - [MESSAGE][INFO] - [SMART_XPATH] Screenshot: /Users/nguyentri/Desktop/Learn/SoftwareEngineer/mattermost-duo-test/Reports/smart_xpath/Object Repository/7_Account_Settings/Edit_Position/Page_1HDHFClGY4 - Bumblebee Mattermost/svg_neighbor_43.png

2019-12-28 22:09:34 - [MESSAGE][INFO] - [SMART_XPATH] WORKING XPATH: '(.//*[normalize-space(text()) and normalize-space(.)='More unreads'])[1]/preceding::*[name()='svg'][1]'.

2019-12-28 22:09:34 - [MESSAGE][INFO] - [SMART_XPATH] Screenshot: /Users/nguyentri/Desktop/Learn/SoftwareEngineer/mattermost-duo-test/Reports/smart_xpath/Object Repository/7_Account_Settings/Edit_Position/Page_1HDHFClGY4 - Bumblebee Mattermost/svg_neighbor_44.png

2019-12-28 22:09:35 - [MESSAGE][INFO] - [SMART_XPATH] WORKING XPATH: '(.//*[normalize-space(text()) and normalize-space(.)='More unreads'])[2]/preceding::*[name()='svg'][2]'.

2019-12-28 22:09:35 - [MESSAGE][INFO] - [SMART_XPATH] Screenshot: /Users/nguyentri/Desktop/Learn/SoftwareEngineer/mattermost-duo-test/Reports/smart_xpath/Object Repository/7_Account_Settings/Edit_Position/Page_1HDHFClGY4 - Bumblebee Mattermost/svg_neighbor_45.png

2019-12-28 22:09:35 - [MESSAGE][ERROR] - [SMART_XPATH] /Users/nguyentri/Desktop/Learn/SoftwareEngineer/mattermost-duo-test/Reports/smart_xpath/waiting-for-approval.json (No such file or directory)

2019-12-28 22:09:35 - [MESSAGE][ERROR] - [SMART_XPATH] /Users/nguyentri/Desktop/Learn/SoftwareEngineer/mattermost-duo-test/Reports/smart_xpath/waiting-for-approval.json does not exist or is provided by Smart XPath Plugin!

2019-12-28 22:09:35 - [MESSAGE][INFO] - [SMART_XPATH] Selected Smart XPath: '(.//*[normalize-space(text()) and normalize-space(.)='Bumblebee'])[2]/following::*[name()='svg'][1]'.

2019-12-28 22:09:35 - [MESSAGE][INFO] - [SMART_XPATH] Continuing executing the test case!

2019-12-28 22:09:35 - [MESSAGE][PASSED] - Object: 'Object Repository/7_Account_Settings/Edit_Position/Page_1HDHFClGY4 - Bumblebee Mattermost/svg' is clicked on

2019-12-28 22:09:35 - [TEST_STEP][PASSED] - click(findTestObject("Object Repository/7_Account_Settings/Edit_Position/Page_1HDHFClGY4 - Bumblebee Mattermost/button_Account Settings")): Object: 'Object Repository/7_Account_Settings/Edit_Position/Page_1HDHFClGY4 - Bumblebee Mattermost/button_Account Settings' is clicked on

2019-12-28 22:09:36 - [MESSAGE][PASSED] - Object: 'Object Repository/7_Account_Settings/Edit_Position/Page_1HDHFClGY4 - Bumblebee Mattermost/button_Account Settings' is clicked on

2019-12-28 22:09:36 - [TEST_STEP][PASSED] - click(findTestObject("Object Repository/7_Account_Settings/Edit_Position/Page_1HDHFClGY4 - Bumblebee Mattermost/span_Edit")): Object: 'Object Repository/7_Account_Settings/Edit_Position/Page_1HDHFClGY4 - Bumblebee Mattermost/span_Edit' is clicked on

2019-12-28 22:09:37 - [MESSAGE][PASSED] - Object: 'Object Repository/7_Account_Settings/Edit_Position/Page_1HDHFClGY4 - Bumblebee Mattermost/span_Edit' is clicked on

2019-12-28 22:09:37 - [TEST_STEP][PASSED] - setText(findTestObject("Object Repository/7_Account_Settings/Edit_Position/Page_1HDHFClGY4 - Bumblebee Mattermost/input_Position_position"), Position): Text 'Admin' is set on object 'Object Repository/7_Account_Settings/Edit_Position/Page_1HDHFClGY4 - Bumblebee Mattermost/input_Position_position'

2019-12-28 22:09:37 - [MESSAGE][PASSED] - Text 'Admin' is set on object 'Object Repository/7_Account_Settings/Edit_Position/Page_1HDHFClGY4 - Bumblebee Mattermost/input_Position_position'

2019-12-28 22:09:37 - [TEST_STEP][PASSED] - click(findTestObject("Object Repository/7_Account_Settings/Edit_Position/Page_1HDHFClGY4 - Bumblebee Mattermost/span_Save")): Object: 'Object Repository/7_Account_Settings/Edit_Position/Page_1HDHFClGY4 - Bumblebee Mattermost/span_Save' is clicked on

2019-12-28 22:09:38 - [MESSAGE][PASSED] - Object: 'Object Repository/7_Account_Settings/Edit_Position/Page_1HDHFClGY4 - Bumblebee Mattermost/span_Save' is clicked on

2019-12-28 22:09:38 - [TEST_STEP][PASSED] - click(findTestObject("Object Repository/7_Account_Settings/Edit_Position/Page_1HDHFClGY4 - Bumblebee Mattermost/span_")): Object: 'Object Repository/7_Account_Settings/Edit_Position/Page_1HDHFClGY4 - Bumblebee Mattermost/span_' is clicked on

2019-12-28 22:09:39 - [MESSAGE][PASSED] - Object: 'Object Repository/7_Account_Settings/Edit_Position/Page_1HDHFClGY4 - Bumblebee Mattermost/span_' is clicked on

2019-12-28 22:09:39 - [TEST_STEP][NOT_RUN] - closeBrowser(): NOT_RUN: closeBrowser()

2019-12-28 22:09:39 - [MESSAGE][NOT_RUN] - NOT_RUN: closeBrowser()]]></system-out>
         <system-err><![CDATA[]]></system-err>
      </testcase>
      <testcase name="Test Cases/7_Account_Settings/Edit_Position" time="50.328" classname="Test Cases/7_Account_Settings/Edit_Position" status="PASSED">
         <system-out><![CDATA[2019-12-28 22:09:39 - [TEST_CASE][PASSED] - Test Cases/7_Account_Settings/Edit_Position: Test Cases/7_Account_Settings/Edit_Position

2019-12-28 22:09:39 - [TEST_STEP][PASSED] - openBrowser(""): Browser is opened with url: ''

2019-12-28 22:09:39 - [MESSAGE][PASSED] - Browser is opened with url: ''

2019-12-28 22:09:39 - [TEST_STEP][PASSED] - navigateToUrl("http://localhost:8065/"): Navigate to 'http://localhost:8065/' successfully

2019-12-28 22:09:40 - [MESSAGE][PASSED] - Navigate to 'http://localhost:8065/' successfully

2019-12-28 22:09:40 - [TEST_STEP][PASSED] - click(findTestObject("Object Repository/7_Account_Settings/Edit_Position/Page_1HDHFClGY4 - Bumblebee Mattermost/svg")): Object: 'Object Repository/7_Account_Settings/Edit_Position/Page_1HDHFClGY4 - Bumblebee Mattermost/svg' is clicked on

2019-12-28 22:10:24 - [MESSAGE][INFO] - Unable to find the element located by 'By.xpath: (.//*[normalize-space(text()) and normalize-space(.)='@ngocyen'])[1]/following::*[name()='svg'][1]'. Please recheck the objects properties to make sure the desired element is located. 

2019-12-28 22:10:24 - [MESSAGE][INFO] - [SMART_XPATH] Auto-trying out other XPath values in the test object.

2019-12-28 22:10:24 - [MESSAGE][INFO] - [SMART_XPATH] FAILED XPATH: '(.//*[normalize-space(text()) and normalize-space(.)='@ngocyen'])[1]/following::*[name()='svg'][1]'.

2019-12-28 22:10:24 - [MESSAGE][INFO] - [SMART_XPATH] WORKING XPATH: '(.//*[normalize-space(text()) and normalize-space(.)='Bumblebee'])[2]/following::*[name()='svg'][1]'.

2019-12-28 22:10:24 - [MESSAGE][INFO] - [SMART_XPATH] Screenshot: /Users/nguyentri/Desktop/Learn/SoftwareEngineer/mattermost-duo-test/Reports/smart_xpath/Object Repository/7_Account_Settings/Edit_Position/Page_1HDHFClGY4 - Bumblebee Mattermost/svg_neighbor_44.png

2019-12-28 22:10:24 - [MESSAGE][INFO] - [SMART_XPATH] WORKING XPATH: '(.//*[normalize-space(text()) and normalize-space(.)='More unreads'])[1]/preceding::*[name()='svg'][1]'.

2019-12-28 22:10:25 - [MESSAGE][INFO] - [SMART_XPATH] Screenshot: /Users/nguyentri/Desktop/Learn/SoftwareEngineer/mattermost-duo-test/Reports/smart_xpath/Object Repository/7_Account_Settings/Edit_Position/Page_1HDHFClGY4 - Bumblebee Mattermost/svg_neighbor_45.png

2019-12-28 22:10:25 - [MESSAGE][INFO] - [SMART_XPATH] WORKING XPATH: '(.//*[normalize-space(text()) and normalize-space(.)='More unreads'])[2]/preceding::*[name()='svg'][2]'.

2019-12-28 22:10:25 - [MESSAGE][INFO] - [SMART_XPATH] Screenshot: /Users/nguyentri/Desktop/Learn/SoftwareEngineer/mattermost-duo-test/Reports/smart_xpath/Object Repository/7_Account_Settings/Edit_Position/Page_1HDHFClGY4 - Bumblebee Mattermost/svg_neighbor_46.png

2019-12-28 22:10:25 - [MESSAGE][ERROR] - [SMART_XPATH] /Users/nguyentri/Desktop/Learn/SoftwareEngineer/mattermost-duo-test/Reports/smart_xpath/waiting-for-approval.json (No such file or directory)

2019-12-28 22:10:25 - [MESSAGE][ERROR] - [SMART_XPATH] /Users/nguyentri/Desktop/Learn/SoftwareEngineer/mattermost-duo-test/Reports/smart_xpath/waiting-for-approval.json does not exist or is provided by Smart XPath Plugin!

2019-12-28 22:10:25 - [MESSAGE][INFO] - [SMART_XPATH] Selected Smart XPath: '(.//*[normalize-space(text()) and normalize-space(.)='Bumblebee'])[2]/following::*[name()='svg'][1]'.

2019-12-28 22:10:25 - [MESSAGE][INFO] - [SMART_XPATH] Continuing executing the test case!

2019-12-28 22:10:25 - [MESSAGE][PASSED] - Object: 'Object Repository/7_Account_Settings/Edit_Position/Page_1HDHFClGY4 - Bumblebee Mattermost/svg' is clicked on

2019-12-28 22:10:25 - [TEST_STEP][PASSED] - click(findTestObject("Object Repository/7_Account_Settings/Edit_Position/Page_1HDHFClGY4 - Bumblebee Mattermost/button_Account Settings")): Object: 'Object Repository/7_Account_Settings/Edit_Position/Page_1HDHFClGY4 - Bumblebee Mattermost/button_Account Settings' is clicked on

2019-12-28 22:10:26 - [MESSAGE][PASSED] - Object: 'Object Repository/7_Account_Settings/Edit_Position/Page_1HDHFClGY4 - Bumblebee Mattermost/button_Account Settings' is clicked on

2019-12-28 22:10:26 - [TEST_STEP][PASSED] - click(findTestObject("Object Repository/7_Account_Settings/Edit_Position/Page_1HDHFClGY4 - Bumblebee Mattermost/span_Edit")): Object: 'Object Repository/7_Account_Settings/Edit_Position/Page_1HDHFClGY4 - Bumblebee Mattermost/span_Edit' is clicked on

2019-12-28 22:10:27 - [MESSAGE][PASSED] - Object: 'Object Repository/7_Account_Settings/Edit_Position/Page_1HDHFClGY4 - Bumblebee Mattermost/span_Edit' is clicked on

2019-12-28 22:10:27 - [TEST_STEP][PASSED] - setText(findTestObject("Object Repository/7_Account_Settings/Edit_Position/Page_1HDHFClGY4 - Bumblebee Mattermost/input_Position_position"), Position): Text 'Mentor' is set on object 'Object Repository/7_Account_Settings/Edit_Position/Page_1HDHFClGY4 - Bumblebee Mattermost/input_Position_position'

2019-12-28 22:10:28 - [MESSAGE][PASSED] - Text 'Mentor' is set on object 'Object Repository/7_Account_Settings/Edit_Position/Page_1HDHFClGY4 - Bumblebee Mattermost/input_Position_position'

2019-12-28 22:10:28 - [TEST_STEP][PASSED] - click(findTestObject("Object Repository/7_Account_Settings/Edit_Position/Page_1HDHFClGY4 - Bumblebee Mattermost/span_Save")): Object: 'Object Repository/7_Account_Settings/Edit_Position/Page_1HDHFClGY4 - Bumblebee Mattermost/span_Save' is clicked on

2019-12-28 22:10:28 - [MESSAGE][PASSED] - Object: 'Object Repository/7_Account_Settings/Edit_Position/Page_1HDHFClGY4 - Bumblebee Mattermost/span_Save' is clicked on

2019-12-28 22:10:28 - [TEST_STEP][PASSED] - click(findTestObject("Object Repository/7_Account_Settings/Edit_Position/Page_1HDHFClGY4 - Bumblebee Mattermost/span_")): Object: 'Object Repository/7_Account_Settings/Edit_Position/Page_1HDHFClGY4 - Bumblebee Mattermost/span_' is clicked on

2019-12-28 22:10:29 - [MESSAGE][PASSED] - Object: 'Object Repository/7_Account_Settings/Edit_Position/Page_1HDHFClGY4 - Bumblebee Mattermost/span_' is clicked on

2019-12-28 22:10:29 - [TEST_STEP][NOT_RUN] - closeBrowser(): NOT_RUN: closeBrowser()

2019-12-28 22:10:29 - [MESSAGE][NOT_RUN] - NOT_RUN: closeBrowser()]]></system-out>
         <system-err><![CDATA[]]></system-err>
      </testcase>
      <testcase name="Test Cases/7_Account_Settings/Edit_Position" time="49.734" classname="Test Cases/7_Account_Settings/Edit_Position" status="PASSED">
         <system-out><![CDATA[2019-12-28 22:10:29 - [TEST_CASE][PASSED] - Test Cases/7_Account_Settings/Edit_Position: Test Cases/7_Account_Settings/Edit_Position

2019-12-28 22:10:29 - [TEST_STEP][PASSED] - openBrowser(""): Browser is opened with url: ''

2019-12-28 22:10:29 - [MESSAGE][PASSED] - Browser is opened with url: ''

2019-12-28 22:10:29 - [TEST_STEP][PASSED] - navigateToUrl("http://localhost:8065/"): Navigate to 'http://localhost:8065/' successfully

2019-12-28 22:10:30 - [MESSAGE][PASSED] - Navigate to 'http://localhost:8065/' successfully

2019-12-28 22:10:30 - [TEST_STEP][PASSED] - click(findTestObject("Object Repository/7_Account_Settings/Edit_Position/Page_1HDHFClGY4 - Bumblebee Mattermost/svg")): Object: 'Object Repository/7_Account_Settings/Edit_Position/Page_1HDHFClGY4 - Bumblebee Mattermost/svg' is clicked on

2019-12-28 22:11:13 - [MESSAGE][INFO] - Unable to find the element located by 'By.xpath: (.//*[normalize-space(text()) and normalize-space(.)='@ngocyen'])[1]/following::*[name()='svg'][1]'. Please recheck the objects properties to make sure the desired element is located. 

2019-12-28 22:11:13 - [MESSAGE][INFO] - [SMART_XPATH] Auto-trying out other XPath values in the test object.

2019-12-28 22:11:13 - [MESSAGE][INFO] - [SMART_XPATH] FAILED XPATH: '(.//*[normalize-space(text()) and normalize-space(.)='@ngocyen'])[1]/following::*[name()='svg'][1]'.

2019-12-28 22:11:14 - [MESSAGE][INFO] - [SMART_XPATH] WORKING XPATH: '(.//*[normalize-space(text()) and normalize-space(.)='Bumblebee'])[2]/following::*[name()='svg'][1]'.

2019-12-28 22:11:14 - [MESSAGE][INFO] - [SMART_XPATH] Screenshot: /Users/nguyentri/Desktop/Learn/SoftwareEngineer/mattermost-duo-test/Reports/smart_xpath/Object Repository/7_Account_Settings/Edit_Position/Page_1HDHFClGY4 - Bumblebee Mattermost/svg_neighbor_45.png

2019-12-28 22:11:14 - [MESSAGE][INFO] - [SMART_XPATH] WORKING XPATH: '(.//*[normalize-space(text()) and normalize-space(.)='More unreads'])[1]/preceding::*[name()='svg'][1]'.

2019-12-28 22:11:14 - [MESSAGE][INFO] - [SMART_XPATH] Screenshot: /Users/nguyentri/Desktop/Learn/SoftwareEngineer/mattermost-duo-test/Reports/smart_xpath/Object Repository/7_Account_Settings/Edit_Position/Page_1HDHFClGY4 - Bumblebee Mattermost/svg_neighbor_46.png

2019-12-28 22:11:15 - [MESSAGE][INFO] - [SMART_XPATH] WORKING XPATH: '(.//*[normalize-space(text()) and normalize-space(.)='More unreads'])[2]/preceding::*[name()='svg'][2]'.

2019-12-28 22:11:15 - [MESSAGE][INFO] - [SMART_XPATH] Screenshot: /Users/nguyentri/Desktop/Learn/SoftwareEngineer/mattermost-duo-test/Reports/smart_xpath/Object Repository/7_Account_Settings/Edit_Position/Page_1HDHFClGY4 - Bumblebee Mattermost/svg_neighbor_47.png

2019-12-28 22:11:15 - [MESSAGE][ERROR] - [SMART_XPATH] /Users/nguyentri/Desktop/Learn/SoftwareEngineer/mattermost-duo-test/Reports/smart_xpath/waiting-for-approval.json (No such file or directory)

2019-12-28 22:11:15 - [MESSAGE][ERROR] - [SMART_XPATH] /Users/nguyentri/Desktop/Learn/SoftwareEngineer/mattermost-duo-test/Reports/smart_xpath/waiting-for-approval.json does not exist or is provided by Smart XPath Plugin!

2019-12-28 22:11:15 - [MESSAGE][INFO] - [SMART_XPATH] Selected Smart XPath: '(.//*[normalize-space(text()) and normalize-space(.)='Bumblebee'])[2]/following::*[name()='svg'][1]'.

2019-12-28 22:11:15 - [MESSAGE][INFO] - [SMART_XPATH] Continuing executing the test case!

2019-12-28 22:11:15 - [MESSAGE][PASSED] - Object: 'Object Repository/7_Account_Settings/Edit_Position/Page_1HDHFClGY4 - Bumblebee Mattermost/svg' is clicked on

2019-12-28 22:11:15 - [TEST_STEP][PASSED] - click(findTestObject("Object Repository/7_Account_Settings/Edit_Position/Page_1HDHFClGY4 - Bumblebee Mattermost/button_Account Settings")): Object: 'Object Repository/7_Account_Settings/Edit_Position/Page_1HDHFClGY4 - Bumblebee Mattermost/button_Account Settings' is clicked on

2019-12-28 22:11:16 - [MESSAGE][PASSED] - Object: 'Object Repository/7_Account_Settings/Edit_Position/Page_1HDHFClGY4 - Bumblebee Mattermost/button_Account Settings' is clicked on

2019-12-28 22:11:16 - [TEST_STEP][PASSED] - click(findTestObject("Object Repository/7_Account_Settings/Edit_Position/Page_1HDHFClGY4 - Bumblebee Mattermost/span_Edit")): Object: 'Object Repository/7_Account_Settings/Edit_Position/Page_1HDHFClGY4 - Bumblebee Mattermost/span_Edit' is clicked on

2019-12-28 22:11:17 - [MESSAGE][PASSED] - Object: 'Object Repository/7_Account_Settings/Edit_Position/Page_1HDHFClGY4 - Bumblebee Mattermost/span_Edit' is clicked on

2019-12-28 22:11:17 - [TEST_STEP][PASSED] - setText(findTestObject("Object Repository/7_Account_Settings/Edit_Position/Page_1HDHFClGY4 - Bumblebee Mattermost/input_Position_position"), Position): Text 'Mentee' is set on object 'Object Repository/7_Account_Settings/Edit_Position/Page_1HDHFClGY4 - Bumblebee Mattermost/input_Position_position'

2019-12-28 22:11:17 - [MESSAGE][PASSED] - Text 'Mentee' is set on object 'Object Repository/7_Account_Settings/Edit_Position/Page_1HDHFClGY4 - Bumblebee Mattermost/input_Position_position'

2019-12-28 22:11:17 - [TEST_STEP][PASSED] - click(findTestObject("Object Repository/7_Account_Settings/Edit_Position/Page_1HDHFClGY4 - Bumblebee Mattermost/span_Save")): Object: 'Object Repository/7_Account_Settings/Edit_Position/Page_1HDHFClGY4 - Bumblebee Mattermost/span_Save' is clicked on

2019-12-28 22:11:18 - [MESSAGE][PASSED] - Object: 'Object Repository/7_Account_Settings/Edit_Position/Page_1HDHFClGY4 - Bumblebee Mattermost/span_Save' is clicked on

2019-12-28 22:11:18 - [TEST_STEP][PASSED] - click(findTestObject("Object Repository/7_Account_Settings/Edit_Position/Page_1HDHFClGY4 - Bumblebee Mattermost/span_")): Object: 'Object Repository/7_Account_Settings/Edit_Position/Page_1HDHFClGY4 - Bumblebee Mattermost/span_' is clicked on

2019-12-28 22:11:19 - [MESSAGE][PASSED] - Object: 'Object Repository/7_Account_Settings/Edit_Position/Page_1HDHFClGY4 - Bumblebee Mattermost/span_' is clicked on

2019-12-28 22:11:19 - [TEST_STEP][NOT_RUN] - closeBrowser(): NOT_RUN: closeBrowser()

2019-12-28 22:11:19 - [MESSAGE][NOT_RUN] - NOT_RUN: closeBrowser()]]></system-out>
         <system-err><![CDATA[]]></system-err>
      </testcase>
      <testcase name="Test Cases/7_Account_Settings/Edit_Position" time="50.076" classname="Test Cases/7_Account_Settings/Edit_Position" status="PASSED">
         <system-out><![CDATA[2019-12-28 22:11:19 - [TEST_CASE][PASSED] - Test Cases/7_Account_Settings/Edit_Position: Test Cases/7_Account_Settings/Edit_Position

2019-12-28 22:11:19 - [TEST_STEP][PASSED] - openBrowser(""): Browser is opened with url: ''

2019-12-28 22:11:19 - [MESSAGE][PASSED] - Browser is opened with url: ''

2019-12-28 22:11:19 - [TEST_STEP][PASSED] - navigateToUrl("http://localhost:8065/"): Navigate to 'http://localhost:8065/' successfully

2019-12-28 22:11:20 - [MESSAGE][PASSED] - Navigate to 'http://localhost:8065/' successfully

2019-12-28 22:11:20 - [TEST_STEP][PASSED] - click(findTestObject("Object Repository/7_Account_Settings/Edit_Position/Page_1HDHFClGY4 - Bumblebee Mattermost/svg")): Object: 'Object Repository/7_Account_Settings/Edit_Position/Page_1HDHFClGY4 - Bumblebee Mattermost/svg' is clicked on

2019-12-28 22:12:03 - [MESSAGE][INFO] - Unable to find the element located by 'By.xpath: (.//*[normalize-space(text()) and normalize-space(.)='@ngocyen'])[1]/following::*[name()='svg'][1]'. Please recheck the objects properties to make sure the desired element is located. 

2019-12-28 22:12:03 - [MESSAGE][INFO] - [SMART_XPATH] Auto-trying out other XPath values in the test object.

2019-12-28 22:12:03 - [MESSAGE][INFO] - [SMART_XPATH] FAILED XPATH: '(.//*[normalize-space(text()) and normalize-space(.)='@ngocyen'])[1]/following::*[name()='svg'][1]'.

2019-12-28 22:12:04 - [MESSAGE][INFO] - [SMART_XPATH] WORKING XPATH: '(.//*[normalize-space(text()) and normalize-space(.)='Bumblebee'])[2]/following::*[name()='svg'][1]'.

2019-12-28 22:12:04 - [MESSAGE][INFO] - [SMART_XPATH] Screenshot: /Users/nguyentri/Desktop/Learn/SoftwareEngineer/mattermost-duo-test/Reports/smart_xpath/Object Repository/7_Account_Settings/Edit_Position/Page_1HDHFClGY4 - Bumblebee Mattermost/svg_neighbor_46.png

2019-12-28 22:12:04 - [MESSAGE][INFO] - [SMART_XPATH] WORKING XPATH: '(.//*[normalize-space(text()) and normalize-space(.)='More unreads'])[1]/preceding::*[name()='svg'][1]'.

2019-12-28 22:12:04 - [MESSAGE][INFO] - [SMART_XPATH] Screenshot: /Users/nguyentri/Desktop/Learn/SoftwareEngineer/mattermost-duo-test/Reports/smart_xpath/Object Repository/7_Account_Settings/Edit_Position/Page_1HDHFClGY4 - Bumblebee Mattermost/svg_neighbor_47.png

2019-12-28 22:12:05 - [MESSAGE][INFO] - [SMART_XPATH] WORKING XPATH: '(.//*[normalize-space(text()) and normalize-space(.)='More unreads'])[2]/preceding::*[name()='svg'][2]'.

2019-12-28 22:12:05 - [MESSAGE][INFO] - [SMART_XPATH] Screenshot: /Users/nguyentri/Desktop/Learn/SoftwareEngineer/mattermost-duo-test/Reports/smart_xpath/Object Repository/7_Account_Settings/Edit_Position/Page_1HDHFClGY4 - Bumblebee Mattermost/svg_neighbor_48.png

2019-12-28 22:12:05 - [MESSAGE][ERROR] - [SMART_XPATH] /Users/nguyentri/Desktop/Learn/SoftwareEngineer/mattermost-duo-test/Reports/smart_xpath/waiting-for-approval.json (No such file or directory)

2019-12-28 22:12:05 - [MESSAGE][ERROR] - [SMART_XPATH] /Users/nguyentri/Desktop/Learn/SoftwareEngineer/mattermost-duo-test/Reports/smart_xpath/waiting-for-approval.json does not exist or is provided by Smart XPath Plugin!

2019-12-28 22:12:05 - [MESSAGE][INFO] - [SMART_XPATH] Selected Smart XPath: '(.//*[normalize-space(text()) and normalize-space(.)='Bumblebee'])[2]/following::*[name()='svg'][1]'.

2019-12-28 22:12:05 - [MESSAGE][INFO] - [SMART_XPATH] Continuing executing the test case!

2019-12-28 22:12:05 - [MESSAGE][PASSED] - Object: 'Object Repository/7_Account_Settings/Edit_Position/Page_1HDHFClGY4 - Bumblebee Mattermost/svg' is clicked on

2019-12-28 22:12:05 - [TEST_STEP][PASSED] - click(findTestObject("Object Repository/7_Account_Settings/Edit_Position/Page_1HDHFClGY4 - Bumblebee Mattermost/button_Account Settings")): Object: 'Object Repository/7_Account_Settings/Edit_Position/Page_1HDHFClGY4 - Bumblebee Mattermost/button_Account Settings' is clicked on

2019-12-28 22:12:06 - [MESSAGE][PASSED] - Object: 'Object Repository/7_Account_Settings/Edit_Position/Page_1HDHFClGY4 - Bumblebee Mattermost/button_Account Settings' is clicked on

2019-12-28 22:12:06 - [TEST_STEP][PASSED] - click(findTestObject("Object Repository/7_Account_Settings/Edit_Position/Page_1HDHFClGY4 - Bumblebee Mattermost/span_Edit")): Object: 'Object Repository/7_Account_Settings/Edit_Position/Page_1HDHFClGY4 - Bumblebee Mattermost/span_Edit' is clicked on

2019-12-28 22:12:07 - [MESSAGE][PASSED] - Object: 'Object Repository/7_Account_Settings/Edit_Position/Page_1HDHFClGY4 - Bumblebee Mattermost/span_Edit' is clicked on

2019-12-28 22:12:07 - [TEST_STEP][PASSED] - setText(findTestObject("Object Repository/7_Account_Settings/Edit_Position/Page_1HDHFClGY4 - Bumblebee Mattermost/input_Position_position"), Position): Text 'Regulator' is set on object 'Object Repository/7_Account_Settings/Edit_Position/Page_1HDHFClGY4 - Bumblebee Mattermost/input_Position_position'

2019-12-28 22:12:08 - [MESSAGE][PASSED] - Text 'Regulator' is set on object 'Object Repository/7_Account_Settings/Edit_Position/Page_1HDHFClGY4 - Bumblebee Mattermost/input_Position_position'

2019-12-28 22:12:08 - [TEST_STEP][PASSED] - click(findTestObject("Object Repository/7_Account_Settings/Edit_Position/Page_1HDHFClGY4 - Bumblebee Mattermost/span_Save")): Object: 'Object Repository/7_Account_Settings/Edit_Position/Page_1HDHFClGY4 - Bumblebee Mattermost/span_Save' is clicked on

2019-12-28 22:12:08 - [MESSAGE][PASSED] - Object: 'Object Repository/7_Account_Settings/Edit_Position/Page_1HDHFClGY4 - Bumblebee Mattermost/span_Save' is clicked on

2019-12-28 22:12:08 - [TEST_STEP][PASSED] - click(findTestObject("Object Repository/7_Account_Settings/Edit_Position/Page_1HDHFClGY4 - Bumblebee Mattermost/span_")): Object: 'Object Repository/7_Account_Settings/Edit_Position/Page_1HDHFClGY4 - Bumblebee Mattermost/span_' is clicked on

2019-12-28 22:12:09 - [MESSAGE][PASSED] - Object: 'Object Repository/7_Account_Settings/Edit_Position/Page_1HDHFClGY4 - Bumblebee Mattermost/span_' is clicked on

2019-12-28 22:12:09 - [TEST_STEP][NOT_RUN] - closeBrowser(): NOT_RUN: closeBrowser()

2019-12-28 22:12:09 - [MESSAGE][NOT_RUN] - NOT_RUN: closeBrowser()]]></system-out>
         <system-err><![CDATA[]]></system-err>
      </testcase>
      <testcase name="Test Cases/7_Account_Settings/Edit_Reply_Notifications" time="50.722" classname="Test Cases/7_Account_Settings/Edit_Reply_Notifications" status="PASSED">
         <system-out><![CDATA[2019-12-28 22:12:09 - [TEST_CASE][PASSED] - Test Cases/7_Account_Settings/Edit_Reply_Notifications: Test Cases/7_Account_Settings/Edit_Reply_Notifications

2019-12-28 22:12:09 - [TEST_STEP][PASSED] - openBrowser(""): Browser is opened with url: ''

2019-12-28 22:12:10 - [MESSAGE][PASSED] - Browser is opened with url: ''

2019-12-28 22:12:10 - [TEST_STEP][PASSED] - navigateToUrl("http://localhost:8065/"): Navigate to 'http://localhost:8065/' successfully

2019-12-28 22:12:10 - [MESSAGE][PASSED] - Navigate to 'http://localhost:8065/' successfully

2019-12-28 22:12:10 - [TEST_STEP][PASSED] - click(findTestObject("Object Repository/7_Account_Settings/Edit_Email_Notifications/Page_Town Square - TriYenThu Mattermost/svg")): Object: 'Object Repository/7_Account_Settings/Edit_Email_Notifications/Page_Town Square - TriYenThu Mattermost/svg' is clicked on

2019-12-28 22:12:54 - [MESSAGE][INFO] - Unable to find the element located by 'By.xpath: (.//*[normalize-space(text()) and normalize-space(.)='@ngocyen'])[1]/following::*[name()='svg'][1]'. Please recheck the objects properties to make sure the desired element is located. 

2019-12-28 22:12:54 - [MESSAGE][INFO] - [SMART_XPATH] Auto-trying out other XPath values in the test object.

2019-12-28 22:12:54 - [MESSAGE][INFO] - [SMART_XPATH] FAILED XPATH: '(.//*[normalize-space(text()) and normalize-space(.)='@ngocyen'])[1]/following::*[name()='svg'][1]'.

2019-12-28 22:12:54 - [MESSAGE][INFO] - [SMART_XPATH] FAILED XPATH: '(.//*[normalize-space(text()) and normalize-space(.)='TriYenThu'])[2]/following::*[name()='svg'][1]'.

2019-12-28 22:12:54 - [MESSAGE][INFO] - [SMART_XPATH] WORKING XPATH: '(.//*[normalize-space(text()) and normalize-space(.)='More unreads'])[1]/preceding::*[name()='svg'][1]'.

2019-12-28 22:12:55 - [MESSAGE][INFO] - [SMART_XPATH] Screenshot: /Users/nguyentri/Desktop/Learn/SoftwareEngineer/mattermost-duo-test/Reports/smart_xpath/Object Repository/7_Account_Settings/Edit_Email_Notifications/Page_Town Square - TriYenThu Mattermost/svg_neighbor_47.png

2019-12-28 22:12:55 - [MESSAGE][INFO] - [SMART_XPATH] WORKING XPATH: '(.//*[normalize-space(text()) and normalize-space(.)='More unreads'])[2]/preceding::*[name()='svg'][2]'.

2019-12-28 22:12:55 - [MESSAGE][INFO] - [SMART_XPATH] Screenshot: /Users/nguyentri/Desktop/Learn/SoftwareEngineer/mattermost-duo-test/Reports/smart_xpath/Object Repository/7_Account_Settings/Edit_Email_Notifications/Page_Town Square - TriYenThu Mattermost/svg_neighbor_48.png

2019-12-28 22:12:55 - [MESSAGE][ERROR] - [SMART_XPATH] /Users/nguyentri/Desktop/Learn/SoftwareEngineer/mattermost-duo-test/Reports/smart_xpath/waiting-for-approval.json (No such file or directory)

2019-12-28 22:12:55 - [MESSAGE][ERROR] - [SMART_XPATH] /Users/nguyentri/Desktop/Learn/SoftwareEngineer/mattermost-duo-test/Reports/smart_xpath/waiting-for-approval.json does not exist or is provided by Smart XPath Plugin!

2019-12-28 22:12:55 - [MESSAGE][INFO] - [SMART_XPATH] Selected Smart XPath: '(.//*[normalize-space(text()) and normalize-space(.)='More unreads'])[1]/preceding::*[name()='svg'][1]'.

2019-12-28 22:12:55 - [MESSAGE][INFO] - [SMART_XPATH] Continuing executing the test case!

2019-12-28 22:12:55 - [MESSAGE][PASSED] - Object: 'Object Repository/7_Account_Settings/Edit_Email_Notifications/Page_Town Square - TriYenThu Mattermost/svg' is clicked on

2019-12-28 22:12:55 - [TEST_STEP][PASSED] - click(findTestObject("Object Repository/7_Account_Settings/Edit_Email_Notifications/Page_Town Square - TriYenThu Mattermost/button_Account Settings")): Object: 'Object Repository/7_Account_Settings/Edit_Email_Notifications/Page_Town Square - TriYenThu Mattermost/button_Account Settings' is clicked on

2019-12-28 22:12:56 - [MESSAGE][PASSED] - Object: 'Object Repository/7_Account_Settings/Edit_Email_Notifications/Page_Town Square - TriYenThu Mattermost/button_Account Settings' is clicked on

2019-12-28 22:12:56 - [TEST_STEP][PASSED] - click(findTestObject("Object Repository/7_Account_Settings/Edit_Email_Notifications/Page_Town Square - TriYenThu Mattermost/button_Notifications")): Object: 'Object Repository/7_Account_Settings/Edit_Email_Notifications/Page_Town Square - TriYenThu Mattermost/button_Notifications' is clicked on

2019-12-28 22:12:57 - [MESSAGE][PASSED] - Object: 'Object Repository/7_Account_Settings/Edit_Email_Notifications/Page_Town Square - TriYenThu Mattermost/button_Notifications' is clicked on

2019-12-28 22:12:57 - [TEST_STEP][PASSED] - click(findTestObject("Object Repository/7_Account_Settings/Edit_Email_Notifications/Page_Town Square - TriYenThu Mattermost/span_Edit")): Object: 'Object Repository/7_Account_Settings/Edit_Email_Notifications/Page_Town Square - TriYenThu Mattermost/span_Edit' is clicked on

2019-12-28 22:12:58 - [MESSAGE][PASSED] - Object: 'Object Repository/7_Account_Settings/Edit_Email_Notifications/Page_Town Square - TriYenThu Mattermost/span_Edit' is clicked on

2019-12-28 22:12:58 - [TEST_STEP][PASSED] - click(findTestObject("Object Repository/7_Account_Settings/Edit_Email_Notifications/Page_Town Square - TriYenThu Mattermost/input_Reply notifications_commentsNotificat_730a39")): Object: 'Object Repository/7_Account_Settings/Edit_Email_Notifications/Page_Town Square - TriYenThu Mattermost/input_Reply notifications_commentsNotificat_730a39' is clicked on

2019-12-28 22:12:58 - [MESSAGE][PASSED] - Object: 'Object Repository/7_Account_Settings/Edit_Email_Notifications/Page_Town Square - TriYenThu Mattermost/input_Reply notifications_commentsNotificat_730a39' is clicked on

2019-12-28 22:12:58 - [TEST_STEP][PASSED] - click(findTestObject("Object Repository/7_Account_Settings/Edit_Email_Notifications/Page_Town Square - TriYenThu Mattermost/span_Save")): Object: 'Object Repository/7_Account_Settings/Edit_Email_Notifications/Page_Town Square - TriYenThu Mattermost/span_Save' is clicked on

2019-12-28 22:12:59 - [MESSAGE][PASSED] - Object: 'Object Repository/7_Account_Settings/Edit_Email_Notifications/Page_Town Square - TriYenThu Mattermost/span_Save' is clicked on

2019-12-28 22:12:59 - [TEST_STEP][PASSED] - click(findTestObject("Object Repository/7_Account_Settings/Edit_Email_Notifications/Page_Town Square - TriYenThu Mattermost/span_")): Object: 'Object Repository/7_Account_Settings/Edit_Email_Notifications/Page_Town Square - TriYenThu Mattermost/span_' is clicked on

2019-12-28 22:13:00 - [MESSAGE][PASSED] - Object: 'Object Repository/7_Account_Settings/Edit_Email_Notifications/Page_Town Square - TriYenThu Mattermost/span_' is clicked on

2019-12-28 22:13:00 - [TEST_STEP][NOT_RUN] - closeBrowser(): NOT_RUN: closeBrowser()

2019-12-28 22:13:00 - [MESSAGE][NOT_RUN] - NOT_RUN: closeBrowser()]]></system-out>
         <system-err><![CDATA[]]></system-err>
      </testcase>
      <testcase name="Test Cases/7_Account_Settings/Edit_Words_Trigger_Mentions" time="50.424" classname="Test Cases/7_Account_Settings/Edit_Words_Trigger_Mentions" status="PASSED">
         <system-out><![CDATA[2019-12-28 22:13:00 - [TEST_CASE][PASSED] - Test Cases/7_Account_Settings/Edit_Words_Trigger_Mentions: Test Cases/7_Account_Settings/Edit_Words_Trigger_Mentions

2019-12-28 22:13:00 - [TEST_STEP][PASSED] - openBrowser(""): Browser is opened with url: ''

2019-12-28 22:13:00 - [MESSAGE][PASSED] - Browser is opened with url: ''

2019-12-28 22:13:00 - [TEST_STEP][PASSED] - navigateToUrl("http://localhost:8065/"): Navigate to 'http://localhost:8065/' successfully

2019-12-28 22:13:01 - [MESSAGE][PASSED] - Navigate to 'http://localhost:8065/' successfully

2019-12-28 22:13:01 - [TEST_STEP][PASSED] - click(findTestObject("7_Account_Settings/Edit_Words_Trigger_Mentions/Page_Town Square - TriThuYen Mattermost/svg")): Object: 'Object Repository/7_Account_Settings/Edit_Words_Trigger_Mentions/Page_Town Square - TriThuYen Mattermost/svg' is clicked on

2019-12-28 22:13:44 - [MESSAGE][INFO] - Unable to find the element located by 'By.xpath: (.//*[normalize-space(text()) and normalize-space(.)='@ngocyen'])[1]/following::*[name()='svg'][1]'. Please recheck the objects properties to make sure the desired element is located. 

2019-12-28 22:13:44 - [MESSAGE][INFO] - [SMART_XPATH] Auto-trying out other XPath values in the test object.

2019-12-28 22:13:44 - [MESSAGE][INFO] - [SMART_XPATH] FAILED XPATH: '(.//*[normalize-space(text()) and normalize-space(.)='@ngocyen'])[1]/following::*[name()='svg'][1]'.

2019-12-28 22:13:45 - [MESSAGE][INFO] - [SMART_XPATH] FAILED XPATH: '(.//*[normalize-space(text()) and normalize-space(.)='TriThuYen'])[2]/following::*[name()='svg'][1]'.

2019-12-28 22:13:45 - [MESSAGE][INFO] - [SMART_XPATH] WORKING XPATH: '(.//*[normalize-space(text()) and normalize-space(.)='More unreads'])[1]/preceding::*[name()='svg'][1]'.

2019-12-28 22:13:45 - [MESSAGE][INFO] - [SMART_XPATH] Screenshot: /Users/nguyentri/Desktop/Learn/SoftwareEngineer/mattermost-duo-test/Reports/smart_xpath/Object Repository/7_Account_Settings/Edit_Words_Trigger_Mentions/Page_Town Square - TriThuYen Mattermost/svg_neighbor_48.png

2019-12-28 22:13:45 - [MESSAGE][INFO] - [SMART_XPATH] WORKING XPATH: '(.//*[normalize-space(text()) and normalize-space(.)='More unreads'])[2]/preceding::*[name()='svg'][2]'.

2019-12-28 22:13:46 - [MESSAGE][INFO] - [SMART_XPATH] Screenshot: /Users/nguyentri/Desktop/Learn/SoftwareEngineer/mattermost-duo-test/Reports/smart_xpath/Object Repository/7_Account_Settings/Edit_Words_Trigger_Mentions/Page_Town Square - TriThuYen Mattermost/svg_neighbor_49.png

2019-12-28 22:13:46 - [MESSAGE][ERROR] - [SMART_XPATH] /Users/nguyentri/Desktop/Learn/SoftwareEngineer/mattermost-duo-test/Reports/smart_xpath/waiting-for-approval.json (No such file or directory)

2019-12-28 22:13:46 - [MESSAGE][ERROR] - [SMART_XPATH] /Users/nguyentri/Desktop/Learn/SoftwareEngineer/mattermost-duo-test/Reports/smart_xpath/waiting-for-approval.json does not exist or is provided by Smart XPath Plugin!

2019-12-28 22:13:46 - [MESSAGE][INFO] - [SMART_XPATH] Selected Smart XPath: '(.//*[normalize-space(text()) and normalize-space(.)='More unreads'])[1]/preceding::*[name()='svg'][1]'.

2019-12-28 22:13:46 - [MESSAGE][INFO] - [SMART_XPATH] Continuing executing the test case!

2019-12-28 22:13:46 - [MESSAGE][PASSED] - Object: 'Object Repository/7_Account_Settings/Edit_Words_Trigger_Mentions/Page_Town Square - TriThuYen Mattermost/svg' is clicked on

2019-12-28 22:13:46 - [TEST_STEP][PASSED] - click(findTestObject("7_Account_Settings/Edit_Words_Trigger_Mentions/Page_Town Square - TriThuYen Mattermost/button_Account Settings")): Object: 'Object Repository/7_Account_Settings/Edit_Words_Trigger_Mentions/Page_Town Square - TriThuYen Mattermost/button_Account Settings' is clicked on

2019-12-28 22:13:47 - [MESSAGE][PASSED] - Object: 'Object Repository/7_Account_Settings/Edit_Words_Trigger_Mentions/Page_Town Square - TriThuYen Mattermost/button_Account Settings' is clicked on

2019-12-28 22:13:47 - [TEST_STEP][PASSED] - click(findTestObject("7_Account_Settings/Edit_Words_Trigger_Mentions/Page_Town Square - TriThuYen Mattermost/button_Notifications")): Object: 'Object Repository/7_Account_Settings/Edit_Words_Trigger_Mentions/Page_Town Square - TriThuYen Mattermost/button_Notifications' is clicked on

2019-12-28 22:13:48 - [MESSAGE][PASSED] - Object: 'Object Repository/7_Account_Settings/Edit_Words_Trigger_Mentions/Page_Town Square - TriThuYen Mattermost/button_Notifications' is clicked on

2019-12-28 22:13:48 - [TEST_STEP][PASSED] - click(findTestObject("7_Account_Settings/Edit_Words_Trigger_Mentions/Page_Town Square - TriThuYen Mattermost/span_Edit")): Object: 'Object Repository/7_Account_Settings/Edit_Words_Trigger_Mentions/Page_Town Square - TriThuYen Mattermost/span_Edit' is clicked on

2019-12-28 22:13:48 - [MESSAGE][PASSED] - Object: 'Object Repository/7_Account_Settings/Edit_Words_Trigger_Mentions/Page_Town Square - TriThuYen Mattermost/span_Edit' is clicked on

2019-12-28 22:13:48 - [TEST_STEP][PASSED] - setText(findTestObject("7_Account_Settings/Edit_Words_Trigger_Mentions/Page_Town Square - TriThuYen Mattermost/input_Other non-case sensitive words separa_48b795"), "@me"): Text '@me' is set on object 'Object Repository/7_Account_Settings/Edit_Words_Trigger_Mentions/Page_Town Square - TriThuYen Mattermost/input_Other non-case sensitive words separa_48b795'

2019-12-28 22:13:49 - [MESSAGE][PASSED] - Text '@me' is set on object 'Object Repository/7_Account_Settings/Edit_Words_Trigger_Mentions/Page_Town Square - TriThuYen Mattermost/input_Other non-case sensitive words separa_48b795'

2019-12-28 22:13:49 - [TEST_STEP][PASSED] - click(findTestObject("7_Account_Settings/Edit_Words_Trigger_Mentions/Page_Town Square - TriThuYen Mattermost/span_Save")): Object: 'Object Repository/7_Account_Settings/Edit_Words_Trigger_Mentions/Page_Town Square - TriThuYen Mattermost/span_Save' is clicked on

2019-12-28 22:13:50 - [MESSAGE][PASSED] - Object: 'Object Repository/7_Account_Settings/Edit_Words_Trigger_Mentions/Page_Town Square - TriThuYen Mattermost/span_Save' is clicked on

2019-12-28 22:13:50 - [TEST_STEP][PASSED] - click(findTestObject("7_Account_Settings/Edit_Words_Trigger_Mentions/Page_Town Square - TriThuYen Mattermost/span_")): Object: 'Object Repository/7_Account_Settings/Edit_Words_Trigger_Mentions/Page_Town Square - TriThuYen Mattermost/span_' is clicked on

2019-12-28 22:13:50 - [MESSAGE][PASSED] - Object: 'Object Repository/7_Account_Settings/Edit_Words_Trigger_Mentions/Page_Town Square - TriThuYen Mattermost/span_' is clicked on

2019-12-28 22:13:50 - [TEST_STEP][NOT_RUN] - closeBrowser(): NOT_RUN: closeBrowser()

2019-12-28 22:13:50 - [MESSAGE][NOT_RUN] - NOT_RUN: closeBrowser()]]></system-out>
         <system-err><![CDATA[]]></system-err>
      </testcase>
      <system-out><![CDATA[2019-12-28 21:32:09 - [TEST_SUITE][FAILED] - Run_all_test_cases: Test Cases/1_Create_Team/Empty_Name FAILED.
Reason:
com.kms.katalon.core.exception.StepFailedException: Unable to click on object 'Object Repository/1_Create_Team/span_Create a new team'
	at com.kms.katalon.core.webui.keyword.internal.WebUIKeywordMain.stepFailed(WebUIKeywordMain.groovy:64)
	at com.kms.katalon.core.webui.keyword.internal.WebUIKeywordMain.runKeyword(WebUIKeywordMain.groovy:26)
	at com.kms.katalon.core.webui.keyword.builtin.ClickKeyword.click(ClickKeyword.groovy:102)
	at com.kms.katalon.core.webui.keyword.builtin.ClickKeyword.execute(ClickKeyword.groovy:43)
	at com.kms.katalon.core.keyword.internal.KeywordExecutor.executeKeywordForPlatform(KeywordExecutor.groovy:72)
	at com.kms.katalon.core.webui.keyword.WebUiBuiltInKeywords.click(WebUiBuiltInKeywords.groovy:616)
	at com.kms.katalon.core.webui.keyword.WebUiBuiltInKeywords$click$1.call(Unknown Source)
	at Empty_Name.run(Empty_Name:23)
	at com.kms.katalon.core.main.ScriptEngine.run(ScriptEngine.java:194)
	at com.kms.katalon.core.main.ScriptEngine.runScriptAsRawText(ScriptEngine.java:119)
	at com.kms.katalon.core.main.TestCaseExecutor.runScript(TestCaseExecutor.java:337)
	at com.kms.katalon.core.main.TestCaseExecutor.doExecute(TestCaseExecutor.java:328)
	at com.kms.katalon.core.main.TestCaseExecutor.processExecutionPhase(TestCaseExecutor.java:307)
	at com.kms.katalon.core.main.TestCaseExecutor.accessMainPhase(TestCaseExecutor.java:299)
	at com.kms.katalon.core.main.TestCaseExecutor.execute(TestCaseExecutor.java:233)
	at com.kms.katalon.core.main.TestSuiteExecutor.accessTestCaseMainPhase(TestSuiteExecutor.java:169)
	at com.kms.katalon.core.main.TestSuiteExecutor.accessTestSuiteMainPhase(TestSuiteExecutor.java:142)
	at com.kms.katalon.core.main.TestSuiteExecutor.execute(TestSuiteExecutor.java:91)
	at com.kms.katalon.core.main.TestCaseMain.startTestSuite(TestCaseMain.java:157)
	at com.kms.katalon.core.main.TestCaseMain$startTestSuite$0.call(Unknown Source)
	at TempTestSuite1577543522490.run(TempTestSuite1577543522490.groovy:36)
Caused by: com.kms.katalon.core.webui.exception.WebElementNotFoundException: Web element with id: 'Object Repository/1_Create_Team/span_Create a new team' located by 'By.xpath: //a[@id='createNewTeamLink']/span' not found
	at com.kms.katalon.core.webui.common.WebUiCommonHelper.findWebElement(WebUiCommonHelper.java:1154)
	at com.kms.katalon.core.webui.keyword.internal.WebUIAbstractKeyword.findWebElement(WebUIAbstractKeyword.groovy:27)
	at com.kms.katalon.core.webui.keyword.internal.WebUIAbstractKeyword.findWebElement(WebUIAbstractKeyword.groovy:26)
	at com.kms.katalon.core.webui.keyword.builtin.ClickKeyword$_click_closure1.doCall(ClickKeyword.groovy:67)
	at com.kms.katalon.core.webui.keyword.builtin.ClickKeyword$_click_closure1.call(ClickKeyword.groovy)
	at com.kms.katalon.core.webui.keyword.internal.WebUIKeywordMain.runKeyword(WebUIKeywordMain.groovy:20)
	... 19 more]]></system-out>
      <system-err><![CDATA[2019-12-28 21:32:09 - [TEST_SUITE][FAILED] - Run_all_test_cases: Test Cases/1_Create_Team/Empty_Name FAILED.
Reason:
com.kms.katalon.core.exception.StepFailedException: Unable to click on object 'Object Repository/1_Create_Team/span_Create a new team'
	at com.kms.katalon.core.webui.keyword.internal.WebUIKeywordMain.stepFailed(WebUIKeywordMain.groovy:64)
	at com.kms.katalon.core.webui.keyword.internal.WebUIKeywordMain.runKeyword(WebUIKeywordMain.groovy:26)
	at com.kms.katalon.core.webui.keyword.builtin.ClickKeyword.click(ClickKeyword.groovy:102)
	at com.kms.katalon.core.webui.keyword.builtin.ClickKeyword.execute(ClickKeyword.groovy:43)
	at com.kms.katalon.core.keyword.internal.KeywordExecutor.executeKeywordForPlatform(KeywordExecutor.groovy:72)
	at com.kms.katalon.core.webui.keyword.WebUiBuiltInKeywords.click(WebUiBuiltInKeywords.groovy:616)
	at com.kms.katalon.core.webui.keyword.WebUiBuiltInKeywords$click$1.call(Unknown Source)
	at Empty_Name.run(Empty_Name:23)
	at com.kms.katalon.core.main.ScriptEngine.run(ScriptEngine.java:194)
	at com.kms.katalon.core.main.ScriptEngine.runScriptAsRawText(ScriptEngine.java:119)
	at com.kms.katalon.core.main.TestCaseExecutor.runScript(TestCaseExecutor.java:337)
	at com.kms.katalon.core.main.TestCaseExecutor.doExecute(TestCaseExecutor.java:328)
	at com.kms.katalon.core.main.TestCaseExecutor.processExecutionPhase(TestCaseExecutor.java:307)
	at com.kms.katalon.core.main.TestCaseExecutor.accessMainPhase(TestCaseExecutor.java:299)
	at com.kms.katalon.core.main.TestCaseExecutor.execute(TestCaseExecutor.java:233)
	at com.kms.katalon.core.main.TestSuiteExecutor.accessTestCaseMainPhase(TestSuiteExecutor.java:169)
	at com.kms.katalon.core.main.TestSuiteExecutor.accessTestSuiteMainPhase(TestSuiteExecutor.java:142)
	at com.kms.katalon.core.main.TestSuiteExecutor.execute(TestSuiteExecutor.java:91)
	at com.kms.katalon.core.main.TestCaseMain.startTestSuite(TestCaseMain.java:157)
	at com.kms.katalon.core.main.TestCaseMain$startTestSuite$0.call(Unknown Source)
	at TempTestSuite1577543522490.run(TempTestSuite1577543522490.groovy:36)
Caused by: com.kms.katalon.core.webui.exception.WebElementNotFoundException: Web element with id: 'Object Repository/1_Create_Team/span_Create a new team' located by 'By.xpath: //a[@id='createNewTeamLink']/span' not found
	at com.kms.katalon.core.webui.common.WebUiCommonHelper.findWebElement(WebUiCommonHelper.java:1154)
	at com.kms.katalon.core.webui.keyword.internal.WebUIAbstractKeyword.findWebElement(WebUIAbstractKeyword.groovy:27)
	at com.kms.katalon.core.webui.keyword.internal.WebUIAbstractKeyword.findWebElement(WebUIAbstractKeyword.groovy:26)
	at com.kms.katalon.core.webui.keyword.builtin.ClickKeyword$_click_closure1.doCall(ClickKeyword.groovy:67)
	at com.kms.katalon.core.webui.keyword.builtin.ClickKeyword$_click_closure1.call(ClickKeyword.groovy)
	at com.kms.katalon.core.webui.keyword.internal.WebUIKeywordMain.runKeyword(WebUIKeywordMain.groovy:20)
	... 19 more]]></system-err>
   </testsuite>
</testsuites>
