<?xml version="1.0" encoding="UTF-8"?>
<testsuites name="Run_all_test_cases" time="181.793" tests="22" failures="0" errors="0">
   <testsuite name="Run_all_test_cases" tests="22" failures="0" errors="0" time="181.793" timestamp="2019-12-28 14:49:26" hostname="NgocYen - 192.168.1.7" id="Test Suites/Run_all_test_cases">
      <properties>
         <property name="deviceName" value=""/>
         <property name="devicePlatform" value=""/>
         <property name="logFolder" value="D:\\CS300-project\\2 points\\mattermost-duo-test\\Reports\\20191228_144922\\Run_all_test_cases\\20191228_144922"/>
         <property name="logFiles" value="D:\\CS300-project\\2 points\\mattermost-duo-test\\Reports\\20191228_144922\\Run_all_test_cases\\20191228_144922\\execution0.log"/>
         <property name="attachments" value=""/>
         <property name="hostName" value="NgocYen - 192.168.1.7"/>
         <property name="os" value="Windows 10 64bit"/>
         <property name="katalonVersion" value="7.1.2.1"/>
         <property name="browser" value="Edge 17"/>
         <property name="hostAddress" value="192.168.1.7"/>
         <property name="sessionId" value="26947D20-B721-4D6B-B0BD-13809081A468"/>
         <property name="seleniumVersion" value="3.141.59"/>
         <property name="proxyInformation" value="ProxyInformation{proxyOption=NO_PROXY, proxyServerType=HTTP, password=, proxyServerAddress=, proxyServerPort=0, executionList=}"/>
         <property name="platform" value="Windows 10"/>
      </properties>
      <testcase name="Test Cases/6_Team_Settings/Edit_Invite_Code" time="11.481" classname="Test Cases/6_Team_Settings/Edit_Invite_Code" status="PASSED">
         <system-out><![CDATA[2019-12-28 14:49:26 - [TEST_CASE][PASSED] - Test Cases/6_Team_Settings/Edit_Invite_Code: Test Cases/6_Team_Settings/Edit_Invite_Code

2019-12-28 14:49:26 - [TEST_STEP][PASSED] - openBrowser(""): Browser is opened with url: ''

2019-12-28 14:49:27 - [MESSAGE][INFO] - Starting 'Edge' driver

2019-12-28 14:49:28 - [MESSAGE][INFO] - Action delay is set to 0 seconds

2019-12-28 14:49:30 - [MESSAGE][PASSED] - Browser is opened with url: ''

2019-12-28 14:49:30 - [TEST_STEP][PASSED] - navigateToUrl("https://mattermost-duo-test-yen.herokuapp.com/bumblebee/channels/1hdhfclgy4"): Navigate to 'https://mattermost-duo-test-yen.herokuapp.com/bumblebee/channels/1hdhfclgy4' successfully

2019-12-28 14:49:32 - [MESSAGE][PASSED] - Navigate to 'https://mattermost-duo-test-yen.herokuapp.com/bumblebee/channels/1hdhfclgy4' successfully

2019-12-28 14:49:32 - [TEST_STEP][PASSED] - click(findTestObject("Object Repository/6_Team_Settings/Edit_Invite_Code/Page_1HDHFClGY4 - Bumblebee Mattermost/svg")): Object: 'Object Repository/6_Team_Settings/Edit_Invite_Code/Page_1HDHFClGY4 - Bumblebee Mattermost/svg' is clicked on

2019-12-28 14:49:35 - [MESSAGE][PASSED] - Object: 'Object Repository/6_Team_Settings/Edit_Invite_Code/Page_1HDHFClGY4 - Bumblebee Mattermost/svg' is clicked on

2019-12-28 14:49:35 - [TEST_STEP][PASSED] - click(findTestObject("Object Repository/6_Team_Settings/Edit_Invite_Code/Page_1HDHFClGY4 - Bumblebee Mattermost/button_Team Settings")): Object: 'Object Repository/6_Team_Settings/Edit_Invite_Code/Page_1HDHFClGY4 - Bumblebee Mattermost/button_Team Settings' is clicked on

2019-12-28 14:49:36 - [MESSAGE][PASSED] - Object: 'Object Repository/6_Team_Settings/Edit_Invite_Code/Page_1HDHFClGY4 - Bumblebee Mattermost/button_Team Settings' is clicked on

2019-12-28 14:49:36 - [TEST_STEP][PASSED] - click(findTestObject("Object Repository/6_Team_Settings/Edit_Invite_Code/Page_1HDHFClGY4 - Bumblebee Mattermost/span_Edit")): Object: 'Object Repository/6_Team_Settings/Edit_Invite_Code/Page_1HDHFClGY4 - Bumblebee Mattermost/span_Edit' is clicked on

2019-12-28 14:49:36 - [MESSAGE][PASSED] - Object: 'Object Repository/6_Team_Settings/Edit_Invite_Code/Page_1HDHFClGY4 - Bumblebee Mattermost/span_Edit' is clicked on

2019-12-28 14:49:36 - [TEST_STEP][PASSED] - click(findTestObject("Object Repository/6_Team_Settings/Edit_Invite_Code/Page_1HDHFClGY4 - Bumblebee Mattermost/span_Regenerate")): Object: 'Object Repository/6_Team_Settings/Edit_Invite_Code/Page_1HDHFClGY4 - Bumblebee Mattermost/span_Regenerate' is clicked on

2019-12-28 14:49:36 - [MESSAGE][PASSED] - Object: 'Object Repository/6_Team_Settings/Edit_Invite_Code/Page_1HDHFClGY4 - Bumblebee Mattermost/span_Regenerate' is clicked on

2019-12-28 14:49:36 - [TEST_STEP][PASSED] - delay(1): Delayed 1 second(s)

2019-12-28 14:49:37 - [MESSAGE][PASSED] - Delayed 1 second(s)

2019-12-28 14:49:37 - [TEST_STEP][PASSED] - click(findTestObject("Object Repository/6_Team_Settings/Edit_Invite_Code/Page_1HDHFClGY4 - Bumblebee Mattermost/span_")): Object: 'Object Repository/6_Team_Settings/Edit_Invite_Code/Page_1HDHFClGY4 - Bumblebee Mattermost/span_' is clicked on

2019-12-28 14:49:37 - [MESSAGE][PASSED] - Object: 'Object Repository/6_Team_Settings/Edit_Invite_Code/Page_1HDHFClGY4 - Bumblebee Mattermost/span_' is clicked on

2019-12-28 14:49:37 - [TEST_STEP][NOT_RUN] - closeBrowser(): NOT_RUN: closeBrowser()

2019-12-28 14:49:37 - [MESSAGE][NOT_RUN] - NOT_RUN: closeBrowser()]]></system-out>
         <system-err><![CDATA[]]></system-err>
      </testcase>
      <testcase name="Test Cases/6_Team_Settings/Edit_Team_Description" time="8.093" classname="Test Cases/6_Team_Settings/Edit_Team_Description" status="PASSED">
         <system-out><![CDATA[2019-12-28 14:49:37 - [TEST_CASE][PASSED] - Test Cases/6_Team_Settings/Edit_Team_Description: Test Cases/6_Team_Settings/Edit_Team_Description

2019-12-28 14:49:38 - [TEST_STEP][PASSED] - openBrowser(""): Browser is opened with url: ''

2019-12-28 14:49:38 - [MESSAGE][WARNING] - A browser is already opened. Closing browser and opening a new one

2019-12-28 14:49:39 - [MESSAGE][INFO] - Starting 'Edge' driver

2019-12-28 14:49:40 - [MESSAGE][PASSED] - Browser is opened with url: ''

2019-12-28 14:49:40 - [TEST_STEP][PASSED] - navigateToUrl("https://mattermost-duo-test-yen.herokuapp.com/bumblebee/channels/1hdhfclgy4"): Navigate to 'https://mattermost-duo-test-yen.herokuapp.com/bumblebee/channels/1hdhfclgy4' successfully

2019-12-28 14:49:42 - [MESSAGE][PASSED] - Navigate to 'https://mattermost-duo-test-yen.herokuapp.com/bumblebee/channels/1hdhfclgy4' successfully

2019-12-28 14:49:42 - [TEST_STEP][PASSED] - click(findTestObject("Object Repository/6_Team_Settings/Edit_Team_Description/Page_1HDHFClGY4 - Bumblebee Mattermost/svg")): Object: 'Object Repository/6_Team_Settings/Edit_Team_Description/Page_1HDHFClGY4 - Bumblebee Mattermost/svg' is clicked on

2019-12-28 14:49:44 - [MESSAGE][PASSED] - Object: 'Object Repository/6_Team_Settings/Edit_Team_Description/Page_1HDHFClGY4 - Bumblebee Mattermost/svg' is clicked on

2019-12-28 14:49:44 - [TEST_STEP][PASSED] - click(findTestObject("Object Repository/6_Team_Settings/Edit_Team_Description/Page_1HDHFClGY4 - Bumblebee Mattermost/button_Team Settings")): Object: 'Object Repository/6_Team_Settings/Edit_Team_Description/Page_1HDHFClGY4 - Bumblebee Mattermost/button_Team Settings' is clicked on

2019-12-28 14:49:45 - [MESSAGE][PASSED] - Object: 'Object Repository/6_Team_Settings/Edit_Team_Description/Page_1HDHFClGY4 - Bumblebee Mattermost/button_Team Settings' is clicked on

2019-12-28 14:49:45 - [TEST_STEP][PASSED] - click(findTestObject("Object Repository/6_Team_Settings/Edit_Team_Description/Page_1HDHFClGY4 - Bumblebee Mattermost/span_Edit")): Object: 'Object Repository/6_Team_Settings/Edit_Team_Description/Page_1HDHFClGY4 - Bumblebee Mattermost/span_Edit' is clicked on

2019-12-28 14:49:45 - [MESSAGE][PASSED] - Object: 'Object Repository/6_Team_Settings/Edit_Team_Description/Page_1HDHFClGY4 - Bumblebee Mattermost/span_Edit' is clicked on

2019-12-28 14:49:45 - [TEST_STEP][PASSED] - setText(findTestObject("Object Repository/6_Team_Settings/Edit_Team_Description/Page_1HDHFClGY4 - Bumblebee Mattermost/input_Team Description_teamDescription"), "New Description"): Text 'New Description' is set on object 'Object Repository/6_Team_Settings/Edit_Team_Description/Page_1HDHFClGY4 - Bumblebee Mattermost/input_Team Description_teamDescription'

2019-12-28 14:49:45 - [MESSAGE][PASSED] - Text 'New Description' is set on object 'Object Repository/6_Team_Settings/Edit_Team_Description/Page_1HDHFClGY4 - Bumblebee Mattermost/input_Team Description_teamDescription'

2019-12-28 14:49:45 - [TEST_STEP][PASSED] - click(findTestObject("Object Repository/6_Team_Settings/Edit_Team_Description/Page_1HDHFClGY4 - Bumblebee Mattermost/span_Save")): Object: 'Object Repository/6_Team_Settings/Edit_Team_Description/Page_1HDHFClGY4 - Bumblebee Mattermost/span_Save' is clicked on

2019-12-28 14:49:45 - [MESSAGE][PASSED] - Object: 'Object Repository/6_Team_Settings/Edit_Team_Description/Page_1HDHFClGY4 - Bumblebee Mattermost/span_Save' is clicked on

2019-12-28 14:49:45 - [TEST_STEP][PASSED] - click(findTestObject("Object Repository/6_Team_Settings/Edit_Team_Description/Page_1HDHFClGY4 - Bumblebee Mattermost/span_")): Object: 'Object Repository/6_Team_Settings/Edit_Team_Description/Page_1HDHFClGY4 - Bumblebee Mattermost/span_' is clicked on

2019-12-28 14:49:46 - [MESSAGE][PASSED] - Object: 'Object Repository/6_Team_Settings/Edit_Team_Description/Page_1HDHFClGY4 - Bumblebee Mattermost/span_' is clicked on

2019-12-28 14:49:46 - [TEST_STEP][NOT_RUN] - closeBrowser(): NOT_RUN: closeBrowser()

2019-12-28 14:49:46 - [MESSAGE][NOT_RUN] - NOT_RUN: closeBrowser()]]></system-out>
         <system-err><![CDATA[]]></system-err>
      </testcase>
      <testcase name="Test Cases/6_Team_Settings/Edit_Team_Name" time="7.819" classname="Test Cases/6_Team_Settings/Edit_Team_Name" status="PASSED">
         <system-out><![CDATA[2019-12-28 14:49:46 - [TEST_CASE][PASSED] - Test Cases/6_Team_Settings/Edit_Team_Name: Test Cases/6_Team_Settings/Edit_Team_Name

2019-12-28 14:49:46 - [TEST_STEP][PASSED] - openBrowser(""): Browser is opened with url: ''

2019-12-28 14:49:46 - [MESSAGE][WARNING] - A browser is already opened. Closing browser and opening a new one

2019-12-28 14:49:47 - [MESSAGE][INFO] - Starting 'Edge' driver

2019-12-28 14:49:48 - [MESSAGE][PASSED] - Browser is opened with url: ''

2019-12-28 14:49:48 - [TEST_STEP][PASSED] - navigateToUrl("https://mattermost-duo-test-yen.herokuapp.com/ysbx0kffz/channels/town-square"): Navigate to 'https://mattermost-duo-test-yen.herokuapp.com/ysbx0kffz/channels/town-square' successfully

2019-12-28 14:49:50 - [MESSAGE][PASSED] - Navigate to 'https://mattermost-duo-test-yen.herokuapp.com/ysbx0kffz/channels/town-square' successfully

2019-12-28 14:49:50 - [TEST_STEP][PASSED] - click(findTestObject("6_Team_Settings/Edit_Team_Name/Page_Town Square - Ysbx0Kffz1 Mattermost/svg")): Object: 'Object Repository/6_Team_Settings/Edit_Team_Name/Page_Town Square - Ysbx0Kffz1 Mattermost/svg' is clicked on

2019-12-28 14:49:52 - [MESSAGE][PASSED] - Object: 'Object Repository/6_Team_Settings/Edit_Team_Name/Page_Town Square - Ysbx0Kffz1 Mattermost/svg' is clicked on

2019-12-28 14:49:52 - [TEST_STEP][PASSED] - click(findTestObject("6_Team_Settings/Edit_Team_Name/Page_Town Square - Ysbx0Kffz1 Mattermost/button_Team Settings")): Object: 'Object Repository/6_Team_Settings/Edit_Team_Name/Page_Town Square - Ysbx0Kffz1 Mattermost/button_Team Settings' is clicked on

2019-12-28 14:49:53 - [MESSAGE][PASSED] - Object: 'Object Repository/6_Team_Settings/Edit_Team_Name/Page_Town Square - Ysbx0Kffz1 Mattermost/button_Team Settings' is clicked on

2019-12-28 14:49:53 - [TEST_STEP][PASSED] - click(findTestObject("6_Team_Settings/Edit_Team_Name/Page_Town Square - Ysbx0Kffz1 Mattermost/span_Edit")): Object: 'Object Repository/6_Team_Settings/Edit_Team_Name/Page_Town Square - Ysbx0Kffz1 Mattermost/span_Edit' is clicked on

2019-12-28 14:49:53 - [MESSAGE][PASSED] - Object: 'Object Repository/6_Team_Settings/Edit_Team_Name/Page_Town Square - Ysbx0Kffz1 Mattermost/span_Edit' is clicked on

2019-12-28 14:49:53 - [TEST_STEP][PASSED] - setText(findTestObject("6_Team_Settings/Edit_Team_Name/Page_Town Square - Ysbx0Kffz1 Mattermost/input_Team Name_teamName"), "Ysbx0Kffz1"): Text 'Ysbx0Kffz1' is set on object 'Object Repository/6_Team_Settings/Edit_Team_Name/Page_Town Square - Ysbx0Kffz1 Mattermost/input_Team Name_teamName'

2019-12-28 14:49:53 - [MESSAGE][PASSED] - Text 'Ysbx0Kffz1' is set on object 'Object Repository/6_Team_Settings/Edit_Team_Name/Page_Town Square - Ysbx0Kffz1 Mattermost/input_Team Name_teamName'

2019-12-28 14:49:53 - [TEST_STEP][PASSED] - sendKeys(findTestObject("6_Team_Settings/Edit_Team_Name/Page_Town Square - Ysbx0Kffz1 Mattermost/input_Team Name_teamName"), Keys.chord(ENTER)): Keys 'ENTER + ' sent to object: 'Object Repository/6_Team_Settings/Edit_Team_Name/Page_Town Square - Ysbx0Kffz1 Mattermost/input_Team Name_teamName'

2019-12-28 14:49:53 - [MESSAGE][PASSED] - Keys 'ENTER + ' sent to object: 'Object Repository/6_Team_Settings/Edit_Team_Name/Page_Town Square - Ysbx0Kffz1 Mattermost/input_Team Name_teamName'

2019-12-28 14:49:53 - [TEST_STEP][PASSED] - click(findTestObject("6_Team_Settings/Edit_Team_Name/Page_Town Square - Ysbx0Kffz Mattermost/span_")): Object: 'Object Repository/6_Team_Settings/Edit_Team_Name/Page_Town Square - Ysbx0Kffz Mattermost/span_' is clicked on

2019-12-28 14:49:53 - [MESSAGE][PASSED] - Object: 'Object Repository/6_Team_Settings/Edit_Team_Name/Page_Town Square - Ysbx0Kffz Mattermost/span_' is clicked on

2019-12-28 14:49:53 - [TEST_STEP][NOT_RUN] - closeBrowser(): NOT_RUN: closeBrowser()

2019-12-28 14:49:53 - [MESSAGE][NOT_RUN] - NOT_RUN: closeBrowser()]]></system-out>
         <system-err><![CDATA[]]></system-err>
      </testcase>
      <testcase name="Test Cases/7_Account_Settings/Edit_Desktop_Notification" time="8.041" classname="Test Cases/7_Account_Settings/Edit_Desktop_Notification" status="PASSED">
         <system-out><![CDATA[2019-12-28 14:49:53 - [TEST_CASE][PASSED] - Test Cases/7_Account_Settings/Edit_Desktop_Notification: Test Cases/7_Account_Settings/Edit_Desktop_Notification

2019-12-28 14:49:54 - [TEST_STEP][PASSED] - openBrowser(""): Browser is opened with url: ''

2019-12-28 14:49:54 - [MESSAGE][WARNING] - A browser is already opened. Closing browser and opening a new one

2019-12-28 14:49:55 - [MESSAGE][INFO] - Starting 'Edge' driver

2019-12-28 14:49:56 - [MESSAGE][PASSED] - Browser is opened with url: ''

2019-12-28 14:49:56 - [TEST_STEP][PASSED] - navigateToUrl("https://mattermost-duo-test-yen.herokuapp.com/bumblebee/channels/1hdhfclgy4"): Navigate to 'https://mattermost-duo-test-yen.herokuapp.com/bumblebee/channels/1hdhfclgy4' successfully

2019-12-28 14:49:57 - [MESSAGE][PASSED] - Navigate to 'https://mattermost-duo-test-yen.herokuapp.com/bumblebee/channels/1hdhfclgy4' successfully

2019-12-28 14:49:57 - [TEST_STEP][PASSED] - click(findTestObject("Object Repository/7_Account_Settings/Edit_Desktop_Notifications/Page_1HDHFClGY4 - Bumblebee Mattermost/svg")): Object: 'Object Repository/7_Account_Settings/Edit_Desktop_Notifications/Page_1HDHFClGY4 - Bumblebee Mattermost/svg' is clicked on

2019-12-28 14:50:00 - [MESSAGE][PASSED] - Object: 'Object Repository/7_Account_Settings/Edit_Desktop_Notifications/Page_1HDHFClGY4 - Bumblebee Mattermost/svg' is clicked on

2019-12-28 14:50:00 - [TEST_STEP][PASSED] - click(findTestObject("Object Repository/7_Account_Settings/Edit_Desktop_Notifications/Page_1HDHFClGY4 - Bumblebee Mattermost/button_Account Settings")): Object: 'Object Repository/7_Account_Settings/Edit_Desktop_Notifications/Page_1HDHFClGY4 - Bumblebee Mattermost/button_Account Settings' is clicked on

2019-12-28 14:50:00 - [MESSAGE][PASSED] - Object: 'Object Repository/7_Account_Settings/Edit_Desktop_Notifications/Page_1HDHFClGY4 - Bumblebee Mattermost/button_Account Settings' is clicked on

2019-12-28 14:50:00 - [TEST_STEP][PASSED] - click(findTestObject("Object Repository/7_Account_Settings/Edit_Desktop_Notifications/Page_1HDHFClGY4 - Bumblebee Mattermost/button_Notifications")): Object: 'Object Repository/7_Account_Settings/Edit_Desktop_Notifications/Page_1HDHFClGY4 - Bumblebee Mattermost/button_Notifications' is clicked on

2019-12-28 14:50:01 - [MESSAGE][PASSED] - Object: 'Object Repository/7_Account_Settings/Edit_Desktop_Notifications/Page_1HDHFClGY4 - Bumblebee Mattermost/button_Notifications' is clicked on

2019-12-28 14:50:01 - [TEST_STEP][PASSED] - click(findTestObject("Object Repository/7_Account_Settings/Edit_Desktop_Notifications/Page_1HDHFClGY4 - Bumblebee Mattermost/span_Edit")): Object: 'Object Repository/7_Account_Settings/Edit_Desktop_Notifications/Page_1HDHFClGY4 - Bumblebee Mattermost/span_Edit' is clicked on

2019-12-28 14:50:01 - [MESSAGE][PASSED] - Object: 'Object Repository/7_Account_Settings/Edit_Desktop_Notifications/Page_1HDHFClGY4 - Bumblebee Mattermost/span_Edit' is clicked on

2019-12-28 14:50:01 - [TEST_STEP][PASSED] - click(findTestObject("Object Repository/7_Account_Settings/Edit_Desktop_Notifications/Page_1HDHFClGY4 - Bumblebee Mattermost/input_Only for mentions and direct messages_6c3783")): Object: 'Object Repository/7_Account_Settings/Edit_Desktop_Notifications/Page_1HDHFClGY4 - Bumblebee Mattermost/input_Only for mentions and direct messages_6c3783' is clicked on

2019-12-28 14:50:01 - [MESSAGE][PASSED] - Object: 'Object Repository/7_Account_Settings/Edit_Desktop_Notifications/Page_1HDHFClGY4 - Bumblebee Mattermost/input_Only for mentions and direct messages_6c3783' is clicked on

2019-12-28 14:50:01 - [TEST_STEP][PASSED] - click(findTestObject("Object Repository/7_Account_Settings/Edit_Desktop_Notifications/Page_1HDHFClGY4 - Bumblebee Mattermost/span_Save")): Object: 'Object Repository/7_Account_Settings/Edit_Desktop_Notifications/Page_1HDHFClGY4 - Bumblebee Mattermost/span_Save' is clicked on

2019-12-28 14:50:01 - [MESSAGE][PASSED] - Object: 'Object Repository/7_Account_Settings/Edit_Desktop_Notifications/Page_1HDHFClGY4 - Bumblebee Mattermost/span_Save' is clicked on

2019-12-28 14:50:01 - [TEST_STEP][PASSED] - click(findTestObject("Object Repository/7_Account_Settings/Edit_Desktop_Notifications/Page_1HDHFClGY4 - Bumblebee Mattermost/span_")): Object: 'Object Repository/7_Account_Settings/Edit_Desktop_Notifications/Page_1HDHFClGY4 - Bumblebee Mattermost/span_' is clicked on

2019-12-28 14:50:01 - [MESSAGE][PASSED] - Object: 'Object Repository/7_Account_Settings/Edit_Desktop_Notifications/Page_1HDHFClGY4 - Bumblebee Mattermost/span_' is clicked on

2019-12-28 14:50:01 - [TEST_STEP][NOT_RUN] - closeBrowser(): NOT_RUN: closeBrowser()

2019-12-28 14:50:01 - [MESSAGE][NOT_RUN] - NOT_RUN: closeBrowser()]]></system-out>
         <system-err><![CDATA[]]></system-err>
      </testcase>
      <testcase name="Test Cases/7_Account_Settings/Edit_Email" time="8.203" classname="Test Cases/7_Account_Settings/Edit_Email" status="PASSED">
         <system-out><![CDATA[2019-12-28 14:50:01 - [TEST_CASE][PASSED] - Test Cases/7_Account_Settings/Edit_Email: Test Cases/7_Account_Settings/Edit_Email

2019-12-28 14:50:02 - [TEST_STEP][PASSED] - openBrowser(""): Browser is opened with url: ''

2019-12-28 14:50:02 - [MESSAGE][WARNING] - A browser is already opened. Closing browser and opening a new one

2019-12-28 14:50:03 - [MESSAGE][INFO] - Starting 'Edge' driver

2019-12-28 14:50:04 - [MESSAGE][PASSED] - Browser is opened with url: ''

2019-12-28 14:50:04 - [TEST_STEP][PASSED] - navigateToUrl("https://mattermost-duo-test-yen.herokuapp.com/bumblebee/channels/1hdhfclgy4"): Navigate to 'https://mattermost-duo-test-yen.herokuapp.com/bumblebee/channels/1hdhfclgy4' successfully

2019-12-28 14:50:06 - [MESSAGE][PASSED] - Navigate to 'https://mattermost-duo-test-yen.herokuapp.com/bumblebee/channels/1hdhfclgy4' successfully

2019-12-28 14:50:06 - [TEST_STEP][PASSED] - click(findTestObject("Object Repository/7_Account_Settings/Edit_Email/Page_1HDHFClGY4 - Bumblebee Mattermost/svg")): Object: 'Object Repository/7_Account_Settings/Edit_Email/Page_1HDHFClGY4 - Bumblebee Mattermost/svg' is clicked on

2019-12-28 14:50:08 - [MESSAGE][PASSED] - Object: 'Object Repository/7_Account_Settings/Edit_Email/Page_1HDHFClGY4 - Bumblebee Mattermost/svg' is clicked on

2019-12-28 14:50:08 - [TEST_STEP][PASSED] - click(findTestObject("Object Repository/7_Account_Settings/Edit_Email/Page_1HDHFClGY4 - Bumblebee Mattermost/button_Account Settings")): Object: 'Object Repository/7_Account_Settings/Edit_Email/Page_1HDHFClGY4 - Bumblebee Mattermost/button_Account Settings' is clicked on

2019-12-28 14:50:08 - [MESSAGE][PASSED] - Object: 'Object Repository/7_Account_Settings/Edit_Email/Page_1HDHFClGY4 - Bumblebee Mattermost/button_Account Settings' is clicked on

2019-12-28 14:50:08 - [TEST_STEP][PASSED] - click(findTestObject("Object Repository/7_Account_Settings/Edit_Email/Page_1HDHFClGY4 - Bumblebee Mattermost/span_Edit")): Object: 'Object Repository/7_Account_Settings/Edit_Email/Page_1HDHFClGY4 - Bumblebee Mattermost/span_Edit' is clicked on

2019-12-28 14:50:09 - [MESSAGE][PASSED] - Object: 'Object Repository/7_Account_Settings/Edit_Email/Page_1HDHFClGY4 - Bumblebee Mattermost/span_Edit' is clicked on

2019-12-28 14:50:09 - [TEST_STEP][PASSED] - setText(findTestObject("Object Repository/7_Account_Settings/Edit_Email/Page_1HDHFClGY4 - Bumblebee Mattermost/input_New Email_primaryEmail"), "new_email@gmail.com"): Text 'new_email@gmail.com' is set on object 'Object Repository/7_Account_Settings/Edit_Email/Page_1HDHFClGY4 - Bumblebee Mattermost/input_New Email_primaryEmail'

2019-12-28 14:50:09 - [MESSAGE][PASSED] - Text 'new_email@gmail.com' is set on object 'Object Repository/7_Account_Settings/Edit_Email/Page_1HDHFClGY4 - Bumblebee Mattermost/input_New Email_primaryEmail'

2019-12-28 14:50:09 - [TEST_STEP][PASSED] - setText(findTestObject("Object Repository/7_Account_Settings/Edit_Email/Page_1HDHFClGY4 - Bumblebee Mattermost/input_Confirm Email_confirmEmail"), "new_email@gmail.com"): Text 'new_email@gmail.com' is set on object 'Object Repository/7_Account_Settings/Edit_Email/Page_1HDHFClGY4 - Bumblebee Mattermost/input_Confirm Email_confirmEmail'

2019-12-28 14:50:09 - [MESSAGE][PASSED] - Text 'new_email@gmail.com' is set on object 'Object Repository/7_Account_Settings/Edit_Email/Page_1HDHFClGY4 - Bumblebee Mattermost/input_Confirm Email_confirmEmail'

2019-12-28 14:50:09 - [TEST_STEP][PASSED] - setEncryptedText(findTestObject("Object Repository/7_Account_Settings/Edit_Email/Page_1HDHFClGY4 - Bumblebee Mattermost/input_Current Password_currentPassword"), "o2DLlA8X+7c="): Text ****** has been set on object 'Object Repository/7_Account_Settings/Edit_Email/Page_1HDHFClGY4 - Bumblebee Mattermost/input_Current Password_currentPassword'

2019-12-28 14:50:09 - [MESSAGE][PASSED] - Text ****** has been set on object 'Object Repository/7_Account_Settings/Edit_Email/Page_1HDHFClGY4 - Bumblebee Mattermost/input_Current Password_currentPassword'

2019-12-28 14:50:09 - [TEST_STEP][PASSED] - click(findTestObject("Object Repository/7_Account_Settings/Edit_Email/Page_1HDHFClGY4 - Bumblebee Mattermost/span_Save")): Object: 'Object Repository/7_Account_Settings/Edit_Email/Page_1HDHFClGY4 - Bumblebee Mattermost/span_Save' is clicked on

2019-12-28 14:50:10 - [MESSAGE][PASSED] - Object: 'Object Repository/7_Account_Settings/Edit_Email/Page_1HDHFClGY4 - Bumblebee Mattermost/span_Save' is clicked on

2019-12-28 14:50:10 - [TEST_STEP][PASSED] - click(findTestObject("Object Repository/7_Account_Settings/Edit_Email/Page_1HDHFClGY4 - Bumblebee Mattermost/span_")): Object: 'Object Repository/7_Account_Settings/Edit_Email/Page_1HDHFClGY4 - Bumblebee Mattermost/span_' is clicked on

2019-12-28 14:50:10 - [MESSAGE][PASSED] - Object: 'Object Repository/7_Account_Settings/Edit_Email/Page_1HDHFClGY4 - Bumblebee Mattermost/span_' is clicked on

2019-12-28 14:50:10 - [TEST_STEP][NOT_RUN] - closeBrowser(): NOT_RUN: closeBrowser()

2019-12-28 14:50:10 - [MESSAGE][NOT_RUN] - NOT_RUN: closeBrowser()]]></system-out>
         <system-err><![CDATA[]]></system-err>
      </testcase>
      <testcase name="Test Cases/7_Account_Settings/Edit_Full_Name" time="8.214" classname="Test Cases/7_Account_Settings/Edit_Full_Name" status="PASSED">
         <system-out><![CDATA[2019-12-28 14:50:10 - [TEST_CASE][PASSED] - Test Cases/7_Account_Settings/Edit_Full_Name: Test Cases/7_Account_Settings/Edit_Full_Name

2019-12-28 14:50:10 - [TEST_STEP][PASSED] - openBrowser(""): Browser is opened with url: ''

2019-12-28 14:50:10 - [MESSAGE][WARNING] - A browser is already opened. Closing browser and opening a new one

2019-12-28 14:50:11 - [MESSAGE][INFO] - Starting 'Edge' driver

2019-12-28 14:50:12 - [MESSAGE][PASSED] - Browser is opened with url: ''

2019-12-28 14:50:12 - [TEST_STEP][PASSED] - navigateToUrl("https://mattermost-duo-test-yen.herokuapp.com/bumblebee/channels/1hdhfclgy4"): Navigate to 'https://mattermost-duo-test-yen.herokuapp.com/bumblebee/channels/1hdhfclgy4' successfully

2019-12-28 14:50:14 - [MESSAGE][PASSED] - Navigate to 'https://mattermost-duo-test-yen.herokuapp.com/bumblebee/channels/1hdhfclgy4' successfully

2019-12-28 14:50:14 - [TEST_STEP][PASSED] - click(findTestObject("Object Repository/7_Account_Settings/Edit_Full_Name/Page_1HDHFClGY4 - Bumblebee Mattermost/svg")): Object: 'Object Repository/7_Account_Settings/Edit_Full_Name/Page_1HDHFClGY4 - Bumblebee Mattermost/svg' is clicked on

2019-12-28 14:50:16 - [MESSAGE][PASSED] - Object: 'Object Repository/7_Account_Settings/Edit_Full_Name/Page_1HDHFClGY4 - Bumblebee Mattermost/svg' is clicked on

2019-12-28 14:50:16 - [TEST_STEP][PASSED] - click(findTestObject("Object Repository/7_Account_Settings/Edit_Full_Name/Page_1HDHFClGY4 - Bumblebee Mattermost/button_Account Settings")): Object: 'Object Repository/7_Account_Settings/Edit_Full_Name/Page_1HDHFClGY4 - Bumblebee Mattermost/button_Account Settings' is clicked on

2019-12-28 14:50:17 - [MESSAGE][PASSED] - Object: 'Object Repository/7_Account_Settings/Edit_Full_Name/Page_1HDHFClGY4 - Bumblebee Mattermost/button_Account Settings' is clicked on

2019-12-28 14:50:17 - [TEST_STEP][PASSED] - click(findTestObject("Object Repository/7_Account_Settings/Edit_Full_Name/Page_1HDHFClGY4 - Bumblebee Mattermost/span_Edit")): Object: 'Object Repository/7_Account_Settings/Edit_Full_Name/Page_1HDHFClGY4 - Bumblebee Mattermost/span_Edit' is clicked on

2019-12-28 14:50:18 - [MESSAGE][PASSED] - Object: 'Object Repository/7_Account_Settings/Edit_Full_Name/Page_1HDHFClGY4 - Bumblebee Mattermost/span_Edit' is clicked on

2019-12-28 14:50:18 - [TEST_STEP][PASSED] - setText(findTestObject("Object Repository/7_Account_Settings/Edit_Full_Name/Page_1HDHFClGY4 - Bumblebee Mattermost/input_First Name_firstName"), First_name): Text 'Bunny' is set on object 'Object Repository/7_Account_Settings/Edit_Full_Name/Page_1HDHFClGY4 - Bumblebee Mattermost/input_First Name_firstName'

2019-12-28 14:50:18 - [MESSAGE][PASSED] - Text 'Bunny' is set on object 'Object Repository/7_Account_Settings/Edit_Full_Name/Page_1HDHFClGY4 - Bumblebee Mattermost/input_First Name_firstName'

2019-12-28 14:50:18 - [TEST_STEP][PASSED] - setText(findTestObject("Object Repository/7_Account_Settings/Edit_Full_Name/Page_1HDHFClGY4 - Bumblebee Mattermost/input_Last Name_lastName"), Last_name): Text 'Rabbit' is set on object 'Object Repository/7_Account_Settings/Edit_Full_Name/Page_1HDHFClGY4 - Bumblebee Mattermost/input_Last Name_lastName'

2019-12-28 14:50:18 - [MESSAGE][PASSED] - Text 'Rabbit' is set on object 'Object Repository/7_Account_Settings/Edit_Full_Name/Page_1HDHFClGY4 - Bumblebee Mattermost/input_Last Name_lastName'

2019-12-28 14:50:18 - [TEST_STEP][PASSED] - click(findTestObject("Object Repository/7_Account_Settings/Edit_Full_Name/Page_1HDHFClGY4 - Bumblebee Mattermost/span_Save")): Object: 'Object Repository/7_Account_Settings/Edit_Full_Name/Page_1HDHFClGY4 - Bumblebee Mattermost/span_Save' is clicked on

2019-12-28 14:50:18 - [MESSAGE][PASSED] - Object: 'Object Repository/7_Account_Settings/Edit_Full_Name/Page_1HDHFClGY4 - Bumblebee Mattermost/span_Save' is clicked on

2019-12-28 14:50:18 - [TEST_STEP][PASSED] - click(findTestObject("Object Repository/7_Account_Settings/Edit_Full_Name/Page_1HDHFClGY4 - Bumblebee Mattermost/span_")): Object: 'Object Repository/7_Account_Settings/Edit_Full_Name/Page_1HDHFClGY4 - Bumblebee Mattermost/span_' is clicked on

2019-12-28 14:50:18 - [MESSAGE][PASSED] - Object: 'Object Repository/7_Account_Settings/Edit_Full_Name/Page_1HDHFClGY4 - Bumblebee Mattermost/span_' is clicked on

2019-12-28 14:50:18 - [TEST_STEP][NOT_RUN] - closeBrowser(): NOT_RUN: closeBrowser()

2019-12-28 14:50:18 - [MESSAGE][NOT_RUN] - NOT_RUN: closeBrowser()]]></system-out>
         <system-err><![CDATA[]]></system-err>
      </testcase>
      <testcase name="Test Cases/7_Account_Settings/Edit_Full_Name" time="8.629" classname="Test Cases/7_Account_Settings/Edit_Full_Name" status="PASSED">
         <system-out><![CDATA[2019-12-28 14:50:18 - [TEST_CASE][PASSED] - Test Cases/7_Account_Settings/Edit_Full_Name: Test Cases/7_Account_Settings/Edit_Full_Name

2019-12-28 14:50:18 - [TEST_STEP][PASSED] - openBrowser(""): Browser is opened with url: ''

2019-12-28 14:50:18 - [MESSAGE][WARNING] - A browser is already opened. Closing browser and opening a new one

2019-12-28 14:50:19 - [MESSAGE][INFO] - Starting 'Edge' driver

2019-12-28 14:50:20 - [MESSAGE][PASSED] - Browser is opened with url: ''

2019-12-28 14:50:20 - [TEST_STEP][PASSED] - navigateToUrl("https://mattermost-duo-test-yen.herokuapp.com/bumblebee/channels/1hdhfclgy4"): Navigate to 'https://mattermost-duo-test-yen.herokuapp.com/bumblebee/channels/1hdhfclgy4' successfully

2019-12-28 14:50:22 - [MESSAGE][PASSED] - Navigate to 'https://mattermost-duo-test-yen.herokuapp.com/bumblebee/channels/1hdhfclgy4' successfully

2019-12-28 14:50:22 - [TEST_STEP][PASSED] - click(findTestObject("Object Repository/7_Account_Settings/Edit_Full_Name/Page_1HDHFClGY4 - Bumblebee Mattermost/svg")): Object: 'Object Repository/7_Account_Settings/Edit_Full_Name/Page_1HDHFClGY4 - Bumblebee Mattermost/svg' is clicked on

2019-12-28 14:50:25 - [MESSAGE][PASSED] - Object: 'Object Repository/7_Account_Settings/Edit_Full_Name/Page_1HDHFClGY4 - Bumblebee Mattermost/svg' is clicked on

2019-12-28 14:50:25 - [TEST_STEP][PASSED] - click(findTestObject("Object Repository/7_Account_Settings/Edit_Full_Name/Page_1HDHFClGY4 - Bumblebee Mattermost/button_Account Settings")): Object: 'Object Repository/7_Account_Settings/Edit_Full_Name/Page_1HDHFClGY4 - Bumblebee Mattermost/button_Account Settings' is clicked on

2019-12-28 14:50:25 - [MESSAGE][PASSED] - Object: 'Object Repository/7_Account_Settings/Edit_Full_Name/Page_1HDHFClGY4 - Bumblebee Mattermost/button_Account Settings' is clicked on

2019-12-28 14:50:25 - [TEST_STEP][PASSED] - click(findTestObject("Object Repository/7_Account_Settings/Edit_Full_Name/Page_1HDHFClGY4 - Bumblebee Mattermost/span_Edit")): Object: 'Object Repository/7_Account_Settings/Edit_Full_Name/Page_1HDHFClGY4 - Bumblebee Mattermost/span_Edit' is clicked on

2019-12-28 14:50:26 - [MESSAGE][PASSED] - Object: 'Object Repository/7_Account_Settings/Edit_Full_Name/Page_1HDHFClGY4 - Bumblebee Mattermost/span_Edit' is clicked on

2019-12-28 14:50:26 - [TEST_STEP][PASSED] - setText(findTestObject("Object Repository/7_Account_Settings/Edit_Full_Name/Page_1HDHFClGY4 - Bumblebee Mattermost/input_First Name_firstName"), First_name): Text 'Danny' is set on object 'Object Repository/7_Account_Settings/Edit_Full_Name/Page_1HDHFClGY4 - Bumblebee Mattermost/input_First Name_firstName'

2019-12-28 14:50:26 - [MESSAGE][PASSED] - Text 'Danny' is set on object 'Object Repository/7_Account_Settings/Edit_Full_Name/Page_1HDHFClGY4 - Bumblebee Mattermost/input_First Name_firstName'

2019-12-28 14:50:26 - [TEST_STEP][PASSED] - setText(findTestObject("Object Repository/7_Account_Settings/Edit_Full_Name/Page_1HDHFClGY4 - Bumblebee Mattermost/input_Last Name_lastName"), Last_name): Text 'Dog' is set on object 'Object Repository/7_Account_Settings/Edit_Full_Name/Page_1HDHFClGY4 - Bumblebee Mattermost/input_Last Name_lastName'

2019-12-28 14:50:26 - [MESSAGE][PASSED] - Text 'Dog' is set on object 'Object Repository/7_Account_Settings/Edit_Full_Name/Page_1HDHFClGY4 - Bumblebee Mattermost/input_Last Name_lastName'

2019-12-28 14:50:26 - [TEST_STEP][PASSED] - click(findTestObject("Object Repository/7_Account_Settings/Edit_Full_Name/Page_1HDHFClGY4 - Bumblebee Mattermost/span_Save")): Object: 'Object Repository/7_Account_Settings/Edit_Full_Name/Page_1HDHFClGY4 - Bumblebee Mattermost/span_Save' is clicked on

2019-12-28 14:50:27 - [MESSAGE][PASSED] - Object: 'Object Repository/7_Account_Settings/Edit_Full_Name/Page_1HDHFClGY4 - Bumblebee Mattermost/span_Save' is clicked on

2019-12-28 14:50:27 - [TEST_STEP][PASSED] - click(findTestObject("Object Repository/7_Account_Settings/Edit_Full_Name/Page_1HDHFClGY4 - Bumblebee Mattermost/span_")): Object: 'Object Repository/7_Account_Settings/Edit_Full_Name/Page_1HDHFClGY4 - Bumblebee Mattermost/span_' is clicked on

2019-12-28 14:50:27 - [MESSAGE][PASSED] - Object: 'Object Repository/7_Account_Settings/Edit_Full_Name/Page_1HDHFClGY4 - Bumblebee Mattermost/span_' is clicked on

2019-12-28 14:50:27 - [TEST_STEP][NOT_RUN] - closeBrowser(): NOT_RUN: closeBrowser()

2019-12-28 14:50:27 - [MESSAGE][NOT_RUN] - NOT_RUN: closeBrowser()]]></system-out>
         <system-err><![CDATA[]]></system-err>
      </testcase>
      <testcase name="Test Cases/7_Account_Settings/Edit_Full_Name" time="8.174" classname="Test Cases/7_Account_Settings/Edit_Full_Name" status="PASSED">
         <system-out><![CDATA[2019-12-28 14:50:27 - [TEST_CASE][PASSED] - Test Cases/7_Account_Settings/Edit_Full_Name: Test Cases/7_Account_Settings/Edit_Full_Name

2019-12-28 14:50:27 - [TEST_STEP][PASSED] - openBrowser(""): Browser is opened with url: ''

2019-12-28 14:50:27 - [MESSAGE][WARNING] - A browser is already opened. Closing browser and opening a new one

2019-12-28 14:50:28 - [MESSAGE][INFO] - Starting 'Edge' driver

2019-12-28 14:50:29 - [MESSAGE][PASSED] - Browser is opened with url: ''

2019-12-28 14:50:29 - [TEST_STEP][PASSED] - navigateToUrl("https://mattermost-duo-test-yen.herokuapp.com/bumblebee/channels/1hdhfclgy4"): Navigate to 'https://mattermost-duo-test-yen.herokuapp.com/bumblebee/channels/1hdhfclgy4' successfully

2019-12-28 14:50:31 - [MESSAGE][PASSED] - Navigate to 'https://mattermost-duo-test-yen.herokuapp.com/bumblebee/channels/1hdhfclgy4' successfully

2019-12-28 14:50:31 - [TEST_STEP][PASSED] - click(findTestObject("Object Repository/7_Account_Settings/Edit_Full_Name/Page_1HDHFClGY4 - Bumblebee Mattermost/svg")): Object: 'Object Repository/7_Account_Settings/Edit_Full_Name/Page_1HDHFClGY4 - Bumblebee Mattermost/svg' is clicked on

2019-12-28 14:50:34 - [MESSAGE][PASSED] - Object: 'Object Repository/7_Account_Settings/Edit_Full_Name/Page_1HDHFClGY4 - Bumblebee Mattermost/svg' is clicked on

2019-12-28 14:50:34 - [TEST_STEP][PASSED] - click(findTestObject("Object Repository/7_Account_Settings/Edit_Full_Name/Page_1HDHFClGY4 - Bumblebee Mattermost/button_Account Settings")): Object: 'Object Repository/7_Account_Settings/Edit_Full_Name/Page_1HDHFClGY4 - Bumblebee Mattermost/button_Account Settings' is clicked on

2019-12-28 14:50:34 - [MESSAGE][PASSED] - Object: 'Object Repository/7_Account_Settings/Edit_Full_Name/Page_1HDHFClGY4 - Bumblebee Mattermost/button_Account Settings' is clicked on

2019-12-28 14:50:34 - [TEST_STEP][PASSED] - click(findTestObject("Object Repository/7_Account_Settings/Edit_Full_Name/Page_1HDHFClGY4 - Bumblebee Mattermost/span_Edit")): Object: 'Object Repository/7_Account_Settings/Edit_Full_Name/Page_1HDHFClGY4 - Bumblebee Mattermost/span_Edit' is clicked on

2019-12-28 14:50:34 - [MESSAGE][PASSED] - Object: 'Object Repository/7_Account_Settings/Edit_Full_Name/Page_1HDHFClGY4 - Bumblebee Mattermost/span_Edit' is clicked on

2019-12-28 14:50:34 - [TEST_STEP][PASSED] - setText(findTestObject("Object Repository/7_Account_Settings/Edit_Full_Name/Page_1HDHFClGY4 - Bumblebee Mattermost/input_First Name_firstName"), First_name): Text 'Catherine' is set on object 'Object Repository/7_Account_Settings/Edit_Full_Name/Page_1HDHFClGY4 - Bumblebee Mattermost/input_First Name_firstName'

2019-12-28 14:50:35 - [MESSAGE][PASSED] - Text 'Catherine' is set on object 'Object Repository/7_Account_Settings/Edit_Full_Name/Page_1HDHFClGY4 - Bumblebee Mattermost/input_First Name_firstName'

2019-12-28 14:50:35 - [TEST_STEP][PASSED] - setText(findTestObject("Object Repository/7_Account_Settings/Edit_Full_Name/Page_1HDHFClGY4 - Bumblebee Mattermost/input_Last Name_lastName"), Last_name): Text 'Cat' is set on object 'Object Repository/7_Account_Settings/Edit_Full_Name/Page_1HDHFClGY4 - Bumblebee Mattermost/input_Last Name_lastName'

2019-12-28 14:50:35 - [MESSAGE][PASSED] - Text 'Cat' is set on object 'Object Repository/7_Account_Settings/Edit_Full_Name/Page_1HDHFClGY4 - Bumblebee Mattermost/input_Last Name_lastName'

2019-12-28 14:50:35 - [TEST_STEP][PASSED] - click(findTestObject("Object Repository/7_Account_Settings/Edit_Full_Name/Page_1HDHFClGY4 - Bumblebee Mattermost/span_Save")): Object: 'Object Repository/7_Account_Settings/Edit_Full_Name/Page_1HDHFClGY4 - Bumblebee Mattermost/span_Save' is clicked on

2019-12-28 14:50:35 - [MESSAGE][PASSED] - Object: 'Object Repository/7_Account_Settings/Edit_Full_Name/Page_1HDHFClGY4 - Bumblebee Mattermost/span_Save' is clicked on

2019-12-28 14:50:35 - [TEST_STEP][PASSED] - click(findTestObject("Object Repository/7_Account_Settings/Edit_Full_Name/Page_1HDHFClGY4 - Bumblebee Mattermost/span_")): Object: 'Object Repository/7_Account_Settings/Edit_Full_Name/Page_1HDHFClGY4 - Bumblebee Mattermost/span_' is clicked on

2019-12-28 14:50:35 - [MESSAGE][PASSED] - Object: 'Object Repository/7_Account_Settings/Edit_Full_Name/Page_1HDHFClGY4 - Bumblebee Mattermost/span_' is clicked on

2019-12-28 14:50:35 - [TEST_STEP][NOT_RUN] - closeBrowser(): NOT_RUN: closeBrowser()

2019-12-28 14:50:35 - [MESSAGE][NOT_RUN] - NOT_RUN: closeBrowser()]]></system-out>
         <system-err><![CDATA[]]></system-err>
      </testcase>
      <testcase name="Test Cases/7_Account_Settings/Edit_Full_Name" time="8.03" classname="Test Cases/7_Account_Settings/Edit_Full_Name" status="PASSED">
         <system-out><![CDATA[2019-12-28 14:50:35 - [TEST_CASE][PASSED] - Test Cases/7_Account_Settings/Edit_Full_Name: Test Cases/7_Account_Settings/Edit_Full_Name

2019-12-28 14:50:35 - [TEST_STEP][PASSED] - openBrowser(""): Browser is opened with url: ''

2019-12-28 14:50:35 - [MESSAGE][WARNING] - A browser is already opened. Closing browser and opening a new one

2019-12-28 14:50:36 - [MESSAGE][INFO] - Starting 'Edge' driver

2019-12-28 14:50:37 - [MESSAGE][PASSED] - Browser is opened with url: ''

2019-12-28 14:50:37 - [TEST_STEP][PASSED] - navigateToUrl("https://mattermost-duo-test-yen.herokuapp.com/bumblebee/channels/1hdhfclgy4"): Navigate to 'https://mattermost-duo-test-yen.herokuapp.com/bumblebee/channels/1hdhfclgy4' successfully

2019-12-28 14:50:39 - [MESSAGE][PASSED] - Navigate to 'https://mattermost-duo-test-yen.herokuapp.com/bumblebee/channels/1hdhfclgy4' successfully

2019-12-28 14:50:39 - [TEST_STEP][PASSED] - click(findTestObject("Object Repository/7_Account_Settings/Edit_Full_Name/Page_1HDHFClGY4 - Bumblebee Mattermost/svg")): Object: 'Object Repository/7_Account_Settings/Edit_Full_Name/Page_1HDHFClGY4 - Bumblebee Mattermost/svg' is clicked on

2019-12-28 14:50:41 - [MESSAGE][PASSED] - Object: 'Object Repository/7_Account_Settings/Edit_Full_Name/Page_1HDHFClGY4 - Bumblebee Mattermost/svg' is clicked on

2019-12-28 14:50:41 - [TEST_STEP][PASSED] - click(findTestObject("Object Repository/7_Account_Settings/Edit_Full_Name/Page_1HDHFClGY4 - Bumblebee Mattermost/button_Account Settings")): Object: 'Object Repository/7_Account_Settings/Edit_Full_Name/Page_1HDHFClGY4 - Bumblebee Mattermost/button_Account Settings' is clicked on

2019-12-28 14:50:42 - [MESSAGE][PASSED] - Object: 'Object Repository/7_Account_Settings/Edit_Full_Name/Page_1HDHFClGY4 - Bumblebee Mattermost/button_Account Settings' is clicked on

2019-12-28 14:50:42 - [TEST_STEP][PASSED] - click(findTestObject("Object Repository/7_Account_Settings/Edit_Full_Name/Page_1HDHFClGY4 - Bumblebee Mattermost/span_Edit")): Object: 'Object Repository/7_Account_Settings/Edit_Full_Name/Page_1HDHFClGY4 - Bumblebee Mattermost/span_Edit' is clicked on

2019-12-28 14:50:42 - [MESSAGE][PASSED] - Object: 'Object Repository/7_Account_Settings/Edit_Full_Name/Page_1HDHFClGY4 - Bumblebee Mattermost/span_Edit' is clicked on

2019-12-28 14:50:42 - [TEST_STEP][PASSED] - setText(findTestObject("Object Repository/7_Account_Settings/Edit_Full_Name/Page_1HDHFClGY4 - Bumblebee Mattermost/input_First Name_firstName"), First_name): Text 'Arlie' is set on object 'Object Repository/7_Account_Settings/Edit_Full_Name/Page_1HDHFClGY4 - Bumblebee Mattermost/input_First Name_firstName'

2019-12-28 14:50:43 - [MESSAGE][PASSED] - Text 'Arlie' is set on object 'Object Repository/7_Account_Settings/Edit_Full_Name/Page_1HDHFClGY4 - Bumblebee Mattermost/input_First Name_firstName'

2019-12-28 14:50:43 - [TEST_STEP][PASSED] - setText(findTestObject("Object Repository/7_Account_Settings/Edit_Full_Name/Page_1HDHFClGY4 - Bumblebee Mattermost/input_Last Name_lastName"), Last_name): Text 'Armadillo' is set on object 'Object Repository/7_Account_Settings/Edit_Full_Name/Page_1HDHFClGY4 - Bumblebee Mattermost/input_Last Name_lastName'

2019-12-28 14:50:43 - [MESSAGE][PASSED] - Text 'Armadillo' is set on object 'Object Repository/7_Account_Settings/Edit_Full_Name/Page_1HDHFClGY4 - Bumblebee Mattermost/input_Last Name_lastName'

2019-12-28 14:50:43 - [TEST_STEP][PASSED] - click(findTestObject("Object Repository/7_Account_Settings/Edit_Full_Name/Page_1HDHFClGY4 - Bumblebee Mattermost/span_Save")): Object: 'Object Repository/7_Account_Settings/Edit_Full_Name/Page_1HDHFClGY4 - Bumblebee Mattermost/span_Save' is clicked on

2019-12-28 14:50:43 - [MESSAGE][PASSED] - Object: 'Object Repository/7_Account_Settings/Edit_Full_Name/Page_1HDHFClGY4 - Bumblebee Mattermost/span_Save' is clicked on

2019-12-28 14:50:43 - [TEST_STEP][PASSED] - click(findTestObject("Object Repository/7_Account_Settings/Edit_Full_Name/Page_1HDHFClGY4 - Bumblebee Mattermost/span_")): Object: 'Object Repository/7_Account_Settings/Edit_Full_Name/Page_1HDHFClGY4 - Bumblebee Mattermost/span_' is clicked on

2019-12-28 14:50:43 - [MESSAGE][PASSED] - Object: 'Object Repository/7_Account_Settings/Edit_Full_Name/Page_1HDHFClGY4 - Bumblebee Mattermost/span_' is clicked on

2019-12-28 14:50:43 - [TEST_STEP][NOT_RUN] - closeBrowser(): NOT_RUN: closeBrowser()

2019-12-28 14:50:43 - [MESSAGE][NOT_RUN] - NOT_RUN: closeBrowser()]]></system-out>
         <system-err><![CDATA[]]></system-err>
      </testcase>
      <testcase name="Test Cases/7_Account_Settings/Edit_Full_Name" time="7.544" classname="Test Cases/7_Account_Settings/Edit_Full_Name" status="PASSED">
         <system-out><![CDATA[2019-12-28 14:50:43 - [TEST_CASE][PASSED] - Test Cases/7_Account_Settings/Edit_Full_Name: Test Cases/7_Account_Settings/Edit_Full_Name

2019-12-28 14:50:43 - [TEST_STEP][PASSED] - openBrowser(""): Browser is opened with url: ''

2019-12-28 14:50:43 - [MESSAGE][WARNING] - A browser is already opened. Closing browser and opening a new one

2019-12-28 14:50:44 - [MESSAGE][INFO] - Starting 'Edge' driver

2019-12-28 14:50:45 - [MESSAGE][PASSED] - Browser is opened with url: ''

2019-12-28 14:50:45 - [TEST_STEP][PASSED] - navigateToUrl("https://mattermost-duo-test-yen.herokuapp.com/bumblebee/channels/1hdhfclgy4"): Navigate to 'https://mattermost-duo-test-yen.herokuapp.com/bumblebee/channels/1hdhfclgy4' successfully

2019-12-28 14:50:47 - [MESSAGE][PASSED] - Navigate to 'https://mattermost-duo-test-yen.herokuapp.com/bumblebee/channels/1hdhfclgy4' successfully

2019-12-28 14:50:47 - [TEST_STEP][PASSED] - click(findTestObject("Object Repository/7_Account_Settings/Edit_Full_Name/Page_1HDHFClGY4 - Bumblebee Mattermost/svg")): Object: 'Object Repository/7_Account_Settings/Edit_Full_Name/Page_1HDHFClGY4 - Bumblebee Mattermost/svg' is clicked on

2019-12-28 14:50:49 - [MESSAGE][PASSED] - Object: 'Object Repository/7_Account_Settings/Edit_Full_Name/Page_1HDHFClGY4 - Bumblebee Mattermost/svg' is clicked on

2019-12-28 14:50:49 - [TEST_STEP][PASSED] - click(findTestObject("Object Repository/7_Account_Settings/Edit_Full_Name/Page_1HDHFClGY4 - Bumblebee Mattermost/button_Account Settings")): Object: 'Object Repository/7_Account_Settings/Edit_Full_Name/Page_1HDHFClGY4 - Bumblebee Mattermost/button_Account Settings' is clicked on

2019-12-28 14:50:49 - [MESSAGE][PASSED] - Object: 'Object Repository/7_Account_Settings/Edit_Full_Name/Page_1HDHFClGY4 - Bumblebee Mattermost/button_Account Settings' is clicked on

2019-12-28 14:50:49 - [TEST_STEP][PASSED] - click(findTestObject("Object Repository/7_Account_Settings/Edit_Full_Name/Page_1HDHFClGY4 - Bumblebee Mattermost/span_Edit")): Object: 'Object Repository/7_Account_Settings/Edit_Full_Name/Page_1HDHFClGY4 - Bumblebee Mattermost/span_Edit' is clicked on

2019-12-28 14:50:50 - [MESSAGE][PASSED] - Object: 'Object Repository/7_Account_Settings/Edit_Full_Name/Page_1HDHFClGY4 - Bumblebee Mattermost/span_Edit' is clicked on

2019-12-28 14:50:50 - [TEST_STEP][PASSED] - setText(findTestObject("Object Repository/7_Account_Settings/Edit_Full_Name/Page_1HDHFClGY4 - Bumblebee Mattermost/input_First Name_firstName"), First_name): Text 'Henry' is set on object 'Object Repository/7_Account_Settings/Edit_Full_Name/Page_1HDHFClGY4 - Bumblebee Mattermost/input_First Name_firstName'

2019-12-28 14:50:50 - [MESSAGE][PASSED] - Text 'Henry' is set on object 'Object Repository/7_Account_Settings/Edit_Full_Name/Page_1HDHFClGY4 - Bumblebee Mattermost/input_First Name_firstName'

2019-12-28 14:50:50 - [TEST_STEP][PASSED] - setText(findTestObject("Object Repository/7_Account_Settings/Edit_Full_Name/Page_1HDHFClGY4 - Bumblebee Mattermost/input_Last Name_lastName"), Last_name): Text 'Hippo' is set on object 'Object Repository/7_Account_Settings/Edit_Full_Name/Page_1HDHFClGY4 - Bumblebee Mattermost/input_Last Name_lastName'

2019-12-28 14:50:50 - [MESSAGE][PASSED] - Text 'Hippo' is set on object 'Object Repository/7_Account_Settings/Edit_Full_Name/Page_1HDHFClGY4 - Bumblebee Mattermost/input_Last Name_lastName'

2019-12-28 14:50:50 - [TEST_STEP][PASSED] - click(findTestObject("Object Repository/7_Account_Settings/Edit_Full_Name/Page_1HDHFClGY4 - Bumblebee Mattermost/span_Save")): Object: 'Object Repository/7_Account_Settings/Edit_Full_Name/Page_1HDHFClGY4 - Bumblebee Mattermost/span_Save' is clicked on

2019-12-28 14:50:50 - [MESSAGE][PASSED] - Object: 'Object Repository/7_Account_Settings/Edit_Full_Name/Page_1HDHFClGY4 - Bumblebee Mattermost/span_Save' is clicked on

2019-12-28 14:50:50 - [TEST_STEP][PASSED] - click(findTestObject("Object Repository/7_Account_Settings/Edit_Full_Name/Page_1HDHFClGY4 - Bumblebee Mattermost/span_")): Object: 'Object Repository/7_Account_Settings/Edit_Full_Name/Page_1HDHFClGY4 - Bumblebee Mattermost/span_' is clicked on

2019-12-28 14:50:50 - [MESSAGE][PASSED] - Object: 'Object Repository/7_Account_Settings/Edit_Full_Name/Page_1HDHFClGY4 - Bumblebee Mattermost/span_' is clicked on

2019-12-28 14:50:50 - [TEST_STEP][NOT_RUN] - closeBrowser(): NOT_RUN: closeBrowser()

2019-12-28 14:50:50 - [MESSAGE][NOT_RUN] - NOT_RUN: closeBrowser()]]></system-out>
         <system-err><![CDATA[]]></system-err>
      </testcase>
      <testcase name="Test Cases/7_Account_Settings/Edit_Nick_Name" time="8.375" classname="Test Cases/7_Account_Settings/Edit_Nick_Name" status="PASSED">
         <system-out><![CDATA[2019-12-28 14:50:50 - [TEST_CASE][PASSED] - Test Cases/7_Account_Settings/Edit_Nick_Name: Test Cases/7_Account_Settings/Edit_Nick_Name

2019-12-28 14:50:51 - [TEST_STEP][PASSED] - openBrowser(""): Browser is opened with url: ''

2019-12-28 14:50:51 - [MESSAGE][WARNING] - A browser is already opened. Closing browser and opening a new one

2019-12-28 14:50:52 - [MESSAGE][INFO] - Starting 'Edge' driver

2019-12-28 14:50:53 - [MESSAGE][PASSED] - Browser is opened with url: ''

2019-12-28 14:50:53 - [TEST_STEP][PASSED] - navigateToUrl("https://mattermost-duo-test-yen.herokuapp.com/bumblebee/channels/1hdhfclgy4"): Navigate to 'https://mattermost-duo-test-yen.herokuapp.com/bumblebee/channels/1hdhfclgy4' successfully

2019-12-28 14:50:55 - [MESSAGE][PASSED] - Navigate to 'https://mattermost-duo-test-yen.herokuapp.com/bumblebee/channels/1hdhfclgy4' successfully

2019-12-28 14:50:55 - [TEST_STEP][PASSED] - click(findTestObject("Object Repository/7_Account_Settings/Edit_Nick_Name/Page_1HDHFClGY4 - Bumblebee Mattermost/svg")): Object: 'Object Repository/7_Account_Settings/Edit_Nick_Name/Page_1HDHFClGY4 - Bumblebee Mattermost/svg' is clicked on

2019-12-28 14:50:58 - [MESSAGE][PASSED] - Object: 'Object Repository/7_Account_Settings/Edit_Nick_Name/Page_1HDHFClGY4 - Bumblebee Mattermost/svg' is clicked on

2019-12-28 14:50:58 - [TEST_STEP][PASSED] - click(findTestObject("Object Repository/7_Account_Settings/Edit_Nick_Name/Page_1HDHFClGY4 - Bumblebee Mattermost/button_Account Settings")): Object: 'Object Repository/7_Account_Settings/Edit_Nick_Name/Page_1HDHFClGY4 - Bumblebee Mattermost/button_Account Settings' is clicked on

2019-12-28 14:50:58 - [MESSAGE][PASSED] - Object: 'Object Repository/7_Account_Settings/Edit_Nick_Name/Page_1HDHFClGY4 - Bumblebee Mattermost/button_Account Settings' is clicked on

2019-12-28 14:50:58 - [TEST_STEP][PASSED] - click(findTestObject("Object Repository/7_Account_Settings/Edit_Nick_Name/Page_1HDHFClGY4 - Bumblebee Mattermost/span_Edit")): Object: 'Object Repository/7_Account_Settings/Edit_Nick_Name/Page_1HDHFClGY4 - Bumblebee Mattermost/span_Edit' is clicked on

2019-12-28 14:50:58 - [MESSAGE][PASSED] - Object: 'Object Repository/7_Account_Settings/Edit_Nick_Name/Page_1HDHFClGY4 - Bumblebee Mattermost/span_Edit' is clicked on

2019-12-28 14:50:58 - [TEST_STEP][PASSED] - setText(findTestObject("Object Repository/7_Account_Settings/Edit_Nick_Name/Page_1HDHFClGY4 - Bumblebee Mattermost/input_Nickname_nickname"), Nick_name): Text 'One' is set on object 'Object Repository/7_Account_Settings/Edit_Nick_Name/Page_1HDHFClGY4 - Bumblebee Mattermost/input_Nickname_nickname'

2019-12-28 14:50:59 - [MESSAGE][PASSED] - Text 'One' is set on object 'Object Repository/7_Account_Settings/Edit_Nick_Name/Page_1HDHFClGY4 - Bumblebee Mattermost/input_Nickname_nickname'

2019-12-28 14:50:59 - [TEST_STEP][PASSED] - click(findTestObject("Object Repository/7_Account_Settings/Edit_Nick_Name/Page_1HDHFClGY4 - Bumblebee Mattermost/span_Save")): Object: 'Object Repository/7_Account_Settings/Edit_Nick_Name/Page_1HDHFClGY4 - Bumblebee Mattermost/span_Save' is clicked on

2019-12-28 14:50:59 - [MESSAGE][PASSED] - Object: 'Object Repository/7_Account_Settings/Edit_Nick_Name/Page_1HDHFClGY4 - Bumblebee Mattermost/span_Save' is clicked on

2019-12-28 14:50:59 - [TEST_STEP][PASSED] - click(findTestObject("Object Repository/7_Account_Settings/Edit_Nick_Name/Page_1HDHFClGY4 - Bumblebee Mattermost/span_")): Object: 'Object Repository/7_Account_Settings/Edit_Nick_Name/Page_1HDHFClGY4 - Bumblebee Mattermost/span_' is clicked on

2019-12-28 14:50:59 - [MESSAGE][PASSED] - Object: 'Object Repository/7_Account_Settings/Edit_Nick_Name/Page_1HDHFClGY4 - Bumblebee Mattermost/span_' is clicked on

2019-12-28 14:50:59 - [TEST_STEP][NOT_RUN] - closeBrowser(): NOT_RUN: closeBrowser()

2019-12-28 14:50:59 - [MESSAGE][NOT_RUN] - NOT_RUN: closeBrowser()]]></system-out>
         <system-err><![CDATA[]]></system-err>
      </testcase>
      <testcase name="Test Cases/7_Account_Settings/Edit_Nick_Name" time="7.901" classname="Test Cases/7_Account_Settings/Edit_Nick_Name" status="PASSED">
         <system-out><![CDATA[2019-12-28 14:50:59 - [TEST_CASE][PASSED] - Test Cases/7_Account_Settings/Edit_Nick_Name: Test Cases/7_Account_Settings/Edit_Nick_Name

2019-12-28 14:50:59 - [TEST_STEP][PASSED] - openBrowser(""): Browser is opened with url: ''

2019-12-28 14:50:59 - [MESSAGE][WARNING] - A browser is already opened. Closing browser and opening a new one

2019-12-28 14:51:00 - [MESSAGE][INFO] - Starting 'Edge' driver

2019-12-28 14:51:01 - [MESSAGE][PASSED] - Browser is opened with url: ''

2019-12-28 14:51:01 - [TEST_STEP][PASSED] - navigateToUrl("https://mattermost-duo-test-yen.herokuapp.com/bumblebee/channels/1hdhfclgy4"): Navigate to 'https://mattermost-duo-test-yen.herokuapp.com/bumblebee/channels/1hdhfclgy4' successfully

2019-12-28 14:51:03 - [MESSAGE][PASSED] - Navigate to 'https://mattermost-duo-test-yen.herokuapp.com/bumblebee/channels/1hdhfclgy4' successfully

2019-12-28 14:51:03 - [TEST_STEP][PASSED] - click(findTestObject("Object Repository/7_Account_Settings/Edit_Nick_Name/Page_1HDHFClGY4 - Bumblebee Mattermost/svg")): Object: 'Object Repository/7_Account_Settings/Edit_Nick_Name/Page_1HDHFClGY4 - Bumblebee Mattermost/svg' is clicked on

2019-12-28 14:51:05 - [MESSAGE][PASSED] - Object: 'Object Repository/7_Account_Settings/Edit_Nick_Name/Page_1HDHFClGY4 - Bumblebee Mattermost/svg' is clicked on

2019-12-28 14:51:05 - [TEST_STEP][PASSED] - click(findTestObject("Object Repository/7_Account_Settings/Edit_Nick_Name/Page_1HDHFClGY4 - Bumblebee Mattermost/button_Account Settings")): Object: 'Object Repository/7_Account_Settings/Edit_Nick_Name/Page_1HDHFClGY4 - Bumblebee Mattermost/button_Account Settings' is clicked on

2019-12-28 14:51:06 - [MESSAGE][PASSED] - Object: 'Object Repository/7_Account_Settings/Edit_Nick_Name/Page_1HDHFClGY4 - Bumblebee Mattermost/button_Account Settings' is clicked on

2019-12-28 14:51:06 - [TEST_STEP][PASSED] - click(findTestObject("Object Repository/7_Account_Settings/Edit_Nick_Name/Page_1HDHFClGY4 - Bumblebee Mattermost/span_Edit")): Object: 'Object Repository/7_Account_Settings/Edit_Nick_Name/Page_1HDHFClGY4 - Bumblebee Mattermost/span_Edit' is clicked on

2019-12-28 14:51:06 - [MESSAGE][PASSED] - Object: 'Object Repository/7_Account_Settings/Edit_Nick_Name/Page_1HDHFClGY4 - Bumblebee Mattermost/span_Edit' is clicked on

2019-12-28 14:51:06 - [TEST_STEP][PASSED] - setText(findTestObject("Object Repository/7_Account_Settings/Edit_Nick_Name/Page_1HDHFClGY4 - Bumblebee Mattermost/input_Nickname_nickname"), Nick_name): Text 'Two' is set on object 'Object Repository/7_Account_Settings/Edit_Nick_Name/Page_1HDHFClGY4 - Bumblebee Mattermost/input_Nickname_nickname'

2019-12-28 14:51:07 - [MESSAGE][PASSED] - Text 'Two' is set on object 'Object Repository/7_Account_Settings/Edit_Nick_Name/Page_1HDHFClGY4 - Bumblebee Mattermost/input_Nickname_nickname'

2019-12-28 14:51:07 - [TEST_STEP][PASSED] - click(findTestObject("Object Repository/7_Account_Settings/Edit_Nick_Name/Page_1HDHFClGY4 - Bumblebee Mattermost/span_Save")): Object: 'Object Repository/7_Account_Settings/Edit_Nick_Name/Page_1HDHFClGY4 - Bumblebee Mattermost/span_Save' is clicked on

2019-12-28 14:51:07 - [MESSAGE][PASSED] - Object: 'Object Repository/7_Account_Settings/Edit_Nick_Name/Page_1HDHFClGY4 - Bumblebee Mattermost/span_Save' is clicked on

2019-12-28 14:51:07 - [TEST_STEP][PASSED] - click(findTestObject("Object Repository/7_Account_Settings/Edit_Nick_Name/Page_1HDHFClGY4 - Bumblebee Mattermost/span_")): Object: 'Object Repository/7_Account_Settings/Edit_Nick_Name/Page_1HDHFClGY4 - Bumblebee Mattermost/span_' is clicked on

2019-12-28 14:51:07 - [MESSAGE][PASSED] - Object: 'Object Repository/7_Account_Settings/Edit_Nick_Name/Page_1HDHFClGY4 - Bumblebee Mattermost/span_' is clicked on

2019-12-28 14:51:07 - [TEST_STEP][NOT_RUN] - closeBrowser(): NOT_RUN: closeBrowser()

2019-12-28 14:51:07 - [MESSAGE][NOT_RUN] - NOT_RUN: closeBrowser()]]></system-out>
         <system-err><![CDATA[]]></system-err>
      </testcase>
      <testcase name="Test Cases/7_Account_Settings/Edit_Nick_Name" time="8.095" classname="Test Cases/7_Account_Settings/Edit_Nick_Name" status="PASSED">
         <system-out><![CDATA[2019-12-28 14:51:07 - [TEST_CASE][PASSED] - Test Cases/7_Account_Settings/Edit_Nick_Name: Test Cases/7_Account_Settings/Edit_Nick_Name

2019-12-28 14:51:07 - [TEST_STEP][PASSED] - openBrowser(""): Browser is opened with url: ''

2019-12-28 14:51:07 - [MESSAGE][WARNING] - A browser is already opened. Closing browser and opening a new one

2019-12-28 14:51:08 - [MESSAGE][INFO] - Starting 'Edge' driver

2019-12-28 14:51:09 - [MESSAGE][PASSED] - Browser is opened with url: ''

2019-12-28 14:51:09 - [TEST_STEP][PASSED] - navigateToUrl("https://mattermost-duo-test-yen.herokuapp.com/bumblebee/channels/1hdhfclgy4"): Navigate to 'https://mattermost-duo-test-yen.herokuapp.com/bumblebee/channels/1hdhfclgy4' successfully

2019-12-28 14:51:11 - [MESSAGE][PASSED] - Navigate to 'https://mattermost-duo-test-yen.herokuapp.com/bumblebee/channels/1hdhfclgy4' successfully

2019-12-28 14:51:11 - [TEST_STEP][PASSED] - click(findTestObject("Object Repository/7_Account_Settings/Edit_Nick_Name/Page_1HDHFClGY4 - Bumblebee Mattermost/svg")): Object: 'Object Repository/7_Account_Settings/Edit_Nick_Name/Page_1HDHFClGY4 - Bumblebee Mattermost/svg' is clicked on

2019-12-28 14:51:13 - [MESSAGE][PASSED] - Object: 'Object Repository/7_Account_Settings/Edit_Nick_Name/Page_1HDHFClGY4 - Bumblebee Mattermost/svg' is clicked on

2019-12-28 14:51:13 - [TEST_STEP][PASSED] - click(findTestObject("Object Repository/7_Account_Settings/Edit_Nick_Name/Page_1HDHFClGY4 - Bumblebee Mattermost/button_Account Settings")): Object: 'Object Repository/7_Account_Settings/Edit_Nick_Name/Page_1HDHFClGY4 - Bumblebee Mattermost/button_Account Settings' is clicked on

2019-12-28 14:51:14 - [MESSAGE][PASSED] - Object: 'Object Repository/7_Account_Settings/Edit_Nick_Name/Page_1HDHFClGY4 - Bumblebee Mattermost/button_Account Settings' is clicked on

2019-12-28 14:51:14 - [TEST_STEP][PASSED] - click(findTestObject("Object Repository/7_Account_Settings/Edit_Nick_Name/Page_1HDHFClGY4 - Bumblebee Mattermost/span_Edit")): Object: 'Object Repository/7_Account_Settings/Edit_Nick_Name/Page_1HDHFClGY4 - Bumblebee Mattermost/span_Edit' is clicked on

2019-12-28 14:51:15 - [MESSAGE][PASSED] - Object: 'Object Repository/7_Account_Settings/Edit_Nick_Name/Page_1HDHFClGY4 - Bumblebee Mattermost/span_Edit' is clicked on

2019-12-28 14:51:15 - [TEST_STEP][PASSED] - setText(findTestObject("Object Repository/7_Account_Settings/Edit_Nick_Name/Page_1HDHFClGY4 - Bumblebee Mattermost/input_Nickname_nickname"), Nick_name): Text 'Three' is set on object 'Object Repository/7_Account_Settings/Edit_Nick_Name/Page_1HDHFClGY4 - Bumblebee Mattermost/input_Nickname_nickname'

2019-12-28 14:51:15 - [MESSAGE][PASSED] - Text 'Three' is set on object 'Object Repository/7_Account_Settings/Edit_Nick_Name/Page_1HDHFClGY4 - Bumblebee Mattermost/input_Nickname_nickname'

2019-12-28 14:51:15 - [TEST_STEP][PASSED] - click(findTestObject("Object Repository/7_Account_Settings/Edit_Nick_Name/Page_1HDHFClGY4 - Bumblebee Mattermost/span_Save")): Object: 'Object Repository/7_Account_Settings/Edit_Nick_Name/Page_1HDHFClGY4 - Bumblebee Mattermost/span_Save' is clicked on

2019-12-28 14:51:15 - [MESSAGE][PASSED] - Object: 'Object Repository/7_Account_Settings/Edit_Nick_Name/Page_1HDHFClGY4 - Bumblebee Mattermost/span_Save' is clicked on

2019-12-28 14:51:15 - [TEST_STEP][PASSED] - click(findTestObject("Object Repository/7_Account_Settings/Edit_Nick_Name/Page_1HDHFClGY4 - Bumblebee Mattermost/span_")): Object: 'Object Repository/7_Account_Settings/Edit_Nick_Name/Page_1HDHFClGY4 - Bumblebee Mattermost/span_' is clicked on

2019-12-28 14:51:15 - [MESSAGE][PASSED] - Object: 'Object Repository/7_Account_Settings/Edit_Nick_Name/Page_1HDHFClGY4 - Bumblebee Mattermost/span_' is clicked on

2019-12-28 14:51:15 - [TEST_STEP][NOT_RUN] - closeBrowser(): NOT_RUN: closeBrowser()

2019-12-28 14:51:15 - [MESSAGE][NOT_RUN] - NOT_RUN: closeBrowser()]]></system-out>
         <system-err><![CDATA[]]></system-err>
      </testcase>
      <testcase name="Test Cases/7_Account_Settings/Edit_Nick_Name" time="7.874" classname="Test Cases/7_Account_Settings/Edit_Nick_Name" status="PASSED">
         <system-out><![CDATA[2019-12-28 14:51:15 - [TEST_CASE][PASSED] - Test Cases/7_Account_Settings/Edit_Nick_Name: Test Cases/7_Account_Settings/Edit_Nick_Name

2019-12-28 14:51:15 - [TEST_STEP][PASSED] - openBrowser(""): Browser is opened with url: ''

2019-12-28 14:51:15 - [MESSAGE][WARNING] - A browser is already opened. Closing browser and opening a new one

2019-12-28 14:51:16 - [MESSAGE][INFO] - Starting 'Edge' driver

2019-12-28 14:51:17 - [MESSAGE][PASSED] - Browser is opened with url: ''

2019-12-28 14:51:17 - [TEST_STEP][PASSED] - navigateToUrl("https://mattermost-duo-test-yen.herokuapp.com/bumblebee/channels/1hdhfclgy4"): Navigate to 'https://mattermost-duo-test-yen.herokuapp.com/bumblebee/channels/1hdhfclgy4' successfully

2019-12-28 14:51:19 - [MESSAGE][PASSED] - Navigate to 'https://mattermost-duo-test-yen.herokuapp.com/bumblebee/channels/1hdhfclgy4' successfully

2019-12-28 14:51:19 - [TEST_STEP][PASSED] - click(findTestObject("Object Repository/7_Account_Settings/Edit_Nick_Name/Page_1HDHFClGY4 - Bumblebee Mattermost/svg")): Object: 'Object Repository/7_Account_Settings/Edit_Nick_Name/Page_1HDHFClGY4 - Bumblebee Mattermost/svg' is clicked on

2019-12-28 14:51:21 - [MESSAGE][PASSED] - Object: 'Object Repository/7_Account_Settings/Edit_Nick_Name/Page_1HDHFClGY4 - Bumblebee Mattermost/svg' is clicked on

2019-12-28 14:51:21 - [TEST_STEP][PASSED] - click(findTestObject("Object Repository/7_Account_Settings/Edit_Nick_Name/Page_1HDHFClGY4 - Bumblebee Mattermost/button_Account Settings")): Object: 'Object Repository/7_Account_Settings/Edit_Nick_Name/Page_1HDHFClGY4 - Bumblebee Mattermost/button_Account Settings' is clicked on

2019-12-28 14:51:21 - [MESSAGE][PASSED] - Object: 'Object Repository/7_Account_Settings/Edit_Nick_Name/Page_1HDHFClGY4 - Bumblebee Mattermost/button_Account Settings' is clicked on

2019-12-28 14:51:21 - [TEST_STEP][PASSED] - click(findTestObject("Object Repository/7_Account_Settings/Edit_Nick_Name/Page_1HDHFClGY4 - Bumblebee Mattermost/span_Edit")): Object: 'Object Repository/7_Account_Settings/Edit_Nick_Name/Page_1HDHFClGY4 - Bumblebee Mattermost/span_Edit' is clicked on

2019-12-28 14:51:22 - [MESSAGE][PASSED] - Object: 'Object Repository/7_Account_Settings/Edit_Nick_Name/Page_1HDHFClGY4 - Bumblebee Mattermost/span_Edit' is clicked on

2019-12-28 14:51:22 - [TEST_STEP][PASSED] - setText(findTestObject("Object Repository/7_Account_Settings/Edit_Nick_Name/Page_1HDHFClGY4 - Bumblebee Mattermost/input_Nickname_nickname"), Nick_name): Text 'Four' is set on object 'Object Repository/7_Account_Settings/Edit_Nick_Name/Page_1HDHFClGY4 - Bumblebee Mattermost/input_Nickname_nickname'

2019-12-28 14:51:23 - [MESSAGE][PASSED] - Text 'Four' is set on object 'Object Repository/7_Account_Settings/Edit_Nick_Name/Page_1HDHFClGY4 - Bumblebee Mattermost/input_Nickname_nickname'

2019-12-28 14:51:23 - [TEST_STEP][PASSED] - click(findTestObject("Object Repository/7_Account_Settings/Edit_Nick_Name/Page_1HDHFClGY4 - Bumblebee Mattermost/span_Save")): Object: 'Object Repository/7_Account_Settings/Edit_Nick_Name/Page_1HDHFClGY4 - Bumblebee Mattermost/span_Save' is clicked on

2019-12-28 14:51:23 - [MESSAGE][PASSED] - Object: 'Object Repository/7_Account_Settings/Edit_Nick_Name/Page_1HDHFClGY4 - Bumblebee Mattermost/span_Save' is clicked on

2019-12-28 14:51:23 - [TEST_STEP][PASSED] - click(findTestObject("Object Repository/7_Account_Settings/Edit_Nick_Name/Page_1HDHFClGY4 - Bumblebee Mattermost/span_")): Object: 'Object Repository/7_Account_Settings/Edit_Nick_Name/Page_1HDHFClGY4 - Bumblebee Mattermost/span_' is clicked on

2019-12-28 14:51:23 - [MESSAGE][PASSED] - Object: 'Object Repository/7_Account_Settings/Edit_Nick_Name/Page_1HDHFClGY4 - Bumblebee Mattermost/span_' is clicked on

2019-12-28 14:51:23 - [TEST_STEP][NOT_RUN] - closeBrowser(): NOT_RUN: closeBrowser()

2019-12-28 14:51:23 - [MESSAGE][NOT_RUN] - NOT_RUN: closeBrowser()]]></system-out>
         <system-err><![CDATA[]]></system-err>
      </testcase>
      <testcase name="Test Cases/7_Account_Settings/Edit_Nick_Name" time="7.963" classname="Test Cases/7_Account_Settings/Edit_Nick_Name" status="PASSED">
         <system-out><![CDATA[2019-12-28 14:51:23 - [TEST_CASE][PASSED] - Test Cases/7_Account_Settings/Edit_Nick_Name: Test Cases/7_Account_Settings/Edit_Nick_Name

2019-12-28 14:51:23 - [TEST_STEP][PASSED] - openBrowser(""): Browser is opened with url: ''

2019-12-28 14:51:23 - [MESSAGE][WARNING] - A browser is already opened. Closing browser and opening a new one

2019-12-28 14:51:24 - [MESSAGE][INFO] - Starting 'Edge' driver

2019-12-28 14:51:25 - [MESSAGE][PASSED] - Browser is opened with url: ''

2019-12-28 14:51:25 - [TEST_STEP][PASSED] - navigateToUrl("https://mattermost-duo-test-yen.herokuapp.com/bumblebee/channels/1hdhfclgy4"): Navigate to 'https://mattermost-duo-test-yen.herokuapp.com/bumblebee/channels/1hdhfclgy4' successfully

2019-12-28 14:51:27 - [MESSAGE][PASSED] - Navigate to 'https://mattermost-duo-test-yen.herokuapp.com/bumblebee/channels/1hdhfclgy4' successfully

2019-12-28 14:51:27 - [TEST_STEP][PASSED] - click(findTestObject("Object Repository/7_Account_Settings/Edit_Nick_Name/Page_1HDHFClGY4 - Bumblebee Mattermost/svg")): Object: 'Object Repository/7_Account_Settings/Edit_Nick_Name/Page_1HDHFClGY4 - Bumblebee Mattermost/svg' is clicked on

2019-12-28 14:51:29 - [MESSAGE][PASSED] - Object: 'Object Repository/7_Account_Settings/Edit_Nick_Name/Page_1HDHFClGY4 - Bumblebee Mattermost/svg' is clicked on

2019-12-28 14:51:29 - [TEST_STEP][PASSED] - click(findTestObject("Object Repository/7_Account_Settings/Edit_Nick_Name/Page_1HDHFClGY4 - Bumblebee Mattermost/button_Account Settings")): Object: 'Object Repository/7_Account_Settings/Edit_Nick_Name/Page_1HDHFClGY4 - Bumblebee Mattermost/button_Account Settings' is clicked on

2019-12-28 14:51:30 - [MESSAGE][PASSED] - Object: 'Object Repository/7_Account_Settings/Edit_Nick_Name/Page_1HDHFClGY4 - Bumblebee Mattermost/button_Account Settings' is clicked on

2019-12-28 14:51:30 - [TEST_STEP][PASSED] - click(findTestObject("Object Repository/7_Account_Settings/Edit_Nick_Name/Page_1HDHFClGY4 - Bumblebee Mattermost/span_Edit")): Object: 'Object Repository/7_Account_Settings/Edit_Nick_Name/Page_1HDHFClGY4 - Bumblebee Mattermost/span_Edit' is clicked on

2019-12-28 14:51:30 - [MESSAGE][PASSED] - Object: 'Object Repository/7_Account_Settings/Edit_Nick_Name/Page_1HDHFClGY4 - Bumblebee Mattermost/span_Edit' is clicked on

2019-12-28 14:51:30 - [TEST_STEP][PASSED] - setText(findTestObject("Object Repository/7_Account_Settings/Edit_Nick_Name/Page_1HDHFClGY4 - Bumblebee Mattermost/input_Nickname_nickname"), Nick_name): Text 'Five' is set on object 'Object Repository/7_Account_Settings/Edit_Nick_Name/Page_1HDHFClGY4 - Bumblebee Mattermost/input_Nickname_nickname'

2019-12-28 14:51:30 - [MESSAGE][PASSED] - Text 'Five' is set on object 'Object Repository/7_Account_Settings/Edit_Nick_Name/Page_1HDHFClGY4 - Bumblebee Mattermost/input_Nickname_nickname'

2019-12-28 14:51:30 - [TEST_STEP][PASSED] - click(findTestObject("Object Repository/7_Account_Settings/Edit_Nick_Name/Page_1HDHFClGY4 - Bumblebee Mattermost/span_Save")): Object: 'Object Repository/7_Account_Settings/Edit_Nick_Name/Page_1HDHFClGY4 - Bumblebee Mattermost/span_Save' is clicked on

2019-12-28 14:51:31 - [MESSAGE][PASSED] - Object: 'Object Repository/7_Account_Settings/Edit_Nick_Name/Page_1HDHFClGY4 - Bumblebee Mattermost/span_Save' is clicked on

2019-12-28 14:51:31 - [TEST_STEP][PASSED] - click(findTestObject("Object Repository/7_Account_Settings/Edit_Nick_Name/Page_1HDHFClGY4 - Bumblebee Mattermost/span_")): Object: 'Object Repository/7_Account_Settings/Edit_Nick_Name/Page_1HDHFClGY4 - Bumblebee Mattermost/span_' is clicked on

2019-12-28 14:51:31 - [MESSAGE][PASSED] - Object: 'Object Repository/7_Account_Settings/Edit_Nick_Name/Page_1HDHFClGY4 - Bumblebee Mattermost/span_' is clicked on

2019-12-28 14:51:31 - [TEST_STEP][NOT_RUN] - closeBrowser(): NOT_RUN: closeBrowser()

2019-12-28 14:51:31 - [MESSAGE][NOT_RUN] - NOT_RUN: closeBrowser()]]></system-out>
         <system-err><![CDATA[]]></system-err>
      </testcase>
      <testcase name="Test Cases/7_Account_Settings/Edit_Position" time="7.928" classname="Test Cases/7_Account_Settings/Edit_Position" status="PASSED">
         <system-out><![CDATA[2019-12-28 14:51:31 - [TEST_CASE][PASSED] - Test Cases/7_Account_Settings/Edit_Position: Test Cases/7_Account_Settings/Edit_Position

2019-12-28 14:51:31 - [TEST_STEP][PASSED] - openBrowser(""): Browser is opened with url: ''

2019-12-28 14:51:31 - [MESSAGE][WARNING] - A browser is already opened. Closing browser and opening a new one

2019-12-28 14:51:32 - [MESSAGE][INFO] - Starting 'Edge' driver

2019-12-28 14:51:33 - [MESSAGE][PASSED] - Browser is opened with url: ''

2019-12-28 14:51:33 - [TEST_STEP][PASSED] - navigateToUrl("https://mattermost-duo-test-yen.herokuapp.com/bumblebee/channels/1hdhfclgy4"): Navigate to 'https://mattermost-duo-test-yen.herokuapp.com/bumblebee/channels/1hdhfclgy4' successfully

2019-12-28 14:51:35 - [MESSAGE][PASSED] - Navigate to 'https://mattermost-duo-test-yen.herokuapp.com/bumblebee/channels/1hdhfclgy4' successfully

2019-12-28 14:51:35 - [TEST_STEP][PASSED] - click(findTestObject("Object Repository/7_Account_Settings/Edit_Position/Page_1HDHFClGY4 - Bumblebee Mattermost/svg")): Object: 'Object Repository/7_Account_Settings/Edit_Position/Page_1HDHFClGY4 - Bumblebee Mattermost/svg' is clicked on

2019-12-28 14:51:37 - [MESSAGE][PASSED] - Object: 'Object Repository/7_Account_Settings/Edit_Position/Page_1HDHFClGY4 - Bumblebee Mattermost/svg' is clicked on

2019-12-28 14:51:37 - [TEST_STEP][PASSED] - click(findTestObject("Object Repository/7_Account_Settings/Edit_Position/Page_1HDHFClGY4 - Bumblebee Mattermost/button_Account Settings")): Object: 'Object Repository/7_Account_Settings/Edit_Position/Page_1HDHFClGY4 - Bumblebee Mattermost/button_Account Settings' is clicked on

2019-12-28 14:51:38 - [MESSAGE][PASSED] - Object: 'Object Repository/7_Account_Settings/Edit_Position/Page_1HDHFClGY4 - Bumblebee Mattermost/button_Account Settings' is clicked on

2019-12-28 14:51:38 - [TEST_STEP][PASSED] - click(findTestObject("Object Repository/7_Account_Settings/Edit_Position/Page_1HDHFClGY4 - Bumblebee Mattermost/span_Edit")): Object: 'Object Repository/7_Account_Settings/Edit_Position/Page_1HDHFClGY4 - Bumblebee Mattermost/span_Edit' is clicked on

2019-12-28 14:51:38 - [MESSAGE][PASSED] - Object: 'Object Repository/7_Account_Settings/Edit_Position/Page_1HDHFClGY4 - Bumblebee Mattermost/span_Edit' is clicked on

2019-12-28 14:51:38 - [TEST_STEP][PASSED] - setText(findTestObject("Object Repository/7_Account_Settings/Edit_Position/Page_1HDHFClGY4 - Bumblebee Mattermost/input_Position_position"), Position): Text 'Advidor' is set on object 'Object Repository/7_Account_Settings/Edit_Position/Page_1HDHFClGY4 - Bumblebee Mattermost/input_Position_position'

2019-12-28 14:51:38 - [MESSAGE][PASSED] - Text 'Advidor' is set on object 'Object Repository/7_Account_Settings/Edit_Position/Page_1HDHFClGY4 - Bumblebee Mattermost/input_Position_position'

2019-12-28 14:51:38 - [TEST_STEP][PASSED] - click(findTestObject("Object Repository/7_Account_Settings/Edit_Position/Page_1HDHFClGY4 - Bumblebee Mattermost/span_Save")): Object: 'Object Repository/7_Account_Settings/Edit_Position/Page_1HDHFClGY4 - Bumblebee Mattermost/span_Save' is clicked on

2019-12-28 14:51:39 - [MESSAGE][PASSED] - Object: 'Object Repository/7_Account_Settings/Edit_Position/Page_1HDHFClGY4 - Bumblebee Mattermost/span_Save' is clicked on

2019-12-28 14:51:39 - [TEST_STEP][PASSED] - click(findTestObject("Object Repository/7_Account_Settings/Edit_Position/Page_1HDHFClGY4 - Bumblebee Mattermost/span_")): Object: 'Object Repository/7_Account_Settings/Edit_Position/Page_1HDHFClGY4 - Bumblebee Mattermost/span_' is clicked on

2019-12-28 14:51:39 - [MESSAGE][PASSED] - Object: 'Object Repository/7_Account_Settings/Edit_Position/Page_1HDHFClGY4 - Bumblebee Mattermost/span_' is clicked on

2019-12-28 14:51:39 - [TEST_STEP][NOT_RUN] - closeBrowser(): NOT_RUN: closeBrowser()

2019-12-28 14:51:39 - [MESSAGE][NOT_RUN] - NOT_RUN: closeBrowser()]]></system-out>
         <system-err><![CDATA[]]></system-err>
      </testcase>
      <testcase name="Test Cases/7_Account_Settings/Edit_Position" time="7.964" classname="Test Cases/7_Account_Settings/Edit_Position" status="PASSED">
         <system-out><![CDATA[2019-12-28 14:51:39 - [TEST_CASE][PASSED] - Test Cases/7_Account_Settings/Edit_Position: Test Cases/7_Account_Settings/Edit_Position

2019-12-28 14:51:39 - [TEST_STEP][PASSED] - openBrowser(""): Browser is opened with url: ''

2019-12-28 14:51:39 - [MESSAGE][WARNING] - A browser is already opened. Closing browser and opening a new one

2019-12-28 14:51:40 - [MESSAGE][INFO] - Starting 'Edge' driver

2019-12-28 14:51:41 - [MESSAGE][PASSED] - Browser is opened with url: ''

2019-12-28 14:51:41 - [TEST_STEP][PASSED] - navigateToUrl("https://mattermost-duo-test-yen.herokuapp.com/bumblebee/channels/1hdhfclgy4"): Navigate to 'https://mattermost-duo-test-yen.herokuapp.com/bumblebee/channels/1hdhfclgy4' successfully

2019-12-28 14:51:43 - [MESSAGE][PASSED] - Navigate to 'https://mattermost-duo-test-yen.herokuapp.com/bumblebee/channels/1hdhfclgy4' successfully

2019-12-28 14:51:43 - [TEST_STEP][PASSED] - click(findTestObject("Object Repository/7_Account_Settings/Edit_Position/Page_1HDHFClGY4 - Bumblebee Mattermost/svg")): Object: 'Object Repository/7_Account_Settings/Edit_Position/Page_1HDHFClGY4 - Bumblebee Mattermost/svg' is clicked on

2019-12-28 14:51:45 - [MESSAGE][PASSED] - Object: 'Object Repository/7_Account_Settings/Edit_Position/Page_1HDHFClGY4 - Bumblebee Mattermost/svg' is clicked on

2019-12-28 14:51:45 - [TEST_STEP][PASSED] - click(findTestObject("Object Repository/7_Account_Settings/Edit_Position/Page_1HDHFClGY4 - Bumblebee Mattermost/button_Account Settings")): Object: 'Object Repository/7_Account_Settings/Edit_Position/Page_1HDHFClGY4 - Bumblebee Mattermost/button_Account Settings' is clicked on

2019-12-28 14:51:45 - [MESSAGE][PASSED] - Object: 'Object Repository/7_Account_Settings/Edit_Position/Page_1HDHFClGY4 - Bumblebee Mattermost/button_Account Settings' is clicked on

2019-12-28 14:51:45 - [TEST_STEP][PASSED] - click(findTestObject("Object Repository/7_Account_Settings/Edit_Position/Page_1HDHFClGY4 - Bumblebee Mattermost/span_Edit")): Object: 'Object Repository/7_Account_Settings/Edit_Position/Page_1HDHFClGY4 - Bumblebee Mattermost/span_Edit' is clicked on

2019-12-28 14:51:46 - [MESSAGE][PASSED] - Object: 'Object Repository/7_Account_Settings/Edit_Position/Page_1HDHFClGY4 - Bumblebee Mattermost/span_Edit' is clicked on

2019-12-28 14:51:46 - [TEST_STEP][PASSED] - setText(findTestObject("Object Repository/7_Account_Settings/Edit_Position/Page_1HDHFClGY4 - Bumblebee Mattermost/input_Position_position"), Position): Text 'Admin' is set on object 'Object Repository/7_Account_Settings/Edit_Position/Page_1HDHFClGY4 - Bumblebee Mattermost/input_Position_position'

2019-12-28 14:51:46 - [MESSAGE][PASSED] - Text 'Admin' is set on object 'Object Repository/7_Account_Settings/Edit_Position/Page_1HDHFClGY4 - Bumblebee Mattermost/input_Position_position'

2019-12-28 14:51:46 - [TEST_STEP][PASSED] - click(findTestObject("Object Repository/7_Account_Settings/Edit_Position/Page_1HDHFClGY4 - Bumblebee Mattermost/span_Save")): Object: 'Object Repository/7_Account_Settings/Edit_Position/Page_1HDHFClGY4 - Bumblebee Mattermost/span_Save' is clicked on

2019-12-28 14:51:47 - [MESSAGE][PASSED] - Object: 'Object Repository/7_Account_Settings/Edit_Position/Page_1HDHFClGY4 - Bumblebee Mattermost/span_Save' is clicked on

2019-12-28 14:51:47 - [TEST_STEP][PASSED] - click(findTestObject("Object Repository/7_Account_Settings/Edit_Position/Page_1HDHFClGY4 - Bumblebee Mattermost/span_")): Object: 'Object Repository/7_Account_Settings/Edit_Position/Page_1HDHFClGY4 - Bumblebee Mattermost/span_' is clicked on

2019-12-28 14:51:47 - [MESSAGE][PASSED] - Object: 'Object Repository/7_Account_Settings/Edit_Position/Page_1HDHFClGY4 - Bumblebee Mattermost/span_' is clicked on

2019-12-28 14:51:47 - [TEST_STEP][NOT_RUN] - closeBrowser(): NOT_RUN: closeBrowser()

2019-12-28 14:51:47 - [MESSAGE][NOT_RUN] - NOT_RUN: closeBrowser()]]></system-out>
         <system-err><![CDATA[]]></system-err>
      </testcase>
      <testcase name="Test Cases/7_Account_Settings/Edit_Position" time="7.378" classname="Test Cases/7_Account_Settings/Edit_Position" status="PASSED">
         <system-out><![CDATA[2019-12-28 14:51:47 - [TEST_CASE][PASSED] - Test Cases/7_Account_Settings/Edit_Position: Test Cases/7_Account_Settings/Edit_Position

2019-12-28 14:51:47 - [TEST_STEP][PASSED] - openBrowser(""): Browser is opened with url: ''

2019-12-28 14:51:47 - [MESSAGE][WARNING] - A browser is already opened. Closing browser and opening a new one

2019-12-28 14:51:48 - [MESSAGE][INFO] - Starting 'Edge' driver

2019-12-28 14:51:49 - [MESSAGE][PASSED] - Browser is opened with url: ''

2019-12-28 14:51:49 - [TEST_STEP][PASSED] - navigateToUrl("https://mattermost-duo-test-yen.herokuapp.com/bumblebee/channels/1hdhfclgy4"): Navigate to 'https://mattermost-duo-test-yen.herokuapp.com/bumblebee/channels/1hdhfclgy4' successfully

2019-12-28 14:51:50 - [MESSAGE][PASSED] - Navigate to 'https://mattermost-duo-test-yen.herokuapp.com/bumblebee/channels/1hdhfclgy4' successfully

2019-12-28 14:51:50 - [TEST_STEP][PASSED] - click(findTestObject("Object Repository/7_Account_Settings/Edit_Position/Page_1HDHFClGY4 - Bumblebee Mattermost/svg")): Object: 'Object Repository/7_Account_Settings/Edit_Position/Page_1HDHFClGY4 - Bumblebee Mattermost/svg' is clicked on

2019-12-28 14:51:53 - [MESSAGE][PASSED] - Object: 'Object Repository/7_Account_Settings/Edit_Position/Page_1HDHFClGY4 - Bumblebee Mattermost/svg' is clicked on

2019-12-28 14:51:53 - [TEST_STEP][PASSED] - click(findTestObject("Object Repository/7_Account_Settings/Edit_Position/Page_1HDHFClGY4 - Bumblebee Mattermost/button_Account Settings")): Object: 'Object Repository/7_Account_Settings/Edit_Position/Page_1HDHFClGY4 - Bumblebee Mattermost/button_Account Settings' is clicked on

2019-12-28 14:51:53 - [MESSAGE][PASSED] - Object: 'Object Repository/7_Account_Settings/Edit_Position/Page_1HDHFClGY4 - Bumblebee Mattermost/button_Account Settings' is clicked on

2019-12-28 14:51:53 - [TEST_STEP][PASSED] - click(findTestObject("Object Repository/7_Account_Settings/Edit_Position/Page_1HDHFClGY4 - Bumblebee Mattermost/span_Edit")): Object: 'Object Repository/7_Account_Settings/Edit_Position/Page_1HDHFClGY4 - Bumblebee Mattermost/span_Edit' is clicked on

2019-12-28 14:51:54 - [MESSAGE][PASSED] - Object: 'Object Repository/7_Account_Settings/Edit_Position/Page_1HDHFClGY4 - Bumblebee Mattermost/span_Edit' is clicked on

2019-12-28 14:51:54 - [TEST_STEP][PASSED] - setText(findTestObject("Object Repository/7_Account_Settings/Edit_Position/Page_1HDHFClGY4 - Bumblebee Mattermost/input_Position_position"), Position): Text 'Mentor' is set on object 'Object Repository/7_Account_Settings/Edit_Position/Page_1HDHFClGY4 - Bumblebee Mattermost/input_Position_position'

2019-12-28 14:51:54 - [MESSAGE][PASSED] - Text 'Mentor' is set on object 'Object Repository/7_Account_Settings/Edit_Position/Page_1HDHFClGY4 - Bumblebee Mattermost/input_Position_position'

2019-12-28 14:51:54 - [TEST_STEP][PASSED] - click(findTestObject("Object Repository/7_Account_Settings/Edit_Position/Page_1HDHFClGY4 - Bumblebee Mattermost/span_Save")): Object: 'Object Repository/7_Account_Settings/Edit_Position/Page_1HDHFClGY4 - Bumblebee Mattermost/span_Save' is clicked on

2019-12-28 14:51:54 - [MESSAGE][PASSED] - Object: 'Object Repository/7_Account_Settings/Edit_Position/Page_1HDHFClGY4 - Bumblebee Mattermost/span_Save' is clicked on

2019-12-28 14:51:54 - [TEST_STEP][PASSED] - click(findTestObject("Object Repository/7_Account_Settings/Edit_Position/Page_1HDHFClGY4 - Bumblebee Mattermost/span_")): Object: 'Object Repository/7_Account_Settings/Edit_Position/Page_1HDHFClGY4 - Bumblebee Mattermost/span_' is clicked on

2019-12-28 14:51:54 - [MESSAGE][PASSED] - Object: 'Object Repository/7_Account_Settings/Edit_Position/Page_1HDHFClGY4 - Bumblebee Mattermost/span_' is clicked on

2019-12-28 14:51:54 - [TEST_STEP][NOT_RUN] - closeBrowser(): NOT_RUN: closeBrowser()

2019-12-28 14:51:54 - [MESSAGE][NOT_RUN] - NOT_RUN: closeBrowser()]]></system-out>
         <system-err><![CDATA[]]></system-err>
      </testcase>
      <testcase name="Test Cases/7_Account_Settings/Edit_Position" time="7.837" classname="Test Cases/7_Account_Settings/Edit_Position" status="PASSED">
         <system-out><![CDATA[2019-12-28 14:51:54 - [TEST_CASE][PASSED] - Test Cases/7_Account_Settings/Edit_Position: Test Cases/7_Account_Settings/Edit_Position

2019-12-28 14:51:54 - [TEST_STEP][PASSED] - openBrowser(""): Browser is opened with url: ''

2019-12-28 14:51:54 - [MESSAGE][WARNING] - A browser is already opened. Closing browser and opening a new one

2019-12-28 14:51:55 - [MESSAGE][INFO] - Starting 'Edge' driver

2019-12-28 14:51:56 - [MESSAGE][PASSED] - Browser is opened with url: ''

2019-12-28 14:51:56 - [TEST_STEP][PASSED] - navigateToUrl("https://mattermost-duo-test-yen.herokuapp.com/bumblebee/channels/1hdhfclgy4"): Navigate to 'https://mattermost-duo-test-yen.herokuapp.com/bumblebee/channels/1hdhfclgy4' successfully

2019-12-28 14:51:58 - [MESSAGE][PASSED] - Navigate to 'https://mattermost-duo-test-yen.herokuapp.com/bumblebee/channels/1hdhfclgy4' successfully

2019-12-28 14:51:58 - [TEST_STEP][PASSED] - click(findTestObject("Object Repository/7_Account_Settings/Edit_Position/Page_1HDHFClGY4 - Bumblebee Mattermost/svg")): Object: 'Object Repository/7_Account_Settings/Edit_Position/Page_1HDHFClGY4 - Bumblebee Mattermost/svg' is clicked on

2019-12-28 14:52:00 - [MESSAGE][PASSED] - Object: 'Object Repository/7_Account_Settings/Edit_Position/Page_1HDHFClGY4 - Bumblebee Mattermost/svg' is clicked on

2019-12-28 14:52:00 - [TEST_STEP][PASSED] - click(findTestObject("Object Repository/7_Account_Settings/Edit_Position/Page_1HDHFClGY4 - Bumblebee Mattermost/button_Account Settings")): Object: 'Object Repository/7_Account_Settings/Edit_Position/Page_1HDHFClGY4 - Bumblebee Mattermost/button_Account Settings' is clicked on

2019-12-28 14:52:01 - [MESSAGE][PASSED] - Object: 'Object Repository/7_Account_Settings/Edit_Position/Page_1HDHFClGY4 - Bumblebee Mattermost/button_Account Settings' is clicked on

2019-12-28 14:52:01 - [TEST_STEP][PASSED] - click(findTestObject("Object Repository/7_Account_Settings/Edit_Position/Page_1HDHFClGY4 - Bumblebee Mattermost/span_Edit")): Object: 'Object Repository/7_Account_Settings/Edit_Position/Page_1HDHFClGY4 - Bumblebee Mattermost/span_Edit' is clicked on

2019-12-28 14:52:02 - [MESSAGE][PASSED] - Object: 'Object Repository/7_Account_Settings/Edit_Position/Page_1HDHFClGY4 - Bumblebee Mattermost/span_Edit' is clicked on

2019-12-28 14:52:02 - [TEST_STEP][PASSED] - setText(findTestObject("Object Repository/7_Account_Settings/Edit_Position/Page_1HDHFClGY4 - Bumblebee Mattermost/input_Position_position"), Position): Text 'Mentee' is set on object 'Object Repository/7_Account_Settings/Edit_Position/Page_1HDHFClGY4 - Bumblebee Mattermost/input_Position_position'

2019-12-28 14:52:02 - [MESSAGE][PASSED] - Text 'Mentee' is set on object 'Object Repository/7_Account_Settings/Edit_Position/Page_1HDHFClGY4 - Bumblebee Mattermost/input_Position_position'

2019-12-28 14:52:02 - [TEST_STEP][PASSED] - click(findTestObject("Object Repository/7_Account_Settings/Edit_Position/Page_1HDHFClGY4 - Bumblebee Mattermost/span_Save")): Object: 'Object Repository/7_Account_Settings/Edit_Position/Page_1HDHFClGY4 - Bumblebee Mattermost/span_Save' is clicked on

2019-12-28 14:52:02 - [MESSAGE][PASSED] - Object: 'Object Repository/7_Account_Settings/Edit_Position/Page_1HDHFClGY4 - Bumblebee Mattermost/span_Save' is clicked on

2019-12-28 14:52:02 - [TEST_STEP][PASSED] - click(findTestObject("Object Repository/7_Account_Settings/Edit_Position/Page_1HDHFClGY4 - Bumblebee Mattermost/span_")): Object: 'Object Repository/7_Account_Settings/Edit_Position/Page_1HDHFClGY4 - Bumblebee Mattermost/span_' is clicked on

2019-12-28 14:52:02 - [MESSAGE][PASSED] - Object: 'Object Repository/7_Account_Settings/Edit_Position/Page_1HDHFClGY4 - Bumblebee Mattermost/span_' is clicked on

2019-12-28 14:52:02 - [TEST_STEP][NOT_RUN] - closeBrowser(): NOT_RUN: closeBrowser()

2019-12-28 14:52:02 - [MESSAGE][NOT_RUN] - NOT_RUN: closeBrowser()]]></system-out>
         <system-err><![CDATA[]]></system-err>
      </testcase>
      <testcase name="Test Cases/7_Account_Settings/Edit_Position" time="7.49" classname="Test Cases/7_Account_Settings/Edit_Position" status="PASSED">
         <system-out><![CDATA[2019-12-28 14:52:02 - [TEST_CASE][PASSED] - Test Cases/7_Account_Settings/Edit_Position: Test Cases/7_Account_Settings/Edit_Position

2019-12-28 14:52:02 - [TEST_STEP][PASSED] - openBrowser(""): Browser is opened with url: ''

2019-12-28 14:52:02 - [MESSAGE][WARNING] - A browser is already opened. Closing browser and opening a new one

2019-12-28 14:52:03 - [MESSAGE][INFO] - Starting 'Edge' driver

2019-12-28 14:52:04 - [MESSAGE][PASSED] - Browser is opened with url: ''

2019-12-28 14:52:04 - [TEST_STEP][PASSED] - navigateToUrl("https://mattermost-duo-test-yen.herokuapp.com/bumblebee/channels/1hdhfclgy4"): Navigate to 'https://mattermost-duo-test-yen.herokuapp.com/bumblebee/channels/1hdhfclgy4' successfully

2019-12-28 14:52:06 - [MESSAGE][PASSED] - Navigate to 'https://mattermost-duo-test-yen.herokuapp.com/bumblebee/channels/1hdhfclgy4' successfully

2019-12-28 14:52:06 - [TEST_STEP][PASSED] - click(findTestObject("Object Repository/7_Account_Settings/Edit_Position/Page_1HDHFClGY4 - Bumblebee Mattermost/svg")): Object: 'Object Repository/7_Account_Settings/Edit_Position/Page_1HDHFClGY4 - Bumblebee Mattermost/svg' is clicked on

2019-12-28 14:52:08 - [MESSAGE][PASSED] - Object: 'Object Repository/7_Account_Settings/Edit_Position/Page_1HDHFClGY4 - Bumblebee Mattermost/svg' is clicked on

2019-12-28 14:52:08 - [TEST_STEP][PASSED] - click(findTestObject("Object Repository/7_Account_Settings/Edit_Position/Page_1HDHFClGY4 - Bumblebee Mattermost/button_Account Settings")): Object: 'Object Repository/7_Account_Settings/Edit_Position/Page_1HDHFClGY4 - Bumblebee Mattermost/button_Account Settings' is clicked on

2019-12-28 14:52:09 - [MESSAGE][PASSED] - Object: 'Object Repository/7_Account_Settings/Edit_Position/Page_1HDHFClGY4 - Bumblebee Mattermost/button_Account Settings' is clicked on

2019-12-28 14:52:09 - [TEST_STEP][PASSED] - click(findTestObject("Object Repository/7_Account_Settings/Edit_Position/Page_1HDHFClGY4 - Bumblebee Mattermost/span_Edit")): Object: 'Object Repository/7_Account_Settings/Edit_Position/Page_1HDHFClGY4 - Bumblebee Mattermost/span_Edit' is clicked on

2019-12-28 14:52:09 - [MESSAGE][PASSED] - Object: 'Object Repository/7_Account_Settings/Edit_Position/Page_1HDHFClGY4 - Bumblebee Mattermost/span_Edit' is clicked on

2019-12-28 14:52:09 - [TEST_STEP][PASSED] - setText(findTestObject("Object Repository/7_Account_Settings/Edit_Position/Page_1HDHFClGY4 - Bumblebee Mattermost/input_Position_position"), Position): Text 'Regulator' is set on object 'Object Repository/7_Account_Settings/Edit_Position/Page_1HDHFClGY4 - Bumblebee Mattermost/input_Position_position'

2019-12-28 14:52:09 - [MESSAGE][PASSED] - Text 'Regulator' is set on object 'Object Repository/7_Account_Settings/Edit_Position/Page_1HDHFClGY4 - Bumblebee Mattermost/input_Position_position'

2019-12-28 14:52:09 - [TEST_STEP][PASSED] - click(findTestObject("Object Repository/7_Account_Settings/Edit_Position/Page_1HDHFClGY4 - Bumblebee Mattermost/span_Save")): Object: 'Object Repository/7_Account_Settings/Edit_Position/Page_1HDHFClGY4 - Bumblebee Mattermost/span_Save' is clicked on

2019-12-28 14:52:09 - [MESSAGE][PASSED] - Object: 'Object Repository/7_Account_Settings/Edit_Position/Page_1HDHFClGY4 - Bumblebee Mattermost/span_Save' is clicked on

2019-12-28 14:52:09 - [TEST_STEP][PASSED] - click(findTestObject("Object Repository/7_Account_Settings/Edit_Position/Page_1HDHFClGY4 - Bumblebee Mattermost/span_")): Object: 'Object Repository/7_Account_Settings/Edit_Position/Page_1HDHFClGY4 - Bumblebee Mattermost/span_' is clicked on

2019-12-28 14:52:09 - [MESSAGE][PASSED] - Object: 'Object Repository/7_Account_Settings/Edit_Position/Page_1HDHFClGY4 - Bumblebee Mattermost/span_' is clicked on

2019-12-28 14:52:09 - [TEST_STEP][NOT_RUN] - closeBrowser(): NOT_RUN: closeBrowser()

2019-12-28 14:52:09 - [MESSAGE][NOT_RUN] - NOT_RUN: closeBrowser()]]></system-out>
         <system-err><![CDATA[]]></system-err>
      </testcase>
      <testcase name="Test Cases/7_Account_Settings/Edit_Reply_Notifications" time="8.648" classname="Test Cases/7_Account_Settings/Edit_Reply_Notifications" status="PASSED">
         <system-out><![CDATA[2019-12-28 14:52:09 - [TEST_CASE][PASSED] - Test Cases/7_Account_Settings/Edit_Reply_Notifications: Test Cases/7_Account_Settings/Edit_Reply_Notifications

2019-12-28 14:52:10 - [TEST_STEP][PASSED] - openBrowser(""): Browser is opened with url: ''

2019-12-28 14:52:10 - [MESSAGE][WARNING] - A browser is already opened. Closing browser and opening a new one

2019-12-28 14:52:11 - [MESSAGE][INFO] - Starting 'Edge' driver

2019-12-28 14:52:12 - [MESSAGE][PASSED] - Browser is opened with url: ''

2019-12-28 14:52:12 - [TEST_STEP][PASSED] - navigateToUrl("https://mattermost-duo-test-yen.herokuapp.com/triyenthu/channels/town-square"): Navigate to 'https://mattermost-duo-test-yen.herokuapp.com/triyenthu/channels/town-square' successfully

2019-12-28 14:52:14 - [MESSAGE][PASSED] - Navigate to 'https://mattermost-duo-test-yen.herokuapp.com/triyenthu/channels/town-square' successfully

2019-12-28 14:52:14 - [TEST_STEP][PASSED] - click(findTestObject("Object Repository/7_Account_Settings/Edit_Email_Notifications/Page_Town Square - TriYenThu Mattermost/svg")): Object: 'Object Repository/7_Account_Settings/Edit_Email_Notifications/Page_Town Square - TriYenThu Mattermost/svg' is clicked on

2019-12-28 14:52:16 - [MESSAGE][PASSED] - Object: 'Object Repository/7_Account_Settings/Edit_Email_Notifications/Page_Town Square - TriYenThu Mattermost/svg' is clicked on

2019-12-28 14:52:16 - [TEST_STEP][PASSED] - click(findTestObject("Object Repository/7_Account_Settings/Edit_Email_Notifications/Page_Town Square - TriYenThu Mattermost/button_Account Settings")): Object: 'Object Repository/7_Account_Settings/Edit_Email_Notifications/Page_Town Square - TriYenThu Mattermost/button_Account Settings' is clicked on

2019-12-28 14:52:17 - [MESSAGE][PASSED] - Object: 'Object Repository/7_Account_Settings/Edit_Email_Notifications/Page_Town Square - TriYenThu Mattermost/button_Account Settings' is clicked on

2019-12-28 14:52:17 - [TEST_STEP][PASSED] - click(findTestObject("Object Repository/7_Account_Settings/Edit_Email_Notifications/Page_Town Square - TriYenThu Mattermost/button_Notifications")): Object: 'Object Repository/7_Account_Settings/Edit_Email_Notifications/Page_Town Square - TriYenThu Mattermost/button_Notifications' is clicked on

2019-12-28 14:52:18 - [MESSAGE][PASSED] - Object: 'Object Repository/7_Account_Settings/Edit_Email_Notifications/Page_Town Square - TriYenThu Mattermost/button_Notifications' is clicked on

2019-12-28 14:52:18 - [TEST_STEP][PASSED] - click(findTestObject("Object Repository/7_Account_Settings/Edit_Email_Notifications/Page_Town Square - TriYenThu Mattermost/span_Edit")): Object: 'Object Repository/7_Account_Settings/Edit_Email_Notifications/Page_Town Square - TriYenThu Mattermost/span_Edit' is clicked on

2019-12-28 14:52:18 - [MESSAGE][PASSED] - Object: 'Object Repository/7_Account_Settings/Edit_Email_Notifications/Page_Town Square - TriYenThu Mattermost/span_Edit' is clicked on

2019-12-28 14:52:18 - [TEST_STEP][PASSED] - click(findTestObject("Object Repository/7_Account_Settings/Edit_Email_Notifications/Page_Town Square - TriYenThu Mattermost/input_Reply notifications_commentsNotificat_730a39")): Object: 'Object Repository/7_Account_Settings/Edit_Email_Notifications/Page_Town Square - TriYenThu Mattermost/input_Reply notifications_commentsNotificat_730a39' is clicked on

2019-12-28 14:52:18 - [MESSAGE][PASSED] - Object: 'Object Repository/7_Account_Settings/Edit_Email_Notifications/Page_Town Square - TriYenThu Mattermost/input_Reply notifications_commentsNotificat_730a39' is clicked on

2019-12-28 14:52:18 - [TEST_STEP][PASSED] - click(findTestObject("Object Repository/7_Account_Settings/Edit_Email_Notifications/Page_Town Square - TriYenThu Mattermost/span_Save")): Object: 'Object Repository/7_Account_Settings/Edit_Email_Notifications/Page_Town Square - TriYenThu Mattermost/span_Save' is clicked on

2019-12-28 14:52:18 - [MESSAGE][PASSED] - Object: 'Object Repository/7_Account_Settings/Edit_Email_Notifications/Page_Town Square - TriYenThu Mattermost/span_Save' is clicked on

2019-12-28 14:52:18 - [TEST_STEP][PASSED] - click(findTestObject("Object Repository/7_Account_Settings/Edit_Email_Notifications/Page_Town Square - TriYenThu Mattermost/span_")): Object: 'Object Repository/7_Account_Settings/Edit_Email_Notifications/Page_Town Square - TriYenThu Mattermost/span_' is clicked on

2019-12-28 14:52:18 - [MESSAGE][PASSED] - Object: 'Object Repository/7_Account_Settings/Edit_Email_Notifications/Page_Town Square - TriYenThu Mattermost/span_' is clicked on

2019-12-28 14:52:18 - [TEST_STEP][NOT_RUN] - closeBrowser(): NOT_RUN: closeBrowser()

2019-12-28 14:52:18 - [MESSAGE][NOT_RUN] - NOT_RUN: closeBrowser()]]></system-out>
         <system-err><![CDATA[]]></system-err>
      </testcase>
      <testcase name="Test Cases/7_Account_Settings/Edit_Words_Trigger_Mentions" time="8.163" classname="Test Cases/7_Account_Settings/Edit_Words_Trigger_Mentions" status="PASSED">
         <system-out><![CDATA[2019-12-28 14:52:18 - [TEST_CASE][PASSED] - Test Cases/7_Account_Settings/Edit_Words_Trigger_Mentions: Test Cases/7_Account_Settings/Edit_Words_Trigger_Mentions

2019-12-28 14:52:18 - [TEST_STEP][PASSED] - openBrowser(""): Browser is opened with url: ''

2019-12-28 14:52:18 - [MESSAGE][WARNING] - A browser is already opened. Closing browser and opening a new one

2019-12-28 14:52:20 - [MESSAGE][INFO] - Starting 'Edge' driver

2019-12-28 14:52:21 - [MESSAGE][PASSED] - Browser is opened with url: ''

2019-12-28 14:52:21 - [TEST_STEP][PASSED] - navigateToUrl("https://mattermost-duo-test-yen.herokuapp.com/trithuyen/channels/town-square"): Navigate to 'https://mattermost-duo-test-yen.herokuapp.com/trithuyen/channels/town-square' successfully

2019-12-28 14:52:22 - [MESSAGE][PASSED] - Navigate to 'https://mattermost-duo-test-yen.herokuapp.com/trithuyen/channels/town-square' successfully

2019-12-28 14:52:22 - [TEST_STEP][PASSED] - click(findTestObject("7_Account_Settings/Edit_Words_Trigger_Mentions/Page_Town Square - TriThuYen Mattermost/svg")): Object: 'Object Repository/7_Account_Settings/Edit_Words_Trigger_Mentions/Page_Town Square - TriThuYen Mattermost/svg' is clicked on

2019-12-28 14:52:25 - [MESSAGE][PASSED] - Object: 'Object Repository/7_Account_Settings/Edit_Words_Trigger_Mentions/Page_Town Square - TriThuYen Mattermost/svg' is clicked on

2019-12-28 14:52:25 - [TEST_STEP][PASSED] - click(findTestObject("7_Account_Settings/Edit_Words_Trigger_Mentions/Page_Town Square - TriThuYen Mattermost/button_Account Settings")): Object: 'Object Repository/7_Account_Settings/Edit_Words_Trigger_Mentions/Page_Town Square - TriThuYen Mattermost/button_Account Settings' is clicked on

2019-12-28 14:52:25 - [MESSAGE][PASSED] - Object: 'Object Repository/7_Account_Settings/Edit_Words_Trigger_Mentions/Page_Town Square - TriThuYen Mattermost/button_Account Settings' is clicked on

2019-12-28 14:52:25 - [TEST_STEP][PASSED] - click(findTestObject("7_Account_Settings/Edit_Words_Trigger_Mentions/Page_Town Square - TriThuYen Mattermost/button_Notifications")): Object: 'Object Repository/7_Account_Settings/Edit_Words_Trigger_Mentions/Page_Town Square - TriThuYen Mattermost/button_Notifications' is clicked on

2019-12-28 14:52:26 - [MESSAGE][PASSED] - Object: 'Object Repository/7_Account_Settings/Edit_Words_Trigger_Mentions/Page_Town Square - TriThuYen Mattermost/button_Notifications' is clicked on

2019-12-28 14:52:26 - [TEST_STEP][PASSED] - click(findTestObject("7_Account_Settings/Edit_Words_Trigger_Mentions/Page_Town Square - TriThuYen Mattermost/span_Edit")): Object: 'Object Repository/7_Account_Settings/Edit_Words_Trigger_Mentions/Page_Town Square - TriThuYen Mattermost/span_Edit' is clicked on

2019-12-28 14:52:26 - [MESSAGE][PASSED] - Object: 'Object Repository/7_Account_Settings/Edit_Words_Trigger_Mentions/Page_Town Square - TriThuYen Mattermost/span_Edit' is clicked on

2019-12-28 14:52:26 - [TEST_STEP][PASSED] - setText(findTestObject("7_Account_Settings/Edit_Words_Trigger_Mentions/Page_Town Square - TriThuYen Mattermost/input_Other non-case sensitive words separa_48b795"), "@me"): Text '@me' is set on object 'Object Repository/7_Account_Settings/Edit_Words_Trigger_Mentions/Page_Town Square - TriThuYen Mattermost/input_Other non-case sensitive words separa_48b795'

2019-12-28 14:52:26 - [MESSAGE][PASSED] - Text '@me' is set on object 'Object Repository/7_Account_Settings/Edit_Words_Trigger_Mentions/Page_Town Square - TriThuYen Mattermost/input_Other non-case sensitive words separa_48b795'

2019-12-28 14:52:26 - [TEST_STEP][PASSED] - click(findTestObject("7_Account_Settings/Edit_Words_Trigger_Mentions/Page_Town Square - TriThuYen Mattermost/span_Save")): Object: 'Object Repository/7_Account_Settings/Edit_Words_Trigger_Mentions/Page_Town Square - TriThuYen Mattermost/span_Save' is clicked on

2019-12-28 14:52:26 - [MESSAGE][PASSED] - Object: 'Object Repository/7_Account_Settings/Edit_Words_Trigger_Mentions/Page_Town Square - TriThuYen Mattermost/span_Save' is clicked on

2019-12-28 14:52:26 - [TEST_STEP][PASSED] - click(findTestObject("7_Account_Settings/Edit_Words_Trigger_Mentions/Page_Town Square - TriThuYen Mattermost/span_")): Object: 'Object Repository/7_Account_Settings/Edit_Words_Trigger_Mentions/Page_Town Square - TriThuYen Mattermost/span_' is clicked on

2019-12-28 14:52:26 - [MESSAGE][PASSED] - Object: 'Object Repository/7_Account_Settings/Edit_Words_Trigger_Mentions/Page_Town Square - TriThuYen Mattermost/span_' is clicked on

2019-12-28 14:52:26 - [TEST_STEP][NOT_RUN] - closeBrowser(): NOT_RUN: closeBrowser()

2019-12-28 14:52:26 - [MESSAGE][NOT_RUN] - NOT_RUN: closeBrowser()]]></system-out>
         <system-err><![CDATA[]]></system-err>
      </testcase>
      <system-out><![CDATA[2019-12-28 14:49:26 - [TEST_SUITE][PASSED] - Run_all_test_cases: Test Cases/7_Account_Settings/Edit_Words_Trigger_Mentions]]></system-out>
      <system-err><![CDATA[]]></system-err>
   </testsuite>
</testsuites>
