<?xml version="1.0" encoding="UTF-8"?>
<testsuites name="Run_all_test_cases" time="57.345" tests="5" failures="0" errors="0">
   <testsuite name="Run_all_test_cases" tests="5" failures="0" errors="0" time="57.345" timestamp="2019-12-21 22:56:20" hostname="Ng\u1ECDc Y\u1EBFn - 192.168.1.2" id="Test Suites/Run_all_test_cases">
      <properties>
         <property name="deviceName" value=""/>
         <property name="devicePlatform" value=""/>
         <property name="logFolder" value="D:\\CS300-project\\2 points\\mattermost-duo-test\\Reports\\20191221_225617\\Run_all_test_cases\\20191221_225617"/>
         <property name="logFiles" value="D:\\CS300-project\\2 points\\mattermost-duo-test\\Reports\\20191221_225617\\Run_all_test_cases\\20191221_225617\\execution0.log"/>
         <property name="attachments" value=""/>
         <property name="hostName" value="Ng\u1ECDc Y\u1EBFn - 192.168.1.2"/>
         <property name="os" value="Windows 10 64bit"/>
         <property name="katalonVersion" value="7.1.2.1"/>
         <property name="browser" value="Edge 18"/>
         <property name="hostAddress" value="192.168.1.2"/>
         <property name="sessionId" value="A160E1D6-CFD4-4864-81C9-76379AAF1CCD"/>
         <property name="seleniumVersion" value="3.141.59"/>
         <property name="proxyInformation" value="ProxyInformation{proxyOption=NO_PROXY, proxyServerType=HTTP, password=, proxyServerAddress=, proxyServerPort=0, executionList=}"/>
         <property name="platform" value="Windows 10"/>
      </properties>
      <testcase name="Test Cases/2_Create_Channel/Private_Channel" time="13.315" classname="Test Cases/2_Create_Channel/Private_Channel" status="PASSED">
         <system-out><![CDATA[2019-12-21 22:56:20 - [TEST_CASE][PASSED] - Test Cases/2_Create_Channel/Private_Channel: Test Cases/2_Create_Channel/Private_Channel

2019-12-21 22:56:21 - [TEST_STEP][PASSED] - openBrowser(""): Browser is opened with url: ''

2019-12-21 22:56:22 - [MESSAGE][INFO] - Starting 'Edge' driver

2019-12-21 22:56:23 - [MESSAGE][INFO] - Action delay is set to 0 seconds

2019-12-21 22:56:25 - [MESSAGE][PASSED] - Browser is opened with url: ''

2019-12-21 22:56:25 - [TEST_STEP][PASSED] - navigateToUrl("https://mattermost-duo-test-yen.herokuapp.com/bumblebee/channels/bugs"): Navigate to 'https://mattermost-duo-test-yen.herokuapp.com/bumblebee/channels/bugs' successfully

2019-12-21 22:56:27 - [MESSAGE][PASSED] - Navigate to 'https://mattermost-duo-test-yen.herokuapp.com/bumblebee/channels/bugs' successfully

2019-12-21 22:56:27 - [TEST_STEP][PASSED] - click(findTestObject("Object Repository/2_Create_Channel/Page_(2)  Bugs - Bumblebee Mattermost/span_")): Object: 'Object Repository/2_Create_Channel/Page_(2)  Bugs - Bumblebee Mattermost/span_' is clicked on

2019-12-21 22:56:32 - [MESSAGE][PASSED] - Object: 'Object Repository/2_Create_Channel/Page_(2)  Bugs - Bumblebee Mattermost/span_' is clicked on

2019-12-21 22:56:32 - [TEST_STEP][PASSED] - click(findTestObject("Object Repository/2_Create_Channel/Page_(2)  Bugs - Bumblebee Mattermost/div_URL  (Edit)")): Object: 'Object Repository/2_Create_Channel/Page_(2)  Bugs - Bumblebee Mattermost/div_URL  (Edit)' is clicked on

2019-12-21 22:56:32 - [MESSAGE][PASSED] - Object: 'Object Repository/2_Create_Channel/Page_(2)  Bugs - Bumblebee Mattermost/div_URL  (Edit)' is clicked on

2019-12-21 22:56:32 - [TEST_STEP][PASSED] - setText(findTestObject("Object Repository/2_Create_Channel/Page_(2)  Bugs - Bumblebee Mattermost/input_Name_newChannelName"), Channel_Name): Text '42c0G8chdfPrivate' is set on object 'Object Repository/2_Create_Channel/Page_(2)  Bugs - Bumblebee Mattermost/input_Name_newChannelName'

2019-12-21 22:56:33 - [MESSAGE][PASSED] - Text '42c0G8chdfPrivate' is set on object 'Object Repository/2_Create_Channel/Page_(2)  Bugs - Bumblebee Mattermost/input_Name_newChannelName'

2019-12-21 22:56:33 - [TEST_STEP][PASSED] - click(findTestObject("Object Repository/2_Create_Channel/Page_(2)  Bugs - Bumblebee Mattermost/span_Create New Channel")): Object: 'Object Repository/2_Create_Channel/Page_(2)  Bugs - Bumblebee Mattermost/span_Create New Channel' is clicked on

2019-12-21 22:56:34 - [MESSAGE][PASSED] - Object: 'Object Repository/2_Create_Channel/Page_(2)  Bugs - Bumblebee Mattermost/span_Create New Channel' is clicked on

2019-12-21 22:56:34 - [TEST_STEP][NOT_RUN] - closeBrowser(): NOT_RUN: closeBrowser()

2019-12-21 22:56:34 - [MESSAGE][NOT_RUN] - NOT_RUN: closeBrowser()]]></system-out>
         <system-err><![CDATA[]]></system-err>
      </testcase>
      <testcase name="Test Cases/2_Create_Channel/Private_Channel" time="10.485" classname="Test Cases/2_Create_Channel/Private_Channel" status="PASSED">
         <system-out><![CDATA[2019-12-21 22:56:34 - [TEST_CASE][PASSED] - Test Cases/2_Create_Channel/Private_Channel: Test Cases/2_Create_Channel/Private_Channel

2019-12-21 22:56:34 - [TEST_STEP][PASSED] - openBrowser(""): Browser is opened with url: ''

2019-12-21 22:56:34 - [MESSAGE][WARNING] - A browser is already opened. Closing browser and opening a new one

2019-12-21 22:56:35 - [MESSAGE][INFO] - Starting 'Edge' driver

2019-12-21 22:56:37 - [MESSAGE][PASSED] - Browser is opened with url: ''

2019-12-21 22:56:37 - [TEST_STEP][PASSED] - navigateToUrl("https://mattermost-duo-test-yen.herokuapp.com/bumblebee/channels/bugs"): Navigate to 'https://mattermost-duo-test-yen.herokuapp.com/bumblebee/channels/bugs' successfully

2019-12-21 22:56:38 - [MESSAGE][PASSED] - Navigate to 'https://mattermost-duo-test-yen.herokuapp.com/bumblebee/channels/bugs' successfully

2019-12-21 22:56:38 - [TEST_STEP][PASSED] - click(findTestObject("Object Repository/2_Create_Channel/Page_(2)  Bugs - Bumblebee Mattermost/span_")): Object: 'Object Repository/2_Create_Channel/Page_(2)  Bugs - Bumblebee Mattermost/span_' is clicked on

2019-12-21 22:56:42 - [MESSAGE][PASSED] - Object: 'Object Repository/2_Create_Channel/Page_(2)  Bugs - Bumblebee Mattermost/span_' is clicked on

2019-12-21 22:56:42 - [TEST_STEP][PASSED] - click(findTestObject("Object Repository/2_Create_Channel/Page_(2)  Bugs - Bumblebee Mattermost/div_URL  (Edit)")): Object: 'Object Repository/2_Create_Channel/Page_(2)  Bugs - Bumblebee Mattermost/div_URL  (Edit)' is clicked on

2019-12-21 22:56:43 - [MESSAGE][PASSED] - Object: 'Object Repository/2_Create_Channel/Page_(2)  Bugs - Bumblebee Mattermost/div_URL  (Edit)' is clicked on

2019-12-21 22:56:43 - [TEST_STEP][PASSED] - setText(findTestObject("Object Repository/2_Create_Channel/Page_(2)  Bugs - Bumblebee Mattermost/input_Name_newChannelName"), Channel_Name): Text 'K1JeaNyXLKPrivate' is set on object 'Object Repository/2_Create_Channel/Page_(2)  Bugs - Bumblebee Mattermost/input_Name_newChannelName'

2019-12-21 22:56:44 - [MESSAGE][PASSED] - Text 'K1JeaNyXLKPrivate' is set on object 'Object Repository/2_Create_Channel/Page_(2)  Bugs - Bumblebee Mattermost/input_Name_newChannelName'

2019-12-21 22:56:44 - [TEST_STEP][PASSED] - click(findTestObject("Object Repository/2_Create_Channel/Page_(2)  Bugs - Bumblebee Mattermost/span_Create New Channel")): Object: 'Object Repository/2_Create_Channel/Page_(2)  Bugs - Bumblebee Mattermost/span_Create New Channel' is clicked on

2019-12-21 22:56:44 - [MESSAGE][PASSED] - Object: 'Object Repository/2_Create_Channel/Page_(2)  Bugs - Bumblebee Mattermost/span_Create New Channel' is clicked on

2019-12-21 22:56:44 - [TEST_STEP][NOT_RUN] - closeBrowser(): NOT_RUN: closeBrowser()

2019-12-21 22:56:44 - [MESSAGE][NOT_RUN] - NOT_RUN: closeBrowser()]]></system-out>
         <system-err><![CDATA[]]></system-err>
      </testcase>
      <testcase name="Test Cases/2_Create_Channel/Private_Channel" time="10.383" classname="Test Cases/2_Create_Channel/Private_Channel" status="PASSED">
         <system-out><![CDATA[2019-12-21 22:56:44 - [TEST_CASE][PASSED] - Test Cases/2_Create_Channel/Private_Channel: Test Cases/2_Create_Channel/Private_Channel

2019-12-21 22:56:44 - [TEST_STEP][PASSED] - openBrowser(""): Browser is opened with url: ''

2019-12-21 22:56:44 - [MESSAGE][WARNING] - A browser is already opened. Closing browser and opening a new one

2019-12-21 22:56:45 - [MESSAGE][INFO] - Starting 'Edge' driver

2019-12-21 22:56:47 - [MESSAGE][PASSED] - Browser is opened with url: ''

2019-12-21 22:56:47 - [TEST_STEP][PASSED] - navigateToUrl("https://mattermost-duo-test-yen.herokuapp.com/bumblebee/channels/bugs"): Navigate to 'https://mattermost-duo-test-yen.herokuapp.com/bumblebee/channels/bugs' successfully

2019-12-21 22:56:49 - [MESSAGE][PASSED] - Navigate to 'https://mattermost-duo-test-yen.herokuapp.com/bumblebee/channels/bugs' successfully

2019-12-21 22:56:49 - [TEST_STEP][PASSED] - click(findTestObject("Object Repository/2_Create_Channel/Page_(2)  Bugs - Bumblebee Mattermost/span_")): Object: 'Object Repository/2_Create_Channel/Page_(2)  Bugs - Bumblebee Mattermost/span_' is clicked on

2019-12-21 22:56:53 - [MESSAGE][PASSED] - Object: 'Object Repository/2_Create_Channel/Page_(2)  Bugs - Bumblebee Mattermost/span_' is clicked on

2019-12-21 22:56:53 - [TEST_STEP][PASSED] - click(findTestObject("Object Repository/2_Create_Channel/Page_(2)  Bugs - Bumblebee Mattermost/div_URL  (Edit)")): Object: 'Object Repository/2_Create_Channel/Page_(2)  Bugs - Bumblebee Mattermost/div_URL  (Edit)' is clicked on

2019-12-21 22:56:53 - [MESSAGE][PASSED] - Object: 'Object Repository/2_Create_Channel/Page_(2)  Bugs - Bumblebee Mattermost/div_URL  (Edit)' is clicked on

2019-12-21 22:56:53 - [TEST_STEP][PASSED] - setText(findTestObject("Object Repository/2_Create_Channel/Page_(2)  Bugs - Bumblebee Mattermost/input_Name_newChannelName"), Channel_Name): Text 'q1p4rByDUMPrivate' is set on object 'Object Repository/2_Create_Channel/Page_(2)  Bugs - Bumblebee Mattermost/input_Name_newChannelName'

2019-12-21 22:56:54 - [MESSAGE][PASSED] - Text 'q1p4rByDUMPrivate' is set on object 'Object Repository/2_Create_Channel/Page_(2)  Bugs - Bumblebee Mattermost/input_Name_newChannelName'

2019-12-21 22:56:54 - [TEST_STEP][PASSED] - click(findTestObject("Object Repository/2_Create_Channel/Page_(2)  Bugs - Bumblebee Mattermost/span_Create New Channel")): Object: 'Object Repository/2_Create_Channel/Page_(2)  Bugs - Bumblebee Mattermost/span_Create New Channel' is clicked on

2019-12-21 22:56:55 - [MESSAGE][PASSED] - Object: 'Object Repository/2_Create_Channel/Page_(2)  Bugs - Bumblebee Mattermost/span_Create New Channel' is clicked on

2019-12-21 22:56:55 - [TEST_STEP][NOT_RUN] - closeBrowser(): NOT_RUN: closeBrowser()

2019-12-21 22:56:55 - [MESSAGE][NOT_RUN] - NOT_RUN: closeBrowser()]]></system-out>
         <system-err><![CDATA[]]></system-err>
      </testcase>
      <testcase name="Test Cases/2_Create_Channel/Private_Channel" time="10.73" classname="Test Cases/2_Create_Channel/Private_Channel" status="PASSED">
         <system-out><![CDATA[2019-12-21 22:56:55 - [TEST_CASE][PASSED] - Test Cases/2_Create_Channel/Private_Channel: Test Cases/2_Create_Channel/Private_Channel

2019-12-21 22:56:55 - [TEST_STEP][PASSED] - openBrowser(""): Browser is opened with url: ''

2019-12-21 22:56:55 - [MESSAGE][WARNING] - A browser is already opened. Closing browser and opening a new one

2019-12-21 22:56:56 - [MESSAGE][INFO] - Starting 'Edge' driver

2019-12-21 22:56:58 - [MESSAGE][PASSED] - Browser is opened with url: ''

2019-12-21 22:56:58 - [TEST_STEP][PASSED] - navigateToUrl("https://mattermost-duo-test-yen.herokuapp.com/bumblebee/channels/bugs"): Navigate to 'https://mattermost-duo-test-yen.herokuapp.com/bumblebee/channels/bugs' successfully

2019-12-21 22:57:00 - [MESSAGE][PASSED] - Navigate to 'https://mattermost-duo-test-yen.herokuapp.com/bumblebee/channels/bugs' successfully

2019-12-21 22:57:00 - [TEST_STEP][PASSED] - click(findTestObject("Object Repository/2_Create_Channel/Page_(2)  Bugs - Bumblebee Mattermost/span_")): Object: 'Object Repository/2_Create_Channel/Page_(2)  Bugs - Bumblebee Mattermost/span_' is clicked on

2019-12-21 22:57:04 - [MESSAGE][PASSED] - Object: 'Object Repository/2_Create_Channel/Page_(2)  Bugs - Bumblebee Mattermost/span_' is clicked on

2019-12-21 22:57:04 - [TEST_STEP][PASSED] - click(findTestObject("Object Repository/2_Create_Channel/Page_(2)  Bugs - Bumblebee Mattermost/div_URL  (Edit)")): Object: 'Object Repository/2_Create_Channel/Page_(2)  Bugs - Bumblebee Mattermost/div_URL  (Edit)' is clicked on

2019-12-21 22:57:04 - [MESSAGE][PASSED] - Object: 'Object Repository/2_Create_Channel/Page_(2)  Bugs - Bumblebee Mattermost/div_URL  (Edit)' is clicked on

2019-12-21 22:57:04 - [TEST_STEP][PASSED] - setText(findTestObject("Object Repository/2_Create_Channel/Page_(2)  Bugs - Bumblebee Mattermost/input_Name_newChannelName"), Channel_Name): Text 'gbDGbBi4iyPrivate' is set on object 'Object Repository/2_Create_Channel/Page_(2)  Bugs - Bumblebee Mattermost/input_Name_newChannelName'

2019-12-21 22:57:05 - [MESSAGE][PASSED] - Text 'gbDGbBi4iyPrivate' is set on object 'Object Repository/2_Create_Channel/Page_(2)  Bugs - Bumblebee Mattermost/input_Name_newChannelName'

2019-12-21 22:57:05 - [TEST_STEP][PASSED] - click(findTestObject("Object Repository/2_Create_Channel/Page_(2)  Bugs - Bumblebee Mattermost/span_Create New Channel")): Object: 'Object Repository/2_Create_Channel/Page_(2)  Bugs - Bumblebee Mattermost/span_Create New Channel' is clicked on

2019-12-21 22:57:05 - [MESSAGE][PASSED] - Object: 'Object Repository/2_Create_Channel/Page_(2)  Bugs - Bumblebee Mattermost/span_Create New Channel' is clicked on

2019-12-21 22:57:05 - [TEST_STEP][NOT_RUN] - closeBrowser(): NOT_RUN: closeBrowser()

2019-12-21 22:57:05 - [MESSAGE][NOT_RUN] - NOT_RUN: closeBrowser()]]></system-out>
         <system-err><![CDATA[]]></system-err>
      </testcase>
      <testcase name="Test Cases/2_Create_Channel/Private_Channel" time="10.795" classname="Test Cases/2_Create_Channel/Private_Channel" status="PASSED">
         <system-out><![CDATA[2019-12-21 22:57:05 - [TEST_CASE][PASSED] - Test Cases/2_Create_Channel/Private_Channel: Test Cases/2_Create_Channel/Private_Channel

2019-12-21 22:57:05 - [TEST_STEP][PASSED] - openBrowser(""): Browser is opened with url: ''

2019-12-21 22:57:05 - [MESSAGE][WARNING] - A browser is already opened. Closing browser and opening a new one

2019-12-21 22:57:07 - [MESSAGE][INFO] - Starting 'Edge' driver

2019-12-21 22:57:08 - [MESSAGE][PASSED] - Browser is opened with url: ''

2019-12-21 22:57:08 - [TEST_STEP][PASSED] - navigateToUrl("https://mattermost-duo-test-yen.herokuapp.com/bumblebee/channels/bugs"): Navigate to 'https://mattermost-duo-test-yen.herokuapp.com/bumblebee/channels/bugs' successfully

2019-12-21 22:57:10 - [MESSAGE][PASSED] - Navigate to 'https://mattermost-duo-test-yen.herokuapp.com/bumblebee/channels/bugs' successfully

2019-12-21 22:57:10 - [TEST_STEP][PASSED] - click(findTestObject("Object Repository/2_Create_Channel/Page_(2)  Bugs - Bumblebee Mattermost/span_")): Object: 'Object Repository/2_Create_Channel/Page_(2)  Bugs - Bumblebee Mattermost/span_' is clicked on

2019-12-21 22:57:14 - [MESSAGE][PASSED] - Object: 'Object Repository/2_Create_Channel/Page_(2)  Bugs - Bumblebee Mattermost/span_' is clicked on

2019-12-21 22:57:14 - [TEST_STEP][PASSED] - click(findTestObject("Object Repository/2_Create_Channel/Page_(2)  Bugs - Bumblebee Mattermost/div_URL  (Edit)")): Object: 'Object Repository/2_Create_Channel/Page_(2)  Bugs - Bumblebee Mattermost/div_URL  (Edit)' is clicked on

2019-12-21 22:57:15 - [MESSAGE][PASSED] - Object: 'Object Repository/2_Create_Channel/Page_(2)  Bugs - Bumblebee Mattermost/div_URL  (Edit)' is clicked on

2019-12-21 22:57:15 - [TEST_STEP][PASSED] - setText(findTestObject("Object Repository/2_Create_Channel/Page_(2)  Bugs - Bumblebee Mattermost/input_Name_newChannelName"), Channel_Name): Text '1HDHFClGY4Private' is set on object 'Object Repository/2_Create_Channel/Page_(2)  Bugs - Bumblebee Mattermost/input_Name_newChannelName'

2019-12-21 22:57:16 - [MESSAGE][PASSED] - Text '1HDHFClGY4Private' is set on object 'Object Repository/2_Create_Channel/Page_(2)  Bugs - Bumblebee Mattermost/input_Name_newChannelName'

2019-12-21 22:57:16 - [TEST_STEP][PASSED] - click(findTestObject("Object Repository/2_Create_Channel/Page_(2)  Bugs - Bumblebee Mattermost/span_Create New Channel")): Object: 'Object Repository/2_Create_Channel/Page_(2)  Bugs - Bumblebee Mattermost/span_Create New Channel' is clicked on

2019-12-21 22:57:16 - [MESSAGE][PASSED] - Object: 'Object Repository/2_Create_Channel/Page_(2)  Bugs - Bumblebee Mattermost/span_Create New Channel' is clicked on

2019-12-21 22:57:16 - [TEST_STEP][NOT_RUN] - closeBrowser(): NOT_RUN: closeBrowser()

2019-12-21 22:57:16 - [MESSAGE][NOT_RUN] - NOT_RUN: closeBrowser()]]></system-out>
         <system-err><![CDATA[]]></system-err>
      </testcase>
      <system-out><![CDATA[2019-12-21 22:56:20 - [TEST_SUITE][PASSED] - Run_all_test_cases: Test Cases/2_Create_Channel/Private_Channel]]></system-out>
      <system-err><![CDATA[]]></system-err>
   </testsuite>
</testsuites>
