<?xml version="1.0" encoding="UTF-8"?>
<testsuites name="Run_all_test_cases" time="77.34" tests="5" failures="0" errors="0">
   <testsuite name="Run_all_test_cases" tests="5" failures="0" errors="0" time="77.34" timestamp="2019-12-21 22:49:35" hostname="Ng\u1ECDc Y\u1EBFn - 192.168.1.2" id="Test Suites/Run_all_test_cases">
      <properties>
         <property name="deviceName" value=""/>
         <property name="devicePlatform" value=""/>
         <property name="logFolder" value="D:\\CS300-project\\2 points\\mattermost-duo-test\\Reports\\20191221_224932\\Run_all_test_cases\\20191221_224932"/>
         <property name="logFiles" value="D:\\CS300-project\\2 points\\mattermost-duo-test\\Reports\\20191221_224932\\Run_all_test_cases\\20191221_224932\\execution0.log"/>
         <property name="attachments" value=""/>
         <property name="hostName" value="Ng\u1ECDc Y\u1EBFn - 192.168.1.2"/>
         <property name="os" value="Windows 10 64bit"/>
         <property name="katalonVersion" value="7.1.2.1"/>
         <property name="browser" value="Edge 18"/>
         <property name="hostAddress" value="192.168.1.2"/>
         <property name="sessionId" value="9158ABD4-61E2-4B0E-B253-63F308B9E28A"/>
         <property name="seleniumVersion" value="3.141.59"/>
         <property name="proxyInformation" value="ProxyInformation{proxyOption=NO_PROXY, proxyServerType=HTTP, password=, proxyServerAddress=, proxyServerPort=0, executionList=}"/>
         <property name="platform" value="Windows 10"/>
      </properties>
      <testcase name="Test Cases/2_Create_Channel/Public_Channel" time="16.879" classname="Test Cases/2_Create_Channel/Public_Channel" status="PASSED">
         <system-out><![CDATA[2019-12-21 22:49:35 - [TEST_CASE][PASSED] - Test Cases/2_Create_Channel/Public_Channel: Test Cases/2_Create_Channel/Public_Channel

2019-12-21 22:49:36 - [TEST_STEP][PASSED] - openBrowser(""): Browser is opened with url: ''

2019-12-21 22:49:36 - [MESSAGE][INFO] - Starting 'Edge' driver

2019-12-21 22:49:37 - [MESSAGE][INFO] - Action delay is set to 0 seconds

2019-12-21 22:49:40 - [MESSAGE][PASSED] - Browser is opened with url: ''

2019-12-21 22:49:40 - [TEST_STEP][PASSED] - navigateToUrl("https://mattermost-duo-test-yen.herokuapp.com/bumblebee/channels/town-square"): Navigate to 'https://mattermost-duo-test-yen.herokuapp.com/bumblebee/channels/town-square' successfully

2019-12-21 22:49:42 - [MESSAGE][PASSED] - Navigate to 'https://mattermost-duo-test-yen.herokuapp.com/bumblebee/channels/town-square' successfully

2019-12-21 22:49:42 - [TEST_STEP][PASSED] - click(findTestObject("Object Repository/2_Create_Channel/Page_(2)  Town Square - Bumblebee Mattermost/span_")): Object: 'Object Repository/2_Create_Channel/Page_(2)  Town Square - Bumblebee Mattermost/span_' is clicked on

2019-12-21 22:49:45 - [MESSAGE][PASSED] - Object: 'Object Repository/2_Create_Channel/Page_(2)  Town Square - Bumblebee Mattermost/span_' is clicked on

2019-12-21 22:49:45 - [TEST_STEP][PASSED] - click(findTestObject("Object Repository/2_Create_Channel/Page_(2)  Town Square - Bumblebee Mattermost/div_URL  (Edit)")): Object: 'Object Repository/2_Create_Channel/Page_(2)  Town Square - Bumblebee Mattermost/div_URL  (Edit)' is clicked on

2019-12-21 22:49:46 - [MESSAGE][PASSED] - Object: 'Object Repository/2_Create_Channel/Page_(2)  Town Square - Bumblebee Mattermost/div_URL  (Edit)' is clicked on

2019-12-21 22:49:46 - [TEST_STEP][PASSED] - setText(findTestObject("Object Repository/2_Create_Channel/Page_(2)  Town Square - Bumblebee Mattermost/input_Name_newChannelName"), Channel_Name): Text '42c0G8chdf' is set on object 'Object Repository/2_Create_Channel/Page_(2)  Town Square - Bumblebee Mattermost/input_Name_newChannelName'

2019-12-21 22:49:47 - [MESSAGE][PASSED] - Text '42c0G8chdf' is set on object 'Object Repository/2_Create_Channel/Page_(2)  Town Square - Bumblebee Mattermost/input_Name_newChannelName'

2019-12-21 22:49:47 - [TEST_STEP][PASSED] - setText(findTestObject("Object Repository/2_Create_Channel/Page_(2)  Town Square - Bumblebee Mattermost/textarea_hello"), Channel_Purpose): Text 'kw6jvGrdCY' is set on object 'Object Repository/2_Create_Channel/Page_(2)  Town Square - Bumblebee Mattermost/textarea_hello'

2019-12-21 22:49:48 - [MESSAGE][PASSED] - Text 'kw6jvGrdCY' is set on object 'Object Repository/2_Create_Channel/Page_(2)  Town Square - Bumblebee Mattermost/textarea_hello'

2019-12-21 22:49:48 - [TEST_STEP][PASSED] - setText(findTestObject("Object Repository/2_Create_Channel/Page_(2)  Town Square - Bumblebee Mattermost/textarea_No depending be convinced in unfee_db377f"), Channel_Header): Text 'qgwcmHZwUS' is set on object 'Object Repository/2_Create_Channel/Page_(2)  Town Square - Bumblebee Mattermost/textarea_No depending be convinced in unfee_db377f'

2019-12-21 22:49:49 - [MESSAGE][PASSED] - Text 'qgwcmHZwUS' is set on object 'Object Repository/2_Create_Channel/Page_(2)  Town Square - Bumblebee Mattermost/textarea_No depending be convinced in unfee_db377f'

2019-12-21 22:49:49 - [TEST_STEP][PASSED] - click(findTestObject("Object Repository/2_Create_Channel/Page_(2)  Town Square - Bumblebee Mattermost/span_Create New Channel")): Object: 'Object Repository/2_Create_Channel/Page_(2)  Town Square - Bumblebee Mattermost/span_Create New Channel' is clicked on

2019-12-21 22:49:49 - [MESSAGE][PASSED] - Object: 'Object Repository/2_Create_Channel/Page_(2)  Town Square - Bumblebee Mattermost/span_Create New Channel' is clicked on

2019-12-21 22:49:49 - [TEST_STEP][PASSED] - delay(3): Delayed 3 second(s)

2019-12-21 22:49:52 - [MESSAGE][PASSED] - Delayed 3 second(s)

2019-12-21 22:49:52 - [TEST_STEP][NOT_RUN] - closeBrowser(): NOT_RUN: closeBrowser()

2019-12-21 22:49:52 - [MESSAGE][NOT_RUN] - NOT_RUN: closeBrowser()]]></system-out>
         <system-err><![CDATA[]]></system-err>
      </testcase>
      <testcase name="Test Cases/2_Create_Channel/Public_Channel" time="15.321" classname="Test Cases/2_Create_Channel/Public_Channel" status="PASSED">
         <system-out><![CDATA[2019-12-21 22:49:52 - [TEST_CASE][PASSED] - Test Cases/2_Create_Channel/Public_Channel: Test Cases/2_Create_Channel/Public_Channel

2019-12-21 22:49:52 - [TEST_STEP][PASSED] - openBrowser(""): Browser is opened with url: ''

2019-12-21 22:49:52 - [MESSAGE][WARNING] - A browser is already opened. Closing browser and opening a new one

2019-12-21 22:49:53 - [MESSAGE][INFO] - Starting 'Edge' driver

2019-12-21 22:49:55 - [MESSAGE][PASSED] - Browser is opened with url: ''

2019-12-21 22:49:55 - [TEST_STEP][PASSED] - navigateToUrl("https://mattermost-duo-test-yen.herokuapp.com/bumblebee/channels/town-square"): Navigate to 'https://mattermost-duo-test-yen.herokuapp.com/bumblebee/channels/town-square' successfully

2019-12-21 22:49:57 - [MESSAGE][PASSED] - Navigate to 'https://mattermost-duo-test-yen.herokuapp.com/bumblebee/channels/town-square' successfully

2019-12-21 22:49:57 - [TEST_STEP][PASSED] - click(findTestObject("Object Repository/2_Create_Channel/Page_(2)  Town Square - Bumblebee Mattermost/span_")): Object: 'Object Repository/2_Create_Channel/Page_(2)  Town Square - Bumblebee Mattermost/span_' is clicked on

2019-12-21 22:50:01 - [MESSAGE][PASSED] - Object: 'Object Repository/2_Create_Channel/Page_(2)  Town Square - Bumblebee Mattermost/span_' is clicked on

2019-12-21 22:50:01 - [TEST_STEP][PASSED] - click(findTestObject("Object Repository/2_Create_Channel/Page_(2)  Town Square - Bumblebee Mattermost/div_URL  (Edit)")): Object: 'Object Repository/2_Create_Channel/Page_(2)  Town Square - Bumblebee Mattermost/div_URL  (Edit)' is clicked on

2019-12-21 22:50:02 - [MESSAGE][PASSED] - Object: 'Object Repository/2_Create_Channel/Page_(2)  Town Square - Bumblebee Mattermost/div_URL  (Edit)' is clicked on

2019-12-21 22:50:02 - [TEST_STEP][PASSED] - setText(findTestObject("Object Repository/2_Create_Channel/Page_(2)  Town Square - Bumblebee Mattermost/input_Name_newChannelName"), Channel_Name): Text 'K1JeaNyXLK' is set on object 'Object Repository/2_Create_Channel/Page_(2)  Town Square - Bumblebee Mattermost/input_Name_newChannelName'

2019-12-21 22:50:02 - [MESSAGE][PASSED] - Text 'K1JeaNyXLK' is set on object 'Object Repository/2_Create_Channel/Page_(2)  Town Square - Bumblebee Mattermost/input_Name_newChannelName'

2019-12-21 22:50:02 - [TEST_STEP][PASSED] - setText(findTestObject("Object Repository/2_Create_Channel/Page_(2)  Town Square - Bumblebee Mattermost/textarea_hello"), Channel_Purpose): Text 'b9W9r01Ty9' is set on object 'Object Repository/2_Create_Channel/Page_(2)  Town Square - Bumblebee Mattermost/textarea_hello'

2019-12-21 22:50:03 - [MESSAGE][PASSED] - Text 'b9W9r01Ty9' is set on object 'Object Repository/2_Create_Channel/Page_(2)  Town Square - Bumblebee Mattermost/textarea_hello'

2019-12-21 22:50:03 - [TEST_STEP][PASSED] - setText(findTestObject("Object Repository/2_Create_Channel/Page_(2)  Town Square - Bumblebee Mattermost/textarea_No depending be convinced in unfee_db377f"), Channel_Header): Text 'xh7Ufvohyv' is set on object 'Object Repository/2_Create_Channel/Page_(2)  Town Square - Bumblebee Mattermost/textarea_No depending be convinced in unfee_db377f'

2019-12-21 22:50:04 - [MESSAGE][PASSED] - Text 'xh7Ufvohyv' is set on object 'Object Repository/2_Create_Channel/Page_(2)  Town Square - Bumblebee Mattermost/textarea_No depending be convinced in unfee_db377f'

2019-12-21 22:50:04 - [TEST_STEP][PASSED] - click(findTestObject("Object Repository/2_Create_Channel/Page_(2)  Town Square - Bumblebee Mattermost/span_Create New Channel")): Object: 'Object Repository/2_Create_Channel/Page_(2)  Town Square - Bumblebee Mattermost/span_Create New Channel' is clicked on

2019-12-21 22:50:04 - [MESSAGE][PASSED] - Object: 'Object Repository/2_Create_Channel/Page_(2)  Town Square - Bumblebee Mattermost/span_Create New Channel' is clicked on

2019-12-21 22:50:04 - [TEST_STEP][PASSED] - delay(3): Delayed 3 second(s)

2019-12-21 22:50:07 - [MESSAGE][PASSED] - Delayed 3 second(s)

2019-12-21 22:50:07 - [TEST_STEP][NOT_RUN] - closeBrowser(): NOT_RUN: closeBrowser()

2019-12-21 22:50:07 - [MESSAGE][NOT_RUN] - NOT_RUN: closeBrowser()]]></system-out>
         <system-err><![CDATA[]]></system-err>
      </testcase>
      <testcase name="Test Cases/2_Create_Channel/Public_Channel" time="14.425" classname="Test Cases/2_Create_Channel/Public_Channel" status="PASSED">
         <system-out><![CDATA[2019-12-21 22:50:08 - [TEST_CASE][PASSED] - Test Cases/2_Create_Channel/Public_Channel: Test Cases/2_Create_Channel/Public_Channel

2019-12-21 22:50:08 - [TEST_STEP][PASSED] - openBrowser(""): Browser is opened with url: ''

2019-12-21 22:50:08 - [MESSAGE][WARNING] - A browser is already opened. Closing browser and opening a new one

2019-12-21 22:50:08 - [MESSAGE][INFO] - Starting 'Edge' driver

2019-12-21 22:50:10 - [MESSAGE][PASSED] - Browser is opened with url: ''

2019-12-21 22:50:10 - [TEST_STEP][PASSED] - navigateToUrl("https://mattermost-duo-test-yen.herokuapp.com/bumblebee/channels/town-square"): Navigate to 'https://mattermost-duo-test-yen.herokuapp.com/bumblebee/channels/town-square' successfully

2019-12-21 22:50:12 - [MESSAGE][PASSED] - Navigate to 'https://mattermost-duo-test-yen.herokuapp.com/bumblebee/channels/town-square' successfully

2019-12-21 22:50:12 - [TEST_STEP][PASSED] - click(findTestObject("Object Repository/2_Create_Channel/Page_(2)  Town Square - Bumblebee Mattermost/span_")): Object: 'Object Repository/2_Create_Channel/Page_(2)  Town Square - Bumblebee Mattermost/span_' is clicked on

2019-12-21 22:50:15 - [MESSAGE][PASSED] - Object: 'Object Repository/2_Create_Channel/Page_(2)  Town Square - Bumblebee Mattermost/span_' is clicked on

2019-12-21 22:50:15 - [TEST_STEP][PASSED] - click(findTestObject("Object Repository/2_Create_Channel/Page_(2)  Town Square - Bumblebee Mattermost/div_URL  (Edit)")): Object: 'Object Repository/2_Create_Channel/Page_(2)  Town Square - Bumblebee Mattermost/div_URL  (Edit)' is clicked on

2019-12-21 22:50:16 - [MESSAGE][PASSED] - Object: 'Object Repository/2_Create_Channel/Page_(2)  Town Square - Bumblebee Mattermost/div_URL  (Edit)' is clicked on

2019-12-21 22:50:16 - [TEST_STEP][PASSED] - setText(findTestObject("Object Repository/2_Create_Channel/Page_(2)  Town Square - Bumblebee Mattermost/input_Name_newChannelName"), Channel_Name): Text 'q1p4rByDUM' is set on object 'Object Repository/2_Create_Channel/Page_(2)  Town Square - Bumblebee Mattermost/input_Name_newChannelName'

2019-12-21 22:50:17 - [MESSAGE][PASSED] - Text 'q1p4rByDUM' is set on object 'Object Repository/2_Create_Channel/Page_(2)  Town Square - Bumblebee Mattermost/input_Name_newChannelName'

2019-12-21 22:50:17 - [TEST_STEP][PASSED] - setText(findTestObject("Object Repository/2_Create_Channel/Page_(2)  Town Square - Bumblebee Mattermost/textarea_hello"), Channel_Purpose): Text 'Uv06cAJIa4' is set on object 'Object Repository/2_Create_Channel/Page_(2)  Town Square - Bumblebee Mattermost/textarea_hello'

2019-12-21 22:50:18 - [MESSAGE][PASSED] - Text 'Uv06cAJIa4' is set on object 'Object Repository/2_Create_Channel/Page_(2)  Town Square - Bumblebee Mattermost/textarea_hello'

2019-12-21 22:50:18 - [TEST_STEP][PASSED] - setText(findTestObject("Object Repository/2_Create_Channel/Page_(2)  Town Square - Bumblebee Mattermost/textarea_No depending be convinced in unfee_db377f"), Channel_Header): Text '5hXLeoLNb3' is set on object 'Object Repository/2_Create_Channel/Page_(2)  Town Square - Bumblebee Mattermost/textarea_No depending be convinced in unfee_db377f'

2019-12-21 22:50:19 - [MESSAGE][PASSED] - Text '5hXLeoLNb3' is set on object 'Object Repository/2_Create_Channel/Page_(2)  Town Square - Bumblebee Mattermost/textarea_No depending be convinced in unfee_db377f'

2019-12-21 22:50:19 - [TEST_STEP][PASSED] - click(findTestObject("Object Repository/2_Create_Channel/Page_(2)  Town Square - Bumblebee Mattermost/span_Create New Channel")): Object: 'Object Repository/2_Create_Channel/Page_(2)  Town Square - Bumblebee Mattermost/span_Create New Channel' is clicked on

2019-12-21 22:50:19 - [MESSAGE][PASSED] - Object: 'Object Repository/2_Create_Channel/Page_(2)  Town Square - Bumblebee Mattermost/span_Create New Channel' is clicked on

2019-12-21 22:50:19 - [TEST_STEP][PASSED] - delay(3): Delayed 3 second(s)

2019-12-21 22:50:22 - [MESSAGE][PASSED] - Delayed 3 second(s)

2019-12-21 22:50:22 - [TEST_STEP][NOT_RUN] - closeBrowser(): NOT_RUN: closeBrowser()

2019-12-21 22:50:22 - [MESSAGE][NOT_RUN] - NOT_RUN: closeBrowser()]]></system-out>
         <system-err><![CDATA[]]></system-err>
      </testcase>
      <testcase name="Test Cases/2_Create_Channel/Public_Channel" time="14.639" classname="Test Cases/2_Create_Channel/Public_Channel" status="PASSED">
         <system-out><![CDATA[2019-12-21 22:50:22 - [TEST_CASE][PASSED] - Test Cases/2_Create_Channel/Public_Channel: Test Cases/2_Create_Channel/Public_Channel

2019-12-21 22:50:22 - [TEST_STEP][PASSED] - openBrowser(""): Browser is opened with url: ''

2019-12-21 22:50:22 - [MESSAGE][WARNING] - A browser is already opened. Closing browser and opening a new one

2019-12-21 22:50:23 - [MESSAGE][INFO] - Starting 'Edge' driver

2019-12-21 22:50:25 - [MESSAGE][PASSED] - Browser is opened with url: ''

2019-12-21 22:50:25 - [TEST_STEP][PASSED] - navigateToUrl("https://mattermost-duo-test-yen.herokuapp.com/bumblebee/channels/town-square"): Navigate to 'https://mattermost-duo-test-yen.herokuapp.com/bumblebee/channels/town-square' successfully

2019-12-21 22:50:26 - [MESSAGE][PASSED] - Navigate to 'https://mattermost-duo-test-yen.herokuapp.com/bumblebee/channels/town-square' successfully

2019-12-21 22:50:26 - [TEST_STEP][PASSED] - click(findTestObject("Object Repository/2_Create_Channel/Page_(2)  Town Square - Bumblebee Mattermost/span_")): Object: 'Object Repository/2_Create_Channel/Page_(2)  Town Square - Bumblebee Mattermost/span_' is clicked on

2019-12-21 22:50:30 - [MESSAGE][PASSED] - Object: 'Object Repository/2_Create_Channel/Page_(2)  Town Square - Bumblebee Mattermost/span_' is clicked on

2019-12-21 22:50:30 - [TEST_STEP][PASSED] - click(findTestObject("Object Repository/2_Create_Channel/Page_(2)  Town Square - Bumblebee Mattermost/div_URL  (Edit)")): Object: 'Object Repository/2_Create_Channel/Page_(2)  Town Square - Bumblebee Mattermost/div_URL  (Edit)' is clicked on

2019-12-21 22:50:31 - [MESSAGE][PASSED] - Object: 'Object Repository/2_Create_Channel/Page_(2)  Town Square - Bumblebee Mattermost/div_URL  (Edit)' is clicked on

2019-12-21 22:50:31 - [TEST_STEP][PASSED] - setText(findTestObject("Object Repository/2_Create_Channel/Page_(2)  Town Square - Bumblebee Mattermost/input_Name_newChannelName"), Channel_Name): Text 'gbDGbBi4iy' is set on object 'Object Repository/2_Create_Channel/Page_(2)  Town Square - Bumblebee Mattermost/input_Name_newChannelName'

2019-12-21 22:50:32 - [MESSAGE][PASSED] - Text 'gbDGbBi4iy' is set on object 'Object Repository/2_Create_Channel/Page_(2)  Town Square - Bumblebee Mattermost/input_Name_newChannelName'

2019-12-21 22:50:32 - [TEST_STEP][PASSED] - setText(findTestObject("Object Repository/2_Create_Channel/Page_(2)  Town Square - Bumblebee Mattermost/textarea_hello"), Channel_Purpose): Text '70DmS9uYF9' is set on object 'Object Repository/2_Create_Channel/Page_(2)  Town Square - Bumblebee Mattermost/textarea_hello'

2019-12-21 22:50:32 - [MESSAGE][PASSED] - Text '70DmS9uYF9' is set on object 'Object Repository/2_Create_Channel/Page_(2)  Town Square - Bumblebee Mattermost/textarea_hello'

2019-12-21 22:50:32 - [TEST_STEP][PASSED] - setText(findTestObject("Object Repository/2_Create_Channel/Page_(2)  Town Square - Bumblebee Mattermost/textarea_No depending be convinced in unfee_db377f"), Channel_Header): Text '7Np97zawbB' is set on object 'Object Repository/2_Create_Channel/Page_(2)  Town Square - Bumblebee Mattermost/textarea_No depending be convinced in unfee_db377f'

2019-12-21 22:50:33 - [MESSAGE][PASSED] - Text '7Np97zawbB' is set on object 'Object Repository/2_Create_Channel/Page_(2)  Town Square - Bumblebee Mattermost/textarea_No depending be convinced in unfee_db377f'

2019-12-21 22:50:33 - [TEST_STEP][PASSED] - click(findTestObject("Object Repository/2_Create_Channel/Page_(2)  Town Square - Bumblebee Mattermost/span_Create New Channel")): Object: 'Object Repository/2_Create_Channel/Page_(2)  Town Square - Bumblebee Mattermost/span_Create New Channel' is clicked on

2019-12-21 22:50:34 - [MESSAGE][PASSED] - Object: 'Object Repository/2_Create_Channel/Page_(2)  Town Square - Bumblebee Mattermost/span_Create New Channel' is clicked on

2019-12-21 22:50:34 - [TEST_STEP][PASSED] - delay(3): Delayed 3 second(s)

2019-12-21 22:50:37 - [MESSAGE][PASSED] - Delayed 3 second(s)

2019-12-21 22:50:37 - [TEST_STEP][NOT_RUN] - closeBrowser(): NOT_RUN: closeBrowser()

2019-12-21 22:50:37 - [MESSAGE][NOT_RUN] - NOT_RUN: closeBrowser()]]></system-out>
         <system-err><![CDATA[]]></system-err>
      </testcase>
      <testcase name="Test Cases/2_Create_Channel/Public_Channel" time="14.417" classname="Test Cases/2_Create_Channel/Public_Channel" status="PASSED">
         <system-out><![CDATA[2019-12-21 22:50:37 - [TEST_CASE][PASSED] - Test Cases/2_Create_Channel/Public_Channel: Test Cases/2_Create_Channel/Public_Channel

2019-12-21 22:50:37 - [TEST_STEP][PASSED] - openBrowser(""): Browser is opened with url: ''

2019-12-21 22:50:37 - [MESSAGE][WARNING] - A browser is already opened. Closing browser and opening a new one

2019-12-21 22:50:38 - [MESSAGE][INFO] - Starting 'Edge' driver

2019-12-21 22:50:39 - [MESSAGE][PASSED] - Browser is opened with url: ''

2019-12-21 22:50:39 - [TEST_STEP][PASSED] - navigateToUrl("https://mattermost-duo-test-yen.herokuapp.com/bumblebee/channels/town-square"): Navigate to 'https://mattermost-duo-test-yen.herokuapp.com/bumblebee/channels/town-square' successfully

2019-12-21 22:50:41 - [MESSAGE][PASSED] - Navigate to 'https://mattermost-duo-test-yen.herokuapp.com/bumblebee/channels/town-square' successfully

2019-12-21 22:50:41 - [TEST_STEP][PASSED] - click(findTestObject("Object Repository/2_Create_Channel/Page_(2)  Town Square - Bumblebee Mattermost/span_")): Object: 'Object Repository/2_Create_Channel/Page_(2)  Town Square - Bumblebee Mattermost/span_' is clicked on

2019-12-21 22:50:45 - [MESSAGE][PASSED] - Object: 'Object Repository/2_Create_Channel/Page_(2)  Town Square - Bumblebee Mattermost/span_' is clicked on

2019-12-21 22:50:45 - [TEST_STEP][PASSED] - click(findTestObject("Object Repository/2_Create_Channel/Page_(2)  Town Square - Bumblebee Mattermost/div_URL  (Edit)")): Object: 'Object Repository/2_Create_Channel/Page_(2)  Town Square - Bumblebee Mattermost/div_URL  (Edit)' is clicked on

2019-12-21 22:50:45 - [MESSAGE][PASSED] - Object: 'Object Repository/2_Create_Channel/Page_(2)  Town Square - Bumblebee Mattermost/div_URL  (Edit)' is clicked on

2019-12-21 22:50:45 - [TEST_STEP][PASSED] - setText(findTestObject("Object Repository/2_Create_Channel/Page_(2)  Town Square - Bumblebee Mattermost/input_Name_newChannelName"), Channel_Name): Text '1HDHFClGY4' is set on object 'Object Repository/2_Create_Channel/Page_(2)  Town Square - Bumblebee Mattermost/input_Name_newChannelName'

2019-12-21 22:50:46 - [MESSAGE][PASSED] - Text '1HDHFClGY4' is set on object 'Object Repository/2_Create_Channel/Page_(2)  Town Square - Bumblebee Mattermost/input_Name_newChannelName'

2019-12-21 22:50:46 - [TEST_STEP][PASSED] - setText(findTestObject("Object Repository/2_Create_Channel/Page_(2)  Town Square - Bumblebee Mattermost/textarea_hello"), Channel_Purpose): Text 'bYFMklGQjG' is set on object 'Object Repository/2_Create_Channel/Page_(2)  Town Square - Bumblebee Mattermost/textarea_hello'

2019-12-21 22:50:47 - [MESSAGE][PASSED] - Text 'bYFMklGQjG' is set on object 'Object Repository/2_Create_Channel/Page_(2)  Town Square - Bumblebee Mattermost/textarea_hello'

2019-12-21 22:50:47 - [TEST_STEP][PASSED] - setText(findTestObject("Object Repository/2_Create_Channel/Page_(2)  Town Square - Bumblebee Mattermost/textarea_No depending be convinced in unfee_db377f"), Channel_Header): Text 'wOaKaZoGPD' is set on object 'Object Repository/2_Create_Channel/Page_(2)  Town Square - Bumblebee Mattermost/textarea_No depending be convinced in unfee_db377f'

2019-12-21 22:50:48 - [MESSAGE][PASSED] - Text 'wOaKaZoGPD' is set on object 'Object Repository/2_Create_Channel/Page_(2)  Town Square - Bumblebee Mattermost/textarea_No depending be convinced in unfee_db377f'

2019-12-21 22:50:48 - [TEST_STEP][PASSED] - click(findTestObject("Object Repository/2_Create_Channel/Page_(2)  Town Square - Bumblebee Mattermost/span_Create New Channel")): Object: 'Object Repository/2_Create_Channel/Page_(2)  Town Square - Bumblebee Mattermost/span_Create New Channel' is clicked on

2019-12-21 22:50:48 - [MESSAGE][PASSED] - Object: 'Object Repository/2_Create_Channel/Page_(2)  Town Square - Bumblebee Mattermost/span_Create New Channel' is clicked on

2019-12-21 22:50:48 - [TEST_STEP][PASSED] - delay(3): Delayed 3 second(s)

2019-12-21 22:50:51 - [MESSAGE][PASSED] - Delayed 3 second(s)

2019-12-21 22:50:51 - [TEST_STEP][NOT_RUN] - closeBrowser(): NOT_RUN: closeBrowser()

2019-12-21 22:50:51 - [MESSAGE][NOT_RUN] - NOT_RUN: closeBrowser()]]></system-out>
         <system-err><![CDATA[]]></system-err>
      </testcase>
      <system-out><![CDATA[2019-12-21 22:49:35 - [TEST_SUITE][PASSED] - Run_all_test_cases: Test Cases/2_Create_Channel/Public_Channel]]></system-out>
      <system-err><![CDATA[]]></system-err>
   </testsuite>
</testsuites>
