<?xml version="1.0" encoding="UTF-8"?>
<testsuites name="Run_all_test_cases" time="3494.792" tests="64" failures="19" errors="0">
   <testsuite name="Run_all_test_cases" tests="64" failures="19" errors="0" time="3494.792" timestamp="2019-12-28 22:32:55" hostname="nguyentri - localhost" id="Test Suites/Run_all_test_cases">
      <properties>
         <property name="deviceName" value=""/>
         <property name="devicePlatform" value=""/>
         <property name="logFolder" value="/Users/nguyentri/Desktop/Learn/SoftwareEngineer/mattermost-duo-test/Reports/20191228_223248/Run_all_test_cases/20191228_223248"/>
         <property name="logFiles" value="/Users/nguyentri/Desktop/Learn/SoftwareEngineer/mattermost-duo-test/Reports/20191228_223248/Run_all_test_cases/20191228_223248/execution0.log"/>
         <property name="attachments" value="/Users/nguyentri/Desktop/Learn/SoftwareEngineer/mattermost-duo-test/Reports/20191228_223248/Run_all_test_cases/20191228_223248/1577547238133.png, /Users/nguyentri/Desktop/Learn/SoftwareEngineer/mattermost-duo-test/Reports/20191228_223248/Run_all_test_cases/20191228_223248/1577547342596.png, /Users/nguyentri/Desktop/Learn/SoftwareEngineer/mattermost-duo-test/Reports/20191228_223248/Run_all_test_cases/20191228_223248/1577547390335.png, /Users/nguyentri/Desktop/Learn/SoftwareEngineer/mattermost-duo-test/Reports/20191228_223248/Run_all_test_cases/20191228_223248/1577547438248.png, /Users/nguyentri/Desktop/Learn/SoftwareEngineer/mattermost-duo-test/Reports/20191228_223248/Run_all_test_cases/20191228_223248/1577547484564.png, /Users/nguyentri/Desktop/Learn/SoftwareEngineer/mattermost-duo-test/Reports/20191228_223248/Run_all_test_cases/20191228_223248/1577547531581.png, /Users/nguyentri/Desktop/Learn/SoftwareEngineer/mattermost-duo-test/Reports/20191228_223248/Run_all_test_cases/20191228_223248/1577547608420.png, /Users/nguyentri/Desktop/Learn/SoftwareEngineer/mattermost-duo-test/Reports/20191228_223248/Run_all_test_cases/20191228_223248/1577547671168.png, /Users/nguyentri/Desktop/Learn/SoftwareEngineer/mattermost-duo-test/Reports/20191228_223248/Run_all_test_cases/20191228_223248/1577548758166.png, /Users/nguyentri/Desktop/Learn/SoftwareEngineer/mattermost-duo-test/Reports/20191228_223248/Run_all_test_cases/20191228_223248/1577548808690.png, /Users/nguyentri/Desktop/Learn/SoftwareEngineer/mattermost-duo-test/Reports/20191228_223248/Run_all_test_cases/20191228_223248/1577548951008.png, /Users/nguyentri/Desktop/Learn/SoftwareEngineer/mattermost-duo-test/Reports/20191228_223248/Run_all_test_cases/20191228_223248/1577548998751.png, /Users/nguyentri/Desktop/Learn/SoftwareEngineer/mattermost-duo-test/Reports/20191228_223248/Run_all_test_cases/20191228_223248/1577550334318.png, /Users/nguyentri/Desktop/Learn/SoftwareEngineer/mattermost-duo-test/Reports/20191228_223248/Run_all_test_cases/20191228_223248/1577550381723.png, /Users/nguyentri/Desktop/Learn/SoftwareEngineer/mattermost-duo-test/Reports/20191228_223248/Run_all_test_cases/20191228_223248/1577550476035.png, /Users/nguyentri/Desktop/Learn/SoftwareEngineer/mattermost-duo-test/Reports/20191228_223248/Run_all_test_cases/20191228_223248/1577550523844.png, /Users/nguyentri/Desktop/Learn/SoftwareEngineer/mattermost-duo-test/Reports/20191228_223248/Run_all_test_cases/20191228_223248/1577550571307.png, /Users/nguyentri/Desktop/Learn/SoftwareEngineer/mattermost-duo-test/Reports/20191228_223248/Run_all_test_cases/20191228_223248/1577550620426.png, /Users/nguyentri/Desktop/Learn/SoftwareEngineer/mattermost-duo-test/Reports/20191228_223248/Run_all_test_cases/20191228_223248/1577550667663.png"/>
         <property name="hostName" value="nguyentri - localhost"/>
         <property name="os" value="Mac OS X 64bit"/>
         <property name="katalonVersion" value="7.1.2.1"/>
         <property name="browser" value="Firefox 71.0"/>
         <property name="hostAddress" value="127.0.0.1"/>
         <property name="sessionId" value="f77594e4-84a6-904d-a28e-497eac7decd6"/>
         <property name="seleniumVersion" value="3.141.59"/>
         <property name="proxyInformation" value="ProxyInformation{proxyOption=NO_PROXY, proxyServerType=HTTP, password=, proxyServerAddress=, proxyServerPort=0, executionList=}"/>
         <property name="platform" value="Mac OS X"/>
      </properties>
      <testcase name="Test Cases/1_Create_Team/New_Team (success case)" time="14.088" classname="Test Cases/1_Create_Team/New_Team (success case)" status="PASSED">
         <system-out><![CDATA[2019-12-28 22:32:56 - [TEST_CASE][PASSED] - Test Cases/1_Create_Team/New_Team (success case): Test Cases/1_Create_Team/New_Team (success case)

2019-12-28 22:32:57 - [TEST_STEP][PASSED] - openBrowser(""): Browser is opened with url: ''

2019-12-28 22:33:01 - [MESSAGE][PASSED] - Browser is opened with url: ''

2019-12-28 22:33:01 - [TEST_STEP][PASSED] - navigateToUrl("http://localhost:8065/"): Navigate to 'http://localhost:8065/' successfully

2019-12-28 22:33:02 - [MESSAGE][PASSED] - Navigate to 'http://localhost:8065/' successfully

2019-12-28 22:33:02 - [TEST_STEP][PASSED] - click(findTestObject("Object Repository/1_Create_Team/Create_New_Team/Page_CS311 - Bumblebee Mattermost/div_")): Object: 'Object Repository/1_Create_Team/Create_New_Team/Page_CS311 - Bumblebee Mattermost/div_' is clicked on

2019-12-28 22:33:06 - [MESSAGE][PASSED] - Object: 'Object Repository/1_Create_Team/Create_New_Team/Page_CS311 - Bumblebee Mattermost/div_' is clicked on

2019-12-28 22:33:06 - [TEST_STEP][PASSED] - setText(findTestObject("Object Repository/1_Create_Team/Create_New_Team/Page_CS311 - Bumblebee Mattermost/input_Team Name_teamNameInput"), "New team 4"): Text 'New team 4' is set on object 'Object Repository/1_Create_Team/Create_New_Team/Page_CS311 - Bumblebee Mattermost/input_Team Name_teamNameInput'

2019-12-28 22:33:07 - [MESSAGE][PASSED] - Text 'New team 4' is set on object 'Object Repository/1_Create_Team/Create_New_Team/Page_CS311 - Bumblebee Mattermost/input_Team Name_teamNameInput'

2019-12-28 22:33:07 - [TEST_STEP][PASSED] - click(findTestObject("Object Repository/1_Create_Team/Create_New_Team/Page_CS311 - Bumblebee Mattermost/span_Next")): Object: 'Object Repository/1_Create_Team/Create_New_Team/Page_CS311 - Bumblebee Mattermost/span_Next' is clicked on

2019-12-28 22:33:07 - [MESSAGE][PASSED] - Object: 'Object Repository/1_Create_Team/Create_New_Team/Page_CS311 - Bumblebee Mattermost/span_Next' is clicked on

2019-12-28 22:33:07 - [TEST_STEP][PASSED] - click(findTestObject("Object Repository/1_Create_Team/Create_New_Team/Page_CS311 - Bumblebee Mattermost/span_Finish")): Object: 'Object Repository/1_Create_Team/Create_New_Team/Page_CS311 - Bumblebee Mattermost/span_Finish' is clicked on

2019-12-28 22:33:08 - [MESSAGE][PASSED] - Object: 'Object Repository/1_Create_Team/Create_New_Team/Page_CS311 - Bumblebee Mattermost/span_Finish' is clicked on

2019-12-28 22:33:08 - [TEST_STEP][PASSED] - delay(2): Delayed 2 second(s)

2019-12-28 22:33:10 - [MESSAGE][PASSED] - Delayed 2 second(s)

2019-12-28 22:33:10 - [TEST_STEP][NOT_RUN] - closeBrowser(): NOT_RUN: closeBrowser()

2019-12-28 22:33:10 - [MESSAGE][NOT_RUN] - NOT_RUN: closeBrowser()]]></system-out>
         <system-err><![CDATA[]]></system-err>
      </testcase>
      <testcase name="Test Cases/1_Create_Team/Empty_Name" time="47.826" classname="Test Cases/1_Create_Team/Empty_Name" status="FAILED">
         <failure type="FAILED" message="Test Cases/1_Create_Team/Empty_Name FAILED.
Reason:
com.kms.katalon.core.exception.StepFailedException: Unable to click on object 'Object Repository/1_Create_Team/span_Create a new team'
	at com.kms.katalon.core.webui.keyword.internal.WebUIKeywordMain.stepFailed(WebUIKeywordMain.groovy:64)
	at com.kms.katalon.core.webui.keyword.internal.WebUIKeywordMain.runKeyword(WebUIKeywordMain.groovy:26)
	at com.kms.katalon.core.webui.keyword.builtin.ClickKeyword.click(ClickKeyword.groovy:102)
	at com.kms.katalon.core.webui.keyword.builtin.ClickKeyword.execute(ClickKeyword.groovy:43)
	at com.kms.katalon.core.keyword.internal.KeywordExecutor.executeKeywordForPlatform(KeywordExecutor.groovy:72)
	at com.kms.katalon.core.webui.keyword.WebUiBuiltInKeywords.click(WebUiBuiltInKeywords.groovy:616)
	at com.kms.katalon.core.webui.keyword.WebUiBuiltInKeywords$click$1.call(Unknown Source)
	at Empty_Name.run(Empty_Name:23)
	at com.kms.katalon.core.main.ScriptEngine.run(ScriptEngine.java:194)
	at com.kms.katalon.core.main.ScriptEngine.runScriptAsRawText(ScriptEngine.java:119)
	at com.kms.katalon.core.main.TestCaseExecutor.runScript(TestCaseExecutor.java:337)
	at com.kms.katalon.core.main.TestCaseExecutor.doExecute(TestCaseExecutor.java:328)
	at com.kms.katalon.core.main.TestCaseExecutor.processExecutionPhase(TestCaseExecutor.java:307)
	at com.kms.katalon.core.main.TestCaseExecutor.accessMainPhase(TestCaseExecutor.java:299)
	at com.kms.katalon.core.main.TestCaseExecutor.execute(TestCaseExecutor.java:233)
	at com.kms.katalon.core.main.TestSuiteExecutor.accessTestCaseMainPhase(TestSuiteExecutor.java:169)
	at com.kms.katalon.core.main.TestSuiteExecutor.accessTestSuiteMainPhase(TestSuiteExecutor.java:142)
	at com.kms.katalon.core.main.TestSuiteExecutor.execute(TestSuiteExecutor.java:91)
	at com.kms.katalon.core.main.TestCaseMain.startTestSuite(TestCaseMain.java:157)
	at com.kms.katalon.core.main.TestCaseMain$startTestSuite$0.call(Unknown Source)
	at TempTestSuite1577547168865.run(TempTestSuite1577547168865.groovy:36)
Caused by: com.kms.katalon.core.webui.exception.WebElementNotFoundException: Web element with id: 'Object Repository/1_Create_Team/span_Create a new team' located by 'By.xpath: //a[@id='createNewTeamLink']/span' not found
	at com.kms.katalon.core.webui.common.WebUiCommonHelper.findWebElement(WebUiCommonHelper.java:1154)
	at com.kms.katalon.core.webui.keyword.internal.WebUIAbstractKeyword.findWebElement(WebUIAbstractKeyword.groovy:27)
	at com.kms.katalon.core.webui.keyword.internal.WebUIAbstractKeyword.findWebElement(WebUIAbstractKeyword.groovy:26)
	at com.kms.katalon.core.webui.keyword.builtin.ClickKeyword$_click_closure1.doCall(ClickKeyword.groovy:67)
	at com.kms.katalon.core.webui.keyword.builtin.ClickKeyword$_click_closure1.call(ClickKeyword.groovy)
	at com.kms.katalon.core.webui.keyword.internal.WebUIKeywordMain.runKeyword(WebUIKeywordMain.groovy:20)
	... 19 more
"/>
         <system-out><![CDATA[2019-12-28 22:33:10 - [TEST_CASE][FAILED] - Test Cases/1_Create_Team/Empty_Name: Test Cases/1_Create_Team/Empty_Name FAILED.
Reason:
com.kms.katalon.core.exception.StepFailedException: Unable to click on object 'Object Repository/1_Create_Team/span_Create a new team'
	at com.kms.katalon.core.webui.keyword.internal.WebUIKeywordMain.stepFailed(WebUIKeywordMain.groovy:64)
	at com.kms.katalon.core.webui.keyword.internal.WebUIKeywordMain.runKeyword(WebUIKeywordMain.groovy:26)
	at com.kms.katalon.core.webui.keyword.builtin.ClickKeyword.click(ClickKeyword.groovy:102)
	at com.kms.katalon.core.webui.keyword.builtin.ClickKeyword.execute(ClickKeyword.groovy:43)
	at com.kms.katalon.core.keyword.internal.KeywordExecutor.executeKeywordForPlatform(KeywordExecutor.groovy:72)
	at com.kms.katalon.core.webui.keyword.WebUiBuiltInKeywords.click(WebUiBuiltInKeywords.groovy:616)
	at com.kms.katalon.core.webui.keyword.WebUiBuiltInKeywords$click$1.call(Unknown Source)
	at Empty_Name.run(Empty_Name:23)
	at com.kms.katalon.core.main.ScriptEngine.run(ScriptEngine.java:194)
	at com.kms.katalon.core.main.ScriptEngine.runScriptAsRawText(ScriptEngine.java:119)
	at com.kms.katalon.core.main.TestCaseExecutor.runScript(TestCaseExecutor.java:337)
	at com.kms.katalon.core.main.TestCaseExecutor.doExecute(TestCaseExecutor.java:328)
	at com.kms.katalon.core.main.TestCaseExecutor.processExecutionPhase(TestCaseExecutor.java:307)
	at com.kms.katalon.core.main.TestCaseExecutor.accessMainPhase(TestCaseExecutor.java:299)
	at com.kms.katalon.core.main.TestCaseExecutor.execute(TestCaseExecutor.java:233)
	at com.kms.katalon.core.main.TestSuiteExecutor.accessTestCaseMainPhase(TestSuiteExecutor.java:169)
	at com.kms.katalon.core.main.TestSuiteExecutor.accessTestSuiteMainPhase(TestSuiteExecutor.java:142)
	at com.kms.katalon.core.main.TestSuiteExecutor.execute(TestSuiteExecutor.java:91)
	at com.kms.katalon.core.main.TestCaseMain.startTestSuite(TestCaseMain.java:157)
	at com.kms.katalon.core.main.TestCaseMain$startTestSuite$0.call(Unknown Source)
	at TempTestSuite1577547168865.run(TempTestSuite1577547168865.groovy:36)
Caused by: com.kms.katalon.core.webui.exception.WebElementNotFoundException: Web element with id: 'Object Repository/1_Create_Team/span_Create a new team' located by 'By.xpath: //a[@id='createNewTeamLink']/span' not found
	at com.kms.katalon.core.webui.common.WebUiCommonHelper.findWebElement(WebUiCommonHelper.java:1154)
	at com.kms.katalon.core.webui.keyword.internal.WebUIAbstractKeyword.findWebElement(WebUIAbstractKeyword.groovy:27)
	at com.kms.katalon.core.webui.keyword.internal.WebUIAbstractKeyword.findWebElement(WebUIAbstractKeyword.groovy:26)
	at com.kms.katalon.core.webui.keyword.builtin.ClickKeyword$_click_closure1.doCall(ClickKeyword.groovy:67)
	at com.kms.katalon.core.webui.keyword.builtin.ClickKeyword$_click_closure1.call(ClickKeyword.groovy)
	at com.kms.katalon.core.webui.keyword.internal.WebUIKeywordMain.runKeyword(WebUIKeywordMain.groovy:20)
	... 19 more


2019-12-28 22:33:11 - [TEST_STEP][PASSED] - openBrowser(""): Browser is opened with url: ''

2019-12-28 22:33:11 - [MESSAGE][PASSED] - Browser is opened with url: ''

2019-12-28 22:33:11 - [TEST_STEP][PASSED] - navigateToUrl("http://localhost:8065/"): Navigate to 'http://localhost:8065/' successfully

2019-12-28 22:33:12 - [MESSAGE][PASSED] - Navigate to 'http://localhost:8065/' successfully

2019-12-28 22:33:12 - [TEST_STEP][FAILED] - click(findTestObject("1_Create_Team/span_Create a new team")): Unable to click on object 'Object Repository/1_Create_Team/span_Create a new team' (Root cause: com.kms.katalon.core.exception.StepFailedException: Unable to click on object 'Object Repository/1_Create_Team/span_Create a new team'
	at com.kms.katalon.core.webui.keyword.internal.WebUIKeywordMain.stepFailed(WebUIKeywordMain.groovy:64)
	at com.kms.katalon.core.webui.keyword.internal.WebUIKeywordMain.runKeyword(WebUIKeywordMain.groovy:26)
	at com.kms.katalon.core.webui.keyword.builtin.ClickKeyword.click(ClickKeyword.groovy:102)
	at com.kms.katalon.core.webui.keyword.builtin.ClickKeyword.execute(ClickKeyword.groovy:43)
	at com.kms.katalon.core.keyword.internal.KeywordExecutor.executeKeywordForPlatform(KeywordExecutor.groovy:72)
	at com.kms.katalon.core.webui.keyword.WebUiBuiltInKeywords.click(WebUiBuiltInKeywords.groovy:616)
	at com.kms.katalon.core.webui.keyword.WebUiBuiltInKeywords$click$1.call(Unknown Source)
	at Empty_Name.run(Empty_Name:23)
	at com.kms.katalon.core.main.ScriptEngine.run(ScriptEngine.java:194)
	at com.kms.katalon.core.main.ScriptEngine.runScriptAsRawText(ScriptEngine.java:119)
	at com.kms.katalon.core.main.TestCaseExecutor.runScript(TestCaseExecutor.java:337)
	at com.kms.katalon.core.main.TestCaseExecutor.doExecute(TestCaseExecutor.java:328)
	at com.kms.katalon.core.main.TestCaseExecutor.processExecutionPhase(TestCaseExecutor.java:307)
	at com.kms.katalon.core.main.TestCaseExecutor.accessMainPhase(TestCaseExecutor.java:299)
	at com.kms.katalon.core.main.TestCaseExecutor.execute(TestCaseExecutor.java:233)
	at com.kms.katalon.core.main.TestSuiteExecutor.accessTestCaseMainPhase(TestSuiteExecutor.java:169)
	at com.kms.katalon.core.main.TestSuiteExecutor.accessTestSuiteMainPhase(TestSuiteExecutor.java:142)
	at com.kms.katalon.core.main.TestSuiteExecutor.execute(TestSuiteExecutor.java:91)
	at com.kms.katalon.core.main.TestCaseMain.startTestSuite(TestCaseMain.java:157)
	at com.kms.katalon.core.main.TestCaseMain$startTestSuite$0.call(Unknown Source)
	at TempTestSuite1577547168865.run(TempTestSuite1577547168865.groovy:36)
Caused by: com.kms.katalon.core.webui.exception.WebElementNotFoundException: Web element with id: 'Object Repository/1_Create_Team/span_Create a new team' located by 'By.xpath: //a[@id='createNewTeamLink']/span' not found
	at com.kms.katalon.core.webui.common.WebUiCommonHelper.findWebElement(WebUiCommonHelper.java:1154)
	at com.kms.katalon.core.webui.keyword.internal.WebUIAbstractKeyword.findWebElement(WebUIAbstractKeyword.groovy:27)
	at com.kms.katalon.core.webui.keyword.internal.WebUIAbstractKeyword.findWebElement(WebUIAbstractKeyword.groovy:26)
	at com.kms.katalon.core.webui.keyword.builtin.ClickKeyword$_click_closure1.doCall(ClickKeyword.groovy:67)
	at com.kms.katalon.core.webui.keyword.builtin.ClickKeyword$_click_closure1.call(ClickKeyword.groovy)
	at com.kms.katalon.core.webui.keyword.internal.WebUIKeywordMain.runKeyword(WebUIKeywordMain.groovy:20)
	at com.kms.katalon.core.webui.keyword.builtin.ClickKeyword.click(ClickKeyword.groovy:102)
	at com.kms.katalon.core.webui.keyword.builtin.ClickKeyword.execute(ClickKeyword.groovy:43)
	at com.kms.katalon.core.keyword.internal.KeywordExecutor.executeKeywordForPlatform(KeywordExecutor.groovy:72)
	at com.kms.katalon.core.webui.keyword.WebUiBuiltInKeywords.click(WebUiBuiltInKeywords.groovy:616)
	at com.kms.katalon.core.webui.keyword.WebUiBuiltInKeywords$click$1.call(Unknown Source)
	at Script1576844842756.run(Script1576844842756.groovy:23)
	... 13 more
)

2019-12-28 22:33:56 - [MESSAGE][INFO] - Unable to find the element located by 'By.xpath: //a[@id='createNewTeamLink']/span'. Please recheck the objects properties to make sure the desired element is located. 

2019-12-28 22:33:56 - [MESSAGE][INFO] - [SMART_XPATH] Auto-trying out other XPath values in the test object.

2019-12-28 22:33:56 - [MESSAGE][INFO] - [SMART_XPATH] FAILED XPATH: '//a[@id='createNewTeamLink']/span'.

2019-12-28 22:33:56 - [MESSAGE][INFO] - [SMART_XPATH] FAILED XPATH: '(.//*[normalize-space(text()) and normalize-space(.)='No teams are available to join. Please create a new team or ask your administrator for an invite.'])[1]/following::span[1]'.

2019-12-28 22:33:57 - [MESSAGE][INFO] - [SMART_XPATH] FAILED XPATH: '(.//*[normalize-space(text()) and normalize-space(.)='Teams you can join:'])[1]/following::span[2]'.

2019-12-28 22:33:57 - [MESSAGE][INFO] - [SMART_XPATH] FAILED XPATH: '(.//*[normalize-space(text()) and normalize-space(.)='Go to System Console'])[1]/preceding::span[1]'.

2019-12-28 22:33:57 - [MESSAGE][INFO] - [SMART_XPATH] FAILED XPATH: '(.//*[normalize-space(text()) and normalize-space(.)='Mattermost'])[3]/preceding::span[2]'.

2019-12-28 22:33:57 - [MESSAGE][INFO] - [SMART_XPATH] FAILED XPATH: '//*/text()[normalize-space(.)='Create a new team']/parent::*'.

2019-12-28 22:33:58 - [MESSAGE][INFO] - [SMART_XPATH] FAILED XPATH: '//div[3]/div/div[2]/a/span'.

2019-12-28 22:33:58 - [MESSAGE][INFO] - [SMART_XPATH] No working XPath is found.

2019-12-28 22:33:58 - [MESSAGE][FAILED] - Unable to click on object 'Object Repository/1_Create_Team/span_Create a new team' (Root cause: com.kms.katalon.core.exception.StepFailedException: Unable to click on object 'Object Repository/1_Create_Team/span_Create a new team'
	at com.kms.katalon.core.webui.keyword.internal.WebUIKeywordMain.stepFailed(WebUIKeywordMain.groovy:64)
	at com.kms.katalon.core.webui.keyword.internal.WebUIKeywordMain.runKeyword(WebUIKeywordMain.groovy:26)
	at com.kms.katalon.core.webui.keyword.builtin.ClickKeyword.click(ClickKeyword.groovy:102)
	at com.kms.katalon.core.webui.keyword.builtin.ClickKeyword.execute(ClickKeyword.groovy:43)
	at com.kms.katalon.core.keyword.internal.KeywordExecutor.executeKeywordForPlatform(KeywordExecutor.groovy:72)
	at com.kms.katalon.core.webui.keyword.WebUiBuiltInKeywords.click(WebUiBuiltInKeywords.groovy:616)
	at com.kms.katalon.core.webui.keyword.WebUiBuiltInKeywords$click$1.call(Unknown Source)
	at Empty_Name.run(Empty_Name:23)
	at com.kms.katalon.core.main.ScriptEngine.run(ScriptEngine.java:194)
	at com.kms.katalon.core.main.ScriptEngine.runScriptAsRawText(ScriptEngine.java:119)
	at com.kms.katalon.core.main.TestCaseExecutor.runScript(TestCaseExecutor.java:337)
	at com.kms.katalon.core.main.TestCaseExecutor.doExecute(TestCaseExecutor.java:328)
	at com.kms.katalon.core.main.TestCaseExecutor.processExecutionPhase(TestCaseExecutor.java:307)
	at com.kms.katalon.core.main.TestCaseExecutor.accessMainPhase(TestCaseExecutor.java:299)
	at com.kms.katalon.core.main.TestCaseExecutor.execute(TestCaseExecutor.java:233)
	at com.kms.katalon.core.main.TestSuiteExecutor.accessTestCaseMainPhase(TestSuiteExecutor.java:169)
	at com.kms.katalon.core.main.TestSuiteExecutor.accessTestSuiteMainPhase(TestSuiteExecutor.java:142)
	at com.kms.katalon.core.main.TestSuiteExecutor.execute(TestSuiteExecutor.java:91)
	at com.kms.katalon.core.main.TestCaseMain.startTestSuite(TestCaseMain.java:157)
	at com.kms.katalon.core.main.TestCaseMain$startTestSuite$0.call(Unknown Source)
	at TempTestSuite1577547168865.run(TempTestSuite1577547168865.groovy:36)
Caused by: com.kms.katalon.core.webui.exception.WebElementNotFoundException: Web element with id: 'Object Repository/1_Create_Team/span_Create a new team' located by 'By.xpath: //a[@id='createNewTeamLink']/span' not found
	at com.kms.katalon.core.webui.common.WebUiCommonHelper.findWebElement(WebUiCommonHelper.java:1154)
	at com.kms.katalon.core.webui.keyword.internal.WebUIAbstractKeyword.findWebElement(WebUIAbstractKeyword.groovy:27)
	at com.kms.katalon.core.webui.keyword.internal.WebUIAbstractKeyword.findWebElement(WebUIAbstractKeyword.groovy:26)
	at com.kms.katalon.core.webui.keyword.builtin.ClickKeyword$_click_closure1.doCall(ClickKeyword.groovy:67)
	at com.kms.katalon.core.webui.keyword.builtin.ClickKeyword$_click_closure1.call(ClickKeyword.groovy)
	at com.kms.katalon.core.webui.keyword.internal.WebUIKeywordMain.runKeyword(WebUIKeywordMain.groovy:20)
	at com.kms.katalon.core.webui.keyword.builtin.ClickKeyword.click(ClickKeyword.groovy:102)
	at com.kms.katalon.core.webui.keyword.builtin.ClickKeyword.execute(ClickKeyword.groovy:43)
	at com.kms.katalon.core.keyword.internal.KeywordExecutor.executeKeywordForPlatform(KeywordExecutor.groovy:72)
	at com.kms.katalon.core.webui.keyword.WebUiBuiltInKeywords.click(WebUiBuiltInKeywords.groovy:616)
	at com.kms.katalon.core.webui.keyword.WebUiBuiltInKeywords$click$1.call(Unknown Source)
	at Script1576844842756.run(Script1576844842756.groovy:23)
	... 13 more
)
[[ATTACHMENT|/Users/nguyentri/Desktop/Learn/SoftwareEngineer/mattermost-duo-test/Reports/20191228_223248/Run_all_test_cases/20191228_223248/1577547238133.png]]]]></system-out>
         <system-err><![CDATA[2019-12-28 22:33:10 - [TEST_CASE][FAILED] - Test Cases/1_Create_Team/Empty_Name: Test Cases/1_Create_Team/Empty_Name FAILED.
Reason:
com.kms.katalon.core.exception.StepFailedException: Unable to click on object 'Object Repository/1_Create_Team/span_Create a new team'
	at com.kms.katalon.core.webui.keyword.internal.WebUIKeywordMain.stepFailed(WebUIKeywordMain.groovy:64)
	at com.kms.katalon.core.webui.keyword.internal.WebUIKeywordMain.runKeyword(WebUIKeywordMain.groovy:26)
	at com.kms.katalon.core.webui.keyword.builtin.ClickKeyword.click(ClickKeyword.groovy:102)
	at com.kms.katalon.core.webui.keyword.builtin.ClickKeyword.execute(ClickKeyword.groovy:43)
	at com.kms.katalon.core.keyword.internal.KeywordExecutor.executeKeywordForPlatform(KeywordExecutor.groovy:72)
	at com.kms.katalon.core.webui.keyword.WebUiBuiltInKeywords.click(WebUiBuiltInKeywords.groovy:616)
	at com.kms.katalon.core.webui.keyword.WebUiBuiltInKeywords$click$1.call(Unknown Source)
	at Empty_Name.run(Empty_Name:23)
	at com.kms.katalon.core.main.ScriptEngine.run(ScriptEngine.java:194)
	at com.kms.katalon.core.main.ScriptEngine.runScriptAsRawText(ScriptEngine.java:119)
	at com.kms.katalon.core.main.TestCaseExecutor.runScript(TestCaseExecutor.java:337)
	at com.kms.katalon.core.main.TestCaseExecutor.doExecute(TestCaseExecutor.java:328)
	at com.kms.katalon.core.main.TestCaseExecutor.processExecutionPhase(TestCaseExecutor.java:307)
	at com.kms.katalon.core.main.TestCaseExecutor.accessMainPhase(TestCaseExecutor.java:299)
	at com.kms.katalon.core.main.TestCaseExecutor.execute(TestCaseExecutor.java:233)
	at com.kms.katalon.core.main.TestSuiteExecutor.accessTestCaseMainPhase(TestSuiteExecutor.java:169)
	at com.kms.katalon.core.main.TestSuiteExecutor.accessTestSuiteMainPhase(TestSuiteExecutor.java:142)
	at com.kms.katalon.core.main.TestSuiteExecutor.execute(TestSuiteExecutor.java:91)
	at com.kms.katalon.core.main.TestCaseMain.startTestSuite(TestCaseMain.java:157)
	at com.kms.katalon.core.main.TestCaseMain$startTestSuite$0.call(Unknown Source)
	at TempTestSuite1577547168865.run(TempTestSuite1577547168865.groovy:36)
Caused by: com.kms.katalon.core.webui.exception.WebElementNotFoundException: Web element with id: 'Object Repository/1_Create_Team/span_Create a new team' located by 'By.xpath: //a[@id='createNewTeamLink']/span' not found
	at com.kms.katalon.core.webui.common.WebUiCommonHelper.findWebElement(WebUiCommonHelper.java:1154)
	at com.kms.katalon.core.webui.keyword.internal.WebUIAbstractKeyword.findWebElement(WebUIAbstractKeyword.groovy:27)
	at com.kms.katalon.core.webui.keyword.internal.WebUIAbstractKeyword.findWebElement(WebUIAbstractKeyword.groovy:26)
	at com.kms.katalon.core.webui.keyword.builtin.ClickKeyword$_click_closure1.doCall(ClickKeyword.groovy:67)
	at com.kms.katalon.core.webui.keyword.builtin.ClickKeyword$_click_closure1.call(ClickKeyword.groovy)
	at com.kms.katalon.core.webui.keyword.internal.WebUIKeywordMain.runKeyword(WebUIKeywordMain.groovy:20)
	... 19 more]]></system-err>
      </testcase>
      <testcase name="Test Cases/1_Create_Team/Existed_Team_Name" time="11.675" classname="Test Cases/1_Create_Team/Existed_Team_Name" status="PASSED">
         <system-out><![CDATA[2019-12-28 22:33:58 - [TEST_CASE][PASSED] - Test Cases/1_Create_Team/Existed_Team_Name: Test Cases/1_Create_Team/Existed_Team_Name

2019-12-28 22:33:59 - [TEST_STEP][PASSED] - openBrowser(""): Browser is opened with url: ''

2019-12-28 22:33:59 - [MESSAGE][PASSED] - Browser is opened with url: ''

2019-12-28 22:33:59 - [TEST_STEP][PASSED] - navigateToUrl("http://localhost:8065/"): Navigate to 'http://localhost:8065/' successfully

2019-12-28 22:34:01 - [MESSAGE][PASSED] - Navigate to 'http://localhost:8065/' successfully

2019-12-28 22:34:01 - [TEST_STEP][PASSED] - click(findTestObject("1_Create_Team/Existed_Team_Name/Page_CS420 - Bumblebee Mattermost/div_")): Object: 'Object Repository/1_Create_Team/Existed_Team_Name/Page_CS420 - Bumblebee Mattermost/div_' is clicked on

2019-12-28 22:34:06 - [MESSAGE][PASSED] - Object: 'Object Repository/1_Create_Team/Existed_Team_Name/Page_CS420 - Bumblebee Mattermost/div_' is clicked on

2019-12-28 22:34:06 - [TEST_STEP][PASSED] - setText(findTestObject("1_Create_Team/Existed_Team_Name/Page_CS420 - Bumblebee Mattermost/input_Team Name_teamNameInput"), existed_team_name): Text 'Bumblebee' is set on object 'Object Repository/1_Create_Team/Existed_Team_Name/Page_CS420 - Bumblebee Mattermost/input_Team Name_teamNameInput'

2019-12-28 22:34:07 - [MESSAGE][PASSED] - Text 'Bumblebee' is set on object 'Object Repository/1_Create_Team/Existed_Team_Name/Page_CS420 - Bumblebee Mattermost/input_Team Name_teamNameInput'

2019-12-28 22:34:07 - [TEST_STEP][PASSED] - click(findTestObject("1_Create_Team/Existed_Team_Name/Page_CS420 - Bumblebee Mattermost/span_Next")): Object: 'Object Repository/1_Create_Team/Existed_Team_Name/Page_CS420 - Bumblebee Mattermost/span_Next' is clicked on

2019-12-28 22:34:08 - [MESSAGE][PASSED] - Object: 'Object Repository/1_Create_Team/Existed_Team_Name/Page_CS420 - Bumblebee Mattermost/span_Next' is clicked on

2019-12-28 22:34:08 - [TEST_STEP][PASSED] - click(findTestObject("1_Create_Team/Existed_Team_Name/Page_CS420 - Bumblebee Mattermost/span_Finish")): Object: 'Object Repository/1_Create_Team/Existed_Team_Name/Page_CS420 - Bumblebee Mattermost/span_Finish' is clicked on

2019-12-28 22:34:09 - [MESSAGE][PASSED] - Object: 'Object Repository/1_Create_Team/Existed_Team_Name/Page_CS420 - Bumblebee Mattermost/span_Finish' is clicked on

2019-12-28 22:34:09 - [TEST_STEP][PASSED] - delay(1): Delayed 1 second(s)

2019-12-28 22:34:10 - [MESSAGE][PASSED] - Delayed 1 second(s)

2019-12-28 22:34:10 - [TEST_STEP][NOT_RUN] - closeBrowser(): NOT_RUN: closeBrowser()

2019-12-28 22:34:10 - [MESSAGE][NOT_RUN] - NOT_RUN: closeBrowser()]]></system-out>
         <system-err><![CDATA[]]></system-err>
      </testcase>
      <testcase name="Test Cases/1_Create_Team/Existed_Team_Name" time="10.007" classname="Test Cases/1_Create_Team/Existed_Team_Name" status="PASSED">
         <system-out><![CDATA[2019-12-28 22:34:10 - [TEST_CASE][PASSED] - Test Cases/1_Create_Team/Existed_Team_Name: Test Cases/1_Create_Team/Existed_Team_Name

2019-12-28 22:34:11 - [TEST_STEP][PASSED] - openBrowser(""): Browser is opened with url: ''

2019-12-28 22:34:11 - [MESSAGE][PASSED] - Browser is opened with url: ''

2019-12-28 22:34:11 - [TEST_STEP][PASSED] - navigateToUrl("http://localhost:8065/"): Navigate to 'http://localhost:8065/' successfully

2019-12-28 22:34:13 - [MESSAGE][PASSED] - Navigate to 'http://localhost:8065/' successfully

2019-12-28 22:34:13 - [TEST_STEP][PASSED] - click(findTestObject("1_Create_Team/Existed_Team_Name/Page_CS420 - Bumblebee Mattermost/div_")): Object: 'Object Repository/1_Create_Team/Existed_Team_Name/Page_CS420 - Bumblebee Mattermost/div_' is clicked on

2019-12-28 22:34:17 - [MESSAGE][PASSED] - Object: 'Object Repository/1_Create_Team/Existed_Team_Name/Page_CS420 - Bumblebee Mattermost/div_' is clicked on

2019-12-28 22:34:17 - [TEST_STEP][PASSED] - setText(findTestObject("1_Create_Team/Existed_Team_Name/Page_CS420 - Bumblebee Mattermost/input_Team Name_teamNameInput"), existed_team_name): Text 'CS311' is set on object 'Object Repository/1_Create_Team/Existed_Team_Name/Page_CS420 - Bumblebee Mattermost/input_Team Name_teamNameInput'

2019-12-28 22:34:17 - [MESSAGE][PASSED] - Text 'CS311' is set on object 'Object Repository/1_Create_Team/Existed_Team_Name/Page_CS420 - Bumblebee Mattermost/input_Team Name_teamNameInput'

2019-12-28 22:34:17 - [TEST_STEP][PASSED] - click(findTestObject("1_Create_Team/Existed_Team_Name/Page_CS420 - Bumblebee Mattermost/span_Next")): Object: 'Object Repository/1_Create_Team/Existed_Team_Name/Page_CS420 - Bumblebee Mattermost/span_Next' is clicked on

2019-12-28 22:34:18 - [MESSAGE][PASSED] - Object: 'Object Repository/1_Create_Team/Existed_Team_Name/Page_CS420 - Bumblebee Mattermost/span_Next' is clicked on

2019-12-28 22:34:18 - [TEST_STEP][PASSED] - click(findTestObject("1_Create_Team/Existed_Team_Name/Page_CS420 - Bumblebee Mattermost/span_Finish")): Object: 'Object Repository/1_Create_Team/Existed_Team_Name/Page_CS420 - Bumblebee Mattermost/span_Finish' is clicked on

2019-12-28 22:34:19 - [MESSAGE][PASSED] - Object: 'Object Repository/1_Create_Team/Existed_Team_Name/Page_CS420 - Bumblebee Mattermost/span_Finish' is clicked on

2019-12-28 22:34:19 - [TEST_STEP][PASSED] - delay(1): Delayed 1 second(s)

2019-12-28 22:34:20 - [MESSAGE][PASSED] - Delayed 1 second(s)

2019-12-28 22:34:20 - [TEST_STEP][NOT_RUN] - closeBrowser(): NOT_RUN: closeBrowser()

2019-12-28 22:34:20 - [MESSAGE][NOT_RUN] - NOT_RUN: closeBrowser()]]></system-out>
         <system-err><![CDATA[]]></system-err>
      </testcase>
      <testcase name="Test Cases/1_Create_Team/Existed_Team_Name" time="9.714" classname="Test Cases/1_Create_Team/Existed_Team_Name" status="PASSED">
         <system-out><![CDATA[2019-12-28 22:34:20 - [TEST_CASE][PASSED] - Test Cases/1_Create_Team/Existed_Team_Name: Test Cases/1_Create_Team/Existed_Team_Name

2019-12-28 22:34:20 - [TEST_STEP][PASSED] - openBrowser(""): Browser is opened with url: ''

2019-12-28 22:34:21 - [MESSAGE][PASSED] - Browser is opened with url: ''

2019-12-28 22:34:21 - [TEST_STEP][PASSED] - navigateToUrl("http://localhost:8065/"): Navigate to 'http://localhost:8065/' successfully

2019-12-28 22:34:22 - [MESSAGE][PASSED] - Navigate to 'http://localhost:8065/' successfully

2019-12-28 22:34:22 - [TEST_STEP][PASSED] - click(findTestObject("1_Create_Team/Existed_Team_Name/Page_CS420 - Bumblebee Mattermost/div_")): Object: 'Object Repository/1_Create_Team/Existed_Team_Name/Page_CS420 - Bumblebee Mattermost/div_' is clicked on

2019-12-28 22:34:27 - [MESSAGE][PASSED] - Object: 'Object Repository/1_Create_Team/Existed_Team_Name/Page_CS420 - Bumblebee Mattermost/div_' is clicked on

2019-12-28 22:34:27 - [TEST_STEP][PASSED] - setText(findTestObject("1_Create_Team/Existed_Team_Name/Page_CS420 - Bumblebee Mattermost/input_Team Name_teamNameInput"), existed_team_name): Text 'IlleniumAirCon' is set on object 'Object Repository/1_Create_Team/Existed_Team_Name/Page_CS420 - Bumblebee Mattermost/input_Team Name_teamNameInput'

2019-12-28 22:34:27 - [MESSAGE][PASSED] - Text 'IlleniumAirCon' is set on object 'Object Repository/1_Create_Team/Existed_Team_Name/Page_CS420 - Bumblebee Mattermost/input_Team Name_teamNameInput'

2019-12-28 22:34:27 - [TEST_STEP][PASSED] - click(findTestObject("1_Create_Team/Existed_Team_Name/Page_CS420 - Bumblebee Mattermost/span_Next")): Object: 'Object Repository/1_Create_Team/Existed_Team_Name/Page_CS420 - Bumblebee Mattermost/span_Next' is clicked on

2019-12-28 22:34:28 - [MESSAGE][PASSED] - Object: 'Object Repository/1_Create_Team/Existed_Team_Name/Page_CS420 - Bumblebee Mattermost/span_Next' is clicked on

2019-12-28 22:34:28 - [TEST_STEP][PASSED] - click(findTestObject("1_Create_Team/Existed_Team_Name/Page_CS420 - Bumblebee Mattermost/span_Finish")): Object: 'Object Repository/1_Create_Team/Existed_Team_Name/Page_CS420 - Bumblebee Mattermost/span_Finish' is clicked on

2019-12-28 22:34:29 - [MESSAGE][PASSED] - Object: 'Object Repository/1_Create_Team/Existed_Team_Name/Page_CS420 - Bumblebee Mattermost/span_Finish' is clicked on

2019-12-28 22:34:29 - [TEST_STEP][PASSED] - delay(1): Delayed 1 second(s)

2019-12-28 22:34:30 - [MESSAGE][PASSED] - Delayed 1 second(s)

2019-12-28 22:34:30 - [TEST_STEP][NOT_RUN] - closeBrowser(): NOT_RUN: closeBrowser()

2019-12-28 22:34:30 - [MESSAGE][NOT_RUN] - NOT_RUN: closeBrowser()]]></system-out>
         <system-err><![CDATA[]]></system-err>
      </testcase>
      <testcase name="Test Cases/1_Create_Team/Existed_Team_Name" time="7.716" classname="Test Cases/1_Create_Team/Existed_Team_Name" status="PASSED">
         <system-out><![CDATA[2019-12-28 22:34:30 - [TEST_CASE][PASSED] - Test Cases/1_Create_Team/Existed_Team_Name: Test Cases/1_Create_Team/Existed_Team_Name

2019-12-28 22:34:30 - [TEST_STEP][PASSED] - openBrowser(""): Browser is opened with url: ''

2019-12-28 22:34:31 - [MESSAGE][PASSED] - Browser is opened with url: ''

2019-12-28 22:34:31 - [TEST_STEP][PASSED] - navigateToUrl("http://localhost:8065/"): Navigate to 'http://localhost:8065/' successfully

2019-12-28 22:34:32 - [MESSAGE][PASSED] - Navigate to 'http://localhost:8065/' successfully

2019-12-28 22:34:32 - [TEST_STEP][PASSED] - click(findTestObject("1_Create_Team/Existed_Team_Name/Page_CS420 - Bumblebee Mattermost/div_")): Object: 'Object Repository/1_Create_Team/Existed_Team_Name/Page_CS420 - Bumblebee Mattermost/div_' is clicked on

2019-12-28 22:34:35 - [MESSAGE][PASSED] - Object: 'Object Repository/1_Create_Team/Existed_Team_Name/Page_CS420 - Bumblebee Mattermost/div_' is clicked on

2019-12-28 22:34:35 - [TEST_STEP][PASSED] - setText(findTestObject("1_Create_Team/Existed_Team_Name/Page_CS420 - Bumblebee Mattermost/input_Team Name_teamNameInput"), existed_team_name): Text 'Mayday' is set on object 'Object Repository/1_Create_Team/Existed_Team_Name/Page_CS420 - Bumblebee Mattermost/input_Team Name_teamNameInput'

2019-12-28 22:34:36 - [MESSAGE][PASSED] - Text 'Mayday' is set on object 'Object Repository/1_Create_Team/Existed_Team_Name/Page_CS420 - Bumblebee Mattermost/input_Team Name_teamNameInput'

2019-12-28 22:34:36 - [TEST_STEP][PASSED] - click(findTestObject("1_Create_Team/Existed_Team_Name/Page_CS420 - Bumblebee Mattermost/span_Next")): Object: 'Object Repository/1_Create_Team/Existed_Team_Name/Page_CS420 - Bumblebee Mattermost/span_Next' is clicked on

2019-12-28 22:34:36 - [MESSAGE][PASSED] - Object: 'Object Repository/1_Create_Team/Existed_Team_Name/Page_CS420 - Bumblebee Mattermost/span_Next' is clicked on

2019-12-28 22:34:36 - [TEST_STEP][PASSED] - click(findTestObject("1_Create_Team/Existed_Team_Name/Page_CS420 - Bumblebee Mattermost/span_Finish")): Object: 'Object Repository/1_Create_Team/Existed_Team_Name/Page_CS420 - Bumblebee Mattermost/span_Finish' is clicked on

2019-12-28 22:34:37 - [MESSAGE][PASSED] - Object: 'Object Repository/1_Create_Team/Existed_Team_Name/Page_CS420 - Bumblebee Mattermost/span_Finish' is clicked on

2019-12-28 22:34:37 - [TEST_STEP][PASSED] - delay(1): Delayed 1 second(s)

2019-12-28 22:34:38 - [MESSAGE][PASSED] - Delayed 1 second(s)

2019-12-28 22:34:38 - [TEST_STEP][NOT_RUN] - closeBrowser(): NOT_RUN: closeBrowser()

2019-12-28 22:34:38 - [MESSAGE][NOT_RUN] - NOT_RUN: closeBrowser()]]></system-out>
         <system-err><![CDATA[]]></system-err>
      </testcase>
      <testcase name="Test Cases/1_Create_Team/Existed_Team_Name" time="8.29" classname="Test Cases/1_Create_Team/Existed_Team_Name" status="PASSED">
         <system-out><![CDATA[2019-12-28 22:34:38 - [TEST_CASE][PASSED] - Test Cases/1_Create_Team/Existed_Team_Name: Test Cases/1_Create_Team/Existed_Team_Name

2019-12-28 22:34:38 - [TEST_STEP][PASSED] - openBrowser(""): Browser is opened with url: ''

2019-12-28 22:34:38 - [MESSAGE][PASSED] - Browser is opened with url: ''

2019-12-28 22:34:38 - [TEST_STEP][PASSED] - navigateToUrl("http://localhost:8065/"): Navigate to 'http://localhost:8065/' successfully

2019-12-28 22:34:39 - [MESSAGE][PASSED] - Navigate to 'http://localhost:8065/' successfully

2019-12-28 22:34:39 - [TEST_STEP][PASSED] - click(findTestObject("1_Create_Team/Existed_Team_Name/Page_CS420 - Bumblebee Mattermost/div_")): Object: 'Object Repository/1_Create_Team/Existed_Team_Name/Page_CS420 - Bumblebee Mattermost/div_' is clicked on

2019-12-28 22:34:43 - [MESSAGE][PASSED] - Object: 'Object Repository/1_Create_Team/Existed_Team_Name/Page_CS420 - Bumblebee Mattermost/div_' is clicked on

2019-12-28 22:34:43 - [TEST_STEP][PASSED] - setText(findTestObject("1_Create_Team/Existed_Team_Name/Page_CS420 - Bumblebee Mattermost/input_Team Name_teamNameInput"), existed_team_name): Text 'trii' is set on object 'Object Repository/1_Create_Team/Existed_Team_Name/Page_CS420 - Bumblebee Mattermost/input_Team Name_teamNameInput'

2019-12-28 22:34:44 - [MESSAGE][PASSED] - Text 'trii' is set on object 'Object Repository/1_Create_Team/Existed_Team_Name/Page_CS420 - Bumblebee Mattermost/input_Team Name_teamNameInput'

2019-12-28 22:34:44 - [TEST_STEP][PASSED] - click(findTestObject("1_Create_Team/Existed_Team_Name/Page_CS420 - Bumblebee Mattermost/span_Next")): Object: 'Object Repository/1_Create_Team/Existed_Team_Name/Page_CS420 - Bumblebee Mattermost/span_Next' is clicked on

2019-12-28 22:34:44 - [MESSAGE][PASSED] - Object: 'Object Repository/1_Create_Team/Existed_Team_Name/Page_CS420 - Bumblebee Mattermost/span_Next' is clicked on

2019-12-28 22:34:44 - [TEST_STEP][PASSED] - click(findTestObject("1_Create_Team/Existed_Team_Name/Page_CS420 - Bumblebee Mattermost/span_Finish")): Object: 'Object Repository/1_Create_Team/Existed_Team_Name/Page_CS420 - Bumblebee Mattermost/span_Finish' is clicked on

2019-12-28 22:34:45 - [MESSAGE][PASSED] - Object: 'Object Repository/1_Create_Team/Existed_Team_Name/Page_CS420 - Bumblebee Mattermost/span_Finish' is clicked on

2019-12-28 22:34:45 - [TEST_STEP][PASSED] - delay(1): Delayed 1 second(s)

2019-12-28 22:34:46 - [MESSAGE][PASSED] - Delayed 1 second(s)

2019-12-28 22:34:46 - [TEST_STEP][NOT_RUN] - closeBrowser(): NOT_RUN: closeBrowser()

2019-12-28 22:34:46 - [MESSAGE][NOT_RUN] - NOT_RUN: closeBrowser()]]></system-out>
         <system-err><![CDATA[]]></system-err>
      </testcase>
      <testcase name="Test Cases/1_Create_Team/Existed_Team_Name" time="7.447" classname="Test Cases/1_Create_Team/Existed_Team_Name" status="PASSED">
         <system-out><![CDATA[2019-12-28 22:34:46 - [TEST_CASE][PASSED] - Test Cases/1_Create_Team/Existed_Team_Name: Test Cases/1_Create_Team/Existed_Team_Name

2019-12-28 22:34:46 - [TEST_STEP][PASSED] - openBrowser(""): Browser is opened with url: ''

2019-12-28 22:34:47 - [MESSAGE][PASSED] - Browser is opened with url: ''

2019-12-28 22:34:47 - [TEST_STEP][PASSED] - navigateToUrl("http://localhost:8065/"): Navigate to 'http://localhost:8065/' successfully

2019-12-28 22:34:47 - [MESSAGE][PASSED] - Navigate to 'http://localhost:8065/' successfully

2019-12-28 22:34:47 - [TEST_STEP][PASSED] - click(findTestObject("1_Create_Team/Existed_Team_Name/Page_CS420 - Bumblebee Mattermost/div_")): Object: 'Object Repository/1_Create_Team/Existed_Team_Name/Page_CS420 - Bumblebee Mattermost/div_' is clicked on

2019-12-28 22:34:51 - [MESSAGE][PASSED] - Object: 'Object Repository/1_Create_Team/Existed_Team_Name/Page_CS420 - Bumblebee Mattermost/div_' is clicked on

2019-12-28 22:34:51 - [TEST_STEP][PASSED] - setText(findTestObject("1_Create_Team/Existed_Team_Name/Page_CS420 - Bumblebee Mattermost/input_Team Name_teamNameInput"), existed_team_name): Text 'YenThu' is set on object 'Object Repository/1_Create_Team/Existed_Team_Name/Page_CS420 - Bumblebee Mattermost/input_Team Name_teamNameInput'

2019-12-28 22:34:51 - [MESSAGE][PASSED] - Text 'YenThu' is set on object 'Object Repository/1_Create_Team/Existed_Team_Name/Page_CS420 - Bumblebee Mattermost/input_Team Name_teamNameInput'

2019-12-28 22:34:51 - [TEST_STEP][PASSED] - click(findTestObject("1_Create_Team/Existed_Team_Name/Page_CS420 - Bumblebee Mattermost/span_Next")): Object: 'Object Repository/1_Create_Team/Existed_Team_Name/Page_CS420 - Bumblebee Mattermost/span_Next' is clicked on

2019-12-28 22:34:52 - [MESSAGE][PASSED] - Object: 'Object Repository/1_Create_Team/Existed_Team_Name/Page_CS420 - Bumblebee Mattermost/span_Next' is clicked on

2019-12-28 22:34:52 - [TEST_STEP][PASSED] - click(findTestObject("1_Create_Team/Existed_Team_Name/Page_CS420 - Bumblebee Mattermost/span_Finish")): Object: 'Object Repository/1_Create_Team/Existed_Team_Name/Page_CS420 - Bumblebee Mattermost/span_Finish' is clicked on

2019-12-28 22:34:53 - [MESSAGE][PASSED] - Object: 'Object Repository/1_Create_Team/Existed_Team_Name/Page_CS420 - Bumblebee Mattermost/span_Finish' is clicked on

2019-12-28 22:34:53 - [TEST_STEP][PASSED] - delay(1): Delayed 1 second(s)

2019-12-28 22:34:54 - [MESSAGE][PASSED] - Delayed 1 second(s)

2019-12-28 22:34:54 - [TEST_STEP][NOT_RUN] - closeBrowser(): NOT_RUN: closeBrowser()

2019-12-28 22:34:54 - [MESSAGE][NOT_RUN] - NOT_RUN: closeBrowser()]]></system-out>
         <system-err><![CDATA[]]></system-err>
      </testcase>
      <testcase name="Test Cases/1_Create_Team/More_Than_15_Char" time="48.555" classname="Test Cases/1_Create_Team/More_Than_15_Char" status="FAILED">
         <failure type="FAILED" message="Test Cases/1_Create_Team/More_Than_15_Char FAILED.
Reason:
com.kms.katalon.core.exception.StepFailedException: Unable to click on object 'Object Repository/1_Create_Team/Page_Mattermost/span_Create a new team'
	at com.kms.katalon.core.webui.keyword.internal.WebUIKeywordMain.stepFailed(WebUIKeywordMain.groovy:64)
	at com.kms.katalon.core.webui.keyword.internal.WebUIKeywordMain.runKeyword(WebUIKeywordMain.groovy:26)
	at com.kms.katalon.core.webui.keyword.builtin.ClickKeyword.click(ClickKeyword.groovy:102)
	at com.kms.katalon.core.webui.keyword.builtin.ClickKeyword.execute(ClickKeyword.groovy:43)
	at com.kms.katalon.core.keyword.internal.KeywordExecutor.executeKeywordForPlatform(KeywordExecutor.groovy:72)
	at com.kms.katalon.core.webui.keyword.WebUiBuiltInKeywords.click(WebUiBuiltInKeywords.groovy:616)
	at com.kms.katalon.core.webui.keyword.WebUiBuiltInKeywords$click$1.call(Unknown Source)
	at More_Than_15_Char.run(More_Than_15_Char:23)
	at com.kms.katalon.core.main.ScriptEngine.run(ScriptEngine.java:194)
	at com.kms.katalon.core.main.ScriptEngine.runScriptAsRawText(ScriptEngine.java:119)
	at com.kms.katalon.core.main.TestCaseExecutor.runScript(TestCaseExecutor.java:337)
	at com.kms.katalon.core.main.TestCaseExecutor.doExecute(TestCaseExecutor.java:328)
	at com.kms.katalon.core.main.TestCaseExecutor.processExecutionPhase(TestCaseExecutor.java:307)
	at com.kms.katalon.core.main.TestCaseExecutor.accessMainPhase(TestCaseExecutor.java:299)
	at com.kms.katalon.core.main.TestCaseExecutor.execute(TestCaseExecutor.java:233)
	at com.kms.katalon.core.main.TestSuiteExecutor.accessTestCaseMainPhase(TestSuiteExecutor.java:169)
	at com.kms.katalon.core.main.TestSuiteExecutor.accessTestSuiteMainPhase(TestSuiteExecutor.java:142)
	at com.kms.katalon.core.main.TestSuiteExecutor.execute(TestSuiteExecutor.java:91)
	at com.kms.katalon.core.main.TestCaseMain.startTestSuite(TestCaseMain.java:157)
	at com.kms.katalon.core.main.TestCaseMain$startTestSuite$0.call(Unknown Source)
	at TempTestSuite1577547168865.run(TempTestSuite1577547168865.groovy:36)
Caused by: com.kms.katalon.core.webui.exception.WebElementNotFoundException: Web element with id: 'Object Repository/1_Create_Team/Page_Mattermost/span_Create a new team' located by 'By.xpath: //a[@id='createNewTeamLink']/span' not found
	at com.kms.katalon.core.webui.common.WebUiCommonHelper.findWebElement(WebUiCommonHelper.java:1154)
	at com.kms.katalon.core.webui.keyword.internal.WebUIAbstractKeyword.findWebElement(WebUIAbstractKeyword.groovy:27)
	at com.kms.katalon.core.webui.keyword.internal.WebUIAbstractKeyword.findWebElement(WebUIAbstractKeyword.groovy:26)
	at com.kms.katalon.core.webui.keyword.builtin.ClickKeyword$_click_closure1.doCall(ClickKeyword.groovy:67)
	at com.kms.katalon.core.webui.keyword.builtin.ClickKeyword$_click_closure1.call(ClickKeyword.groovy)
	at com.kms.katalon.core.webui.keyword.internal.WebUIKeywordMain.runKeyword(WebUIKeywordMain.groovy:20)
	... 19 more
"/>
         <system-out><![CDATA[2019-12-28 22:34:54 - [TEST_CASE][FAILED] - Test Cases/1_Create_Team/More_Than_15_Char: Test Cases/1_Create_Team/More_Than_15_Char FAILED.
Reason:
com.kms.katalon.core.exception.StepFailedException: Unable to click on object 'Object Repository/1_Create_Team/Page_Mattermost/span_Create a new team'
	at com.kms.katalon.core.webui.keyword.internal.WebUIKeywordMain.stepFailed(WebUIKeywordMain.groovy:64)
	at com.kms.katalon.core.webui.keyword.internal.WebUIKeywordMain.runKeyword(WebUIKeywordMain.groovy:26)
	at com.kms.katalon.core.webui.keyword.builtin.ClickKeyword.click(ClickKeyword.groovy:102)
	at com.kms.katalon.core.webui.keyword.builtin.ClickKeyword.execute(ClickKeyword.groovy:43)
	at com.kms.katalon.core.keyword.internal.KeywordExecutor.executeKeywordForPlatform(KeywordExecutor.groovy:72)
	at com.kms.katalon.core.webui.keyword.WebUiBuiltInKeywords.click(WebUiBuiltInKeywords.groovy:616)
	at com.kms.katalon.core.webui.keyword.WebUiBuiltInKeywords$click$1.call(Unknown Source)
	at More_Than_15_Char.run(More_Than_15_Char:23)
	at com.kms.katalon.core.main.ScriptEngine.run(ScriptEngine.java:194)
	at com.kms.katalon.core.main.ScriptEngine.runScriptAsRawText(ScriptEngine.java:119)
	at com.kms.katalon.core.main.TestCaseExecutor.runScript(TestCaseExecutor.java:337)
	at com.kms.katalon.core.main.TestCaseExecutor.doExecute(TestCaseExecutor.java:328)
	at com.kms.katalon.core.main.TestCaseExecutor.processExecutionPhase(TestCaseExecutor.java:307)
	at com.kms.katalon.core.main.TestCaseExecutor.accessMainPhase(TestCaseExecutor.java:299)
	at com.kms.katalon.core.main.TestCaseExecutor.execute(TestCaseExecutor.java:233)
	at com.kms.katalon.core.main.TestSuiteExecutor.accessTestCaseMainPhase(TestSuiteExecutor.java:169)
	at com.kms.katalon.core.main.TestSuiteExecutor.accessTestSuiteMainPhase(TestSuiteExecutor.java:142)
	at com.kms.katalon.core.main.TestSuiteExecutor.execute(TestSuiteExecutor.java:91)
	at com.kms.katalon.core.main.TestCaseMain.startTestSuite(TestCaseMain.java:157)
	at com.kms.katalon.core.main.TestCaseMain$startTestSuite$0.call(Unknown Source)
	at TempTestSuite1577547168865.run(TempTestSuite1577547168865.groovy:36)
Caused by: com.kms.katalon.core.webui.exception.WebElementNotFoundException: Web element with id: 'Object Repository/1_Create_Team/Page_Mattermost/span_Create a new team' located by 'By.xpath: //a[@id='createNewTeamLink']/span' not found
	at com.kms.katalon.core.webui.common.WebUiCommonHelper.findWebElement(WebUiCommonHelper.java:1154)
	at com.kms.katalon.core.webui.keyword.internal.WebUIAbstractKeyword.findWebElement(WebUIAbstractKeyword.groovy:27)
	at com.kms.katalon.core.webui.keyword.internal.WebUIAbstractKeyword.findWebElement(WebUIAbstractKeyword.groovy:26)
	at com.kms.katalon.core.webui.keyword.builtin.ClickKeyword$_click_closure1.doCall(ClickKeyword.groovy:67)
	at com.kms.katalon.core.webui.keyword.builtin.ClickKeyword$_click_closure1.call(ClickKeyword.groovy)
	at com.kms.katalon.core.webui.keyword.internal.WebUIKeywordMain.runKeyword(WebUIKeywordMain.groovy:20)
	... 19 more


2019-12-28 22:34:55 - [TEST_STEP][PASSED] - openBrowser(""): Browser is opened with url: ''

2019-12-28 22:34:56 - [MESSAGE][PASSED] - Browser is opened with url: ''

2019-12-28 22:34:56 - [TEST_STEP][PASSED] - navigateToUrl("http://localhost:8065/"): Navigate to 'http://localhost:8065/' successfully

2019-12-28 22:34:57 - [MESSAGE][PASSED] - Navigate to 'http://localhost:8065/' successfully

2019-12-28 22:34:57 - [TEST_STEP][FAILED] - click(findTestObject("1_Create_Team/Page_Mattermost/span_Create a new team")): Unable to click on object 'Object Repository/1_Create_Team/Page_Mattermost/span_Create a new team' (Root cause: com.kms.katalon.core.exception.StepFailedException: Unable to click on object 'Object Repository/1_Create_Team/Page_Mattermost/span_Create a new team'
	at com.kms.katalon.core.webui.keyword.internal.WebUIKeywordMain.stepFailed(WebUIKeywordMain.groovy:64)
	at com.kms.katalon.core.webui.keyword.internal.WebUIKeywordMain.runKeyword(WebUIKeywordMain.groovy:26)
	at com.kms.katalon.core.webui.keyword.builtin.ClickKeyword.click(ClickKeyword.groovy:102)
	at com.kms.katalon.core.webui.keyword.builtin.ClickKeyword.execute(ClickKeyword.groovy:43)
	at com.kms.katalon.core.keyword.internal.KeywordExecutor.executeKeywordForPlatform(KeywordExecutor.groovy:72)
	at com.kms.katalon.core.webui.keyword.WebUiBuiltInKeywords.click(WebUiBuiltInKeywords.groovy:616)
	at com.kms.katalon.core.webui.keyword.WebUiBuiltInKeywords$click$1.call(Unknown Source)
	at More_Than_15_Char.run(More_Than_15_Char:23)
	at com.kms.katalon.core.main.ScriptEngine.run(ScriptEngine.java:194)
	at com.kms.katalon.core.main.ScriptEngine.runScriptAsRawText(ScriptEngine.java:119)
	at com.kms.katalon.core.main.TestCaseExecutor.runScript(TestCaseExecutor.java:337)
	at com.kms.katalon.core.main.TestCaseExecutor.doExecute(TestCaseExecutor.java:328)
	at com.kms.katalon.core.main.TestCaseExecutor.processExecutionPhase(TestCaseExecutor.java:307)
	at com.kms.katalon.core.main.TestCaseExecutor.accessMainPhase(TestCaseExecutor.java:299)
	at com.kms.katalon.core.main.TestCaseExecutor.execute(TestCaseExecutor.java:233)
	at com.kms.katalon.core.main.TestSuiteExecutor.accessTestCaseMainPhase(TestSuiteExecutor.java:169)
	at com.kms.katalon.core.main.TestSuiteExecutor.accessTestSuiteMainPhase(TestSuiteExecutor.java:142)
	at com.kms.katalon.core.main.TestSuiteExecutor.execute(TestSuiteExecutor.java:91)
	at com.kms.katalon.core.main.TestCaseMain.startTestSuite(TestCaseMain.java:157)
	at com.kms.katalon.core.main.TestCaseMain$startTestSuite$0.call(Unknown Source)
	at TempTestSuite1577547168865.run(TempTestSuite1577547168865.groovy:36)
Caused by: com.kms.katalon.core.webui.exception.WebElementNotFoundException: Web element with id: 'Object Repository/1_Create_Team/Page_Mattermost/span_Create a new team' located by 'By.xpath: //a[@id='createNewTeamLink']/span' not found
	at com.kms.katalon.core.webui.common.WebUiCommonHelper.findWebElement(WebUiCommonHelper.java:1154)
	at com.kms.katalon.core.webui.keyword.internal.WebUIAbstractKeyword.findWebElement(WebUIAbstractKeyword.groovy:27)
	at com.kms.katalon.core.webui.keyword.internal.WebUIAbstractKeyword.findWebElement(WebUIAbstractKeyword.groovy:26)
	at com.kms.katalon.core.webui.keyword.builtin.ClickKeyword$_click_closure1.doCall(ClickKeyword.groovy:67)
	at com.kms.katalon.core.webui.keyword.builtin.ClickKeyword$_click_closure1.call(ClickKeyword.groovy)
	at com.kms.katalon.core.webui.keyword.internal.WebUIKeywordMain.runKeyword(WebUIKeywordMain.groovy:20)
	at com.kms.katalon.core.webui.keyword.builtin.ClickKeyword.click(ClickKeyword.groovy:102)
	at com.kms.katalon.core.webui.keyword.builtin.ClickKeyword.execute(ClickKeyword.groovy:43)
	at com.kms.katalon.core.keyword.internal.KeywordExecutor.executeKeywordForPlatform(KeywordExecutor.groovy:72)
	at com.kms.katalon.core.webui.keyword.WebUiBuiltInKeywords.click(WebUiBuiltInKeywords.groovy:616)
	at com.kms.katalon.core.webui.keyword.WebUiBuiltInKeywords$click$1.call(Unknown Source)
	at Script1576844845210.run(Script1576844845210.groovy:23)
	... 13 more
)

2019-12-28 22:35:40 - [MESSAGE][INFO] - Unable to find the element located by 'By.xpath: //a[@id='createNewTeamLink']/span'. Please recheck the objects properties to make sure the desired element is located. 

2019-12-28 22:35:40 - [MESSAGE][INFO] - [SMART_XPATH] Auto-trying out other XPath values in the test object.

2019-12-28 22:35:41 - [MESSAGE][INFO] - [SMART_XPATH] FAILED XPATH: '//a[@id='createNewTeamLink']/span'.

2019-12-28 22:35:41 - [MESSAGE][INFO] - [SMART_XPATH] FAILED XPATH: '(.//*[normalize-space(text()) and normalize-space(.)='No teams are available to join. Please create a new team or ask your administrator for an invite.'])[1]/following::span[1]'.

2019-12-28 22:35:41 - [MESSAGE][INFO] - [SMART_XPATH] FAILED XPATH: '(.//*[normalize-space(text()) and normalize-space(.)='Teams you can join:'])[1]/following::span[2]'.

2019-12-28 22:35:41 - [MESSAGE][INFO] - [SMART_XPATH] FAILED XPATH: '(.//*[normalize-space(text()) and normalize-space(.)='Go to System Console'])[1]/preceding::span[1]'.

2019-12-28 22:35:42 - [MESSAGE][INFO] - [SMART_XPATH] FAILED XPATH: '(.//*[normalize-space(text()) and normalize-space(.)='Mattermost'])[3]/preceding::span[2]'.

2019-12-28 22:35:42 - [MESSAGE][INFO] - [SMART_XPATH] FAILED XPATH: '//*/text()[normalize-space(.)='Create a new team']/parent::*'.

2019-12-28 22:35:42 - [MESSAGE][INFO] - [SMART_XPATH] FAILED XPATH: '//div[3]/div/div[2]/a/span'.

2019-12-28 22:35:42 - [MESSAGE][INFO] - [SMART_XPATH] No working XPath is found.

2019-12-28 22:35:42 - [MESSAGE][FAILED] - Unable to click on object 'Object Repository/1_Create_Team/Page_Mattermost/span_Create a new team' (Root cause: com.kms.katalon.core.exception.StepFailedException: Unable to click on object 'Object Repository/1_Create_Team/Page_Mattermost/span_Create a new team'
	at com.kms.katalon.core.webui.keyword.internal.WebUIKeywordMain.stepFailed(WebUIKeywordMain.groovy:64)
	at com.kms.katalon.core.webui.keyword.internal.WebUIKeywordMain.runKeyword(WebUIKeywordMain.groovy:26)
	at com.kms.katalon.core.webui.keyword.builtin.ClickKeyword.click(ClickKeyword.groovy:102)
	at com.kms.katalon.core.webui.keyword.builtin.ClickKeyword.execute(ClickKeyword.groovy:43)
	at com.kms.katalon.core.keyword.internal.KeywordExecutor.executeKeywordForPlatform(KeywordExecutor.groovy:72)
	at com.kms.katalon.core.webui.keyword.WebUiBuiltInKeywords.click(WebUiBuiltInKeywords.groovy:616)
	at com.kms.katalon.core.webui.keyword.WebUiBuiltInKeywords$click$1.call(Unknown Source)
	at More_Than_15_Char.run(More_Than_15_Char:23)
	at com.kms.katalon.core.main.ScriptEngine.run(ScriptEngine.java:194)
	at com.kms.katalon.core.main.ScriptEngine.runScriptAsRawText(ScriptEngine.java:119)
	at com.kms.katalon.core.main.TestCaseExecutor.runScript(TestCaseExecutor.java:337)
	at com.kms.katalon.core.main.TestCaseExecutor.doExecute(TestCaseExecutor.java:328)
	at com.kms.katalon.core.main.TestCaseExecutor.processExecutionPhase(TestCaseExecutor.java:307)
	at com.kms.katalon.core.main.TestCaseExecutor.accessMainPhase(TestCaseExecutor.java:299)
	at com.kms.katalon.core.main.TestCaseExecutor.execute(TestCaseExecutor.java:233)
	at com.kms.katalon.core.main.TestSuiteExecutor.accessTestCaseMainPhase(TestSuiteExecutor.java:169)
	at com.kms.katalon.core.main.TestSuiteExecutor.accessTestSuiteMainPhase(TestSuiteExecutor.java:142)
	at com.kms.katalon.core.main.TestSuiteExecutor.execute(TestSuiteExecutor.java:91)
	at com.kms.katalon.core.main.TestCaseMain.startTestSuite(TestCaseMain.java:157)
	at com.kms.katalon.core.main.TestCaseMain$startTestSuite$0.call(Unknown Source)
	at TempTestSuite1577547168865.run(TempTestSuite1577547168865.groovy:36)
Caused by: com.kms.katalon.core.webui.exception.WebElementNotFoundException: Web element with id: 'Object Repository/1_Create_Team/Page_Mattermost/span_Create a new team' located by 'By.xpath: //a[@id='createNewTeamLink']/span' not found
	at com.kms.katalon.core.webui.common.WebUiCommonHelper.findWebElement(WebUiCommonHelper.java:1154)
	at com.kms.katalon.core.webui.keyword.internal.WebUIAbstractKeyword.findWebElement(WebUIAbstractKeyword.groovy:27)
	at com.kms.katalon.core.webui.keyword.internal.WebUIAbstractKeyword.findWebElement(WebUIAbstractKeyword.groovy:26)
	at com.kms.katalon.core.webui.keyword.builtin.ClickKeyword$_click_closure1.doCall(ClickKeyword.groovy:67)
	at com.kms.katalon.core.webui.keyword.builtin.ClickKeyword$_click_closure1.call(ClickKeyword.groovy)
	at com.kms.katalon.core.webui.keyword.internal.WebUIKeywordMain.runKeyword(WebUIKeywordMain.groovy:20)
	at com.kms.katalon.core.webui.keyword.builtin.ClickKeyword.click(ClickKeyword.groovy:102)
	at com.kms.katalon.core.webui.keyword.builtin.ClickKeyword.execute(ClickKeyword.groovy:43)
	at com.kms.katalon.core.keyword.internal.KeywordExecutor.executeKeywordForPlatform(KeywordExecutor.groovy:72)
	at com.kms.katalon.core.webui.keyword.WebUiBuiltInKeywords.click(WebUiBuiltInKeywords.groovy:616)
	at com.kms.katalon.core.webui.keyword.WebUiBuiltInKeywords$click$1.call(Unknown Source)
	at Script1576844845210.run(Script1576844845210.groovy:23)
	... 13 more
)
[[ATTACHMENT|/Users/nguyentri/Desktop/Learn/SoftwareEngineer/mattermost-duo-test/Reports/20191228_223248/Run_all_test_cases/20191228_223248/1577547342596.png]]]]></system-out>
         <system-err><![CDATA[2019-12-28 22:34:54 - [TEST_CASE][FAILED] - Test Cases/1_Create_Team/More_Than_15_Char: Test Cases/1_Create_Team/More_Than_15_Char FAILED.
Reason:
com.kms.katalon.core.exception.StepFailedException: Unable to click on object 'Object Repository/1_Create_Team/Page_Mattermost/span_Create a new team'
	at com.kms.katalon.core.webui.keyword.internal.WebUIKeywordMain.stepFailed(WebUIKeywordMain.groovy:64)
	at com.kms.katalon.core.webui.keyword.internal.WebUIKeywordMain.runKeyword(WebUIKeywordMain.groovy:26)
	at com.kms.katalon.core.webui.keyword.builtin.ClickKeyword.click(ClickKeyword.groovy:102)
	at com.kms.katalon.core.webui.keyword.builtin.ClickKeyword.execute(ClickKeyword.groovy:43)
	at com.kms.katalon.core.keyword.internal.KeywordExecutor.executeKeywordForPlatform(KeywordExecutor.groovy:72)
	at com.kms.katalon.core.webui.keyword.WebUiBuiltInKeywords.click(WebUiBuiltInKeywords.groovy:616)
	at com.kms.katalon.core.webui.keyword.WebUiBuiltInKeywords$click$1.call(Unknown Source)
	at More_Than_15_Char.run(More_Than_15_Char:23)
	at com.kms.katalon.core.main.ScriptEngine.run(ScriptEngine.java:194)
	at com.kms.katalon.core.main.ScriptEngine.runScriptAsRawText(ScriptEngine.java:119)
	at com.kms.katalon.core.main.TestCaseExecutor.runScript(TestCaseExecutor.java:337)
	at com.kms.katalon.core.main.TestCaseExecutor.doExecute(TestCaseExecutor.java:328)
	at com.kms.katalon.core.main.TestCaseExecutor.processExecutionPhase(TestCaseExecutor.java:307)
	at com.kms.katalon.core.main.TestCaseExecutor.accessMainPhase(TestCaseExecutor.java:299)
	at com.kms.katalon.core.main.TestCaseExecutor.execute(TestCaseExecutor.java:233)
	at com.kms.katalon.core.main.TestSuiteExecutor.accessTestCaseMainPhase(TestSuiteExecutor.java:169)
	at com.kms.katalon.core.main.TestSuiteExecutor.accessTestSuiteMainPhase(TestSuiteExecutor.java:142)
	at com.kms.katalon.core.main.TestSuiteExecutor.execute(TestSuiteExecutor.java:91)
	at com.kms.katalon.core.main.TestCaseMain.startTestSuite(TestCaseMain.java:157)
	at com.kms.katalon.core.main.TestCaseMain$startTestSuite$0.call(Unknown Source)
	at TempTestSuite1577547168865.run(TempTestSuite1577547168865.groovy:36)
Caused by: com.kms.katalon.core.webui.exception.WebElementNotFoundException: Web element with id: 'Object Repository/1_Create_Team/Page_Mattermost/span_Create a new team' located by 'By.xpath: //a[@id='createNewTeamLink']/span' not found
	at com.kms.katalon.core.webui.common.WebUiCommonHelper.findWebElement(WebUiCommonHelper.java:1154)
	at com.kms.katalon.core.webui.keyword.internal.WebUIAbstractKeyword.findWebElement(WebUIAbstractKeyword.groovy:27)
	at com.kms.katalon.core.webui.keyword.internal.WebUIAbstractKeyword.findWebElement(WebUIAbstractKeyword.groovy:26)
	at com.kms.katalon.core.webui.keyword.builtin.ClickKeyword$_click_closure1.doCall(ClickKeyword.groovy:67)
	at com.kms.katalon.core.webui.keyword.builtin.ClickKeyword$_click_closure1.call(ClickKeyword.groovy)
	at com.kms.katalon.core.webui.keyword.internal.WebUIKeywordMain.runKeyword(WebUIKeywordMain.groovy:20)
	... 19 more]]></system-err>
      </testcase>
      <testcase name="Test Cases/1_Create_Team/More_Than_15_Char" time="47.715" classname="Test Cases/1_Create_Team/More_Than_15_Char" status="FAILED">
         <failure type="FAILED" message="Test Cases/1_Create_Team/More_Than_15_Char FAILED.
Reason:
com.kms.katalon.core.exception.StepFailedException: Unable to click on object 'Object Repository/1_Create_Team/Page_Mattermost/span_Create a new team'
	at com.kms.katalon.core.webui.keyword.internal.WebUIKeywordMain.stepFailed(WebUIKeywordMain.groovy:64)
	at com.kms.katalon.core.webui.keyword.internal.WebUIKeywordMain.runKeyword(WebUIKeywordMain.groovy:26)
	at com.kms.katalon.core.webui.keyword.builtin.ClickKeyword.click(ClickKeyword.groovy:102)
	at com.kms.katalon.core.webui.keyword.builtin.ClickKeyword.execute(ClickKeyword.groovy:43)
	at com.kms.katalon.core.keyword.internal.KeywordExecutor.executeKeywordForPlatform(KeywordExecutor.groovy:72)
	at com.kms.katalon.core.webui.keyword.WebUiBuiltInKeywords.click(WebUiBuiltInKeywords.groovy:616)
	at com.kms.katalon.core.webui.keyword.WebUiBuiltInKeywords$click$1.call(Unknown Source)
	at More_Than_15_Char.run(More_Than_15_Char:23)
	at com.kms.katalon.core.main.ScriptEngine.run(ScriptEngine.java:194)
	at com.kms.katalon.core.main.ScriptEngine.runScriptAsRawText(ScriptEngine.java:119)
	at com.kms.katalon.core.main.TestCaseExecutor.runScript(TestCaseExecutor.java:337)
	at com.kms.katalon.core.main.TestCaseExecutor.doExecute(TestCaseExecutor.java:328)
	at com.kms.katalon.core.main.TestCaseExecutor.processExecutionPhase(TestCaseExecutor.java:307)
	at com.kms.katalon.core.main.TestCaseExecutor.accessMainPhase(TestCaseExecutor.java:299)
	at com.kms.katalon.core.main.TestCaseExecutor.execute(TestCaseExecutor.java:233)
	at com.kms.katalon.core.main.TestSuiteExecutor.accessTestCaseMainPhase(TestSuiteExecutor.java:169)
	at com.kms.katalon.core.main.TestSuiteExecutor.accessTestSuiteMainPhase(TestSuiteExecutor.java:142)
	at com.kms.katalon.core.main.TestSuiteExecutor.execute(TestSuiteExecutor.java:91)
	at com.kms.katalon.core.main.TestCaseMain.startTestSuite(TestCaseMain.java:157)
	at com.kms.katalon.core.main.TestCaseMain$startTestSuite$0.call(Unknown Source)
	at TempTestSuite1577547168865.run(TempTestSuite1577547168865.groovy:36)
Caused by: com.kms.katalon.core.webui.exception.WebElementNotFoundException: Web element with id: 'Object Repository/1_Create_Team/Page_Mattermost/span_Create a new team' located by 'By.xpath: //a[@id='createNewTeamLink']/span' not found
	at com.kms.katalon.core.webui.common.WebUiCommonHelper.findWebElement(WebUiCommonHelper.java:1154)
	at com.kms.katalon.core.webui.keyword.internal.WebUIAbstractKeyword.findWebElement(WebUIAbstractKeyword.groovy:27)
	at com.kms.katalon.core.webui.keyword.internal.WebUIAbstractKeyword.findWebElement(WebUIAbstractKeyword.groovy:26)
	at com.kms.katalon.core.webui.keyword.builtin.ClickKeyword$_click_closure1.doCall(ClickKeyword.groovy:67)
	at com.kms.katalon.core.webui.keyword.builtin.ClickKeyword$_click_closure1.call(ClickKeyword.groovy)
	at com.kms.katalon.core.webui.keyword.internal.WebUIKeywordMain.runKeyword(WebUIKeywordMain.groovy:20)
	... 19 more
"/>
         <system-out><![CDATA[2019-12-28 22:35:42 - [TEST_CASE][FAILED] - Test Cases/1_Create_Team/More_Than_15_Char: Test Cases/1_Create_Team/More_Than_15_Char FAILED.
Reason:
com.kms.katalon.core.exception.StepFailedException: Unable to click on object 'Object Repository/1_Create_Team/Page_Mattermost/span_Create a new team'
	at com.kms.katalon.core.webui.keyword.internal.WebUIKeywordMain.stepFailed(WebUIKeywordMain.groovy:64)
	at com.kms.katalon.core.webui.keyword.internal.WebUIKeywordMain.runKeyword(WebUIKeywordMain.groovy:26)
	at com.kms.katalon.core.webui.keyword.builtin.ClickKeyword.click(ClickKeyword.groovy:102)
	at com.kms.katalon.core.webui.keyword.builtin.ClickKeyword.execute(ClickKeyword.groovy:43)
	at com.kms.katalon.core.keyword.internal.KeywordExecutor.executeKeywordForPlatform(KeywordExecutor.groovy:72)
	at com.kms.katalon.core.webui.keyword.WebUiBuiltInKeywords.click(WebUiBuiltInKeywords.groovy:616)
	at com.kms.katalon.core.webui.keyword.WebUiBuiltInKeywords$click$1.call(Unknown Source)
	at More_Than_15_Char.run(More_Than_15_Char:23)
	at com.kms.katalon.core.main.ScriptEngine.run(ScriptEngine.java:194)
	at com.kms.katalon.core.main.ScriptEngine.runScriptAsRawText(ScriptEngine.java:119)
	at com.kms.katalon.core.main.TestCaseExecutor.runScript(TestCaseExecutor.java:337)
	at com.kms.katalon.core.main.TestCaseExecutor.doExecute(TestCaseExecutor.java:328)
	at com.kms.katalon.core.main.TestCaseExecutor.processExecutionPhase(TestCaseExecutor.java:307)
	at com.kms.katalon.core.main.TestCaseExecutor.accessMainPhase(TestCaseExecutor.java:299)
	at com.kms.katalon.core.main.TestCaseExecutor.execute(TestCaseExecutor.java:233)
	at com.kms.katalon.core.main.TestSuiteExecutor.accessTestCaseMainPhase(TestSuiteExecutor.java:169)
	at com.kms.katalon.core.main.TestSuiteExecutor.accessTestSuiteMainPhase(TestSuiteExecutor.java:142)
	at com.kms.katalon.core.main.TestSuiteExecutor.execute(TestSuiteExecutor.java:91)
	at com.kms.katalon.core.main.TestCaseMain.startTestSuite(TestCaseMain.java:157)
	at com.kms.katalon.core.main.TestCaseMain$startTestSuite$0.call(Unknown Source)
	at TempTestSuite1577547168865.run(TempTestSuite1577547168865.groovy:36)
Caused by: com.kms.katalon.core.webui.exception.WebElementNotFoundException: Web element with id: 'Object Repository/1_Create_Team/Page_Mattermost/span_Create a new team' located by 'By.xpath: //a[@id='createNewTeamLink']/span' not found
	at com.kms.katalon.core.webui.common.WebUiCommonHelper.findWebElement(WebUiCommonHelper.java:1154)
	at com.kms.katalon.core.webui.keyword.internal.WebUIAbstractKeyword.findWebElement(WebUIAbstractKeyword.groovy:27)
	at com.kms.katalon.core.webui.keyword.internal.WebUIAbstractKeyword.findWebElement(WebUIAbstractKeyword.groovy:26)
	at com.kms.katalon.core.webui.keyword.builtin.ClickKeyword$_click_closure1.doCall(ClickKeyword.groovy:67)
	at com.kms.katalon.core.webui.keyword.builtin.ClickKeyword$_click_closure1.call(ClickKeyword.groovy)
	at com.kms.katalon.core.webui.keyword.internal.WebUIKeywordMain.runKeyword(WebUIKeywordMain.groovy:20)
	... 19 more


2019-12-28 22:35:42 - [TEST_STEP][PASSED] - openBrowser(""): Browser is opened with url: ''

2019-12-28 22:35:43 - [MESSAGE][PASSED] - Browser is opened with url: ''

2019-12-28 22:35:43 - [TEST_STEP][PASSED] - navigateToUrl("http://localhost:8065/"): Navigate to 'http://localhost:8065/' successfully

2019-12-28 22:35:43 - [MESSAGE][PASSED] - Navigate to 'http://localhost:8065/' successfully

2019-12-28 22:35:43 - [TEST_STEP][FAILED] - click(findTestObject("1_Create_Team/Page_Mattermost/span_Create a new team")): Unable to click on object 'Object Repository/1_Create_Team/Page_Mattermost/span_Create a new team' (Root cause: com.kms.katalon.core.exception.StepFailedException: Unable to click on object 'Object Repository/1_Create_Team/Page_Mattermost/span_Create a new team'
	at com.kms.katalon.core.webui.keyword.internal.WebUIKeywordMain.stepFailed(WebUIKeywordMain.groovy:64)
	at com.kms.katalon.core.webui.keyword.internal.WebUIKeywordMain.runKeyword(WebUIKeywordMain.groovy:26)
	at com.kms.katalon.core.webui.keyword.builtin.ClickKeyword.click(ClickKeyword.groovy:102)
	at com.kms.katalon.core.webui.keyword.builtin.ClickKeyword.execute(ClickKeyword.groovy:43)
	at com.kms.katalon.core.keyword.internal.KeywordExecutor.executeKeywordForPlatform(KeywordExecutor.groovy:72)
	at com.kms.katalon.core.webui.keyword.WebUiBuiltInKeywords.click(WebUiBuiltInKeywords.groovy:616)
	at com.kms.katalon.core.webui.keyword.WebUiBuiltInKeywords$click$1.call(Unknown Source)
	at More_Than_15_Char.run(More_Than_15_Char:23)
	at com.kms.katalon.core.main.ScriptEngine.run(ScriptEngine.java:194)
	at com.kms.katalon.core.main.ScriptEngine.runScriptAsRawText(ScriptEngine.java:119)
	at com.kms.katalon.core.main.TestCaseExecutor.runScript(TestCaseExecutor.java:337)
	at com.kms.katalon.core.main.TestCaseExecutor.doExecute(TestCaseExecutor.java:328)
	at com.kms.katalon.core.main.TestCaseExecutor.processExecutionPhase(TestCaseExecutor.java:307)
	at com.kms.katalon.core.main.TestCaseExecutor.accessMainPhase(TestCaseExecutor.java:299)
	at com.kms.katalon.core.main.TestCaseExecutor.execute(TestCaseExecutor.java:233)
	at com.kms.katalon.core.main.TestSuiteExecutor.accessTestCaseMainPhase(TestSuiteExecutor.java:169)
	at com.kms.katalon.core.main.TestSuiteExecutor.accessTestSuiteMainPhase(TestSuiteExecutor.java:142)
	at com.kms.katalon.core.main.TestSuiteExecutor.execute(TestSuiteExecutor.java:91)
	at com.kms.katalon.core.main.TestCaseMain.startTestSuite(TestCaseMain.java:157)
	at com.kms.katalon.core.main.TestCaseMain$startTestSuite$0.call(Unknown Source)
	at TempTestSuite1577547168865.run(TempTestSuite1577547168865.groovy:36)
Caused by: com.kms.katalon.core.webui.exception.WebElementNotFoundException: Web element with id: 'Object Repository/1_Create_Team/Page_Mattermost/span_Create a new team' located by 'By.xpath: //a[@id='createNewTeamLink']/span' not found
	at com.kms.katalon.core.webui.common.WebUiCommonHelper.findWebElement(WebUiCommonHelper.java:1154)
	at com.kms.katalon.core.webui.keyword.internal.WebUIAbstractKeyword.findWebElement(WebUIAbstractKeyword.groovy:27)
	at com.kms.katalon.core.webui.keyword.internal.WebUIAbstractKeyword.findWebElement(WebUIAbstractKeyword.groovy:26)
	at com.kms.katalon.core.webui.keyword.builtin.ClickKeyword$_click_closure1.doCall(ClickKeyword.groovy:67)
	at com.kms.katalon.core.webui.keyword.builtin.ClickKeyword$_click_closure1.call(ClickKeyword.groovy)
	at com.kms.katalon.core.webui.keyword.internal.WebUIKeywordMain.runKeyword(WebUIKeywordMain.groovy:20)
	at com.kms.katalon.core.webui.keyword.builtin.ClickKeyword.click(ClickKeyword.groovy:102)
	at com.kms.katalon.core.webui.keyword.builtin.ClickKeyword.execute(ClickKeyword.groovy:43)
	at com.kms.katalon.core.keyword.internal.KeywordExecutor.executeKeywordForPlatform(KeywordExecutor.groovy:72)
	at com.kms.katalon.core.webui.keyword.WebUiBuiltInKeywords.click(WebUiBuiltInKeywords.groovy:616)
	at com.kms.katalon.core.webui.keyword.WebUiBuiltInKeywords$click$1.call(Unknown Source)
	at Script1576844845210.run(Script1576844845210.groovy:23)
	... 13 more
)

2019-12-28 22:36:28 - [MESSAGE][INFO] - Unable to find the element located by 'By.xpath: //a[@id='createNewTeamLink']/span'. Please recheck the objects properties to make sure the desired element is located. 

2019-12-28 22:36:28 - [MESSAGE][INFO] - [SMART_XPATH] Auto-trying out other XPath values in the test object.

2019-12-28 22:36:28 - [MESSAGE][INFO] - [SMART_XPATH] FAILED XPATH: '//a[@id='createNewTeamLink']/span'.

2019-12-28 22:36:29 - [MESSAGE][INFO] - [SMART_XPATH] FAILED XPATH: '(.//*[normalize-space(text()) and normalize-space(.)='No teams are available to join. Please create a new team or ask your administrator for an invite.'])[1]/following::span[1]'.

2019-12-28 22:36:29 - [MESSAGE][INFO] - [SMART_XPATH] FAILED XPATH: '(.//*[normalize-space(text()) and normalize-space(.)='Teams you can join:'])[1]/following::span[2]'.

2019-12-28 22:36:29 - [MESSAGE][INFO] - [SMART_XPATH] FAILED XPATH: '(.//*[normalize-space(text()) and normalize-space(.)='Go to System Console'])[1]/preceding::span[1]'.

2019-12-28 22:36:29 - [MESSAGE][INFO] - [SMART_XPATH] FAILED XPATH: '(.//*[normalize-space(text()) and normalize-space(.)='Mattermost'])[3]/preceding::span[2]'.

2019-12-28 22:36:30 - [MESSAGE][INFO] - [SMART_XPATH] FAILED XPATH: '//*/text()[normalize-space(.)='Create a new team']/parent::*'.

2019-12-28 22:36:30 - [MESSAGE][INFO] - [SMART_XPATH] FAILED XPATH: '//div[3]/div/div[2]/a/span'.

2019-12-28 22:36:30 - [MESSAGE][INFO] - [SMART_XPATH] No working XPath is found.

2019-12-28 22:36:30 - [MESSAGE][FAILED] - Unable to click on object 'Object Repository/1_Create_Team/Page_Mattermost/span_Create a new team' (Root cause: com.kms.katalon.core.exception.StepFailedException: Unable to click on object 'Object Repository/1_Create_Team/Page_Mattermost/span_Create a new team'
	at com.kms.katalon.core.webui.keyword.internal.WebUIKeywordMain.stepFailed(WebUIKeywordMain.groovy:64)
	at com.kms.katalon.core.webui.keyword.internal.WebUIKeywordMain.runKeyword(WebUIKeywordMain.groovy:26)
	at com.kms.katalon.core.webui.keyword.builtin.ClickKeyword.click(ClickKeyword.groovy:102)
	at com.kms.katalon.core.webui.keyword.builtin.ClickKeyword.execute(ClickKeyword.groovy:43)
	at com.kms.katalon.core.keyword.internal.KeywordExecutor.executeKeywordForPlatform(KeywordExecutor.groovy:72)
	at com.kms.katalon.core.webui.keyword.WebUiBuiltInKeywords.click(WebUiBuiltInKeywords.groovy:616)
	at com.kms.katalon.core.webui.keyword.WebUiBuiltInKeywords$click$1.call(Unknown Source)
	at More_Than_15_Char.run(More_Than_15_Char:23)
	at com.kms.katalon.core.main.ScriptEngine.run(ScriptEngine.java:194)
	at com.kms.katalon.core.main.ScriptEngine.runScriptAsRawText(ScriptEngine.java:119)
	at com.kms.katalon.core.main.TestCaseExecutor.runScript(TestCaseExecutor.java:337)
	at com.kms.katalon.core.main.TestCaseExecutor.doExecute(TestCaseExecutor.java:328)
	at com.kms.katalon.core.main.TestCaseExecutor.processExecutionPhase(TestCaseExecutor.java:307)
	at com.kms.katalon.core.main.TestCaseExecutor.accessMainPhase(TestCaseExecutor.java:299)
	at com.kms.katalon.core.main.TestCaseExecutor.execute(TestCaseExecutor.java:233)
	at com.kms.katalon.core.main.TestSuiteExecutor.accessTestCaseMainPhase(TestSuiteExecutor.java:169)
	at com.kms.katalon.core.main.TestSuiteExecutor.accessTestSuiteMainPhase(TestSuiteExecutor.java:142)
	at com.kms.katalon.core.main.TestSuiteExecutor.execute(TestSuiteExecutor.java:91)
	at com.kms.katalon.core.main.TestCaseMain.startTestSuite(TestCaseMain.java:157)
	at com.kms.katalon.core.main.TestCaseMain$startTestSuite$0.call(Unknown Source)
	at TempTestSuite1577547168865.run(TempTestSuite1577547168865.groovy:36)
Caused by: com.kms.katalon.core.webui.exception.WebElementNotFoundException: Web element with id: 'Object Repository/1_Create_Team/Page_Mattermost/span_Create a new team' located by 'By.xpath: //a[@id='createNewTeamLink']/span' not found
	at com.kms.katalon.core.webui.common.WebUiCommonHelper.findWebElement(WebUiCommonHelper.java:1154)
	at com.kms.katalon.core.webui.keyword.internal.WebUIAbstractKeyword.findWebElement(WebUIAbstractKeyword.groovy:27)
	at com.kms.katalon.core.webui.keyword.internal.WebUIAbstractKeyword.findWebElement(WebUIAbstractKeyword.groovy:26)
	at com.kms.katalon.core.webui.keyword.builtin.ClickKeyword$_click_closure1.doCall(ClickKeyword.groovy:67)
	at com.kms.katalon.core.webui.keyword.builtin.ClickKeyword$_click_closure1.call(ClickKeyword.groovy)
	at com.kms.katalon.core.webui.keyword.internal.WebUIKeywordMain.runKeyword(WebUIKeywordMain.groovy:20)
	at com.kms.katalon.core.webui.keyword.builtin.ClickKeyword.click(ClickKeyword.groovy:102)
	at com.kms.katalon.core.webui.keyword.builtin.ClickKeyword.execute(ClickKeyword.groovy:43)
	at com.kms.katalon.core.keyword.internal.KeywordExecutor.executeKeywordForPlatform(KeywordExecutor.groovy:72)
	at com.kms.katalon.core.webui.keyword.WebUiBuiltInKeywords.click(WebUiBuiltInKeywords.groovy:616)
	at com.kms.katalon.core.webui.keyword.WebUiBuiltInKeywords$click$1.call(Unknown Source)
	at Script1576844845210.run(Script1576844845210.groovy:23)
	... 13 more
)
[[ATTACHMENT|/Users/nguyentri/Desktop/Learn/SoftwareEngineer/mattermost-duo-test/Reports/20191228_223248/Run_all_test_cases/20191228_223248/1577547390335.png]]]]></system-out>
         <system-err><![CDATA[2019-12-28 22:35:42 - [TEST_CASE][FAILED] - Test Cases/1_Create_Team/More_Than_15_Char: Test Cases/1_Create_Team/More_Than_15_Char FAILED.
Reason:
com.kms.katalon.core.exception.StepFailedException: Unable to click on object 'Object Repository/1_Create_Team/Page_Mattermost/span_Create a new team'
	at com.kms.katalon.core.webui.keyword.internal.WebUIKeywordMain.stepFailed(WebUIKeywordMain.groovy:64)
	at com.kms.katalon.core.webui.keyword.internal.WebUIKeywordMain.runKeyword(WebUIKeywordMain.groovy:26)
	at com.kms.katalon.core.webui.keyword.builtin.ClickKeyword.click(ClickKeyword.groovy:102)
	at com.kms.katalon.core.webui.keyword.builtin.ClickKeyword.execute(ClickKeyword.groovy:43)
	at com.kms.katalon.core.keyword.internal.KeywordExecutor.executeKeywordForPlatform(KeywordExecutor.groovy:72)
	at com.kms.katalon.core.webui.keyword.WebUiBuiltInKeywords.click(WebUiBuiltInKeywords.groovy:616)
	at com.kms.katalon.core.webui.keyword.WebUiBuiltInKeywords$click$1.call(Unknown Source)
	at More_Than_15_Char.run(More_Than_15_Char:23)
	at com.kms.katalon.core.main.ScriptEngine.run(ScriptEngine.java:194)
	at com.kms.katalon.core.main.ScriptEngine.runScriptAsRawText(ScriptEngine.java:119)
	at com.kms.katalon.core.main.TestCaseExecutor.runScript(TestCaseExecutor.java:337)
	at com.kms.katalon.core.main.TestCaseExecutor.doExecute(TestCaseExecutor.java:328)
	at com.kms.katalon.core.main.TestCaseExecutor.processExecutionPhase(TestCaseExecutor.java:307)
	at com.kms.katalon.core.main.TestCaseExecutor.accessMainPhase(TestCaseExecutor.java:299)
	at com.kms.katalon.core.main.TestCaseExecutor.execute(TestCaseExecutor.java:233)
	at com.kms.katalon.core.main.TestSuiteExecutor.accessTestCaseMainPhase(TestSuiteExecutor.java:169)
	at com.kms.katalon.core.main.TestSuiteExecutor.accessTestSuiteMainPhase(TestSuiteExecutor.java:142)
	at com.kms.katalon.core.main.TestSuiteExecutor.execute(TestSuiteExecutor.java:91)
	at com.kms.katalon.core.main.TestCaseMain.startTestSuite(TestCaseMain.java:157)
	at com.kms.katalon.core.main.TestCaseMain$startTestSuite$0.call(Unknown Source)
	at TempTestSuite1577547168865.run(TempTestSuite1577547168865.groovy:36)
Caused by: com.kms.katalon.core.webui.exception.WebElementNotFoundException: Web element with id: 'Object Repository/1_Create_Team/Page_Mattermost/span_Create a new team' located by 'By.xpath: //a[@id='createNewTeamLink']/span' not found
	at com.kms.katalon.core.webui.common.WebUiCommonHelper.findWebElement(WebUiCommonHelper.java:1154)
	at com.kms.katalon.core.webui.keyword.internal.WebUIAbstractKeyword.findWebElement(WebUIAbstractKeyword.groovy:27)
	at com.kms.katalon.core.webui.keyword.internal.WebUIAbstractKeyword.findWebElement(WebUIAbstractKeyword.groovy:26)
	at com.kms.katalon.core.webui.keyword.builtin.ClickKeyword$_click_closure1.doCall(ClickKeyword.groovy:67)
	at com.kms.katalon.core.webui.keyword.builtin.ClickKeyword$_click_closure1.call(ClickKeyword.groovy)
	at com.kms.katalon.core.webui.keyword.internal.WebUIKeywordMain.runKeyword(WebUIKeywordMain.groovy:20)
	... 19 more]]></system-err>
      </testcase>
      <testcase name="Test Cases/1_Create_Team/More_Than_15_Char" time="47.636" classname="Test Cases/1_Create_Team/More_Than_15_Char" status="FAILED">
         <failure type="FAILED" message="Test Cases/1_Create_Team/More_Than_15_Char FAILED.
Reason:
com.kms.katalon.core.exception.StepFailedException: Unable to click on object 'Object Repository/1_Create_Team/Page_Mattermost/span_Create a new team'
	at com.kms.katalon.core.webui.keyword.internal.WebUIKeywordMain.stepFailed(WebUIKeywordMain.groovy:64)
	at com.kms.katalon.core.webui.keyword.internal.WebUIKeywordMain.runKeyword(WebUIKeywordMain.groovy:26)
	at com.kms.katalon.core.webui.keyword.builtin.ClickKeyword.click(ClickKeyword.groovy:102)
	at com.kms.katalon.core.webui.keyword.builtin.ClickKeyword.execute(ClickKeyword.groovy:43)
	at com.kms.katalon.core.keyword.internal.KeywordExecutor.executeKeywordForPlatform(KeywordExecutor.groovy:72)
	at com.kms.katalon.core.webui.keyword.WebUiBuiltInKeywords.click(WebUiBuiltInKeywords.groovy:616)
	at com.kms.katalon.core.webui.keyword.WebUiBuiltInKeywords$click$1.call(Unknown Source)
	at More_Than_15_Char.run(More_Than_15_Char:23)
	at com.kms.katalon.core.main.ScriptEngine.run(ScriptEngine.java:194)
	at com.kms.katalon.core.main.ScriptEngine.runScriptAsRawText(ScriptEngine.java:119)
	at com.kms.katalon.core.main.TestCaseExecutor.runScript(TestCaseExecutor.java:337)
	at com.kms.katalon.core.main.TestCaseExecutor.doExecute(TestCaseExecutor.java:328)
	at com.kms.katalon.core.main.TestCaseExecutor.processExecutionPhase(TestCaseExecutor.java:307)
	at com.kms.katalon.core.main.TestCaseExecutor.accessMainPhase(TestCaseExecutor.java:299)
	at com.kms.katalon.core.main.TestCaseExecutor.execute(TestCaseExecutor.java:233)
	at com.kms.katalon.core.main.TestSuiteExecutor.accessTestCaseMainPhase(TestSuiteExecutor.java:169)
	at com.kms.katalon.core.main.TestSuiteExecutor.accessTestSuiteMainPhase(TestSuiteExecutor.java:142)
	at com.kms.katalon.core.main.TestSuiteExecutor.execute(TestSuiteExecutor.java:91)
	at com.kms.katalon.core.main.TestCaseMain.startTestSuite(TestCaseMain.java:157)
	at com.kms.katalon.core.main.TestCaseMain$startTestSuite$0.call(Unknown Source)
	at TempTestSuite1577547168865.run(TempTestSuite1577547168865.groovy:36)
Caused by: com.kms.katalon.core.webui.exception.WebElementNotFoundException: Web element with id: 'Object Repository/1_Create_Team/Page_Mattermost/span_Create a new team' located by 'By.xpath: //a[@id='createNewTeamLink']/span' not found
	at com.kms.katalon.core.webui.common.WebUiCommonHelper.findWebElement(WebUiCommonHelper.java:1154)
	at com.kms.katalon.core.webui.keyword.internal.WebUIAbstractKeyword.findWebElement(WebUIAbstractKeyword.groovy:27)
	at com.kms.katalon.core.webui.keyword.internal.WebUIAbstractKeyword.findWebElement(WebUIAbstractKeyword.groovy:26)
	at com.kms.katalon.core.webui.keyword.builtin.ClickKeyword$_click_closure1.doCall(ClickKeyword.groovy:67)
	at com.kms.katalon.core.webui.keyword.builtin.ClickKeyword$_click_closure1.call(ClickKeyword.groovy)
	at com.kms.katalon.core.webui.keyword.internal.WebUIKeywordMain.runKeyword(WebUIKeywordMain.groovy:20)
	... 19 more
"/>
         <system-out><![CDATA[2019-12-28 22:36:30 - [TEST_CASE][FAILED] - Test Cases/1_Create_Team/More_Than_15_Char: Test Cases/1_Create_Team/More_Than_15_Char FAILED.
Reason:
com.kms.katalon.core.exception.StepFailedException: Unable to click on object 'Object Repository/1_Create_Team/Page_Mattermost/span_Create a new team'
	at com.kms.katalon.core.webui.keyword.internal.WebUIKeywordMain.stepFailed(WebUIKeywordMain.groovy:64)
	at com.kms.katalon.core.webui.keyword.internal.WebUIKeywordMain.runKeyword(WebUIKeywordMain.groovy:26)
	at com.kms.katalon.core.webui.keyword.builtin.ClickKeyword.click(ClickKeyword.groovy:102)
	at com.kms.katalon.core.webui.keyword.builtin.ClickKeyword.execute(ClickKeyword.groovy:43)
	at com.kms.katalon.core.keyword.internal.KeywordExecutor.executeKeywordForPlatform(KeywordExecutor.groovy:72)
	at com.kms.katalon.core.webui.keyword.WebUiBuiltInKeywords.click(WebUiBuiltInKeywords.groovy:616)
	at com.kms.katalon.core.webui.keyword.WebUiBuiltInKeywords$click$1.call(Unknown Source)
	at More_Than_15_Char.run(More_Than_15_Char:23)
	at com.kms.katalon.core.main.ScriptEngine.run(ScriptEngine.java:194)
	at com.kms.katalon.core.main.ScriptEngine.runScriptAsRawText(ScriptEngine.java:119)
	at com.kms.katalon.core.main.TestCaseExecutor.runScript(TestCaseExecutor.java:337)
	at com.kms.katalon.core.main.TestCaseExecutor.doExecute(TestCaseExecutor.java:328)
	at com.kms.katalon.core.main.TestCaseExecutor.processExecutionPhase(TestCaseExecutor.java:307)
	at com.kms.katalon.core.main.TestCaseExecutor.accessMainPhase(TestCaseExecutor.java:299)
	at com.kms.katalon.core.main.TestCaseExecutor.execute(TestCaseExecutor.java:233)
	at com.kms.katalon.core.main.TestSuiteExecutor.accessTestCaseMainPhase(TestSuiteExecutor.java:169)
	at com.kms.katalon.core.main.TestSuiteExecutor.accessTestSuiteMainPhase(TestSuiteExecutor.java:142)
	at com.kms.katalon.core.main.TestSuiteExecutor.execute(TestSuiteExecutor.java:91)
	at com.kms.katalon.core.main.TestCaseMain.startTestSuite(TestCaseMain.java:157)
	at com.kms.katalon.core.main.TestCaseMain$startTestSuite$0.call(Unknown Source)
	at TempTestSuite1577547168865.run(TempTestSuite1577547168865.groovy:36)
Caused by: com.kms.katalon.core.webui.exception.WebElementNotFoundException: Web element with id: 'Object Repository/1_Create_Team/Page_Mattermost/span_Create a new team' located by 'By.xpath: //a[@id='createNewTeamLink']/span' not found
	at com.kms.katalon.core.webui.common.WebUiCommonHelper.findWebElement(WebUiCommonHelper.java:1154)
	at com.kms.katalon.core.webui.keyword.internal.WebUIAbstractKeyword.findWebElement(WebUIAbstractKeyword.groovy:27)
	at com.kms.katalon.core.webui.keyword.internal.WebUIAbstractKeyword.findWebElement(WebUIAbstractKeyword.groovy:26)
	at com.kms.katalon.core.webui.keyword.builtin.ClickKeyword$_click_closure1.doCall(ClickKeyword.groovy:67)
	at com.kms.katalon.core.webui.keyword.builtin.ClickKeyword$_click_closure1.call(ClickKeyword.groovy)
	at com.kms.katalon.core.webui.keyword.internal.WebUIKeywordMain.runKeyword(WebUIKeywordMain.groovy:20)
	... 19 more


2019-12-28 22:36:30 - [TEST_STEP][PASSED] - openBrowser(""): Browser is opened with url: ''

2019-12-28 22:36:31 - [MESSAGE][PASSED] - Browser is opened with url: ''

2019-12-28 22:36:31 - [TEST_STEP][PASSED] - navigateToUrl("http://localhost:8065/"): Navigate to 'http://localhost:8065/' successfully

2019-12-28 22:36:32 - [MESSAGE][PASSED] - Navigate to 'http://localhost:8065/' successfully

2019-12-28 22:36:32 - [TEST_STEP][FAILED] - click(findTestObject("1_Create_Team/Page_Mattermost/span_Create a new team")): Unable to click on object 'Object Repository/1_Create_Team/Page_Mattermost/span_Create a new team' (Root cause: com.kms.katalon.core.exception.StepFailedException: Unable to click on object 'Object Repository/1_Create_Team/Page_Mattermost/span_Create a new team'
	at com.kms.katalon.core.webui.keyword.internal.WebUIKeywordMain.stepFailed(WebUIKeywordMain.groovy:64)
	at com.kms.katalon.core.webui.keyword.internal.WebUIKeywordMain.runKeyword(WebUIKeywordMain.groovy:26)
	at com.kms.katalon.core.webui.keyword.builtin.ClickKeyword.click(ClickKeyword.groovy:102)
	at com.kms.katalon.core.webui.keyword.builtin.ClickKeyword.execute(ClickKeyword.groovy:43)
	at com.kms.katalon.core.keyword.internal.KeywordExecutor.executeKeywordForPlatform(KeywordExecutor.groovy:72)
	at com.kms.katalon.core.webui.keyword.WebUiBuiltInKeywords.click(WebUiBuiltInKeywords.groovy:616)
	at com.kms.katalon.core.webui.keyword.WebUiBuiltInKeywords$click$1.call(Unknown Source)
	at More_Than_15_Char.run(More_Than_15_Char:23)
	at com.kms.katalon.core.main.ScriptEngine.run(ScriptEngine.java:194)
	at com.kms.katalon.core.main.ScriptEngine.runScriptAsRawText(ScriptEngine.java:119)
	at com.kms.katalon.core.main.TestCaseExecutor.runScript(TestCaseExecutor.java:337)
	at com.kms.katalon.core.main.TestCaseExecutor.doExecute(TestCaseExecutor.java:328)
	at com.kms.katalon.core.main.TestCaseExecutor.processExecutionPhase(TestCaseExecutor.java:307)
	at com.kms.katalon.core.main.TestCaseExecutor.accessMainPhase(TestCaseExecutor.java:299)
	at com.kms.katalon.core.main.TestCaseExecutor.execute(TestCaseExecutor.java:233)
	at com.kms.katalon.core.main.TestSuiteExecutor.accessTestCaseMainPhase(TestSuiteExecutor.java:169)
	at com.kms.katalon.core.main.TestSuiteExecutor.accessTestSuiteMainPhase(TestSuiteExecutor.java:142)
	at com.kms.katalon.core.main.TestSuiteExecutor.execute(TestSuiteExecutor.java:91)
	at com.kms.katalon.core.main.TestCaseMain.startTestSuite(TestCaseMain.java:157)
	at com.kms.katalon.core.main.TestCaseMain$startTestSuite$0.call(Unknown Source)
	at TempTestSuite1577547168865.run(TempTestSuite1577547168865.groovy:36)
Caused by: com.kms.katalon.core.webui.exception.WebElementNotFoundException: Web element with id: 'Object Repository/1_Create_Team/Page_Mattermost/span_Create a new team' located by 'By.xpath: //a[@id='createNewTeamLink']/span' not found
	at com.kms.katalon.core.webui.common.WebUiCommonHelper.findWebElement(WebUiCommonHelper.java:1154)
	at com.kms.katalon.core.webui.keyword.internal.WebUIAbstractKeyword.findWebElement(WebUIAbstractKeyword.groovy:27)
	at com.kms.katalon.core.webui.keyword.internal.WebUIAbstractKeyword.findWebElement(WebUIAbstractKeyword.groovy:26)
	at com.kms.katalon.core.webui.keyword.builtin.ClickKeyword$_click_closure1.doCall(ClickKeyword.groovy:67)
	at com.kms.katalon.core.webui.keyword.builtin.ClickKeyword$_click_closure1.call(ClickKeyword.groovy)
	at com.kms.katalon.core.webui.keyword.internal.WebUIKeywordMain.runKeyword(WebUIKeywordMain.groovy:20)
	at com.kms.katalon.core.webui.keyword.builtin.ClickKeyword.click(ClickKeyword.groovy:102)
	at com.kms.katalon.core.webui.keyword.builtin.ClickKeyword.execute(ClickKeyword.groovy:43)
	at com.kms.katalon.core.keyword.internal.KeywordExecutor.executeKeywordForPlatform(KeywordExecutor.groovy:72)
	at com.kms.katalon.core.webui.keyword.WebUiBuiltInKeywords.click(WebUiBuiltInKeywords.groovy:616)
	at com.kms.katalon.core.webui.keyword.WebUiBuiltInKeywords$click$1.call(Unknown Source)
	at Script1576844845210.run(Script1576844845210.groovy:23)
	... 13 more
)

2019-12-28 22:37:16 - [MESSAGE][INFO] - Unable to find the element located by 'By.xpath: //a[@id='createNewTeamLink']/span'. Please recheck the objects properties to make sure the desired element is located. 

2019-12-28 22:37:16 - [MESSAGE][INFO] - [SMART_XPATH] Auto-trying out other XPath values in the test object.

2019-12-28 22:37:16 - [MESSAGE][INFO] - [SMART_XPATH] FAILED XPATH: '//a[@id='createNewTeamLink']/span'.

2019-12-28 22:37:16 - [MESSAGE][INFO] - [SMART_XPATH] FAILED XPATH: '(.//*[normalize-space(text()) and normalize-space(.)='No teams are available to join. Please create a new team or ask your administrator for an invite.'])[1]/following::span[1]'.

2019-12-28 22:37:17 - [MESSAGE][INFO] - [SMART_XPATH] FAILED XPATH: '(.//*[normalize-space(text()) and normalize-space(.)='Teams you can join:'])[1]/following::span[2]'.

2019-12-28 22:37:17 - [MESSAGE][INFO] - [SMART_XPATH] FAILED XPATH: '(.//*[normalize-space(text()) and normalize-space(.)='Go to System Console'])[1]/preceding::span[1]'.

2019-12-28 22:37:17 - [MESSAGE][INFO] - [SMART_XPATH] FAILED XPATH: '(.//*[normalize-space(text()) and normalize-space(.)='Mattermost'])[3]/preceding::span[2]'.

2019-12-28 22:37:17 - [MESSAGE][INFO] - [SMART_XPATH] FAILED XPATH: '//*/text()[normalize-space(.)='Create a new team']/parent::*'.

2019-12-28 22:37:18 - [MESSAGE][INFO] - [SMART_XPATH] FAILED XPATH: '//div[3]/div/div[2]/a/span'.

2019-12-28 22:37:18 - [MESSAGE][INFO] - [SMART_XPATH] No working XPath is found.

2019-12-28 22:37:18 - [MESSAGE][FAILED] - Unable to click on object 'Object Repository/1_Create_Team/Page_Mattermost/span_Create a new team' (Root cause: com.kms.katalon.core.exception.StepFailedException: Unable to click on object 'Object Repository/1_Create_Team/Page_Mattermost/span_Create a new team'
	at com.kms.katalon.core.webui.keyword.internal.WebUIKeywordMain.stepFailed(WebUIKeywordMain.groovy:64)
	at com.kms.katalon.core.webui.keyword.internal.WebUIKeywordMain.runKeyword(WebUIKeywordMain.groovy:26)
	at com.kms.katalon.core.webui.keyword.builtin.ClickKeyword.click(ClickKeyword.groovy:102)
	at com.kms.katalon.core.webui.keyword.builtin.ClickKeyword.execute(ClickKeyword.groovy:43)
	at com.kms.katalon.core.keyword.internal.KeywordExecutor.executeKeywordForPlatform(KeywordExecutor.groovy:72)
	at com.kms.katalon.core.webui.keyword.WebUiBuiltInKeywords.click(WebUiBuiltInKeywords.groovy:616)
	at com.kms.katalon.core.webui.keyword.WebUiBuiltInKeywords$click$1.call(Unknown Source)
	at More_Than_15_Char.run(More_Than_15_Char:23)
	at com.kms.katalon.core.main.ScriptEngine.run(ScriptEngine.java:194)
	at com.kms.katalon.core.main.ScriptEngine.runScriptAsRawText(ScriptEngine.java:119)
	at com.kms.katalon.core.main.TestCaseExecutor.runScript(TestCaseExecutor.java:337)
	at com.kms.katalon.core.main.TestCaseExecutor.doExecute(TestCaseExecutor.java:328)
	at com.kms.katalon.core.main.TestCaseExecutor.processExecutionPhase(TestCaseExecutor.java:307)
	at com.kms.katalon.core.main.TestCaseExecutor.accessMainPhase(TestCaseExecutor.java:299)
	at com.kms.katalon.core.main.TestCaseExecutor.execute(TestCaseExecutor.java:233)
	at com.kms.katalon.core.main.TestSuiteExecutor.accessTestCaseMainPhase(TestSuiteExecutor.java:169)
	at com.kms.katalon.core.main.TestSuiteExecutor.accessTestSuiteMainPhase(TestSuiteExecutor.java:142)
	at com.kms.katalon.core.main.TestSuiteExecutor.execute(TestSuiteExecutor.java:91)
	at com.kms.katalon.core.main.TestCaseMain.startTestSuite(TestCaseMain.java:157)
	at com.kms.katalon.core.main.TestCaseMain$startTestSuite$0.call(Unknown Source)
	at TempTestSuite1577547168865.run(TempTestSuite1577547168865.groovy:36)
Caused by: com.kms.katalon.core.webui.exception.WebElementNotFoundException: Web element with id: 'Object Repository/1_Create_Team/Page_Mattermost/span_Create a new team' located by 'By.xpath: //a[@id='createNewTeamLink']/span' not found
	at com.kms.katalon.core.webui.common.WebUiCommonHelper.findWebElement(WebUiCommonHelper.java:1154)
	at com.kms.katalon.core.webui.keyword.internal.WebUIAbstractKeyword.findWebElement(WebUIAbstractKeyword.groovy:27)
	at com.kms.katalon.core.webui.keyword.internal.WebUIAbstractKeyword.findWebElement(WebUIAbstractKeyword.groovy:26)
	at com.kms.katalon.core.webui.keyword.builtin.ClickKeyword$_click_closure1.doCall(ClickKeyword.groovy:67)
	at com.kms.katalon.core.webui.keyword.builtin.ClickKeyword$_click_closure1.call(ClickKeyword.groovy)
	at com.kms.katalon.core.webui.keyword.internal.WebUIKeywordMain.runKeyword(WebUIKeywordMain.groovy:20)
	at com.kms.katalon.core.webui.keyword.builtin.ClickKeyword.click(ClickKeyword.groovy:102)
	at com.kms.katalon.core.webui.keyword.builtin.ClickKeyword.execute(ClickKeyword.groovy:43)
	at com.kms.katalon.core.keyword.internal.KeywordExecutor.executeKeywordForPlatform(KeywordExecutor.groovy:72)
	at com.kms.katalon.core.webui.keyword.WebUiBuiltInKeywords.click(WebUiBuiltInKeywords.groovy:616)
	at com.kms.katalon.core.webui.keyword.WebUiBuiltInKeywords$click$1.call(Unknown Source)
	at Script1576844845210.run(Script1576844845210.groovy:23)
	... 13 more
)
[[ATTACHMENT|/Users/nguyentri/Desktop/Learn/SoftwareEngineer/mattermost-duo-test/Reports/20191228_223248/Run_all_test_cases/20191228_223248/1577547438248.png]]]]></system-out>
         <system-err><![CDATA[2019-12-28 22:36:30 - [TEST_CASE][FAILED] - Test Cases/1_Create_Team/More_Than_15_Char: Test Cases/1_Create_Team/More_Than_15_Char FAILED.
Reason:
com.kms.katalon.core.exception.StepFailedException: Unable to click on object 'Object Repository/1_Create_Team/Page_Mattermost/span_Create a new team'
	at com.kms.katalon.core.webui.keyword.internal.WebUIKeywordMain.stepFailed(WebUIKeywordMain.groovy:64)
	at com.kms.katalon.core.webui.keyword.internal.WebUIKeywordMain.runKeyword(WebUIKeywordMain.groovy:26)
	at com.kms.katalon.core.webui.keyword.builtin.ClickKeyword.click(ClickKeyword.groovy:102)
	at com.kms.katalon.core.webui.keyword.builtin.ClickKeyword.execute(ClickKeyword.groovy:43)
	at com.kms.katalon.core.keyword.internal.KeywordExecutor.executeKeywordForPlatform(KeywordExecutor.groovy:72)
	at com.kms.katalon.core.webui.keyword.WebUiBuiltInKeywords.click(WebUiBuiltInKeywords.groovy:616)
	at com.kms.katalon.core.webui.keyword.WebUiBuiltInKeywords$click$1.call(Unknown Source)
	at More_Than_15_Char.run(More_Than_15_Char:23)
	at com.kms.katalon.core.main.ScriptEngine.run(ScriptEngine.java:194)
	at com.kms.katalon.core.main.ScriptEngine.runScriptAsRawText(ScriptEngine.java:119)
	at com.kms.katalon.core.main.TestCaseExecutor.runScript(TestCaseExecutor.java:337)
	at com.kms.katalon.core.main.TestCaseExecutor.doExecute(TestCaseExecutor.java:328)
	at com.kms.katalon.core.main.TestCaseExecutor.processExecutionPhase(TestCaseExecutor.java:307)
	at com.kms.katalon.core.main.TestCaseExecutor.accessMainPhase(TestCaseExecutor.java:299)
	at com.kms.katalon.core.main.TestCaseExecutor.execute(TestCaseExecutor.java:233)
	at com.kms.katalon.core.main.TestSuiteExecutor.accessTestCaseMainPhase(TestSuiteExecutor.java:169)
	at com.kms.katalon.core.main.TestSuiteExecutor.accessTestSuiteMainPhase(TestSuiteExecutor.java:142)
	at com.kms.katalon.core.main.TestSuiteExecutor.execute(TestSuiteExecutor.java:91)
	at com.kms.katalon.core.main.TestCaseMain.startTestSuite(TestCaseMain.java:157)
	at com.kms.katalon.core.main.TestCaseMain$startTestSuite$0.call(Unknown Source)
	at TempTestSuite1577547168865.run(TempTestSuite1577547168865.groovy:36)
Caused by: com.kms.katalon.core.webui.exception.WebElementNotFoundException: Web element with id: 'Object Repository/1_Create_Team/Page_Mattermost/span_Create a new team' located by 'By.xpath: //a[@id='createNewTeamLink']/span' not found
	at com.kms.katalon.core.webui.common.WebUiCommonHelper.findWebElement(WebUiCommonHelper.java:1154)
	at com.kms.katalon.core.webui.keyword.internal.WebUIAbstractKeyword.findWebElement(WebUIAbstractKeyword.groovy:27)
	at com.kms.katalon.core.webui.keyword.internal.WebUIAbstractKeyword.findWebElement(WebUIAbstractKeyword.groovy:26)
	at com.kms.katalon.core.webui.keyword.builtin.ClickKeyword$_click_closure1.doCall(ClickKeyword.groovy:67)
	at com.kms.katalon.core.webui.keyword.builtin.ClickKeyword$_click_closure1.call(ClickKeyword.groovy)
	at com.kms.katalon.core.webui.keyword.internal.WebUIKeywordMain.runKeyword(WebUIKeywordMain.groovy:20)
	... 19 more]]></system-err>
      </testcase>
      <testcase name="Test Cases/1_Create_Team/More_Than_15_Char" time="46.329" classname="Test Cases/1_Create_Team/More_Than_15_Char" status="FAILED">
         <failure type="FAILED" message="Test Cases/1_Create_Team/More_Than_15_Char FAILED.
Reason:
com.kms.katalon.core.exception.StepFailedException: Unable to click on object 'Object Repository/1_Create_Team/Page_Mattermost/span_Create a new team'
	at com.kms.katalon.core.webui.keyword.internal.WebUIKeywordMain.stepFailed(WebUIKeywordMain.groovy:64)
	at com.kms.katalon.core.webui.keyword.internal.WebUIKeywordMain.runKeyword(WebUIKeywordMain.groovy:26)
	at com.kms.katalon.core.webui.keyword.builtin.ClickKeyword.click(ClickKeyword.groovy:102)
	at com.kms.katalon.core.webui.keyword.builtin.ClickKeyword.execute(ClickKeyword.groovy:43)
	at com.kms.katalon.core.keyword.internal.KeywordExecutor.executeKeywordForPlatform(KeywordExecutor.groovy:72)
	at com.kms.katalon.core.webui.keyword.WebUiBuiltInKeywords.click(WebUiBuiltInKeywords.groovy:616)
	at com.kms.katalon.core.webui.keyword.WebUiBuiltInKeywords$click$1.call(Unknown Source)
	at More_Than_15_Char.run(More_Than_15_Char:23)
	at com.kms.katalon.core.main.ScriptEngine.run(ScriptEngine.java:194)
	at com.kms.katalon.core.main.ScriptEngine.runScriptAsRawText(ScriptEngine.java:119)
	at com.kms.katalon.core.main.TestCaseExecutor.runScript(TestCaseExecutor.java:337)
	at com.kms.katalon.core.main.TestCaseExecutor.doExecute(TestCaseExecutor.java:328)
	at com.kms.katalon.core.main.TestCaseExecutor.processExecutionPhase(TestCaseExecutor.java:307)
	at com.kms.katalon.core.main.TestCaseExecutor.accessMainPhase(TestCaseExecutor.java:299)
	at com.kms.katalon.core.main.TestCaseExecutor.execute(TestCaseExecutor.java:233)
	at com.kms.katalon.core.main.TestSuiteExecutor.accessTestCaseMainPhase(TestSuiteExecutor.java:169)
	at com.kms.katalon.core.main.TestSuiteExecutor.accessTestSuiteMainPhase(TestSuiteExecutor.java:142)
	at com.kms.katalon.core.main.TestSuiteExecutor.execute(TestSuiteExecutor.java:91)
	at com.kms.katalon.core.main.TestCaseMain.startTestSuite(TestCaseMain.java:157)
	at com.kms.katalon.core.main.TestCaseMain$startTestSuite$0.call(Unknown Source)
	at TempTestSuite1577547168865.run(TempTestSuite1577547168865.groovy:36)
Caused by: com.kms.katalon.core.webui.exception.WebElementNotFoundException: Web element with id: 'Object Repository/1_Create_Team/Page_Mattermost/span_Create a new team' located by 'By.xpath: //a[@id='createNewTeamLink']/span' not found
	at com.kms.katalon.core.webui.common.WebUiCommonHelper.findWebElement(WebUiCommonHelper.java:1154)
	at com.kms.katalon.core.webui.keyword.internal.WebUIAbstractKeyword.findWebElement(WebUIAbstractKeyword.groovy:27)
	at com.kms.katalon.core.webui.keyword.internal.WebUIAbstractKeyword.findWebElement(WebUIAbstractKeyword.groovy:26)
	at com.kms.katalon.core.webui.keyword.builtin.ClickKeyword$_click_closure1.doCall(ClickKeyword.groovy:67)
	at com.kms.katalon.core.webui.keyword.builtin.ClickKeyword$_click_closure1.call(ClickKeyword.groovy)
	at com.kms.katalon.core.webui.keyword.internal.WebUIKeywordMain.runKeyword(WebUIKeywordMain.groovy:20)
	... 19 more
"/>
         <system-out><![CDATA[2019-12-28 22:37:18 - [TEST_CASE][FAILED] - Test Cases/1_Create_Team/More_Than_15_Char: Test Cases/1_Create_Team/More_Than_15_Char FAILED.
Reason:
com.kms.katalon.core.exception.StepFailedException: Unable to click on object 'Object Repository/1_Create_Team/Page_Mattermost/span_Create a new team'
	at com.kms.katalon.core.webui.keyword.internal.WebUIKeywordMain.stepFailed(WebUIKeywordMain.groovy:64)
	at com.kms.katalon.core.webui.keyword.internal.WebUIKeywordMain.runKeyword(WebUIKeywordMain.groovy:26)
	at com.kms.katalon.core.webui.keyword.builtin.ClickKeyword.click(ClickKeyword.groovy:102)
	at com.kms.katalon.core.webui.keyword.builtin.ClickKeyword.execute(ClickKeyword.groovy:43)
	at com.kms.katalon.core.keyword.internal.KeywordExecutor.executeKeywordForPlatform(KeywordExecutor.groovy:72)
	at com.kms.katalon.core.webui.keyword.WebUiBuiltInKeywords.click(WebUiBuiltInKeywords.groovy:616)
	at com.kms.katalon.core.webui.keyword.WebUiBuiltInKeywords$click$1.call(Unknown Source)
	at More_Than_15_Char.run(More_Than_15_Char:23)
	at com.kms.katalon.core.main.ScriptEngine.run(ScriptEngine.java:194)
	at com.kms.katalon.core.main.ScriptEngine.runScriptAsRawText(ScriptEngine.java:119)
	at com.kms.katalon.core.main.TestCaseExecutor.runScript(TestCaseExecutor.java:337)
	at com.kms.katalon.core.main.TestCaseExecutor.doExecute(TestCaseExecutor.java:328)
	at com.kms.katalon.core.main.TestCaseExecutor.processExecutionPhase(TestCaseExecutor.java:307)
	at com.kms.katalon.core.main.TestCaseExecutor.accessMainPhase(TestCaseExecutor.java:299)
	at com.kms.katalon.core.main.TestCaseExecutor.execute(TestCaseExecutor.java:233)
	at com.kms.katalon.core.main.TestSuiteExecutor.accessTestCaseMainPhase(TestSuiteExecutor.java:169)
	at com.kms.katalon.core.main.TestSuiteExecutor.accessTestSuiteMainPhase(TestSuiteExecutor.java:142)
	at com.kms.katalon.core.main.TestSuiteExecutor.execute(TestSuiteExecutor.java:91)
	at com.kms.katalon.core.main.TestCaseMain.startTestSuite(TestCaseMain.java:157)
	at com.kms.katalon.core.main.TestCaseMain$startTestSuite$0.call(Unknown Source)
	at TempTestSuite1577547168865.run(TempTestSuite1577547168865.groovy:36)
Caused by: com.kms.katalon.core.webui.exception.WebElementNotFoundException: Web element with id: 'Object Repository/1_Create_Team/Page_Mattermost/span_Create a new team' located by 'By.xpath: //a[@id='createNewTeamLink']/span' not found
	at com.kms.katalon.core.webui.common.WebUiCommonHelper.findWebElement(WebUiCommonHelper.java:1154)
	at com.kms.katalon.core.webui.keyword.internal.WebUIAbstractKeyword.findWebElement(WebUIAbstractKeyword.groovy:27)
	at com.kms.katalon.core.webui.keyword.internal.WebUIAbstractKeyword.findWebElement(WebUIAbstractKeyword.groovy:26)
	at com.kms.katalon.core.webui.keyword.builtin.ClickKeyword$_click_closure1.doCall(ClickKeyword.groovy:67)
	at com.kms.katalon.core.webui.keyword.builtin.ClickKeyword$_click_closure1.call(ClickKeyword.groovy)
	at com.kms.katalon.core.webui.keyword.internal.WebUIKeywordMain.runKeyword(WebUIKeywordMain.groovy:20)
	... 19 more


2019-12-28 22:37:18 - [TEST_STEP][PASSED] - openBrowser(""): Browser is opened with url: ''

2019-12-28 22:37:18 - [MESSAGE][PASSED] - Browser is opened with url: ''

2019-12-28 22:37:18 - [TEST_STEP][PASSED] - navigateToUrl("http://localhost:8065/"): Navigate to 'http://localhost:8065/' successfully

2019-12-28 22:37:19 - [MESSAGE][PASSED] - Navigate to 'http://localhost:8065/' successfully

2019-12-28 22:37:19 - [TEST_STEP][FAILED] - click(findTestObject("1_Create_Team/Page_Mattermost/span_Create a new team")): Unable to click on object 'Object Repository/1_Create_Team/Page_Mattermost/span_Create a new team' (Root cause: com.kms.katalon.core.exception.StepFailedException: Unable to click on object 'Object Repository/1_Create_Team/Page_Mattermost/span_Create a new team'
	at com.kms.katalon.core.webui.keyword.internal.WebUIKeywordMain.stepFailed(WebUIKeywordMain.groovy:64)
	at com.kms.katalon.core.webui.keyword.internal.WebUIKeywordMain.runKeyword(WebUIKeywordMain.groovy:26)
	at com.kms.katalon.core.webui.keyword.builtin.ClickKeyword.click(ClickKeyword.groovy:102)
	at com.kms.katalon.core.webui.keyword.builtin.ClickKeyword.execute(ClickKeyword.groovy:43)
	at com.kms.katalon.core.keyword.internal.KeywordExecutor.executeKeywordForPlatform(KeywordExecutor.groovy:72)
	at com.kms.katalon.core.webui.keyword.WebUiBuiltInKeywords.click(WebUiBuiltInKeywords.groovy:616)
	at com.kms.katalon.core.webui.keyword.WebUiBuiltInKeywords$click$1.call(Unknown Source)
	at More_Than_15_Char.run(More_Than_15_Char:23)
	at com.kms.katalon.core.main.ScriptEngine.run(ScriptEngine.java:194)
	at com.kms.katalon.core.main.ScriptEngine.runScriptAsRawText(ScriptEngine.java:119)
	at com.kms.katalon.core.main.TestCaseExecutor.runScript(TestCaseExecutor.java:337)
	at com.kms.katalon.core.main.TestCaseExecutor.doExecute(TestCaseExecutor.java:328)
	at com.kms.katalon.core.main.TestCaseExecutor.processExecutionPhase(TestCaseExecutor.java:307)
	at com.kms.katalon.core.main.TestCaseExecutor.accessMainPhase(TestCaseExecutor.java:299)
	at com.kms.katalon.core.main.TestCaseExecutor.execute(TestCaseExecutor.java:233)
	at com.kms.katalon.core.main.TestSuiteExecutor.accessTestCaseMainPhase(TestSuiteExecutor.java:169)
	at com.kms.katalon.core.main.TestSuiteExecutor.accessTestSuiteMainPhase(TestSuiteExecutor.java:142)
	at com.kms.katalon.core.main.TestSuiteExecutor.execute(TestSuiteExecutor.java:91)
	at com.kms.katalon.core.main.TestCaseMain.startTestSuite(TestCaseMain.java:157)
	at com.kms.katalon.core.main.TestCaseMain$startTestSuite$0.call(Unknown Source)
	at TempTestSuite1577547168865.run(TempTestSuite1577547168865.groovy:36)
Caused by: com.kms.katalon.core.webui.exception.WebElementNotFoundException: Web element with id: 'Object Repository/1_Create_Team/Page_Mattermost/span_Create a new team' located by 'By.xpath: //a[@id='createNewTeamLink']/span' not found
	at com.kms.katalon.core.webui.common.WebUiCommonHelper.findWebElement(WebUiCommonHelper.java:1154)
	at com.kms.katalon.core.webui.keyword.internal.WebUIAbstractKeyword.findWebElement(WebUIAbstractKeyword.groovy:27)
	at com.kms.katalon.core.webui.keyword.internal.WebUIAbstractKeyword.findWebElement(WebUIAbstractKeyword.groovy:26)
	at com.kms.katalon.core.webui.keyword.builtin.ClickKeyword$_click_closure1.doCall(ClickKeyword.groovy:67)
	at com.kms.katalon.core.webui.keyword.builtin.ClickKeyword$_click_closure1.call(ClickKeyword.groovy)
	at com.kms.katalon.core.webui.keyword.internal.WebUIKeywordMain.runKeyword(WebUIKeywordMain.groovy:20)
	at com.kms.katalon.core.webui.keyword.builtin.ClickKeyword.click(ClickKeyword.groovy:102)
	at com.kms.katalon.core.webui.keyword.builtin.ClickKeyword.execute(ClickKeyword.groovy:43)
	at com.kms.katalon.core.keyword.internal.KeywordExecutor.executeKeywordForPlatform(KeywordExecutor.groovy:72)
	at com.kms.katalon.core.webui.keyword.WebUiBuiltInKeywords.click(WebUiBuiltInKeywords.groovy:616)
	at com.kms.katalon.core.webui.keyword.WebUiBuiltInKeywords$click$1.call(Unknown Source)
	at Script1576844845210.run(Script1576844845210.groovy:23)
	... 13 more
)

2019-12-28 22:38:02 - [MESSAGE][INFO] - Unable to find the element located by 'By.xpath: //a[@id='createNewTeamLink']/span'. Please recheck the objects properties to make sure the desired element is located. 

2019-12-28 22:38:02 - [MESSAGE][INFO] - [SMART_XPATH] Auto-trying out other XPath values in the test object.

2019-12-28 22:38:03 - [MESSAGE][INFO] - [SMART_XPATH] FAILED XPATH: '//a[@id='createNewTeamLink']/span'.

2019-12-28 22:38:03 - [MESSAGE][INFO] - [SMART_XPATH] FAILED XPATH: '(.//*[normalize-space(text()) and normalize-space(.)='No teams are available to join. Please create a new team or ask your administrator for an invite.'])[1]/following::span[1]'.

2019-12-28 22:38:03 - [MESSAGE][INFO] - [SMART_XPATH] FAILED XPATH: '(.//*[normalize-space(text()) and normalize-space(.)='Teams you can join:'])[1]/following::span[2]'.

2019-12-28 22:38:03 - [MESSAGE][INFO] - [SMART_XPATH] FAILED XPATH: '(.//*[normalize-space(text()) and normalize-space(.)='Go to System Console'])[1]/preceding::span[1]'.

2019-12-28 22:38:04 - [MESSAGE][INFO] - [SMART_XPATH] FAILED XPATH: '(.//*[normalize-space(text()) and normalize-space(.)='Mattermost'])[3]/preceding::span[2]'.

2019-12-28 22:38:04 - [MESSAGE][INFO] - [SMART_XPATH] FAILED XPATH: '//*/text()[normalize-space(.)='Create a new team']/parent::*'.

2019-12-28 22:38:04 - [MESSAGE][INFO] - [SMART_XPATH] FAILED XPATH: '//div[3]/div/div[2]/a/span'.

2019-12-28 22:38:04 - [MESSAGE][INFO] - [SMART_XPATH] No working XPath is found.

2019-12-28 22:38:04 - [MESSAGE][FAILED] - Unable to click on object 'Object Repository/1_Create_Team/Page_Mattermost/span_Create a new team' (Root cause: com.kms.katalon.core.exception.StepFailedException: Unable to click on object 'Object Repository/1_Create_Team/Page_Mattermost/span_Create a new team'
	at com.kms.katalon.core.webui.keyword.internal.WebUIKeywordMain.stepFailed(WebUIKeywordMain.groovy:64)
	at com.kms.katalon.core.webui.keyword.internal.WebUIKeywordMain.runKeyword(WebUIKeywordMain.groovy:26)
	at com.kms.katalon.core.webui.keyword.builtin.ClickKeyword.click(ClickKeyword.groovy:102)
	at com.kms.katalon.core.webui.keyword.builtin.ClickKeyword.execute(ClickKeyword.groovy:43)
	at com.kms.katalon.core.keyword.internal.KeywordExecutor.executeKeywordForPlatform(KeywordExecutor.groovy:72)
	at com.kms.katalon.core.webui.keyword.WebUiBuiltInKeywords.click(WebUiBuiltInKeywords.groovy:616)
	at com.kms.katalon.core.webui.keyword.WebUiBuiltInKeywords$click$1.call(Unknown Source)
	at More_Than_15_Char.run(More_Than_15_Char:23)
	at com.kms.katalon.core.main.ScriptEngine.run(ScriptEngine.java:194)
	at com.kms.katalon.core.main.ScriptEngine.runScriptAsRawText(ScriptEngine.java:119)
	at com.kms.katalon.core.main.TestCaseExecutor.runScript(TestCaseExecutor.java:337)
	at com.kms.katalon.core.main.TestCaseExecutor.doExecute(TestCaseExecutor.java:328)
	at com.kms.katalon.core.main.TestCaseExecutor.processExecutionPhase(TestCaseExecutor.java:307)
	at com.kms.katalon.core.main.TestCaseExecutor.accessMainPhase(TestCaseExecutor.java:299)
	at com.kms.katalon.core.main.TestCaseExecutor.execute(TestCaseExecutor.java:233)
	at com.kms.katalon.core.main.TestSuiteExecutor.accessTestCaseMainPhase(TestSuiteExecutor.java:169)
	at com.kms.katalon.core.main.TestSuiteExecutor.accessTestSuiteMainPhase(TestSuiteExecutor.java:142)
	at com.kms.katalon.core.main.TestSuiteExecutor.execute(TestSuiteExecutor.java:91)
	at com.kms.katalon.core.main.TestCaseMain.startTestSuite(TestCaseMain.java:157)
	at com.kms.katalon.core.main.TestCaseMain$startTestSuite$0.call(Unknown Source)
	at TempTestSuite1577547168865.run(TempTestSuite1577547168865.groovy:36)
Caused by: com.kms.katalon.core.webui.exception.WebElementNotFoundException: Web element with id: 'Object Repository/1_Create_Team/Page_Mattermost/span_Create a new team' located by 'By.xpath: //a[@id='createNewTeamLink']/span' not found
	at com.kms.katalon.core.webui.common.WebUiCommonHelper.findWebElement(WebUiCommonHelper.java:1154)
	at com.kms.katalon.core.webui.keyword.internal.WebUIAbstractKeyword.findWebElement(WebUIAbstractKeyword.groovy:27)
	at com.kms.katalon.core.webui.keyword.internal.WebUIAbstractKeyword.findWebElement(WebUIAbstractKeyword.groovy:26)
	at com.kms.katalon.core.webui.keyword.builtin.ClickKeyword$_click_closure1.doCall(ClickKeyword.groovy:67)
	at com.kms.katalon.core.webui.keyword.builtin.ClickKeyword$_click_closure1.call(ClickKeyword.groovy)
	at com.kms.katalon.core.webui.keyword.internal.WebUIKeywordMain.runKeyword(WebUIKeywordMain.groovy:20)
	at com.kms.katalon.core.webui.keyword.builtin.ClickKeyword.click(ClickKeyword.groovy:102)
	at com.kms.katalon.core.webui.keyword.builtin.ClickKeyword.execute(ClickKeyword.groovy:43)
	at com.kms.katalon.core.keyword.internal.KeywordExecutor.executeKeywordForPlatform(KeywordExecutor.groovy:72)
	at com.kms.katalon.core.webui.keyword.WebUiBuiltInKeywords.click(WebUiBuiltInKeywords.groovy:616)
	at com.kms.katalon.core.webui.keyword.WebUiBuiltInKeywords$click$1.call(Unknown Source)
	at Script1576844845210.run(Script1576844845210.groovy:23)
	... 13 more
)
[[ATTACHMENT|/Users/nguyentri/Desktop/Learn/SoftwareEngineer/mattermost-duo-test/Reports/20191228_223248/Run_all_test_cases/20191228_223248/1577547484564.png]]]]></system-out>
         <system-err><![CDATA[2019-12-28 22:37:18 - [TEST_CASE][FAILED] - Test Cases/1_Create_Team/More_Than_15_Char: Test Cases/1_Create_Team/More_Than_15_Char FAILED.
Reason:
com.kms.katalon.core.exception.StepFailedException: Unable to click on object 'Object Repository/1_Create_Team/Page_Mattermost/span_Create a new team'
	at com.kms.katalon.core.webui.keyword.internal.WebUIKeywordMain.stepFailed(WebUIKeywordMain.groovy:64)
	at com.kms.katalon.core.webui.keyword.internal.WebUIKeywordMain.runKeyword(WebUIKeywordMain.groovy:26)
	at com.kms.katalon.core.webui.keyword.builtin.ClickKeyword.click(ClickKeyword.groovy:102)
	at com.kms.katalon.core.webui.keyword.builtin.ClickKeyword.execute(ClickKeyword.groovy:43)
	at com.kms.katalon.core.keyword.internal.KeywordExecutor.executeKeywordForPlatform(KeywordExecutor.groovy:72)
	at com.kms.katalon.core.webui.keyword.WebUiBuiltInKeywords.click(WebUiBuiltInKeywords.groovy:616)
	at com.kms.katalon.core.webui.keyword.WebUiBuiltInKeywords$click$1.call(Unknown Source)
	at More_Than_15_Char.run(More_Than_15_Char:23)
	at com.kms.katalon.core.main.ScriptEngine.run(ScriptEngine.java:194)
	at com.kms.katalon.core.main.ScriptEngine.runScriptAsRawText(ScriptEngine.java:119)
	at com.kms.katalon.core.main.TestCaseExecutor.runScript(TestCaseExecutor.java:337)
	at com.kms.katalon.core.main.TestCaseExecutor.doExecute(TestCaseExecutor.java:328)
	at com.kms.katalon.core.main.TestCaseExecutor.processExecutionPhase(TestCaseExecutor.java:307)
	at com.kms.katalon.core.main.TestCaseExecutor.accessMainPhase(TestCaseExecutor.java:299)
	at com.kms.katalon.core.main.TestCaseExecutor.execute(TestCaseExecutor.java:233)
	at com.kms.katalon.core.main.TestSuiteExecutor.accessTestCaseMainPhase(TestSuiteExecutor.java:169)
	at com.kms.katalon.core.main.TestSuiteExecutor.accessTestSuiteMainPhase(TestSuiteExecutor.java:142)
	at com.kms.katalon.core.main.TestSuiteExecutor.execute(TestSuiteExecutor.java:91)
	at com.kms.katalon.core.main.TestCaseMain.startTestSuite(TestCaseMain.java:157)
	at com.kms.katalon.core.main.TestCaseMain$startTestSuite$0.call(Unknown Source)
	at TempTestSuite1577547168865.run(TempTestSuite1577547168865.groovy:36)
Caused by: com.kms.katalon.core.webui.exception.WebElementNotFoundException: Web element with id: 'Object Repository/1_Create_Team/Page_Mattermost/span_Create a new team' located by 'By.xpath: //a[@id='createNewTeamLink']/span' not found
	at com.kms.katalon.core.webui.common.WebUiCommonHelper.findWebElement(WebUiCommonHelper.java:1154)
	at com.kms.katalon.core.webui.keyword.internal.WebUIAbstractKeyword.findWebElement(WebUIAbstractKeyword.groovy:27)
	at com.kms.katalon.core.webui.keyword.internal.WebUIAbstractKeyword.findWebElement(WebUIAbstractKeyword.groovy:26)
	at com.kms.katalon.core.webui.keyword.builtin.ClickKeyword$_click_closure1.doCall(ClickKeyword.groovy:67)
	at com.kms.katalon.core.webui.keyword.builtin.ClickKeyword$_click_closure1.call(ClickKeyword.groovy)
	at com.kms.katalon.core.webui.keyword.internal.WebUIKeywordMain.runKeyword(WebUIKeywordMain.groovy:20)
	... 19 more]]></system-err>
      </testcase>
      <testcase name="Test Cases/1_Create_Team/More_Than_15_Char" time="46.912" classname="Test Cases/1_Create_Team/More_Than_15_Char" status="FAILED">
         <failure type="FAILED" message="Test Cases/1_Create_Team/More_Than_15_Char FAILED.
Reason:
com.kms.katalon.core.exception.StepFailedException: Unable to click on object 'Object Repository/1_Create_Team/Page_Mattermost/span_Create a new team'
	at com.kms.katalon.core.webui.keyword.internal.WebUIKeywordMain.stepFailed(WebUIKeywordMain.groovy:64)
	at com.kms.katalon.core.webui.keyword.internal.WebUIKeywordMain.runKeyword(WebUIKeywordMain.groovy:26)
	at com.kms.katalon.core.webui.keyword.builtin.ClickKeyword.click(ClickKeyword.groovy:102)
	at com.kms.katalon.core.webui.keyword.builtin.ClickKeyword.execute(ClickKeyword.groovy:43)
	at com.kms.katalon.core.keyword.internal.KeywordExecutor.executeKeywordForPlatform(KeywordExecutor.groovy:72)
	at com.kms.katalon.core.webui.keyword.WebUiBuiltInKeywords.click(WebUiBuiltInKeywords.groovy:616)
	at com.kms.katalon.core.webui.keyword.WebUiBuiltInKeywords$click$1.call(Unknown Source)
	at More_Than_15_Char.run(More_Than_15_Char:23)
	at com.kms.katalon.core.main.ScriptEngine.run(ScriptEngine.java:194)
	at com.kms.katalon.core.main.ScriptEngine.runScriptAsRawText(ScriptEngine.java:119)
	at com.kms.katalon.core.main.TestCaseExecutor.runScript(TestCaseExecutor.java:337)
	at com.kms.katalon.core.main.TestCaseExecutor.doExecute(TestCaseExecutor.java:328)
	at com.kms.katalon.core.main.TestCaseExecutor.processExecutionPhase(TestCaseExecutor.java:307)
	at com.kms.katalon.core.main.TestCaseExecutor.accessMainPhase(TestCaseExecutor.java:299)
	at com.kms.katalon.core.main.TestCaseExecutor.execute(TestCaseExecutor.java:233)
	at com.kms.katalon.core.main.TestSuiteExecutor.accessTestCaseMainPhase(TestSuiteExecutor.java:169)
	at com.kms.katalon.core.main.TestSuiteExecutor.accessTestSuiteMainPhase(TestSuiteExecutor.java:142)
	at com.kms.katalon.core.main.TestSuiteExecutor.execute(TestSuiteExecutor.java:91)
	at com.kms.katalon.core.main.TestCaseMain.startTestSuite(TestCaseMain.java:157)
	at com.kms.katalon.core.main.TestCaseMain$startTestSuite$0.call(Unknown Source)
	at TempTestSuite1577547168865.run(TempTestSuite1577547168865.groovy:36)
Caused by: com.kms.katalon.core.webui.exception.WebElementNotFoundException: Web element with id: 'Object Repository/1_Create_Team/Page_Mattermost/span_Create a new team' located by 'By.xpath: //a[@id='createNewTeamLink']/span' not found
	at com.kms.katalon.core.webui.common.WebUiCommonHelper.findWebElement(WebUiCommonHelper.java:1154)
	at com.kms.katalon.core.webui.keyword.internal.WebUIAbstractKeyword.findWebElement(WebUIAbstractKeyword.groovy:27)
	at com.kms.katalon.core.webui.keyword.internal.WebUIAbstractKeyword.findWebElement(WebUIAbstractKeyword.groovy:26)
	at com.kms.katalon.core.webui.keyword.builtin.ClickKeyword$_click_closure1.doCall(ClickKeyword.groovy:67)
	at com.kms.katalon.core.webui.keyword.builtin.ClickKeyword$_click_closure1.call(ClickKeyword.groovy)
	at com.kms.katalon.core.webui.keyword.internal.WebUIKeywordMain.runKeyword(WebUIKeywordMain.groovy:20)
	... 19 more
"/>
         <system-out><![CDATA[2019-12-28 22:38:04 - [TEST_CASE][FAILED] - Test Cases/1_Create_Team/More_Than_15_Char: Test Cases/1_Create_Team/More_Than_15_Char FAILED.
Reason:
com.kms.katalon.core.exception.StepFailedException: Unable to click on object 'Object Repository/1_Create_Team/Page_Mattermost/span_Create a new team'
	at com.kms.katalon.core.webui.keyword.internal.WebUIKeywordMain.stepFailed(WebUIKeywordMain.groovy:64)
	at com.kms.katalon.core.webui.keyword.internal.WebUIKeywordMain.runKeyword(WebUIKeywordMain.groovy:26)
	at com.kms.katalon.core.webui.keyword.builtin.ClickKeyword.click(ClickKeyword.groovy:102)
	at com.kms.katalon.core.webui.keyword.builtin.ClickKeyword.execute(ClickKeyword.groovy:43)
	at com.kms.katalon.core.keyword.internal.KeywordExecutor.executeKeywordForPlatform(KeywordExecutor.groovy:72)
	at com.kms.katalon.core.webui.keyword.WebUiBuiltInKeywords.click(WebUiBuiltInKeywords.groovy:616)
	at com.kms.katalon.core.webui.keyword.WebUiBuiltInKeywords$click$1.call(Unknown Source)
	at More_Than_15_Char.run(More_Than_15_Char:23)
	at com.kms.katalon.core.main.ScriptEngine.run(ScriptEngine.java:194)
	at com.kms.katalon.core.main.ScriptEngine.runScriptAsRawText(ScriptEngine.java:119)
	at com.kms.katalon.core.main.TestCaseExecutor.runScript(TestCaseExecutor.java:337)
	at com.kms.katalon.core.main.TestCaseExecutor.doExecute(TestCaseExecutor.java:328)
	at com.kms.katalon.core.main.TestCaseExecutor.processExecutionPhase(TestCaseExecutor.java:307)
	at com.kms.katalon.core.main.TestCaseExecutor.accessMainPhase(TestCaseExecutor.java:299)
	at com.kms.katalon.core.main.TestCaseExecutor.execute(TestCaseExecutor.java:233)
	at com.kms.katalon.core.main.TestSuiteExecutor.accessTestCaseMainPhase(TestSuiteExecutor.java:169)
	at com.kms.katalon.core.main.TestSuiteExecutor.accessTestSuiteMainPhase(TestSuiteExecutor.java:142)
	at com.kms.katalon.core.main.TestSuiteExecutor.execute(TestSuiteExecutor.java:91)
	at com.kms.katalon.core.main.TestCaseMain.startTestSuite(TestCaseMain.java:157)
	at com.kms.katalon.core.main.TestCaseMain$startTestSuite$0.call(Unknown Source)
	at TempTestSuite1577547168865.run(TempTestSuite1577547168865.groovy:36)
Caused by: com.kms.katalon.core.webui.exception.WebElementNotFoundException: Web element with id: 'Object Repository/1_Create_Team/Page_Mattermost/span_Create a new team' located by 'By.xpath: //a[@id='createNewTeamLink']/span' not found
	at com.kms.katalon.core.webui.common.WebUiCommonHelper.findWebElement(WebUiCommonHelper.java:1154)
	at com.kms.katalon.core.webui.keyword.internal.WebUIAbstractKeyword.findWebElement(WebUIAbstractKeyword.groovy:27)
	at com.kms.katalon.core.webui.keyword.internal.WebUIAbstractKeyword.findWebElement(WebUIAbstractKeyword.groovy:26)
	at com.kms.katalon.core.webui.keyword.builtin.ClickKeyword$_click_closure1.doCall(ClickKeyword.groovy:67)
	at com.kms.katalon.core.webui.keyword.builtin.ClickKeyword$_click_closure1.call(ClickKeyword.groovy)
	at com.kms.katalon.core.webui.keyword.internal.WebUIKeywordMain.runKeyword(WebUIKeywordMain.groovy:20)
	... 19 more


2019-12-28 22:38:04 - [TEST_STEP][PASSED] - openBrowser(""): Browser is opened with url: ''

2019-12-28 22:38:05 - [MESSAGE][PASSED] - Browser is opened with url: ''

2019-12-28 22:38:05 - [TEST_STEP][PASSED] - navigateToUrl("http://localhost:8065/"): Navigate to 'http://localhost:8065/' successfully

2019-12-28 22:38:05 - [MESSAGE][PASSED] - Navigate to 'http://localhost:8065/' successfully

2019-12-28 22:38:05 - [TEST_STEP][FAILED] - click(findTestObject("1_Create_Team/Page_Mattermost/span_Create a new team")): Unable to click on object 'Object Repository/1_Create_Team/Page_Mattermost/span_Create a new team' (Root cause: com.kms.katalon.core.exception.StepFailedException: Unable to click on object 'Object Repository/1_Create_Team/Page_Mattermost/span_Create a new team'
	at com.kms.katalon.core.webui.keyword.internal.WebUIKeywordMain.stepFailed(WebUIKeywordMain.groovy:64)
	at com.kms.katalon.core.webui.keyword.internal.WebUIKeywordMain.runKeyword(WebUIKeywordMain.groovy:26)
	at com.kms.katalon.core.webui.keyword.builtin.ClickKeyword.click(ClickKeyword.groovy:102)
	at com.kms.katalon.core.webui.keyword.builtin.ClickKeyword.execute(ClickKeyword.groovy:43)
	at com.kms.katalon.core.keyword.internal.KeywordExecutor.executeKeywordForPlatform(KeywordExecutor.groovy:72)
	at com.kms.katalon.core.webui.keyword.WebUiBuiltInKeywords.click(WebUiBuiltInKeywords.groovy:616)
	at com.kms.katalon.core.webui.keyword.WebUiBuiltInKeywords$click$1.call(Unknown Source)
	at More_Than_15_Char.run(More_Than_15_Char:23)
	at com.kms.katalon.core.main.ScriptEngine.run(ScriptEngine.java:194)
	at com.kms.katalon.core.main.ScriptEngine.runScriptAsRawText(ScriptEngine.java:119)
	at com.kms.katalon.core.main.TestCaseExecutor.runScript(TestCaseExecutor.java:337)
	at com.kms.katalon.core.main.TestCaseExecutor.doExecute(TestCaseExecutor.java:328)
	at com.kms.katalon.core.main.TestCaseExecutor.processExecutionPhase(TestCaseExecutor.java:307)
	at com.kms.katalon.core.main.TestCaseExecutor.accessMainPhase(TestCaseExecutor.java:299)
	at com.kms.katalon.core.main.TestCaseExecutor.execute(TestCaseExecutor.java:233)
	at com.kms.katalon.core.main.TestSuiteExecutor.accessTestCaseMainPhase(TestSuiteExecutor.java:169)
	at com.kms.katalon.core.main.TestSuiteExecutor.accessTestSuiteMainPhase(TestSuiteExecutor.java:142)
	at com.kms.katalon.core.main.TestSuiteExecutor.execute(TestSuiteExecutor.java:91)
	at com.kms.katalon.core.main.TestCaseMain.startTestSuite(TestCaseMain.java:157)
	at com.kms.katalon.core.main.TestCaseMain$startTestSuite$0.call(Unknown Source)
	at TempTestSuite1577547168865.run(TempTestSuite1577547168865.groovy:36)
Caused by: com.kms.katalon.core.webui.exception.WebElementNotFoundException: Web element with id: 'Object Repository/1_Create_Team/Page_Mattermost/span_Create a new team' located by 'By.xpath: //a[@id='createNewTeamLink']/span' not found
	at com.kms.katalon.core.webui.common.WebUiCommonHelper.findWebElement(WebUiCommonHelper.java:1154)
	at com.kms.katalon.core.webui.keyword.internal.WebUIAbstractKeyword.findWebElement(WebUIAbstractKeyword.groovy:27)
	at com.kms.katalon.core.webui.keyword.internal.WebUIAbstractKeyword.findWebElement(WebUIAbstractKeyword.groovy:26)
	at com.kms.katalon.core.webui.keyword.builtin.ClickKeyword$_click_closure1.doCall(ClickKeyword.groovy:67)
	at com.kms.katalon.core.webui.keyword.builtin.ClickKeyword$_click_closure1.call(ClickKeyword.groovy)
	at com.kms.katalon.core.webui.keyword.internal.WebUIKeywordMain.runKeyword(WebUIKeywordMain.groovy:20)
	at com.kms.katalon.core.webui.keyword.builtin.ClickKeyword.click(ClickKeyword.groovy:102)
	at com.kms.katalon.core.webui.keyword.builtin.ClickKeyword.execute(ClickKeyword.groovy:43)
	at com.kms.katalon.core.keyword.internal.KeywordExecutor.executeKeywordForPlatform(KeywordExecutor.groovy:72)
	at com.kms.katalon.core.webui.keyword.WebUiBuiltInKeywords.click(WebUiBuiltInKeywords.groovy:616)
	at com.kms.katalon.core.webui.keyword.WebUiBuiltInKeywords$click$1.call(Unknown Source)
	at Script1576844845210.run(Script1576844845210.groovy:23)
	... 13 more
)

2019-12-28 22:38:49 - [MESSAGE][INFO] - Unable to find the element located by 'By.xpath: //a[@id='createNewTeamLink']/span'. Please recheck the objects properties to make sure the desired element is located. 

2019-12-28 22:38:49 - [MESSAGE][INFO] - [SMART_XPATH] Auto-trying out other XPath values in the test object.

2019-12-28 22:38:50 - [MESSAGE][INFO] - [SMART_XPATH] FAILED XPATH: '//a[@id='createNewTeamLink']/span'.

2019-12-28 22:38:50 - [MESSAGE][INFO] - [SMART_XPATH] FAILED XPATH: '(.//*[normalize-space(text()) and normalize-space(.)='No teams are available to join. Please create a new team or ask your administrator for an invite.'])[1]/following::span[1]'.

2019-12-28 22:38:50 - [MESSAGE][INFO] - [SMART_XPATH] FAILED XPATH: '(.//*[normalize-space(text()) and normalize-space(.)='Teams you can join:'])[1]/following::span[2]'.

2019-12-28 22:38:50 - [MESSAGE][INFO] - [SMART_XPATH] FAILED XPATH: '(.//*[normalize-space(text()) and normalize-space(.)='Go to System Console'])[1]/preceding::span[1]'.

2019-12-28 22:38:51 - [MESSAGE][INFO] - [SMART_XPATH] FAILED XPATH: '(.//*[normalize-space(text()) and normalize-space(.)='Mattermost'])[3]/preceding::span[2]'.

2019-12-28 22:38:51 - [MESSAGE][INFO] - [SMART_XPATH] FAILED XPATH: '//*/text()[normalize-space(.)='Create a new team']/parent::*'.

2019-12-28 22:38:51 - [MESSAGE][INFO] - [SMART_XPATH] FAILED XPATH: '//div[3]/div/div[2]/a/span'.

2019-12-28 22:38:51 - [MESSAGE][INFO] - [SMART_XPATH] No working XPath is found.

2019-12-28 22:38:51 - [MESSAGE][FAILED] - Unable to click on object 'Object Repository/1_Create_Team/Page_Mattermost/span_Create a new team' (Root cause: com.kms.katalon.core.exception.StepFailedException: Unable to click on object 'Object Repository/1_Create_Team/Page_Mattermost/span_Create a new team'
	at com.kms.katalon.core.webui.keyword.internal.WebUIKeywordMain.stepFailed(WebUIKeywordMain.groovy:64)
	at com.kms.katalon.core.webui.keyword.internal.WebUIKeywordMain.runKeyword(WebUIKeywordMain.groovy:26)
	at com.kms.katalon.core.webui.keyword.builtin.ClickKeyword.click(ClickKeyword.groovy:102)
	at com.kms.katalon.core.webui.keyword.builtin.ClickKeyword.execute(ClickKeyword.groovy:43)
	at com.kms.katalon.core.keyword.internal.KeywordExecutor.executeKeywordForPlatform(KeywordExecutor.groovy:72)
	at com.kms.katalon.core.webui.keyword.WebUiBuiltInKeywords.click(WebUiBuiltInKeywords.groovy:616)
	at com.kms.katalon.core.webui.keyword.WebUiBuiltInKeywords$click$1.call(Unknown Source)
	at More_Than_15_Char.run(More_Than_15_Char:23)
	at com.kms.katalon.core.main.ScriptEngine.run(ScriptEngine.java:194)
	at com.kms.katalon.core.main.ScriptEngine.runScriptAsRawText(ScriptEngine.java:119)
	at com.kms.katalon.core.main.TestCaseExecutor.runScript(TestCaseExecutor.java:337)
	at com.kms.katalon.core.main.TestCaseExecutor.doExecute(TestCaseExecutor.java:328)
	at com.kms.katalon.core.main.TestCaseExecutor.processExecutionPhase(TestCaseExecutor.java:307)
	at com.kms.katalon.core.main.TestCaseExecutor.accessMainPhase(TestCaseExecutor.java:299)
	at com.kms.katalon.core.main.TestCaseExecutor.execute(TestCaseExecutor.java:233)
	at com.kms.katalon.core.main.TestSuiteExecutor.accessTestCaseMainPhase(TestSuiteExecutor.java:169)
	at com.kms.katalon.core.main.TestSuiteExecutor.accessTestSuiteMainPhase(TestSuiteExecutor.java:142)
	at com.kms.katalon.core.main.TestSuiteExecutor.execute(TestSuiteExecutor.java:91)
	at com.kms.katalon.core.main.TestCaseMain.startTestSuite(TestCaseMain.java:157)
	at com.kms.katalon.core.main.TestCaseMain$startTestSuite$0.call(Unknown Source)
	at TempTestSuite1577547168865.run(TempTestSuite1577547168865.groovy:36)
Caused by: com.kms.katalon.core.webui.exception.WebElementNotFoundException: Web element with id: 'Object Repository/1_Create_Team/Page_Mattermost/span_Create a new team' located by 'By.xpath: //a[@id='createNewTeamLink']/span' not found
	at com.kms.katalon.core.webui.common.WebUiCommonHelper.findWebElement(WebUiCommonHelper.java:1154)
	at com.kms.katalon.core.webui.keyword.internal.WebUIAbstractKeyword.findWebElement(WebUIAbstractKeyword.groovy:27)
	at com.kms.katalon.core.webui.keyword.internal.WebUIAbstractKeyword.findWebElement(WebUIAbstractKeyword.groovy:26)
	at com.kms.katalon.core.webui.keyword.builtin.ClickKeyword$_click_closure1.doCall(ClickKeyword.groovy:67)
	at com.kms.katalon.core.webui.keyword.builtin.ClickKeyword$_click_closure1.call(ClickKeyword.groovy)
	at com.kms.katalon.core.webui.keyword.internal.WebUIKeywordMain.runKeyword(WebUIKeywordMain.groovy:20)
	at com.kms.katalon.core.webui.keyword.builtin.ClickKeyword.click(ClickKeyword.groovy:102)
	at com.kms.katalon.core.webui.keyword.builtin.ClickKeyword.execute(ClickKeyword.groovy:43)
	at com.kms.katalon.core.keyword.internal.KeywordExecutor.executeKeywordForPlatform(KeywordExecutor.groovy:72)
	at com.kms.katalon.core.webui.keyword.WebUiBuiltInKeywords.click(WebUiBuiltInKeywords.groovy:616)
	at com.kms.katalon.core.webui.keyword.WebUiBuiltInKeywords$click$1.call(Unknown Source)
	at Script1576844845210.run(Script1576844845210.groovy:23)
	... 13 more
)
[[ATTACHMENT|/Users/nguyentri/Desktop/Learn/SoftwareEngineer/mattermost-duo-test/Reports/20191228_223248/Run_all_test_cases/20191228_223248/1577547531581.png]]]]></system-out>
         <system-err><![CDATA[2019-12-28 22:38:04 - [TEST_CASE][FAILED] - Test Cases/1_Create_Team/More_Than_15_Char: Test Cases/1_Create_Team/More_Than_15_Char FAILED.
Reason:
com.kms.katalon.core.exception.StepFailedException: Unable to click on object 'Object Repository/1_Create_Team/Page_Mattermost/span_Create a new team'
	at com.kms.katalon.core.webui.keyword.internal.WebUIKeywordMain.stepFailed(WebUIKeywordMain.groovy:64)
	at com.kms.katalon.core.webui.keyword.internal.WebUIKeywordMain.runKeyword(WebUIKeywordMain.groovy:26)
	at com.kms.katalon.core.webui.keyword.builtin.ClickKeyword.click(ClickKeyword.groovy:102)
	at com.kms.katalon.core.webui.keyword.builtin.ClickKeyword.execute(ClickKeyword.groovy:43)
	at com.kms.katalon.core.keyword.internal.KeywordExecutor.executeKeywordForPlatform(KeywordExecutor.groovy:72)
	at com.kms.katalon.core.webui.keyword.WebUiBuiltInKeywords.click(WebUiBuiltInKeywords.groovy:616)
	at com.kms.katalon.core.webui.keyword.WebUiBuiltInKeywords$click$1.call(Unknown Source)
	at More_Than_15_Char.run(More_Than_15_Char:23)
	at com.kms.katalon.core.main.ScriptEngine.run(ScriptEngine.java:194)
	at com.kms.katalon.core.main.ScriptEngine.runScriptAsRawText(ScriptEngine.java:119)
	at com.kms.katalon.core.main.TestCaseExecutor.runScript(TestCaseExecutor.java:337)
	at com.kms.katalon.core.main.TestCaseExecutor.doExecute(TestCaseExecutor.java:328)
	at com.kms.katalon.core.main.TestCaseExecutor.processExecutionPhase(TestCaseExecutor.java:307)
	at com.kms.katalon.core.main.TestCaseExecutor.accessMainPhase(TestCaseExecutor.java:299)
	at com.kms.katalon.core.main.TestCaseExecutor.execute(TestCaseExecutor.java:233)
	at com.kms.katalon.core.main.TestSuiteExecutor.accessTestCaseMainPhase(TestSuiteExecutor.java:169)
	at com.kms.katalon.core.main.TestSuiteExecutor.accessTestSuiteMainPhase(TestSuiteExecutor.java:142)
	at com.kms.katalon.core.main.TestSuiteExecutor.execute(TestSuiteExecutor.java:91)
	at com.kms.katalon.core.main.TestCaseMain.startTestSuite(TestCaseMain.java:157)
	at com.kms.katalon.core.main.TestCaseMain$startTestSuite$0.call(Unknown Source)
	at TempTestSuite1577547168865.run(TempTestSuite1577547168865.groovy:36)
Caused by: com.kms.katalon.core.webui.exception.WebElementNotFoundException: Web element with id: 'Object Repository/1_Create_Team/Page_Mattermost/span_Create a new team' located by 'By.xpath: //a[@id='createNewTeamLink']/span' not found
	at com.kms.katalon.core.webui.common.WebUiCommonHelper.findWebElement(WebUiCommonHelper.java:1154)
	at com.kms.katalon.core.webui.keyword.internal.WebUIAbstractKeyword.findWebElement(WebUIAbstractKeyword.groovy:27)
	at com.kms.katalon.core.webui.keyword.internal.WebUIAbstractKeyword.findWebElement(WebUIAbstractKeyword.groovy:26)
	at com.kms.katalon.core.webui.keyword.builtin.ClickKeyword$_click_closure1.doCall(ClickKeyword.groovy:67)
	at com.kms.katalon.core.webui.keyword.builtin.ClickKeyword$_click_closure1.call(ClickKeyword.groovy)
	at com.kms.katalon.core.webui.keyword.internal.WebUIKeywordMain.runKeyword(WebUIKeywordMain.groovy:20)
	... 19 more]]></system-err>
      </testcase>
      <testcase name="Test Cases/2_Create_Channel/Public_Channel" time="12.567" classname="Test Cases/2_Create_Channel/Public_Channel" status="PASSED">
         <system-out><![CDATA[2019-12-28 22:38:51 - [TEST_CASE][PASSED] - Test Cases/2_Create_Channel/Public_Channel: Test Cases/2_Create_Channel/Public_Channel

2019-12-28 22:38:52 - [TEST_STEP][PASSED] - openBrowser(""): Browser is opened with url: ''

2019-12-28 22:38:52 - [MESSAGE][PASSED] - Browser is opened with url: ''

2019-12-28 22:38:52 - [TEST_STEP][PASSED] - navigateToUrl("http://localhost:8065/"): Navigate to 'http://localhost:8065/' successfully

2019-12-28 22:38:53 - [MESSAGE][PASSED] - Navigate to 'http://localhost:8065/' successfully

2019-12-28 22:38:53 - [TEST_STEP][PASSED] - click(findTestObject("Object Repository/2_Create_Channel/Page_(2)  Town Square - Bumblebee Mattermost/span_")): Object: 'Object Repository/2_Create_Channel/Page_(2)  Town Square - Bumblebee Mattermost/span_' is clicked on

2019-12-28 22:38:59 - [MESSAGE][PASSED] - Object: 'Object Repository/2_Create_Channel/Page_(2)  Town Square - Bumblebee Mattermost/span_' is clicked on

2019-12-28 22:38:59 - [TEST_STEP][PASSED] - click(findTestObject("Object Repository/2_Create_Channel/Page_(2)  Town Square - Bumblebee Mattermost/div_URL  (Edit)")): Object: 'Object Repository/2_Create_Channel/Page_(2)  Town Square - Bumblebee Mattermost/div_URL  (Edit)' is clicked on

2019-12-28 22:38:59 - [MESSAGE][PASSED] - Object: 'Object Repository/2_Create_Channel/Page_(2)  Town Square - Bumblebee Mattermost/div_URL  (Edit)' is clicked on

2019-12-28 22:38:59 - [TEST_STEP][PASSED] - setText(findTestObject("Object Repository/2_Create_Channel/Page_(2)  Town Square - Bumblebee Mattermost/input_Name_newChannelName"), "Channel_Name2"): Text 'Channel_Name2' is set on object 'Object Repository/2_Create_Channel/Page_(2)  Town Square - Bumblebee Mattermost/input_Name_newChannelName'

2019-12-28 22:39:00 - [MESSAGE][PASSED] - Text 'Channel_Name2' is set on object 'Object Repository/2_Create_Channel/Page_(2)  Town Square - Bumblebee Mattermost/input_Name_newChannelName'

2019-12-28 22:39:00 - [TEST_STEP][PASSED] - setText(findTestObject("Object Repository/2_Create_Channel/Page_(2)  Town Square - Bumblebee Mattermost/textarea_hello"), "Channel_Purpose2"): Text 'Channel_Purpose2' is set on object 'Object Repository/2_Create_Channel/Page_(2)  Town Square - Bumblebee Mattermost/textarea_hello'

2019-12-28 22:39:01 - [MESSAGE][PASSED] - Text 'Channel_Purpose2' is set on object 'Object Repository/2_Create_Channel/Page_(2)  Town Square - Bumblebee Mattermost/textarea_hello'

2019-12-28 22:39:01 - [TEST_STEP][PASSED] - setText(findTestObject("Object Repository/2_Create_Channel/Page_(2)  Town Square - Bumblebee Mattermost/textarea_No depending be convinced in unfee_db377f"), "Channel_Header2"): Text 'Channel_Header2' is set on object 'Object Repository/2_Create_Channel/Page_(2)  Town Square - Bumblebee Mattermost/textarea_No depending be convinced in unfee_db377f'

2019-12-28 22:39:02 - [MESSAGE][PASSED] - Text 'Channel_Header2' is set on object 'Object Repository/2_Create_Channel/Page_(2)  Town Square - Bumblebee Mattermost/textarea_No depending be convinced in unfee_db377f'

2019-12-28 22:39:02 - [TEST_STEP][PASSED] - click(findTestObject("Object Repository/2_Create_Channel/Page_(2)  Town Square - Bumblebee Mattermost/span_Create New Channel")): Object: 'Object Repository/2_Create_Channel/Page_(2)  Town Square - Bumblebee Mattermost/span_Create New Channel' is clicked on

2019-12-28 22:39:03 - [MESSAGE][PASSED] - Object: 'Object Repository/2_Create_Channel/Page_(2)  Town Square - Bumblebee Mattermost/span_Create New Channel' is clicked on

2019-12-28 22:39:03 - [TEST_STEP][PASSED] - delay(1): Delayed 1 second(s)

2019-12-28 22:39:04 - [MESSAGE][PASSED] - Delayed 1 second(s)

2019-12-28 22:39:04 - [TEST_STEP][NOT_RUN] - closeBrowser(): NOT_RUN: closeBrowser()

2019-12-28 22:39:04 - [MESSAGE][NOT_RUN] - NOT_RUN: closeBrowser()]]></system-out>
         <system-err><![CDATA[]]></system-err>
      </testcase>
      <testcase name="Test Cases/2_Create_Channel/Private_Channel" time="10.064" classname="Test Cases/2_Create_Channel/Private_Channel" status="PASSED">
         <system-out><![CDATA[2019-12-28 22:39:04 - [TEST_CASE][PASSED] - Test Cases/2_Create_Channel/Private_Channel: Test Cases/2_Create_Channel/Private_Channel

2019-12-28 22:39:05 - [TEST_STEP][PASSED] - openBrowser(""): Browser is opened with url: ''

2019-12-28 22:39:05 - [MESSAGE][PASSED] - Browser is opened with url: ''

2019-12-28 22:39:05 - [TEST_STEP][PASSED] - navigateToUrl("http://localhost:8065/"): Navigate to 'http://localhost:8065/' successfully

2019-12-28 22:39:06 - [MESSAGE][PASSED] - Navigate to 'http://localhost:8065/' successfully

2019-12-28 22:39:06 - [TEST_STEP][PASSED] - click(findTestObject("Object Repository/2_Create_Channel/Page_(2)  Bugs - Bumblebee Mattermost/span_")): Object: 'Object Repository/2_Create_Channel/Page_(2)  Bugs - Bumblebee Mattermost/span_' is clicked on

2019-12-28 22:39:11 - [MESSAGE][PASSED] - Object: 'Object Repository/2_Create_Channel/Page_(2)  Bugs - Bumblebee Mattermost/span_' is clicked on

2019-12-28 22:39:11 - [TEST_STEP][PASSED] - click(findTestObject("Object Repository/2_Create_Channel/Page_(2)  Bugs - Bumblebee Mattermost/div_URL  (Edit)")): Object: 'Object Repository/2_Create_Channel/Page_(2)  Bugs - Bumblebee Mattermost/div_URL  (Edit)' is clicked on

2019-12-28 22:39:12 - [MESSAGE][PASSED] - Object: 'Object Repository/2_Create_Channel/Page_(2)  Bugs - Bumblebee Mattermost/div_URL  (Edit)' is clicked on

2019-12-28 22:39:12 - [TEST_STEP][PASSED] - setText(findTestObject("Object Repository/2_Create_Channel/Page_(2)  Bugs - Bumblebee Mattermost/input_Name_newChannelName"), "Channel_Name2"): Text 'Channel_Name2' is set on object 'Object Repository/2_Create_Channel/Page_(2)  Bugs - Bumblebee Mattermost/input_Name_newChannelName'

2019-12-28 22:39:12 - [MESSAGE][PASSED] - Text 'Channel_Name2' is set on object 'Object Repository/2_Create_Channel/Page_(2)  Bugs - Bumblebee Mattermost/input_Name_newChannelName'

2019-12-28 22:39:12 - [TEST_STEP][PASSED] - click(findTestObject("Object Repository/2_Create_Channel/Page_(2)  Bugs - Bumblebee Mattermost/span_Create New Channel")): Object: 'Object Repository/2_Create_Channel/Page_(2)  Bugs - Bumblebee Mattermost/span_Create New Channel' is clicked on

2019-12-28 22:39:13 - [MESSAGE][PASSED] - Object: 'Object Repository/2_Create_Channel/Page_(2)  Bugs - Bumblebee Mattermost/span_Create New Channel' is clicked on

2019-12-28 22:39:13 - [TEST_STEP][PASSED] - delay(1): Delayed 1 second(s)

2019-12-28 22:39:14 - [MESSAGE][PASSED] - Delayed 1 second(s)

2019-12-28 22:39:14 - [TEST_STEP][NOT_RUN] - closeBrowser(): NOT_RUN: closeBrowser()

2019-12-28 22:39:14 - [MESSAGE][NOT_RUN] - NOT_RUN: closeBrowser()]]></system-out>
         <system-err><![CDATA[]]></system-err>
      </testcase>
      <testcase name="Test Cases/2_Create_Channel/Existing_Channel_Name" time="54.31" classname="Test Cases/2_Create_Channel/Existing_Channel_Name" status="FAILED">
         <failure type="FAILED" message="Test Cases/2_Create_Channel/Existing_Channel_Name FAILED.
Reason:
com.kms.katalon.core.exception.StepFailedException: Unable to click on object 'Object Repository/2_Create_Channel/Page_Bugs - Bumblebee Mattermost/button_Cancel'
	at com.kms.katalon.core.webui.keyword.internal.WebUIKeywordMain.stepFailed(WebUIKeywordMain.groovy:64)
	at com.kms.katalon.core.webui.keyword.internal.WebUIKeywordMain.runKeyword(WebUIKeywordMain.groovy:26)
	at com.kms.katalon.core.webui.keyword.builtin.ClickKeyword.click(ClickKeyword.groovy:102)
	at com.kms.katalon.core.webui.keyword.builtin.ClickKeyword.execute(ClickKeyword.groovy:43)
	at com.kms.katalon.core.keyword.internal.KeywordExecutor.executeKeywordForPlatform(KeywordExecutor.groovy:72)
	at com.kms.katalon.core.webui.keyword.WebUiBuiltInKeywords.click(WebUiBuiltInKeywords.groovy:616)
	at com.kms.katalon.core.webui.keyword.WebUiBuiltInKeywords$click$1.call(Unknown Source)
	at Existing_Channel_Name.run(Existing_Channel_Name:30)
	at com.kms.katalon.core.main.ScriptEngine.run(ScriptEngine.java:194)
	at com.kms.katalon.core.main.ScriptEngine.runScriptAsRawText(ScriptEngine.java:119)
	at com.kms.katalon.core.main.TestCaseExecutor.runScript(TestCaseExecutor.java:337)
	at com.kms.katalon.core.main.TestCaseExecutor.doExecute(TestCaseExecutor.java:328)
	at com.kms.katalon.core.main.TestCaseExecutor.processExecutionPhase(TestCaseExecutor.java:307)
	at com.kms.katalon.core.main.TestCaseExecutor.accessMainPhase(TestCaseExecutor.java:299)
	at com.kms.katalon.core.main.TestCaseExecutor.execute(TestCaseExecutor.java:233)
	at com.kms.katalon.core.main.TestSuiteExecutor.accessTestCaseMainPhase(TestSuiteExecutor.java:169)
	at com.kms.katalon.core.main.TestSuiteExecutor.accessTestSuiteMainPhase(TestSuiteExecutor.java:142)
	at com.kms.katalon.core.main.TestSuiteExecutor.execute(TestSuiteExecutor.java:91)
	at com.kms.katalon.core.main.TestCaseMain.startTestSuite(TestCaseMain.java:157)
	at com.kms.katalon.core.main.TestCaseMain$startTestSuite$0.call(Unknown Source)
	at TempTestSuite1577547168865.run(TempTestSuite1577547168865.groovy:36)
Caused by: com.kms.katalon.core.webui.exception.WebElementNotFoundException: Web element with id: 'Object Repository/2_Create_Channel/Page_Bugs - Bumblebee Mattermost/button_Cancel' located by 'By.xpath: //button[@id='cancelNewChannel']' not found
	at com.kms.katalon.core.webui.common.WebUiCommonHelper.findWebElement(WebUiCommonHelper.java:1154)
	at com.kms.katalon.core.webui.keyword.internal.WebUIAbstractKeyword.findWebElement(WebUIAbstractKeyword.groovy:27)
	at com.kms.katalon.core.webui.keyword.internal.WebUIAbstractKeyword.findWebElement(WebUIAbstractKeyword.groovy:26)
	at com.kms.katalon.core.webui.keyword.builtin.ClickKeyword$_click_closure1.doCall(ClickKeyword.groovy:67)
	at com.kms.katalon.core.webui.keyword.builtin.ClickKeyword$_click_closure1.call(ClickKeyword.groovy)
	at com.kms.katalon.core.webui.keyword.internal.WebUIKeywordMain.runKeyword(WebUIKeywordMain.groovy:20)
	... 19 more
"/>
         <system-out><![CDATA[2019-12-28 22:39:14 - [TEST_CASE][FAILED] - Test Cases/2_Create_Channel/Existing_Channel_Name: Test Cases/2_Create_Channel/Existing_Channel_Name FAILED.
Reason:
com.kms.katalon.core.exception.StepFailedException: Unable to click on object 'Object Repository/2_Create_Channel/Page_Bugs - Bumblebee Mattermost/button_Cancel'
	at com.kms.katalon.core.webui.keyword.internal.WebUIKeywordMain.stepFailed(WebUIKeywordMain.groovy:64)
	at com.kms.katalon.core.webui.keyword.internal.WebUIKeywordMain.runKeyword(WebUIKeywordMain.groovy:26)
	at com.kms.katalon.core.webui.keyword.builtin.ClickKeyword.click(ClickKeyword.groovy:102)
	at com.kms.katalon.core.webui.keyword.builtin.ClickKeyword.execute(ClickKeyword.groovy:43)
	at com.kms.katalon.core.keyword.internal.KeywordExecutor.executeKeywordForPlatform(KeywordExecutor.groovy:72)
	at com.kms.katalon.core.webui.keyword.WebUiBuiltInKeywords.click(WebUiBuiltInKeywords.groovy:616)
	at com.kms.katalon.core.webui.keyword.WebUiBuiltInKeywords$click$1.call(Unknown Source)
	at Existing_Channel_Name.run(Existing_Channel_Name:30)
	at com.kms.katalon.core.main.ScriptEngine.run(ScriptEngine.java:194)
	at com.kms.katalon.core.main.ScriptEngine.runScriptAsRawText(ScriptEngine.java:119)
	at com.kms.katalon.core.main.TestCaseExecutor.runScript(TestCaseExecutor.java:337)
	at com.kms.katalon.core.main.TestCaseExecutor.doExecute(TestCaseExecutor.java:328)
	at com.kms.katalon.core.main.TestCaseExecutor.processExecutionPhase(TestCaseExecutor.java:307)
	at com.kms.katalon.core.main.TestCaseExecutor.accessMainPhase(TestCaseExecutor.java:299)
	at com.kms.katalon.core.main.TestCaseExecutor.execute(TestCaseExecutor.java:233)
	at com.kms.katalon.core.main.TestSuiteExecutor.accessTestCaseMainPhase(TestSuiteExecutor.java:169)
	at com.kms.katalon.core.main.TestSuiteExecutor.accessTestSuiteMainPhase(TestSuiteExecutor.java:142)
	at com.kms.katalon.core.main.TestSuiteExecutor.execute(TestSuiteExecutor.java:91)
	at com.kms.katalon.core.main.TestCaseMain.startTestSuite(TestCaseMain.java:157)
	at com.kms.katalon.core.main.TestCaseMain$startTestSuite$0.call(Unknown Source)
	at TempTestSuite1577547168865.run(TempTestSuite1577547168865.groovy:36)
Caused by: com.kms.katalon.core.webui.exception.WebElementNotFoundException: Web element with id: 'Object Repository/2_Create_Channel/Page_Bugs - Bumblebee Mattermost/button_Cancel' located by 'By.xpath: //button[@id='cancelNewChannel']' not found
	at com.kms.katalon.core.webui.common.WebUiCommonHelper.findWebElement(WebUiCommonHelper.java:1154)
	at com.kms.katalon.core.webui.keyword.internal.WebUIAbstractKeyword.findWebElement(WebUIAbstractKeyword.groovy:27)
	at com.kms.katalon.core.webui.keyword.internal.WebUIAbstractKeyword.findWebElement(WebUIAbstractKeyword.groovy:26)
	at com.kms.katalon.core.webui.keyword.builtin.ClickKeyword$_click_closure1.doCall(ClickKeyword.groovy:67)
	at com.kms.katalon.core.webui.keyword.builtin.ClickKeyword$_click_closure1.call(ClickKeyword.groovy)
	at com.kms.katalon.core.webui.keyword.internal.WebUIKeywordMain.runKeyword(WebUIKeywordMain.groovy:20)
	... 19 more


2019-12-28 22:39:15 - [TEST_STEP][PASSED] - openBrowser(""): Browser is opened with url: ''

2019-12-28 22:39:15 - [MESSAGE][PASSED] - Browser is opened with url: ''

2019-12-28 22:39:15 - [TEST_STEP][PASSED] - navigateToUrl("http://localhost:8065/"): Navigate to 'http://localhost:8065/' successfully

2019-12-28 22:39:16 - [MESSAGE][PASSED] - Navigate to 'http://localhost:8065/' successfully

2019-12-28 22:39:16 - [TEST_STEP][PASSED] - click(findTestObject("Object Repository/2_Create_Channel/Page_Bugs - Bumblebee Mattermost/span_")): Object: 'Object Repository/2_Create_Channel/Page_Bugs - Bumblebee Mattermost/span_' is clicked on

2019-12-28 22:39:20 - [MESSAGE][PASSED] - Object: 'Object Repository/2_Create_Channel/Page_Bugs - Bumblebee Mattermost/span_' is clicked on

2019-12-28 22:39:20 - [TEST_STEP][PASSED] - setText(findTestObject("Object Repository/2_Create_Channel/Page_Bugs - Bumblebee Mattermost/input_Name_newChannelName"), "Bugs"): Text 'Bugs' is set on object 'Object Repository/2_Create_Channel/Page_Bugs - Bumblebee Mattermost/input_Name_newChannelName'

2019-12-28 22:39:21 - [MESSAGE][PASSED] - Text 'Bugs' is set on object 'Object Repository/2_Create_Channel/Page_Bugs - Bumblebee Mattermost/input_Name_newChannelName'

2019-12-28 22:39:21 - [TEST_STEP][PASSED] - click(findTestObject("Object Repository/2_Create_Channel/Page_Bugs - Bumblebee Mattermost/span_Create New Channel")): Object: 'Object Repository/2_Create_Channel/Page_Bugs - Bumblebee Mattermost/span_Create New Channel' is clicked on

2019-12-28 22:39:22 - [MESSAGE][PASSED] - Object: 'Object Repository/2_Create_Channel/Page_Bugs - Bumblebee Mattermost/span_Create New Channel' is clicked on

2019-12-28 22:39:22 - [TEST_STEP][FAILED] - click(findTestObject("Object Repository/2_Create_Channel/Page_Bugs - Bumblebee Mattermost/button_Cancel")): Unable to click on object 'Object Repository/2_Create_Channel/Page_Bugs - Bumblebee Mattermost/button_Cancel' (Root cause: com.kms.katalon.core.exception.StepFailedException: Unable to click on object 'Object Repository/2_Create_Channel/Page_Bugs - Bumblebee Mattermost/button_Cancel'
	at com.kms.katalon.core.webui.keyword.internal.WebUIKeywordMain.stepFailed(WebUIKeywordMain.groovy:64)
	at com.kms.katalon.core.webui.keyword.internal.WebUIKeywordMain.runKeyword(WebUIKeywordMain.groovy:26)
	at com.kms.katalon.core.webui.keyword.builtin.ClickKeyword.click(ClickKeyword.groovy:102)
	at com.kms.katalon.core.webui.keyword.builtin.ClickKeyword.execute(ClickKeyword.groovy:43)
	at com.kms.katalon.core.keyword.internal.KeywordExecutor.executeKeywordForPlatform(KeywordExecutor.groovy:72)
	at com.kms.katalon.core.webui.keyword.WebUiBuiltInKeywords.click(WebUiBuiltInKeywords.groovy:616)
	at com.kms.katalon.core.webui.keyword.WebUiBuiltInKeywords$click$1.call(Unknown Source)
	at Existing_Channel_Name.run(Existing_Channel_Name:30)
	at com.kms.katalon.core.main.ScriptEngine.run(ScriptEngine.java:194)
	at com.kms.katalon.core.main.ScriptEngine.runScriptAsRawText(ScriptEngine.java:119)
	at com.kms.katalon.core.main.TestCaseExecutor.runScript(TestCaseExecutor.java:337)
	at com.kms.katalon.core.main.TestCaseExecutor.doExecute(TestCaseExecutor.java:328)
	at com.kms.katalon.core.main.TestCaseExecutor.processExecutionPhase(TestCaseExecutor.java:307)
	at com.kms.katalon.core.main.TestCaseExecutor.accessMainPhase(TestCaseExecutor.java:299)
	at com.kms.katalon.core.main.TestCaseExecutor.execute(TestCaseExecutor.java:233)
	at com.kms.katalon.core.main.TestSuiteExecutor.accessTestCaseMainPhase(TestSuiteExecutor.java:169)
	at com.kms.katalon.core.main.TestSuiteExecutor.accessTestSuiteMainPhase(TestSuiteExecutor.java:142)
	at com.kms.katalon.core.main.TestSuiteExecutor.execute(TestSuiteExecutor.java:91)
	at com.kms.katalon.core.main.TestCaseMain.startTestSuite(TestCaseMain.java:157)
	at com.kms.katalon.core.main.TestCaseMain$startTestSuite$0.call(Unknown Source)
	at TempTestSuite1577547168865.run(TempTestSuite1577547168865.groovy:36)
Caused by: com.kms.katalon.core.webui.exception.WebElementNotFoundException: Web element with id: 'Object Repository/2_Create_Channel/Page_Bugs - Bumblebee Mattermost/button_Cancel' located by 'By.xpath: //button[@id='cancelNewChannel']' not found
	at com.kms.katalon.core.webui.common.WebUiCommonHelper.findWebElement(WebUiCommonHelper.java:1154)
	at com.kms.katalon.core.webui.keyword.internal.WebUIAbstractKeyword.findWebElement(WebUIAbstractKeyword.groovy:27)
	at com.kms.katalon.core.webui.keyword.internal.WebUIAbstractKeyword.findWebElement(WebUIAbstractKeyword.groovy:26)
	at com.kms.katalon.core.webui.keyword.builtin.ClickKeyword$_click_closure1.doCall(ClickKeyword.groovy:67)
	at com.kms.katalon.core.webui.keyword.builtin.ClickKeyword$_click_closure1.call(ClickKeyword.groovy)
	at com.kms.katalon.core.webui.keyword.internal.WebUIKeywordMain.runKeyword(WebUIKeywordMain.groovy:20)
	at com.kms.katalon.core.webui.keyword.builtin.ClickKeyword.click(ClickKeyword.groovy:102)
	at com.kms.katalon.core.webui.keyword.builtin.ClickKeyword.execute(ClickKeyword.groovy:43)
	at com.kms.katalon.core.keyword.internal.KeywordExecutor.executeKeywordForPlatform(KeywordExecutor.groovy:72)
	at com.kms.katalon.core.webui.keyword.WebUiBuiltInKeywords.click(WebUiBuiltInKeywords.groovy:616)
	at com.kms.katalon.core.webui.keyword.WebUiBuiltInKeywords$click$1.call(Unknown Source)
	at Script1576934965971.run(Script1576934965971.groovy:30)
	... 13 more
)

2019-12-28 22:40:06 - [MESSAGE][INFO] - Unable to find the element located by 'By.xpath: //button[@id='cancelNewChannel']'. Please recheck the objects properties to make sure the desired element is located. 

2019-12-28 22:40:06 - [MESSAGE][INFO] - [SMART_XPATH] Auto-trying out other XPath values in the test object.

2019-12-28 22:40:07 - [MESSAGE][INFO] - [SMART_XPATH] FAILED XPATH: '//button[@id='cancelNewChannel']'.

2019-12-28 22:40:07 - [MESSAGE][INFO] - [SMART_XPATH] FAILED XPATH: '(.//*[normalize-space(text()) and normalize-space(.)='(optional)'])[2]/following::button[1]'.

2019-12-28 22:40:07 - [MESSAGE][INFO] - [SMART_XPATH] FAILED XPATH: '(.//*[normalize-space(text()) and normalize-space(.)='Header'])[1]/following::button[1]'.

2019-12-28 22:40:08 - [MESSAGE][INFO] - [SMART_XPATH] FAILED XPATH: '(.//*[normalize-space(text()) and normalize-space(.)='Create New Channel'])[1]/preceding::button[1]'.

2019-12-28 22:40:08 - [MESSAGE][INFO] - [SMART_XPATH] FAILED XPATH: '//form/div[2]/button'.

2019-12-28 22:40:08 - [MESSAGE][INFO] - [SMART_XPATH] No working XPath is found.

2019-12-28 22:40:08 - [MESSAGE][FAILED] - Unable to click on object 'Object Repository/2_Create_Channel/Page_Bugs - Bumblebee Mattermost/button_Cancel' (Root cause: com.kms.katalon.core.exception.StepFailedException: Unable to click on object 'Object Repository/2_Create_Channel/Page_Bugs - Bumblebee Mattermost/button_Cancel'
	at com.kms.katalon.core.webui.keyword.internal.WebUIKeywordMain.stepFailed(WebUIKeywordMain.groovy:64)
	at com.kms.katalon.core.webui.keyword.internal.WebUIKeywordMain.runKeyword(WebUIKeywordMain.groovy:26)
	at com.kms.katalon.core.webui.keyword.builtin.ClickKeyword.click(ClickKeyword.groovy:102)
	at com.kms.katalon.core.webui.keyword.builtin.ClickKeyword.execute(ClickKeyword.groovy:43)
	at com.kms.katalon.core.keyword.internal.KeywordExecutor.executeKeywordForPlatform(KeywordExecutor.groovy:72)
	at com.kms.katalon.core.webui.keyword.WebUiBuiltInKeywords.click(WebUiBuiltInKeywords.groovy:616)
	at com.kms.katalon.core.webui.keyword.WebUiBuiltInKeywords$click$1.call(Unknown Source)
	at Existing_Channel_Name.run(Existing_Channel_Name:30)
	at com.kms.katalon.core.main.ScriptEngine.run(ScriptEngine.java:194)
	at com.kms.katalon.core.main.ScriptEngine.runScriptAsRawText(ScriptEngine.java:119)
	at com.kms.katalon.core.main.TestCaseExecutor.runScript(TestCaseExecutor.java:337)
	at com.kms.katalon.core.main.TestCaseExecutor.doExecute(TestCaseExecutor.java:328)
	at com.kms.katalon.core.main.TestCaseExecutor.processExecutionPhase(TestCaseExecutor.java:307)
	at com.kms.katalon.core.main.TestCaseExecutor.accessMainPhase(TestCaseExecutor.java:299)
	at com.kms.katalon.core.main.TestCaseExecutor.execute(TestCaseExecutor.java:233)
	at com.kms.katalon.core.main.TestSuiteExecutor.accessTestCaseMainPhase(TestSuiteExecutor.java:169)
	at com.kms.katalon.core.main.TestSuiteExecutor.accessTestSuiteMainPhase(TestSuiteExecutor.java:142)
	at com.kms.katalon.core.main.TestSuiteExecutor.execute(TestSuiteExecutor.java:91)
	at com.kms.katalon.core.main.TestCaseMain.startTestSuite(TestCaseMain.java:157)
	at com.kms.katalon.core.main.TestCaseMain$startTestSuite$0.call(Unknown Source)
	at TempTestSuite1577547168865.run(TempTestSuite1577547168865.groovy:36)
Caused by: com.kms.katalon.core.webui.exception.WebElementNotFoundException: Web element with id: 'Object Repository/2_Create_Channel/Page_Bugs - Bumblebee Mattermost/button_Cancel' located by 'By.xpath: //button[@id='cancelNewChannel']' not found
	at com.kms.katalon.core.webui.common.WebUiCommonHelper.findWebElement(WebUiCommonHelper.java:1154)
	at com.kms.katalon.core.webui.keyword.internal.WebUIAbstractKeyword.findWebElement(WebUIAbstractKeyword.groovy:27)
	at com.kms.katalon.core.webui.keyword.internal.WebUIAbstractKeyword.findWebElement(WebUIAbstractKeyword.groovy:26)
	at com.kms.katalon.core.webui.keyword.builtin.ClickKeyword$_click_closure1.doCall(ClickKeyword.groovy:67)
	at com.kms.katalon.core.webui.keyword.builtin.ClickKeyword$_click_closure1.call(ClickKeyword.groovy)
	at com.kms.katalon.core.webui.keyword.internal.WebUIKeywordMain.runKeyword(WebUIKeywordMain.groovy:20)
	at com.kms.katalon.core.webui.keyword.builtin.ClickKeyword.click(ClickKeyword.groovy:102)
	at com.kms.katalon.core.webui.keyword.builtin.ClickKeyword.execute(ClickKeyword.groovy:43)
	at com.kms.katalon.core.keyword.internal.KeywordExecutor.executeKeywordForPlatform(KeywordExecutor.groovy:72)
	at com.kms.katalon.core.webui.keyword.WebUiBuiltInKeywords.click(WebUiBuiltInKeywords.groovy:616)
	at com.kms.katalon.core.webui.keyword.WebUiBuiltInKeywords$click$1.call(Unknown Source)
	at Script1576934965971.run(Script1576934965971.groovy:30)
	... 13 more
)
[[ATTACHMENT|/Users/nguyentri/Desktop/Learn/SoftwareEngineer/mattermost-duo-test/Reports/20191228_223248/Run_all_test_cases/20191228_223248/1577547608420.png]]]]></system-out>
         <system-err><![CDATA[2019-12-28 22:39:14 - [TEST_CASE][FAILED] - Test Cases/2_Create_Channel/Existing_Channel_Name: Test Cases/2_Create_Channel/Existing_Channel_Name FAILED.
Reason:
com.kms.katalon.core.exception.StepFailedException: Unable to click on object 'Object Repository/2_Create_Channel/Page_Bugs - Bumblebee Mattermost/button_Cancel'
	at com.kms.katalon.core.webui.keyword.internal.WebUIKeywordMain.stepFailed(WebUIKeywordMain.groovy:64)
	at com.kms.katalon.core.webui.keyword.internal.WebUIKeywordMain.runKeyword(WebUIKeywordMain.groovy:26)
	at com.kms.katalon.core.webui.keyword.builtin.ClickKeyword.click(ClickKeyword.groovy:102)
	at com.kms.katalon.core.webui.keyword.builtin.ClickKeyword.execute(ClickKeyword.groovy:43)
	at com.kms.katalon.core.keyword.internal.KeywordExecutor.executeKeywordForPlatform(KeywordExecutor.groovy:72)
	at com.kms.katalon.core.webui.keyword.WebUiBuiltInKeywords.click(WebUiBuiltInKeywords.groovy:616)
	at com.kms.katalon.core.webui.keyword.WebUiBuiltInKeywords$click$1.call(Unknown Source)
	at Existing_Channel_Name.run(Existing_Channel_Name:30)
	at com.kms.katalon.core.main.ScriptEngine.run(ScriptEngine.java:194)
	at com.kms.katalon.core.main.ScriptEngine.runScriptAsRawText(ScriptEngine.java:119)
	at com.kms.katalon.core.main.TestCaseExecutor.runScript(TestCaseExecutor.java:337)
	at com.kms.katalon.core.main.TestCaseExecutor.doExecute(TestCaseExecutor.java:328)
	at com.kms.katalon.core.main.TestCaseExecutor.processExecutionPhase(TestCaseExecutor.java:307)
	at com.kms.katalon.core.main.TestCaseExecutor.accessMainPhase(TestCaseExecutor.java:299)
	at com.kms.katalon.core.main.TestCaseExecutor.execute(TestCaseExecutor.java:233)
	at com.kms.katalon.core.main.TestSuiteExecutor.accessTestCaseMainPhase(TestSuiteExecutor.java:169)
	at com.kms.katalon.core.main.TestSuiteExecutor.accessTestSuiteMainPhase(TestSuiteExecutor.java:142)
	at com.kms.katalon.core.main.TestSuiteExecutor.execute(TestSuiteExecutor.java:91)
	at com.kms.katalon.core.main.TestCaseMain.startTestSuite(TestCaseMain.java:157)
	at com.kms.katalon.core.main.TestCaseMain$startTestSuite$0.call(Unknown Source)
	at TempTestSuite1577547168865.run(TempTestSuite1577547168865.groovy:36)
Caused by: com.kms.katalon.core.webui.exception.WebElementNotFoundException: Web element with id: 'Object Repository/2_Create_Channel/Page_Bugs - Bumblebee Mattermost/button_Cancel' located by 'By.xpath: //button[@id='cancelNewChannel']' not found
	at com.kms.katalon.core.webui.common.WebUiCommonHelper.findWebElement(WebUiCommonHelper.java:1154)
	at com.kms.katalon.core.webui.keyword.internal.WebUIAbstractKeyword.findWebElement(WebUIAbstractKeyword.groovy:27)
	at com.kms.katalon.core.webui.keyword.internal.WebUIAbstractKeyword.findWebElement(WebUIAbstractKeyword.groovy:26)
	at com.kms.katalon.core.webui.keyword.builtin.ClickKeyword$_click_closure1.doCall(ClickKeyword.groovy:67)
	at com.kms.katalon.core.webui.keyword.builtin.ClickKeyword$_click_closure1.call(ClickKeyword.groovy)
	at com.kms.katalon.core.webui.keyword.internal.WebUIKeywordMain.runKeyword(WebUIKeywordMain.groovy:20)
	... 19 more]]></system-err>
      </testcase>
      <testcase name="Test Cases/2_Create_Channel/Cancel_Create_Channel" time="8.899" classname="Test Cases/2_Create_Channel/Cancel_Create_Channel" status="PASSED">
         <system-out><![CDATA[2019-12-28 22:40:08 - [TEST_CASE][PASSED] - Test Cases/2_Create_Channel/Cancel_Create_Channel: Test Cases/2_Create_Channel/Cancel_Create_Channel

2019-12-28 22:40:10 - [TEST_STEP][PASSED] - openBrowser(""): Browser is opened with url: ''

2019-12-28 22:40:10 - [MESSAGE][PASSED] - Browser is opened with url: ''

2019-12-28 22:40:10 - [TEST_STEP][PASSED] - navigateToUrl("http://localhost:8065/"): Navigate to 'http://localhost:8065/' successfully

2019-12-28 22:40:11 - [MESSAGE][PASSED] - Navigate to 'http://localhost:8065/' successfully

2019-12-28 22:40:11 - [TEST_STEP][PASSED] - click(findTestObject("Object Repository/2_Create_Channel/Page_(2)  Bugs Private - Bumblebee Mattermost/span_")): Object: 'Object Repository/2_Create_Channel/Page_(2)  Bugs Private - Bumblebee Mattermost/span_' is clicked on

2019-12-28 22:40:14 - [MESSAGE][PASSED] - Object: 'Object Repository/2_Create_Channel/Page_(2)  Bugs Private - Bumblebee Mattermost/span_' is clicked on

2019-12-28 22:40:14 - [TEST_STEP][PASSED] - setText(findTestObject("Object Repository/2_Create_Channel/Page_(2)  Bugs Private - Bumblebee Mattermost/input_Name_newChannelName"), "Bugs Again"): Text 'Bugs Again' is set on object 'Object Repository/2_Create_Channel/Page_(2)  Bugs Private - Bumblebee Mattermost/input_Name_newChannelName'

2019-12-28 22:40:15 - [MESSAGE][PASSED] - Text 'Bugs Again' is set on object 'Object Repository/2_Create_Channel/Page_(2)  Bugs Private - Bumblebee Mattermost/input_Name_newChannelName'

2019-12-28 22:40:15 - [TEST_STEP][PASSED] - setText(findTestObject("Object Repository/2_Create_Channel/Page_(2)  Bugs Private - Bumblebee Mattermost/textarea_a"), "a"): Text 'a' is set on object 'Object Repository/2_Create_Channel/Page_(2)  Bugs Private - Bumblebee Mattermost/textarea_a'

2019-12-28 22:40:16 - [MESSAGE][PASSED] - Text 'a' is set on object 'Object Repository/2_Create_Channel/Page_(2)  Bugs Private - Bumblebee Mattermost/textarea_a'

2019-12-28 22:40:16 - [TEST_STEP][PASSED] - setText(findTestObject("Object Repository/2_Create_Channel/Page_(2)  Bugs Private - Bumblebee Mattermost/textarea_a_1"), "a"): Text 'a' is set on object 'Object Repository/2_Create_Channel/Page_(2)  Bugs Private - Bumblebee Mattermost/textarea_a_1'

2019-12-28 22:40:16 - [MESSAGE][PASSED] - Text 'a' is set on object 'Object Repository/2_Create_Channel/Page_(2)  Bugs Private - Bumblebee Mattermost/textarea_a_1'

2019-12-28 22:40:16 - [TEST_STEP][PASSED] - click(findTestObject("Object Repository/2_Create_Channel/Page_(2)  Bugs Private - Bumblebee Mattermost/span_Cancel")): Object: 'Object Repository/2_Create_Channel/Page_(2)  Bugs Private - Bumblebee Mattermost/span_Cancel' is clicked on

2019-12-28 22:40:17 - [MESSAGE][PASSED] - Object: 'Object Repository/2_Create_Channel/Page_(2)  Bugs Private - Bumblebee Mattermost/span_Cancel' is clicked on

2019-12-28 22:40:17 - [TEST_STEP][NOT_RUN] - closeBrowser(): NOT_RUN: closeBrowser()

2019-12-28 22:40:17 - [MESSAGE][NOT_RUN] - NOT_RUN: closeBrowser()]]></system-out>
         <system-err><![CDATA[]]></system-err>
      </testcase>
      <testcase name="Test Cases/2_Create_Channel/Switch_Channel" time="53.673" classname="Test Cases/2_Create_Channel/Switch_Channel" status="FAILED">
         <failure type="FAILED" message="Test Cases/2_Create_Channel/Switch_Channel FAILED.
Reason:
com.kms.katalon.core.exception.StepFailedException: Unable to click on object 'Object Repository/2_Create_Channel/Page_1HDHFClGY4 - Bumblebee Mattermost/span_Switch Channels'
	at com.kms.katalon.core.webui.keyword.internal.WebUIKeywordMain.stepFailed(WebUIKeywordMain.groovy:64)
	at com.kms.katalon.core.webui.keyword.internal.WebUIKeywordMain.runKeyword(WebUIKeywordMain.groovy:26)
	at com.kms.katalon.core.webui.keyword.builtin.ClickKeyword.click(ClickKeyword.groovy:102)
	at com.kms.katalon.core.webui.keyword.builtin.ClickKeyword.execute(ClickKeyword.groovy:43)
	at com.kms.katalon.core.keyword.internal.KeywordExecutor.executeKeywordForPlatform(KeywordExecutor.groovy:72)
	at com.kms.katalon.core.webui.keyword.WebUiBuiltInKeywords.click(WebUiBuiltInKeywords.groovy:616)
	at com.kms.katalon.core.webui.keyword.WebUiBuiltInKeywords$click$1.call(Unknown Source)
	at Switch_Channel.run(Switch_Channel:23)
	at com.kms.katalon.core.main.ScriptEngine.run(ScriptEngine.java:194)
	at com.kms.katalon.core.main.ScriptEngine.runScriptAsRawText(ScriptEngine.java:119)
	at com.kms.katalon.core.main.TestCaseExecutor.runScript(TestCaseExecutor.java:337)
	at com.kms.katalon.core.main.TestCaseExecutor.doExecute(TestCaseExecutor.java:328)
	at com.kms.katalon.core.main.TestCaseExecutor.processExecutionPhase(TestCaseExecutor.java:307)
	at com.kms.katalon.core.main.TestCaseExecutor.accessMainPhase(TestCaseExecutor.java:299)
	at com.kms.katalon.core.main.TestCaseExecutor.execute(TestCaseExecutor.java:233)
	at com.kms.katalon.core.main.TestSuiteExecutor.accessTestCaseMainPhase(TestSuiteExecutor.java:169)
	at com.kms.katalon.core.main.TestSuiteExecutor.accessTestSuiteMainPhase(TestSuiteExecutor.java:142)
	at com.kms.katalon.core.main.TestSuiteExecutor.execute(TestSuiteExecutor.java:91)
	at com.kms.katalon.core.main.TestCaseMain.startTestSuite(TestCaseMain.java:157)
	at com.kms.katalon.core.main.TestCaseMain$startTestSuite$0.call(Unknown Source)
	at TempTestSuite1577547168865.run(TempTestSuite1577547168865.groovy:36)
Caused by: com.kms.katalon.core.webui.exception.WebElementNotFoundException: Web element with id: 'Object Repository/2_Create_Channel/Page_1HDHFClGY4 - Bumblebee Mattermost/span_Switch Channels' located by 'By.xpath: //button[@id='sidebarSwitcherButton']/span' not found
	at com.kms.katalon.core.webui.common.WebUiCommonHelper.findWebElement(WebUiCommonHelper.java:1154)
	at com.kms.katalon.core.webui.keyword.internal.WebUIAbstractKeyword.findWebElement(WebUIAbstractKeyword.groovy:27)
	at com.kms.katalon.core.webui.keyword.internal.WebUIAbstractKeyword.findWebElement(WebUIAbstractKeyword.groovy:26)
	at com.kms.katalon.core.webui.keyword.builtin.ClickKeyword$_click_closure1.doCall(ClickKeyword.groovy:67)
	at com.kms.katalon.core.webui.keyword.builtin.ClickKeyword$_click_closure1.call(ClickKeyword.groovy)
	at com.kms.katalon.core.webui.keyword.internal.WebUIKeywordMain.runKeyword(WebUIKeywordMain.groovy:20)
	... 19 more
"/>
         <system-out><![CDATA[2019-12-28 22:40:17 - [TEST_CASE][FAILED] - Test Cases/2_Create_Channel/Switch_Channel: Test Cases/2_Create_Channel/Switch_Channel FAILED.
Reason:
com.kms.katalon.core.exception.StepFailedException: Unable to click on object 'Object Repository/2_Create_Channel/Page_1HDHFClGY4 - Bumblebee Mattermost/span_Switch Channels'
	at com.kms.katalon.core.webui.keyword.internal.WebUIKeywordMain.stepFailed(WebUIKeywordMain.groovy:64)
	at com.kms.katalon.core.webui.keyword.internal.WebUIKeywordMain.runKeyword(WebUIKeywordMain.groovy:26)
	at com.kms.katalon.core.webui.keyword.builtin.ClickKeyword.click(ClickKeyword.groovy:102)
	at com.kms.katalon.core.webui.keyword.builtin.ClickKeyword.execute(ClickKeyword.groovy:43)
	at com.kms.katalon.core.keyword.internal.KeywordExecutor.executeKeywordForPlatform(KeywordExecutor.groovy:72)
	at com.kms.katalon.core.webui.keyword.WebUiBuiltInKeywords.click(WebUiBuiltInKeywords.groovy:616)
	at com.kms.katalon.core.webui.keyword.WebUiBuiltInKeywords$click$1.call(Unknown Source)
	at Switch_Channel.run(Switch_Channel:23)
	at com.kms.katalon.core.main.ScriptEngine.run(ScriptEngine.java:194)
	at com.kms.katalon.core.main.ScriptEngine.runScriptAsRawText(ScriptEngine.java:119)
	at com.kms.katalon.core.main.TestCaseExecutor.runScript(TestCaseExecutor.java:337)
	at com.kms.katalon.core.main.TestCaseExecutor.doExecute(TestCaseExecutor.java:328)
	at com.kms.katalon.core.main.TestCaseExecutor.processExecutionPhase(TestCaseExecutor.java:307)
	at com.kms.katalon.core.main.TestCaseExecutor.accessMainPhase(TestCaseExecutor.java:299)
	at com.kms.katalon.core.main.TestCaseExecutor.execute(TestCaseExecutor.java:233)
	at com.kms.katalon.core.main.TestSuiteExecutor.accessTestCaseMainPhase(TestSuiteExecutor.java:169)
	at com.kms.katalon.core.main.TestSuiteExecutor.accessTestSuiteMainPhase(TestSuiteExecutor.java:142)
	at com.kms.katalon.core.main.TestSuiteExecutor.execute(TestSuiteExecutor.java:91)
	at com.kms.katalon.core.main.TestCaseMain.startTestSuite(TestCaseMain.java:157)
	at com.kms.katalon.core.main.TestCaseMain$startTestSuite$0.call(Unknown Source)
	at TempTestSuite1577547168865.run(TempTestSuite1577547168865.groovy:36)
Caused by: com.kms.katalon.core.webui.exception.WebElementNotFoundException: Web element with id: 'Object Repository/2_Create_Channel/Page_1HDHFClGY4 - Bumblebee Mattermost/span_Switch Channels' located by 'By.xpath: //button[@id='sidebarSwitcherButton']/span' not found
	at com.kms.katalon.core.webui.common.WebUiCommonHelper.findWebElement(WebUiCommonHelper.java:1154)
	at com.kms.katalon.core.webui.keyword.internal.WebUIAbstractKeyword.findWebElement(WebUIAbstractKeyword.groovy:27)
	at com.kms.katalon.core.webui.keyword.internal.WebUIAbstractKeyword.findWebElement(WebUIAbstractKeyword.groovy:26)
	at com.kms.katalon.core.webui.keyword.builtin.ClickKeyword$_click_closure1.doCall(ClickKeyword.groovy:67)
	at com.kms.katalon.core.webui.keyword.builtin.ClickKeyword$_click_closure1.call(ClickKeyword.groovy)
	at com.kms.katalon.core.webui.keyword.internal.WebUIKeywordMain.runKeyword(WebUIKeywordMain.groovy:20)
	... 19 more


2019-12-28 22:40:18 - [TEST_STEP][PASSED] - openBrowser(""): Browser is opened with url: ''

2019-12-28 22:40:18 - [MESSAGE][PASSED] - Browser is opened with url: ''

2019-12-28 22:40:18 - [TEST_STEP][PASSED] - navigateToUrl("https://mattermost-duo-test-yen.herokuapp.com/bumblebee/channels/1hdhfclgy4"): Navigate to 'https://mattermost-duo-test-yen.herokuapp.com/bumblebee/channels/1hdhfclgy4' successfully

2019-12-28 22:40:25 - [MESSAGE][PASSED] - Navigate to 'https://mattermost-duo-test-yen.herokuapp.com/bumblebee/channels/1hdhfclgy4' successfully

2019-12-28 22:40:25 - [TEST_STEP][FAILED] - click(findTestObject("2_Create_Channel/Page_1HDHFClGY4 - Bumblebee Mattermost/span_Switch Channels")): Unable to click on object 'Object Repository/2_Create_Channel/Page_1HDHFClGY4 - Bumblebee Mattermost/span_Switch Channels' (Root cause: com.kms.katalon.core.exception.StepFailedException: Unable to click on object 'Object Repository/2_Create_Channel/Page_1HDHFClGY4 - Bumblebee Mattermost/span_Switch Channels'
	at com.kms.katalon.core.webui.keyword.internal.WebUIKeywordMain.stepFailed(WebUIKeywordMain.groovy:64)
	at com.kms.katalon.core.webui.keyword.internal.WebUIKeywordMain.runKeyword(WebUIKeywordMain.groovy:26)
	at com.kms.katalon.core.webui.keyword.builtin.ClickKeyword.click(ClickKeyword.groovy:102)
	at com.kms.katalon.core.webui.keyword.builtin.ClickKeyword.execute(ClickKeyword.groovy:43)
	at com.kms.katalon.core.keyword.internal.KeywordExecutor.executeKeywordForPlatform(KeywordExecutor.groovy:72)
	at com.kms.katalon.core.webui.keyword.WebUiBuiltInKeywords.click(WebUiBuiltInKeywords.groovy:616)
	at com.kms.katalon.core.webui.keyword.WebUiBuiltInKeywords$click$1.call(Unknown Source)
	at Switch_Channel.run(Switch_Channel:23)
	at com.kms.katalon.core.main.ScriptEngine.run(ScriptEngine.java:194)
	at com.kms.katalon.core.main.ScriptEngine.runScriptAsRawText(ScriptEngine.java:119)
	at com.kms.katalon.core.main.TestCaseExecutor.runScript(TestCaseExecutor.java:337)
	at com.kms.katalon.core.main.TestCaseExecutor.doExecute(TestCaseExecutor.java:328)
	at com.kms.katalon.core.main.TestCaseExecutor.processExecutionPhase(TestCaseExecutor.java:307)
	at com.kms.katalon.core.main.TestCaseExecutor.accessMainPhase(TestCaseExecutor.java:299)
	at com.kms.katalon.core.main.TestCaseExecutor.execute(TestCaseExecutor.java:233)
	at com.kms.katalon.core.main.TestSuiteExecutor.accessTestCaseMainPhase(TestSuiteExecutor.java:169)
	at com.kms.katalon.core.main.TestSuiteExecutor.accessTestSuiteMainPhase(TestSuiteExecutor.java:142)
	at com.kms.katalon.core.main.TestSuiteExecutor.execute(TestSuiteExecutor.java:91)
	at com.kms.katalon.core.main.TestCaseMain.startTestSuite(TestCaseMain.java:157)
	at com.kms.katalon.core.main.TestCaseMain$startTestSuite$0.call(Unknown Source)
	at TempTestSuite1577547168865.run(TempTestSuite1577547168865.groovy:36)
Caused by: com.kms.katalon.core.webui.exception.WebElementNotFoundException: Web element with id: 'Object Repository/2_Create_Channel/Page_1HDHFClGY4 - Bumblebee Mattermost/span_Switch Channels' located by 'By.xpath: //button[@id='sidebarSwitcherButton']/span' not found
	at com.kms.katalon.core.webui.common.WebUiCommonHelper.findWebElement(WebUiCommonHelper.java:1154)
	at com.kms.katalon.core.webui.keyword.internal.WebUIAbstractKeyword.findWebElement(WebUIAbstractKeyword.groovy:27)
	at com.kms.katalon.core.webui.keyword.internal.WebUIAbstractKeyword.findWebElement(WebUIAbstractKeyword.groovy:26)
	at com.kms.katalon.core.webui.keyword.builtin.ClickKeyword$_click_closure1.doCall(ClickKeyword.groovy:67)
	at com.kms.katalon.core.webui.keyword.builtin.ClickKeyword$_click_closure1.call(ClickKeyword.groovy)
	at com.kms.katalon.core.webui.keyword.internal.WebUIKeywordMain.runKeyword(WebUIKeywordMain.groovy:20)
	at com.kms.katalon.core.webui.keyword.builtin.ClickKeyword.click(ClickKeyword.groovy:102)
	at com.kms.katalon.core.webui.keyword.builtin.ClickKeyword.execute(ClickKeyword.groovy:43)
	at com.kms.katalon.core.keyword.internal.KeywordExecutor.executeKeywordForPlatform(KeywordExecutor.groovy:72)
	at com.kms.katalon.core.webui.keyword.WebUiBuiltInKeywords.click(WebUiBuiltInKeywords.groovy:616)
	at com.kms.katalon.core.webui.keyword.WebUiBuiltInKeywords$click$1.call(Unknown Source)
	at Script1577535749275.run(Script1577535749275.groovy:23)
	... 13 more
)

2019-12-28 22:41:09 - [MESSAGE][INFO] - Unable to find the element located by 'By.xpath: //button[@id='sidebarSwitcherButton']/span'. Please recheck the objects properties to make sure the desired element is located. 

2019-12-28 22:41:09 - [MESSAGE][INFO] - [SMART_XPATH] Auto-trying out other XPath values in the test object.

2019-12-28 22:41:09 - [MESSAGE][INFO] - [SMART_XPATH] FAILED XPATH: '//button[@id='sidebarSwitcherButton']/span'.

2019-12-28 22:41:09 - [MESSAGE][INFO] - [SMART_XPATH] FAILED XPATH: '(.//*[normalize-space(text()) and normalize-space(.)='More...'])[2]/following::span[1]'.

2019-12-28 22:41:10 - [MESSAGE][INFO] - [SMART_XPATH] FAILED XPATH: '(.//*[normalize-space(text()) and normalize-space(.)='×'])[3]/following::span[2]'.

2019-12-28 22:41:10 - [MESSAGE][INFO] - [SMART_XPATH] FAILED XPATH: '(.//*[normalize-space(text()) and normalize-space(.)='- CTRL+K'])[1]/preceding::span[1]'.

2019-12-28 22:41:10 - [MESSAGE][INFO] - [SMART_XPATH] FAILED XPATH: '(.//*[normalize-space(text()) and normalize-space(.)='Toggle sidebar'])[1]/preceding::span[3]'.

2019-12-28 22:41:10 - [MESSAGE][INFO] - [SMART_XPATH] FAILED XPATH: '//*/text()[normalize-space(.)='Switch Channels']/parent::*'.

2019-12-28 22:41:11 - [MESSAGE][INFO] - [SMART_XPATH] FAILED XPATH: '//div[4]/button/span'.

2019-12-28 22:41:11 - [MESSAGE][INFO] - [SMART_XPATH] No working XPath is found.

2019-12-28 22:41:11 - [MESSAGE][FAILED] - Unable to click on object 'Object Repository/2_Create_Channel/Page_1HDHFClGY4 - Bumblebee Mattermost/span_Switch Channels' (Root cause: com.kms.katalon.core.exception.StepFailedException: Unable to click on object 'Object Repository/2_Create_Channel/Page_1HDHFClGY4 - Bumblebee Mattermost/span_Switch Channels'
	at com.kms.katalon.core.webui.keyword.internal.WebUIKeywordMain.stepFailed(WebUIKeywordMain.groovy:64)
	at com.kms.katalon.core.webui.keyword.internal.WebUIKeywordMain.runKeyword(WebUIKeywordMain.groovy:26)
	at com.kms.katalon.core.webui.keyword.builtin.ClickKeyword.click(ClickKeyword.groovy:102)
	at com.kms.katalon.core.webui.keyword.builtin.ClickKeyword.execute(ClickKeyword.groovy:43)
	at com.kms.katalon.core.keyword.internal.KeywordExecutor.executeKeywordForPlatform(KeywordExecutor.groovy:72)
	at com.kms.katalon.core.webui.keyword.WebUiBuiltInKeywords.click(WebUiBuiltInKeywords.groovy:616)
	at com.kms.katalon.core.webui.keyword.WebUiBuiltInKeywords$click$1.call(Unknown Source)
	at Switch_Channel.run(Switch_Channel:23)
	at com.kms.katalon.core.main.ScriptEngine.run(ScriptEngine.java:194)
	at com.kms.katalon.core.main.ScriptEngine.runScriptAsRawText(ScriptEngine.java:119)
	at com.kms.katalon.core.main.TestCaseExecutor.runScript(TestCaseExecutor.java:337)
	at com.kms.katalon.core.main.TestCaseExecutor.doExecute(TestCaseExecutor.java:328)
	at com.kms.katalon.core.main.TestCaseExecutor.processExecutionPhase(TestCaseExecutor.java:307)
	at com.kms.katalon.core.main.TestCaseExecutor.accessMainPhase(TestCaseExecutor.java:299)
	at com.kms.katalon.core.main.TestCaseExecutor.execute(TestCaseExecutor.java:233)
	at com.kms.katalon.core.main.TestSuiteExecutor.accessTestCaseMainPhase(TestSuiteExecutor.java:169)
	at com.kms.katalon.core.main.TestSuiteExecutor.accessTestSuiteMainPhase(TestSuiteExecutor.java:142)
	at com.kms.katalon.core.main.TestSuiteExecutor.execute(TestSuiteExecutor.java:91)
	at com.kms.katalon.core.main.TestCaseMain.startTestSuite(TestCaseMain.java:157)
	at com.kms.katalon.core.main.TestCaseMain$startTestSuite$0.call(Unknown Source)
	at TempTestSuite1577547168865.run(TempTestSuite1577547168865.groovy:36)
Caused by: com.kms.katalon.core.webui.exception.WebElementNotFoundException: Web element with id: 'Object Repository/2_Create_Channel/Page_1HDHFClGY4 - Bumblebee Mattermost/span_Switch Channels' located by 'By.xpath: //button[@id='sidebarSwitcherButton']/span' not found
	at com.kms.katalon.core.webui.common.WebUiCommonHelper.findWebElement(WebUiCommonHelper.java:1154)
	at com.kms.katalon.core.webui.keyword.internal.WebUIAbstractKeyword.findWebElement(WebUIAbstractKeyword.groovy:27)
	at com.kms.katalon.core.webui.keyword.internal.WebUIAbstractKeyword.findWebElement(WebUIAbstractKeyword.groovy:26)
	at com.kms.katalon.core.webui.keyword.builtin.ClickKeyword$_click_closure1.doCall(ClickKeyword.groovy:67)
	at com.kms.katalon.core.webui.keyword.builtin.ClickKeyword$_click_closure1.call(ClickKeyword.groovy)
	at com.kms.katalon.core.webui.keyword.internal.WebUIKeywordMain.runKeyword(WebUIKeywordMain.groovy:20)
	at com.kms.katalon.core.webui.keyword.builtin.ClickKeyword.click(ClickKeyword.groovy:102)
	at com.kms.katalon.core.webui.keyword.builtin.ClickKeyword.execute(ClickKeyword.groovy:43)
	at com.kms.katalon.core.keyword.internal.KeywordExecutor.executeKeywordForPlatform(KeywordExecutor.groovy:72)
	at com.kms.katalon.core.webui.keyword.WebUiBuiltInKeywords.click(WebUiBuiltInKeywords.groovy:616)
	at com.kms.katalon.core.webui.keyword.WebUiBuiltInKeywords$click$1.call(Unknown Source)
	at Script1577535749275.run(Script1577535749275.groovy:23)
	... 13 more
)
[[ATTACHMENT|/Users/nguyentri/Desktop/Learn/SoftwareEngineer/mattermost-duo-test/Reports/20191228_223248/Run_all_test_cases/20191228_223248/1577547671168.png]]]]></system-out>
         <system-err><![CDATA[2019-12-28 22:40:17 - [TEST_CASE][FAILED] - Test Cases/2_Create_Channel/Switch_Channel: Test Cases/2_Create_Channel/Switch_Channel FAILED.
Reason:
com.kms.katalon.core.exception.StepFailedException: Unable to click on object 'Object Repository/2_Create_Channel/Page_1HDHFClGY4 - Bumblebee Mattermost/span_Switch Channels'
	at com.kms.katalon.core.webui.keyword.internal.WebUIKeywordMain.stepFailed(WebUIKeywordMain.groovy:64)
	at com.kms.katalon.core.webui.keyword.internal.WebUIKeywordMain.runKeyword(WebUIKeywordMain.groovy:26)
	at com.kms.katalon.core.webui.keyword.builtin.ClickKeyword.click(ClickKeyword.groovy:102)
	at com.kms.katalon.core.webui.keyword.builtin.ClickKeyword.execute(ClickKeyword.groovy:43)
	at com.kms.katalon.core.keyword.internal.KeywordExecutor.executeKeywordForPlatform(KeywordExecutor.groovy:72)
	at com.kms.katalon.core.webui.keyword.WebUiBuiltInKeywords.click(WebUiBuiltInKeywords.groovy:616)
	at com.kms.katalon.core.webui.keyword.WebUiBuiltInKeywords$click$1.call(Unknown Source)
	at Switch_Channel.run(Switch_Channel:23)
	at com.kms.katalon.core.main.ScriptEngine.run(ScriptEngine.java:194)
	at com.kms.katalon.core.main.ScriptEngine.runScriptAsRawText(ScriptEngine.java:119)
	at com.kms.katalon.core.main.TestCaseExecutor.runScript(TestCaseExecutor.java:337)
	at com.kms.katalon.core.main.TestCaseExecutor.doExecute(TestCaseExecutor.java:328)
	at com.kms.katalon.core.main.TestCaseExecutor.processExecutionPhase(TestCaseExecutor.java:307)
	at com.kms.katalon.core.main.TestCaseExecutor.accessMainPhase(TestCaseExecutor.java:299)
	at com.kms.katalon.core.main.TestCaseExecutor.execute(TestCaseExecutor.java:233)
	at com.kms.katalon.core.main.TestSuiteExecutor.accessTestCaseMainPhase(TestSuiteExecutor.java:169)
	at com.kms.katalon.core.main.TestSuiteExecutor.accessTestSuiteMainPhase(TestSuiteExecutor.java:142)
	at com.kms.katalon.core.main.TestSuiteExecutor.execute(TestSuiteExecutor.java:91)
	at com.kms.katalon.core.main.TestCaseMain.startTestSuite(TestCaseMain.java:157)
	at com.kms.katalon.core.main.TestCaseMain$startTestSuite$0.call(Unknown Source)
	at TempTestSuite1577547168865.run(TempTestSuite1577547168865.groovy:36)
Caused by: com.kms.katalon.core.webui.exception.WebElementNotFoundException: Web element with id: 'Object Repository/2_Create_Channel/Page_1HDHFClGY4 - Bumblebee Mattermost/span_Switch Channels' located by 'By.xpath: //button[@id='sidebarSwitcherButton']/span' not found
	at com.kms.katalon.core.webui.common.WebUiCommonHelper.findWebElement(WebUiCommonHelper.java:1154)
	at com.kms.katalon.core.webui.keyword.internal.WebUIAbstractKeyword.findWebElement(WebUIAbstractKeyword.groovy:27)
	at com.kms.katalon.core.webui.keyword.internal.WebUIAbstractKeyword.findWebElement(WebUIAbstractKeyword.groovy:26)
	at com.kms.katalon.core.webui.keyword.builtin.ClickKeyword$_click_closure1.doCall(ClickKeyword.groovy:67)
	at com.kms.katalon.core.webui.keyword.builtin.ClickKeyword$_click_closure1.call(ClickKeyword.groovy)
	at com.kms.katalon.core.webui.keyword.internal.WebUIKeywordMain.runKeyword(WebUIKeywordMain.groovy:20)
	... 19 more]]></system-err>
      </testcase>
      <testcase name="Test Cases/3_Edit_Channel/Edit_Channel_Header" time="6.921" classname="Test Cases/3_Edit_Channel/Edit_Channel_Header" status="PASSED">
         <system-out><![CDATA[2019-12-28 22:41:11 - [TEST_CASE][PASSED] - Test Cases/3_Edit_Channel/Edit_Channel_Header: Test Cases/3_Edit_Channel/Edit_Channel_Header

2019-12-28 22:41:12 - [TEST_STEP][PASSED] - openBrowser(""): Browser is opened with url: ''

2019-12-28 22:41:12 - [MESSAGE][PASSED] - Browser is opened with url: ''

2019-12-28 22:41:12 - [TEST_STEP][PASSED] - navigateToUrl("http://localhost:8065/"): Navigate to 'http://localhost:8065/' successfully

2019-12-28 22:41:13 - [MESSAGE][PASSED] - Navigate to 'http://localhost:8065/' successfully

2019-12-28 22:41:13 - [TEST_STEP][PASSED] - click(findTestObject("Object Repository/3_Edit_Channel/Edit_Channel_Header/Page_CS420 - Bumblebee Mattermost/span_CS420_channelHeaderDropdownIcon")): Object: 'Object Repository/3_Edit_Channel/Edit_Channel_Header/Page_CS420 - Bumblebee Mattermost/span_CS420_channelHeaderDropdownIcon' is clicked on

2019-12-28 22:41:16 - [MESSAGE][PASSED] - Object: 'Object Repository/3_Edit_Channel/Edit_Channel_Header/Page_CS420 - Bumblebee Mattermost/span_CS420_channelHeaderDropdownIcon' is clicked on

2019-12-28 22:41:16 - [TEST_STEP][PASSED] - click(findTestObject("Object Repository/3_Edit_Channel/Edit_Channel_Header/Page_CS420 - Bumblebee Mattermost/button_Edit Channel Header")): Object: 'Object Repository/3_Edit_Channel/Edit_Channel_Header/Page_CS420 - Bumblebee Mattermost/button_Edit Channel Header' is clicked on

2019-12-28 22:41:17 - [MESSAGE][PASSED] - Object: 'Object Repository/3_Edit_Channel/Edit_Channel_Header/Page_CS420 - Bumblebee Mattermost/button_Edit Channel Header' is clicked on

2019-12-28 22:41:17 - [TEST_STEP][PASSED] - setText(findTestObject("Object Repository/3_Edit_Channel/Edit_Channel_Header/Page_CS420 - Bumblebee Mattermost/textarea_Moodle (httpscoursesfithcmuseduvnc_ebf0b0"), Channel_header): Text 'First Channel Header' is set on object 'Object Repository/3_Edit_Channel/Edit_Channel_Header/Page_CS420 - Bumblebee Mattermost/textarea_Moodle (httpscoursesfithcmuseduvnc_ebf0b0'

2019-12-28 22:41:17 - [MESSAGE][PASSED] - Text 'First Channel Header' is set on object 'Object Repository/3_Edit_Channel/Edit_Channel_Header/Page_CS420 - Bumblebee Mattermost/textarea_Moodle (httpscoursesfithcmuseduvnc_ebf0b0'

2019-12-28 22:41:17 - [TEST_STEP][PASSED] - click(findTestObject("Object Repository/3_Edit_Channel/Edit_Channel_Header/Page_CS420 - Bumblebee Mattermost/span_Save")): Object: 'Object Repository/3_Edit_Channel/Edit_Channel_Header/Page_CS420 - Bumblebee Mattermost/span_Save' is clicked on

2019-12-28 22:41:18 - [MESSAGE][PASSED] - Object: 'Object Repository/3_Edit_Channel/Edit_Channel_Header/Page_CS420 - Bumblebee Mattermost/span_Save' is clicked on

2019-12-28 22:41:18 - [TEST_STEP][NOT_RUN] - delay(3): NOT_RUN: delay(3)

2019-12-28 22:41:18 - [MESSAGE][NOT_RUN] - NOT_RUN: delay(3)]]></system-out>
         <system-err><![CDATA[]]></system-err>
      </testcase>
      <testcase name="Test Cases/3_Edit_Channel/Edit_Channel_Header" time="6.863" classname="Test Cases/3_Edit_Channel/Edit_Channel_Header" status="PASSED">
         <system-out><![CDATA[2019-12-28 22:41:18 - [TEST_CASE][PASSED] - Test Cases/3_Edit_Channel/Edit_Channel_Header: Test Cases/3_Edit_Channel/Edit_Channel_Header

2019-12-28 22:41:18 - [TEST_STEP][PASSED] - openBrowser(""): Browser is opened with url: ''

2019-12-28 22:41:18 - [MESSAGE][PASSED] - Browser is opened with url: ''

2019-12-28 22:41:18 - [TEST_STEP][PASSED] - navigateToUrl("http://localhost:8065/"): Navigate to 'http://localhost:8065/' successfully

2019-12-28 22:41:19 - [MESSAGE][PASSED] - Navigate to 'http://localhost:8065/' successfully

2019-12-28 22:41:19 - [TEST_STEP][PASSED] - click(findTestObject("Object Repository/3_Edit_Channel/Edit_Channel_Header/Page_CS420 - Bumblebee Mattermost/span_CS420_channelHeaderDropdownIcon")): Object: 'Object Repository/3_Edit_Channel/Edit_Channel_Header/Page_CS420 - Bumblebee Mattermost/span_CS420_channelHeaderDropdownIcon' is clicked on

2019-12-28 22:41:23 - [MESSAGE][PASSED] - Object: 'Object Repository/3_Edit_Channel/Edit_Channel_Header/Page_CS420 - Bumblebee Mattermost/span_CS420_channelHeaderDropdownIcon' is clicked on

2019-12-28 22:41:23 - [TEST_STEP][PASSED] - click(findTestObject("Object Repository/3_Edit_Channel/Edit_Channel_Header/Page_CS420 - Bumblebee Mattermost/button_Edit Channel Header")): Object: 'Object Repository/3_Edit_Channel/Edit_Channel_Header/Page_CS420 - Bumblebee Mattermost/button_Edit Channel Header' is clicked on

2019-12-28 22:41:23 - [MESSAGE][PASSED] - Object: 'Object Repository/3_Edit_Channel/Edit_Channel_Header/Page_CS420 - Bumblebee Mattermost/button_Edit Channel Header' is clicked on

2019-12-28 22:41:23 - [TEST_STEP][PASSED] - setText(findTestObject("Object Repository/3_Edit_Channel/Edit_Channel_Header/Page_CS420 - Bumblebee Mattermost/textarea_Moodle (httpscoursesfithcmuseduvnc_ebf0b0"), Channel_header): Text 'Second  Channel Header' is set on object 'Object Repository/3_Edit_Channel/Edit_Channel_Header/Page_CS420 - Bumblebee Mattermost/textarea_Moodle (httpscoursesfithcmuseduvnc_ebf0b0'

2019-12-28 22:41:24 - [MESSAGE][PASSED] - Text 'Second  Channel Header' is set on object 'Object Repository/3_Edit_Channel/Edit_Channel_Header/Page_CS420 - Bumblebee Mattermost/textarea_Moodle (httpscoursesfithcmuseduvnc_ebf0b0'

2019-12-28 22:41:24 - [TEST_STEP][PASSED] - click(findTestObject("Object Repository/3_Edit_Channel/Edit_Channel_Header/Page_CS420 - Bumblebee Mattermost/span_Save")): Object: 'Object Repository/3_Edit_Channel/Edit_Channel_Header/Page_CS420 - Bumblebee Mattermost/span_Save' is clicked on

2019-12-28 22:41:25 - [MESSAGE][PASSED] - Object: 'Object Repository/3_Edit_Channel/Edit_Channel_Header/Page_CS420 - Bumblebee Mattermost/span_Save' is clicked on

2019-12-28 22:41:25 - [TEST_STEP][NOT_RUN] - delay(3): NOT_RUN: delay(3)

2019-12-28 22:41:25 - [MESSAGE][NOT_RUN] - NOT_RUN: delay(3)]]></system-out>
         <system-err><![CDATA[]]></system-err>
      </testcase>
      <testcase name="Test Cases/3_Edit_Channel/Edit_Channel_Header" time="6.757" classname="Test Cases/3_Edit_Channel/Edit_Channel_Header" status="PASSED">
         <system-out><![CDATA[2019-12-28 22:41:25 - [TEST_CASE][PASSED] - Test Cases/3_Edit_Channel/Edit_Channel_Header: Test Cases/3_Edit_Channel/Edit_Channel_Header

2019-12-28 22:41:25 - [TEST_STEP][PASSED] - openBrowser(""): Browser is opened with url: ''

2019-12-28 22:41:25 - [MESSAGE][PASSED] - Browser is opened with url: ''

2019-12-28 22:41:25 - [TEST_STEP][PASSED] - navigateToUrl("http://localhost:8065/"): Navigate to 'http://localhost:8065/' successfully

2019-12-28 22:41:26 - [MESSAGE][PASSED] - Navigate to 'http://localhost:8065/' successfully

2019-12-28 22:41:26 - [TEST_STEP][PASSED] - click(findTestObject("Object Repository/3_Edit_Channel/Edit_Channel_Header/Page_CS420 - Bumblebee Mattermost/span_CS420_channelHeaderDropdownIcon")): Object: 'Object Repository/3_Edit_Channel/Edit_Channel_Header/Page_CS420 - Bumblebee Mattermost/span_CS420_channelHeaderDropdownIcon' is clicked on

2019-12-28 22:41:29 - [MESSAGE][PASSED] - Object: 'Object Repository/3_Edit_Channel/Edit_Channel_Header/Page_CS420 - Bumblebee Mattermost/span_CS420_channelHeaderDropdownIcon' is clicked on

2019-12-28 22:41:29 - [TEST_STEP][PASSED] - click(findTestObject("Object Repository/3_Edit_Channel/Edit_Channel_Header/Page_CS420 - Bumblebee Mattermost/button_Edit Channel Header")): Object: 'Object Repository/3_Edit_Channel/Edit_Channel_Header/Page_CS420 - Bumblebee Mattermost/button_Edit Channel Header' is clicked on

2019-12-28 22:41:30 - [MESSAGE][PASSED] - Object: 'Object Repository/3_Edit_Channel/Edit_Channel_Header/Page_CS420 - Bumblebee Mattermost/button_Edit Channel Header' is clicked on

2019-12-28 22:41:30 - [TEST_STEP][PASSED] - setText(findTestObject("Object Repository/3_Edit_Channel/Edit_Channel_Header/Page_CS420 - Bumblebee Mattermost/textarea_Moodle (httpscoursesfithcmuseduvnc_ebf0b0"), Channel_header): Text 'Third  Channel Header' is set on object 'Object Repository/3_Edit_Channel/Edit_Channel_Header/Page_CS420 - Bumblebee Mattermost/textarea_Moodle (httpscoursesfithcmuseduvnc_ebf0b0'

2019-12-28 22:41:31 - [MESSAGE][PASSED] - Text 'Third  Channel Header' is set on object 'Object Repository/3_Edit_Channel/Edit_Channel_Header/Page_CS420 - Bumblebee Mattermost/textarea_Moodle (httpscoursesfithcmuseduvnc_ebf0b0'

2019-12-28 22:41:31 - [TEST_STEP][PASSED] - click(findTestObject("Object Repository/3_Edit_Channel/Edit_Channel_Header/Page_CS420 - Bumblebee Mattermost/span_Save")): Object: 'Object Repository/3_Edit_Channel/Edit_Channel_Header/Page_CS420 - Bumblebee Mattermost/span_Save' is clicked on

2019-12-28 22:41:32 - [MESSAGE][PASSED] - Object: 'Object Repository/3_Edit_Channel/Edit_Channel_Header/Page_CS420 - Bumblebee Mattermost/span_Save' is clicked on

2019-12-28 22:41:32 - [TEST_STEP][NOT_RUN] - delay(3): NOT_RUN: delay(3)

2019-12-28 22:41:32 - [MESSAGE][NOT_RUN] - NOT_RUN: delay(3)]]></system-out>
         <system-err><![CDATA[]]></system-err>
      </testcase>
      <testcase name="Test Cases/3_Edit_Channel/Edit_Channel_Header" time="8.769" classname="Test Cases/3_Edit_Channel/Edit_Channel_Header" status="PASSED">
         <system-out><![CDATA[2019-12-28 22:41:32 - [TEST_CASE][PASSED] - Test Cases/3_Edit_Channel/Edit_Channel_Header: Test Cases/3_Edit_Channel/Edit_Channel_Header

2019-12-28 22:41:32 - [TEST_STEP][PASSED] - openBrowser(""): Browser is opened with url: ''

2019-12-28 22:41:32 - [MESSAGE][PASSED] - Browser is opened with url: ''

2019-12-28 22:41:32 - [TEST_STEP][PASSED] - navigateToUrl("http://localhost:8065/"): Navigate to 'http://localhost:8065/' successfully

2019-12-28 22:41:34 - [MESSAGE][PASSED] - Navigate to 'http://localhost:8065/' successfully

2019-12-28 22:41:34 - [TEST_STEP][PASSED] - click(findTestObject("Object Repository/3_Edit_Channel/Edit_Channel_Header/Page_CS420 - Bumblebee Mattermost/span_CS420_channelHeaderDropdownIcon")): Object: 'Object Repository/3_Edit_Channel/Edit_Channel_Header/Page_CS420 - Bumblebee Mattermost/span_CS420_channelHeaderDropdownIcon' is clicked on

2019-12-28 22:41:38 - [MESSAGE][PASSED] - Object: 'Object Repository/3_Edit_Channel/Edit_Channel_Header/Page_CS420 - Bumblebee Mattermost/span_CS420_channelHeaderDropdownIcon' is clicked on

2019-12-28 22:41:38 - [TEST_STEP][PASSED] - click(findTestObject("Object Repository/3_Edit_Channel/Edit_Channel_Header/Page_CS420 - Bumblebee Mattermost/button_Edit Channel Header")): Object: 'Object Repository/3_Edit_Channel/Edit_Channel_Header/Page_CS420 - Bumblebee Mattermost/button_Edit Channel Header' is clicked on

2019-12-28 22:41:39 - [MESSAGE][PASSED] - Object: 'Object Repository/3_Edit_Channel/Edit_Channel_Header/Page_CS420 - Bumblebee Mattermost/button_Edit Channel Header' is clicked on

2019-12-28 22:41:39 - [TEST_STEP][PASSED] - setText(findTestObject("Object Repository/3_Edit_Channel/Edit_Channel_Header/Page_CS420 - Bumblebee Mattermost/textarea_Moodle (httpscoursesfithcmuseduvnc_ebf0b0"), Channel_header): Text 'Fourth  Channel Header' is set on object 'Object Repository/3_Edit_Channel/Edit_Channel_Header/Page_CS420 - Bumblebee Mattermost/textarea_Moodle (httpscoursesfithcmuseduvnc_ebf0b0'

2019-12-28 22:41:40 - [MESSAGE][PASSED] - Text 'Fourth  Channel Header' is set on object 'Object Repository/3_Edit_Channel/Edit_Channel_Header/Page_CS420 - Bumblebee Mattermost/textarea_Moodle (httpscoursesfithcmuseduvnc_ebf0b0'

2019-12-28 22:41:40 - [TEST_STEP][PASSED] - click(findTestObject("Object Repository/3_Edit_Channel/Edit_Channel_Header/Page_CS420 - Bumblebee Mattermost/span_Save")): Object: 'Object Repository/3_Edit_Channel/Edit_Channel_Header/Page_CS420 - Bumblebee Mattermost/span_Save' is clicked on

2019-12-28 22:41:41 - [MESSAGE][PASSED] - Object: 'Object Repository/3_Edit_Channel/Edit_Channel_Header/Page_CS420 - Bumblebee Mattermost/span_Save' is clicked on

2019-12-28 22:41:41 - [TEST_STEP][NOT_RUN] - delay(3): NOT_RUN: delay(3)

2019-12-28 22:41:41 - [MESSAGE][NOT_RUN] - NOT_RUN: delay(3)]]></system-out>
         <system-err><![CDATA[]]></system-err>
      </testcase>
      <testcase name="Test Cases/3_Edit_Channel/Edit_Channel_Header" time="7.239" classname="Test Cases/3_Edit_Channel/Edit_Channel_Header" status="PASSED">
         <system-out><![CDATA[2019-12-28 22:41:41 - [TEST_CASE][PASSED] - Test Cases/3_Edit_Channel/Edit_Channel_Header: Test Cases/3_Edit_Channel/Edit_Channel_Header

2019-12-28 22:41:41 - [TEST_STEP][PASSED] - openBrowser(""): Browser is opened with url: ''

2019-12-28 22:41:41 - [MESSAGE][PASSED] - Browser is opened with url: ''

2019-12-28 22:41:41 - [TEST_STEP][PASSED] - navigateToUrl("http://localhost:8065/"): Navigate to 'http://localhost:8065/' successfully

2019-12-28 22:41:42 - [MESSAGE][PASSED] - Navigate to 'http://localhost:8065/' successfully

2019-12-28 22:41:42 - [TEST_STEP][PASSED] - click(findTestObject("Object Repository/3_Edit_Channel/Edit_Channel_Header/Page_CS420 - Bumblebee Mattermost/span_CS420_channelHeaderDropdownIcon")): Object: 'Object Repository/3_Edit_Channel/Edit_Channel_Header/Page_CS420 - Bumblebee Mattermost/span_CS420_channelHeaderDropdownIcon' is clicked on

2019-12-28 22:41:45 - [MESSAGE][PASSED] - Object: 'Object Repository/3_Edit_Channel/Edit_Channel_Header/Page_CS420 - Bumblebee Mattermost/span_CS420_channelHeaderDropdownIcon' is clicked on

2019-12-28 22:41:45 - [TEST_STEP][PASSED] - click(findTestObject("Object Repository/3_Edit_Channel/Edit_Channel_Header/Page_CS420 - Bumblebee Mattermost/button_Edit Channel Header")): Object: 'Object Repository/3_Edit_Channel/Edit_Channel_Header/Page_CS420 - Bumblebee Mattermost/button_Edit Channel Header' is clicked on

2019-12-28 22:41:46 - [MESSAGE][PASSED] - Object: 'Object Repository/3_Edit_Channel/Edit_Channel_Header/Page_CS420 - Bumblebee Mattermost/button_Edit Channel Header' is clicked on

2019-12-28 22:41:46 - [TEST_STEP][PASSED] - setText(findTestObject("Object Repository/3_Edit_Channel/Edit_Channel_Header/Page_CS420 - Bumblebee Mattermost/textarea_Moodle (httpscoursesfithcmuseduvnc_ebf0b0"), Channel_header): Text 'Fifth  Channel Header' is set on object 'Object Repository/3_Edit_Channel/Edit_Channel_Header/Page_CS420 - Bumblebee Mattermost/textarea_Moodle (httpscoursesfithcmuseduvnc_ebf0b0'

2019-12-28 22:41:47 - [MESSAGE][PASSED] - Text 'Fifth  Channel Header' is set on object 'Object Repository/3_Edit_Channel/Edit_Channel_Header/Page_CS420 - Bumblebee Mattermost/textarea_Moodle (httpscoursesfithcmuseduvnc_ebf0b0'

2019-12-28 22:41:47 - [TEST_STEP][PASSED] - click(findTestObject("Object Repository/3_Edit_Channel/Edit_Channel_Header/Page_CS420 - Bumblebee Mattermost/span_Save")): Object: 'Object Repository/3_Edit_Channel/Edit_Channel_Header/Page_CS420 - Bumblebee Mattermost/span_Save' is clicked on

2019-12-28 22:41:48 - [MESSAGE][PASSED] - Object: 'Object Repository/3_Edit_Channel/Edit_Channel_Header/Page_CS420 - Bumblebee Mattermost/span_Save' is clicked on

2019-12-28 22:41:48 - [TEST_STEP][NOT_RUN] - delay(3): NOT_RUN: delay(3)

2019-12-28 22:41:48 - [MESSAGE][NOT_RUN] - NOT_RUN: delay(3)]]></system-out>
         <system-err><![CDATA[]]></system-err>
      </testcase>
      <testcase name="Test Cases/3_Edit_Channel/Edit_Channel_Purpose" time="919.415" classname="Test Cases/3_Edit_Channel/Edit_Channel_Purpose" status="PASSED">
         <system-out><![CDATA[2019-12-28 22:41:48 - [TEST_CASE][PASSED] - Test Cases/3_Edit_Channel/Edit_Channel_Purpose: Test Cases/3_Edit_Channel/Edit_Channel_Purpose

2019-12-28 22:41:49 - [TEST_STEP][PASSED] - openBrowser(""): Browser is opened with url: ''

2019-12-28 22:41:49 - [MESSAGE][PASSED] - Browser is opened with url: ''

2019-12-28 22:41:49 - [TEST_STEP][PASSED] - navigateToUrl("http://localhost:8065/"): Navigate to 'http://localhost:8065/' successfully

2019-12-28 22:41:49 - [MESSAGE][PASSED] - Navigate to 'http://localhost:8065/' successfully

2019-12-28 22:41:49 - [TEST_STEP][PASSED] - click(findTestObject("Object Repository/3_Edit_Channel/Edit_Channel_Purpose/Page_CS420 - Bumblebee Mattermost/span_CS420_channelHeaderDropdownIcon")): Object: 'Object Repository/3_Edit_Channel/Edit_Channel_Purpose/Page_CS420 - Bumblebee Mattermost/span_CS420_channelHeaderDropdownIcon' is clicked on

2019-12-28 22:41:53 - [MESSAGE][PASSED] - Object: 'Object Repository/3_Edit_Channel/Edit_Channel_Purpose/Page_CS420 - Bumblebee Mattermost/span_CS420_channelHeaderDropdownIcon' is clicked on

2019-12-28 22:41:53 - [TEST_STEP][PASSED] - click(findTestObject("Object Repository/3_Edit_Channel/Edit_Channel_Purpose/Page_CS420 - Bumblebee Mattermost/button_Edit Channel Purpose")): Object: 'Object Repository/3_Edit_Channel/Edit_Channel_Purpose/Page_CS420 - Bumblebee Mattermost/button_Edit Channel Purpose' is clicked on

2019-12-28 22:41:54 - [MESSAGE][PASSED] - Object: 'Object Repository/3_Edit_Channel/Edit_Channel_Purpose/Page_CS420 - Bumblebee Mattermost/button_Edit Channel Purpose' is clicked on

2019-12-28 22:41:54 - [TEST_STEP][PASSED] - setText(findTestObject("Object Repository/3_Edit_Channel/Edit_Channel_Purpose/Page_CS420 - Bumblebee Mattermost/textarea_A channel to work on AI homewor"), "A channel to work on AI homewor."): Text 'A channel to work on AI homewor.' is set on object 'Object Repository/3_Edit_Channel/Edit_Channel_Purpose/Page_CS420 - Bumblebee Mattermost/textarea_A channel to work on AI homewor'

2019-12-28 22:42:39 - [MESSAGE][INFO] - Unable to find the element located by 'By.xpath: (.//*[normalize-space(text()) and normalize-space(.)='CS420'])[4]/following::textarea[1]'. Please recheck the objects properties to make sure the desired element is located. 

2019-12-28 22:42:39 - [MESSAGE][INFO] - [SMART_XPATH] Auto-trying out other XPath values in the test object.

2019-12-28 22:42:39 - [MESSAGE][INFO] - [SMART_XPATH] FAILED XPATH: '(.//*[normalize-space(text()) and normalize-space(.)='CS420'])[4]/following::textarea[1]'.

2019-12-28 22:42:39 - [MESSAGE][INFO] - [SMART_XPATH] WORKING XPATH: '(.//*[normalize-space(text()) and normalize-space(.)='Edit Purpose for'])[1]/following::textarea[1]'.

2019-12-28 22:42:40 - [MESSAGE][INFO] - [SMART_XPATH] Screenshot: /Users/nguyentri/Desktop/Learn/SoftwareEngineer/mattermost-duo-test/Reports/smart_xpath/Object Repository/3_Edit_Channel/Edit_Channel_Purpose/Page_CS420 - Bumblebee Mattermost/textarea_A channel to work on AI homewor_neighbor_8.png

2019-12-28 22:42:40 - [MESSAGE][INFO] - [SMART_XPATH] WORKING XPATH: '(.//*[normalize-space(text()) and normalize-space(.)='Cancel'])[1]/preceding::textarea[1]'.

2019-12-28 22:42:41 - [MESSAGE][INFO] - [SMART_XPATH] Screenshot: /Users/nguyentri/Desktop/Learn/SoftwareEngineer/mattermost-duo-test/Reports/smart_xpath/Object Repository/3_Edit_Channel/Edit_Channel_Purpose/Page_CS420 - Bumblebee Mattermost/textarea_A channel to work on AI homewor_neighbor_9.png

2019-12-28 22:42:41 - [MESSAGE][INFO] - [SMART_XPATH] WORKING XPATH: '(.//*[normalize-space(text()) and normalize-space(.)='Save'])[1]/preceding::textarea[1]'.

2019-12-28 22:42:42 - [MESSAGE][INFO] - [SMART_XPATH] Screenshot: /Users/nguyentri/Desktop/Learn/SoftwareEngineer/mattermost-duo-test/Reports/smart_xpath/Object Repository/3_Edit_Channel/Edit_Channel_Purpose/Page_CS420 - Bumblebee Mattermost/textarea_A channel to work on AI homewor_neighbor_10.png

2019-12-28 22:42:42 - [MESSAGE][INFO] - [SMART_XPATH] FAILED XPATH: '//*/text()[normalize-space(.)='A channel to work on AI homewor.']/parent::*'.

2019-12-28 22:42:42 - [MESSAGE][INFO] - [SMART_XPATH] WORKING XPATH: '//div[2]/div/div/div[2]/textarea'.

2019-12-28 22:42:43 - [MESSAGE][INFO] - [SMART_XPATH] Screenshot: /Users/nguyentri/Desktop/Learn/SoftwareEngineer/mattermost-duo-test/Reports/smart_xpath/Object Repository/3_Edit_Channel/Edit_Channel_Purpose/Page_CS420 - Bumblebee Mattermost/textarea_A channel to work on AI homewor_position.png

2019-12-28 22:42:43 - [MESSAGE][ERROR] - [SMART_XPATH] /Users/nguyentri/Desktop/Learn/SoftwareEngineer/mattermost-duo-test/Reports/smart_xpath/waiting-for-approval.json (No such file or directory)

2019-12-28 22:42:43 - [MESSAGE][ERROR] - [SMART_XPATH] /Users/nguyentri/Desktop/Learn/SoftwareEngineer/mattermost-duo-test/Reports/smart_xpath/waiting-for-approval.json does not exist or is provided by Smart XPath Plugin!

2019-12-28 22:42:43 - [MESSAGE][INFO] - [SMART_XPATH] Selected Smart XPath: '(.//*[normalize-space(text()) and normalize-space(.)='Edit Purpose for'])[1]/following::textarea[1]'.

2019-12-28 22:42:43 - [MESSAGE][INFO] - [SMART_XPATH] Continuing executing the test case!

2019-12-28 22:42:43 - [MESSAGE][PASSED] - Text 'A channel to work on AI homewor.' is set on object 'Object Repository/3_Edit_Channel/Edit_Channel_Purpose/Page_CS420 - Bumblebee Mattermost/textarea_A channel to work on AI homewor'

2019-12-28 22:42:43 - [TEST_STEP][PASSED] - setText(findTestObject("Object Repository/3_Edit_Channel/Edit_Channel_Purpose/Page_CS420 - Bumblebee Mattermost/textarea_A channel to work on AI homewo"), "A channel to work on AI homewo."): Text 'A channel to work on AI homewo.' is set on object 'Object Repository/3_Edit_Channel/Edit_Channel_Purpose/Page_CS420 - Bumblebee Mattermost/textarea_A channel to work on AI homewo'

2019-12-28 22:43:28 - [MESSAGE][INFO] - Unable to find the element located by 'By.xpath: (.//*[normalize-space(text()) and normalize-space(.)='CS420'])[4]/following::textarea[1]'. Please recheck the objects properties to make sure the desired element is located. 

2019-12-28 22:43:28 - [MESSAGE][INFO] - [SMART_XPATH] Auto-trying out other XPath values in the test object.

2019-12-28 22:43:29 - [MESSAGE][INFO] - [SMART_XPATH] FAILED XPATH: '(.//*[normalize-space(text()) and normalize-space(.)='CS420'])[4]/following::textarea[1]'.

2019-12-28 22:43:29 - [MESSAGE][INFO] - [SMART_XPATH] WORKING XPATH: '(.//*[normalize-space(text()) and normalize-space(.)='Edit Purpose for'])[1]/following::textarea[1]'.

2019-12-28 22:43:29 - [MESSAGE][INFO] - [SMART_XPATH] Screenshot: /Users/nguyentri/Desktop/Learn/SoftwareEngineer/mattermost-duo-test/Reports/smart_xpath/Object Repository/3_Edit_Channel/Edit_Channel_Purpose/Page_CS420 - Bumblebee Mattermost/textarea_A channel to work on AI homewo_neighbor_9.png

2019-12-28 22:43:30 - [MESSAGE][INFO] - [SMART_XPATH] WORKING XPATH: '(.//*[normalize-space(text()) and normalize-space(.)='Cancel'])[1]/preceding::textarea[1]'.

2019-12-28 22:43:30 - [MESSAGE][INFO] - [SMART_XPATH] Screenshot: /Users/nguyentri/Desktop/Learn/SoftwareEngineer/mattermost-duo-test/Reports/smart_xpath/Object Repository/3_Edit_Channel/Edit_Channel_Purpose/Page_CS420 - Bumblebee Mattermost/textarea_A channel to work on AI homewo_neighbor_10.png

2019-12-28 22:43:30 - [MESSAGE][INFO] - [SMART_XPATH] WORKING XPATH: '(.//*[normalize-space(text()) and normalize-space(.)='Save'])[1]/preceding::textarea[1]'.

2019-12-28 22:43:30 - [MESSAGE][INFO] - [SMART_XPATH] Screenshot: /Users/nguyentri/Desktop/Learn/SoftwareEngineer/mattermost-duo-test/Reports/smart_xpath/Object Repository/3_Edit_Channel/Edit_Channel_Purpose/Page_CS420 - Bumblebee Mattermost/textarea_A channel to work on AI homewo_neighbor_11.png

2019-12-28 22:43:31 - [MESSAGE][INFO] - [SMART_XPATH] FAILED XPATH: '//*/text()[normalize-space(.)='A channel to work on AI homewo.']/parent::*'.

2019-12-28 22:43:31 - [MESSAGE][INFO] - [SMART_XPATH] WORKING XPATH: '//div[2]/div/div/div[2]/textarea'.

2019-12-28 22:43:31 - [MESSAGE][INFO] - [SMART_XPATH] Screenshot: /Users/nguyentri/Desktop/Learn/SoftwareEngineer/mattermost-duo-test/Reports/smart_xpath/Object Repository/3_Edit_Channel/Edit_Channel_Purpose/Page_CS420 - Bumblebee Mattermost/textarea_A channel to work on AI homewo_position.png

2019-12-28 22:43:31 - [MESSAGE][ERROR] - [SMART_XPATH] /Users/nguyentri/Desktop/Learn/SoftwareEngineer/mattermost-duo-test/Reports/smart_xpath/waiting-for-approval.json (No such file or directory)

2019-12-28 22:43:31 - [MESSAGE][ERROR] - [SMART_XPATH] /Users/nguyentri/Desktop/Learn/SoftwareEngineer/mattermost-duo-test/Reports/smart_xpath/waiting-for-approval.json does not exist or is provided by Smart XPath Plugin!

2019-12-28 22:43:31 - [MESSAGE][INFO] - [SMART_XPATH] Selected Smart XPath: '(.//*[normalize-space(text()) and normalize-space(.)='Edit Purpose for'])[1]/following::textarea[1]'.

2019-12-28 22:43:31 - [MESSAGE][INFO] - [SMART_XPATH] Continuing executing the test case!

2019-12-28 22:43:32 - [MESSAGE][PASSED] - Text 'A channel to work on AI homewo.' is set on object 'Object Repository/3_Edit_Channel/Edit_Channel_Purpose/Page_CS420 - Bumblebee Mattermost/textarea_A channel to work on AI homewo'

2019-12-28 22:43:32 - [TEST_STEP][PASSED] - setText(findTestObject("Object Repository/3_Edit_Channel/Edit_Channel_Purpose/Page_CS420 - Bumblebee Mattermost/textarea_A channel to work on AI homew"), "A channel to work on AI homew."): Text 'A channel to work on AI homew.' is set on object 'Object Repository/3_Edit_Channel/Edit_Channel_Purpose/Page_CS420 - Bumblebee Mattermost/textarea_A channel to work on AI homew'

2019-12-28 22:44:17 - [MESSAGE][INFO] - Unable to find the element located by 'By.xpath: (.//*[normalize-space(text()) and normalize-space(.)='CS420'])[4]/following::textarea[1]'. Please recheck the objects properties to make sure the desired element is located. 

2019-12-28 22:44:17 - [MESSAGE][INFO] - [SMART_XPATH] Auto-trying out other XPath values in the test object.

2019-12-28 22:44:17 - [MESSAGE][INFO] - [SMART_XPATH] FAILED XPATH: '(.//*[normalize-space(text()) and normalize-space(.)='CS420'])[4]/following::textarea[1]'.

2019-12-28 22:44:17 - [MESSAGE][INFO] - [SMART_XPATH] WORKING XPATH: '(.//*[normalize-space(text()) and normalize-space(.)='Edit Purpose for'])[1]/following::textarea[1]'.

2019-12-28 22:44:18 - [MESSAGE][INFO] - [SMART_XPATH] Screenshot: /Users/nguyentri/Desktop/Learn/SoftwareEngineer/mattermost-duo-test/Reports/smart_xpath/Object Repository/3_Edit_Channel/Edit_Channel_Purpose/Page_CS420 - Bumblebee Mattermost/textarea_A channel to work on AI homew_neighbor_10.png

2019-12-28 22:44:18 - [MESSAGE][INFO] - [SMART_XPATH] WORKING XPATH: '(.//*[normalize-space(text()) and normalize-space(.)='Cancel'])[1]/preceding::textarea[1]'.

2019-12-28 22:44:18 - [MESSAGE][INFO] - [SMART_XPATH] Screenshot: /Users/nguyentri/Desktop/Learn/SoftwareEngineer/mattermost-duo-test/Reports/smart_xpath/Object Repository/3_Edit_Channel/Edit_Channel_Purpose/Page_CS420 - Bumblebee Mattermost/textarea_A channel to work on AI homew_neighbor_11.png

2019-12-28 22:44:18 - [MESSAGE][INFO] - [SMART_XPATH] WORKING XPATH: '(.//*[normalize-space(text()) and normalize-space(.)='Save'])[1]/preceding::textarea[1]'.

2019-12-28 22:44:19 - [MESSAGE][INFO] - [SMART_XPATH] Screenshot: /Users/nguyentri/Desktop/Learn/SoftwareEngineer/mattermost-duo-test/Reports/smart_xpath/Object Repository/3_Edit_Channel/Edit_Channel_Purpose/Page_CS420 - Bumblebee Mattermost/textarea_A channel to work on AI homew_neighbor_12.png

2019-12-28 22:44:19 - [MESSAGE][INFO] - [SMART_XPATH] FAILED XPATH: '//*/text()[normalize-space(.)='A channel to work on AI homew.']/parent::*'.

2019-12-28 22:44:19 - [MESSAGE][INFO] - [SMART_XPATH] WORKING XPATH: '//div[2]/div/div/div[2]/textarea'.

2019-12-28 22:44:20 - [MESSAGE][INFO] - [SMART_XPATH] Screenshot: /Users/nguyentri/Desktop/Learn/SoftwareEngineer/mattermost-duo-test/Reports/smart_xpath/Object Repository/3_Edit_Channel/Edit_Channel_Purpose/Page_CS420 - Bumblebee Mattermost/textarea_A channel to work on AI homew_position.png

2019-12-28 22:44:20 - [MESSAGE][ERROR] - [SMART_XPATH] /Users/nguyentri/Desktop/Learn/SoftwareEngineer/mattermost-duo-test/Reports/smart_xpath/waiting-for-approval.json (No such file or directory)

2019-12-28 22:44:20 - [MESSAGE][ERROR] - [SMART_XPATH] /Users/nguyentri/Desktop/Learn/SoftwareEngineer/mattermost-duo-test/Reports/smart_xpath/waiting-for-approval.json does not exist or is provided by Smart XPath Plugin!

2019-12-28 22:44:20 - [MESSAGE][INFO] - [SMART_XPATH] Selected Smart XPath: '(.//*[normalize-space(text()) and normalize-space(.)='Edit Purpose for'])[1]/following::textarea[1]'.

2019-12-28 22:44:20 - [MESSAGE][INFO] - [SMART_XPATH] Continuing executing the test case!

2019-12-28 22:44:21 - [MESSAGE][PASSED] - Text 'A channel to work on AI homew.' is set on object 'Object Repository/3_Edit_Channel/Edit_Channel_Purpose/Page_CS420 - Bumblebee Mattermost/textarea_A channel to work on AI homew'

2019-12-28 22:44:21 - [TEST_STEP][PASSED] - setText(findTestObject("Object Repository/3_Edit_Channel/Edit_Channel_Purpose/Page_CS420 - Bumblebee Mattermost/textarea_A channel to work on AI home"), "A channel to work on AI home."): Text 'A channel to work on AI home.' is set on object 'Object Repository/3_Edit_Channel/Edit_Channel_Purpose/Page_CS420 - Bumblebee Mattermost/textarea_A channel to work on AI home'

2019-12-28 22:45:06 - [MESSAGE][INFO] - Unable to find the element located by 'By.xpath: (.//*[normalize-space(text()) and normalize-space(.)='CS420'])[4]/following::textarea[1]'. Please recheck the objects properties to make sure the desired element is located. 

2019-12-28 22:45:06 - [MESSAGE][INFO] - [SMART_XPATH] Auto-trying out other XPath values in the test object.

2019-12-28 22:45:07 - [MESSAGE][INFO] - [SMART_XPATH] FAILED XPATH: '(.//*[normalize-space(text()) and normalize-space(.)='CS420'])[4]/following::textarea[1]'.

2019-12-28 22:45:07 - [MESSAGE][INFO] - [SMART_XPATH] WORKING XPATH: '(.//*[normalize-space(text()) and normalize-space(.)='Edit Purpose for'])[1]/following::textarea[1]'.

2019-12-28 22:45:08 - [MESSAGE][INFO] - [SMART_XPATH] Screenshot: /Users/nguyentri/Desktop/Learn/SoftwareEngineer/mattermost-duo-test/Reports/smart_xpath/Object Repository/3_Edit_Channel/Edit_Channel_Purpose/Page_CS420 - Bumblebee Mattermost/textarea_A channel to work on AI home_neighbor_11.png

2019-12-28 22:45:08 - [MESSAGE][INFO] - [SMART_XPATH] WORKING XPATH: '(.//*[normalize-space(text()) and normalize-space(.)='Cancel'])[1]/preceding::textarea[1]'.

2019-12-28 22:45:08 - [MESSAGE][INFO] - [SMART_XPATH] Screenshot: /Users/nguyentri/Desktop/Learn/SoftwareEngineer/mattermost-duo-test/Reports/smart_xpath/Object Repository/3_Edit_Channel/Edit_Channel_Purpose/Page_CS420 - Bumblebee Mattermost/textarea_A channel to work on AI home_neighbor_12.png

2019-12-28 22:45:09 - [MESSAGE][INFO] - [SMART_XPATH] WORKING XPATH: '(.//*[normalize-space(text()) and normalize-space(.)='Save'])[1]/preceding::textarea[1]'.

2019-12-28 22:45:09 - [MESSAGE][INFO] - [SMART_XPATH] Screenshot: /Users/nguyentri/Desktop/Learn/SoftwareEngineer/mattermost-duo-test/Reports/smart_xpath/Object Repository/3_Edit_Channel/Edit_Channel_Purpose/Page_CS420 - Bumblebee Mattermost/textarea_A channel to work on AI home_neighbor_13.png

2019-12-28 22:45:10 - [MESSAGE][INFO] - [SMART_XPATH] FAILED XPATH: '//*/text()[normalize-space(.)='A channel to work on AI home.']/parent::*'.

2019-12-28 22:45:10 - [MESSAGE][INFO] - [SMART_XPATH] WORKING XPATH: '//div[2]/div/div/div[2]/textarea'.

2019-12-28 22:45:10 - [MESSAGE][INFO] - [SMART_XPATH] Screenshot: /Users/nguyentri/Desktop/Learn/SoftwareEngineer/mattermost-duo-test/Reports/smart_xpath/Object Repository/3_Edit_Channel/Edit_Channel_Purpose/Page_CS420 - Bumblebee Mattermost/textarea_A channel to work on AI home_position.png

2019-12-28 22:45:10 - [MESSAGE][ERROR] - [SMART_XPATH] /Users/nguyentri/Desktop/Learn/SoftwareEngineer/mattermost-duo-test/Reports/smart_xpath/waiting-for-approval.json (No such file or directory)

2019-12-28 22:45:10 - [MESSAGE][ERROR] - [SMART_XPATH] /Users/nguyentri/Desktop/Learn/SoftwareEngineer/mattermost-duo-test/Reports/smart_xpath/waiting-for-approval.json does not exist or is provided by Smart XPath Plugin!

2019-12-28 22:45:10 - [MESSAGE][INFO] - [SMART_XPATH] Selected Smart XPath: '(.//*[normalize-space(text()) and normalize-space(.)='Edit Purpose for'])[1]/following::textarea[1]'.

2019-12-28 22:45:10 - [MESSAGE][INFO] - [SMART_XPATH] Continuing executing the test case!

2019-12-28 22:45:11 - [MESSAGE][PASSED] - Text 'A channel to work on AI home.' is set on object 'Object Repository/3_Edit_Channel/Edit_Channel_Purpose/Page_CS420 - Bumblebee Mattermost/textarea_A channel to work on AI home'

2019-12-28 22:45:11 - [TEST_STEP][PASSED] - setText(findTestObject("Object Repository/3_Edit_Channel/Edit_Channel_Purpose/Page_CS420 - Bumblebee Mattermost/textarea_A channel to work on AI hom"), "A channel to work on AI hom."): Text 'A channel to work on AI hom.' is set on object 'Object Repository/3_Edit_Channel/Edit_Channel_Purpose/Page_CS420 - Bumblebee Mattermost/textarea_A channel to work on AI hom'

2019-12-28 22:45:56 - [MESSAGE][INFO] - Unable to find the element located by 'By.xpath: (.//*[normalize-space(text()) and normalize-space(.)='CS420'])[4]/following::textarea[1]'. Please recheck the objects properties to make sure the desired element is located. 

2019-12-28 22:45:56 - [MESSAGE][INFO] - [SMART_XPATH] Auto-trying out other XPath values in the test object.

2019-12-28 22:45:56 - [MESSAGE][INFO] - [SMART_XPATH] FAILED XPATH: '(.//*[normalize-space(text()) and normalize-space(.)='CS420'])[4]/following::textarea[1]'.

2019-12-28 22:45:56 - [MESSAGE][INFO] - [SMART_XPATH] WORKING XPATH: '(.//*[normalize-space(text()) and normalize-space(.)='Edit Purpose for'])[1]/following::textarea[1]'.

2019-12-28 22:45:57 - [MESSAGE][INFO] - [SMART_XPATH] Screenshot: /Users/nguyentri/Desktop/Learn/SoftwareEngineer/mattermost-duo-test/Reports/smart_xpath/Object Repository/3_Edit_Channel/Edit_Channel_Purpose/Page_CS420 - Bumblebee Mattermost/textarea_A channel to work on AI hom_neighbor_12.png

2019-12-28 22:45:57 - [MESSAGE][INFO] - [SMART_XPATH] WORKING XPATH: '(.//*[normalize-space(text()) and normalize-space(.)='Cancel'])[1]/preceding::textarea[1]'.

2019-12-28 22:45:57 - [MESSAGE][INFO] - [SMART_XPATH] Screenshot: /Users/nguyentri/Desktop/Learn/SoftwareEngineer/mattermost-duo-test/Reports/smart_xpath/Object Repository/3_Edit_Channel/Edit_Channel_Purpose/Page_CS420 - Bumblebee Mattermost/textarea_A channel to work on AI hom_neighbor_13.png

2019-12-28 22:45:58 - [MESSAGE][INFO] - [SMART_XPATH] WORKING XPATH: '(.//*[normalize-space(text()) and normalize-space(.)='Save'])[1]/preceding::textarea[1]'.

2019-12-28 22:45:58 - [MESSAGE][INFO] - [SMART_XPATH] Screenshot: /Users/nguyentri/Desktop/Learn/SoftwareEngineer/mattermost-duo-test/Reports/smart_xpath/Object Repository/3_Edit_Channel/Edit_Channel_Purpose/Page_CS420 - Bumblebee Mattermost/textarea_A channel to work on AI hom_neighbor_14.png

2019-12-28 22:45:58 - [MESSAGE][INFO] - [SMART_XPATH] FAILED XPATH: '//*/text()[normalize-space(.)='A channel to work on AI hom.']/parent::*'.

2019-12-28 22:45:58 - [MESSAGE][INFO] - [SMART_XPATH] WORKING XPATH: '//div[2]/div/div/div[2]/textarea'.

2019-12-28 22:45:59 - [MESSAGE][INFO] - [SMART_XPATH] Screenshot: /Users/nguyentri/Desktop/Learn/SoftwareEngineer/mattermost-duo-test/Reports/smart_xpath/Object Repository/3_Edit_Channel/Edit_Channel_Purpose/Page_CS420 - Bumblebee Mattermost/textarea_A channel to work on AI hom_position.png

2019-12-28 22:45:59 - [MESSAGE][ERROR] - [SMART_XPATH] /Users/nguyentri/Desktop/Learn/SoftwareEngineer/mattermost-duo-test/Reports/smart_xpath/waiting-for-approval.json (No such file or directory)

2019-12-28 22:45:59 - [MESSAGE][ERROR] - [SMART_XPATH] /Users/nguyentri/Desktop/Learn/SoftwareEngineer/mattermost-duo-test/Reports/smart_xpath/waiting-for-approval.json does not exist or is provided by Smart XPath Plugin!

2019-12-28 22:45:59 - [MESSAGE][INFO] - [SMART_XPATH] Selected Smart XPath: '(.//*[normalize-space(text()) and normalize-space(.)='Edit Purpose for'])[1]/following::textarea[1]'.

2019-12-28 22:45:59 - [MESSAGE][INFO] - [SMART_XPATH] Continuing executing the test case!

2019-12-28 22:45:59 - [MESSAGE][PASSED] - Text 'A channel to work on AI hom.' is set on object 'Object Repository/3_Edit_Channel/Edit_Channel_Purpose/Page_CS420 - Bumblebee Mattermost/textarea_A channel to work on AI hom'

2019-12-28 22:45:59 - [TEST_STEP][PASSED] - setText(findTestObject("Object Repository/3_Edit_Channel/Edit_Channel_Purpose/Page_CS420 - Bumblebee Mattermost/textarea_A channel to work on AI ho"), "A channel to work on AI ho."): Text 'A channel to work on AI ho.' is set on object 'Object Repository/3_Edit_Channel/Edit_Channel_Purpose/Page_CS420 - Bumblebee Mattermost/textarea_A channel to work on AI ho'

2019-12-28 22:46:43 - [MESSAGE][INFO] - Unable to find the element located by 'By.xpath: (.//*[normalize-space(text()) and normalize-space(.)='CS420'])[4]/following::textarea[1]'. Please recheck the objects properties to make sure the desired element is located. 

2019-12-28 22:46:43 - [MESSAGE][INFO] - [SMART_XPATH] Auto-trying out other XPath values in the test object.

2019-12-28 22:46:44 - [MESSAGE][INFO] - [SMART_XPATH] FAILED XPATH: '(.//*[normalize-space(text()) and normalize-space(.)='CS420'])[4]/following::textarea[1]'.

2019-12-28 22:46:44 - [MESSAGE][INFO] - [SMART_XPATH] WORKING XPATH: '(.//*[normalize-space(text()) and normalize-space(.)='Edit Purpose for'])[1]/following::textarea[1]'.

2019-12-28 22:46:44 - [MESSAGE][INFO] - [SMART_XPATH] Screenshot: /Users/nguyentri/Desktop/Learn/SoftwareEngineer/mattermost-duo-test/Reports/smart_xpath/Object Repository/3_Edit_Channel/Edit_Channel_Purpose/Page_CS420 - Bumblebee Mattermost/textarea_A channel to work on AI ho_neighbor_13.png

2019-12-28 22:46:44 - [MESSAGE][INFO] - [SMART_XPATH] WORKING XPATH: '(.//*[normalize-space(text()) and normalize-space(.)='Cancel'])[1]/preceding::textarea[1]'.

2019-12-28 22:46:45 - [MESSAGE][INFO] - [SMART_XPATH] Screenshot: /Users/nguyentri/Desktop/Learn/SoftwareEngineer/mattermost-duo-test/Reports/smart_xpath/Object Repository/3_Edit_Channel/Edit_Channel_Purpose/Page_CS420 - Bumblebee Mattermost/textarea_A channel to work on AI ho_neighbor_14.png

2019-12-28 22:46:45 - [MESSAGE][INFO] - [SMART_XPATH] WORKING XPATH: '(.//*[normalize-space(text()) and normalize-space(.)='Save'])[1]/preceding::textarea[1]'.

2019-12-28 22:46:45 - [MESSAGE][INFO] - [SMART_XPATH] Screenshot: /Users/nguyentri/Desktop/Learn/SoftwareEngineer/mattermost-duo-test/Reports/smart_xpath/Object Repository/3_Edit_Channel/Edit_Channel_Purpose/Page_CS420 - Bumblebee Mattermost/textarea_A channel to work on AI ho_neighbor_15.png

2019-12-28 22:46:45 - [MESSAGE][INFO] - [SMART_XPATH] FAILED XPATH: '//*/text()[normalize-space(.)='A channel to work on AI ho.']/parent::*'.

2019-12-28 22:46:46 - [MESSAGE][INFO] - [SMART_XPATH] WORKING XPATH: '//div[2]/div/div/div[2]/textarea'.

2019-12-28 22:46:46 - [MESSAGE][INFO] - [SMART_XPATH] Screenshot: /Users/nguyentri/Desktop/Learn/SoftwareEngineer/mattermost-duo-test/Reports/smart_xpath/Object Repository/3_Edit_Channel/Edit_Channel_Purpose/Page_CS420 - Bumblebee Mattermost/textarea_A channel to work on AI ho_position.png

2019-12-28 22:46:46 - [MESSAGE][ERROR] - [SMART_XPATH] /Users/nguyentri/Desktop/Learn/SoftwareEngineer/mattermost-duo-test/Reports/smart_xpath/waiting-for-approval.json (No such file or directory)

2019-12-28 22:46:46 - [MESSAGE][ERROR] - [SMART_XPATH] /Users/nguyentri/Desktop/Learn/SoftwareEngineer/mattermost-duo-test/Reports/smart_xpath/waiting-for-approval.json does not exist or is provided by Smart XPath Plugin!

2019-12-28 22:46:46 - [MESSAGE][INFO] - [SMART_XPATH] Selected Smart XPath: '(.//*[normalize-space(text()) and normalize-space(.)='Edit Purpose for'])[1]/following::textarea[1]'.

2019-12-28 22:46:46 - [MESSAGE][INFO] - [SMART_XPATH] Continuing executing the test case!

2019-12-28 22:46:46 - [MESSAGE][PASSED] - Text 'A channel to work on AI ho.' is set on object 'Object Repository/3_Edit_Channel/Edit_Channel_Purpose/Page_CS420 - Bumblebee Mattermost/textarea_A channel to work on AI ho'

2019-12-28 22:46:46 - [TEST_STEP][PASSED] - setText(findTestObject("Object Repository/3_Edit_Channel/Edit_Channel_Purpose/Page_CS420 - Bumblebee Mattermost/textarea_A channel to work on AI h"), "A channel to work on AI h."): Text 'A channel to work on AI h.' is set on object 'Object Repository/3_Edit_Channel/Edit_Channel_Purpose/Page_CS420 - Bumblebee Mattermost/textarea_A channel to work on AI h'

2019-12-28 22:47:30 - [MESSAGE][INFO] - Unable to find the element located by 'By.xpath: (.//*[normalize-space(text()) and normalize-space(.)='CS420'])[4]/following::textarea[1]'. Please recheck the objects properties to make sure the desired element is located. 

2019-12-28 22:47:30 - [MESSAGE][INFO] - [SMART_XPATH] Auto-trying out other XPath values in the test object.

2019-12-28 22:47:31 - [MESSAGE][INFO] - [SMART_XPATH] FAILED XPATH: '(.//*[normalize-space(text()) and normalize-space(.)='CS420'])[4]/following::textarea[1]'.

2019-12-28 22:47:31 - [MESSAGE][INFO] - [SMART_XPATH] WORKING XPATH: '(.//*[normalize-space(text()) and normalize-space(.)='Edit Purpose for'])[1]/following::textarea[1]'.

2019-12-28 22:47:31 - [MESSAGE][INFO] - [SMART_XPATH] Screenshot: /Users/nguyentri/Desktop/Learn/SoftwareEngineer/mattermost-duo-test/Reports/smart_xpath/Object Repository/3_Edit_Channel/Edit_Channel_Purpose/Page_CS420 - Bumblebee Mattermost/textarea_A channel to work on AI h_neighbor_14.png

2019-12-28 22:47:31 - [MESSAGE][INFO] - [SMART_XPATH] WORKING XPATH: '(.//*[normalize-space(text()) and normalize-space(.)='Cancel'])[1]/preceding::textarea[1]'.

2019-12-28 22:47:32 - [MESSAGE][INFO] - [SMART_XPATH] Screenshot: /Users/nguyentri/Desktop/Learn/SoftwareEngineer/mattermost-duo-test/Reports/smart_xpath/Object Repository/3_Edit_Channel/Edit_Channel_Purpose/Page_CS420 - Bumblebee Mattermost/textarea_A channel to work on AI h_neighbor_15.png

2019-12-28 22:47:32 - [MESSAGE][INFO] - [SMART_XPATH] WORKING XPATH: '(.//*[normalize-space(text()) and normalize-space(.)='Save'])[1]/preceding::textarea[1]'.

2019-12-28 22:47:32 - [MESSAGE][INFO] - [SMART_XPATH] Screenshot: /Users/nguyentri/Desktop/Learn/SoftwareEngineer/mattermost-duo-test/Reports/smart_xpath/Object Repository/3_Edit_Channel/Edit_Channel_Purpose/Page_CS420 - Bumblebee Mattermost/textarea_A channel to work on AI h_neighbor_16.png

2019-12-28 22:47:32 - [MESSAGE][INFO] - [SMART_XPATH] FAILED XPATH: '//*/text()[normalize-space(.)='A channel to work on AI h.']/parent::*'.

2019-12-28 22:47:32 - [MESSAGE][INFO] - [SMART_XPATH] WORKING XPATH: '//div[2]/div/div/div[2]/textarea'.

2019-12-28 22:47:33 - [MESSAGE][INFO] - [SMART_XPATH] Screenshot: /Users/nguyentri/Desktop/Learn/SoftwareEngineer/mattermost-duo-test/Reports/smart_xpath/Object Repository/3_Edit_Channel/Edit_Channel_Purpose/Page_CS420 - Bumblebee Mattermost/textarea_A channel to work on AI h_position.png

2019-12-28 22:47:33 - [MESSAGE][ERROR] - [SMART_XPATH] /Users/nguyentri/Desktop/Learn/SoftwareEngineer/mattermost-duo-test/Reports/smart_xpath/waiting-for-approval.json (No such file or directory)

2019-12-28 22:47:33 - [MESSAGE][ERROR] - [SMART_XPATH] /Users/nguyentri/Desktop/Learn/SoftwareEngineer/mattermost-duo-test/Reports/smart_xpath/waiting-for-approval.json does not exist or is provided by Smart XPath Plugin!

2019-12-28 22:47:33 - [MESSAGE][INFO] - [SMART_XPATH] Selected Smart XPath: '(.//*[normalize-space(text()) and normalize-space(.)='Edit Purpose for'])[1]/following::textarea[1]'.

2019-12-28 22:47:33 - [MESSAGE][INFO] - [SMART_XPATH] Continuing executing the test case!

2019-12-28 22:47:33 - [MESSAGE][PASSED] - Text 'A channel to work on AI h.' is set on object 'Object Repository/3_Edit_Channel/Edit_Channel_Purpose/Page_CS420 - Bumblebee Mattermost/textarea_A channel to work on AI h'

2019-12-28 22:47:33 - [TEST_STEP][PASSED] - setText(findTestObject("Object Repository/3_Edit_Channel/Edit_Channel_Purpose/Page_CS420 - Bumblebee Mattermost/textarea_A channel to work on AI"), "A channel to work on AI ."): Text 'A channel to work on AI .' is set on object 'Object Repository/3_Edit_Channel/Edit_Channel_Purpose/Page_CS420 - Bumblebee Mattermost/textarea_A channel to work on AI'

2019-12-28 22:48:17 - [MESSAGE][INFO] - Unable to find the element located by 'By.xpath: (.//*[normalize-space(text()) and normalize-space(.)='CS420'])[4]/following::textarea[1]'. Please recheck the objects properties to make sure the desired element is located. 

2019-12-28 22:48:17 - [MESSAGE][INFO] - [SMART_XPATH] Auto-trying out other XPath values in the test object.

2019-12-28 22:48:17 - [MESSAGE][INFO] - [SMART_XPATH] FAILED XPATH: '(.//*[normalize-space(text()) and normalize-space(.)='CS420'])[4]/following::textarea[1]'.

2019-12-28 22:48:17 - [MESSAGE][INFO] - [SMART_XPATH] WORKING XPATH: '(.//*[normalize-space(text()) and normalize-space(.)='Edit Purpose for'])[1]/following::textarea[1]'.

2019-12-28 22:48:17 - [MESSAGE][INFO] - [SMART_XPATH] Screenshot: /Users/nguyentri/Desktop/Learn/SoftwareEngineer/mattermost-duo-test/Reports/smart_xpath/Object Repository/3_Edit_Channel/Edit_Channel_Purpose/Page_CS420 - Bumblebee Mattermost/textarea_A channel to work on AI_neighbor_15.png

2019-12-28 22:48:18 - [MESSAGE][INFO] - [SMART_XPATH] WORKING XPATH: '(.//*[normalize-space(text()) and normalize-space(.)='Cancel'])[1]/preceding::textarea[1]'.

2019-12-28 22:48:18 - [MESSAGE][INFO] - [SMART_XPATH] Screenshot: /Users/nguyentri/Desktop/Learn/SoftwareEngineer/mattermost-duo-test/Reports/smart_xpath/Object Repository/3_Edit_Channel/Edit_Channel_Purpose/Page_CS420 - Bumblebee Mattermost/textarea_A channel to work on AI_neighbor_16.png

2019-12-28 22:48:18 - [MESSAGE][INFO] - [SMART_XPATH] WORKING XPATH: '(.//*[normalize-space(text()) and normalize-space(.)='Save'])[1]/preceding::textarea[1]'.

2019-12-28 22:48:18 - [MESSAGE][INFO] - [SMART_XPATH] Screenshot: /Users/nguyentri/Desktop/Learn/SoftwareEngineer/mattermost-duo-test/Reports/smart_xpath/Object Repository/3_Edit_Channel/Edit_Channel_Purpose/Page_CS420 - Bumblebee Mattermost/textarea_A channel to work on AI_neighbor_17.png

2019-12-28 22:48:18 - [MESSAGE][INFO] - [SMART_XPATH] FAILED XPATH: '//*/text()[normalize-space(.)='A channel to work on AI .']/parent::*'.

2019-12-28 22:48:19 - [MESSAGE][INFO] - [SMART_XPATH] WORKING XPATH: '//div[2]/div/div/div[2]/textarea'.

2019-12-28 22:48:19 - [MESSAGE][INFO] - [SMART_XPATH] Screenshot: /Users/nguyentri/Desktop/Learn/SoftwareEngineer/mattermost-duo-test/Reports/smart_xpath/Object Repository/3_Edit_Channel/Edit_Channel_Purpose/Page_CS420 - Bumblebee Mattermost/textarea_A channel to work on AI_position.png

2019-12-28 22:48:19 - [MESSAGE][ERROR] - [SMART_XPATH] /Users/nguyentri/Desktop/Learn/SoftwareEngineer/mattermost-duo-test/Reports/smart_xpath/waiting-for-approval.json (No such file or directory)

2019-12-28 22:48:19 - [MESSAGE][ERROR] - [SMART_XPATH] /Users/nguyentri/Desktop/Learn/SoftwareEngineer/mattermost-duo-test/Reports/smart_xpath/waiting-for-approval.json does not exist or is provided by Smart XPath Plugin!

2019-12-28 22:48:19 - [MESSAGE][INFO] - [SMART_XPATH] Selected Smart XPath: '(.//*[normalize-space(text()) and normalize-space(.)='Edit Purpose for'])[1]/following::textarea[1]'.

2019-12-28 22:48:19 - [MESSAGE][INFO] - [SMART_XPATH] Continuing executing the test case!

2019-12-28 22:48:19 - [MESSAGE][PASSED] - Text 'A channel to work on AI .' is set on object 'Object Repository/3_Edit_Channel/Edit_Channel_Purpose/Page_CS420 - Bumblebee Mattermost/textarea_A channel to work on AI'

2019-12-28 22:48:19 - [TEST_STEP][PASSED] - setText(findTestObject("Object Repository/3_Edit_Channel/Edit_Channel_Purpose/Page_CS420 - Bumblebee Mattermost/textarea_A channel to work on AI b"), "A channel to work on AI b."): Text 'A channel to work on AI b.' is set on object 'Object Repository/3_Edit_Channel/Edit_Channel_Purpose/Page_CS420 - Bumblebee Mattermost/textarea_A channel to work on AI b'

2019-12-28 22:49:03 - [MESSAGE][INFO] - Unable to find the element located by 'By.xpath: (.//*[normalize-space(text()) and normalize-space(.)='CS420'])[4]/following::textarea[1]'. Please recheck the objects properties to make sure the desired element is located. 

2019-12-28 22:49:03 - [MESSAGE][INFO] - [SMART_XPATH] Auto-trying out other XPath values in the test object.

2019-12-28 22:49:03 - [MESSAGE][INFO] - [SMART_XPATH] FAILED XPATH: '(.//*[normalize-space(text()) and normalize-space(.)='CS420'])[4]/following::textarea[1]'.

2019-12-28 22:49:03 - [MESSAGE][INFO] - [SMART_XPATH] WORKING XPATH: '(.//*[normalize-space(text()) and normalize-space(.)='Edit Purpose for'])[1]/following::textarea[1]'.

2019-12-28 22:49:04 - [MESSAGE][INFO] - [SMART_XPATH] Screenshot: /Users/nguyentri/Desktop/Learn/SoftwareEngineer/mattermost-duo-test/Reports/smart_xpath/Object Repository/3_Edit_Channel/Edit_Channel_Purpose/Page_CS420 - Bumblebee Mattermost/textarea_A channel to work on AI b_neighbor_16.png

2019-12-28 22:49:04 - [MESSAGE][INFO] - [SMART_XPATH] WORKING XPATH: '(.//*[normalize-space(text()) and normalize-space(.)='Cancel'])[1]/preceding::textarea[1]'.

2019-12-28 22:49:04 - [MESSAGE][INFO] - [SMART_XPATH] Screenshot: /Users/nguyentri/Desktop/Learn/SoftwareEngineer/mattermost-duo-test/Reports/smart_xpath/Object Repository/3_Edit_Channel/Edit_Channel_Purpose/Page_CS420 - Bumblebee Mattermost/textarea_A channel to work on AI b_neighbor_17.png

2019-12-28 22:49:04 - [MESSAGE][INFO] - [SMART_XPATH] WORKING XPATH: '(.//*[normalize-space(text()) and normalize-space(.)='Save'])[1]/preceding::textarea[1]'.

2019-12-28 22:49:05 - [MESSAGE][INFO] - [SMART_XPATH] Screenshot: /Users/nguyentri/Desktop/Learn/SoftwareEngineer/mattermost-duo-test/Reports/smart_xpath/Object Repository/3_Edit_Channel/Edit_Channel_Purpose/Page_CS420 - Bumblebee Mattermost/textarea_A channel to work on AI b_neighbor_18.png

2019-12-28 22:49:05 - [MESSAGE][INFO] - [SMART_XPATH] FAILED XPATH: '//*/text()[normalize-space(.)='A channel to work on AI b.']/parent::*'.

2019-12-28 22:49:05 - [MESSAGE][INFO] - [SMART_XPATH] WORKING XPATH: '//div[2]/div/div/div[2]/textarea'.

2019-12-28 22:49:05 - [MESSAGE][INFO] - [SMART_XPATH] Screenshot: /Users/nguyentri/Desktop/Learn/SoftwareEngineer/mattermost-duo-test/Reports/smart_xpath/Object Repository/3_Edit_Channel/Edit_Channel_Purpose/Page_CS420 - Bumblebee Mattermost/textarea_A channel to work on AI b_position.png

2019-12-28 22:49:05 - [MESSAGE][ERROR] - [SMART_XPATH] /Users/nguyentri/Desktop/Learn/SoftwareEngineer/mattermost-duo-test/Reports/smart_xpath/waiting-for-approval.json (No such file or directory)

2019-12-28 22:49:05 - [MESSAGE][ERROR] - [SMART_XPATH] /Users/nguyentri/Desktop/Learn/SoftwareEngineer/mattermost-duo-test/Reports/smart_xpath/waiting-for-approval.json does not exist or is provided by Smart XPath Plugin!

2019-12-28 22:49:05 - [MESSAGE][INFO] - [SMART_XPATH] Selected Smart XPath: '(.//*[normalize-space(text()) and normalize-space(.)='Edit Purpose for'])[1]/following::textarea[1]'.

2019-12-28 22:49:05 - [MESSAGE][INFO] - [SMART_XPATH] Continuing executing the test case!

2019-12-28 22:49:06 - [MESSAGE][PASSED] - Text 'A channel to work on AI b.' is set on object 'Object Repository/3_Edit_Channel/Edit_Channel_Purpose/Page_CS420 - Bumblebee Mattermost/textarea_A channel to work on AI b'

2019-12-28 22:49:06 - [TEST_STEP][PASSED] - setText(findTestObject("Object Repository/3_Edit_Channel/Edit_Channel_Purpose/Page_CS420 - Bumblebee Mattermost/textarea_A channel to work on AI bi"), "A channel to work on AI bi."): Text 'A channel to work on AI bi.' is set on object 'Object Repository/3_Edit_Channel/Edit_Channel_Purpose/Page_CS420 - Bumblebee Mattermost/textarea_A channel to work on AI bi'

2019-12-28 22:49:50 - [MESSAGE][INFO] - Unable to find the element located by 'By.xpath: (.//*[normalize-space(text()) and normalize-space(.)='CS420'])[4]/following::textarea[1]'. Please recheck the objects properties to make sure the desired element is located. 

2019-12-28 22:49:50 - [MESSAGE][INFO] - [SMART_XPATH] Auto-trying out other XPath values in the test object.

2019-12-28 22:49:50 - [MESSAGE][INFO] - [SMART_XPATH] FAILED XPATH: '(.//*[normalize-space(text()) and normalize-space(.)='CS420'])[4]/following::textarea[1]'.

2019-12-28 22:49:50 - [MESSAGE][INFO] - [SMART_XPATH] WORKING XPATH: '(.//*[normalize-space(text()) and normalize-space(.)='Edit Purpose for'])[1]/following::textarea[1]'.

2019-12-28 22:49:50 - [MESSAGE][INFO] - [SMART_XPATH] Screenshot: /Users/nguyentri/Desktop/Learn/SoftwareEngineer/mattermost-duo-test/Reports/smart_xpath/Object Repository/3_Edit_Channel/Edit_Channel_Purpose/Page_CS420 - Bumblebee Mattermost/textarea_A channel to work on AI bi_neighbor_17.png

2019-12-28 22:49:50 - [MESSAGE][INFO] - [SMART_XPATH] WORKING XPATH: '(.//*[normalize-space(text()) and normalize-space(.)='Cancel'])[1]/preceding::textarea[1]'.

2019-12-28 22:49:51 - [MESSAGE][INFO] - [SMART_XPATH] Screenshot: /Users/nguyentri/Desktop/Learn/SoftwareEngineer/mattermost-duo-test/Reports/smart_xpath/Object Repository/3_Edit_Channel/Edit_Channel_Purpose/Page_CS420 - Bumblebee Mattermost/textarea_A channel to work on AI bi_neighbor_18.png

2019-12-28 22:49:51 - [MESSAGE][INFO] - [SMART_XPATH] WORKING XPATH: '(.//*[normalize-space(text()) and normalize-space(.)='Save'])[1]/preceding::textarea[1]'.

2019-12-28 22:49:51 - [MESSAGE][INFO] - [SMART_XPATH] Screenshot: /Users/nguyentri/Desktop/Learn/SoftwareEngineer/mattermost-duo-test/Reports/smart_xpath/Object Repository/3_Edit_Channel/Edit_Channel_Purpose/Page_CS420 - Bumblebee Mattermost/textarea_A channel to work on AI bi_neighbor_19.png

2019-12-28 22:49:51 - [MESSAGE][INFO] - [SMART_XPATH] FAILED XPATH: '//*/text()[normalize-space(.)='A channel to work on AI bi.']/parent::*'.

2019-12-28 22:49:52 - [MESSAGE][INFO] - [SMART_XPATH] WORKING XPATH: '//div[2]/div/div/div[2]/textarea'.

2019-12-28 22:49:52 - [MESSAGE][INFO] - [SMART_XPATH] Screenshot: /Users/nguyentri/Desktop/Learn/SoftwareEngineer/mattermost-duo-test/Reports/smart_xpath/Object Repository/3_Edit_Channel/Edit_Channel_Purpose/Page_CS420 - Bumblebee Mattermost/textarea_A channel to work on AI bi_position.png

2019-12-28 22:49:52 - [MESSAGE][ERROR] - [SMART_XPATH] /Users/nguyentri/Desktop/Learn/SoftwareEngineer/mattermost-duo-test/Reports/smart_xpath/waiting-for-approval.json (No such file or directory)

2019-12-28 22:49:52 - [MESSAGE][ERROR] - [SMART_XPATH] /Users/nguyentri/Desktop/Learn/SoftwareEngineer/mattermost-duo-test/Reports/smart_xpath/waiting-for-approval.json does not exist or is provided by Smart XPath Plugin!

2019-12-28 22:49:52 - [MESSAGE][INFO] - [SMART_XPATH] Selected Smart XPath: '(.//*[normalize-space(text()) and normalize-space(.)='Edit Purpose for'])[1]/following::textarea[1]'.

2019-12-28 22:49:52 - [MESSAGE][INFO] - [SMART_XPATH] Continuing executing the test case!

2019-12-28 22:49:52 - [MESSAGE][PASSED] - Text 'A channel to work on AI bi.' is set on object 'Object Repository/3_Edit_Channel/Edit_Channel_Purpose/Page_CS420 - Bumblebee Mattermost/textarea_A channel to work on AI bi'

2019-12-28 22:49:52 - [TEST_STEP][PASSED] - setText(findTestObject("Object Repository/3_Edit_Channel/Edit_Channel_Purpose/Page_CS420 - Bumblebee Mattermost/textarea_A channel to work on AI big"), "A channel to work on AI big."): Text 'A channel to work on AI big.' is set on object 'Object Repository/3_Edit_Channel/Edit_Channel_Purpose/Page_CS420 - Bumblebee Mattermost/textarea_A channel to work on AI big'

2019-12-28 22:50:36 - [MESSAGE][INFO] - Unable to find the element located by 'By.xpath: (.//*[normalize-space(text()) and normalize-space(.)='CS420'])[4]/following::textarea[1]'. Please recheck the objects properties to make sure the desired element is located. 

2019-12-28 22:50:36 - [MESSAGE][INFO] - [SMART_XPATH] Auto-trying out other XPath values in the test object.

2019-12-28 22:50:37 - [MESSAGE][INFO] - [SMART_XPATH] FAILED XPATH: '(.//*[normalize-space(text()) and normalize-space(.)='CS420'])[4]/following::textarea[1]'.

2019-12-28 22:50:37 - [MESSAGE][INFO] - [SMART_XPATH] WORKING XPATH: '(.//*[normalize-space(text()) and normalize-space(.)='Edit Purpose for'])[1]/following::textarea[1]'.

2019-12-28 22:50:37 - [MESSAGE][INFO] - [SMART_XPATH] Screenshot: /Users/nguyentri/Desktop/Learn/SoftwareEngineer/mattermost-duo-test/Reports/smart_xpath/Object Repository/3_Edit_Channel/Edit_Channel_Purpose/Page_CS420 - Bumblebee Mattermost/textarea_A channel to work on AI big_neighbor_18.png

2019-12-28 22:50:37 - [MESSAGE][INFO] - [SMART_XPATH] WORKING XPATH: '(.//*[normalize-space(text()) and normalize-space(.)='Cancel'])[1]/preceding::textarea[1]'.

2019-12-28 22:50:38 - [MESSAGE][INFO] - [SMART_XPATH] Screenshot: /Users/nguyentri/Desktop/Learn/SoftwareEngineer/mattermost-duo-test/Reports/smart_xpath/Object Repository/3_Edit_Channel/Edit_Channel_Purpose/Page_CS420 - Bumblebee Mattermost/textarea_A channel to work on AI big_neighbor_19.png

2019-12-28 22:50:38 - [MESSAGE][INFO] - [SMART_XPATH] WORKING XPATH: '(.//*[normalize-space(text()) and normalize-space(.)='Save'])[1]/preceding::textarea[1]'.

2019-12-28 22:50:39 - [MESSAGE][INFO] - [SMART_XPATH] Screenshot: /Users/nguyentri/Desktop/Learn/SoftwareEngineer/mattermost-duo-test/Reports/smart_xpath/Object Repository/3_Edit_Channel/Edit_Channel_Purpose/Page_CS420 - Bumblebee Mattermost/textarea_A channel to work on AI big_neighbor_20.png

2019-12-28 22:50:39 - [MESSAGE][INFO] - [SMART_XPATH] FAILED XPATH: '//*/text()[normalize-space(.)='A channel to work on AI big.']/parent::*'.

2019-12-28 22:50:40 - [MESSAGE][INFO] - [SMART_XPATH] WORKING XPATH: '//div[2]/div/div/div[2]/textarea'.

2019-12-28 22:50:40 - [MESSAGE][INFO] - [SMART_XPATH] Screenshot: /Users/nguyentri/Desktop/Learn/SoftwareEngineer/mattermost-duo-test/Reports/smart_xpath/Object Repository/3_Edit_Channel/Edit_Channel_Purpose/Page_CS420 - Bumblebee Mattermost/textarea_A channel to work on AI big_position.png

2019-12-28 22:50:40 - [MESSAGE][ERROR] - [SMART_XPATH] /Users/nguyentri/Desktop/Learn/SoftwareEngineer/mattermost-duo-test/Reports/smart_xpath/waiting-for-approval.json (No such file or directory)

2019-12-28 22:50:40 - [MESSAGE][ERROR] - [SMART_XPATH] /Users/nguyentri/Desktop/Learn/SoftwareEngineer/mattermost-duo-test/Reports/smart_xpath/waiting-for-approval.json does not exist or is provided by Smart XPath Plugin!

2019-12-28 22:50:40 - [MESSAGE][INFO] - [SMART_XPATH] Selected Smart XPath: '(.//*[normalize-space(text()) and normalize-space(.)='Edit Purpose for'])[1]/following::textarea[1]'.

2019-12-28 22:50:40 - [MESSAGE][INFO] - [SMART_XPATH] Continuing executing the test case!

2019-12-28 22:50:41 - [MESSAGE][PASSED] - Text 'A channel to work on AI big.' is set on object 'Object Repository/3_Edit_Channel/Edit_Channel_Purpose/Page_CS420 - Bumblebee Mattermost/textarea_A channel to work on AI big'

2019-12-28 22:50:41 - [TEST_STEP][PASSED] - setText(findTestObject("Object Repository/3_Edit_Channel/Edit_Channel_Purpose/Page_CS420 - Bumblebee Mattermost/textarea_A channel to work on AI big (1)"), "A channel to work on AI big ."): Text 'A channel to work on AI big .' is set on object 'Object Repository/3_Edit_Channel/Edit_Channel_Purpose/Page_CS420 - Bumblebee Mattermost/textarea_A channel to work on AI big (1)'

2019-12-28 22:51:27 - [MESSAGE][INFO] - Unable to find the element located by 'By.xpath: (.//*[normalize-space(text()) and normalize-space(.)='CS420'])[4]/following::textarea[1]'. Please recheck the objects properties to make sure the desired element is located. 

2019-12-28 22:51:27 - [MESSAGE][INFO] - [SMART_XPATH] Auto-trying out other XPath values in the test object.

2019-12-28 22:51:27 - [MESSAGE][INFO] - [SMART_XPATH] FAILED XPATH: '(.//*[normalize-space(text()) and normalize-space(.)='CS420'])[4]/following::textarea[1]'.

2019-12-28 22:51:27 - [MESSAGE][INFO] - [SMART_XPATH] WORKING XPATH: '(.//*[normalize-space(text()) and normalize-space(.)='Edit Purpose for'])[1]/following::textarea[1]'.

2019-12-28 22:51:27 - [MESSAGE][INFO] - [SMART_XPATH] Screenshot: /Users/nguyentri/Desktop/Learn/SoftwareEngineer/mattermost-duo-test/Reports/smart_xpath/Object Repository/3_Edit_Channel/Edit_Channel_Purpose/Page_CS420 - Bumblebee Mattermost/textarea_A channel to work on AI big (1)_neighbor_19.png

2019-12-28 22:51:28 - [MESSAGE][INFO] - [SMART_XPATH] WORKING XPATH: '(.//*[normalize-space(text()) and normalize-space(.)='Cancel'])[1]/preceding::textarea[1]'.

2019-12-28 22:51:28 - [MESSAGE][INFO] - [SMART_XPATH] Screenshot: /Users/nguyentri/Desktop/Learn/SoftwareEngineer/mattermost-duo-test/Reports/smart_xpath/Object Repository/3_Edit_Channel/Edit_Channel_Purpose/Page_CS420 - Bumblebee Mattermost/textarea_A channel to work on AI big (1)_neighbor_20.png

2019-12-28 22:51:28 - [MESSAGE][INFO] - [SMART_XPATH] WORKING XPATH: '(.//*[normalize-space(text()) and normalize-space(.)='Save'])[1]/preceding::textarea[1]'.

2019-12-28 22:51:28 - [MESSAGE][INFO] - [SMART_XPATH] Screenshot: /Users/nguyentri/Desktop/Learn/SoftwareEngineer/mattermost-duo-test/Reports/smart_xpath/Object Repository/3_Edit_Channel/Edit_Channel_Purpose/Page_CS420 - Bumblebee Mattermost/textarea_A channel to work on AI big (1)_neighbor_21.png

2019-12-28 22:51:29 - [MESSAGE][INFO] - [SMART_XPATH] FAILED XPATH: '//*/text()[normalize-space(.)='A channel to work on AI big .']/parent::*'.

2019-12-28 22:51:29 - [MESSAGE][INFO] - [SMART_XPATH] WORKING XPATH: '//div[2]/div/div/div[2]/textarea'.

2019-12-28 22:51:29 - [MESSAGE][INFO] - [SMART_XPATH] Screenshot: /Users/nguyentri/Desktop/Learn/SoftwareEngineer/mattermost-duo-test/Reports/smart_xpath/Object Repository/3_Edit_Channel/Edit_Channel_Purpose/Page_CS420 - Bumblebee Mattermost/textarea_A channel to work on AI big (1)_position.png

2019-12-28 22:51:29 - [MESSAGE][ERROR] - [SMART_XPATH] /Users/nguyentri/Desktop/Learn/SoftwareEngineer/mattermost-duo-test/Reports/smart_xpath/waiting-for-approval.json (No such file or directory)

2019-12-28 22:51:29 - [MESSAGE][ERROR] - [SMART_XPATH] /Users/nguyentri/Desktop/Learn/SoftwareEngineer/mattermost-duo-test/Reports/smart_xpath/waiting-for-approval.json does not exist or is provided by Smart XPath Plugin!

2019-12-28 22:51:29 - [MESSAGE][INFO] - [SMART_XPATH] Selected Smart XPath: '(.//*[normalize-space(text()) and normalize-space(.)='Edit Purpose for'])[1]/following::textarea[1]'.

2019-12-28 22:51:29 - [MESSAGE][INFO] - [SMART_XPATH] Continuing executing the test case!

2019-12-28 22:51:30 - [MESSAGE][PASSED] - Text 'A channel to work on AI big .' is set on object 'Object Repository/3_Edit_Channel/Edit_Channel_Purpose/Page_CS420 - Bumblebee Mattermost/textarea_A channel to work on AI big (1)'

2019-12-28 22:51:30 - [TEST_STEP][PASSED] - setText(findTestObject("Object Repository/3_Edit_Channel/Edit_Channel_Purpose/Page_CS420 - Bumblebee Mattermost/textarea_A channel to work on AI big p"), "A channel to work on AI big p."): Text 'A channel to work on AI big p.' is set on object 'Object Repository/3_Edit_Channel/Edit_Channel_Purpose/Page_CS420 - Bumblebee Mattermost/textarea_A channel to work on AI big p'

2019-12-28 22:52:14 - [MESSAGE][INFO] - Unable to find the element located by 'By.xpath: (.//*[normalize-space(text()) and normalize-space(.)='CS420'])[4]/following::textarea[1]'. Please recheck the objects properties to make sure the desired element is located. 

2019-12-28 22:52:14 - [MESSAGE][INFO] - [SMART_XPATH] Auto-trying out other XPath values in the test object.

2019-12-28 22:52:14 - [MESSAGE][INFO] - [SMART_XPATH] FAILED XPATH: '(.//*[normalize-space(text()) and normalize-space(.)='CS420'])[4]/following::textarea[1]'.

2019-12-28 22:52:14 - [MESSAGE][INFO] - [SMART_XPATH] WORKING XPATH: '(.//*[normalize-space(text()) and normalize-space(.)='Edit Purpose for'])[1]/following::textarea[1]'.

2019-12-28 22:52:15 - [MESSAGE][INFO] - [SMART_XPATH] Screenshot: /Users/nguyentri/Desktop/Learn/SoftwareEngineer/mattermost-duo-test/Reports/smart_xpath/Object Repository/3_Edit_Channel/Edit_Channel_Purpose/Page_CS420 - Bumblebee Mattermost/textarea_A channel to work on AI big p_neighbor_20.png

2019-12-28 22:52:15 - [MESSAGE][INFO] - [SMART_XPATH] WORKING XPATH: '(.//*[normalize-space(text()) and normalize-space(.)='Cancel'])[1]/preceding::textarea[1]'.

2019-12-28 22:52:15 - [MESSAGE][INFO] - [SMART_XPATH] Screenshot: /Users/nguyentri/Desktop/Learn/SoftwareEngineer/mattermost-duo-test/Reports/smart_xpath/Object Repository/3_Edit_Channel/Edit_Channel_Purpose/Page_CS420 - Bumblebee Mattermost/textarea_A channel to work on AI big p_neighbor_21.png

2019-12-28 22:52:16 - [MESSAGE][INFO] - [SMART_XPATH] WORKING XPATH: '(.//*[normalize-space(text()) and normalize-space(.)='Save'])[1]/preceding::textarea[1]'.

2019-12-28 22:52:16 - [MESSAGE][INFO] - [SMART_XPATH] Screenshot: /Users/nguyentri/Desktop/Learn/SoftwareEngineer/mattermost-duo-test/Reports/smart_xpath/Object Repository/3_Edit_Channel/Edit_Channel_Purpose/Page_CS420 - Bumblebee Mattermost/textarea_A channel to work on AI big p_neighbor_22.png

2019-12-28 22:52:16 - [MESSAGE][INFO] - [SMART_XPATH] FAILED XPATH: '//*/text()[normalize-space(.)='A channel to work on AI big p.']/parent::*'.

2019-12-28 22:52:16 - [MESSAGE][INFO] - [SMART_XPATH] WORKING XPATH: '//div[2]/div/div/div[2]/textarea'.

2019-12-28 22:52:17 - [MESSAGE][INFO] - [SMART_XPATH] Screenshot: /Users/nguyentri/Desktop/Learn/SoftwareEngineer/mattermost-duo-test/Reports/smart_xpath/Object Repository/3_Edit_Channel/Edit_Channel_Purpose/Page_CS420 - Bumblebee Mattermost/textarea_A channel to work on AI big p_position.png

2019-12-28 22:52:17 - [MESSAGE][ERROR] - [SMART_XPATH] /Users/nguyentri/Desktop/Learn/SoftwareEngineer/mattermost-duo-test/Reports/smart_xpath/waiting-for-approval.json (No such file or directory)

2019-12-28 22:52:17 - [MESSAGE][ERROR] - [SMART_XPATH] /Users/nguyentri/Desktop/Learn/SoftwareEngineer/mattermost-duo-test/Reports/smart_xpath/waiting-for-approval.json does not exist or is provided by Smart XPath Plugin!

2019-12-28 22:52:17 - [MESSAGE][INFO] - [SMART_XPATH] Selected Smart XPath: '(.//*[normalize-space(text()) and normalize-space(.)='Edit Purpose for'])[1]/following::textarea[1]'.

2019-12-28 22:52:17 - [MESSAGE][INFO] - [SMART_XPATH] Continuing executing the test case!

2019-12-28 22:52:17 - [MESSAGE][PASSED] - Text 'A channel to work on AI big p.' is set on object 'Object Repository/3_Edit_Channel/Edit_Channel_Purpose/Page_CS420 - Bumblebee Mattermost/textarea_A channel to work on AI big p'

2019-12-28 22:52:17 - [TEST_STEP][PASSED] - setText(findTestObject("Object Repository/3_Edit_Channel/Edit_Channel_Purpose/Page_CS420 - Bumblebee Mattermost/textarea_A channel to work on AI big pr"), "A channel to work on AI big pr."): Text 'A channel to work on AI big pr.' is set on object 'Object Repository/3_Edit_Channel/Edit_Channel_Purpose/Page_CS420 - Bumblebee Mattermost/textarea_A channel to work on AI big pr'

2019-12-28 22:53:02 - [MESSAGE][INFO] - Unable to find the element located by 'By.xpath: (.//*[normalize-space(text()) and normalize-space(.)='CS420'])[4]/following::textarea[1]'. Please recheck the objects properties to make sure the desired element is located. 

2019-12-28 22:53:02 - [MESSAGE][INFO] - [SMART_XPATH] Auto-trying out other XPath values in the test object.

2019-12-28 22:53:02 - [MESSAGE][INFO] - [SMART_XPATH] FAILED XPATH: '(.//*[normalize-space(text()) and normalize-space(.)='CS420'])[4]/following::textarea[1]'.

2019-12-28 22:53:02 - [MESSAGE][INFO] - [SMART_XPATH] WORKING XPATH: '(.//*[normalize-space(text()) and normalize-space(.)='Edit Purpose for'])[1]/following::textarea[1]'.

2019-12-28 22:53:02 - [MESSAGE][INFO] - [SMART_XPATH] Screenshot: /Users/nguyentri/Desktop/Learn/SoftwareEngineer/mattermost-duo-test/Reports/smart_xpath/Object Repository/3_Edit_Channel/Edit_Channel_Purpose/Page_CS420 - Bumblebee Mattermost/textarea_A channel to work on AI big pr_neighbor_21.png

2019-12-28 22:53:03 - [MESSAGE][INFO] - [SMART_XPATH] WORKING XPATH: '(.//*[normalize-space(text()) and normalize-space(.)='Cancel'])[1]/preceding::textarea[1]'.

2019-12-28 22:53:03 - [MESSAGE][INFO] - [SMART_XPATH] Screenshot: /Users/nguyentri/Desktop/Learn/SoftwareEngineer/mattermost-duo-test/Reports/smart_xpath/Object Repository/3_Edit_Channel/Edit_Channel_Purpose/Page_CS420 - Bumblebee Mattermost/textarea_A channel to work on AI big pr_neighbor_22.png

2019-12-28 22:53:03 - [MESSAGE][INFO] - [SMART_XPATH] WORKING XPATH: '(.//*[normalize-space(text()) and normalize-space(.)='Save'])[1]/preceding::textarea[1]'.

2019-12-28 22:53:03 - [MESSAGE][INFO] - [SMART_XPATH] Screenshot: /Users/nguyentri/Desktop/Learn/SoftwareEngineer/mattermost-duo-test/Reports/smart_xpath/Object Repository/3_Edit_Channel/Edit_Channel_Purpose/Page_CS420 - Bumblebee Mattermost/textarea_A channel to work on AI big pr_neighbor_23.png

2019-12-28 22:53:04 - [MESSAGE][INFO] - [SMART_XPATH] FAILED XPATH: '//*/text()[normalize-space(.)='A channel to work on AI big pr.']/parent::*'.

2019-12-28 22:53:04 - [MESSAGE][INFO] - [SMART_XPATH] WORKING XPATH: '//div[2]/div/div/div[2]/textarea'.

2019-12-28 22:53:04 - [MESSAGE][INFO] - [SMART_XPATH] Screenshot: /Users/nguyentri/Desktop/Learn/SoftwareEngineer/mattermost-duo-test/Reports/smart_xpath/Object Repository/3_Edit_Channel/Edit_Channel_Purpose/Page_CS420 - Bumblebee Mattermost/textarea_A channel to work on AI big pr_position.png

2019-12-28 22:53:04 - [MESSAGE][ERROR] - [SMART_XPATH] /Users/nguyentri/Desktop/Learn/SoftwareEngineer/mattermost-duo-test/Reports/smart_xpath/waiting-for-approval.json (No such file or directory)

2019-12-28 22:53:04 - [MESSAGE][ERROR] - [SMART_XPATH] /Users/nguyentri/Desktop/Learn/SoftwareEngineer/mattermost-duo-test/Reports/smart_xpath/waiting-for-approval.json does not exist or is provided by Smart XPath Plugin!

2019-12-28 22:53:04 - [MESSAGE][INFO] - [SMART_XPATH] Selected Smart XPath: '(.//*[normalize-space(text()) and normalize-space(.)='Edit Purpose for'])[1]/following::textarea[1]'.

2019-12-28 22:53:04 - [MESSAGE][INFO] - [SMART_XPATH] Continuing executing the test case!

2019-12-28 22:53:05 - [MESSAGE][PASSED] - Text 'A channel to work on AI big pr.' is set on object 'Object Repository/3_Edit_Channel/Edit_Channel_Purpose/Page_CS420 - Bumblebee Mattermost/textarea_A channel to work on AI big pr'

2019-12-28 22:53:05 - [TEST_STEP][PASSED] - setText(findTestObject("Object Repository/3_Edit_Channel/Edit_Channel_Purpose/Page_CS420 - Bumblebee Mattermost/textarea_A channel to work on AI big pro"), "A channel to work on AI big pro."): Text 'A channel to work on AI big pro.' is set on object 'Object Repository/3_Edit_Channel/Edit_Channel_Purpose/Page_CS420 - Bumblebee Mattermost/textarea_A channel to work on AI big pro'

2019-12-28 22:53:50 - [MESSAGE][INFO] - Unable to find the element located by 'By.xpath: (.//*[normalize-space(text()) and normalize-space(.)='CS420'])[4]/following::textarea[1]'. Please recheck the objects properties to make sure the desired element is located. 

2019-12-28 22:53:50 - [MESSAGE][INFO] - [SMART_XPATH] Auto-trying out other XPath values in the test object.

2019-12-28 22:53:50 - [MESSAGE][INFO] - [SMART_XPATH] FAILED XPATH: '(.//*[normalize-space(text()) and normalize-space(.)='CS420'])[4]/following::textarea[1]'.

2019-12-28 22:53:50 - [MESSAGE][INFO] - [SMART_XPATH] WORKING XPATH: '(.//*[normalize-space(text()) and normalize-space(.)='Edit Purpose for'])[1]/following::textarea[1]'.

2019-12-28 22:53:50 - [MESSAGE][INFO] - [SMART_XPATH] Screenshot: /Users/nguyentri/Desktop/Learn/SoftwareEngineer/mattermost-duo-test/Reports/smart_xpath/Object Repository/3_Edit_Channel/Edit_Channel_Purpose/Page_CS420 - Bumblebee Mattermost/textarea_A channel to work on AI big pro_neighbor_22.png

2019-12-28 22:53:51 - [MESSAGE][INFO] - [SMART_XPATH] WORKING XPATH: '(.//*[normalize-space(text()) and normalize-space(.)='Cancel'])[1]/preceding::textarea[1]'.

2019-12-28 22:53:51 - [MESSAGE][INFO] - [SMART_XPATH] Screenshot: /Users/nguyentri/Desktop/Learn/SoftwareEngineer/mattermost-duo-test/Reports/smart_xpath/Object Repository/3_Edit_Channel/Edit_Channel_Purpose/Page_CS420 - Bumblebee Mattermost/textarea_A channel to work on AI big pro_neighbor_23.png

2019-12-28 22:53:51 - [MESSAGE][INFO] - [SMART_XPATH] WORKING XPATH: '(.//*[normalize-space(text()) and normalize-space(.)='Save'])[1]/preceding::textarea[1]'.

2019-12-28 22:53:51 - [MESSAGE][INFO] - [SMART_XPATH] Screenshot: /Users/nguyentri/Desktop/Learn/SoftwareEngineer/mattermost-duo-test/Reports/smart_xpath/Object Repository/3_Edit_Channel/Edit_Channel_Purpose/Page_CS420 - Bumblebee Mattermost/textarea_A channel to work on AI big pro_neighbor_24.png

2019-12-28 22:53:52 - [MESSAGE][INFO] - [SMART_XPATH] FAILED XPATH: '//*/text()[normalize-space(.)='A channel to work on AI big pro.']/parent::*'.

2019-12-28 22:53:52 - [MESSAGE][INFO] - [SMART_XPATH] WORKING XPATH: '//div[2]/div/div/div[2]/textarea'.

2019-12-28 22:53:53 - [MESSAGE][INFO] - [SMART_XPATH] Screenshot: /Users/nguyentri/Desktop/Learn/SoftwareEngineer/mattermost-duo-test/Reports/smart_xpath/Object Repository/3_Edit_Channel/Edit_Channel_Purpose/Page_CS420 - Bumblebee Mattermost/textarea_A channel to work on AI big pro_position.png

2019-12-28 22:53:53 - [MESSAGE][ERROR] - [SMART_XPATH] /Users/nguyentri/Desktop/Learn/SoftwareEngineer/mattermost-duo-test/Reports/smart_xpath/waiting-for-approval.json (No such file or directory)

2019-12-28 22:53:53 - [MESSAGE][ERROR] - [SMART_XPATH] /Users/nguyentri/Desktop/Learn/SoftwareEngineer/mattermost-duo-test/Reports/smart_xpath/waiting-for-approval.json does not exist or is provided by Smart XPath Plugin!

2019-12-28 22:53:53 - [MESSAGE][INFO] - [SMART_XPATH] Selected Smart XPath: '(.//*[normalize-space(text()) and normalize-space(.)='Edit Purpose for'])[1]/following::textarea[1]'.

2019-12-28 22:53:53 - [MESSAGE][INFO] - [SMART_XPATH] Continuing executing the test case!

2019-12-28 22:53:53 - [MESSAGE][PASSED] - Text 'A channel to work on AI big pro.' is set on object 'Object Repository/3_Edit_Channel/Edit_Channel_Purpose/Page_CS420 - Bumblebee Mattermost/textarea_A channel to work on AI big pro'

2019-12-28 22:53:53 - [TEST_STEP][PASSED] - setText(findTestObject("Object Repository/3_Edit_Channel/Edit_Channel_Purpose/Page_CS420 - Bumblebee Mattermost/textarea_A channel to work on AI big proj"), "A channel to work on AI big proj."): Text 'A channel to work on AI big proj.' is set on object 'Object Repository/3_Edit_Channel/Edit_Channel_Purpose/Page_CS420 - Bumblebee Mattermost/textarea_A channel to work on AI big proj'

2019-12-28 22:54:38 - [MESSAGE][INFO] - Unable to find the element located by 'By.xpath: (.//*[normalize-space(text()) and normalize-space(.)='CS420'])[4]/following::textarea[1]'. Please recheck the objects properties to make sure the desired element is located. 

2019-12-28 22:54:38 - [MESSAGE][INFO] - [SMART_XPATH] Auto-trying out other XPath values in the test object.

2019-12-28 22:54:38 - [MESSAGE][INFO] - [SMART_XPATH] FAILED XPATH: '(.//*[normalize-space(text()) and normalize-space(.)='CS420'])[4]/following::textarea[1]'.

2019-12-28 22:54:39 - [MESSAGE][INFO] - [SMART_XPATH] WORKING XPATH: '(.//*[normalize-space(text()) and normalize-space(.)='Edit Purpose for'])[1]/following::textarea[1]'.

2019-12-28 22:54:39 - [MESSAGE][INFO] - [SMART_XPATH] Screenshot: /Users/nguyentri/Desktop/Learn/SoftwareEngineer/mattermost-duo-test/Reports/smart_xpath/Object Repository/3_Edit_Channel/Edit_Channel_Purpose/Page_CS420 - Bumblebee Mattermost/textarea_A channel to work on AI big proj_neighbor_23.png

2019-12-28 22:54:39 - [MESSAGE][INFO] - [SMART_XPATH] WORKING XPATH: '(.//*[normalize-space(text()) and normalize-space(.)='Cancel'])[1]/preceding::textarea[1]'.

2019-12-28 22:54:39 - [MESSAGE][INFO] - [SMART_XPATH] Screenshot: /Users/nguyentri/Desktop/Learn/SoftwareEngineer/mattermost-duo-test/Reports/smart_xpath/Object Repository/3_Edit_Channel/Edit_Channel_Purpose/Page_CS420 - Bumblebee Mattermost/textarea_A channel to work on AI big proj_neighbor_24.png

2019-12-28 22:54:40 - [MESSAGE][INFO] - [SMART_XPATH] WORKING XPATH: '(.//*[normalize-space(text()) and normalize-space(.)='Save'])[1]/preceding::textarea[1]'.

2019-12-28 22:54:40 - [MESSAGE][INFO] - [SMART_XPATH] Screenshot: /Users/nguyentri/Desktop/Learn/SoftwareEngineer/mattermost-duo-test/Reports/smart_xpath/Object Repository/3_Edit_Channel/Edit_Channel_Purpose/Page_CS420 - Bumblebee Mattermost/textarea_A channel to work on AI big proj_neighbor_25.png

2019-12-28 22:54:40 - [MESSAGE][INFO] - [SMART_XPATH] FAILED XPATH: '//*/text()[normalize-space(.)='A channel to work on AI big proj.']/parent::*'.

2019-12-28 22:54:40 - [MESSAGE][INFO] - [SMART_XPATH] WORKING XPATH: '//div[2]/div/div/div[2]/textarea'.

2019-12-28 22:54:41 - [MESSAGE][INFO] - [SMART_XPATH] Screenshot: /Users/nguyentri/Desktop/Learn/SoftwareEngineer/mattermost-duo-test/Reports/smart_xpath/Object Repository/3_Edit_Channel/Edit_Channel_Purpose/Page_CS420 - Bumblebee Mattermost/textarea_A channel to work on AI big proj_position.png

2019-12-28 22:54:41 - [MESSAGE][ERROR] - [SMART_XPATH] /Users/nguyentri/Desktop/Learn/SoftwareEngineer/mattermost-duo-test/Reports/smart_xpath/waiting-for-approval.json (No such file or directory)

2019-12-28 22:54:41 - [MESSAGE][ERROR] - [SMART_XPATH] /Users/nguyentri/Desktop/Learn/SoftwareEngineer/mattermost-duo-test/Reports/smart_xpath/waiting-for-approval.json does not exist or is provided by Smart XPath Plugin!

2019-12-28 22:54:41 - [MESSAGE][INFO] - [SMART_XPATH] Selected Smart XPath: '(.//*[normalize-space(text()) and normalize-space(.)='Edit Purpose for'])[1]/following::textarea[1]'.

2019-12-28 22:54:41 - [MESSAGE][INFO] - [SMART_XPATH] Continuing executing the test case!

2019-12-28 22:54:41 - [MESSAGE][PASSED] - Text 'A channel to work on AI big proj.' is set on object 'Object Repository/3_Edit_Channel/Edit_Channel_Purpose/Page_CS420 - Bumblebee Mattermost/textarea_A channel to work on AI big proj'

2019-12-28 22:54:41 - [TEST_STEP][PASSED] - setText(findTestObject("Object Repository/3_Edit_Channel/Edit_Channel_Purpose/Page_CS420 - Bumblebee Mattermost/textarea_A channel to work on AI big proje"), "A channel to work on AI big proje."): Text 'A channel to work on AI big proje.' is set on object 'Object Repository/3_Edit_Channel/Edit_Channel_Purpose/Page_CS420 - Bumblebee Mattermost/textarea_A channel to work on AI big proje'

2019-12-28 22:55:26 - [MESSAGE][INFO] - Unable to find the element located by 'By.xpath: (.//*[normalize-space(text()) and normalize-space(.)='CS420'])[4]/following::textarea[1]'. Please recheck the objects properties to make sure the desired element is located. 

2019-12-28 22:55:26 - [MESSAGE][INFO] - [SMART_XPATH] Auto-trying out other XPath values in the test object.

2019-12-28 22:55:26 - [MESSAGE][INFO] - [SMART_XPATH] FAILED XPATH: '(.//*[normalize-space(text()) and normalize-space(.)='CS420'])[4]/following::textarea[1]'.

2019-12-28 22:55:27 - [MESSAGE][INFO] - [SMART_XPATH] WORKING XPATH: '(.//*[normalize-space(text()) and normalize-space(.)='Edit Purpose for'])[1]/following::textarea[1]'.

2019-12-28 22:55:27 - [MESSAGE][INFO] - [SMART_XPATH] Screenshot: /Users/nguyentri/Desktop/Learn/SoftwareEngineer/mattermost-duo-test/Reports/smart_xpath/Object Repository/3_Edit_Channel/Edit_Channel_Purpose/Page_CS420 - Bumblebee Mattermost/textarea_A channel to work on AI big proje_neighbor_24.png

2019-12-28 22:55:27 - [MESSAGE][INFO] - [SMART_XPATH] WORKING XPATH: '(.//*[normalize-space(text()) and normalize-space(.)='Cancel'])[1]/preceding::textarea[1]'.

2019-12-28 22:55:28 - [MESSAGE][INFO] - [SMART_XPATH] Screenshot: /Users/nguyentri/Desktop/Learn/SoftwareEngineer/mattermost-duo-test/Reports/smart_xpath/Object Repository/3_Edit_Channel/Edit_Channel_Purpose/Page_CS420 - Bumblebee Mattermost/textarea_A channel to work on AI big proje_neighbor_25.png

2019-12-28 22:55:28 - [MESSAGE][INFO] - [SMART_XPATH] WORKING XPATH: '(.//*[normalize-space(text()) and normalize-space(.)='Save'])[1]/preceding::textarea[1]'.

2019-12-28 22:55:28 - [MESSAGE][INFO] - [SMART_XPATH] Screenshot: /Users/nguyentri/Desktop/Learn/SoftwareEngineer/mattermost-duo-test/Reports/smart_xpath/Object Repository/3_Edit_Channel/Edit_Channel_Purpose/Page_CS420 - Bumblebee Mattermost/textarea_A channel to work on AI big proje_neighbor_26.png

2019-12-28 22:55:28 - [MESSAGE][INFO] - [SMART_XPATH] FAILED XPATH: '//*/text()[normalize-space(.)='A channel to work on AI big proje.']/parent::*'.

2019-12-28 22:55:29 - [MESSAGE][INFO] - [SMART_XPATH] WORKING XPATH: '//div[2]/div/div/div[2]/textarea'.

2019-12-28 22:55:29 - [MESSAGE][INFO] - [SMART_XPATH] Screenshot: /Users/nguyentri/Desktop/Learn/SoftwareEngineer/mattermost-duo-test/Reports/smart_xpath/Object Repository/3_Edit_Channel/Edit_Channel_Purpose/Page_CS420 - Bumblebee Mattermost/textarea_A channel to work on AI big proje_position.png

2019-12-28 22:55:29 - [MESSAGE][ERROR] - [SMART_XPATH] /Users/nguyentri/Desktop/Learn/SoftwareEngineer/mattermost-duo-test/Reports/smart_xpath/waiting-for-approval.json (No such file or directory)

2019-12-28 22:55:29 - [MESSAGE][ERROR] - [SMART_XPATH] /Users/nguyentri/Desktop/Learn/SoftwareEngineer/mattermost-duo-test/Reports/smart_xpath/waiting-for-approval.json does not exist or is provided by Smart XPath Plugin!

2019-12-28 22:55:29 - [MESSAGE][INFO] - [SMART_XPATH] Selected Smart XPath: '(.//*[normalize-space(text()) and normalize-space(.)='Edit Purpose for'])[1]/following::textarea[1]'.

2019-12-28 22:55:29 - [MESSAGE][INFO] - [SMART_XPATH] Continuing executing the test case!

2019-12-28 22:55:29 - [MESSAGE][PASSED] - Text 'A channel to work on AI big proje.' is set on object 'Object Repository/3_Edit_Channel/Edit_Channel_Purpose/Page_CS420 - Bumblebee Mattermost/textarea_A channel to work on AI big proje'

2019-12-28 22:55:29 - [TEST_STEP][PASSED] - setText(findTestObject("Object Repository/3_Edit_Channel/Edit_Channel_Purpose/Page_CS420 - Bumblebee Mattermost/textarea_A channel to work on AI big projec"), "A channel to work on AI big projec."): Text 'A channel to work on AI big projec.' is set on object 'Object Repository/3_Edit_Channel/Edit_Channel_Purpose/Page_CS420 - Bumblebee Mattermost/textarea_A channel to work on AI big projec'

2019-12-28 22:56:14 - [MESSAGE][INFO] - Unable to find the element located by 'By.xpath: (.//*[normalize-space(text()) and normalize-space(.)='CS420'])[4]/following::textarea[1]'. Please recheck the objects properties to make sure the desired element is located. 

2019-12-28 22:56:14 - [MESSAGE][INFO] - [SMART_XPATH] Auto-trying out other XPath values in the test object.

2019-12-28 22:56:15 - [MESSAGE][INFO] - [SMART_XPATH] FAILED XPATH: '(.//*[normalize-space(text()) and normalize-space(.)='CS420'])[4]/following::textarea[1]'.

2019-12-28 22:56:15 - [MESSAGE][INFO] - [SMART_XPATH] WORKING XPATH: '(.//*[normalize-space(text()) and normalize-space(.)='Edit Purpose for'])[1]/following::textarea[1]'.

2019-12-28 22:56:15 - [MESSAGE][INFO] - [SMART_XPATH] Screenshot: /Users/nguyentri/Desktop/Learn/SoftwareEngineer/mattermost-duo-test/Reports/smart_xpath/Object Repository/3_Edit_Channel/Edit_Channel_Purpose/Page_CS420 - Bumblebee Mattermost/textarea_A channel to work on AI big projec_neighbor_25.png

2019-12-28 22:56:16 - [MESSAGE][INFO] - [SMART_XPATH] WORKING XPATH: '(.//*[normalize-space(text()) and normalize-space(.)='Cancel'])[1]/preceding::textarea[1]'.

2019-12-28 22:56:16 - [MESSAGE][INFO] - [SMART_XPATH] Screenshot: /Users/nguyentri/Desktop/Learn/SoftwareEngineer/mattermost-duo-test/Reports/smart_xpath/Object Repository/3_Edit_Channel/Edit_Channel_Purpose/Page_CS420 - Bumblebee Mattermost/textarea_A channel to work on AI big projec_neighbor_26.png

2019-12-28 22:56:16 - [MESSAGE][INFO] - [SMART_XPATH] WORKING XPATH: '(.//*[normalize-space(text()) and normalize-space(.)='Save'])[1]/preceding::textarea[1]'.

2019-12-28 22:56:16 - [MESSAGE][INFO] - [SMART_XPATH] Screenshot: /Users/nguyentri/Desktop/Learn/SoftwareEngineer/mattermost-duo-test/Reports/smart_xpath/Object Repository/3_Edit_Channel/Edit_Channel_Purpose/Page_CS420 - Bumblebee Mattermost/textarea_A channel to work on AI big projec_neighbor_27.png

2019-12-28 22:56:17 - [MESSAGE][INFO] - [SMART_XPATH] FAILED XPATH: '//*/text()[normalize-space(.)='A channel to work on AI big projec.']/parent::*'.

2019-12-28 22:56:17 - [MESSAGE][INFO] - [SMART_XPATH] WORKING XPATH: '//div[2]/div/div/div[2]/textarea'.

2019-12-28 22:56:17 - [MESSAGE][INFO] - [SMART_XPATH] Screenshot: /Users/nguyentri/Desktop/Learn/SoftwareEngineer/mattermost-duo-test/Reports/smart_xpath/Object Repository/3_Edit_Channel/Edit_Channel_Purpose/Page_CS420 - Bumblebee Mattermost/textarea_A channel to work on AI big projec_position.png

2019-12-28 22:56:17 - [MESSAGE][ERROR] - [SMART_XPATH] /Users/nguyentri/Desktop/Learn/SoftwareEngineer/mattermost-duo-test/Reports/smart_xpath/waiting-for-approval.json (No such file or directory)

2019-12-28 22:56:17 - [MESSAGE][ERROR] - [SMART_XPATH] /Users/nguyentri/Desktop/Learn/SoftwareEngineer/mattermost-duo-test/Reports/smart_xpath/waiting-for-approval.json does not exist or is provided by Smart XPath Plugin!

2019-12-28 22:56:17 - [MESSAGE][INFO] - [SMART_XPATH] Selected Smart XPath: '(.//*[normalize-space(text()) and normalize-space(.)='Edit Purpose for'])[1]/following::textarea[1]'.

2019-12-28 22:56:17 - [MESSAGE][INFO] - [SMART_XPATH] Continuing executing the test case!

2019-12-28 22:56:18 - [MESSAGE][PASSED] - Text 'A channel to work on AI big projec.' is set on object 'Object Repository/3_Edit_Channel/Edit_Channel_Purpose/Page_CS420 - Bumblebee Mattermost/textarea_A channel to work on AI big projec'

2019-12-28 22:56:18 - [TEST_STEP][PASSED] - setText(findTestObject("Object Repository/3_Edit_Channel/Edit_Channel_Purpose/Page_CS420 - Bumblebee Mattermost/textarea_A channel to work on AI big project"), "A channel to work on AI big project."): Text 'A channel to work on AI big project.' is set on object 'Object Repository/3_Edit_Channel/Edit_Channel_Purpose/Page_CS420 - Bumblebee Mattermost/textarea_A channel to work on AI big project'

2019-12-28 22:57:03 - [MESSAGE][INFO] - Unable to find the element located by 'By.xpath: (.//*[normalize-space(text()) and normalize-space(.)='CS420'])[4]/following::textarea[1]'. Please recheck the objects properties to make sure the desired element is located. 

2019-12-28 22:57:03 - [MESSAGE][INFO] - [SMART_XPATH] Auto-trying out other XPath values in the test object.

2019-12-28 22:57:03 - [MESSAGE][INFO] - [SMART_XPATH] FAILED XPATH: '(.//*[normalize-space(text()) and normalize-space(.)='CS420'])[4]/following::textarea[1]'.

2019-12-28 22:57:03 - [MESSAGE][INFO] - [SMART_XPATH] WORKING XPATH: '(.//*[normalize-space(text()) and normalize-space(.)='Edit Purpose for'])[1]/following::textarea[1]'.

2019-12-28 22:57:04 - [MESSAGE][INFO] - [SMART_XPATH] Screenshot: /Users/nguyentri/Desktop/Learn/SoftwareEngineer/mattermost-duo-test/Reports/smart_xpath/Object Repository/3_Edit_Channel/Edit_Channel_Purpose/Page_CS420 - Bumblebee Mattermost/textarea_A channel to work on AI big project_neighbor_26.png

2019-12-28 22:57:04 - [MESSAGE][INFO] - [SMART_XPATH] WORKING XPATH: '(.//*[normalize-space(text()) and normalize-space(.)='Cancel'])[1]/preceding::textarea[1]'.

2019-12-28 22:57:04 - [MESSAGE][INFO] - [SMART_XPATH] Screenshot: /Users/nguyentri/Desktop/Learn/SoftwareEngineer/mattermost-duo-test/Reports/smart_xpath/Object Repository/3_Edit_Channel/Edit_Channel_Purpose/Page_CS420 - Bumblebee Mattermost/textarea_A channel to work on AI big project_neighbor_27.png

2019-12-28 22:57:04 - [MESSAGE][INFO] - [SMART_XPATH] WORKING XPATH: '(.//*[normalize-space(text()) and normalize-space(.)='Save'])[1]/preceding::textarea[1]'.

2019-12-28 22:57:05 - [MESSAGE][INFO] - [SMART_XPATH] Screenshot: /Users/nguyentri/Desktop/Learn/SoftwareEngineer/mattermost-duo-test/Reports/smart_xpath/Object Repository/3_Edit_Channel/Edit_Channel_Purpose/Page_CS420 - Bumblebee Mattermost/textarea_A channel to work on AI big project_neighbor_28.png

2019-12-28 22:57:05 - [MESSAGE][INFO] - [SMART_XPATH] FAILED XPATH: '//*/text()[normalize-space(.)='A channel to work on AI big project.']/parent::*'.

2019-12-28 22:57:05 - [MESSAGE][INFO] - [SMART_XPATH] WORKING XPATH: '//div[2]/div/div/div[2]/textarea'.

2019-12-28 22:57:06 - [MESSAGE][INFO] - [SMART_XPATH] Screenshot: /Users/nguyentri/Desktop/Learn/SoftwareEngineer/mattermost-duo-test/Reports/smart_xpath/Object Repository/3_Edit_Channel/Edit_Channel_Purpose/Page_CS420 - Bumblebee Mattermost/textarea_A channel to work on AI big project_position.png

2019-12-28 22:57:06 - [MESSAGE][ERROR] - [SMART_XPATH] /Users/nguyentri/Desktop/Learn/SoftwareEngineer/mattermost-duo-test/Reports/smart_xpath/waiting-for-approval.json (No such file or directory)

2019-12-28 22:57:06 - [MESSAGE][ERROR] - [SMART_XPATH] /Users/nguyentri/Desktop/Learn/SoftwareEngineer/mattermost-duo-test/Reports/smart_xpath/waiting-for-approval.json does not exist or is provided by Smart XPath Plugin!

2019-12-28 22:57:06 - [MESSAGE][INFO] - [SMART_XPATH] Selected Smart XPath: '(.//*[normalize-space(text()) and normalize-space(.)='Edit Purpose for'])[1]/following::textarea[1]'.

2019-12-28 22:57:06 - [MESSAGE][INFO] - [SMART_XPATH] Continuing executing the test case!

2019-12-28 22:57:06 - [MESSAGE][PASSED] - Text 'A channel to work on AI big project.' is set on object 'Object Repository/3_Edit_Channel/Edit_Channel_Purpose/Page_CS420 - Bumblebee Mattermost/textarea_A channel to work on AI big project'

2019-12-28 22:57:06 - [TEST_STEP][PASSED] - click(findTestObject("Object Repository/3_Edit_Channel/Edit_Channel_Purpose/Page_CS420 - Bumblebee Mattermost/span_Save")): Object: 'Object Repository/3_Edit_Channel/Edit_Channel_Purpose/Page_CS420 - Bumblebee Mattermost/span_Save' is clicked on

2019-12-28 22:57:07 - [MESSAGE][PASSED] - Object: 'Object Repository/3_Edit_Channel/Edit_Channel_Purpose/Page_CS420 - Bumblebee Mattermost/span_Save' is clicked on]]></system-out>
         <system-err><![CDATA[]]></system-err>
      </testcase>
      <testcase name="Test Cases/3_Edit_Channel/Rename_Channel" time="8.512" classname="Test Cases/3_Edit_Channel/Rename_Channel" status="PASSED">
         <system-out><![CDATA[2019-12-28 22:57:07 - [TEST_CASE][PASSED] - Test Cases/3_Edit_Channel/Rename_Channel: Test Cases/3_Edit_Channel/Rename_Channel

2019-12-28 22:57:08 - [TEST_STEP][PASSED] - openBrowser(""): Browser is opened with url: ''

2019-12-28 22:57:08 - [MESSAGE][PASSED] - Browser is opened with url: ''

2019-12-28 22:57:08 - [TEST_STEP][PASSED] - navigateToUrl("http://localhost:8065/"): Navigate to 'http://localhost:8065/' successfully

2019-12-28 22:57:09 - [MESSAGE][PASSED] - Navigate to 'http://localhost:8065/' successfully

2019-12-28 22:57:09 - [TEST_STEP][PASSED] - click(findTestObject("3_Edit_Channel/Rename_Channel/Page_CS420-bigproj - Bumblebee Mattermost/span_CS420-bigproj_channelHeaderDropdownIcon")): Object: 'Object Repository/3_Edit_Channel/Rename_Channel/Page_CS420-bigproj - Bumblebee Mattermost/span_CS420-bigproj_channelHeaderDropdownIcon' is clicked on

2019-12-28 22:57:13 - [MESSAGE][PASSED] - Object: 'Object Repository/3_Edit_Channel/Rename_Channel/Page_CS420-bigproj - Bumblebee Mattermost/span_CS420-bigproj_channelHeaderDropdownIcon' is clicked on

2019-12-28 22:57:13 - [TEST_STEP][PASSED] - click(findTestObject("3_Edit_Channel/Rename_Channel/Page_CS420-bigproj - Bumblebee Mattermost/button_Rename Channel")): Object: 'Object Repository/3_Edit_Channel/Rename_Channel/Page_CS420-bigproj - Bumblebee Mattermost/button_Rename Channel' is clicked on

2019-12-28 22:57:14 - [MESSAGE][PASSED] - Object: 'Object Repository/3_Edit_Channel/Rename_Channel/Page_CS420-bigproj - Bumblebee Mattermost/button_Rename Channel' is clicked on

2019-12-28 22:57:14 - [TEST_STEP][PASSED] - doubleClick(findTestObject("3_Edit_Channel/Rename_Channel/Page_CS420-bigproj - Bumblebee Mattermost/input_Display Name_display_name")): Object: 'Object Repository/3_Edit_Channel/Rename_Channel/Page_CS420-bigproj - Bumblebee Mattermost/input_Display Name_display_name' is double clicked on

2019-12-28 22:57:15 - [MESSAGE][PASSED] - Object: 'Object Repository/3_Edit_Channel/Rename_Channel/Page_CS420-bigproj - Bumblebee Mattermost/input_Display Name_display_name' is double clicked on

2019-12-28 22:57:15 - [TEST_STEP][PASSED] - setText(findTestObject("3_Edit_Channel/Rename_Channel/Page_CS420-bigproj - Bumblebee Mattermost/input_Display Name_display_name"), "CS420"): Text 'CS420' is set on object 'Object Repository/3_Edit_Channel/Rename_Channel/Page_CS420-bigproj - Bumblebee Mattermost/input_Display Name_display_name'

2019-12-28 22:57:15 - [MESSAGE][PASSED] - Text 'CS420' is set on object 'Object Repository/3_Edit_Channel/Rename_Channel/Page_CS420-bigproj - Bumblebee Mattermost/input_Display Name_display_name'

2019-12-28 22:57:15 - [TEST_STEP][PASSED] - click(findTestObject("3_Edit_Channel/Rename_Channel/Page_CS420-bigproj - Bumblebee Mattermost/span_Save")): Object: 'Object Repository/3_Edit_Channel/Rename_Channel/Page_CS420-bigproj - Bumblebee Mattermost/span_Save' is clicked on

2019-12-28 22:57:16 - [MESSAGE][PASSED] - Object: 'Object Repository/3_Edit_Channel/Rename_Channel/Page_CS420-bigproj - Bumblebee Mattermost/span_Save' is clicked on

2019-12-28 22:57:16 - [TEST_STEP][NOT_RUN] - closeBrowser(): NOT_RUN: closeBrowser()

2019-12-28 22:57:16 - [MESSAGE][NOT_RUN] - NOT_RUN: closeBrowser()]]></system-out>
         <system-err><![CDATA[]]></system-err>
      </testcase>
      <testcase name="Test Cases/3_Edit_Channel/View_Channel_Info" time="17.457" classname="Test Cases/3_Edit_Channel/View_Channel_Info" status="PASSED">
         <system-out><![CDATA[2019-12-28 22:57:16 - [TEST_CASE][PASSED] - Test Cases/3_Edit_Channel/View_Channel_Info: Test Cases/3_Edit_Channel/View_Channel_Info

2019-12-28 22:57:18 - [TEST_STEP][PASSED] - openBrowser(""): Browser is opened with url: ''

2019-12-28 22:57:19 - [MESSAGE][PASSED] - Browser is opened with url: ''

2019-12-28 22:57:19 - [TEST_STEP][PASSED] - navigateToUrl("http://localhost:8065/"): Navigate to 'http://localhost:8065/' successfully

2019-12-28 22:57:20 - [MESSAGE][PASSED] - Navigate to 'http://localhost:8065/' successfully

2019-12-28 22:57:20 - [TEST_STEP][PASSED] - click(findTestObject("Object Repository/3_Edit_Channel/View_Channel_Info/Page_K1JeaNyXLK - Bumblebee Mattermost/span_K1JeaNyXLK_channelHeaderDropdownIcon")): Object: 'Object Repository/3_Edit_Channel/View_Channel_Info/Page_K1JeaNyXLK - Bumblebee Mattermost/span_K1JeaNyXLK_channelHeaderDropdownIcon' is clicked on

2019-12-28 22:57:30 - [MESSAGE][PASSED] - Object: 'Object Repository/3_Edit_Channel/View_Channel_Info/Page_K1JeaNyXLK - Bumblebee Mattermost/span_K1JeaNyXLK_channelHeaderDropdownIcon' is clicked on

2019-12-28 22:57:30 - [TEST_STEP][PASSED] - click(findTestObject("Object Repository/3_Edit_Channel/View_Channel_Info/Page_K1JeaNyXLK - Bumblebee Mattermost/button_View Info")): Object: 'Object Repository/3_Edit_Channel/View_Channel_Info/Page_K1JeaNyXLK - Bumblebee Mattermost/button_View Info' is clicked on

2019-12-28 22:57:31 - [MESSAGE][PASSED] - Object: 'Object Repository/3_Edit_Channel/View_Channel_Info/Page_K1JeaNyXLK - Bumblebee Mattermost/button_View Info' is clicked on

2019-12-28 22:57:31 - [TEST_STEP][PASSED] - delay(1): Delayed 1 second(s)

2019-12-28 22:57:32 - [MESSAGE][PASSED] - Delayed 1 second(s)

2019-12-28 22:57:32 - [TEST_STEP][PASSED] - click(findTestObject("Object Repository/3_Edit_Channel/View_Channel_Info/Page_K1JeaNyXLK - Bumblebee Mattermost/span_")): Object: 'Object Repository/3_Edit_Channel/View_Channel_Info/Page_K1JeaNyXLK - Bumblebee Mattermost/span_' is clicked on

2019-12-28 22:57:33 - [MESSAGE][PASSED] - Object: 'Object Repository/3_Edit_Channel/View_Channel_Info/Page_K1JeaNyXLK - Bumblebee Mattermost/span_' is clicked on

2019-12-28 22:57:33 - [TEST_STEP][NOT_RUN] - closeBrowser(): NOT_RUN: closeBrowser()

2019-12-28 22:57:33 - [MESSAGE][NOT_RUN] - NOT_RUN: closeBrowser()]]></system-out>
         <system-err><![CDATA[]]></system-err>
      </testcase>
      <testcase name="Test Cases/3_Edit_Channel/Mute_Channel" time="15.559" classname="Test Cases/3_Edit_Channel/Mute_Channel" status="PASSED">
         <system-out><![CDATA[2019-12-28 22:57:33 - [TEST_CASE][PASSED] - Test Cases/3_Edit_Channel/Mute_Channel: Test Cases/3_Edit_Channel/Mute_Channel

2019-12-28 22:57:35 - [TEST_STEP][PASSED] - openBrowser(""): Browser is opened with url: ''

2019-12-28 22:57:36 - [MESSAGE][PASSED] - Browser is opened with url: ''

2019-12-28 22:57:36 - [TEST_STEP][PASSED] - navigateToUrl("http://localhost:8065/"): Navigate to 'http://localhost:8065/' successfully

2019-12-28 22:57:37 - [MESSAGE][PASSED] - Navigate to 'http://localhost:8065/' successfully

2019-12-28 22:57:37 - [TEST_STEP][PASSED] - click(findTestObject("Object Repository/3_Edit_Channel/Mute_Channel/Page_CS420 - Bumblebee Mattermost/span_CS420_channelHeaderDropdownIcon")): Object: 'Object Repository/3_Edit_Channel/Mute_Channel/Page_CS420 - Bumblebee Mattermost/span_CS420_channelHeaderDropdownIcon' is clicked on

2019-12-28 22:57:46 - [MESSAGE][PASSED] - Object: 'Object Repository/3_Edit_Channel/Mute_Channel/Page_CS420 - Bumblebee Mattermost/span_CS420_channelHeaderDropdownIcon' is clicked on

2019-12-28 22:57:46 - [TEST_STEP][PASSED] - click(findTestObject("Object Repository/3_Edit_Channel/Mute_Channel/Page_CS420 - Bumblebee Mattermost/button_Mute Channel")): Object: 'Object Repository/3_Edit_Channel/Mute_Channel/Page_CS420 - Bumblebee Mattermost/button_Mute Channel' is clicked on

2019-12-28 22:57:46 - [MESSAGE][PASSED] - Object: 'Object Repository/3_Edit_Channel/Mute_Channel/Page_CS420 - Bumblebee Mattermost/button_Mute Channel' is clicked on

2019-12-28 22:57:46 - [TEST_STEP][PASSED] - click(findTestObject("Object Repository/3_Edit_Channel/Mute_Channel/Page_CS420 - Bumblebee Mattermost/span_CS420_channelHeaderDropdownIcon")): Object: 'Object Repository/3_Edit_Channel/Mute_Channel/Page_CS420 - Bumblebee Mattermost/span_CS420_channelHeaderDropdownIcon' is clicked on

2019-12-28 22:57:47 - [MESSAGE][PASSED] - Object: 'Object Repository/3_Edit_Channel/Mute_Channel/Page_CS420 - Bumblebee Mattermost/span_CS420_channelHeaderDropdownIcon' is clicked on

2019-12-28 22:57:47 - [TEST_STEP][PASSED] - click(findTestObject("Object Repository/3_Edit_Channel/Mute_Channel/Page_CS420 - Bumblebee Mattermost/button_Unmute Channel")): Object: 'Object Repository/3_Edit_Channel/Mute_Channel/Page_CS420 - Bumblebee Mattermost/button_Unmute Channel' is clicked on

2019-12-28 22:57:49 - [MESSAGE][PASSED] - Object: 'Object Repository/3_Edit_Channel/Mute_Channel/Page_CS420 - Bumblebee Mattermost/button_Unmute Channel' is clicked on

2019-12-28 22:57:49 - [TEST_STEP][NOT_RUN] - closeBrowser(): NOT_RUN: closeBrowser()

2019-12-28 22:57:49 - [MESSAGE][NOT_RUN] - NOT_RUN: closeBrowser()]]></system-out>
         <system-err><![CDATA[]]></system-err>
      </testcase>
      <testcase name="Test Cases/3_Edit_Channel/Ignore_Mentions_For_Channels" time="23.291" classname="Test Cases/3_Edit_Channel/Ignore_Mentions_For_Channels" status="PASSED">
         <system-out><![CDATA[2019-12-28 22:57:49 - [TEST_CASE][PASSED] - Test Cases/3_Edit_Channel/Ignore_Mentions_For_Channels: Test Cases/3_Edit_Channel/Ignore_Mentions_For_Channels

2019-12-28 22:57:51 - [TEST_STEP][PASSED] - openBrowser(""): Browser is opened with url: ''

2019-12-28 22:57:51 - [MESSAGE][PASSED] - Browser is opened with url: ''

2019-12-28 22:57:51 - [TEST_STEP][PASSED] - navigateToUrl("http://localhost:8065/"): Navigate to 'http://localhost:8065/' successfully

2019-12-28 22:57:53 - [MESSAGE][PASSED] - Navigate to 'http://localhost:8065/' successfully

2019-12-28 22:57:53 - [TEST_STEP][PASSED] - click(findTestObject("3_Edit_Channel/Ignore_Mentions_For_Channels/Page_CS420 - Bumblebee Mattermost/span_CS420_channelHeaderDropdownIcon")): Object: 'Object Repository/3_Edit_Channel/Ignore_Mentions_For_Channels/Page_CS420 - Bumblebee Mattermost/span_CS420_channelHeaderDropdownIcon' is clicked on

2019-12-28 22:57:59 - [MESSAGE][PASSED] - Object: 'Object Repository/3_Edit_Channel/Ignore_Mentions_For_Channels/Page_CS420 - Bumblebee Mattermost/span_CS420_channelHeaderDropdownIcon' is clicked on

2019-12-28 22:57:59 - [TEST_STEP][PASSED] - click(findTestObject("3_Edit_Channel/Ignore_Mentions_For_Channels/Page_CS420 - Bumblebee Mattermost/button_Notification Preferences")): Object: 'Object Repository/3_Edit_Channel/Ignore_Mentions_For_Channels/Page_CS420 - Bumblebee Mattermost/button_Notification Preferences' is clicked on

2019-12-28 22:58:00 - [MESSAGE][PASSED] - Object: 'Object Repository/3_Edit_Channel/Ignore_Mentions_For_Channels/Page_CS420 - Bumblebee Mattermost/button_Notification Preferences' is clicked on

2019-12-28 22:58:00 - [TEST_STEP][PASSED] - click(findTestObject("3_Edit_Channel/Ignore_Mentions_For_Channels/Page_CS420 - Bumblebee Mattermost/span_Edit")): Object: 'Object Repository/3_Edit_Channel/Ignore_Mentions_For_Channels/Page_CS420 - Bumblebee Mattermost/span_Edit' is clicked on

2019-12-28 22:58:01 - [MESSAGE][PASSED] - Object: 'Object Repository/3_Edit_Channel/Ignore_Mentions_For_Channels/Page_CS420 - Bumblebee Mattermost/span_Edit' is clicked on

2019-12-28 22:58:01 - [TEST_STEP][PASSED] - click(findTestObject("3_Edit_Channel/Ignore_Mentions_For_Channels/Page_CS420 - Bumblebee Mattermost/input_Ignore mentions for channel here and _e66082")): Object: 'Object Repository/3_Edit_Channel/Ignore_Mentions_For_Channels/Page_CS420 - Bumblebee Mattermost/input_Ignore mentions for channel here and _e66082' is clicked on

2019-12-28 22:58:02 - [MESSAGE][PASSED] - Object: 'Object Repository/3_Edit_Channel/Ignore_Mentions_For_Channels/Page_CS420 - Bumblebee Mattermost/input_Ignore mentions for channel here and _e66082' is clicked on

2019-12-28 22:58:02 - [TEST_STEP][PASSED] - click(findTestObject("3_Edit_Channel/Ignore_Mentions_For_Channels/Page_CS420 - Bumblebee Mattermost/span_Save")): Object: 'Object Repository/3_Edit_Channel/Ignore_Mentions_For_Channels/Page_CS420 - Bumblebee Mattermost/span_Save' is clicked on

2019-12-28 22:58:03 - [MESSAGE][PASSED] - Object: 'Object Repository/3_Edit_Channel/Ignore_Mentions_For_Channels/Page_CS420 - Bumblebee Mattermost/span_Save' is clicked on

2019-12-28 22:58:03 - [TEST_STEP][PASSED] - click(findTestObject("3_Edit_Channel/Ignore_Mentions_For_Channels/Page_CS420 - Bumblebee Mattermost/span_")): Object: 'Object Repository/3_Edit_Channel/Ignore_Mentions_For_Channels/Page_CS420 - Bumblebee Mattermost/span_' is clicked on

2019-12-28 22:58:04 - [MESSAGE][PASSED] - Object: 'Object Repository/3_Edit_Channel/Ignore_Mentions_For_Channels/Page_CS420 - Bumblebee Mattermost/span_' is clicked on

2019-12-28 22:58:04 - [TEST_STEP][PASSED] - delay(1): Delayed 1 second(s)

2019-12-28 22:58:05 - [MESSAGE][PASSED] - Delayed 1 second(s)

2019-12-28 22:58:05 - [TEST_STEP][PASSED] - click(findTestObject("3_Edit_Channel/Ignore_Mentions_For_Channels/Page_CS420 - Bumblebee Mattermost/span_CS420_channelHeaderDropdownIcon")): Object: 'Object Repository/3_Edit_Channel/Ignore_Mentions_For_Channels/Page_CS420 - Bumblebee Mattermost/span_CS420_channelHeaderDropdownIcon' is clicked on

2019-12-28 22:58:06 - [MESSAGE][PASSED] - Object: 'Object Repository/3_Edit_Channel/Ignore_Mentions_For_Channels/Page_CS420 - Bumblebee Mattermost/span_CS420_channelHeaderDropdownIcon' is clicked on

2019-12-28 22:58:06 - [TEST_STEP][PASSED] - click(findTestObject("3_Edit_Channel/Ignore_Mentions_For_Channels/Page_CS420 - Bumblebee Mattermost/button_Notification Preferences")): Object: 'Object Repository/3_Edit_Channel/Ignore_Mentions_For_Channels/Page_CS420 - Bumblebee Mattermost/button_Notification Preferences' is clicked on

2019-12-28 22:58:06 - [MESSAGE][PASSED] - Object: 'Object Repository/3_Edit_Channel/Ignore_Mentions_For_Channels/Page_CS420 - Bumblebee Mattermost/button_Notification Preferences' is clicked on

2019-12-28 22:58:06 - [TEST_STEP][PASSED] - click(findTestObject("3_Edit_Channel/Ignore_Mentions_For_Channels/Page_CS420 - Bumblebee Mattermost/span_Edit")): Object: 'Object Repository/3_Edit_Channel/Ignore_Mentions_For_Channels/Page_CS420 - Bumblebee Mattermost/span_Edit' is clicked on

2019-12-28 22:58:07 - [MESSAGE][PASSED] - Object: 'Object Repository/3_Edit_Channel/Ignore_Mentions_For_Channels/Page_CS420 - Bumblebee Mattermost/span_Edit' is clicked on

2019-12-28 22:58:08 - [TEST_STEP][PASSED] - click(findTestObject("3_Edit_Channel/Ignore_Mentions_For_Channels/Page_CS420 - Bumblebee Mattermost/input_On_ignoreChannelMentions")): Object: 'Object Repository/3_Edit_Channel/Ignore_Mentions_For_Channels/Page_CS420 - Bumblebee Mattermost/input_On_ignoreChannelMentions' is clicked on

2019-12-28 22:58:09 - [MESSAGE][PASSED] - Object: 'Object Repository/3_Edit_Channel/Ignore_Mentions_For_Channels/Page_CS420 - Bumblebee Mattermost/input_On_ignoreChannelMentions' is clicked on

2019-12-28 22:58:09 - [TEST_STEP][PASSED] - click(findTestObject("3_Edit_Channel/Ignore_Mentions_For_Channels/Page_CS420 - Bumblebee Mattermost/span_Save")): Object: 'Object Repository/3_Edit_Channel/Ignore_Mentions_For_Channels/Page_CS420 - Bumblebee Mattermost/span_Save' is clicked on

2019-12-28 22:58:10 - [MESSAGE][PASSED] - Object: 'Object Repository/3_Edit_Channel/Ignore_Mentions_For_Channels/Page_CS420 - Bumblebee Mattermost/span_Save' is clicked on

2019-12-28 22:58:10 - [TEST_STEP][PASSED] - click(findTestObject("3_Edit_Channel/Ignore_Mentions_For_Channels/Page_CS420 - Bumblebee Mattermost/span_")): Object: 'Object Repository/3_Edit_Channel/Ignore_Mentions_For_Channels/Page_CS420 - Bumblebee Mattermost/span_' is clicked on

2019-12-28 22:58:11 - [MESSAGE][PASSED] - Object: 'Object Repository/3_Edit_Channel/Ignore_Mentions_For_Channels/Page_CS420 - Bumblebee Mattermost/span_' is clicked on

2019-12-28 22:58:11 - [TEST_STEP][PASSED] - delay(1): Delayed 1 second(s)

2019-12-28 22:58:12 - [MESSAGE][PASSED] - Delayed 1 second(s)

2019-12-28 22:58:12 - [TEST_STEP][NOT_RUN] - closeBrowser(): NOT_RUN: closeBrowser()

2019-12-28 22:58:12 - [MESSAGE][NOT_RUN] - NOT_RUN: closeBrowser()]]></system-out>
         <system-err><![CDATA[]]></system-err>
      </testcase>
      <testcase name="Test Cases/3_Edit_Channel/Send_Channel_Desktop_Notifications_(For_all_activity)" time="15.667" classname="Test Cases/3_Edit_Channel/Send_Channel_Desktop_Notifications_(For_all_activity)" status="PASSED">
         <system-out><![CDATA[2019-12-28 22:58:12 - [TEST_CASE][PASSED] - Test Cases/3_Edit_Channel/Send_Channel_Desktop_Notifications_(For_all_activity): Test Cases/3_Edit_Channel/Send_Channel_Desktop_Notifications_(For_all_activity)

2019-12-28 22:58:14 - [TEST_STEP][PASSED] - openBrowser(""): Browser is opened with url: ''

2019-12-28 22:58:14 - [MESSAGE][PASSED] - Browser is opened with url: ''

2019-12-28 22:58:14 - [TEST_STEP][PASSED] - navigateToUrl("http://localhost:8065/"): Navigate to 'http://localhost:8065/' successfully

2019-12-28 22:58:15 - [MESSAGE][PASSED] - Navigate to 'http://localhost:8065/' successfully

2019-12-28 22:58:15 - [TEST_STEP][PASSED] - click(findTestObject("Object Repository/3_Edit_Channel/Send_Channel_Desktop_Notifications_(For_all_activity)/Page_CS420 - Bumblebee Mattermost/span_CS420_channelHeaderDropdownIcon")): Object: 'Object Repository/3_Edit_Channel/Send_Channel_Desktop_Notifications_(For_all_activity)/Page_CS420 - Bumblebee Mattermost/span_CS420_channelHeaderDropdownIcon' is clicked on

2019-12-28 22:58:20 - [MESSAGE][PASSED] - Object: 'Object Repository/3_Edit_Channel/Send_Channel_Desktop_Notifications_(For_all_activity)/Page_CS420 - Bumblebee Mattermost/span_CS420_channelHeaderDropdownIcon' is clicked on

2019-12-28 22:58:20 - [TEST_STEP][PASSED] - click(findTestObject("Object Repository/3_Edit_Channel/Send_Channel_Desktop_Notifications_(For_all_activity)/Page_CS420 - Bumblebee Mattermost/button_Notification Preferences")): Object: 'Object Repository/3_Edit_Channel/Send_Channel_Desktop_Notifications_(For_all_activity)/Page_CS420 - Bumblebee Mattermost/button_Notification Preferences' is clicked on

2019-12-28 22:58:21 - [MESSAGE][PASSED] - Object: 'Object Repository/3_Edit_Channel/Send_Channel_Desktop_Notifications_(For_all_activity)/Page_CS420 - Bumblebee Mattermost/button_Notification Preferences' is clicked on

2019-12-28 22:58:21 - [TEST_STEP][PASSED] - click(findTestObject("Object Repository/3_Edit_Channel/Send_Channel_Desktop_Notifications_(For_all_activity)/Page_CS420 - Bumblebee Mattermost/span_Edit")): Object: 'Object Repository/3_Edit_Channel/Send_Channel_Desktop_Notifications_(For_all_activity)/Page_CS420 - Bumblebee Mattermost/span_Edit' is clicked on

2019-12-28 22:58:22 - [MESSAGE][PASSED] - Object: 'Object Repository/3_Edit_Channel/Send_Channel_Desktop_Notifications_(For_all_activity)/Page_CS420 - Bumblebee Mattermost/span_Edit' is clicked on

2019-12-28 22:58:22 - [TEST_STEP][PASSED] - click(findTestObject("Object Repository/3_Edit_Channel/Send_Channel_Desktop_Notifications_(For_all_activity)/Page_CS420 - Bumblebee Mattermost/input_)_channelDesktopNotifications")): Object: 'Object Repository/3_Edit_Channel/Send_Channel_Desktop_Notifications_(For_all_activity)/Page_CS420 - Bumblebee Mattermost/input_)_channelDesktopNotifications' is clicked on

2019-12-28 22:58:22 - [MESSAGE][PASSED] - Object: 'Object Repository/3_Edit_Channel/Send_Channel_Desktop_Notifications_(For_all_activity)/Page_CS420 - Bumblebee Mattermost/input_)_channelDesktopNotifications' is clicked on

2019-12-28 22:58:22 - [TEST_STEP][PASSED] - click(findTestObject("Object Repository/3_Edit_Channel/Send_Channel_Desktop_Notifications_(For_all_activity)/Page_CS420 - Bumblebee Mattermost/span_Save")): Object: 'Object Repository/3_Edit_Channel/Send_Channel_Desktop_Notifications_(For_all_activity)/Page_CS420 - Bumblebee Mattermost/span_Save' is clicked on

2019-12-28 22:58:23 - [MESSAGE][PASSED] - Object: 'Object Repository/3_Edit_Channel/Send_Channel_Desktop_Notifications_(For_all_activity)/Page_CS420 - Bumblebee Mattermost/span_Save' is clicked on

2019-12-28 22:58:23 - [TEST_STEP][PASSED] - click(findTestObject("Object Repository/3_Edit_Channel/Send_Channel_Desktop_Notifications_(For_all_activity)/Page_CS420 - Bumblebee Mattermost/span_")): Object: 'Object Repository/3_Edit_Channel/Send_Channel_Desktop_Notifications_(For_all_activity)/Page_CS420 - Bumblebee Mattermost/span_' is clicked on

2019-12-28 22:58:24 - [MESSAGE][PASSED] - Object: 'Object Repository/3_Edit_Channel/Send_Channel_Desktop_Notifications_(For_all_activity)/Page_CS420 - Bumblebee Mattermost/span_' is clicked on

2019-12-28 22:58:24 - [TEST_STEP][PASSED] - click(findTestObject("Object Repository/3_Edit_Channel/Send_Channel_Desktop_Notifications_(For_all_activity)/Page_CS420 - Bumblebee Mattermost/span_CS420_channelHeaderDropdownIcon")): Object: 'Object Repository/3_Edit_Channel/Send_Channel_Desktop_Notifications_(For_all_activity)/Page_CS420 - Bumblebee Mattermost/span_CS420_channelHeaderDropdownIcon' is clicked on

2019-12-28 22:58:24 - [MESSAGE][PASSED] - Object: 'Object Repository/3_Edit_Channel/Send_Channel_Desktop_Notifications_(For_all_activity)/Page_CS420 - Bumblebee Mattermost/span_CS420_channelHeaderDropdownIcon' is clicked on

2019-12-28 22:58:24 - [TEST_STEP][PASSED] - click(findTestObject("Object Repository/3_Edit_Channel/Send_Channel_Desktop_Notifications_(For_all_activity)/Page_CS420 - Bumblebee Mattermost/button_Notification Preferences")): Object: 'Object Repository/3_Edit_Channel/Send_Channel_Desktop_Notifications_(For_all_activity)/Page_CS420 - Bumblebee Mattermost/button_Notification Preferences' is clicked on

2019-12-28 22:58:25 - [MESSAGE][PASSED] - Object: 'Object Repository/3_Edit_Channel/Send_Channel_Desktop_Notifications_(For_all_activity)/Page_CS420 - Bumblebee Mattermost/button_Notification Preferences' is clicked on

2019-12-28 22:58:25 - [TEST_STEP][PASSED] - click(findTestObject("Object Repository/3_Edit_Channel/Send_Channel_Desktop_Notifications_(For_all_activity)/Page_CS420 - Bumblebee Mattermost/span_Edit")): Object: 'Object Repository/3_Edit_Channel/Send_Channel_Desktop_Notifications_(For_all_activity)/Page_CS420 - Bumblebee Mattermost/span_Edit' is clicked on

2019-12-28 22:58:26 - [MESSAGE][PASSED] - Object: 'Object Repository/3_Edit_Channel/Send_Channel_Desktop_Notifications_(For_all_activity)/Page_CS420 - Bumblebee Mattermost/span_Edit' is clicked on

2019-12-28 22:58:26 - [TEST_STEP][PASSED] - click(findTestObject("Object Repository/3_Edit_Channel/Send_Channel_Desktop_Notifications_(For_all_activity)/Page_CS420 - Bumblebee Mattermost/input_Send desktop notifications_channelDes_fc0b33")): Object: 'Object Repository/3_Edit_Channel/Send_Channel_Desktop_Notifications_(For_all_activity)/Page_CS420 - Bumblebee Mattermost/input_Send desktop notifications_channelDes_fc0b33' is clicked on

2019-12-28 22:58:27 - [MESSAGE][PASSED] - Object: 'Object Repository/3_Edit_Channel/Send_Channel_Desktop_Notifications_(For_all_activity)/Page_CS420 - Bumblebee Mattermost/input_Send desktop notifications_channelDes_fc0b33' is clicked on

2019-12-28 22:58:27 - [TEST_STEP][PASSED] - click(findTestObject("Object Repository/3_Edit_Channel/Send_Channel_Desktop_Notifications_(For_all_activity)/Page_CS420 - Bumblebee Mattermost/span_Save")): Object: 'Object Repository/3_Edit_Channel/Send_Channel_Desktop_Notifications_(For_all_activity)/Page_CS420 - Bumblebee Mattermost/span_Save' is clicked on

2019-12-28 22:58:27 - [MESSAGE][PASSED] - Object: 'Object Repository/3_Edit_Channel/Send_Channel_Desktop_Notifications_(For_all_activity)/Page_CS420 - Bumblebee Mattermost/span_Save' is clicked on

2019-12-28 22:58:27 - [TEST_STEP][PASSED] - click(findTestObject("Object Repository/3_Edit_Channel/Send_Channel_Desktop_Notifications_(For_all_activity)/Page_CS420 - Bumblebee Mattermost/span_")): Object: 'Object Repository/3_Edit_Channel/Send_Channel_Desktop_Notifications_(For_all_activity)/Page_CS420 - Bumblebee Mattermost/span_' is clicked on

2019-12-28 22:58:28 - [MESSAGE][PASSED] - Object: 'Object Repository/3_Edit_Channel/Send_Channel_Desktop_Notifications_(For_all_activity)/Page_CS420 - Bumblebee Mattermost/span_' is clicked on

2019-12-28 22:58:28 - [TEST_STEP][NOT_RUN] - closeBrowser(): NOT_RUN: closeBrowser()

2019-12-28 22:58:28 - [MESSAGE][NOT_RUN] - NOT_RUN: closeBrowser()]]></system-out>
         <system-err><![CDATA[]]></system-err>
      </testcase>
      <testcase name="Test Cases/3_Edit_Channel/Add_New_Member_To_Channel" time="49.901" classname="Test Cases/3_Edit_Channel/Add_New_Member_To_Channel" status="FAILED">
         <failure type="FAILED" message="Test Cases/3_Edit_Channel/Add_New_Member_To_Channel FAILED.
Reason:
com.kms.katalon.core.exception.StepFailedException: Unable to click on object 'Object Repository/3_Edit_Channel/Add_New_Member_To_Channel/Page_(1)  1HDHFClGY4 - Bumblebee Mattermost/span_Invite others to this channel'
	at com.kms.katalon.core.webui.keyword.internal.WebUIKeywordMain.stepFailed(WebUIKeywordMain.groovy:64)
	at com.kms.katalon.core.webui.keyword.internal.WebUIKeywordMain.runKeyword(WebUIKeywordMain.groovy:26)
	at com.kms.katalon.core.webui.keyword.builtin.ClickKeyword.click(ClickKeyword.groovy:102)
	at com.kms.katalon.core.webui.keyword.builtin.ClickKeyword.execute(ClickKeyword.groovy:43)
	at com.kms.katalon.core.keyword.internal.KeywordExecutor.executeKeywordForPlatform(KeywordExecutor.groovy:72)
	at com.kms.katalon.core.webui.keyword.WebUiBuiltInKeywords.click(WebUiBuiltInKeywords.groovy:616)
	at com.kms.katalon.core.webui.keyword.WebUiBuiltInKeywords$click$1.call(Unknown Source)
	at Add_New_Member_To_Channel.run(Add_New_Member_To_Channel:23)
	at com.kms.katalon.core.main.ScriptEngine.run(ScriptEngine.java:194)
	at com.kms.katalon.core.main.ScriptEngine.runScriptAsRawText(ScriptEngine.java:119)
	at com.kms.katalon.core.main.TestCaseExecutor.runScript(TestCaseExecutor.java:337)
	at com.kms.katalon.core.main.TestCaseExecutor.doExecute(TestCaseExecutor.java:328)
	at com.kms.katalon.core.main.TestCaseExecutor.processExecutionPhase(TestCaseExecutor.java:307)
	at com.kms.katalon.core.main.TestCaseExecutor.accessMainPhase(TestCaseExecutor.java:299)
	at com.kms.katalon.core.main.TestCaseExecutor.execute(TestCaseExecutor.java:233)
	at com.kms.katalon.core.main.TestSuiteExecutor.accessTestCaseMainPhase(TestSuiteExecutor.java:169)
	at com.kms.katalon.core.main.TestSuiteExecutor.accessTestSuiteMainPhase(TestSuiteExecutor.java:142)
	at com.kms.katalon.core.main.TestSuiteExecutor.execute(TestSuiteExecutor.java:91)
	at com.kms.katalon.core.main.TestCaseMain.startTestSuite(TestCaseMain.java:157)
	at com.kms.katalon.core.main.TestCaseMain$startTestSuite$0.call(Unknown Source)
	at TempTestSuite1577547168865.run(TempTestSuite1577547168865.groovy:36)
Caused by: com.kms.katalon.core.webui.exception.WebElementNotFoundException: Web element with id: 'Object Repository/3_Edit_Channel/Add_New_Member_To_Channel/Page_(1)  1HDHFClGY4 - Bumblebee Mattermost/span_Invite others to this channel' located by 'By.xpath: //div[@id='channelIntro']/button/span' not found
	at com.kms.katalon.core.webui.common.WebUiCommonHelper.findWebElement(WebUiCommonHelper.java:1154)
	at com.kms.katalon.core.webui.keyword.internal.WebUIAbstractKeyword.findWebElement(WebUIAbstractKeyword.groovy:27)
	at com.kms.katalon.core.webui.keyword.internal.WebUIAbstractKeyword.findWebElement(WebUIAbstractKeyword.groovy:26)
	at com.kms.katalon.core.webui.keyword.builtin.ClickKeyword$_click_closure1.doCall(ClickKeyword.groovy:67)
	at com.kms.katalon.core.webui.keyword.builtin.ClickKeyword$_click_closure1.call(ClickKeyword.groovy)
	at com.kms.katalon.core.webui.keyword.internal.WebUIKeywordMain.runKeyword(WebUIKeywordMain.groovy:20)
	... 19 more
"/>
         <system-out><![CDATA[2019-12-28 22:58:28 - [TEST_CASE][FAILED] - Test Cases/3_Edit_Channel/Add_New_Member_To_Channel: Test Cases/3_Edit_Channel/Add_New_Member_To_Channel FAILED.
Reason:
com.kms.katalon.core.exception.StepFailedException: Unable to click on object 'Object Repository/3_Edit_Channel/Add_New_Member_To_Channel/Page_(1)  1HDHFClGY4 - Bumblebee Mattermost/span_Invite others to this channel'
	at com.kms.katalon.core.webui.keyword.internal.WebUIKeywordMain.stepFailed(WebUIKeywordMain.groovy:64)
	at com.kms.katalon.core.webui.keyword.internal.WebUIKeywordMain.runKeyword(WebUIKeywordMain.groovy:26)
	at com.kms.katalon.core.webui.keyword.builtin.ClickKeyword.click(ClickKeyword.groovy:102)
	at com.kms.katalon.core.webui.keyword.builtin.ClickKeyword.execute(ClickKeyword.groovy:43)
	at com.kms.katalon.core.keyword.internal.KeywordExecutor.executeKeywordForPlatform(KeywordExecutor.groovy:72)
	at com.kms.katalon.core.webui.keyword.WebUiBuiltInKeywords.click(WebUiBuiltInKeywords.groovy:616)
	at com.kms.katalon.core.webui.keyword.WebUiBuiltInKeywords$click$1.call(Unknown Source)
	at Add_New_Member_To_Channel.run(Add_New_Member_To_Channel:23)
	at com.kms.katalon.core.main.ScriptEngine.run(ScriptEngine.java:194)
	at com.kms.katalon.core.main.ScriptEngine.runScriptAsRawText(ScriptEngine.java:119)
	at com.kms.katalon.core.main.TestCaseExecutor.runScript(TestCaseExecutor.java:337)
	at com.kms.katalon.core.main.TestCaseExecutor.doExecute(TestCaseExecutor.java:328)
	at com.kms.katalon.core.main.TestCaseExecutor.processExecutionPhase(TestCaseExecutor.java:307)
	at com.kms.katalon.core.main.TestCaseExecutor.accessMainPhase(TestCaseExecutor.java:299)
	at com.kms.katalon.core.main.TestCaseExecutor.execute(TestCaseExecutor.java:233)
	at com.kms.katalon.core.main.TestSuiteExecutor.accessTestCaseMainPhase(TestSuiteExecutor.java:169)
	at com.kms.katalon.core.main.TestSuiteExecutor.accessTestSuiteMainPhase(TestSuiteExecutor.java:142)
	at com.kms.katalon.core.main.TestSuiteExecutor.execute(TestSuiteExecutor.java:91)
	at com.kms.katalon.core.main.TestCaseMain.startTestSuite(TestCaseMain.java:157)
	at com.kms.katalon.core.main.TestCaseMain$startTestSuite$0.call(Unknown Source)
	at TempTestSuite1577547168865.run(TempTestSuite1577547168865.groovy:36)
Caused by: com.kms.katalon.core.webui.exception.WebElementNotFoundException: Web element with id: 'Object Repository/3_Edit_Channel/Add_New_Member_To_Channel/Page_(1)  1HDHFClGY4 - Bumblebee Mattermost/span_Invite others to this channel' located by 'By.xpath: //div[@id='channelIntro']/button/span' not found
	at com.kms.katalon.core.webui.common.WebUiCommonHelper.findWebElement(WebUiCommonHelper.java:1154)
	at com.kms.katalon.core.webui.keyword.internal.WebUIAbstractKeyword.findWebElement(WebUIAbstractKeyword.groovy:27)
	at com.kms.katalon.core.webui.keyword.internal.WebUIAbstractKeyword.findWebElement(WebUIAbstractKeyword.groovy:26)
	at com.kms.katalon.core.webui.keyword.builtin.ClickKeyword$_click_closure1.doCall(ClickKeyword.groovy:67)
	at com.kms.katalon.core.webui.keyword.builtin.ClickKeyword$_click_closure1.call(ClickKeyword.groovy)
	at com.kms.katalon.core.webui.keyword.internal.WebUIKeywordMain.runKeyword(WebUIKeywordMain.groovy:20)
	... 19 more


2019-12-28 22:58:29 - [TEST_STEP][PASSED] - openBrowser(""): Browser is opened with url: ''

2019-12-28 22:58:29 - [MESSAGE][PASSED] - Browser is opened with url: ''

2019-12-28 22:58:29 - [TEST_STEP][PASSED] - navigateToUrl("https://mattermost-duo-test-yen.herokuapp.com/bumblebee/channels/1hdhfclgy4"): Navigate to 'https://mattermost-duo-test-yen.herokuapp.com/bumblebee/channels/1hdhfclgy4' successfully

2019-12-28 22:58:31 - [MESSAGE][PASSED] - Navigate to 'https://mattermost-duo-test-yen.herokuapp.com/bumblebee/channels/1hdhfclgy4' successfully

2019-12-28 22:58:31 - [TEST_STEP][FAILED] - click(findTestObject("Object Repository/3_Edit_Channel/Add_New_Member_To_Channel/Page_(1)  1HDHFClGY4 - Bumblebee Mattermost/span_Invite others to this channel")): Unable to click on object 'Object Repository/3_Edit_Channel/Add_New_Member_To_Channel/Page_(1)  1HDHFClGY4 - Bumblebee Mattermost/span_Invite others to this channel' (Root cause: com.kms.katalon.core.exception.StepFailedException: Unable to click on object 'Object Repository/3_Edit_Channel/Add_New_Member_To_Channel/Page_(1)  1HDHFClGY4 - Bumblebee Mattermost/span_Invite others to this channel'
	at com.kms.katalon.core.webui.keyword.internal.WebUIKeywordMain.stepFailed(WebUIKeywordMain.groovy:64)
	at com.kms.katalon.core.webui.keyword.internal.WebUIKeywordMain.runKeyword(WebUIKeywordMain.groovy:26)
	at com.kms.katalon.core.webui.keyword.builtin.ClickKeyword.click(ClickKeyword.groovy:102)
	at com.kms.katalon.core.webui.keyword.builtin.ClickKeyword.execute(ClickKeyword.groovy:43)
	at com.kms.katalon.core.keyword.internal.KeywordExecutor.executeKeywordForPlatform(KeywordExecutor.groovy:72)
	at com.kms.katalon.core.webui.keyword.WebUiBuiltInKeywords.click(WebUiBuiltInKeywords.groovy:616)
	at com.kms.katalon.core.webui.keyword.WebUiBuiltInKeywords$click$1.call(Unknown Source)
	at Add_New_Member_To_Channel.run(Add_New_Member_To_Channel:23)
	at com.kms.katalon.core.main.ScriptEngine.run(ScriptEngine.java:194)
	at com.kms.katalon.core.main.ScriptEngine.runScriptAsRawText(ScriptEngine.java:119)
	at com.kms.katalon.core.main.TestCaseExecutor.runScript(TestCaseExecutor.java:337)
	at com.kms.katalon.core.main.TestCaseExecutor.doExecute(TestCaseExecutor.java:328)
	at com.kms.katalon.core.main.TestCaseExecutor.processExecutionPhase(TestCaseExecutor.java:307)
	at com.kms.katalon.core.main.TestCaseExecutor.accessMainPhase(TestCaseExecutor.java:299)
	at com.kms.katalon.core.main.TestCaseExecutor.execute(TestCaseExecutor.java:233)
	at com.kms.katalon.core.main.TestSuiteExecutor.accessTestCaseMainPhase(TestSuiteExecutor.java:169)
	at com.kms.katalon.core.main.TestSuiteExecutor.accessTestSuiteMainPhase(TestSuiteExecutor.java:142)
	at com.kms.katalon.core.main.TestSuiteExecutor.execute(TestSuiteExecutor.java:91)
	at com.kms.katalon.core.main.TestCaseMain.startTestSuite(TestCaseMain.java:157)
	at com.kms.katalon.core.main.TestCaseMain$startTestSuite$0.call(Unknown Source)
	at TempTestSuite1577547168865.run(TempTestSuite1577547168865.groovy:36)
Caused by: com.kms.katalon.core.webui.exception.WebElementNotFoundException: Web element with id: 'Object Repository/3_Edit_Channel/Add_New_Member_To_Channel/Page_(1)  1HDHFClGY4 - Bumblebee Mattermost/span_Invite others to this channel' located by 'By.xpath: //div[@id='channelIntro']/button/span' not found
	at com.kms.katalon.core.webui.common.WebUiCommonHelper.findWebElement(WebUiCommonHelper.java:1154)
	at com.kms.katalon.core.webui.keyword.internal.WebUIAbstractKeyword.findWebElement(WebUIAbstractKeyword.groovy:27)
	at com.kms.katalon.core.webui.keyword.internal.WebUIAbstractKeyword.findWebElement(WebUIAbstractKeyword.groovy:26)
	at com.kms.katalon.core.webui.keyword.builtin.ClickKeyword$_click_closure1.doCall(ClickKeyword.groovy:67)
	at com.kms.katalon.core.webui.keyword.builtin.ClickKeyword$_click_closure1.call(ClickKeyword.groovy)
	at com.kms.katalon.core.webui.keyword.internal.WebUIKeywordMain.runKeyword(WebUIKeywordMain.groovy:20)
	at com.kms.katalon.core.webui.keyword.builtin.ClickKeyword.click(ClickKeyword.groovy:102)
	at com.kms.katalon.core.webui.keyword.builtin.ClickKeyword.execute(ClickKeyword.groovy:43)
	at com.kms.katalon.core.keyword.internal.KeywordExecutor.executeKeywordForPlatform(KeywordExecutor.groovy:72)
	at com.kms.katalon.core.webui.keyword.WebUiBuiltInKeywords.click(WebUiBuiltInKeywords.groovy:616)
	at com.kms.katalon.core.webui.keyword.WebUiBuiltInKeywords$click$1.call(Unknown Source)
	at Script1577537871450.run(Script1577537871450.groovy:23)
	... 13 more
)

2019-12-28 22:59:16 - [MESSAGE][INFO] - Unable to find the element located by 'By.xpath: //div[@id='channelIntro']/button/span'. Please recheck the objects properties to make sure the desired element is located. 

2019-12-28 22:59:16 - [MESSAGE][INFO] - [SMART_XPATH] Auto-trying out other XPath values in the test object.

2019-12-28 22:59:16 - [MESSAGE][INFO] - [SMART_XPATH] FAILED XPATH: '//div[@id='channelIntro']/button/span'.

2019-12-28 22:59:16 - [MESSAGE][INFO] - [SMART_XPATH] FAILED XPATH: '(.//*[normalize-space(text()) and normalize-space(.)=concat('This channel', "'", 's purpose is: bYFMklGQjG')])[1]/following::span[1]'.

2019-12-28 22:59:17 - [MESSAGE][INFO] - [SMART_XPATH] FAILED XPATH: '(.//*[normalize-space(text()) and normalize-space(.)='Any member can join and read this channel.'])[1]/following::span[3]'.

2019-12-28 22:59:17 - [MESSAGE][INFO] - [SMART_XPATH] FAILED XPATH: '(.//*[normalize-space(text()) and normalize-space(.)='Set a Header'])[1]/preceding::span[1]'.

2019-12-28 22:59:17 - [MESSAGE][INFO] - [SMART_XPATH] FAILED XPATH: '(.//*[normalize-space(text()) and normalize-space(.)='Sat, Dec 21, 2019'])[1]/preceding::span[1]'.

2019-12-28 22:59:17 - [MESSAGE][INFO] - [SMART_XPATH] FAILED XPATH: '//*/text()[normalize-space(.)='Invite others to this channel']/parent::*'.

2019-12-28 22:59:18 - [MESSAGE][INFO] - [SMART_XPATH] FAILED XPATH: '//div[2]/div/div/div/div/div/div/div/div/button/span'.

2019-12-28 22:59:18 - [MESSAGE][INFO] - [SMART_XPATH] No working XPath is found.

2019-12-28 22:59:18 - [MESSAGE][FAILED] - Unable to click on object 'Object Repository/3_Edit_Channel/Add_New_Member_To_Channel/Page_(1)  1HDHFClGY4 - Bumblebee Mattermost/span_Invite others to this channel' (Root cause: com.kms.katalon.core.exception.StepFailedException: Unable to click on object 'Object Repository/3_Edit_Channel/Add_New_Member_To_Channel/Page_(1)  1HDHFClGY4 - Bumblebee Mattermost/span_Invite others to this channel'
	at com.kms.katalon.core.webui.keyword.internal.WebUIKeywordMain.stepFailed(WebUIKeywordMain.groovy:64)
	at com.kms.katalon.core.webui.keyword.internal.WebUIKeywordMain.runKeyword(WebUIKeywordMain.groovy:26)
	at com.kms.katalon.core.webui.keyword.builtin.ClickKeyword.click(ClickKeyword.groovy:102)
	at com.kms.katalon.core.webui.keyword.builtin.ClickKeyword.execute(ClickKeyword.groovy:43)
	at com.kms.katalon.core.keyword.internal.KeywordExecutor.executeKeywordForPlatform(KeywordExecutor.groovy:72)
	at com.kms.katalon.core.webui.keyword.WebUiBuiltInKeywords.click(WebUiBuiltInKeywords.groovy:616)
	at com.kms.katalon.core.webui.keyword.WebUiBuiltInKeywords$click$1.call(Unknown Source)
	at Add_New_Member_To_Channel.run(Add_New_Member_To_Channel:23)
	at com.kms.katalon.core.main.ScriptEngine.run(ScriptEngine.java:194)
	at com.kms.katalon.core.main.ScriptEngine.runScriptAsRawText(ScriptEngine.java:119)
	at com.kms.katalon.core.main.TestCaseExecutor.runScript(TestCaseExecutor.java:337)
	at com.kms.katalon.core.main.TestCaseExecutor.doExecute(TestCaseExecutor.java:328)
	at com.kms.katalon.core.main.TestCaseExecutor.processExecutionPhase(TestCaseExecutor.java:307)
	at com.kms.katalon.core.main.TestCaseExecutor.accessMainPhase(TestCaseExecutor.java:299)
	at com.kms.katalon.core.main.TestCaseExecutor.execute(TestCaseExecutor.java:233)
	at com.kms.katalon.core.main.TestSuiteExecutor.accessTestCaseMainPhase(TestSuiteExecutor.java:169)
	at com.kms.katalon.core.main.TestSuiteExecutor.accessTestSuiteMainPhase(TestSuiteExecutor.java:142)
	at com.kms.katalon.core.main.TestSuiteExecutor.execute(TestSuiteExecutor.java:91)
	at com.kms.katalon.core.main.TestCaseMain.startTestSuite(TestCaseMain.java:157)
	at com.kms.katalon.core.main.TestCaseMain$startTestSuite$0.call(Unknown Source)
	at TempTestSuite1577547168865.run(TempTestSuite1577547168865.groovy:36)
Caused by: com.kms.katalon.core.webui.exception.WebElementNotFoundException: Web element with id: 'Object Repository/3_Edit_Channel/Add_New_Member_To_Channel/Page_(1)  1HDHFClGY4 - Bumblebee Mattermost/span_Invite others to this channel' located by 'By.xpath: //div[@id='channelIntro']/button/span' not found
	at com.kms.katalon.core.webui.common.WebUiCommonHelper.findWebElement(WebUiCommonHelper.java:1154)
	at com.kms.katalon.core.webui.keyword.internal.WebUIAbstractKeyword.findWebElement(WebUIAbstractKeyword.groovy:27)
	at com.kms.katalon.core.webui.keyword.internal.WebUIAbstractKeyword.findWebElement(WebUIAbstractKeyword.groovy:26)
	at com.kms.katalon.core.webui.keyword.builtin.ClickKeyword$_click_closure1.doCall(ClickKeyword.groovy:67)
	at com.kms.katalon.core.webui.keyword.builtin.ClickKeyword$_click_closure1.call(ClickKeyword.groovy)
	at com.kms.katalon.core.webui.keyword.internal.WebUIKeywordMain.runKeyword(WebUIKeywordMain.groovy:20)
	at com.kms.katalon.core.webui.keyword.builtin.ClickKeyword.click(ClickKeyword.groovy:102)
	at com.kms.katalon.core.webui.keyword.builtin.ClickKeyword.execute(ClickKeyword.groovy:43)
	at com.kms.katalon.core.keyword.internal.KeywordExecutor.executeKeywordForPlatform(KeywordExecutor.groovy:72)
	at com.kms.katalon.core.webui.keyword.WebUiBuiltInKeywords.click(WebUiBuiltInKeywords.groovy:616)
	at com.kms.katalon.core.webui.keyword.WebUiBuiltInKeywords$click$1.call(Unknown Source)
	at Script1577537871450.run(Script1577537871450.groovy:23)
	... 13 more
)
[[ATTACHMENT|/Users/nguyentri/Desktop/Learn/SoftwareEngineer/mattermost-duo-test/Reports/20191228_223248/Run_all_test_cases/20191228_223248/1577548758166.png]]]]></system-out>
         <system-err><![CDATA[2019-12-28 22:58:28 - [TEST_CASE][FAILED] - Test Cases/3_Edit_Channel/Add_New_Member_To_Channel: Test Cases/3_Edit_Channel/Add_New_Member_To_Channel FAILED.
Reason:
com.kms.katalon.core.exception.StepFailedException: Unable to click on object 'Object Repository/3_Edit_Channel/Add_New_Member_To_Channel/Page_(1)  1HDHFClGY4 - Bumblebee Mattermost/span_Invite others to this channel'
	at com.kms.katalon.core.webui.keyword.internal.WebUIKeywordMain.stepFailed(WebUIKeywordMain.groovy:64)
	at com.kms.katalon.core.webui.keyword.internal.WebUIKeywordMain.runKeyword(WebUIKeywordMain.groovy:26)
	at com.kms.katalon.core.webui.keyword.builtin.ClickKeyword.click(ClickKeyword.groovy:102)
	at com.kms.katalon.core.webui.keyword.builtin.ClickKeyword.execute(ClickKeyword.groovy:43)
	at com.kms.katalon.core.keyword.internal.KeywordExecutor.executeKeywordForPlatform(KeywordExecutor.groovy:72)
	at com.kms.katalon.core.webui.keyword.WebUiBuiltInKeywords.click(WebUiBuiltInKeywords.groovy:616)
	at com.kms.katalon.core.webui.keyword.WebUiBuiltInKeywords$click$1.call(Unknown Source)
	at Add_New_Member_To_Channel.run(Add_New_Member_To_Channel:23)
	at com.kms.katalon.core.main.ScriptEngine.run(ScriptEngine.java:194)
	at com.kms.katalon.core.main.ScriptEngine.runScriptAsRawText(ScriptEngine.java:119)
	at com.kms.katalon.core.main.TestCaseExecutor.runScript(TestCaseExecutor.java:337)
	at com.kms.katalon.core.main.TestCaseExecutor.doExecute(TestCaseExecutor.java:328)
	at com.kms.katalon.core.main.TestCaseExecutor.processExecutionPhase(TestCaseExecutor.java:307)
	at com.kms.katalon.core.main.TestCaseExecutor.accessMainPhase(TestCaseExecutor.java:299)
	at com.kms.katalon.core.main.TestCaseExecutor.execute(TestCaseExecutor.java:233)
	at com.kms.katalon.core.main.TestSuiteExecutor.accessTestCaseMainPhase(TestSuiteExecutor.java:169)
	at com.kms.katalon.core.main.TestSuiteExecutor.accessTestSuiteMainPhase(TestSuiteExecutor.java:142)
	at com.kms.katalon.core.main.TestSuiteExecutor.execute(TestSuiteExecutor.java:91)
	at com.kms.katalon.core.main.TestCaseMain.startTestSuite(TestCaseMain.java:157)
	at com.kms.katalon.core.main.TestCaseMain$startTestSuite$0.call(Unknown Source)
	at TempTestSuite1577547168865.run(TempTestSuite1577547168865.groovy:36)
Caused by: com.kms.katalon.core.webui.exception.WebElementNotFoundException: Web element with id: 'Object Repository/3_Edit_Channel/Add_New_Member_To_Channel/Page_(1)  1HDHFClGY4 - Bumblebee Mattermost/span_Invite others to this channel' located by 'By.xpath: //div[@id='channelIntro']/button/span' not found
	at com.kms.katalon.core.webui.common.WebUiCommonHelper.findWebElement(WebUiCommonHelper.java:1154)
	at com.kms.katalon.core.webui.keyword.internal.WebUIAbstractKeyword.findWebElement(WebUIAbstractKeyword.groovy:27)
	at com.kms.katalon.core.webui.keyword.internal.WebUIAbstractKeyword.findWebElement(WebUIAbstractKeyword.groovy:26)
	at com.kms.katalon.core.webui.keyword.builtin.ClickKeyword$_click_closure1.doCall(ClickKeyword.groovy:67)
	at com.kms.katalon.core.webui.keyword.builtin.ClickKeyword$_click_closure1.call(ClickKeyword.groovy)
	at com.kms.katalon.core.webui.keyword.internal.WebUIKeywordMain.runKeyword(WebUIKeywordMain.groovy:20)
	... 19 more]]></system-err>
      </testcase>
      <testcase name="Test Cases/3_Edit_Channel/Add_New_Member_To_Channel_2" time="50.571" classname="Test Cases/3_Edit_Channel/Add_New_Member_To_Channel_2" status="FAILED">
         <failure type="FAILED" message="Test Cases/3_Edit_Channel/Add_New_Member_To_Channel_2 FAILED.
Reason:
com.kms.katalon.core.exception.StepFailedException: Unable to click on object 'Object Repository/3_Edit_Channel/Add_New_Member_To_Channel_2/Page_(1)  1HDHFClGY4 - Bumblebee Mattermost/div_1'
	at com.kms.katalon.core.webui.keyword.internal.WebUIKeywordMain.stepFailed(WebUIKeywordMain.groovy:64)
	at com.kms.katalon.core.webui.keyword.internal.WebUIKeywordMain.runKeyword(WebUIKeywordMain.groovy:26)
	at com.kms.katalon.core.webui.keyword.builtin.ClickKeyword.click(ClickKeyword.groovy:102)
	at com.kms.katalon.core.webui.keyword.builtin.ClickKeyword.execute(ClickKeyword.groovy:43)
	at com.kms.katalon.core.keyword.internal.KeywordExecutor.executeKeywordForPlatform(KeywordExecutor.groovy:72)
	at com.kms.katalon.core.webui.keyword.WebUiBuiltInKeywords.click(WebUiBuiltInKeywords.groovy:616)
	at com.kms.katalon.core.webui.keyword.WebUiBuiltInKeywords$click$1.call(Unknown Source)
	at Add_New_Member_To_Channel_2.run(Add_New_Member_To_Channel_2:23)
	at com.kms.katalon.core.main.ScriptEngine.run(ScriptEngine.java:194)
	at com.kms.katalon.core.main.ScriptEngine.runScriptAsRawText(ScriptEngine.java:119)
	at com.kms.katalon.core.main.TestCaseExecutor.runScript(TestCaseExecutor.java:337)
	at com.kms.katalon.core.main.TestCaseExecutor.doExecute(TestCaseExecutor.java:328)
	at com.kms.katalon.core.main.TestCaseExecutor.processExecutionPhase(TestCaseExecutor.java:307)
	at com.kms.katalon.core.main.TestCaseExecutor.accessMainPhase(TestCaseExecutor.java:299)
	at com.kms.katalon.core.main.TestCaseExecutor.execute(TestCaseExecutor.java:233)
	at com.kms.katalon.core.main.TestSuiteExecutor.accessTestCaseMainPhase(TestSuiteExecutor.java:169)
	at com.kms.katalon.core.main.TestSuiteExecutor.accessTestSuiteMainPhase(TestSuiteExecutor.java:142)
	at com.kms.katalon.core.main.TestSuiteExecutor.execute(TestSuiteExecutor.java:91)
	at com.kms.katalon.core.main.TestCaseMain.startTestSuite(TestCaseMain.java:157)
	at com.kms.katalon.core.main.TestCaseMain$startTestSuite$0.call(Unknown Source)
	at TempTestSuite1577547168865.run(TempTestSuite1577547168865.groovy:36)
Caused by: com.kms.katalon.core.webui.exception.WebElementNotFoundException: Web element with id: 'Object Repository/3_Edit_Channel/Add_New_Member_To_Channel_2/Page_(1)  1HDHFClGY4 - Bumblebee Mattermost/div_1' located by 'By.xpath: //button[@id='member_popover']/div' not found
	at com.kms.katalon.core.webui.common.WebUiCommonHelper.findWebElement(WebUiCommonHelper.java:1154)
	at com.kms.katalon.core.webui.keyword.internal.WebUIAbstractKeyword.findWebElement(WebUIAbstractKeyword.groovy:27)
	at com.kms.katalon.core.webui.keyword.internal.WebUIAbstractKeyword.findWebElement(WebUIAbstractKeyword.groovy:26)
	at com.kms.katalon.core.webui.keyword.builtin.ClickKeyword$_click_closure1.doCall(ClickKeyword.groovy:67)
	at com.kms.katalon.core.webui.keyword.builtin.ClickKeyword$_click_closure1.call(ClickKeyword.groovy)
	at com.kms.katalon.core.webui.keyword.internal.WebUIKeywordMain.runKeyword(WebUIKeywordMain.groovy:20)
	... 19 more
"/>
         <system-out><![CDATA[2019-12-28 22:59:18 - [TEST_CASE][FAILED] - Test Cases/3_Edit_Channel/Add_New_Member_To_Channel_2: Test Cases/3_Edit_Channel/Add_New_Member_To_Channel_2 FAILED.
Reason:
com.kms.katalon.core.exception.StepFailedException: Unable to click on object 'Object Repository/3_Edit_Channel/Add_New_Member_To_Channel_2/Page_(1)  1HDHFClGY4 - Bumblebee Mattermost/div_1'
	at com.kms.katalon.core.webui.keyword.internal.WebUIKeywordMain.stepFailed(WebUIKeywordMain.groovy:64)
	at com.kms.katalon.core.webui.keyword.internal.WebUIKeywordMain.runKeyword(WebUIKeywordMain.groovy:26)
	at com.kms.katalon.core.webui.keyword.builtin.ClickKeyword.click(ClickKeyword.groovy:102)
	at com.kms.katalon.core.webui.keyword.builtin.ClickKeyword.execute(ClickKeyword.groovy:43)
	at com.kms.katalon.core.keyword.internal.KeywordExecutor.executeKeywordForPlatform(KeywordExecutor.groovy:72)
	at com.kms.katalon.core.webui.keyword.WebUiBuiltInKeywords.click(WebUiBuiltInKeywords.groovy:616)
	at com.kms.katalon.core.webui.keyword.WebUiBuiltInKeywords$click$1.call(Unknown Source)
	at Add_New_Member_To_Channel_2.run(Add_New_Member_To_Channel_2:23)
	at com.kms.katalon.core.main.ScriptEngine.run(ScriptEngine.java:194)
	at com.kms.katalon.core.main.ScriptEngine.runScriptAsRawText(ScriptEngine.java:119)
	at com.kms.katalon.core.main.TestCaseExecutor.runScript(TestCaseExecutor.java:337)
	at com.kms.katalon.core.main.TestCaseExecutor.doExecute(TestCaseExecutor.java:328)
	at com.kms.katalon.core.main.TestCaseExecutor.processExecutionPhase(TestCaseExecutor.java:307)
	at com.kms.katalon.core.main.TestCaseExecutor.accessMainPhase(TestCaseExecutor.java:299)
	at com.kms.katalon.core.main.TestCaseExecutor.execute(TestCaseExecutor.java:233)
	at com.kms.katalon.core.main.TestSuiteExecutor.accessTestCaseMainPhase(TestSuiteExecutor.java:169)
	at com.kms.katalon.core.main.TestSuiteExecutor.accessTestSuiteMainPhase(TestSuiteExecutor.java:142)
	at com.kms.katalon.core.main.TestSuiteExecutor.execute(TestSuiteExecutor.java:91)
	at com.kms.katalon.core.main.TestCaseMain.startTestSuite(TestCaseMain.java:157)
	at com.kms.katalon.core.main.TestCaseMain$startTestSuite$0.call(Unknown Source)
	at TempTestSuite1577547168865.run(TempTestSuite1577547168865.groovy:36)
Caused by: com.kms.katalon.core.webui.exception.WebElementNotFoundException: Web element with id: 'Object Repository/3_Edit_Channel/Add_New_Member_To_Channel_2/Page_(1)  1HDHFClGY4 - Bumblebee Mattermost/div_1' located by 'By.xpath: //button[@id='member_popover']/div' not found
	at com.kms.katalon.core.webui.common.WebUiCommonHelper.findWebElement(WebUiCommonHelper.java:1154)
	at com.kms.katalon.core.webui.keyword.internal.WebUIAbstractKeyword.findWebElement(WebUIAbstractKeyword.groovy:27)
	at com.kms.katalon.core.webui.keyword.internal.WebUIAbstractKeyword.findWebElement(WebUIAbstractKeyword.groovy:26)
	at com.kms.katalon.core.webui.keyword.builtin.ClickKeyword$_click_closure1.doCall(ClickKeyword.groovy:67)
	at com.kms.katalon.core.webui.keyword.builtin.ClickKeyword$_click_closure1.call(ClickKeyword.groovy)
	at com.kms.katalon.core.webui.keyword.internal.WebUIKeywordMain.runKeyword(WebUIKeywordMain.groovy:20)
	... 19 more


2019-12-28 22:59:19 - [TEST_STEP][PASSED] - openBrowser(""): Browser is opened with url: ''

2019-12-28 22:59:19 - [MESSAGE][PASSED] - Browser is opened with url: ''

2019-12-28 22:59:19 - [TEST_STEP][PASSED] - navigateToUrl("https://mattermost-duo-test-yen.herokuapp.com/bumblebee/channels/1hdhfclgy4"): Navigate to 'https://mattermost-duo-test-yen.herokuapp.com/bumblebee/channels/1hdhfclgy4' successfully

2019-12-28 22:59:21 - [MESSAGE][PASSED] - Navigate to 'https://mattermost-duo-test-yen.herokuapp.com/bumblebee/channels/1hdhfclgy4' successfully

2019-12-28 22:59:21 - [TEST_STEP][FAILED] - click(findTestObject("Object Repository/3_Edit_Channel/Add_New_Member_To_Channel_2/Page_(1)  1HDHFClGY4 - Bumblebee Mattermost/div_1")): Unable to click on object 'Object Repository/3_Edit_Channel/Add_New_Member_To_Channel_2/Page_(1)  1HDHFClGY4 - Bumblebee Mattermost/div_1' (Root cause: com.kms.katalon.core.exception.StepFailedException: Unable to click on object 'Object Repository/3_Edit_Channel/Add_New_Member_To_Channel_2/Page_(1)  1HDHFClGY4 - Bumblebee Mattermost/div_1'
	at com.kms.katalon.core.webui.keyword.internal.WebUIKeywordMain.stepFailed(WebUIKeywordMain.groovy:64)
	at com.kms.katalon.core.webui.keyword.internal.WebUIKeywordMain.runKeyword(WebUIKeywordMain.groovy:26)
	at com.kms.katalon.core.webui.keyword.builtin.ClickKeyword.click(ClickKeyword.groovy:102)
	at com.kms.katalon.core.webui.keyword.builtin.ClickKeyword.execute(ClickKeyword.groovy:43)
	at com.kms.katalon.core.keyword.internal.KeywordExecutor.executeKeywordForPlatform(KeywordExecutor.groovy:72)
	at com.kms.katalon.core.webui.keyword.WebUiBuiltInKeywords.click(WebUiBuiltInKeywords.groovy:616)
	at com.kms.katalon.core.webui.keyword.WebUiBuiltInKeywords$click$1.call(Unknown Source)
	at Add_New_Member_To_Channel_2.run(Add_New_Member_To_Channel_2:23)
	at com.kms.katalon.core.main.ScriptEngine.run(ScriptEngine.java:194)
	at com.kms.katalon.core.main.ScriptEngine.runScriptAsRawText(ScriptEngine.java:119)
	at com.kms.katalon.core.main.TestCaseExecutor.runScript(TestCaseExecutor.java:337)
	at com.kms.katalon.core.main.TestCaseExecutor.doExecute(TestCaseExecutor.java:328)
	at com.kms.katalon.core.main.TestCaseExecutor.processExecutionPhase(TestCaseExecutor.java:307)
	at com.kms.katalon.core.main.TestCaseExecutor.accessMainPhase(TestCaseExecutor.java:299)
	at com.kms.katalon.core.main.TestCaseExecutor.execute(TestCaseExecutor.java:233)
	at com.kms.katalon.core.main.TestSuiteExecutor.accessTestCaseMainPhase(TestSuiteExecutor.java:169)
	at com.kms.katalon.core.main.TestSuiteExecutor.accessTestSuiteMainPhase(TestSuiteExecutor.java:142)
	at com.kms.katalon.core.main.TestSuiteExecutor.execute(TestSuiteExecutor.java:91)
	at com.kms.katalon.core.main.TestCaseMain.startTestSuite(TestCaseMain.java:157)
	at com.kms.katalon.core.main.TestCaseMain$startTestSuite$0.call(Unknown Source)
	at TempTestSuite1577547168865.run(TempTestSuite1577547168865.groovy:36)
Caused by: com.kms.katalon.core.webui.exception.WebElementNotFoundException: Web element with id: 'Object Repository/3_Edit_Channel/Add_New_Member_To_Channel_2/Page_(1)  1HDHFClGY4 - Bumblebee Mattermost/div_1' located by 'By.xpath: //button[@id='member_popover']/div' not found
	at com.kms.katalon.core.webui.common.WebUiCommonHelper.findWebElement(WebUiCommonHelper.java:1154)
	at com.kms.katalon.core.webui.keyword.internal.WebUIAbstractKeyword.findWebElement(WebUIAbstractKeyword.groovy:27)
	at com.kms.katalon.core.webui.keyword.internal.WebUIAbstractKeyword.findWebElement(WebUIAbstractKeyword.groovy:26)
	at com.kms.katalon.core.webui.keyword.builtin.ClickKeyword$_click_closure1.doCall(ClickKeyword.groovy:67)
	at com.kms.katalon.core.webui.keyword.builtin.ClickKeyword$_click_closure1.call(ClickKeyword.groovy)
	at com.kms.katalon.core.webui.keyword.internal.WebUIKeywordMain.runKeyword(WebUIKeywordMain.groovy:20)
	at com.kms.katalon.core.webui.keyword.builtin.ClickKeyword.click(ClickKeyword.groovy:102)
	at com.kms.katalon.core.webui.keyword.builtin.ClickKeyword.execute(ClickKeyword.groovy:43)
	at com.kms.katalon.core.keyword.internal.KeywordExecutor.executeKeywordForPlatform(KeywordExecutor.groovy:72)
	at com.kms.katalon.core.webui.keyword.WebUiBuiltInKeywords.click(WebUiBuiltInKeywords.groovy:616)
	at com.kms.katalon.core.webui.keyword.WebUiBuiltInKeywords$click$1.call(Unknown Source)
	at Script1577538399222.run(Script1577538399222.groovy:23)
	... 13 more
)

2019-12-28 23:00:07 - [MESSAGE][INFO] - Unable to find the element located by 'By.xpath: //button[@id='member_popover']/div'. Please recheck the objects properties to make sure the desired element is located. 

2019-12-28 23:00:07 - [MESSAGE][INFO] - [SMART_XPATH] Auto-trying out other XPath values in the test object.

2019-12-28 23:00:07 - [MESSAGE][INFO] - [SMART_XPATH] FAILED XPATH: '//button[@id='member_popover']/div'.

2019-12-28 23:00:07 - [MESSAGE][INFO] - [SMART_XPATH] FAILED XPATH: '(.//*[normalize-space(text()) and normalize-space(.)='Drop a file to upload it.'])[1]/following::div[12]'.

2019-12-28 23:00:08 - [MESSAGE][INFO] - [SMART_XPATH] FAILED XPATH: '(.//*[normalize-space(text()) and normalize-space(.)='Toggle sidebar'])[1]/following::div[19]'.

2019-12-28 23:00:08 - [MESSAGE][INFO] - [SMART_XPATH] FAILED XPATH: '(.//*[normalize-space(text()) and normalize-space(.)='Search Options'])[1]/preceding::div[7]'.

2019-12-28 23:00:08 - [MESSAGE][INFO] - [SMART_XPATH] FAILED XPATH: '//button/div'.

2019-12-28 23:00:08 - [MESSAGE][INFO] - [SMART_XPATH] No working XPath is found.

2019-12-28 23:00:08 - [MESSAGE][FAILED] - Unable to click on object 'Object Repository/3_Edit_Channel/Add_New_Member_To_Channel_2/Page_(1)  1HDHFClGY4 - Bumblebee Mattermost/div_1' (Root cause: com.kms.katalon.core.exception.StepFailedException: Unable to click on object 'Object Repository/3_Edit_Channel/Add_New_Member_To_Channel_2/Page_(1)  1HDHFClGY4 - Bumblebee Mattermost/div_1'
	at com.kms.katalon.core.webui.keyword.internal.WebUIKeywordMain.stepFailed(WebUIKeywordMain.groovy:64)
	at com.kms.katalon.core.webui.keyword.internal.WebUIKeywordMain.runKeyword(WebUIKeywordMain.groovy:26)
	at com.kms.katalon.core.webui.keyword.builtin.ClickKeyword.click(ClickKeyword.groovy:102)
	at com.kms.katalon.core.webui.keyword.builtin.ClickKeyword.execute(ClickKeyword.groovy:43)
	at com.kms.katalon.core.keyword.internal.KeywordExecutor.executeKeywordForPlatform(KeywordExecutor.groovy:72)
	at com.kms.katalon.core.webui.keyword.WebUiBuiltInKeywords.click(WebUiBuiltInKeywords.groovy:616)
	at com.kms.katalon.core.webui.keyword.WebUiBuiltInKeywords$click$1.call(Unknown Source)
	at Add_New_Member_To_Channel_2.run(Add_New_Member_To_Channel_2:23)
	at com.kms.katalon.core.main.ScriptEngine.run(ScriptEngine.java:194)
	at com.kms.katalon.core.main.ScriptEngine.runScriptAsRawText(ScriptEngine.java:119)
	at com.kms.katalon.core.main.TestCaseExecutor.runScript(TestCaseExecutor.java:337)
	at com.kms.katalon.core.main.TestCaseExecutor.doExecute(TestCaseExecutor.java:328)
	at com.kms.katalon.core.main.TestCaseExecutor.processExecutionPhase(TestCaseExecutor.java:307)
	at com.kms.katalon.core.main.TestCaseExecutor.accessMainPhase(TestCaseExecutor.java:299)
	at com.kms.katalon.core.main.TestCaseExecutor.execute(TestCaseExecutor.java:233)
	at com.kms.katalon.core.main.TestSuiteExecutor.accessTestCaseMainPhase(TestSuiteExecutor.java:169)
	at com.kms.katalon.core.main.TestSuiteExecutor.accessTestSuiteMainPhase(TestSuiteExecutor.java:142)
	at com.kms.katalon.core.main.TestSuiteExecutor.execute(TestSuiteExecutor.java:91)
	at com.kms.katalon.core.main.TestCaseMain.startTestSuite(TestCaseMain.java:157)
	at com.kms.katalon.core.main.TestCaseMain$startTestSuite$0.call(Unknown Source)
	at TempTestSuite1577547168865.run(TempTestSuite1577547168865.groovy:36)
Caused by: com.kms.katalon.core.webui.exception.WebElementNotFoundException: Web element with id: 'Object Repository/3_Edit_Channel/Add_New_Member_To_Channel_2/Page_(1)  1HDHFClGY4 - Bumblebee Mattermost/div_1' located by 'By.xpath: //button[@id='member_popover']/div' not found
	at com.kms.katalon.core.webui.common.WebUiCommonHelper.findWebElement(WebUiCommonHelper.java:1154)
	at com.kms.katalon.core.webui.keyword.internal.WebUIAbstractKeyword.findWebElement(WebUIAbstractKeyword.groovy:27)
	at com.kms.katalon.core.webui.keyword.internal.WebUIAbstractKeyword.findWebElement(WebUIAbstractKeyword.groovy:26)
	at com.kms.katalon.core.webui.keyword.builtin.ClickKeyword$_click_closure1.doCall(ClickKeyword.groovy:67)
	at com.kms.katalon.core.webui.keyword.builtin.ClickKeyword$_click_closure1.call(ClickKeyword.groovy)
	at com.kms.katalon.core.webui.keyword.internal.WebUIKeywordMain.runKeyword(WebUIKeywordMain.groovy:20)
	at com.kms.katalon.core.webui.keyword.builtin.ClickKeyword.click(ClickKeyword.groovy:102)
	at com.kms.katalon.core.webui.keyword.builtin.ClickKeyword.execute(ClickKeyword.groovy:43)
	at com.kms.katalon.core.keyword.internal.KeywordExecutor.executeKeywordForPlatform(KeywordExecutor.groovy:72)
	at com.kms.katalon.core.webui.keyword.WebUiBuiltInKeywords.click(WebUiBuiltInKeywords.groovy:616)
	at com.kms.katalon.core.webui.keyword.WebUiBuiltInKeywords$click$1.call(Unknown Source)
	at Script1577538399222.run(Script1577538399222.groovy:23)
	... 13 more
)
[[ATTACHMENT|/Users/nguyentri/Desktop/Learn/SoftwareEngineer/mattermost-duo-test/Reports/20191228_223248/Run_all_test_cases/20191228_223248/1577548808690.png]]]]></system-out>
         <system-err><![CDATA[2019-12-28 22:59:18 - [TEST_CASE][FAILED] - Test Cases/3_Edit_Channel/Add_New_Member_To_Channel_2: Test Cases/3_Edit_Channel/Add_New_Member_To_Channel_2 FAILED.
Reason:
com.kms.katalon.core.exception.StepFailedException: Unable to click on object 'Object Repository/3_Edit_Channel/Add_New_Member_To_Channel_2/Page_(1)  1HDHFClGY4 - Bumblebee Mattermost/div_1'
	at com.kms.katalon.core.webui.keyword.internal.WebUIKeywordMain.stepFailed(WebUIKeywordMain.groovy:64)
	at com.kms.katalon.core.webui.keyword.internal.WebUIKeywordMain.runKeyword(WebUIKeywordMain.groovy:26)
	at com.kms.katalon.core.webui.keyword.builtin.ClickKeyword.click(ClickKeyword.groovy:102)
	at com.kms.katalon.core.webui.keyword.builtin.ClickKeyword.execute(ClickKeyword.groovy:43)
	at com.kms.katalon.core.keyword.internal.KeywordExecutor.executeKeywordForPlatform(KeywordExecutor.groovy:72)
	at com.kms.katalon.core.webui.keyword.WebUiBuiltInKeywords.click(WebUiBuiltInKeywords.groovy:616)
	at com.kms.katalon.core.webui.keyword.WebUiBuiltInKeywords$click$1.call(Unknown Source)
	at Add_New_Member_To_Channel_2.run(Add_New_Member_To_Channel_2:23)
	at com.kms.katalon.core.main.ScriptEngine.run(ScriptEngine.java:194)
	at com.kms.katalon.core.main.ScriptEngine.runScriptAsRawText(ScriptEngine.java:119)
	at com.kms.katalon.core.main.TestCaseExecutor.runScript(TestCaseExecutor.java:337)
	at com.kms.katalon.core.main.TestCaseExecutor.doExecute(TestCaseExecutor.java:328)
	at com.kms.katalon.core.main.TestCaseExecutor.processExecutionPhase(TestCaseExecutor.java:307)
	at com.kms.katalon.core.main.TestCaseExecutor.accessMainPhase(TestCaseExecutor.java:299)
	at com.kms.katalon.core.main.TestCaseExecutor.execute(TestCaseExecutor.java:233)
	at com.kms.katalon.core.main.TestSuiteExecutor.accessTestCaseMainPhase(TestSuiteExecutor.java:169)
	at com.kms.katalon.core.main.TestSuiteExecutor.accessTestSuiteMainPhase(TestSuiteExecutor.java:142)
	at com.kms.katalon.core.main.TestSuiteExecutor.execute(TestSuiteExecutor.java:91)
	at com.kms.katalon.core.main.TestCaseMain.startTestSuite(TestCaseMain.java:157)
	at com.kms.katalon.core.main.TestCaseMain$startTestSuite$0.call(Unknown Source)
	at TempTestSuite1577547168865.run(TempTestSuite1577547168865.groovy:36)
Caused by: com.kms.katalon.core.webui.exception.WebElementNotFoundException: Web element with id: 'Object Repository/3_Edit_Channel/Add_New_Member_To_Channel_2/Page_(1)  1HDHFClGY4 - Bumblebee Mattermost/div_1' located by 'By.xpath: //button[@id='member_popover']/div' not found
	at com.kms.katalon.core.webui.common.WebUiCommonHelper.findWebElement(WebUiCommonHelper.java:1154)
	at com.kms.katalon.core.webui.keyword.internal.WebUIAbstractKeyword.findWebElement(WebUIAbstractKeyword.groovy:27)
	at com.kms.katalon.core.webui.keyword.internal.WebUIAbstractKeyword.findWebElement(WebUIAbstractKeyword.groovy:26)
	at com.kms.katalon.core.webui.keyword.builtin.ClickKeyword$_click_closure1.doCall(ClickKeyword.groovy:67)
	at com.kms.katalon.core.webui.keyword.builtin.ClickKeyword$_click_closure1.call(ClickKeyword.groovy)
	at com.kms.katalon.core.webui.keyword.internal.WebUIKeywordMain.runKeyword(WebUIKeywordMain.groovy:20)
	... 19 more]]></system-err>
      </testcase>
      <testcase name="Test Cases/5_Manage_Team_Members/Get_Team_Invite_Link" time="142.29" classname="Test Cases/5_Manage_Team_Members/Get_Team_Invite_Link" status="FAILED">
         <failure type="FAILED" message="Test Cases/5_Manage_Team_Members/Get_Team_Invite_Link FAILED.
Reason:
com.kms.katalon.core.exception.StepFailedException: Unable to click on object 'Object Repository/5_Manage_Team_Members/Get_Team_Invite_Link/Page_CS420 - Bumblebee Mattermost/button_Copy Link'
	at com.kms.katalon.core.webui.keyword.internal.WebUIKeywordMain.stepFailed(WebUIKeywordMain.groovy:64)
	at com.kms.katalon.core.webui.keyword.internal.WebUIKeywordMain.runKeyword(WebUIKeywordMain.groovy:26)
	at com.kms.katalon.core.webui.keyword.builtin.ClickKeyword.click(ClickKeyword.groovy:102)
	at com.kms.katalon.core.webui.keyword.builtin.ClickKeyword.execute(ClickKeyword.groovy:43)
	at com.kms.katalon.core.keyword.internal.KeywordExecutor.executeKeywordForPlatform(KeywordExecutor.groovy:72)
	at com.kms.katalon.core.webui.keyword.WebUiBuiltInKeywords.click(WebUiBuiltInKeywords.groovy:616)
	at com.kms.katalon.core.webui.keyword.WebUiBuiltInKeywords$click$1.call(Unknown Source)
	at Get_Team_Invite_Link.run(Get_Team_Invite_Link:27)
	at com.kms.katalon.core.main.ScriptEngine.run(ScriptEngine.java:194)
	at com.kms.katalon.core.main.ScriptEngine.runScriptAsRawText(ScriptEngine.java:119)
	at com.kms.katalon.core.main.TestCaseExecutor.runScript(TestCaseExecutor.java:337)
	at com.kms.katalon.core.main.TestCaseExecutor.doExecute(TestCaseExecutor.java:328)
	at com.kms.katalon.core.main.TestCaseExecutor.processExecutionPhase(TestCaseExecutor.java:307)
	at com.kms.katalon.core.main.TestCaseExecutor.accessMainPhase(TestCaseExecutor.java:299)
	at com.kms.katalon.core.main.TestCaseExecutor.execute(TestCaseExecutor.java:233)
	at com.kms.katalon.core.main.TestSuiteExecutor.accessTestCaseMainPhase(TestSuiteExecutor.java:169)
	at com.kms.katalon.core.main.TestSuiteExecutor.accessTestSuiteMainPhase(TestSuiteExecutor.java:142)
	at com.kms.katalon.core.main.TestSuiteExecutor.execute(TestSuiteExecutor.java:91)
	at com.kms.katalon.core.main.TestCaseMain.startTestSuite(TestCaseMain.java:157)
	at com.kms.katalon.core.main.TestCaseMain$startTestSuite$0.call(Unknown Source)
	at TempTestSuite1577547168865.run(TempTestSuite1577547168865.groovy:36)
Caused by: com.kms.katalon.core.webui.exception.WebElementNotFoundException: Web element with id: 'Object Repository/5_Manage_Team_Members/Get_Team_Invite_Link/Page_CS420 - Bumblebee Mattermost/button_Copy Link' located by 'By.xpath: //button[@id='linkModalCopyLink']' not found
	at com.kms.katalon.core.webui.common.WebUiCommonHelper.findWebElement(WebUiCommonHelper.java:1154)
	at com.kms.katalon.core.webui.keyword.internal.WebUIAbstractKeyword.findWebElement(WebUIAbstractKeyword.groovy:27)
	at com.kms.katalon.core.webui.keyword.internal.WebUIAbstractKeyword.findWebElement(WebUIAbstractKeyword.groovy:26)
	at com.kms.katalon.core.webui.keyword.builtin.ClickKeyword$_click_closure1.doCall(ClickKeyword.groovy:67)
	at com.kms.katalon.core.webui.keyword.builtin.ClickKeyword$_click_closure1.call(ClickKeyword.groovy)
	at com.kms.katalon.core.webui.keyword.internal.WebUIKeywordMain.runKeyword(WebUIKeywordMain.groovy:20)
	... 19 more
"/>
         <system-out><![CDATA[2019-12-28 23:00:08 - [TEST_CASE][FAILED] - Test Cases/5_Manage_Team_Members/Get_Team_Invite_Link: Test Cases/5_Manage_Team_Members/Get_Team_Invite_Link FAILED.
Reason:
com.kms.katalon.core.exception.StepFailedException: Unable to click on object 'Object Repository/5_Manage_Team_Members/Get_Team_Invite_Link/Page_CS420 - Bumblebee Mattermost/button_Copy Link'
	at com.kms.katalon.core.webui.keyword.internal.WebUIKeywordMain.stepFailed(WebUIKeywordMain.groovy:64)
	at com.kms.katalon.core.webui.keyword.internal.WebUIKeywordMain.runKeyword(WebUIKeywordMain.groovy:26)
	at com.kms.katalon.core.webui.keyword.builtin.ClickKeyword.click(ClickKeyword.groovy:102)
	at com.kms.katalon.core.webui.keyword.builtin.ClickKeyword.execute(ClickKeyword.groovy:43)
	at com.kms.katalon.core.keyword.internal.KeywordExecutor.executeKeywordForPlatform(KeywordExecutor.groovy:72)
	at com.kms.katalon.core.webui.keyword.WebUiBuiltInKeywords.click(WebUiBuiltInKeywords.groovy:616)
	at com.kms.katalon.core.webui.keyword.WebUiBuiltInKeywords$click$1.call(Unknown Source)
	at Get_Team_Invite_Link.run(Get_Team_Invite_Link:27)
	at com.kms.katalon.core.main.ScriptEngine.run(ScriptEngine.java:194)
	at com.kms.katalon.core.main.ScriptEngine.runScriptAsRawText(ScriptEngine.java:119)
	at com.kms.katalon.core.main.TestCaseExecutor.runScript(TestCaseExecutor.java:337)
	at com.kms.katalon.core.main.TestCaseExecutor.doExecute(TestCaseExecutor.java:328)
	at com.kms.katalon.core.main.TestCaseExecutor.processExecutionPhase(TestCaseExecutor.java:307)
	at com.kms.katalon.core.main.TestCaseExecutor.accessMainPhase(TestCaseExecutor.java:299)
	at com.kms.katalon.core.main.TestCaseExecutor.execute(TestCaseExecutor.java:233)
	at com.kms.katalon.core.main.TestSuiteExecutor.accessTestCaseMainPhase(TestSuiteExecutor.java:169)
	at com.kms.katalon.core.main.TestSuiteExecutor.accessTestSuiteMainPhase(TestSuiteExecutor.java:142)
	at com.kms.katalon.core.main.TestSuiteExecutor.execute(TestSuiteExecutor.java:91)
	at com.kms.katalon.core.main.TestCaseMain.startTestSuite(TestCaseMain.java:157)
	at com.kms.katalon.core.main.TestCaseMain$startTestSuite$0.call(Unknown Source)
	at TempTestSuite1577547168865.run(TempTestSuite1577547168865.groovy:36)
Caused by: com.kms.katalon.core.webui.exception.WebElementNotFoundException: Web element with id: 'Object Repository/5_Manage_Team_Members/Get_Team_Invite_Link/Page_CS420 - Bumblebee Mattermost/button_Copy Link' located by 'By.xpath: //button[@id='linkModalCopyLink']' not found
	at com.kms.katalon.core.webui.common.WebUiCommonHelper.findWebElement(WebUiCommonHelper.java:1154)
	at com.kms.katalon.core.webui.keyword.internal.WebUIAbstractKeyword.findWebElement(WebUIAbstractKeyword.groovy:27)
	at com.kms.katalon.core.webui.keyword.internal.WebUIAbstractKeyword.findWebElement(WebUIAbstractKeyword.groovy:26)
	at com.kms.katalon.core.webui.keyword.builtin.ClickKeyword$_click_closure1.doCall(ClickKeyword.groovy:67)
	at com.kms.katalon.core.webui.keyword.builtin.ClickKeyword$_click_closure1.call(ClickKeyword.groovy)
	at com.kms.katalon.core.webui.keyword.internal.WebUIKeywordMain.runKeyword(WebUIKeywordMain.groovy:20)
	... 19 more


2019-12-28 23:00:10 - [TEST_STEP][PASSED] - openBrowser(""): Browser is opened with url: ''

2019-12-28 23:00:10 - [MESSAGE][PASSED] - Browser is opened with url: ''

2019-12-28 23:00:10 - [TEST_STEP][PASSED] - navigateToUrl("http://localhost:8065/"): Navigate to 'http://localhost:8065/' successfully

2019-12-28 23:00:12 - [MESSAGE][PASSED] - Navigate to 'http://localhost:8065/' successfully

2019-12-28 23:00:12 - [TEST_STEP][PASSED] - click(findTestObject("Object Repository/5_Manage_Team_Members/Get_Team_Invite_Link/Page_CS420 - Bumblebee Mattermost/svg")): Object: 'Object Repository/5_Manage_Team_Members/Get_Team_Invite_Link/Page_CS420 - Bumblebee Mattermost/svg' is clicked on

2019-12-28 23:00:55 - [MESSAGE][INFO] - Unable to find the element located by 'By.xpath: (.//*[normalize-space(text()) and normalize-space(.)='@ngocyen'])[1]/following::*[name()='svg'][1]'. Please recheck the objects properties to make sure the desired element is located. 

2019-12-28 23:00:55 - [MESSAGE][INFO] - [SMART_XPATH] Auto-trying out other XPath values in the test object.

2019-12-28 23:00:55 - [MESSAGE][INFO] - [SMART_XPATH] FAILED XPATH: '(.//*[normalize-space(text()) and normalize-space(.)='@ngocyen'])[1]/following::*[name()='svg'][1]'.

2019-12-28 23:00:55 - [MESSAGE][INFO] - [SMART_XPATH] WORKING XPATH: '(.//*[normalize-space(text()) and normalize-space(.)='Bumblebee'])[2]/following::*[name()='svg'][1]'.

2019-12-28 23:00:56 - [MESSAGE][INFO] - [SMART_XPATH] Screenshot: /Users/nguyentri/Desktop/Learn/SoftwareEngineer/mattermost-duo-test/Reports/smart_xpath/Object Repository/5_Manage_Team_Members/Get_Team_Invite_Link/Page_CS420 - Bumblebee Mattermost/svg_neighbor_29.png

2019-12-28 23:00:56 - [MESSAGE][INFO] - [SMART_XPATH] WORKING XPATH: '(.//*[normalize-space(text()) and normalize-space(.)='More unreads'])[1]/preceding::*[name()='svg'][1]'.

2019-12-28 23:00:57 - [MESSAGE][INFO] - [SMART_XPATH] Screenshot: /Users/nguyentri/Desktop/Learn/SoftwareEngineer/mattermost-duo-test/Reports/smart_xpath/Object Repository/5_Manage_Team_Members/Get_Team_Invite_Link/Page_CS420 - Bumblebee Mattermost/svg_neighbor_30.png

2019-12-28 23:00:57 - [MESSAGE][INFO] - [SMART_XPATH] WORKING XPATH: '(.//*[normalize-space(text()) and normalize-space(.)='More unreads'])[2]/preceding::*[name()='svg'][2]'.

2019-12-28 23:00:57 - [MESSAGE][INFO] - [SMART_XPATH] Screenshot: /Users/nguyentri/Desktop/Learn/SoftwareEngineer/mattermost-duo-test/Reports/smart_xpath/Object Repository/5_Manage_Team_Members/Get_Team_Invite_Link/Page_CS420 - Bumblebee Mattermost/svg_neighbor_31.png

2019-12-28 23:00:57 - [MESSAGE][ERROR] - [SMART_XPATH] /Users/nguyentri/Desktop/Learn/SoftwareEngineer/mattermost-duo-test/Reports/smart_xpath/waiting-for-approval.json (No such file or directory)

2019-12-28 23:00:57 - [MESSAGE][ERROR] - [SMART_XPATH] /Users/nguyentri/Desktop/Learn/SoftwareEngineer/mattermost-duo-test/Reports/smart_xpath/waiting-for-approval.json does not exist or is provided by Smart XPath Plugin!

2019-12-28 23:00:57 - [MESSAGE][INFO] - [SMART_XPATH] Selected Smart XPath: '(.//*[normalize-space(text()) and normalize-space(.)='Bumblebee'])[2]/following::*[name()='svg'][1]'.

2019-12-28 23:00:57 - [MESSAGE][INFO] - [SMART_XPATH] Continuing executing the test case!

2019-12-28 23:00:58 - [MESSAGE][PASSED] - Object: 'Object Repository/5_Manage_Team_Members/Get_Team_Invite_Link/Page_CS420 - Bumblebee Mattermost/svg' is clicked on

2019-12-28 23:00:58 - [TEST_STEP][PASSED] - click(findTestObject("Object Repository/5_Manage_Team_Members/Get_Team_Invite_Link/Page_CS420 - Bumblebee Mattermost/button_Get Team Invite Link")): Object: 'Object Repository/5_Manage_Team_Members/Get_Team_Invite_Link/Page_CS420 - Bumblebee Mattermost/button_Get Team Invite Link' is clicked on

2019-12-28 23:01:42 - [MESSAGE][INFO] - Unable to find the element located by 'By.xpath: //li[@id='getTeamInviteLink']/button'. Please recheck the objects properties to make sure the desired element is located. 

2019-12-28 23:01:42 - [MESSAGE][INFO] - [SMART_XPATH] Auto-trying out other XPath values in the test object.

2019-12-28 23:01:43 - [MESSAGE][INFO] - [SMART_XPATH] FAILED XPATH: '//li[@id='getTeamInviteLink']/button'.

2019-12-28 23:01:43 - [MESSAGE][INFO] - [SMART_XPATH] WORKING XPATH: '(.//*[normalize-space(text()) and normalize-space(.)='Account Settings'])[1]/following::button[1]'.

2019-12-28 23:01:43 - [MESSAGE][INFO] - [SMART_XPATH] Screenshot: /Users/nguyentri/Desktop/Learn/SoftwareEngineer/mattermost-duo-test/Reports/smart_xpath/Object Repository/5_Manage_Team_Members/Get_Team_Invite_Link/Page_CS420 - Bumblebee Mattermost/button_Get Team Invite Link_neighbor_30.png

2019-12-28 23:01:43 - [MESSAGE][INFO] - [SMART_XPATH] FAILED XPATH: '(.//*[normalize-space(text()) and normalize-space(.)='@ngocyen'])[1]/following::button[3]'.

2019-12-28 23:01:44 - [MESSAGE][INFO] - [SMART_XPATH] FAILED XPATH: '(.//*[normalize-space(text()) and normalize-space(.)='Add Members to Team'])[1]/preceding::button[1]'.

2019-12-28 23:01:44 - [MESSAGE][INFO] - [SMART_XPATH] WORKING XPATH: '(.//*[normalize-space(text()) and normalize-space(.)='Team Settings'])[1]/preceding::button[2]'.

2019-12-28 23:01:44 - [MESSAGE][INFO] - [SMART_XPATH] Screenshot: /Users/nguyentri/Desktop/Learn/SoftwareEngineer/mattermost-duo-test/Reports/smart_xpath/Object Repository/5_Manage_Team_Members/Get_Team_Invite_Link/Page_CS420 - Bumblebee Mattermost/button_Get Team Invite Link_neighbor_31.png

2019-12-28 23:01:44 - [MESSAGE][INFO] - [SMART_XPATH] FAILED XPATH: '//*/text()[normalize-space(.)='Get Team Invite Link']/parent::*'.

2019-12-28 23:01:45 - [MESSAGE][INFO] - [SMART_XPATH] FAILED XPATH: '//li[6]/button'.

2019-12-28 23:01:45 - [MESSAGE][ERROR] - [SMART_XPATH] /Users/nguyentri/Desktop/Learn/SoftwareEngineer/mattermost-duo-test/Reports/smart_xpath/waiting-for-approval.json (No such file or directory)

2019-12-28 23:01:45 - [MESSAGE][ERROR] - [SMART_XPATH] /Users/nguyentri/Desktop/Learn/SoftwareEngineer/mattermost-duo-test/Reports/smart_xpath/waiting-for-approval.json does not exist or is provided by Smart XPath Plugin!

2019-12-28 23:01:45 - [MESSAGE][INFO] - [SMART_XPATH] Selected Smart XPath: '(.//*[normalize-space(text()) and normalize-space(.)='Account Settings'])[1]/following::button[1]'.

2019-12-28 23:01:45 - [MESSAGE][INFO] - [SMART_XPATH] Continuing executing the test case!

2019-12-28 23:01:45 - [MESSAGE][PASSED] - Object: 'Object Repository/5_Manage_Team_Members/Get_Team_Invite_Link/Page_CS420 - Bumblebee Mattermost/button_Get Team Invite Link' is clicked on

2019-12-28 23:01:45 - [TEST_STEP][FAILED] - click(findTestObject("Object Repository/5_Manage_Team_Members/Get_Team_Invite_Link/Page_CS420 - Bumblebee Mattermost/button_Copy Link")): Unable to click on object 'Object Repository/5_Manage_Team_Members/Get_Team_Invite_Link/Page_CS420 - Bumblebee Mattermost/button_Copy Link' (Root cause: com.kms.katalon.core.exception.StepFailedException: Unable to click on object 'Object Repository/5_Manage_Team_Members/Get_Team_Invite_Link/Page_CS420 - Bumblebee Mattermost/button_Copy Link'
	at com.kms.katalon.core.webui.keyword.internal.WebUIKeywordMain.stepFailed(WebUIKeywordMain.groovy:64)
	at com.kms.katalon.core.webui.keyword.internal.WebUIKeywordMain.runKeyword(WebUIKeywordMain.groovy:26)
	at com.kms.katalon.core.webui.keyword.builtin.ClickKeyword.click(ClickKeyword.groovy:102)
	at com.kms.katalon.core.webui.keyword.builtin.ClickKeyword.execute(ClickKeyword.groovy:43)
	at com.kms.katalon.core.keyword.internal.KeywordExecutor.executeKeywordForPlatform(KeywordExecutor.groovy:72)
	at com.kms.katalon.core.webui.keyword.WebUiBuiltInKeywords.click(WebUiBuiltInKeywords.groovy:616)
	at com.kms.katalon.core.webui.keyword.WebUiBuiltInKeywords$click$1.call(Unknown Source)
	at Get_Team_Invite_Link.run(Get_Team_Invite_Link:27)
	at com.kms.katalon.core.main.ScriptEngine.run(ScriptEngine.java:194)
	at com.kms.katalon.core.main.ScriptEngine.runScriptAsRawText(ScriptEngine.java:119)
	at com.kms.katalon.core.main.TestCaseExecutor.runScript(TestCaseExecutor.java:337)
	at com.kms.katalon.core.main.TestCaseExecutor.doExecute(TestCaseExecutor.java:328)
	at com.kms.katalon.core.main.TestCaseExecutor.processExecutionPhase(TestCaseExecutor.java:307)
	at com.kms.katalon.core.main.TestCaseExecutor.accessMainPhase(TestCaseExecutor.java:299)
	at com.kms.katalon.core.main.TestCaseExecutor.execute(TestCaseExecutor.java:233)
	at com.kms.katalon.core.main.TestSuiteExecutor.accessTestCaseMainPhase(TestSuiteExecutor.java:169)
	at com.kms.katalon.core.main.TestSuiteExecutor.accessTestSuiteMainPhase(TestSuiteExecutor.java:142)
	at com.kms.katalon.core.main.TestSuiteExecutor.execute(TestSuiteExecutor.java:91)
	at com.kms.katalon.core.main.TestCaseMain.startTestSuite(TestCaseMain.java:157)
	at com.kms.katalon.core.main.TestCaseMain$startTestSuite$0.call(Unknown Source)
	at TempTestSuite1577547168865.run(TempTestSuite1577547168865.groovy:36)
Caused by: com.kms.katalon.core.webui.exception.WebElementNotFoundException: Web element with id: 'Object Repository/5_Manage_Team_Members/Get_Team_Invite_Link/Page_CS420 - Bumblebee Mattermost/button_Copy Link' located by 'By.xpath: //button[@id='linkModalCopyLink']' not found
	at com.kms.katalon.core.webui.common.WebUiCommonHelper.findWebElement(WebUiCommonHelper.java:1154)
	at com.kms.katalon.core.webui.keyword.internal.WebUIAbstractKeyword.findWebElement(WebUIAbstractKeyword.groovy:27)
	at com.kms.katalon.core.webui.keyword.internal.WebUIAbstractKeyword.findWebElement(WebUIAbstractKeyword.groovy:26)
	at com.kms.katalon.core.webui.keyword.builtin.ClickKeyword$_click_closure1.doCall(ClickKeyword.groovy:67)
	at com.kms.katalon.core.webui.keyword.builtin.ClickKeyword$_click_closure1.call(ClickKeyword.groovy)
	at com.kms.katalon.core.webui.keyword.internal.WebUIKeywordMain.runKeyword(WebUIKeywordMain.groovy:20)
	at com.kms.katalon.core.webui.keyword.builtin.ClickKeyword.click(ClickKeyword.groovy:102)
	at com.kms.katalon.core.webui.keyword.builtin.ClickKeyword.execute(ClickKeyword.groovy:43)
	at com.kms.katalon.core.keyword.internal.KeywordExecutor.executeKeywordForPlatform(KeywordExecutor.groovy:72)
	at com.kms.katalon.core.webui.keyword.WebUiBuiltInKeywords.click(WebUiBuiltInKeywords.groovy:616)
	at com.kms.katalon.core.webui.keyword.WebUiBuiltInKeywords$click$1.call(Unknown Source)
	at Script1576845982974.run(Script1576845982974.groovy:27)
	... 13 more
)

2019-12-28 23:02:29 - [MESSAGE][INFO] - Unable to find the element located by 'By.xpath: //button[@id='linkModalCopyLink']'. Please recheck the objects properties to make sure the desired element is located. 

2019-12-28 23:02:29 - [MESSAGE][INFO] - [SMART_XPATH] Auto-trying out other XPath values in the test object.

2019-12-28 23:02:30 - [MESSAGE][INFO] - [SMART_XPATH] FAILED XPATH: '//button[@id='linkModalCopyLink']'.

2019-12-28 23:02:30 - [MESSAGE][INFO] - [SMART_XPATH] FAILED XPATH: '(.//*[normalize-space(text()) and normalize-space(.)='Close'])[2]/following::button[1]'.

2019-12-28 23:02:30 - [MESSAGE][INFO] - [SMART_XPATH] FAILED XPATH: '(.//*[normalize-space(text()) and normalize-space(.)='https://mattermost-duo-test-yen.herokuapp.com/signup_user_complete/?id=siyyexw477yo3d84aug4jyn1sa'])[1]/following::button[2]'.

2019-12-28 23:02:31 - [MESSAGE][INFO] - [SMART_XPATH] FAILED XPATH: '//div[3]/button[2]'.

2019-12-28 23:02:31 - [MESSAGE][INFO] - [SMART_XPATH] No working XPath is found.

2019-12-28 23:02:31 - [MESSAGE][FAILED] - Unable to click on object 'Object Repository/5_Manage_Team_Members/Get_Team_Invite_Link/Page_CS420 - Bumblebee Mattermost/button_Copy Link' (Root cause: com.kms.katalon.core.exception.StepFailedException: Unable to click on object 'Object Repository/5_Manage_Team_Members/Get_Team_Invite_Link/Page_CS420 - Bumblebee Mattermost/button_Copy Link'
	at com.kms.katalon.core.webui.keyword.internal.WebUIKeywordMain.stepFailed(WebUIKeywordMain.groovy:64)
	at com.kms.katalon.core.webui.keyword.internal.WebUIKeywordMain.runKeyword(WebUIKeywordMain.groovy:26)
	at com.kms.katalon.core.webui.keyword.builtin.ClickKeyword.click(ClickKeyword.groovy:102)
	at com.kms.katalon.core.webui.keyword.builtin.ClickKeyword.execute(ClickKeyword.groovy:43)
	at com.kms.katalon.core.keyword.internal.KeywordExecutor.executeKeywordForPlatform(KeywordExecutor.groovy:72)
	at com.kms.katalon.core.webui.keyword.WebUiBuiltInKeywords.click(WebUiBuiltInKeywords.groovy:616)
	at com.kms.katalon.core.webui.keyword.WebUiBuiltInKeywords$click$1.call(Unknown Source)
	at Get_Team_Invite_Link.run(Get_Team_Invite_Link:27)
	at com.kms.katalon.core.main.ScriptEngine.run(ScriptEngine.java:194)
	at com.kms.katalon.core.main.ScriptEngine.runScriptAsRawText(ScriptEngine.java:119)
	at com.kms.katalon.core.main.TestCaseExecutor.runScript(TestCaseExecutor.java:337)
	at com.kms.katalon.core.main.TestCaseExecutor.doExecute(TestCaseExecutor.java:328)
	at com.kms.katalon.core.main.TestCaseExecutor.processExecutionPhase(TestCaseExecutor.java:307)
	at com.kms.katalon.core.main.TestCaseExecutor.accessMainPhase(TestCaseExecutor.java:299)
	at com.kms.katalon.core.main.TestCaseExecutor.execute(TestCaseExecutor.java:233)
	at com.kms.katalon.core.main.TestSuiteExecutor.accessTestCaseMainPhase(TestSuiteExecutor.java:169)
	at com.kms.katalon.core.main.TestSuiteExecutor.accessTestSuiteMainPhase(TestSuiteExecutor.java:142)
	at com.kms.katalon.core.main.TestSuiteExecutor.execute(TestSuiteExecutor.java:91)
	at com.kms.katalon.core.main.TestCaseMain.startTestSuite(TestCaseMain.java:157)
	at com.kms.katalon.core.main.TestCaseMain$startTestSuite$0.call(Unknown Source)
	at TempTestSuite1577547168865.run(TempTestSuite1577547168865.groovy:36)
Caused by: com.kms.katalon.core.webui.exception.WebElementNotFoundException: Web element with id: 'Object Repository/5_Manage_Team_Members/Get_Team_Invite_Link/Page_CS420 - Bumblebee Mattermost/button_Copy Link' located by 'By.xpath: //button[@id='linkModalCopyLink']' not found
	at com.kms.katalon.core.webui.common.WebUiCommonHelper.findWebElement(WebUiCommonHelper.java:1154)
	at com.kms.katalon.core.webui.keyword.internal.WebUIAbstractKeyword.findWebElement(WebUIAbstractKeyword.groovy:27)
	at com.kms.katalon.core.webui.keyword.internal.WebUIAbstractKeyword.findWebElement(WebUIAbstractKeyword.groovy:26)
	at com.kms.katalon.core.webui.keyword.builtin.ClickKeyword$_click_closure1.doCall(ClickKeyword.groovy:67)
	at com.kms.katalon.core.webui.keyword.builtin.ClickKeyword$_click_closure1.call(ClickKeyword.groovy)
	at com.kms.katalon.core.webui.keyword.internal.WebUIKeywordMain.runKeyword(WebUIKeywordMain.groovy:20)
	at com.kms.katalon.core.webui.keyword.builtin.ClickKeyword.click(ClickKeyword.groovy:102)
	at com.kms.katalon.core.webui.keyword.builtin.ClickKeyword.execute(ClickKeyword.groovy:43)
	at com.kms.katalon.core.keyword.internal.KeywordExecutor.executeKeywordForPlatform(KeywordExecutor.groovy:72)
	at com.kms.katalon.core.webui.keyword.WebUiBuiltInKeywords.click(WebUiBuiltInKeywords.groovy:616)
	at com.kms.katalon.core.webui.keyword.WebUiBuiltInKeywords$click$1.call(Unknown Source)
	at Script1576845982974.run(Script1576845982974.groovy:27)
	... 13 more
)
[[ATTACHMENT|/Users/nguyentri/Desktop/Learn/SoftwareEngineer/mattermost-duo-test/Reports/20191228_223248/Run_all_test_cases/20191228_223248/1577548951008.png]]]]></system-out>
         <system-err><![CDATA[2019-12-28 23:00:08 - [TEST_CASE][FAILED] - Test Cases/5_Manage_Team_Members/Get_Team_Invite_Link: Test Cases/5_Manage_Team_Members/Get_Team_Invite_Link FAILED.
Reason:
com.kms.katalon.core.exception.StepFailedException: Unable to click on object 'Object Repository/5_Manage_Team_Members/Get_Team_Invite_Link/Page_CS420 - Bumblebee Mattermost/button_Copy Link'
	at com.kms.katalon.core.webui.keyword.internal.WebUIKeywordMain.stepFailed(WebUIKeywordMain.groovy:64)
	at com.kms.katalon.core.webui.keyword.internal.WebUIKeywordMain.runKeyword(WebUIKeywordMain.groovy:26)
	at com.kms.katalon.core.webui.keyword.builtin.ClickKeyword.click(ClickKeyword.groovy:102)
	at com.kms.katalon.core.webui.keyword.builtin.ClickKeyword.execute(ClickKeyword.groovy:43)
	at com.kms.katalon.core.keyword.internal.KeywordExecutor.executeKeywordForPlatform(KeywordExecutor.groovy:72)
	at com.kms.katalon.core.webui.keyword.WebUiBuiltInKeywords.click(WebUiBuiltInKeywords.groovy:616)
	at com.kms.katalon.core.webui.keyword.WebUiBuiltInKeywords$click$1.call(Unknown Source)
	at Get_Team_Invite_Link.run(Get_Team_Invite_Link:27)
	at com.kms.katalon.core.main.ScriptEngine.run(ScriptEngine.java:194)
	at com.kms.katalon.core.main.ScriptEngine.runScriptAsRawText(ScriptEngine.java:119)
	at com.kms.katalon.core.main.TestCaseExecutor.runScript(TestCaseExecutor.java:337)
	at com.kms.katalon.core.main.TestCaseExecutor.doExecute(TestCaseExecutor.java:328)
	at com.kms.katalon.core.main.TestCaseExecutor.processExecutionPhase(TestCaseExecutor.java:307)
	at com.kms.katalon.core.main.TestCaseExecutor.accessMainPhase(TestCaseExecutor.java:299)
	at com.kms.katalon.core.main.TestCaseExecutor.execute(TestCaseExecutor.java:233)
	at com.kms.katalon.core.main.TestSuiteExecutor.accessTestCaseMainPhase(TestSuiteExecutor.java:169)
	at com.kms.katalon.core.main.TestSuiteExecutor.accessTestSuiteMainPhase(TestSuiteExecutor.java:142)
	at com.kms.katalon.core.main.TestSuiteExecutor.execute(TestSuiteExecutor.java:91)
	at com.kms.katalon.core.main.TestCaseMain.startTestSuite(TestCaseMain.java:157)
	at com.kms.katalon.core.main.TestCaseMain$startTestSuite$0.call(Unknown Source)
	at TempTestSuite1577547168865.run(TempTestSuite1577547168865.groovy:36)
Caused by: com.kms.katalon.core.webui.exception.WebElementNotFoundException: Web element with id: 'Object Repository/5_Manage_Team_Members/Get_Team_Invite_Link/Page_CS420 - Bumblebee Mattermost/button_Copy Link' located by 'By.xpath: //button[@id='linkModalCopyLink']' not found
	at com.kms.katalon.core.webui.common.WebUiCommonHelper.findWebElement(WebUiCommonHelper.java:1154)
	at com.kms.katalon.core.webui.keyword.internal.WebUIAbstractKeyword.findWebElement(WebUIAbstractKeyword.groovy:27)
	at com.kms.katalon.core.webui.keyword.internal.WebUIAbstractKeyword.findWebElement(WebUIAbstractKeyword.groovy:26)
	at com.kms.katalon.core.webui.keyword.builtin.ClickKeyword$_click_closure1.doCall(ClickKeyword.groovy:67)
	at com.kms.katalon.core.webui.keyword.builtin.ClickKeyword$_click_closure1.call(ClickKeyword.groovy)
	at com.kms.katalon.core.webui.keyword.internal.WebUIKeywordMain.runKeyword(WebUIKeywordMain.groovy:20)
	... 19 more]]></system-err>
      </testcase>
      <testcase name="Test Cases/5_Manage_Team_Members/Invite_New_Member_To_Team" time="47.576" classname="Test Cases/5_Manage_Team_Members/Invite_New_Member_To_Team" status="FAILED">
         <failure type="FAILED" message="Test Cases/5_Manage_Team_Members/Invite_New_Member_To_Team FAILED.
Reason:
com.kms.katalon.core.exception.StepFailedException: Unable to click on object 'Object Repository/5_Manage_Team_Members/Invite_New_Member_To_Team/Page_(1)  Town Square - AYJtheg Mattermost/svg'
	at com.kms.katalon.core.webui.keyword.internal.WebUIKeywordMain.stepFailed(WebUIKeywordMain.groovy:64)
	at com.kms.katalon.core.webui.keyword.internal.WebUIKeywordMain.runKeyword(WebUIKeywordMain.groovy:26)
	at com.kms.katalon.core.webui.keyword.builtin.ClickKeyword.click(ClickKeyword.groovy:102)
	at com.kms.katalon.core.webui.keyword.builtin.ClickKeyword.execute(ClickKeyword.groovy:43)
	at com.kms.katalon.core.keyword.internal.KeywordExecutor.executeKeywordForPlatform(KeywordExecutor.groovy:72)
	at com.kms.katalon.core.webui.keyword.WebUiBuiltInKeywords.click(WebUiBuiltInKeywords.groovy:616)
	at com.kms.katalon.core.webui.keyword.WebUiBuiltInKeywords$click$1.call(Unknown Source)
	at Invite_New_Member_To_Team.run(Invite_New_Member_To_Team:23)
	at com.kms.katalon.core.main.ScriptEngine.run(ScriptEngine.java:194)
	at com.kms.katalon.core.main.ScriptEngine.runScriptAsRawText(ScriptEngine.java:119)
	at com.kms.katalon.core.main.TestCaseExecutor.runScript(TestCaseExecutor.java:337)
	at com.kms.katalon.core.main.TestCaseExecutor.doExecute(TestCaseExecutor.java:328)
	at com.kms.katalon.core.main.TestCaseExecutor.processExecutionPhase(TestCaseExecutor.java:307)
	at com.kms.katalon.core.main.TestCaseExecutor.accessMainPhase(TestCaseExecutor.java:299)
	at com.kms.katalon.core.main.TestCaseExecutor.execute(TestCaseExecutor.java:233)
	at com.kms.katalon.core.main.TestSuiteExecutor.accessTestCaseMainPhase(TestSuiteExecutor.java:169)
	at com.kms.katalon.core.main.TestSuiteExecutor.accessTestSuiteMainPhase(TestSuiteExecutor.java:142)
	at com.kms.katalon.core.main.TestSuiteExecutor.execute(TestSuiteExecutor.java:91)
	at com.kms.katalon.core.main.TestCaseMain.startTestSuite(TestCaseMain.java:157)
	at com.kms.katalon.core.main.TestCaseMain$startTestSuite$0.call(Unknown Source)
	at TempTestSuite1577547168865.run(TempTestSuite1577547168865.groovy:36)
Caused by: com.kms.katalon.core.webui.exception.WebElementNotFoundException: Web element with id: 'Object Repository/5_Manage_Team_Members/Invite_New_Member_To_Team/Page_(1)  Town Square - AYJtheg Mattermost/svg' located by 'By.xpath: (.//*[normalize-space(text()) and normalize-space(.)='@ngocyen'])[1]/following::*[name()='svg'][1]' not found
	at com.kms.katalon.core.webui.common.WebUiCommonHelper.findWebElement(WebUiCommonHelper.java:1154)
	at com.kms.katalon.core.webui.keyword.internal.WebUIAbstractKeyword.findWebElement(WebUIAbstractKeyword.groovy:27)
	at com.kms.katalon.core.webui.keyword.internal.WebUIAbstractKeyword.findWebElement(WebUIAbstractKeyword.groovy:26)
	at com.kms.katalon.core.webui.keyword.builtin.ClickKeyword$_click_closure1.doCall(ClickKeyword.groovy:67)
	at com.kms.katalon.core.webui.keyword.builtin.ClickKeyword$_click_closure1.call(ClickKeyword.groovy)
	at com.kms.katalon.core.webui.keyword.internal.WebUIKeywordMain.runKeyword(WebUIKeywordMain.groovy:20)
	... 19 more
"/>
         <system-out><![CDATA[2019-12-28 23:02:31 - [TEST_CASE][FAILED] - Test Cases/5_Manage_Team_Members/Invite_New_Member_To_Team: Test Cases/5_Manage_Team_Members/Invite_New_Member_To_Team FAILED.
Reason:
com.kms.katalon.core.exception.StepFailedException: Unable to click on object 'Object Repository/5_Manage_Team_Members/Invite_New_Member_To_Team/Page_(1)  Town Square - AYJtheg Mattermost/svg'
	at com.kms.katalon.core.webui.keyword.internal.WebUIKeywordMain.stepFailed(WebUIKeywordMain.groovy:64)
	at com.kms.katalon.core.webui.keyword.internal.WebUIKeywordMain.runKeyword(WebUIKeywordMain.groovy:26)
	at com.kms.katalon.core.webui.keyword.builtin.ClickKeyword.click(ClickKeyword.groovy:102)
	at com.kms.katalon.core.webui.keyword.builtin.ClickKeyword.execute(ClickKeyword.groovy:43)
	at com.kms.katalon.core.keyword.internal.KeywordExecutor.executeKeywordForPlatform(KeywordExecutor.groovy:72)
	at com.kms.katalon.core.webui.keyword.WebUiBuiltInKeywords.click(WebUiBuiltInKeywords.groovy:616)
	at com.kms.katalon.core.webui.keyword.WebUiBuiltInKeywords$click$1.call(Unknown Source)
	at Invite_New_Member_To_Team.run(Invite_New_Member_To_Team:23)
	at com.kms.katalon.core.main.ScriptEngine.run(ScriptEngine.java:194)
	at com.kms.katalon.core.main.ScriptEngine.runScriptAsRawText(ScriptEngine.java:119)
	at com.kms.katalon.core.main.TestCaseExecutor.runScript(TestCaseExecutor.java:337)
	at com.kms.katalon.core.main.TestCaseExecutor.doExecute(TestCaseExecutor.java:328)
	at com.kms.katalon.core.main.TestCaseExecutor.processExecutionPhase(TestCaseExecutor.java:307)
	at com.kms.katalon.core.main.TestCaseExecutor.accessMainPhase(TestCaseExecutor.java:299)
	at com.kms.katalon.core.main.TestCaseExecutor.execute(TestCaseExecutor.java:233)
	at com.kms.katalon.core.main.TestSuiteExecutor.accessTestCaseMainPhase(TestSuiteExecutor.java:169)
	at com.kms.katalon.core.main.TestSuiteExecutor.accessTestSuiteMainPhase(TestSuiteExecutor.java:142)
	at com.kms.katalon.core.main.TestSuiteExecutor.execute(TestSuiteExecutor.java:91)
	at com.kms.katalon.core.main.TestCaseMain.startTestSuite(TestCaseMain.java:157)
	at com.kms.katalon.core.main.TestCaseMain$startTestSuite$0.call(Unknown Source)
	at TempTestSuite1577547168865.run(TempTestSuite1577547168865.groovy:36)
Caused by: com.kms.katalon.core.webui.exception.WebElementNotFoundException: Web element with id: 'Object Repository/5_Manage_Team_Members/Invite_New_Member_To_Team/Page_(1)  Town Square - AYJtheg Mattermost/svg' located by 'By.xpath: (.//*[normalize-space(text()) and normalize-space(.)='@ngocyen'])[1]/following::*[name()='svg'][1]' not found
	at com.kms.katalon.core.webui.common.WebUiCommonHelper.findWebElement(WebUiCommonHelper.java:1154)
	at com.kms.katalon.core.webui.keyword.internal.WebUIAbstractKeyword.findWebElement(WebUIAbstractKeyword.groovy:27)
	at com.kms.katalon.core.webui.keyword.internal.WebUIAbstractKeyword.findWebElement(WebUIAbstractKeyword.groovy:26)
	at com.kms.katalon.core.webui.keyword.builtin.ClickKeyword$_click_closure1.doCall(ClickKeyword.groovy:67)
	at com.kms.katalon.core.webui.keyword.builtin.ClickKeyword$_click_closure1.call(ClickKeyword.groovy)
	at com.kms.katalon.core.webui.keyword.internal.WebUIKeywordMain.runKeyword(WebUIKeywordMain.groovy:20)
	... 19 more


2019-12-28 23:02:31 - [TEST_STEP][PASSED] - openBrowser(""): Browser is opened with url: ''

2019-12-28 23:02:31 - [MESSAGE][PASSED] - Browser is opened with url: ''

2019-12-28 23:02:31 - [TEST_STEP][PASSED] - navigateToUrl("https://mattermost-duo-test-yen.herokuapp.com/ayjtheg/channels/town-square"): Navigate to 'https://mattermost-duo-test-yen.herokuapp.com/ayjtheg/channels/town-square' successfully

2019-12-28 23:02:34 - [MESSAGE][PASSED] - Navigate to 'https://mattermost-duo-test-yen.herokuapp.com/ayjtheg/channels/town-square' successfully

2019-12-28 23:02:34 - [TEST_STEP][FAILED] - click(findTestObject("Object Repository/5_Manage_Team_Members/Invite_New_Member_To_Team/Page_(1)  Town Square - AYJtheg Mattermost/svg")): Unable to click on object 'Object Repository/5_Manage_Team_Members/Invite_New_Member_To_Team/Page_(1)  Town Square - AYJtheg Mattermost/svg' (Root cause: com.kms.katalon.core.exception.StepFailedException: Unable to click on object 'Object Repository/5_Manage_Team_Members/Invite_New_Member_To_Team/Page_(1)  Town Square - AYJtheg Mattermost/svg'
	at com.kms.katalon.core.webui.keyword.internal.WebUIKeywordMain.stepFailed(WebUIKeywordMain.groovy:64)
	at com.kms.katalon.core.webui.keyword.internal.WebUIKeywordMain.runKeyword(WebUIKeywordMain.groovy:26)
	at com.kms.katalon.core.webui.keyword.builtin.ClickKeyword.click(ClickKeyword.groovy:102)
	at com.kms.katalon.core.webui.keyword.builtin.ClickKeyword.execute(ClickKeyword.groovy:43)
	at com.kms.katalon.core.keyword.internal.KeywordExecutor.executeKeywordForPlatform(KeywordExecutor.groovy:72)
	at com.kms.katalon.core.webui.keyword.WebUiBuiltInKeywords.click(WebUiBuiltInKeywords.groovy:616)
	at com.kms.katalon.core.webui.keyword.WebUiBuiltInKeywords$click$1.call(Unknown Source)
	at Invite_New_Member_To_Team.run(Invite_New_Member_To_Team:23)
	at com.kms.katalon.core.main.ScriptEngine.run(ScriptEngine.java:194)
	at com.kms.katalon.core.main.ScriptEngine.runScriptAsRawText(ScriptEngine.java:119)
	at com.kms.katalon.core.main.TestCaseExecutor.runScript(TestCaseExecutor.java:337)
	at com.kms.katalon.core.main.TestCaseExecutor.doExecute(TestCaseExecutor.java:328)
	at com.kms.katalon.core.main.TestCaseExecutor.processExecutionPhase(TestCaseExecutor.java:307)
	at com.kms.katalon.core.main.TestCaseExecutor.accessMainPhase(TestCaseExecutor.java:299)
	at com.kms.katalon.core.main.TestCaseExecutor.execute(TestCaseExecutor.java:233)
	at com.kms.katalon.core.main.TestSuiteExecutor.accessTestCaseMainPhase(TestSuiteExecutor.java:169)
	at com.kms.katalon.core.main.TestSuiteExecutor.accessTestSuiteMainPhase(TestSuiteExecutor.java:142)
	at com.kms.katalon.core.main.TestSuiteExecutor.execute(TestSuiteExecutor.java:91)
	at com.kms.katalon.core.main.TestCaseMain.startTestSuite(TestCaseMain.java:157)
	at com.kms.katalon.core.main.TestCaseMain$startTestSuite$0.call(Unknown Source)
	at TempTestSuite1577547168865.run(TempTestSuite1577547168865.groovy:36)
Caused by: com.kms.katalon.core.webui.exception.WebElementNotFoundException: Web element with id: 'Object Repository/5_Manage_Team_Members/Invite_New_Member_To_Team/Page_(1)  Town Square - AYJtheg Mattermost/svg' located by 'By.xpath: (.//*[normalize-space(text()) and normalize-space(.)='@ngocyen'])[1]/following::*[name()='svg'][1]' not found
	at com.kms.katalon.core.webui.common.WebUiCommonHelper.findWebElement(WebUiCommonHelper.java:1154)
	at com.kms.katalon.core.webui.keyword.internal.WebUIAbstractKeyword.findWebElement(WebUIAbstractKeyword.groovy:27)
	at com.kms.katalon.core.webui.keyword.internal.WebUIAbstractKeyword.findWebElement(WebUIAbstractKeyword.groovy:26)
	at com.kms.katalon.core.webui.keyword.builtin.ClickKeyword$_click_closure1.doCall(ClickKeyword.groovy:67)
	at com.kms.katalon.core.webui.keyword.builtin.ClickKeyword$_click_closure1.call(ClickKeyword.groovy)
	at com.kms.katalon.core.webui.keyword.internal.WebUIKeywordMain.runKeyword(WebUIKeywordMain.groovy:20)
	at com.kms.katalon.core.webui.keyword.builtin.ClickKeyword.click(ClickKeyword.groovy:102)
	at com.kms.katalon.core.webui.keyword.builtin.ClickKeyword.execute(ClickKeyword.groovy:43)
	at com.kms.katalon.core.keyword.internal.KeywordExecutor.executeKeywordForPlatform(KeywordExecutor.groovy:72)
	at com.kms.katalon.core.webui.keyword.WebUiBuiltInKeywords.click(WebUiBuiltInKeywords.groovy:616)
	at com.kms.katalon.core.webui.keyword.WebUiBuiltInKeywords$click$1.call(Unknown Source)
	at Script1576845999737.run(Script1576845999737.groovy:23)
	... 13 more
)

2019-12-28 23:03:17 - [MESSAGE][INFO] - Unable to find the element located by 'By.xpath: (.//*[normalize-space(text()) and normalize-space(.)='@ngocyen'])[1]/following::*[name()='svg'][1]'. Please recheck the objects properties to make sure the desired element is located. 

2019-12-28 23:03:17 - [MESSAGE][INFO] - [SMART_XPATH] Auto-trying out other XPath values in the test object.

2019-12-28 23:03:17 - [MESSAGE][INFO] - [SMART_XPATH] FAILED XPATH: '(.//*[normalize-space(text()) and normalize-space(.)='@ngocyen'])[1]/following::*[name()='svg'][1]'.

2019-12-28 23:03:18 - [MESSAGE][INFO] - [SMART_XPATH] FAILED XPATH: '(.//*[normalize-space(text()) and normalize-space(.)='AYJtheg'])[2]/following::*[name()='svg'][1]'.

2019-12-28 23:03:18 - [MESSAGE][INFO] - [SMART_XPATH] FAILED XPATH: '(.//*[normalize-space(text()) and normalize-space(.)='More unreads'])[1]/preceding::*[name()='svg'][1]'.

2019-12-28 23:03:18 - [MESSAGE][INFO] - [SMART_XPATH] FAILED XPATH: '(.//*[normalize-space(text()) and normalize-space(.)='More unreads'])[2]/preceding::*[name()='svg'][2]'.

2019-12-28 23:03:18 - [MESSAGE][INFO] - [SMART_XPATH] No working XPath is found.

2019-12-28 23:03:18 - [MESSAGE][FAILED] - Unable to click on object 'Object Repository/5_Manage_Team_Members/Invite_New_Member_To_Team/Page_(1)  Town Square - AYJtheg Mattermost/svg' (Root cause: com.kms.katalon.core.exception.StepFailedException: Unable to click on object 'Object Repository/5_Manage_Team_Members/Invite_New_Member_To_Team/Page_(1)  Town Square - AYJtheg Mattermost/svg'
	at com.kms.katalon.core.webui.keyword.internal.WebUIKeywordMain.stepFailed(WebUIKeywordMain.groovy:64)
	at com.kms.katalon.core.webui.keyword.internal.WebUIKeywordMain.runKeyword(WebUIKeywordMain.groovy:26)
	at com.kms.katalon.core.webui.keyword.builtin.ClickKeyword.click(ClickKeyword.groovy:102)
	at com.kms.katalon.core.webui.keyword.builtin.ClickKeyword.execute(ClickKeyword.groovy:43)
	at com.kms.katalon.core.keyword.internal.KeywordExecutor.executeKeywordForPlatform(KeywordExecutor.groovy:72)
	at com.kms.katalon.core.webui.keyword.WebUiBuiltInKeywords.click(WebUiBuiltInKeywords.groovy:616)
	at com.kms.katalon.core.webui.keyword.WebUiBuiltInKeywords$click$1.call(Unknown Source)
	at Invite_New_Member_To_Team.run(Invite_New_Member_To_Team:23)
	at com.kms.katalon.core.main.ScriptEngine.run(ScriptEngine.java:194)
	at com.kms.katalon.core.main.ScriptEngine.runScriptAsRawText(ScriptEngine.java:119)
	at com.kms.katalon.core.main.TestCaseExecutor.runScript(TestCaseExecutor.java:337)
	at com.kms.katalon.core.main.TestCaseExecutor.doExecute(TestCaseExecutor.java:328)
	at com.kms.katalon.core.main.TestCaseExecutor.processExecutionPhase(TestCaseExecutor.java:307)
	at com.kms.katalon.core.main.TestCaseExecutor.accessMainPhase(TestCaseExecutor.java:299)
	at com.kms.katalon.core.main.TestCaseExecutor.execute(TestCaseExecutor.java:233)
	at com.kms.katalon.core.main.TestSuiteExecutor.accessTestCaseMainPhase(TestSuiteExecutor.java:169)
	at com.kms.katalon.core.main.TestSuiteExecutor.accessTestSuiteMainPhase(TestSuiteExecutor.java:142)
	at com.kms.katalon.core.main.TestSuiteExecutor.execute(TestSuiteExecutor.java:91)
	at com.kms.katalon.core.main.TestCaseMain.startTestSuite(TestCaseMain.java:157)
	at com.kms.katalon.core.main.TestCaseMain$startTestSuite$0.call(Unknown Source)
	at TempTestSuite1577547168865.run(TempTestSuite1577547168865.groovy:36)
Caused by: com.kms.katalon.core.webui.exception.WebElementNotFoundException: Web element with id: 'Object Repository/5_Manage_Team_Members/Invite_New_Member_To_Team/Page_(1)  Town Square - AYJtheg Mattermost/svg' located by 'By.xpath: (.//*[normalize-space(text()) and normalize-space(.)='@ngocyen'])[1]/following::*[name()='svg'][1]' not found
	at com.kms.katalon.core.webui.common.WebUiCommonHelper.findWebElement(WebUiCommonHelper.java:1154)
	at com.kms.katalon.core.webui.keyword.internal.WebUIAbstractKeyword.findWebElement(WebUIAbstractKeyword.groovy:27)
	at com.kms.katalon.core.webui.keyword.internal.WebUIAbstractKeyword.findWebElement(WebUIAbstractKeyword.groovy:26)
	at com.kms.katalon.core.webui.keyword.builtin.ClickKeyword$_click_closure1.doCall(ClickKeyword.groovy:67)
	at com.kms.katalon.core.webui.keyword.builtin.ClickKeyword$_click_closure1.call(ClickKeyword.groovy)
	at com.kms.katalon.core.webui.keyword.internal.WebUIKeywordMain.runKeyword(WebUIKeywordMain.groovy:20)
	at com.kms.katalon.core.webui.keyword.builtin.ClickKeyword.click(ClickKeyword.groovy:102)
	at com.kms.katalon.core.webui.keyword.builtin.ClickKeyword.execute(ClickKeyword.groovy:43)
	at com.kms.katalon.core.keyword.internal.KeywordExecutor.executeKeywordForPlatform(KeywordExecutor.groovy:72)
	at com.kms.katalon.core.webui.keyword.WebUiBuiltInKeywords.click(WebUiBuiltInKeywords.groovy:616)
	at com.kms.katalon.core.webui.keyword.WebUiBuiltInKeywords$click$1.call(Unknown Source)
	at Script1576845999737.run(Script1576845999737.groovy:23)
	... 13 more
)
[[ATTACHMENT|/Users/nguyentri/Desktop/Learn/SoftwareEngineer/mattermost-duo-test/Reports/20191228_223248/Run_all_test_cases/20191228_223248/1577548998751.png]]]]></system-out>
         <system-err><![CDATA[2019-12-28 23:02:31 - [TEST_CASE][FAILED] - Test Cases/5_Manage_Team_Members/Invite_New_Member_To_Team: Test Cases/5_Manage_Team_Members/Invite_New_Member_To_Team FAILED.
Reason:
com.kms.katalon.core.exception.StepFailedException: Unable to click on object 'Object Repository/5_Manage_Team_Members/Invite_New_Member_To_Team/Page_(1)  Town Square - AYJtheg Mattermost/svg'
	at com.kms.katalon.core.webui.keyword.internal.WebUIKeywordMain.stepFailed(WebUIKeywordMain.groovy:64)
	at com.kms.katalon.core.webui.keyword.internal.WebUIKeywordMain.runKeyword(WebUIKeywordMain.groovy:26)
	at com.kms.katalon.core.webui.keyword.builtin.ClickKeyword.click(ClickKeyword.groovy:102)
	at com.kms.katalon.core.webui.keyword.builtin.ClickKeyword.execute(ClickKeyword.groovy:43)
	at com.kms.katalon.core.keyword.internal.KeywordExecutor.executeKeywordForPlatform(KeywordExecutor.groovy:72)
	at com.kms.katalon.core.webui.keyword.WebUiBuiltInKeywords.click(WebUiBuiltInKeywords.groovy:616)
	at com.kms.katalon.core.webui.keyword.WebUiBuiltInKeywords$click$1.call(Unknown Source)
	at Invite_New_Member_To_Team.run(Invite_New_Member_To_Team:23)
	at com.kms.katalon.core.main.ScriptEngine.run(ScriptEngine.java:194)
	at com.kms.katalon.core.main.ScriptEngine.runScriptAsRawText(ScriptEngine.java:119)
	at com.kms.katalon.core.main.TestCaseExecutor.runScript(TestCaseExecutor.java:337)
	at com.kms.katalon.core.main.TestCaseExecutor.doExecute(TestCaseExecutor.java:328)
	at com.kms.katalon.core.main.TestCaseExecutor.processExecutionPhase(TestCaseExecutor.java:307)
	at com.kms.katalon.core.main.TestCaseExecutor.accessMainPhase(TestCaseExecutor.java:299)
	at com.kms.katalon.core.main.TestCaseExecutor.execute(TestCaseExecutor.java:233)
	at com.kms.katalon.core.main.TestSuiteExecutor.accessTestCaseMainPhase(TestSuiteExecutor.java:169)
	at com.kms.katalon.core.main.TestSuiteExecutor.accessTestSuiteMainPhase(TestSuiteExecutor.java:142)
	at com.kms.katalon.core.main.TestSuiteExecutor.execute(TestSuiteExecutor.java:91)
	at com.kms.katalon.core.main.TestCaseMain.startTestSuite(TestCaseMain.java:157)
	at com.kms.katalon.core.main.TestCaseMain$startTestSuite$0.call(Unknown Source)
	at TempTestSuite1577547168865.run(TempTestSuite1577547168865.groovy:36)
Caused by: com.kms.katalon.core.webui.exception.WebElementNotFoundException: Web element with id: 'Object Repository/5_Manage_Team_Members/Invite_New_Member_To_Team/Page_(1)  Town Square - AYJtheg Mattermost/svg' located by 'By.xpath: (.//*[normalize-space(text()) and normalize-space(.)='@ngocyen'])[1]/following::*[name()='svg'][1]' not found
	at com.kms.katalon.core.webui.common.WebUiCommonHelper.findWebElement(WebUiCommonHelper.java:1154)
	at com.kms.katalon.core.webui.keyword.internal.WebUIAbstractKeyword.findWebElement(WebUIAbstractKeyword.groovy:27)
	at com.kms.katalon.core.webui.keyword.internal.WebUIAbstractKeyword.findWebElement(WebUIAbstractKeyword.groovy:26)
	at com.kms.katalon.core.webui.keyword.builtin.ClickKeyword$_click_closure1.doCall(ClickKeyword.groovy:67)
	at com.kms.katalon.core.webui.keyword.builtin.ClickKeyword$_click_closure1.call(ClickKeyword.groovy)
	at com.kms.katalon.core.webui.keyword.internal.WebUIKeywordMain.runKeyword(WebUIKeywordMain.groovy:20)
	... 19 more]]></system-err>
      </testcase>
      <testcase name="Test Cases/5_Manage_Team_Members/View_Members_In_Team" time="7.222" classname="Test Cases/5_Manage_Team_Members/View_Members_In_Team" status="PASSED">
         <system-out><![CDATA[2019-12-28 23:03:18 - [TEST_CASE][PASSED] - Test Cases/5_Manage_Team_Members/View_Members_In_Team: Test Cases/5_Manage_Team_Members/View_Members_In_Team

2019-12-28 23:03:19 - [TEST_STEP][PASSED] - openBrowser(""): Browser is opened with url: ''

2019-12-28 23:03:19 - [MESSAGE][PASSED] - Browser is opened with url: ''

2019-12-28 23:03:19 - [TEST_STEP][PASSED] - navigateToUrl("http://localhost:8065/"): Navigate to 'http://localhost:8065/' successfully

2019-12-28 23:03:20 - [MESSAGE][PASSED] - Navigate to 'http://localhost:8065/' successfully

2019-12-28 23:03:20 - [TEST_STEP][PASSED] - click(findTestObject("Object Repository/5_Manage_Team_Members/View_Members_In_Team/Page_CS420 - Bumblebee Mattermost/span")): Object: 'Object Repository/5_Manage_Team_Members/View_Members_In_Team/Page_CS420 - Bumblebee Mattermost/span' is clicked on

2019-12-28 23:03:23 - [MESSAGE][PASSED] - Object: 'Object Repository/5_Manage_Team_Members/View_Members_In_Team/Page_CS420 - Bumblebee Mattermost/span' is clicked on

2019-12-28 23:03:23 - [TEST_STEP][PASSED] - click(findTestObject("Object Repository/5_Manage_Team_Members/View_Members_In_Team/Page_CS420 - Bumblebee Mattermost/button_Manage Members")): Object: 'Object Repository/5_Manage_Team_Members/View_Members_In_Team/Page_CS420 - Bumblebee Mattermost/button_Manage Members' is clicked on

2019-12-28 23:03:24 - [MESSAGE][PASSED] - Object: 'Object Repository/5_Manage_Team_Members/View_Members_In_Team/Page_CS420 - Bumblebee Mattermost/button_Manage Members' is clicked on

2019-12-28 23:03:24 - [TEST_STEP][PASSED] - click(findTestObject("Object Repository/5_Manage_Team_Members/View_Members_In_Team/Page_CS420 - Bumblebee Mattermost/span_")): Object: 'Object Repository/5_Manage_Team_Members/View_Members_In_Team/Page_CS420 - Bumblebee Mattermost/span_' is clicked on

2019-12-28 23:03:26 - [MESSAGE][PASSED] - Object: 'Object Repository/5_Manage_Team_Members/View_Members_In_Team/Page_CS420 - Bumblebee Mattermost/span_' is clicked on

2019-12-28 23:03:26 - [TEST_STEP][NOT_RUN] - closeBrowser(): NOT_RUN: closeBrowser()

2019-12-28 23:03:26 - [MESSAGE][NOT_RUN] - NOT_RUN: closeBrowser()]]></system-out>
         <system-err><![CDATA[]]></system-err>
      </testcase>
      <testcase name="Test Cases/6_Team_Settings/Allow_Any_Join_Team" time="9.625" classname="Test Cases/6_Team_Settings/Allow_Any_Join_Team" status="PASSED">
         <system-out><![CDATA[2019-12-28 23:03:26 - [TEST_CASE][PASSED] - Test Cases/6_Team_Settings/Allow_Any_Join_Team: Test Cases/6_Team_Settings/Allow_Any_Join_Team

2019-12-28 23:03:26 - [TEST_STEP][PASSED] - openBrowser(""): Browser is opened with url: ''

2019-12-28 23:03:26 - [MESSAGE][PASSED] - Browser is opened with url: ''

2019-12-28 23:03:26 - [TEST_STEP][PASSED] - navigateToUrl("http://localhost:8065/"): Navigate to 'http://localhost:8065/' successfully

2019-12-28 23:03:27 - [MESSAGE][PASSED] - Navigate to 'http://localhost:8065/' successfully

2019-12-28 23:03:27 - [TEST_STEP][PASSED] - click(findTestObject("6_Team_Settings/Allow_Any_Join_Team/Page_1HDHFClGY4 - Bumblebee Mattermost/span")): Object: 'Object Repository/6_Team_Settings/Allow_Any_Join_Team/Page_1HDHFClGY4 - Bumblebee Mattermost/span' is clicked on

2019-12-28 23:03:31 - [MESSAGE][PASSED] - Object: 'Object Repository/6_Team_Settings/Allow_Any_Join_Team/Page_1HDHFClGY4 - Bumblebee Mattermost/span' is clicked on

2019-12-28 23:03:31 - [TEST_STEP][PASSED] - click(findTestObject("6_Team_Settings/Allow_Any_Join_Team/Page_1HDHFClGY4 - Bumblebee Mattermost/button_Team Settings")): Object: 'Object Repository/6_Team_Settings/Allow_Any_Join_Team/Page_1HDHFClGY4 - Bumblebee Mattermost/button_Team Settings' is clicked on

2019-12-28 23:03:32 - [MESSAGE][PASSED] - Object: 'Object Repository/6_Team_Settings/Allow_Any_Join_Team/Page_1HDHFClGY4 - Bumblebee Mattermost/button_Team Settings' is clicked on

2019-12-28 23:03:32 - [TEST_STEP][PASSED] - click(findTestObject("6_Team_Settings/Allow_Any_Join_Team/Page_1HDHFClGY4 - Bumblebee Mattermost/span_Edit")): Object: 'Object Repository/6_Team_Settings/Allow_Any_Join_Team/Page_1HDHFClGY4 - Bumblebee Mattermost/span_Edit' is clicked on

2019-12-28 23:03:33 - [MESSAGE][PASSED] - Object: 'Object Repository/6_Team_Settings/Allow_Any_Join_Team/Page_1HDHFClGY4 - Bumblebee Mattermost/span_Edit' is clicked on

2019-12-28 23:03:33 - [TEST_STEP][PASSED] - click(findTestObject("6_Team_Settings/Allow_Any_Join_Team/Page_1HDHFClGY4 - Bumblebee Mattermost/input_Allow any user with an account on thi_edcb6a")): Object: 'Object Repository/6_Team_Settings/Allow_Any_Join_Team/Page_1HDHFClGY4 - Bumblebee Mattermost/input_Allow any user with an account on thi_edcb6a' is clicked on

2019-12-28 23:03:33 - [MESSAGE][PASSED] - Object: 'Object Repository/6_Team_Settings/Allow_Any_Join_Team/Page_1HDHFClGY4 - Bumblebee Mattermost/input_Allow any user with an account on thi_edcb6a' is clicked on

2019-12-28 23:03:33 - [TEST_STEP][PASSED] - click(findTestObject("6_Team_Settings/Allow_Any_Join_Team/Page_1HDHFClGY4 - Bumblebee Mattermost/span_Save")): Object: 'Object Repository/6_Team_Settings/Allow_Any_Join_Team/Page_1HDHFClGY4 - Bumblebee Mattermost/span_Save' is clicked on

2019-12-28 23:03:34 - [MESSAGE][PASSED] - Object: 'Object Repository/6_Team_Settings/Allow_Any_Join_Team/Page_1HDHFClGY4 - Bumblebee Mattermost/span_Save' is clicked on

2019-12-28 23:03:34 - [TEST_STEP][PASSED] - click(findTestObject("6_Team_Settings/Allow_Any_Join_Team/Page_1HDHFClGY4 - Bumblebee Mattermost/span_")): Object: 'Object Repository/6_Team_Settings/Allow_Any_Join_Team/Page_1HDHFClGY4 - Bumblebee Mattermost/span_' is clicked on

2019-12-28 23:03:35 - [MESSAGE][PASSED] - Object: 'Object Repository/6_Team_Settings/Allow_Any_Join_Team/Page_1HDHFClGY4 - Bumblebee Mattermost/span_' is clicked on

2019-12-28 23:03:35 - [TEST_STEP][NOT_RUN] - closeBrowser(): NOT_RUN: closeBrowser()

2019-12-28 23:03:35 - [MESSAGE][NOT_RUN] - NOT_RUN: closeBrowser()]]></system-out>
         <system-err><![CDATA[]]></system-err>
      </testcase>
      <testcase name="Test Cases/6_Team_Settings/Allow_Join_Team" time="52.996" classname="Test Cases/6_Team_Settings/Allow_Join_Team" status="PASSED">
         <system-out><![CDATA[2019-12-28 23:03:35 - [TEST_CASE][PASSED] - Test Cases/6_Team_Settings/Allow_Join_Team: Test Cases/6_Team_Settings/Allow_Join_Team

2019-12-28 23:03:36 - [TEST_STEP][PASSED] - openBrowser(""): Browser is opened with url: ''

2019-12-28 23:03:36 - [MESSAGE][PASSED] - Browser is opened with url: ''

2019-12-28 23:03:36 - [TEST_STEP][PASSED] - navigateToUrl("http://localhost:8065/"): Navigate to 'http://localhost:8065/' successfully

2019-12-28 23:03:37 - [MESSAGE][PASSED] - Navigate to 'http://localhost:8065/' successfully

2019-12-28 23:03:37 - [TEST_STEP][PASSED] - click(findTestObject("6_Team_Settings/Allow_Join_Team/Page_1HDHFClGY4 - Bumblebee Mattermost/svg")): Object: 'Object Repository/6_Team_Settings/Allow_Join_Team/Page_1HDHFClGY4 - Bumblebee Mattermost/svg' is clicked on

2019-12-28 23:04:19 - [MESSAGE][INFO] - Unable to find the element located by 'By.xpath: (.//*[normalize-space(text()) and normalize-space(.)='@ngocyen'])[1]/following::*[name()='svg'][1]'. Please recheck the objects properties to make sure the desired element is located. 

2019-12-28 23:04:19 - [MESSAGE][INFO] - [SMART_XPATH] Auto-trying out other XPath values in the test object.

2019-12-28 23:04:20 - [MESSAGE][INFO] - [SMART_XPATH] FAILED XPATH: '(.//*[normalize-space(text()) and normalize-space(.)='@ngocyen'])[1]/following::*[name()='svg'][1]'.

2019-12-28 23:04:20 - [MESSAGE][INFO] - [SMART_XPATH] WORKING XPATH: '(.//*[normalize-space(text()) and normalize-space(.)='Bumblebee'])[2]/following::*[name()='svg'][1]'.

2019-12-28 23:04:20 - [MESSAGE][INFO] - [SMART_XPATH] Screenshot: /Users/nguyentri/Desktop/Learn/SoftwareEngineer/mattermost-duo-test/Reports/smart_xpath/Object Repository/6_Team_Settings/Allow_Join_Team/Page_1HDHFClGY4 - Bumblebee Mattermost/svg_neighbor_33.png

2019-12-28 23:04:21 - [MESSAGE][INFO] - [SMART_XPATH] WORKING XPATH: '(.//*[normalize-space(text()) and normalize-space(.)='More unreads'])[1]/preceding::*[name()='svg'][1]'.

2019-12-28 23:04:22 - [MESSAGE][INFO] - [SMART_XPATH] Screenshot: /Users/nguyentri/Desktop/Learn/SoftwareEngineer/mattermost-duo-test/Reports/smart_xpath/Object Repository/6_Team_Settings/Allow_Join_Team/Page_1HDHFClGY4 - Bumblebee Mattermost/svg_neighbor_34.png

2019-12-28 23:04:22 - [MESSAGE][INFO] - [SMART_XPATH] WORKING XPATH: '(.//*[normalize-space(text()) and normalize-space(.)='More unreads'])[2]/preceding::*[name()='svg'][2]'.

2019-12-28 23:04:22 - [MESSAGE][INFO] - [SMART_XPATH] Screenshot: /Users/nguyentri/Desktop/Learn/SoftwareEngineer/mattermost-duo-test/Reports/smart_xpath/Object Repository/6_Team_Settings/Allow_Join_Team/Page_1HDHFClGY4 - Bumblebee Mattermost/svg_neighbor_35.png

2019-12-28 23:04:22 - [MESSAGE][ERROR] - [SMART_XPATH] /Users/nguyentri/Desktop/Learn/SoftwareEngineer/mattermost-duo-test/Reports/smart_xpath/waiting-for-approval.json (No such file or directory)

2019-12-28 23:04:22 - [MESSAGE][ERROR] - [SMART_XPATH] /Users/nguyentri/Desktop/Learn/SoftwareEngineer/mattermost-duo-test/Reports/smart_xpath/waiting-for-approval.json does not exist or is provided by Smart XPath Plugin!

2019-12-28 23:04:22 - [MESSAGE][INFO] - [SMART_XPATH] Selected Smart XPath: '(.//*[normalize-space(text()) and normalize-space(.)='Bumblebee'])[2]/following::*[name()='svg'][1]'.

2019-12-28 23:04:22 - [MESSAGE][INFO] - [SMART_XPATH] Continuing executing the test case!

2019-12-28 23:04:23 - [MESSAGE][PASSED] - Object: 'Object Repository/6_Team_Settings/Allow_Join_Team/Page_1HDHFClGY4 - Bumblebee Mattermost/svg' is clicked on

2019-12-28 23:04:23 - [TEST_STEP][PASSED] - click(findTestObject("6_Team_Settings/Allow_Join_Team/Page_1HDHFClGY4 - Bumblebee Mattermost/button_Team Settings")): Object: 'Object Repository/6_Team_Settings/Allow_Join_Team/Page_1HDHFClGY4 - Bumblebee Mattermost/button_Team Settings' is clicked on

2019-12-28 23:04:24 - [MESSAGE][PASSED] - Object: 'Object Repository/6_Team_Settings/Allow_Join_Team/Page_1HDHFClGY4 - Bumblebee Mattermost/button_Team Settings' is clicked on

2019-12-28 23:04:24 - [TEST_STEP][PASSED] - click(findTestObject("6_Team_Settings/Allow_Join_Team/Page_1HDHFClGY4 - Bumblebee Mattermost/span_Edit")): Object: 'Object Repository/6_Team_Settings/Allow_Join_Team/Page_1HDHFClGY4 - Bumblebee Mattermost/span_Edit' is clicked on

2019-12-28 23:04:25 - [MESSAGE][PASSED] - Object: 'Object Repository/6_Team_Settings/Allow_Join_Team/Page_1HDHFClGY4 - Bumblebee Mattermost/span_Edit' is clicked on

2019-12-28 23:04:25 - [TEST_STEP][PASSED] - setText(findTestObject("6_Team_Settings/Allow_Join_Team/Page_1HDHFClGY4 - Bumblebee Mattermost/input_Allow only users with a specific emai_44da11"), "user_email.mattermost.org"): Text 'user_email.mattermost.org' is set on object 'Object Repository/6_Team_Settings/Allow_Join_Team/Page_1HDHFClGY4 - Bumblebee Mattermost/input_Allow only users with a specific emai_44da11'

2019-12-28 23:04:26 - [MESSAGE][PASSED] - Text 'user_email.mattermost.org' is set on object 'Object Repository/6_Team_Settings/Allow_Join_Team/Page_1HDHFClGY4 - Bumblebee Mattermost/input_Allow only users with a specific emai_44da11'

2019-12-28 23:04:26 - [TEST_STEP][PASSED] - click(findTestObject("6_Team_Settings/Allow_Join_Team/Page_1HDHFClGY4 - Bumblebee Mattermost/span_Save")): Object: 'Object Repository/6_Team_Settings/Allow_Join_Team/Page_1HDHFClGY4 - Bumblebee Mattermost/span_Save' is clicked on

2019-12-28 23:04:27 - [MESSAGE][PASSED] - Object: 'Object Repository/6_Team_Settings/Allow_Join_Team/Page_1HDHFClGY4 - Bumblebee Mattermost/span_Save' is clicked on

2019-12-28 23:04:27 - [TEST_STEP][PASSED] - click(findTestObject("6_Team_Settings/Allow_Join_Team/Page_1HDHFClGY4 - Bumblebee Mattermost/span_")): Object: 'Object Repository/6_Team_Settings/Allow_Join_Team/Page_1HDHFClGY4 - Bumblebee Mattermost/span_' is clicked on

2019-12-28 23:04:28 - [MESSAGE][PASSED] - Object: 'Object Repository/6_Team_Settings/Allow_Join_Team/Page_1HDHFClGY4 - Bumblebee Mattermost/span_' is clicked on

2019-12-28 23:04:28 - [TEST_STEP][NOT_RUN] - closeBrowser(): NOT_RUN: closeBrowser()

2019-12-28 23:04:28 - [MESSAGE][NOT_RUN] - NOT_RUN: closeBrowser()]]></system-out>
         <system-err><![CDATA[]]></system-err>
      </testcase>
      <testcase name="Test Cases/6_Team_Settings/Edit_Invite_Code" time="52.313" classname="Test Cases/6_Team_Settings/Edit_Invite_Code" status="PASSED">
         <system-out><![CDATA[2019-12-28 23:04:28 - [TEST_CASE][PASSED] - Test Cases/6_Team_Settings/Edit_Invite_Code: Test Cases/6_Team_Settings/Edit_Invite_Code

2019-12-28 23:04:29 - [TEST_STEP][PASSED] - openBrowser(""): Browser is opened with url: ''

2019-12-28 23:04:29 - [MESSAGE][PASSED] - Browser is opened with url: ''

2019-12-28 23:04:29 - [TEST_STEP][PASSED] - navigateToUrl("http://localhost:8065/"): Navigate to 'http://localhost:8065/' successfully

2019-12-28 23:04:30 - [MESSAGE][PASSED] - Navigate to 'http://localhost:8065/' successfully

2019-12-28 23:04:30 - [TEST_STEP][PASSED] - click(findTestObject("Object Repository/6_Team_Settings/Edit_Invite_Code/Page_1HDHFClGY4 - Bumblebee Mattermost/svg")): Object: 'Object Repository/6_Team_Settings/Edit_Invite_Code/Page_1HDHFClGY4 - Bumblebee Mattermost/svg' is clicked on

2019-12-28 23:05:14 - [MESSAGE][INFO] - Unable to find the element located by 'By.xpath: (.//*[normalize-space(text()) and normalize-space(.)='@ngocyen'])[1]/following::*[name()='svg'][1]'. Please recheck the objects properties to make sure the desired element is located. 

2019-12-28 23:05:14 - [MESSAGE][INFO] - [SMART_XPATH] Auto-trying out other XPath values in the test object.

2019-12-28 23:05:14 - [MESSAGE][INFO] - [SMART_XPATH] FAILED XPATH: '(.//*[normalize-space(text()) and normalize-space(.)='@ngocyen'])[1]/following::*[name()='svg'][1]'.

2019-12-28 23:05:14 - [MESSAGE][INFO] - [SMART_XPATH] WORKING XPATH: '(.//*[normalize-space(text()) and normalize-space(.)='Bumblebee'])[2]/following::*[name()='svg'][1]'.

2019-12-28 23:05:15 - [MESSAGE][INFO] - [SMART_XPATH] Screenshot: /Users/nguyentri/Desktop/Learn/SoftwareEngineer/mattermost-duo-test/Reports/smart_xpath/Object Repository/6_Team_Settings/Edit_Invite_Code/Page_1HDHFClGY4 - Bumblebee Mattermost/svg_neighbor_34.png

2019-12-28 23:05:15 - [MESSAGE][INFO] - [SMART_XPATH] WORKING XPATH: '(.//*[normalize-space(text()) and normalize-space(.)='More unreads'])[1]/preceding::*[name()='svg'][1]'.

2019-12-28 23:05:15 - [MESSAGE][INFO] - [SMART_XPATH] Screenshot: /Users/nguyentri/Desktop/Learn/SoftwareEngineer/mattermost-duo-test/Reports/smart_xpath/Object Repository/6_Team_Settings/Edit_Invite_Code/Page_1HDHFClGY4 - Bumblebee Mattermost/svg_neighbor_35.png

2019-12-28 23:05:15 - [MESSAGE][INFO] - [SMART_XPATH] WORKING XPATH: '(.//*[normalize-space(text()) and normalize-space(.)='More unreads'])[2]/preceding::*[name()='svg'][2]'.

2019-12-28 23:05:16 - [MESSAGE][INFO] - [SMART_XPATH] Screenshot: /Users/nguyentri/Desktop/Learn/SoftwareEngineer/mattermost-duo-test/Reports/smart_xpath/Object Repository/6_Team_Settings/Edit_Invite_Code/Page_1HDHFClGY4 - Bumblebee Mattermost/svg_neighbor_36.png

2019-12-28 23:05:16 - [MESSAGE][ERROR] - [SMART_XPATH] /Users/nguyentri/Desktop/Learn/SoftwareEngineer/mattermost-duo-test/Reports/smart_xpath/waiting-for-approval.json (No such file or directory)

2019-12-28 23:05:16 - [MESSAGE][ERROR] - [SMART_XPATH] /Users/nguyentri/Desktop/Learn/SoftwareEngineer/mattermost-duo-test/Reports/smart_xpath/waiting-for-approval.json does not exist or is provided by Smart XPath Plugin!

2019-12-28 23:05:16 - [MESSAGE][INFO] - [SMART_XPATH] Selected Smart XPath: '(.//*[normalize-space(text()) and normalize-space(.)='Bumblebee'])[2]/following::*[name()='svg'][1]'.

2019-12-28 23:05:16 - [MESSAGE][INFO] - [SMART_XPATH] Continuing executing the test case!

2019-12-28 23:05:16 - [MESSAGE][PASSED] - Object: 'Object Repository/6_Team_Settings/Edit_Invite_Code/Page_1HDHFClGY4 - Bumblebee Mattermost/svg' is clicked on

2019-12-28 23:05:16 - [TEST_STEP][PASSED] - click(findTestObject("Object Repository/6_Team_Settings/Edit_Invite_Code/Page_1HDHFClGY4 - Bumblebee Mattermost/button_Team Settings")): Object: 'Object Repository/6_Team_Settings/Edit_Invite_Code/Page_1HDHFClGY4 - Bumblebee Mattermost/button_Team Settings' is clicked on

2019-12-28 23:05:17 - [MESSAGE][PASSED] - Object: 'Object Repository/6_Team_Settings/Edit_Invite_Code/Page_1HDHFClGY4 - Bumblebee Mattermost/button_Team Settings' is clicked on

2019-12-28 23:05:17 - [TEST_STEP][PASSED] - click(findTestObject("Object Repository/6_Team_Settings/Edit_Invite_Code/Page_1HDHFClGY4 - Bumblebee Mattermost/span_Edit")): Object: 'Object Repository/6_Team_Settings/Edit_Invite_Code/Page_1HDHFClGY4 - Bumblebee Mattermost/span_Edit' is clicked on

2019-12-28 23:05:18 - [MESSAGE][PASSED] - Object: 'Object Repository/6_Team_Settings/Edit_Invite_Code/Page_1HDHFClGY4 - Bumblebee Mattermost/span_Edit' is clicked on

2019-12-28 23:05:18 - [TEST_STEP][PASSED] - click(findTestObject("Object Repository/6_Team_Settings/Edit_Invite_Code/Page_1HDHFClGY4 - Bumblebee Mattermost/span_Regenerate")): Object: 'Object Repository/6_Team_Settings/Edit_Invite_Code/Page_1HDHFClGY4 - Bumblebee Mattermost/span_Regenerate' is clicked on

2019-12-28 23:05:19 - [MESSAGE][PASSED] - Object: 'Object Repository/6_Team_Settings/Edit_Invite_Code/Page_1HDHFClGY4 - Bumblebee Mattermost/span_Regenerate' is clicked on

2019-12-28 23:05:19 - [TEST_STEP][PASSED] - delay(1): Delayed 1 second(s)

2019-12-28 23:05:20 - [MESSAGE][PASSED] - Delayed 1 second(s)

2019-12-28 23:05:20 - [TEST_STEP][PASSED] - click(findTestObject("Object Repository/6_Team_Settings/Edit_Invite_Code/Page_1HDHFClGY4 - Bumblebee Mattermost/span_")): Object: 'Object Repository/6_Team_Settings/Edit_Invite_Code/Page_1HDHFClGY4 - Bumblebee Mattermost/span_' is clicked on

2019-12-28 23:05:21 - [MESSAGE][PASSED] - Object: 'Object Repository/6_Team_Settings/Edit_Invite_Code/Page_1HDHFClGY4 - Bumblebee Mattermost/span_' is clicked on

2019-12-28 23:05:21 - [TEST_STEP][NOT_RUN] - closeBrowser(): NOT_RUN: closeBrowser()

2019-12-28 23:05:21 - [MESSAGE][NOT_RUN] - NOT_RUN: closeBrowser()]]></system-out>
         <system-err><![CDATA[]]></system-err>
      </testcase>
      <testcase name="Test Cases/6_Team_Settings/Edit_Team_Description" time="52.385" classname="Test Cases/6_Team_Settings/Edit_Team_Description" status="PASSED">
         <system-out><![CDATA[2019-12-28 23:05:21 - [TEST_CASE][PASSED] - Test Cases/6_Team_Settings/Edit_Team_Description: Test Cases/6_Team_Settings/Edit_Team_Description

2019-12-28 23:05:21 - [TEST_STEP][PASSED] - openBrowser(""): Browser is opened with url: ''

2019-12-28 23:05:21 - [MESSAGE][PASSED] - Browser is opened with url: ''

2019-12-28 23:05:21 - [TEST_STEP][PASSED] - navigateToUrl("http://localhost:8065/"): Navigate to 'http://localhost:8065/' successfully

2019-12-28 23:05:22 - [MESSAGE][PASSED] - Navigate to 'http://localhost:8065/' successfully

2019-12-28 23:05:22 - [TEST_STEP][PASSED] - click(findTestObject("Object Repository/6_Team_Settings/Edit_Team_Description/Page_1HDHFClGY4 - Bumblebee Mattermost/svg")): Object: 'Object Repository/6_Team_Settings/Edit_Team_Description/Page_1HDHFClGY4 - Bumblebee Mattermost/svg' is clicked on

2019-12-28 23:06:06 - [MESSAGE][INFO] - Unable to find the element located by 'By.xpath: (.//*[normalize-space(text()) and normalize-space(.)='@ngocyen'])[1]/following::*[name()='svg'][1]'. Please recheck the objects properties to make sure the desired element is located. 

2019-12-28 23:06:06 - [MESSAGE][INFO] - [SMART_XPATH] Auto-trying out other XPath values in the test object.

2019-12-28 23:06:07 - [MESSAGE][INFO] - [SMART_XPATH] FAILED XPATH: '(.//*[normalize-space(text()) and normalize-space(.)='@ngocyen'])[1]/following::*[name()='svg'][1]'.

2019-12-28 23:06:07 - [MESSAGE][INFO] - [SMART_XPATH] WORKING XPATH: '(.//*[normalize-space(text()) and normalize-space(.)='Bumblebee'])[2]/following::*[name()='svg'][1]'.

2019-12-28 23:06:07 - [MESSAGE][INFO] - [SMART_XPATH] Screenshot: /Users/nguyentri/Desktop/Learn/SoftwareEngineer/mattermost-duo-test/Reports/smart_xpath/Object Repository/6_Team_Settings/Edit_Team_Description/Page_1HDHFClGY4 - Bumblebee Mattermost/svg_neighbor_35.png

2019-12-28 23:06:08 - [MESSAGE][INFO] - [SMART_XPATH] WORKING XPATH: '(.//*[normalize-space(text()) and normalize-space(.)='More unreads'])[1]/preceding::*[name()='svg'][1]'.

2019-12-28 23:06:08 - [MESSAGE][INFO] - [SMART_XPATH] Screenshot: /Users/nguyentri/Desktop/Learn/SoftwareEngineer/mattermost-duo-test/Reports/smart_xpath/Object Repository/6_Team_Settings/Edit_Team_Description/Page_1HDHFClGY4 - Bumblebee Mattermost/svg_neighbor_36.png

2019-12-28 23:06:08 - [MESSAGE][INFO] - [SMART_XPATH] WORKING XPATH: '(.//*[normalize-space(text()) and normalize-space(.)='More unreads'])[2]/preceding::*[name()='svg'][2]'.

2019-12-28 23:06:09 - [MESSAGE][INFO] - [SMART_XPATH] Screenshot: /Users/nguyentri/Desktop/Learn/SoftwareEngineer/mattermost-duo-test/Reports/smart_xpath/Object Repository/6_Team_Settings/Edit_Team_Description/Page_1HDHFClGY4 - Bumblebee Mattermost/svg_neighbor_37.png

2019-12-28 23:06:09 - [MESSAGE][ERROR] - [SMART_XPATH] /Users/nguyentri/Desktop/Learn/SoftwareEngineer/mattermost-duo-test/Reports/smart_xpath/waiting-for-approval.json (No such file or directory)

2019-12-28 23:06:09 - [MESSAGE][ERROR] - [SMART_XPATH] /Users/nguyentri/Desktop/Learn/SoftwareEngineer/mattermost-duo-test/Reports/smart_xpath/waiting-for-approval.json does not exist or is provided by Smart XPath Plugin!

2019-12-28 23:06:09 - [MESSAGE][INFO] - [SMART_XPATH] Selected Smart XPath: '(.//*[normalize-space(text()) and normalize-space(.)='Bumblebee'])[2]/following::*[name()='svg'][1]'.

2019-12-28 23:06:09 - [MESSAGE][INFO] - [SMART_XPATH] Continuing executing the test case!

2019-12-28 23:06:09 - [MESSAGE][PASSED] - Object: 'Object Repository/6_Team_Settings/Edit_Team_Description/Page_1HDHFClGY4 - Bumblebee Mattermost/svg' is clicked on

2019-12-28 23:06:09 - [TEST_STEP][PASSED] - click(findTestObject("Object Repository/6_Team_Settings/Edit_Team_Description/Page_1HDHFClGY4 - Bumblebee Mattermost/button_Team Settings")): Object: 'Object Repository/6_Team_Settings/Edit_Team_Description/Page_1HDHFClGY4 - Bumblebee Mattermost/button_Team Settings' is clicked on

2019-12-28 23:06:10 - [MESSAGE][PASSED] - Object: 'Object Repository/6_Team_Settings/Edit_Team_Description/Page_1HDHFClGY4 - Bumblebee Mattermost/button_Team Settings' is clicked on

2019-12-28 23:06:10 - [TEST_STEP][PASSED] - click(findTestObject("Object Repository/6_Team_Settings/Edit_Team_Description/Page_1HDHFClGY4 - Bumblebee Mattermost/span_Edit")): Object: 'Object Repository/6_Team_Settings/Edit_Team_Description/Page_1HDHFClGY4 - Bumblebee Mattermost/span_Edit' is clicked on

2019-12-28 23:06:11 - [MESSAGE][PASSED] - Object: 'Object Repository/6_Team_Settings/Edit_Team_Description/Page_1HDHFClGY4 - Bumblebee Mattermost/span_Edit' is clicked on

2019-12-28 23:06:11 - [TEST_STEP][PASSED] - setText(findTestObject("Object Repository/6_Team_Settings/Edit_Team_Description/Page_1HDHFClGY4 - Bumblebee Mattermost/input_Team Description_teamDescription"), "New Description"): Text 'New Description' is set on object 'Object Repository/6_Team_Settings/Edit_Team_Description/Page_1HDHFClGY4 - Bumblebee Mattermost/input_Team Description_teamDescription'

2019-12-28 23:06:12 - [MESSAGE][PASSED] - Text 'New Description' is set on object 'Object Repository/6_Team_Settings/Edit_Team_Description/Page_1HDHFClGY4 - Bumblebee Mattermost/input_Team Description_teamDescription'

2019-12-28 23:06:12 - [TEST_STEP][PASSED] - click(findTestObject("Object Repository/6_Team_Settings/Edit_Team_Description/Page_1HDHFClGY4 - Bumblebee Mattermost/span_Save")): Object: 'Object Repository/6_Team_Settings/Edit_Team_Description/Page_1HDHFClGY4 - Bumblebee Mattermost/span_Save' is clicked on

2019-12-28 23:06:12 - [MESSAGE][PASSED] - Object: 'Object Repository/6_Team_Settings/Edit_Team_Description/Page_1HDHFClGY4 - Bumblebee Mattermost/span_Save' is clicked on

2019-12-28 23:06:12 - [TEST_STEP][PASSED] - click(findTestObject("Object Repository/6_Team_Settings/Edit_Team_Description/Page_1HDHFClGY4 - Bumblebee Mattermost/span_")): Object: 'Object Repository/6_Team_Settings/Edit_Team_Description/Page_1HDHFClGY4 - Bumblebee Mattermost/span_' is clicked on

2019-12-28 23:06:13 - [MESSAGE][PASSED] - Object: 'Object Repository/6_Team_Settings/Edit_Team_Description/Page_1HDHFClGY4 - Bumblebee Mattermost/span_' is clicked on

2019-12-28 23:06:13 - [TEST_STEP][NOT_RUN] - closeBrowser(): NOT_RUN: closeBrowser()

2019-12-28 23:06:13 - [MESSAGE][NOT_RUN] - NOT_RUN: closeBrowser()]]></system-out>
         <system-err><![CDATA[]]></system-err>
      </testcase>
      <testcase name="Test Cases/7_Account_Settings/Edit_Desktop_Notification" time="51.913" classname="Test Cases/7_Account_Settings/Edit_Desktop_Notification" status="PASSED">
         <system-out><![CDATA[2019-12-28 23:06:13 - [TEST_CASE][PASSED] - Test Cases/7_Account_Settings/Edit_Desktop_Notification: Test Cases/7_Account_Settings/Edit_Desktop_Notification

2019-12-28 23:06:13 - [TEST_STEP][PASSED] - openBrowser(""): Browser is opened with url: ''

2019-12-28 23:06:14 - [MESSAGE][PASSED] - Browser is opened with url: ''

2019-12-28 23:06:14 - [TEST_STEP][PASSED] - navigateToUrl("http://localhost:8065/"): Navigate to 'http://localhost:8065/' successfully

2019-12-28 23:06:15 - [MESSAGE][PASSED] - Navigate to 'http://localhost:8065/' successfully

2019-12-28 23:06:15 - [TEST_STEP][PASSED] - click(findTestObject("Object Repository/7_Account_Settings/Edit_Desktop_Notifications/Page_1HDHFClGY4 - Bumblebee Mattermost/svg")): Object: 'Object Repository/7_Account_Settings/Edit_Desktop_Notifications/Page_1HDHFClGY4 - Bumblebee Mattermost/svg' is clicked on

2019-12-28 23:06:58 - [MESSAGE][INFO] - Unable to find the element located by 'By.xpath: (.//*[normalize-space(text()) and normalize-space(.)='@ngocyen'])[1]/following::*[name()='svg'][1]'. Please recheck the objects properties to make sure the desired element is located. 

2019-12-28 23:06:58 - [MESSAGE][INFO] - [SMART_XPATH] Auto-trying out other XPath values in the test object.

2019-12-28 23:06:58 - [MESSAGE][INFO] - [SMART_XPATH] FAILED XPATH: '(.//*[normalize-space(text()) and normalize-space(.)='@ngocyen'])[1]/following::*[name()='svg'][1]'.

2019-12-28 23:06:58 - [MESSAGE][INFO] - [SMART_XPATH] WORKING XPATH: '(.//*[normalize-space(text()) and normalize-space(.)='Bumblebee'])[2]/following::*[name()='svg'][1]'.

2019-12-28 23:06:59 - [MESSAGE][INFO] - [SMART_XPATH] Screenshot: /Users/nguyentri/Desktop/Learn/SoftwareEngineer/mattermost-duo-test/Reports/smart_xpath/Object Repository/7_Account_Settings/Edit_Desktop_Notifications/Page_1HDHFClGY4 - Bumblebee Mattermost/svg_neighbor_36.png

2019-12-28 23:06:59 - [MESSAGE][INFO] - [SMART_XPATH] WORKING XPATH: '(.//*[normalize-space(text()) and normalize-space(.)='More unreads'])[1]/preceding::*[name()='svg'][1]'.

2019-12-28 23:06:59 - [MESSAGE][INFO] - [SMART_XPATH] Screenshot: /Users/nguyentri/Desktop/Learn/SoftwareEngineer/mattermost-duo-test/Reports/smart_xpath/Object Repository/7_Account_Settings/Edit_Desktop_Notifications/Page_1HDHFClGY4 - Bumblebee Mattermost/svg_neighbor_37.png

2019-12-28 23:07:00 - [MESSAGE][INFO] - [SMART_XPATH] WORKING XPATH: '(.//*[normalize-space(text()) and normalize-space(.)='More unreads'])[2]/preceding::*[name()='svg'][2]'.

2019-12-28 23:07:00 - [MESSAGE][INFO] - [SMART_XPATH] Screenshot: /Users/nguyentri/Desktop/Learn/SoftwareEngineer/mattermost-duo-test/Reports/smart_xpath/Object Repository/7_Account_Settings/Edit_Desktop_Notifications/Page_1HDHFClGY4 - Bumblebee Mattermost/svg_neighbor_38.png

2019-12-28 23:07:00 - [MESSAGE][ERROR] - [SMART_XPATH] /Users/nguyentri/Desktop/Learn/SoftwareEngineer/mattermost-duo-test/Reports/smart_xpath/waiting-for-approval.json (No such file or directory)

2019-12-28 23:07:00 - [MESSAGE][ERROR] - [SMART_XPATH] /Users/nguyentri/Desktop/Learn/SoftwareEngineer/mattermost-duo-test/Reports/smart_xpath/waiting-for-approval.json does not exist or is provided by Smart XPath Plugin!

2019-12-28 23:07:00 - [MESSAGE][INFO] - [SMART_XPATH] Selected Smart XPath: '(.//*[normalize-space(text()) and normalize-space(.)='Bumblebee'])[2]/following::*[name()='svg'][1]'.

2019-12-28 23:07:00 - [MESSAGE][INFO] - [SMART_XPATH] Continuing executing the test case!

2019-12-28 23:07:00 - [MESSAGE][PASSED] - Object: 'Object Repository/7_Account_Settings/Edit_Desktop_Notifications/Page_1HDHFClGY4 - Bumblebee Mattermost/svg' is clicked on

2019-12-28 23:07:00 - [TEST_STEP][PASSED] - click(findTestObject("Object Repository/7_Account_Settings/Edit_Desktop_Notifications/Page_1HDHFClGY4 - Bumblebee Mattermost/button_Account Settings")): Object: 'Object Repository/7_Account_Settings/Edit_Desktop_Notifications/Page_1HDHFClGY4 - Bumblebee Mattermost/button_Account Settings' is clicked on

2019-12-28 23:07:01 - [MESSAGE][PASSED] - Object: 'Object Repository/7_Account_Settings/Edit_Desktop_Notifications/Page_1HDHFClGY4 - Bumblebee Mattermost/button_Account Settings' is clicked on

2019-12-28 23:07:01 - [TEST_STEP][PASSED] - click(findTestObject("Object Repository/7_Account_Settings/Edit_Desktop_Notifications/Page_1HDHFClGY4 - Bumblebee Mattermost/button_Notifications")): Object: 'Object Repository/7_Account_Settings/Edit_Desktop_Notifications/Page_1HDHFClGY4 - Bumblebee Mattermost/button_Notifications' is clicked on

2019-12-28 23:07:02 - [MESSAGE][PASSED] - Object: 'Object Repository/7_Account_Settings/Edit_Desktop_Notifications/Page_1HDHFClGY4 - Bumblebee Mattermost/button_Notifications' is clicked on

2019-12-28 23:07:02 - [TEST_STEP][PASSED] - click(findTestObject("Object Repository/7_Account_Settings/Edit_Desktop_Notifications/Page_1HDHFClGY4 - Bumblebee Mattermost/span_Edit")): Object: 'Object Repository/7_Account_Settings/Edit_Desktop_Notifications/Page_1HDHFClGY4 - Bumblebee Mattermost/span_Edit' is clicked on

2019-12-28 23:07:03 - [MESSAGE][PASSED] - Object: 'Object Repository/7_Account_Settings/Edit_Desktop_Notifications/Page_1HDHFClGY4 - Bumblebee Mattermost/span_Edit' is clicked on

2019-12-28 23:07:03 - [TEST_STEP][PASSED] - click(findTestObject("Object Repository/7_Account_Settings/Edit_Desktop_Notifications/Page_1HDHFClGY4 - Bumblebee Mattermost/input_Only for mentions and direct messages_6c3783")): Object: 'Object Repository/7_Account_Settings/Edit_Desktop_Notifications/Page_1HDHFClGY4 - Bumblebee Mattermost/input_Only for mentions and direct messages_6c3783' is clicked on

2019-12-28 23:07:03 - [MESSAGE][PASSED] - Object: 'Object Repository/7_Account_Settings/Edit_Desktop_Notifications/Page_1HDHFClGY4 - Bumblebee Mattermost/input_Only for mentions and direct messages_6c3783' is clicked on

2019-12-28 23:07:03 - [TEST_STEP][PASSED] - click(findTestObject("Object Repository/7_Account_Settings/Edit_Desktop_Notifications/Page_1HDHFClGY4 - Bumblebee Mattermost/span_Save")): Object: 'Object Repository/7_Account_Settings/Edit_Desktop_Notifications/Page_1HDHFClGY4 - Bumblebee Mattermost/span_Save' is clicked on

2019-12-28 23:07:04 - [MESSAGE][PASSED] - Object: 'Object Repository/7_Account_Settings/Edit_Desktop_Notifications/Page_1HDHFClGY4 - Bumblebee Mattermost/span_Save' is clicked on

2019-12-28 23:07:04 - [TEST_STEP][PASSED] - click(findTestObject("Object Repository/7_Account_Settings/Edit_Desktop_Notifications/Page_1HDHFClGY4 - Bumblebee Mattermost/span_")): Object: 'Object Repository/7_Account_Settings/Edit_Desktop_Notifications/Page_1HDHFClGY4 - Bumblebee Mattermost/span_' is clicked on

2019-12-28 23:07:05 - [MESSAGE][PASSED] - Object: 'Object Repository/7_Account_Settings/Edit_Desktop_Notifications/Page_1HDHFClGY4 - Bumblebee Mattermost/span_' is clicked on

2019-12-28 23:07:05 - [TEST_STEP][NOT_RUN] - closeBrowser(): NOT_RUN: closeBrowser()

2019-12-28 23:07:05 - [MESSAGE][NOT_RUN] - NOT_RUN: closeBrowser()]]></system-out>
         <system-err><![CDATA[]]></system-err>
      </testcase>
      <testcase name="Test Cases/7_Account_Settings/Edit_Email" time="53.13" classname="Test Cases/7_Account_Settings/Edit_Email" status="PASSED">
         <system-out><![CDATA[2019-12-28 23:07:05 - [TEST_CASE][PASSED] - Test Cases/7_Account_Settings/Edit_Email: Test Cases/7_Account_Settings/Edit_Email

2019-12-28 23:07:05 - [TEST_STEP][PASSED] - openBrowser(""): Browser is opened with url: ''

2019-12-28 23:07:06 - [MESSAGE][PASSED] - Browser is opened with url: ''

2019-12-28 23:07:06 - [TEST_STEP][PASSED] - navigateToUrl("http://localhost:8065/"): Navigate to 'http://localhost:8065/' successfully

2019-12-28 23:07:06 - [MESSAGE][PASSED] - Navigate to 'http://localhost:8065/' successfully

2019-12-28 23:07:06 - [TEST_STEP][PASSED] - click(findTestObject("Object Repository/7_Account_Settings/Edit_Email/Page_1HDHFClGY4 - Bumblebee Mattermost/svg")): Object: 'Object Repository/7_Account_Settings/Edit_Email/Page_1HDHFClGY4 - Bumblebee Mattermost/svg' is clicked on

2019-12-28 23:07:49 - [MESSAGE][INFO] - Unable to find the element located by 'By.xpath: (.//*[normalize-space(text()) and normalize-space(.)='@ngocyen'])[1]/following::*[name()='svg'][1]'. Please recheck the objects properties to make sure the desired element is located. 

2019-12-28 23:07:49 - [MESSAGE][INFO] - [SMART_XPATH] Auto-trying out other XPath values in the test object.

2019-12-28 23:07:50 - [MESSAGE][INFO] - [SMART_XPATH] FAILED XPATH: '(.//*[normalize-space(text()) and normalize-space(.)='@ngocyen'])[1]/following::*[name()='svg'][1]'.

2019-12-28 23:07:50 - [MESSAGE][INFO] - [SMART_XPATH] WORKING XPATH: '(.//*[normalize-space(text()) and normalize-space(.)='Bumblebee'])[2]/following::*[name()='svg'][1]'.

2019-12-28 23:07:50 - [MESSAGE][INFO] - [SMART_XPATH] Screenshot: /Users/nguyentri/Desktop/Learn/SoftwareEngineer/mattermost-duo-test/Reports/smart_xpath/Object Repository/7_Account_Settings/Edit_Email/Page_1HDHFClGY4 - Bumblebee Mattermost/svg_neighbor_37.png

2019-12-28 23:07:50 - [MESSAGE][INFO] - [SMART_XPATH] WORKING XPATH: '(.//*[normalize-space(text()) and normalize-space(.)='More unreads'])[1]/preceding::*[name()='svg'][1]'.

2019-12-28 23:07:51 - [MESSAGE][INFO] - [SMART_XPATH] Screenshot: /Users/nguyentri/Desktop/Learn/SoftwareEngineer/mattermost-duo-test/Reports/smart_xpath/Object Repository/7_Account_Settings/Edit_Email/Page_1HDHFClGY4 - Bumblebee Mattermost/svg_neighbor_38.png

2019-12-28 23:07:52 - [MESSAGE][INFO] - [SMART_XPATH] WORKING XPATH: '(.//*[normalize-space(text()) and normalize-space(.)='More unreads'])[2]/preceding::*[name()='svg'][2]'.

2019-12-28 23:07:52 - [MESSAGE][INFO] - [SMART_XPATH] Screenshot: /Users/nguyentri/Desktop/Learn/SoftwareEngineer/mattermost-duo-test/Reports/smart_xpath/Object Repository/7_Account_Settings/Edit_Email/Page_1HDHFClGY4 - Bumblebee Mattermost/svg_neighbor_39.png

2019-12-28 23:07:52 - [MESSAGE][ERROR] - [SMART_XPATH] /Users/nguyentri/Desktop/Learn/SoftwareEngineer/mattermost-duo-test/Reports/smart_xpath/waiting-for-approval.json (No such file or directory)

2019-12-28 23:07:52 - [MESSAGE][ERROR] - [SMART_XPATH] /Users/nguyentri/Desktop/Learn/SoftwareEngineer/mattermost-duo-test/Reports/smart_xpath/waiting-for-approval.json does not exist or is provided by Smart XPath Plugin!

2019-12-28 23:07:52 - [MESSAGE][INFO] - [SMART_XPATH] Selected Smart XPath: '(.//*[normalize-space(text()) and normalize-space(.)='Bumblebee'])[2]/following::*[name()='svg'][1]'.

2019-12-28 23:07:52 - [MESSAGE][INFO] - [SMART_XPATH] Continuing executing the test case!

2019-12-28 23:07:52 - [MESSAGE][PASSED] - Object: 'Object Repository/7_Account_Settings/Edit_Email/Page_1HDHFClGY4 - Bumblebee Mattermost/svg' is clicked on

2019-12-28 23:07:52 - [TEST_STEP][PASSED] - click(findTestObject("Object Repository/7_Account_Settings/Edit_Email/Page_1HDHFClGY4 - Bumblebee Mattermost/button_Account Settings")): Object: 'Object Repository/7_Account_Settings/Edit_Email/Page_1HDHFClGY4 - Bumblebee Mattermost/button_Account Settings' is clicked on

2019-12-28 23:07:53 - [MESSAGE][PASSED] - Object: 'Object Repository/7_Account_Settings/Edit_Email/Page_1HDHFClGY4 - Bumblebee Mattermost/button_Account Settings' is clicked on

2019-12-28 23:07:53 - [TEST_STEP][PASSED] - click(findTestObject("Object Repository/7_Account_Settings/Edit_Email/Page_1HDHFClGY4 - Bumblebee Mattermost/span_Edit")): Object: 'Object Repository/7_Account_Settings/Edit_Email/Page_1HDHFClGY4 - Bumblebee Mattermost/span_Edit' is clicked on

2019-12-28 23:07:54 - [MESSAGE][PASSED] - Object: 'Object Repository/7_Account_Settings/Edit_Email/Page_1HDHFClGY4 - Bumblebee Mattermost/span_Edit' is clicked on

2019-12-28 23:07:54 - [TEST_STEP][PASSED] - setText(findTestObject("Object Repository/7_Account_Settings/Edit_Email/Page_1HDHFClGY4 - Bumblebee Mattermost/input_New Email_primaryEmail"), "new_email@gmail.com"): Text 'new_email@gmail.com' is set on object 'Object Repository/7_Account_Settings/Edit_Email/Page_1HDHFClGY4 - Bumblebee Mattermost/input_New Email_primaryEmail'

2019-12-28 23:07:55 - [MESSAGE][PASSED] - Text 'new_email@gmail.com' is set on object 'Object Repository/7_Account_Settings/Edit_Email/Page_1HDHFClGY4 - Bumblebee Mattermost/input_New Email_primaryEmail'

2019-12-28 23:07:55 - [TEST_STEP][PASSED] - setText(findTestObject("Object Repository/7_Account_Settings/Edit_Email/Page_1HDHFClGY4 - Bumblebee Mattermost/input_Confirm Email_confirmEmail"), "new_email@gmail.com"): Text 'new_email@gmail.com' is set on object 'Object Repository/7_Account_Settings/Edit_Email/Page_1HDHFClGY4 - Bumblebee Mattermost/input_Confirm Email_confirmEmail'

2019-12-28 23:07:56 - [MESSAGE][PASSED] - Text 'new_email@gmail.com' is set on object 'Object Repository/7_Account_Settings/Edit_Email/Page_1HDHFClGY4 - Bumblebee Mattermost/input_Confirm Email_confirmEmail'

2019-12-28 23:07:56 - [TEST_STEP][PASSED] - setEncryptedText(findTestObject("Object Repository/7_Account_Settings/Edit_Email/Page_1HDHFClGY4 - Bumblebee Mattermost/input_Current Password_currentPassword"), "o2DLlA8X+7c="): Text ****** has been set on object 'Object Repository/7_Account_Settings/Edit_Email/Page_1HDHFClGY4 - Bumblebee Mattermost/input_Current Password_currentPassword'

2019-12-28 23:07:56 - [MESSAGE][PASSED] - Text ****** has been set on object 'Object Repository/7_Account_Settings/Edit_Email/Page_1HDHFClGY4 - Bumblebee Mattermost/input_Current Password_currentPassword'

2019-12-28 23:07:57 - [TEST_STEP][PASSED] - click(findTestObject("Object Repository/7_Account_Settings/Edit_Email/Page_1HDHFClGY4 - Bumblebee Mattermost/span_Save")): Object: 'Object Repository/7_Account_Settings/Edit_Email/Page_1HDHFClGY4 - Bumblebee Mattermost/span_Save' is clicked on

2019-12-28 23:07:57 - [MESSAGE][PASSED] - Object: 'Object Repository/7_Account_Settings/Edit_Email/Page_1HDHFClGY4 - Bumblebee Mattermost/span_Save' is clicked on

2019-12-28 23:07:57 - [TEST_STEP][PASSED] - click(findTestObject("Object Repository/7_Account_Settings/Edit_Email/Page_1HDHFClGY4 - Bumblebee Mattermost/span_")): Object: 'Object Repository/7_Account_Settings/Edit_Email/Page_1HDHFClGY4 - Bumblebee Mattermost/span_' is clicked on

2019-12-28 23:07:58 - [MESSAGE][PASSED] - Object: 'Object Repository/7_Account_Settings/Edit_Email/Page_1HDHFClGY4 - Bumblebee Mattermost/span_' is clicked on

2019-12-28 23:07:58 - [TEST_STEP][NOT_RUN] - closeBrowser(): NOT_RUN: closeBrowser()

2019-12-28 23:07:58 - [MESSAGE][NOT_RUN] - NOT_RUN: closeBrowser()]]></system-out>
         <system-err><![CDATA[]]></system-err>
      </testcase>
      <testcase name="Test Cases/7_Account_Settings/Edit_Full_Name" time="50.974" classname="Test Cases/7_Account_Settings/Edit_Full_Name" status="PASSED">
         <system-out><![CDATA[2019-12-28 23:07:58 - [TEST_CASE][PASSED] - Test Cases/7_Account_Settings/Edit_Full_Name: Test Cases/7_Account_Settings/Edit_Full_Name

2019-12-28 23:07:59 - [TEST_STEP][PASSED] - openBrowser(""): Browser is opened with url: ''

2019-12-28 23:07:59 - [MESSAGE][PASSED] - Browser is opened with url: ''

2019-12-28 23:07:59 - [TEST_STEP][PASSED] - navigateToUrl("http://localhost:8065/"): Navigate to 'http://localhost:8065/' successfully

2019-12-28 23:08:00 - [MESSAGE][PASSED] - Navigate to 'http://localhost:8065/' successfully

2019-12-28 23:08:00 - [TEST_STEP][PASSED] - click(findTestObject("Object Repository/7_Account_Settings/Edit_Full_Name/Page_1HDHFClGY4 - Bumblebee Mattermost/svg")): Object: 'Object Repository/7_Account_Settings/Edit_Full_Name/Page_1HDHFClGY4 - Bumblebee Mattermost/svg' is clicked on

2019-12-28 23:08:42 - [MESSAGE][INFO] - Unable to find the element located by 'By.xpath: (.//*[normalize-space(text()) and normalize-space(.)='@ngocyen'])[1]/following::*[name()='svg'][1]'. Please recheck the objects properties to make sure the desired element is located. 

2019-12-28 23:08:42 - [MESSAGE][INFO] - [SMART_XPATH] Auto-trying out other XPath values in the test object.

2019-12-28 23:08:42 - [MESSAGE][INFO] - [SMART_XPATH] FAILED XPATH: '(.//*[normalize-space(text()) and normalize-space(.)='@ngocyen'])[1]/following::*[name()='svg'][1]'.

2019-12-28 23:08:43 - [MESSAGE][INFO] - [SMART_XPATH] WORKING XPATH: '(.//*[normalize-space(text()) and normalize-space(.)='Bumblebee'])[2]/following::*[name()='svg'][1]'.

2019-12-28 23:08:43 - [MESSAGE][INFO] - [SMART_XPATH] Screenshot: /Users/nguyentri/Desktop/Learn/SoftwareEngineer/mattermost-duo-test/Reports/smart_xpath/Object Repository/7_Account_Settings/Edit_Full_Name/Page_1HDHFClGY4 - Bumblebee Mattermost/svg_neighbor_38.png

2019-12-28 23:08:43 - [MESSAGE][INFO] - [SMART_XPATH] WORKING XPATH: '(.//*[normalize-space(text()) and normalize-space(.)='More unreads'])[1]/preceding::*[name()='svg'][1]'.

2019-12-28 23:08:43 - [MESSAGE][INFO] - [SMART_XPATH] Screenshot: /Users/nguyentri/Desktop/Learn/SoftwareEngineer/mattermost-duo-test/Reports/smart_xpath/Object Repository/7_Account_Settings/Edit_Full_Name/Page_1HDHFClGY4 - Bumblebee Mattermost/svg_neighbor_39.png

2019-12-28 23:08:44 - [MESSAGE][INFO] - [SMART_XPATH] WORKING XPATH: '(.//*[normalize-space(text()) and normalize-space(.)='More unreads'])[2]/preceding::*[name()='svg'][2]'.

2019-12-28 23:08:44 - [MESSAGE][INFO] - [SMART_XPATH] Screenshot: /Users/nguyentri/Desktop/Learn/SoftwareEngineer/mattermost-duo-test/Reports/smart_xpath/Object Repository/7_Account_Settings/Edit_Full_Name/Page_1HDHFClGY4 - Bumblebee Mattermost/svg_neighbor_40.png

2019-12-28 23:08:44 - [MESSAGE][ERROR] - [SMART_XPATH] /Users/nguyentri/Desktop/Learn/SoftwareEngineer/mattermost-duo-test/Reports/smart_xpath/waiting-for-approval.json (No such file or directory)

2019-12-28 23:08:44 - [MESSAGE][ERROR] - [SMART_XPATH] /Users/nguyentri/Desktop/Learn/SoftwareEngineer/mattermost-duo-test/Reports/smart_xpath/waiting-for-approval.json does not exist or is provided by Smart XPath Plugin!

2019-12-28 23:08:44 - [MESSAGE][INFO] - [SMART_XPATH] Selected Smart XPath: '(.//*[normalize-space(text()) and normalize-space(.)='Bumblebee'])[2]/following::*[name()='svg'][1]'.

2019-12-28 23:08:44 - [MESSAGE][INFO] - [SMART_XPATH] Continuing executing the test case!

2019-12-28 23:08:44 - [MESSAGE][PASSED] - Object: 'Object Repository/7_Account_Settings/Edit_Full_Name/Page_1HDHFClGY4 - Bumblebee Mattermost/svg' is clicked on

2019-12-28 23:08:44 - [TEST_STEP][PASSED] - click(findTestObject("Object Repository/7_Account_Settings/Edit_Full_Name/Page_1HDHFClGY4 - Bumblebee Mattermost/button_Account Settings")): Object: 'Object Repository/7_Account_Settings/Edit_Full_Name/Page_1HDHFClGY4 - Bumblebee Mattermost/button_Account Settings' is clicked on

2019-12-28 23:08:45 - [MESSAGE][PASSED] - Object: 'Object Repository/7_Account_Settings/Edit_Full_Name/Page_1HDHFClGY4 - Bumblebee Mattermost/button_Account Settings' is clicked on

2019-12-28 23:08:45 - [TEST_STEP][PASSED] - click(findTestObject("Object Repository/7_Account_Settings/Edit_Full_Name/Page_1HDHFClGY4 - Bumblebee Mattermost/span_Edit")): Object: 'Object Repository/7_Account_Settings/Edit_Full_Name/Page_1HDHFClGY4 - Bumblebee Mattermost/span_Edit' is clicked on

2019-12-28 23:08:46 - [MESSAGE][PASSED] - Object: 'Object Repository/7_Account_Settings/Edit_Full_Name/Page_1HDHFClGY4 - Bumblebee Mattermost/span_Edit' is clicked on

2019-12-28 23:08:46 - [TEST_STEP][PASSED] - setText(findTestObject("Object Repository/7_Account_Settings/Edit_Full_Name/Page_1HDHFClGY4 - Bumblebee Mattermost/input_First Name_firstName"), First_name): Text 'Bunny' is set on object 'Object Repository/7_Account_Settings/Edit_Full_Name/Page_1HDHFClGY4 - Bumblebee Mattermost/input_First Name_firstName'

2019-12-28 23:08:46 - [MESSAGE][PASSED] - Text 'Bunny' is set on object 'Object Repository/7_Account_Settings/Edit_Full_Name/Page_1HDHFClGY4 - Bumblebee Mattermost/input_First Name_firstName'

2019-12-28 23:08:46 - [TEST_STEP][PASSED] - setText(findTestObject("Object Repository/7_Account_Settings/Edit_Full_Name/Page_1HDHFClGY4 - Bumblebee Mattermost/input_Last Name_lastName"), Last_name): Text 'Rabbit' is set on object 'Object Repository/7_Account_Settings/Edit_Full_Name/Page_1HDHFClGY4 - Bumblebee Mattermost/input_Last Name_lastName'

2019-12-28 23:08:47 - [MESSAGE][PASSED] - Text 'Rabbit' is set on object 'Object Repository/7_Account_Settings/Edit_Full_Name/Page_1HDHFClGY4 - Bumblebee Mattermost/input_Last Name_lastName'

2019-12-28 23:08:47 - [TEST_STEP][PASSED] - click(findTestObject("Object Repository/7_Account_Settings/Edit_Full_Name/Page_1HDHFClGY4 - Bumblebee Mattermost/span_Save")): Object: 'Object Repository/7_Account_Settings/Edit_Full_Name/Page_1HDHFClGY4 - Bumblebee Mattermost/span_Save' is clicked on

2019-12-28 23:08:48 - [MESSAGE][PASSED] - Object: 'Object Repository/7_Account_Settings/Edit_Full_Name/Page_1HDHFClGY4 - Bumblebee Mattermost/span_Save' is clicked on

2019-12-28 23:08:48 - [TEST_STEP][PASSED] - click(findTestObject("Object Repository/7_Account_Settings/Edit_Full_Name/Page_1HDHFClGY4 - Bumblebee Mattermost/span_")): Object: 'Object Repository/7_Account_Settings/Edit_Full_Name/Page_1HDHFClGY4 - Bumblebee Mattermost/span_' is clicked on

2019-12-28 23:08:49 - [MESSAGE][PASSED] - Object: 'Object Repository/7_Account_Settings/Edit_Full_Name/Page_1HDHFClGY4 - Bumblebee Mattermost/span_' is clicked on

2019-12-28 23:08:49 - [TEST_STEP][NOT_RUN] - closeBrowser(): NOT_RUN: closeBrowser()

2019-12-28 23:08:49 - [MESSAGE][NOT_RUN] - NOT_RUN: closeBrowser()]]></system-out>
         <system-err><![CDATA[]]></system-err>
      </testcase>
      <testcase name="Test Cases/7_Account_Settings/Edit_Full_Name" time="54.024" classname="Test Cases/7_Account_Settings/Edit_Full_Name" status="PASSED">
         <system-out><![CDATA[2019-12-28 23:08:49 - [TEST_CASE][PASSED] - Test Cases/7_Account_Settings/Edit_Full_Name: Test Cases/7_Account_Settings/Edit_Full_Name

2019-12-28 23:08:49 - [TEST_STEP][PASSED] - openBrowser(""): Browser is opened with url: ''

2019-12-28 23:08:49 - [MESSAGE][PASSED] - Browser is opened with url: ''

2019-12-28 23:08:49 - [TEST_STEP][PASSED] - navigateToUrl("http://localhost:8065/"): Navigate to 'http://localhost:8065/' successfully

2019-12-28 23:08:50 - [MESSAGE][PASSED] - Navigate to 'http://localhost:8065/' successfully

2019-12-28 23:08:50 - [TEST_STEP][PASSED] - click(findTestObject("Object Repository/7_Account_Settings/Edit_Full_Name/Page_1HDHFClGY4 - Bumblebee Mattermost/svg")): Object: 'Object Repository/7_Account_Settings/Edit_Full_Name/Page_1HDHFClGY4 - Bumblebee Mattermost/svg' is clicked on

2019-12-28 23:09:35 - [MESSAGE][INFO] - Unable to find the element located by 'By.xpath: (.//*[normalize-space(text()) and normalize-space(.)='@ngocyen'])[1]/following::*[name()='svg'][1]'. Please recheck the objects properties to make sure the desired element is located. 

2019-12-28 23:09:35 - [MESSAGE][INFO] - [SMART_XPATH] Auto-trying out other XPath values in the test object.

2019-12-28 23:09:35 - [MESSAGE][INFO] - [SMART_XPATH] FAILED XPATH: '(.//*[normalize-space(text()) and normalize-space(.)='@ngocyen'])[1]/following::*[name()='svg'][1]'.

2019-12-28 23:09:35 - [MESSAGE][INFO] - [SMART_XPATH] WORKING XPATH: '(.//*[normalize-space(text()) and normalize-space(.)='Bumblebee'])[2]/following::*[name()='svg'][1]'.

2019-12-28 23:09:35 - [MESSAGE][INFO] - [SMART_XPATH] Screenshot: /Users/nguyentri/Desktop/Learn/SoftwareEngineer/mattermost-duo-test/Reports/smart_xpath/Object Repository/7_Account_Settings/Edit_Full_Name/Page_1HDHFClGY4 - Bumblebee Mattermost/svg_neighbor_39.png

2019-12-28 23:09:36 - [MESSAGE][INFO] - [SMART_XPATH] WORKING XPATH: '(.//*[normalize-space(text()) and normalize-space(.)='More unreads'])[1]/preceding::*[name()='svg'][1]'.

2019-12-28 23:09:36 - [MESSAGE][INFO] - [SMART_XPATH] Screenshot: /Users/nguyentri/Desktop/Learn/SoftwareEngineer/mattermost-duo-test/Reports/smart_xpath/Object Repository/7_Account_Settings/Edit_Full_Name/Page_1HDHFClGY4 - Bumblebee Mattermost/svg_neighbor_40.png

2019-12-28 23:09:36 - [MESSAGE][INFO] - [SMART_XPATH] WORKING XPATH: '(.//*[normalize-space(text()) and normalize-space(.)='More unreads'])[2]/preceding::*[name()='svg'][2]'.

2019-12-28 23:09:36 - [MESSAGE][INFO] - [SMART_XPATH] Screenshot: /Users/nguyentri/Desktop/Learn/SoftwareEngineer/mattermost-duo-test/Reports/smart_xpath/Object Repository/7_Account_Settings/Edit_Full_Name/Page_1HDHFClGY4 - Bumblebee Mattermost/svg_neighbor_41.png

2019-12-28 23:09:36 - [MESSAGE][ERROR] - [SMART_XPATH] /Users/nguyentri/Desktop/Learn/SoftwareEngineer/mattermost-duo-test/Reports/smart_xpath/waiting-for-approval.json (No such file or directory)

2019-12-28 23:09:36 - [MESSAGE][ERROR] - [SMART_XPATH] /Users/nguyentri/Desktop/Learn/SoftwareEngineer/mattermost-duo-test/Reports/smart_xpath/waiting-for-approval.json does not exist or is provided by Smart XPath Plugin!

2019-12-28 23:09:36 - [MESSAGE][INFO] - [SMART_XPATH] Selected Smart XPath: '(.//*[normalize-space(text()) and normalize-space(.)='Bumblebee'])[2]/following::*[name()='svg'][1]'.

2019-12-28 23:09:36 - [MESSAGE][INFO] - [SMART_XPATH] Continuing executing the test case!

2019-12-28 23:09:37 - [MESSAGE][PASSED] - Object: 'Object Repository/7_Account_Settings/Edit_Full_Name/Page_1HDHFClGY4 - Bumblebee Mattermost/svg' is clicked on

2019-12-28 23:09:37 - [TEST_STEP][PASSED] - click(findTestObject("Object Repository/7_Account_Settings/Edit_Full_Name/Page_1HDHFClGY4 - Bumblebee Mattermost/button_Account Settings")): Object: 'Object Repository/7_Account_Settings/Edit_Full_Name/Page_1HDHFClGY4 - Bumblebee Mattermost/button_Account Settings' is clicked on

2019-12-28 23:09:38 - [MESSAGE][PASSED] - Object: 'Object Repository/7_Account_Settings/Edit_Full_Name/Page_1HDHFClGY4 - Bumblebee Mattermost/button_Account Settings' is clicked on

2019-12-28 23:09:38 - [TEST_STEP][PASSED] - click(findTestObject("Object Repository/7_Account_Settings/Edit_Full_Name/Page_1HDHFClGY4 - Bumblebee Mattermost/span_Edit")): Object: 'Object Repository/7_Account_Settings/Edit_Full_Name/Page_1HDHFClGY4 - Bumblebee Mattermost/span_Edit' is clicked on

2019-12-28 23:09:39 - [MESSAGE][PASSED] - Object: 'Object Repository/7_Account_Settings/Edit_Full_Name/Page_1HDHFClGY4 - Bumblebee Mattermost/span_Edit' is clicked on

2019-12-28 23:09:39 - [TEST_STEP][PASSED] - setText(findTestObject("Object Repository/7_Account_Settings/Edit_Full_Name/Page_1HDHFClGY4 - Bumblebee Mattermost/input_First Name_firstName"), First_name): Text 'Danny' is set on object 'Object Repository/7_Account_Settings/Edit_Full_Name/Page_1HDHFClGY4 - Bumblebee Mattermost/input_First Name_firstName'

2019-12-28 23:09:40 - [MESSAGE][PASSED] - Text 'Danny' is set on object 'Object Repository/7_Account_Settings/Edit_Full_Name/Page_1HDHFClGY4 - Bumblebee Mattermost/input_First Name_firstName'

2019-12-28 23:09:40 - [TEST_STEP][PASSED] - setText(findTestObject("Object Repository/7_Account_Settings/Edit_Full_Name/Page_1HDHFClGY4 - Bumblebee Mattermost/input_Last Name_lastName"), Last_name): Text 'Dog' is set on object 'Object Repository/7_Account_Settings/Edit_Full_Name/Page_1HDHFClGY4 - Bumblebee Mattermost/input_Last Name_lastName'

2019-12-28 23:09:41 - [MESSAGE][PASSED] - Text 'Dog' is set on object 'Object Repository/7_Account_Settings/Edit_Full_Name/Page_1HDHFClGY4 - Bumblebee Mattermost/input_Last Name_lastName'

2019-12-28 23:09:41 - [TEST_STEP][PASSED] - click(findTestObject("Object Repository/7_Account_Settings/Edit_Full_Name/Page_1HDHFClGY4 - Bumblebee Mattermost/span_Save")): Object: 'Object Repository/7_Account_Settings/Edit_Full_Name/Page_1HDHFClGY4 - Bumblebee Mattermost/span_Save' is clicked on

2019-12-28 23:09:42 - [MESSAGE][PASSED] - Object: 'Object Repository/7_Account_Settings/Edit_Full_Name/Page_1HDHFClGY4 - Bumblebee Mattermost/span_Save' is clicked on

2019-12-28 23:09:42 - [TEST_STEP][PASSED] - click(findTestObject("Object Repository/7_Account_Settings/Edit_Full_Name/Page_1HDHFClGY4 - Bumblebee Mattermost/span_")): Object: 'Object Repository/7_Account_Settings/Edit_Full_Name/Page_1HDHFClGY4 - Bumblebee Mattermost/span_' is clicked on

2019-12-28 23:09:43 - [MESSAGE][PASSED] - Object: 'Object Repository/7_Account_Settings/Edit_Full_Name/Page_1HDHFClGY4 - Bumblebee Mattermost/span_' is clicked on

2019-12-28 23:09:43 - [TEST_STEP][NOT_RUN] - closeBrowser(): NOT_RUN: closeBrowser()

2019-12-28 23:09:43 - [MESSAGE][NOT_RUN] - NOT_RUN: closeBrowser()]]></system-out>
         <system-err><![CDATA[]]></system-err>
      </testcase>
      <testcase name="Test Cases/7_Account_Settings/Edit_Full_Name" time="55.325" classname="Test Cases/7_Account_Settings/Edit_Full_Name" status="PASSED">
         <system-out><![CDATA[2019-12-28 23:09:43 - [TEST_CASE][PASSED] - Test Cases/7_Account_Settings/Edit_Full_Name: Test Cases/7_Account_Settings/Edit_Full_Name

2019-12-28 23:09:43 - [TEST_STEP][PASSED] - openBrowser(""): Browser is opened with url: ''

2019-12-28 23:09:44 - [MESSAGE][PASSED] - Browser is opened with url: ''

2019-12-28 23:09:44 - [TEST_STEP][PASSED] - navigateToUrl("http://localhost:8065/"): Navigate to 'http://localhost:8065/' successfully

2019-12-28 23:09:45 - [MESSAGE][PASSED] - Navigate to 'http://localhost:8065/' successfully

2019-12-28 23:09:45 - [TEST_STEP][PASSED] - click(findTestObject("Object Repository/7_Account_Settings/Edit_Full_Name/Page_1HDHFClGY4 - Bumblebee Mattermost/svg")): Object: 'Object Repository/7_Account_Settings/Edit_Full_Name/Page_1HDHFClGY4 - Bumblebee Mattermost/svg' is clicked on

2019-12-28 23:10:29 - [MESSAGE][INFO] - Unable to find the element located by 'By.xpath: (.//*[normalize-space(text()) and normalize-space(.)='@ngocyen'])[1]/following::*[name()='svg'][1]'. Please recheck the objects properties to make sure the desired element is located. 

2019-12-28 23:10:29 - [MESSAGE][INFO] - [SMART_XPATH] Auto-trying out other XPath values in the test object.

2019-12-28 23:10:29 - [MESSAGE][INFO] - [SMART_XPATH] FAILED XPATH: '(.//*[normalize-space(text()) and normalize-space(.)='@ngocyen'])[1]/following::*[name()='svg'][1]'.

2019-12-28 23:10:29 - [MESSAGE][INFO] - [SMART_XPATH] WORKING XPATH: '(.//*[normalize-space(text()) and normalize-space(.)='Bumblebee'])[2]/following::*[name()='svg'][1]'.

2019-12-28 23:10:30 - [MESSAGE][INFO] - [SMART_XPATH] Screenshot: /Users/nguyentri/Desktop/Learn/SoftwareEngineer/mattermost-duo-test/Reports/smart_xpath/Object Repository/7_Account_Settings/Edit_Full_Name/Page_1HDHFClGY4 - Bumblebee Mattermost/svg_neighbor_40.png

2019-12-28 23:10:30 - [MESSAGE][INFO] - [SMART_XPATH] WORKING XPATH: '(.//*[normalize-space(text()) and normalize-space(.)='More unreads'])[1]/preceding::*[name()='svg'][1]'.

2019-12-28 23:10:31 - [MESSAGE][INFO] - [SMART_XPATH] Screenshot: /Users/nguyentri/Desktop/Learn/SoftwareEngineer/mattermost-duo-test/Reports/smart_xpath/Object Repository/7_Account_Settings/Edit_Full_Name/Page_1HDHFClGY4 - Bumblebee Mattermost/svg_neighbor_41.png

2019-12-28 23:10:31 - [MESSAGE][INFO] - [SMART_XPATH] WORKING XPATH: '(.//*[normalize-space(text()) and normalize-space(.)='More unreads'])[2]/preceding::*[name()='svg'][2]'.

2019-12-28 23:10:31 - [MESSAGE][INFO] - [SMART_XPATH] Screenshot: /Users/nguyentri/Desktop/Learn/SoftwareEngineer/mattermost-duo-test/Reports/smart_xpath/Object Repository/7_Account_Settings/Edit_Full_Name/Page_1HDHFClGY4 - Bumblebee Mattermost/svg_neighbor_42.png

2019-12-28 23:10:31 - [MESSAGE][ERROR] - [SMART_XPATH] /Users/nguyentri/Desktop/Learn/SoftwareEngineer/mattermost-duo-test/Reports/smart_xpath/waiting-for-approval.json (No such file or directory)

2019-12-28 23:10:31 - [MESSAGE][ERROR] - [SMART_XPATH] /Users/nguyentri/Desktop/Learn/SoftwareEngineer/mattermost-duo-test/Reports/smart_xpath/waiting-for-approval.json does not exist or is provided by Smart XPath Plugin!

2019-12-28 23:10:31 - [MESSAGE][INFO] - [SMART_XPATH] Selected Smart XPath: '(.//*[normalize-space(text()) and normalize-space(.)='Bumblebee'])[2]/following::*[name()='svg'][1]'.

2019-12-28 23:10:32 - [MESSAGE][INFO] - [SMART_XPATH] Continuing executing the test case!

2019-12-28 23:10:32 - [MESSAGE][PASSED] - Object: 'Object Repository/7_Account_Settings/Edit_Full_Name/Page_1HDHFClGY4 - Bumblebee Mattermost/svg' is clicked on

2019-12-28 23:10:32 - [TEST_STEP][PASSED] - click(findTestObject("Object Repository/7_Account_Settings/Edit_Full_Name/Page_1HDHFClGY4 - Bumblebee Mattermost/button_Account Settings")): Object: 'Object Repository/7_Account_Settings/Edit_Full_Name/Page_1HDHFClGY4 - Bumblebee Mattermost/button_Account Settings' is clicked on

2019-12-28 23:10:33 - [MESSAGE][PASSED] - Object: 'Object Repository/7_Account_Settings/Edit_Full_Name/Page_1HDHFClGY4 - Bumblebee Mattermost/button_Account Settings' is clicked on

2019-12-28 23:10:33 - [TEST_STEP][PASSED] - click(findTestObject("Object Repository/7_Account_Settings/Edit_Full_Name/Page_1HDHFClGY4 - Bumblebee Mattermost/span_Edit")): Object: 'Object Repository/7_Account_Settings/Edit_Full_Name/Page_1HDHFClGY4 - Bumblebee Mattermost/span_Edit' is clicked on

2019-12-28 23:10:34 - [MESSAGE][PASSED] - Object: 'Object Repository/7_Account_Settings/Edit_Full_Name/Page_1HDHFClGY4 - Bumblebee Mattermost/span_Edit' is clicked on

2019-12-28 23:10:34 - [TEST_STEP][PASSED] - setText(findTestObject("Object Repository/7_Account_Settings/Edit_Full_Name/Page_1HDHFClGY4 - Bumblebee Mattermost/input_First Name_firstName"), First_name): Text 'Catherine' is set on object 'Object Repository/7_Account_Settings/Edit_Full_Name/Page_1HDHFClGY4 - Bumblebee Mattermost/input_First Name_firstName'

2019-12-28 23:10:35 - [MESSAGE][PASSED] - Text 'Catherine' is set on object 'Object Repository/7_Account_Settings/Edit_Full_Name/Page_1HDHFClGY4 - Bumblebee Mattermost/input_First Name_firstName'

2019-12-28 23:10:35 - [TEST_STEP][PASSED] - setText(findTestObject("Object Repository/7_Account_Settings/Edit_Full_Name/Page_1HDHFClGY4 - Bumblebee Mattermost/input_Last Name_lastName"), Last_name): Text 'Cat' is set on object 'Object Repository/7_Account_Settings/Edit_Full_Name/Page_1HDHFClGY4 - Bumblebee Mattermost/input_Last Name_lastName'

2019-12-28 23:10:36 - [MESSAGE][PASSED] - Text 'Cat' is set on object 'Object Repository/7_Account_Settings/Edit_Full_Name/Page_1HDHFClGY4 - Bumblebee Mattermost/input_Last Name_lastName'

2019-12-28 23:10:36 - [TEST_STEP][PASSED] - click(findTestObject("Object Repository/7_Account_Settings/Edit_Full_Name/Page_1HDHFClGY4 - Bumblebee Mattermost/span_Save")): Object: 'Object Repository/7_Account_Settings/Edit_Full_Name/Page_1HDHFClGY4 - Bumblebee Mattermost/span_Save' is clicked on

2019-12-28 23:10:36 - [MESSAGE][PASSED] - Object: 'Object Repository/7_Account_Settings/Edit_Full_Name/Page_1HDHFClGY4 - Bumblebee Mattermost/span_Save' is clicked on

2019-12-28 23:10:36 - [TEST_STEP][PASSED] - click(findTestObject("Object Repository/7_Account_Settings/Edit_Full_Name/Page_1HDHFClGY4 - Bumblebee Mattermost/span_")): Object: 'Object Repository/7_Account_Settings/Edit_Full_Name/Page_1HDHFClGY4 - Bumblebee Mattermost/span_' is clicked on

2019-12-28 23:10:38 - [MESSAGE][PASSED] - Object: 'Object Repository/7_Account_Settings/Edit_Full_Name/Page_1HDHFClGY4 - Bumblebee Mattermost/span_' is clicked on

2019-12-28 23:10:38 - [TEST_STEP][NOT_RUN] - closeBrowser(): NOT_RUN: closeBrowser()

2019-12-28 23:10:38 - [MESSAGE][NOT_RUN] - NOT_RUN: closeBrowser()]]></system-out>
         <system-err><![CDATA[]]></system-err>
      </testcase>
      <testcase name="Test Cases/7_Account_Settings/Edit_Full_Name" time="51.373" classname="Test Cases/7_Account_Settings/Edit_Full_Name" status="PASSED">
         <system-out><![CDATA[2019-12-28 23:10:39 - [TEST_CASE][PASSED] - Test Cases/7_Account_Settings/Edit_Full_Name: Test Cases/7_Account_Settings/Edit_Full_Name

2019-12-28 23:10:39 - [TEST_STEP][PASSED] - openBrowser(""): Browser is opened with url: ''

2019-12-28 23:10:39 - [MESSAGE][PASSED] - Browser is opened with url: ''

2019-12-28 23:10:39 - [TEST_STEP][PASSED] - navigateToUrl("http://localhost:8065/"): Navigate to 'http://localhost:8065/' successfully

2019-12-28 23:10:40 - [MESSAGE][PASSED] - Navigate to 'http://localhost:8065/' successfully

2019-12-28 23:10:40 - [TEST_STEP][PASSED] - click(findTestObject("Object Repository/7_Account_Settings/Edit_Full_Name/Page_1HDHFClGY4 - Bumblebee Mattermost/svg")): Object: 'Object Repository/7_Account_Settings/Edit_Full_Name/Page_1HDHFClGY4 - Bumblebee Mattermost/svg' is clicked on

2019-12-28 23:11:23 - [MESSAGE][INFO] - Unable to find the element located by 'By.xpath: (.//*[normalize-space(text()) and normalize-space(.)='@ngocyen'])[1]/following::*[name()='svg'][1]'. Please recheck the objects properties to make sure the desired element is located. 

2019-12-28 23:11:23 - [MESSAGE][INFO] - [SMART_XPATH] Auto-trying out other XPath values in the test object.

2019-12-28 23:11:23 - [MESSAGE][INFO] - [SMART_XPATH] FAILED XPATH: '(.//*[normalize-space(text()) and normalize-space(.)='@ngocyen'])[1]/following::*[name()='svg'][1]'.

2019-12-28 23:11:24 - [MESSAGE][INFO] - [SMART_XPATH] WORKING XPATH: '(.//*[normalize-space(text()) and normalize-space(.)='Bumblebee'])[2]/following::*[name()='svg'][1]'.

2019-12-28 23:11:24 - [MESSAGE][INFO] - [SMART_XPATH] Screenshot: /Users/nguyentri/Desktop/Learn/SoftwareEngineer/mattermost-duo-test/Reports/smart_xpath/Object Repository/7_Account_Settings/Edit_Full_Name/Page_1HDHFClGY4 - Bumblebee Mattermost/svg_neighbor_41.png

2019-12-28 23:11:24 - [MESSAGE][INFO] - [SMART_XPATH] WORKING XPATH: '(.//*[normalize-space(text()) and normalize-space(.)='More unreads'])[1]/preceding::*[name()='svg'][1]'.

2019-12-28 23:11:25 - [MESSAGE][INFO] - [SMART_XPATH] Screenshot: /Users/nguyentri/Desktop/Learn/SoftwareEngineer/mattermost-duo-test/Reports/smart_xpath/Object Repository/7_Account_Settings/Edit_Full_Name/Page_1HDHFClGY4 - Bumblebee Mattermost/svg_neighbor_42.png

2019-12-28 23:11:25 - [MESSAGE][INFO] - [SMART_XPATH] WORKING XPATH: '(.//*[normalize-space(text()) and normalize-space(.)='More unreads'])[2]/preceding::*[name()='svg'][2]'.

2019-12-28 23:11:25 - [MESSAGE][INFO] - [SMART_XPATH] Screenshot: /Users/nguyentri/Desktop/Learn/SoftwareEngineer/mattermost-duo-test/Reports/smart_xpath/Object Repository/7_Account_Settings/Edit_Full_Name/Page_1HDHFClGY4 - Bumblebee Mattermost/svg_neighbor_43.png

2019-12-28 23:11:25 - [MESSAGE][ERROR] - [SMART_XPATH] /Users/nguyentri/Desktop/Learn/SoftwareEngineer/mattermost-duo-test/Reports/smart_xpath/waiting-for-approval.json (No such file or directory)

2019-12-28 23:11:25 - [MESSAGE][ERROR] - [SMART_XPATH] /Users/nguyentri/Desktop/Learn/SoftwareEngineer/mattermost-duo-test/Reports/smart_xpath/waiting-for-approval.json does not exist or is provided by Smart XPath Plugin!

2019-12-28 23:11:25 - [MESSAGE][INFO] - [SMART_XPATH] Selected Smart XPath: '(.//*[normalize-space(text()) and normalize-space(.)='Bumblebee'])[2]/following::*[name()='svg'][1]'.

2019-12-28 23:11:25 - [MESSAGE][INFO] - [SMART_XPATH] Continuing executing the test case!

2019-12-28 23:11:25 - [MESSAGE][PASSED] - Object: 'Object Repository/7_Account_Settings/Edit_Full_Name/Page_1HDHFClGY4 - Bumblebee Mattermost/svg' is clicked on

2019-12-28 23:11:25 - [TEST_STEP][PASSED] - click(findTestObject("Object Repository/7_Account_Settings/Edit_Full_Name/Page_1HDHFClGY4 - Bumblebee Mattermost/button_Account Settings")): Object: 'Object Repository/7_Account_Settings/Edit_Full_Name/Page_1HDHFClGY4 - Bumblebee Mattermost/button_Account Settings' is clicked on

2019-12-28 23:11:26 - [MESSAGE][PASSED] - Object: 'Object Repository/7_Account_Settings/Edit_Full_Name/Page_1HDHFClGY4 - Bumblebee Mattermost/button_Account Settings' is clicked on

2019-12-28 23:11:26 - [TEST_STEP][PASSED] - click(findTestObject("Object Repository/7_Account_Settings/Edit_Full_Name/Page_1HDHFClGY4 - Bumblebee Mattermost/span_Edit")): Object: 'Object Repository/7_Account_Settings/Edit_Full_Name/Page_1HDHFClGY4 - Bumblebee Mattermost/span_Edit' is clicked on

2019-12-28 23:11:27 - [MESSAGE][PASSED] - Object: 'Object Repository/7_Account_Settings/Edit_Full_Name/Page_1HDHFClGY4 - Bumblebee Mattermost/span_Edit' is clicked on

2019-12-28 23:11:27 - [TEST_STEP][PASSED] - setText(findTestObject("Object Repository/7_Account_Settings/Edit_Full_Name/Page_1HDHFClGY4 - Bumblebee Mattermost/input_First Name_firstName"), First_name): Text 'Arlie' is set on object 'Object Repository/7_Account_Settings/Edit_Full_Name/Page_1HDHFClGY4 - Bumblebee Mattermost/input_First Name_firstName'

2019-12-28 23:11:28 - [MESSAGE][PASSED] - Text 'Arlie' is set on object 'Object Repository/7_Account_Settings/Edit_Full_Name/Page_1HDHFClGY4 - Bumblebee Mattermost/input_First Name_firstName'

2019-12-28 23:11:28 - [TEST_STEP][PASSED] - setText(findTestObject("Object Repository/7_Account_Settings/Edit_Full_Name/Page_1HDHFClGY4 - Bumblebee Mattermost/input_Last Name_lastName"), Last_name): Text 'Armadillo' is set on object 'Object Repository/7_Account_Settings/Edit_Full_Name/Page_1HDHFClGY4 - Bumblebee Mattermost/input_Last Name_lastName'

2019-12-28 23:11:28 - [MESSAGE][PASSED] - Text 'Armadillo' is set on object 'Object Repository/7_Account_Settings/Edit_Full_Name/Page_1HDHFClGY4 - Bumblebee Mattermost/input_Last Name_lastName'

2019-12-28 23:11:28 - [TEST_STEP][PASSED] - click(findTestObject("Object Repository/7_Account_Settings/Edit_Full_Name/Page_1HDHFClGY4 - Bumblebee Mattermost/span_Save")): Object: 'Object Repository/7_Account_Settings/Edit_Full_Name/Page_1HDHFClGY4 - Bumblebee Mattermost/span_Save' is clicked on

2019-12-28 23:11:29 - [MESSAGE][PASSED] - Object: 'Object Repository/7_Account_Settings/Edit_Full_Name/Page_1HDHFClGY4 - Bumblebee Mattermost/span_Save' is clicked on

2019-12-28 23:11:29 - [TEST_STEP][PASSED] - click(findTestObject("Object Repository/7_Account_Settings/Edit_Full_Name/Page_1HDHFClGY4 - Bumblebee Mattermost/span_")): Object: 'Object Repository/7_Account_Settings/Edit_Full_Name/Page_1HDHFClGY4 - Bumblebee Mattermost/span_' is clicked on

2019-12-28 23:11:30 - [MESSAGE][PASSED] - Object: 'Object Repository/7_Account_Settings/Edit_Full_Name/Page_1HDHFClGY4 - Bumblebee Mattermost/span_' is clicked on

2019-12-28 23:11:30 - [TEST_STEP][NOT_RUN] - closeBrowser(): NOT_RUN: closeBrowser()

2019-12-28 23:11:30 - [MESSAGE][NOT_RUN] - NOT_RUN: closeBrowser()]]></system-out>
         <system-err><![CDATA[]]></system-err>
      </testcase>
      <testcase name="Test Cases/7_Account_Settings/Edit_Full_Name" time="52.492" classname="Test Cases/7_Account_Settings/Edit_Full_Name" status="PASSED">
         <system-out><![CDATA[2019-12-28 23:11:30 - [TEST_CASE][PASSED] - Test Cases/7_Account_Settings/Edit_Full_Name: Test Cases/7_Account_Settings/Edit_Full_Name

2019-12-28 23:11:30 - [TEST_STEP][PASSED] - openBrowser(""): Browser is opened with url: ''

2019-12-28 23:11:30 - [MESSAGE][PASSED] - Browser is opened with url: ''

2019-12-28 23:11:30 - [TEST_STEP][PASSED] - navigateToUrl("http://localhost:8065/"): Navigate to 'http://localhost:8065/' successfully

2019-12-28 23:11:31 - [MESSAGE][PASSED] - Navigate to 'http://localhost:8065/' successfully

2019-12-28 23:11:31 - [TEST_STEP][PASSED] - click(findTestObject("Object Repository/7_Account_Settings/Edit_Full_Name/Page_1HDHFClGY4 - Bumblebee Mattermost/svg")): Object: 'Object Repository/7_Account_Settings/Edit_Full_Name/Page_1HDHFClGY4 - Bumblebee Mattermost/svg' is clicked on

2019-12-28 23:12:14 - [MESSAGE][INFO] - Unable to find the element located by 'By.xpath: (.//*[normalize-space(text()) and normalize-space(.)='@ngocyen'])[1]/following::*[name()='svg'][1]'. Please recheck the objects properties to make sure the desired element is located. 

2019-12-28 23:12:14 - [MESSAGE][INFO] - [SMART_XPATH] Auto-trying out other XPath values in the test object.

2019-12-28 23:12:15 - [MESSAGE][INFO] - [SMART_XPATH] FAILED XPATH: '(.//*[normalize-space(text()) and normalize-space(.)='@ngocyen'])[1]/following::*[name()='svg'][1]'.

2019-12-28 23:12:15 - [MESSAGE][INFO] - [SMART_XPATH] WORKING XPATH: '(.//*[normalize-space(text()) and normalize-space(.)='Bumblebee'])[2]/following::*[name()='svg'][1]'.

2019-12-28 23:12:15 - [MESSAGE][INFO] - [SMART_XPATH] Screenshot: /Users/nguyentri/Desktop/Learn/SoftwareEngineer/mattermost-duo-test/Reports/smart_xpath/Object Repository/7_Account_Settings/Edit_Full_Name/Page_1HDHFClGY4 - Bumblebee Mattermost/svg_neighbor_42.png

2019-12-28 23:12:15 - [MESSAGE][INFO] - [SMART_XPATH] WORKING XPATH: '(.//*[normalize-space(text()) and normalize-space(.)='More unreads'])[1]/preceding::*[name()='svg'][1]'.

2019-12-28 23:12:16 - [MESSAGE][INFO] - [SMART_XPATH] Screenshot: /Users/nguyentri/Desktop/Learn/SoftwareEngineer/mattermost-duo-test/Reports/smart_xpath/Object Repository/7_Account_Settings/Edit_Full_Name/Page_1HDHFClGY4 - Bumblebee Mattermost/svg_neighbor_43.png

2019-12-28 23:12:16 - [MESSAGE][INFO] - [SMART_XPATH] WORKING XPATH: '(.//*[normalize-space(text()) and normalize-space(.)='More unreads'])[2]/preceding::*[name()='svg'][2]'.

2019-12-28 23:12:16 - [MESSAGE][INFO] - [SMART_XPATH] Screenshot: /Users/nguyentri/Desktop/Learn/SoftwareEngineer/mattermost-duo-test/Reports/smart_xpath/Object Repository/7_Account_Settings/Edit_Full_Name/Page_1HDHFClGY4 - Bumblebee Mattermost/svg_neighbor_44.png

2019-12-28 23:12:16 - [MESSAGE][ERROR] - [SMART_XPATH] /Users/nguyentri/Desktop/Learn/SoftwareEngineer/mattermost-duo-test/Reports/smart_xpath/waiting-for-approval.json (No such file or directory)

2019-12-28 23:12:16 - [MESSAGE][ERROR] - [SMART_XPATH] /Users/nguyentri/Desktop/Learn/SoftwareEngineer/mattermost-duo-test/Reports/smart_xpath/waiting-for-approval.json does not exist or is provided by Smart XPath Plugin!

2019-12-28 23:12:16 - [MESSAGE][INFO] - [SMART_XPATH] Selected Smart XPath: '(.//*[normalize-space(text()) and normalize-space(.)='Bumblebee'])[2]/following::*[name()='svg'][1]'.

2019-12-28 23:12:16 - [MESSAGE][INFO] - [SMART_XPATH] Continuing executing the test case!

2019-12-28 23:12:17 - [MESSAGE][PASSED] - Object: 'Object Repository/7_Account_Settings/Edit_Full_Name/Page_1HDHFClGY4 - Bumblebee Mattermost/svg' is clicked on

2019-12-28 23:12:17 - [TEST_STEP][PASSED] - click(findTestObject("Object Repository/7_Account_Settings/Edit_Full_Name/Page_1HDHFClGY4 - Bumblebee Mattermost/button_Account Settings")): Object: 'Object Repository/7_Account_Settings/Edit_Full_Name/Page_1HDHFClGY4 - Bumblebee Mattermost/button_Account Settings' is clicked on

2019-12-28 23:12:18 - [MESSAGE][PASSED] - Object: 'Object Repository/7_Account_Settings/Edit_Full_Name/Page_1HDHFClGY4 - Bumblebee Mattermost/button_Account Settings' is clicked on

2019-12-28 23:12:18 - [TEST_STEP][PASSED] - click(findTestObject("Object Repository/7_Account_Settings/Edit_Full_Name/Page_1HDHFClGY4 - Bumblebee Mattermost/span_Edit")): Object: 'Object Repository/7_Account_Settings/Edit_Full_Name/Page_1HDHFClGY4 - Bumblebee Mattermost/span_Edit' is clicked on

2019-12-28 23:12:19 - [MESSAGE][PASSED] - Object: 'Object Repository/7_Account_Settings/Edit_Full_Name/Page_1HDHFClGY4 - Bumblebee Mattermost/span_Edit' is clicked on

2019-12-28 23:12:19 - [TEST_STEP][PASSED] - setText(findTestObject("Object Repository/7_Account_Settings/Edit_Full_Name/Page_1HDHFClGY4 - Bumblebee Mattermost/input_First Name_firstName"), First_name): Text 'Henry' is set on object 'Object Repository/7_Account_Settings/Edit_Full_Name/Page_1HDHFClGY4 - Bumblebee Mattermost/input_First Name_firstName'

2019-12-28 23:12:20 - [MESSAGE][PASSED] - Text 'Henry' is set on object 'Object Repository/7_Account_Settings/Edit_Full_Name/Page_1HDHFClGY4 - Bumblebee Mattermost/input_First Name_firstName'

2019-12-28 23:12:20 - [TEST_STEP][PASSED] - setText(findTestObject("Object Repository/7_Account_Settings/Edit_Full_Name/Page_1HDHFClGY4 - Bumblebee Mattermost/input_Last Name_lastName"), Last_name): Text 'Hippo' is set on object 'Object Repository/7_Account_Settings/Edit_Full_Name/Page_1HDHFClGY4 - Bumblebee Mattermost/input_Last Name_lastName'

2019-12-28 23:12:20 - [MESSAGE][PASSED] - Text 'Hippo' is set on object 'Object Repository/7_Account_Settings/Edit_Full_Name/Page_1HDHFClGY4 - Bumblebee Mattermost/input_Last Name_lastName'

2019-12-28 23:12:20 - [TEST_STEP][PASSED] - click(findTestObject("Object Repository/7_Account_Settings/Edit_Full_Name/Page_1HDHFClGY4 - Bumblebee Mattermost/span_Save")): Object: 'Object Repository/7_Account_Settings/Edit_Full_Name/Page_1HDHFClGY4 - Bumblebee Mattermost/span_Save' is clicked on

2019-12-28 23:12:21 - [MESSAGE][PASSED] - Object: 'Object Repository/7_Account_Settings/Edit_Full_Name/Page_1HDHFClGY4 - Bumblebee Mattermost/span_Save' is clicked on

2019-12-28 23:12:21 - [TEST_STEP][PASSED] - click(findTestObject("Object Repository/7_Account_Settings/Edit_Full_Name/Page_1HDHFClGY4 - Bumblebee Mattermost/span_")): Object: 'Object Repository/7_Account_Settings/Edit_Full_Name/Page_1HDHFClGY4 - Bumblebee Mattermost/span_' is clicked on

2019-12-28 23:12:23 - [MESSAGE][PASSED] - Object: 'Object Repository/7_Account_Settings/Edit_Full_Name/Page_1HDHFClGY4 - Bumblebee Mattermost/span_' is clicked on

2019-12-28 23:12:23 - [TEST_STEP][NOT_RUN] - closeBrowser(): NOT_RUN: closeBrowser()

2019-12-28 23:12:23 - [MESSAGE][NOT_RUN] - NOT_RUN: closeBrowser()]]></system-out>
         <system-err><![CDATA[]]></system-err>
      </testcase>
      <testcase name="Test Cases/7_Account_Settings/Edit_Nick_Name" time="53.35" classname="Test Cases/7_Account_Settings/Edit_Nick_Name" status="PASSED">
         <system-out><![CDATA[2019-12-28 23:12:23 - [TEST_CASE][PASSED] - Test Cases/7_Account_Settings/Edit_Nick_Name: Test Cases/7_Account_Settings/Edit_Nick_Name

2019-12-28 23:12:23 - [TEST_STEP][PASSED] - openBrowser(""): Browser is opened with url: ''

2019-12-28 23:12:23 - [MESSAGE][PASSED] - Browser is opened with url: ''

2019-12-28 23:12:23 - [TEST_STEP][PASSED] - navigateToUrl("http://localhost:8065/"): Navigate to 'http://localhost:8065/' successfully

2019-12-28 23:12:24 - [MESSAGE][PASSED] - Navigate to 'http://localhost:8065/' successfully

2019-12-28 23:12:24 - [TEST_STEP][PASSED] - click(findTestObject("Object Repository/7_Account_Settings/Edit_Nick_Name/Page_1HDHFClGY4 - Bumblebee Mattermost/svg")): Object: 'Object Repository/7_Account_Settings/Edit_Nick_Name/Page_1HDHFClGY4 - Bumblebee Mattermost/svg' is clicked on

2019-12-28 23:13:07 - [MESSAGE][INFO] - Unable to find the element located by 'By.xpath: (.//*[normalize-space(text()) and normalize-space(.)='@ngocyen'])[1]/following::*[name()='svg'][1]'. Please recheck the objects properties to make sure the desired element is located. 

2019-12-28 23:13:07 - [MESSAGE][INFO] - [SMART_XPATH] Auto-trying out other XPath values in the test object.

2019-12-28 23:13:08 - [MESSAGE][INFO] - [SMART_XPATH] FAILED XPATH: '(.//*[normalize-space(text()) and normalize-space(.)='@ngocyen'])[1]/following::*[name()='svg'][1]'.

2019-12-28 23:13:08 - [MESSAGE][INFO] - [SMART_XPATH] WORKING XPATH: '(.//*[normalize-space(text()) and normalize-space(.)='Bumblebee'])[2]/following::*[name()='svg'][1]'.

2019-12-28 23:13:09 - [MESSAGE][INFO] - [SMART_XPATH] Screenshot: /Users/nguyentri/Desktop/Learn/SoftwareEngineer/mattermost-duo-test/Reports/smart_xpath/Object Repository/7_Account_Settings/Edit_Nick_Name/Page_1HDHFClGY4 - Bumblebee Mattermost/svg_neighbor_43.png

2019-12-28 23:13:09 - [MESSAGE][INFO] - [SMART_XPATH] WORKING XPATH: '(.//*[normalize-space(text()) and normalize-space(.)='More unreads'])[1]/preceding::*[name()='svg'][1]'.

2019-12-28 23:13:10 - [MESSAGE][INFO] - [SMART_XPATH] Screenshot: /Users/nguyentri/Desktop/Learn/SoftwareEngineer/mattermost-duo-test/Reports/smart_xpath/Object Repository/7_Account_Settings/Edit_Nick_Name/Page_1HDHFClGY4 - Bumblebee Mattermost/svg_neighbor_44.png

2019-12-28 23:13:10 - [MESSAGE][INFO] - [SMART_XPATH] WORKING XPATH: '(.//*[normalize-space(text()) and normalize-space(.)='More unreads'])[2]/preceding::*[name()='svg'][2]'.

2019-12-28 23:13:11 - [MESSAGE][INFO] - [SMART_XPATH] Screenshot: /Users/nguyentri/Desktop/Learn/SoftwareEngineer/mattermost-duo-test/Reports/smart_xpath/Object Repository/7_Account_Settings/Edit_Nick_Name/Page_1HDHFClGY4 - Bumblebee Mattermost/svg_neighbor_45.png

2019-12-28 23:13:11 - [MESSAGE][ERROR] - [SMART_XPATH] /Users/nguyentri/Desktop/Learn/SoftwareEngineer/mattermost-duo-test/Reports/smart_xpath/waiting-for-approval.json (No such file or directory)

2019-12-28 23:13:11 - [MESSAGE][ERROR] - [SMART_XPATH] /Users/nguyentri/Desktop/Learn/SoftwareEngineer/mattermost-duo-test/Reports/smart_xpath/waiting-for-approval.json does not exist or is provided by Smart XPath Plugin!

2019-12-28 23:13:11 - [MESSAGE][INFO] - [SMART_XPATH] Selected Smart XPath: '(.//*[normalize-space(text()) and normalize-space(.)='Bumblebee'])[2]/following::*[name()='svg'][1]'.

2019-12-28 23:13:11 - [MESSAGE][INFO] - [SMART_XPATH] Continuing executing the test case!

2019-12-28 23:13:11 - [MESSAGE][PASSED] - Object: 'Object Repository/7_Account_Settings/Edit_Nick_Name/Page_1HDHFClGY4 - Bumblebee Mattermost/svg' is clicked on

2019-12-28 23:13:11 - [TEST_STEP][PASSED] - click(findTestObject("Object Repository/7_Account_Settings/Edit_Nick_Name/Page_1HDHFClGY4 - Bumblebee Mattermost/button_Account Settings")): Object: 'Object Repository/7_Account_Settings/Edit_Nick_Name/Page_1HDHFClGY4 - Bumblebee Mattermost/button_Account Settings' is clicked on

2019-12-28 23:13:12 - [MESSAGE][PASSED] - Object: 'Object Repository/7_Account_Settings/Edit_Nick_Name/Page_1HDHFClGY4 - Bumblebee Mattermost/button_Account Settings' is clicked on

2019-12-28 23:13:12 - [TEST_STEP][PASSED] - click(findTestObject("Object Repository/7_Account_Settings/Edit_Nick_Name/Page_1HDHFClGY4 - Bumblebee Mattermost/span_Edit")): Object: 'Object Repository/7_Account_Settings/Edit_Nick_Name/Page_1HDHFClGY4 - Bumblebee Mattermost/span_Edit' is clicked on

2019-12-28 23:13:13 - [MESSAGE][PASSED] - Object: 'Object Repository/7_Account_Settings/Edit_Nick_Name/Page_1HDHFClGY4 - Bumblebee Mattermost/span_Edit' is clicked on

2019-12-28 23:13:13 - [TEST_STEP][PASSED] - setText(findTestObject("Object Repository/7_Account_Settings/Edit_Nick_Name/Page_1HDHFClGY4 - Bumblebee Mattermost/input_Nickname_nickname"), Nick_name): Text 'One' is set on object 'Object Repository/7_Account_Settings/Edit_Nick_Name/Page_1HDHFClGY4 - Bumblebee Mattermost/input_Nickname_nickname'

2019-12-28 23:13:14 - [MESSAGE][PASSED] - Text 'One' is set on object 'Object Repository/7_Account_Settings/Edit_Nick_Name/Page_1HDHFClGY4 - Bumblebee Mattermost/input_Nickname_nickname'

2019-12-28 23:13:14 - [TEST_STEP][PASSED] - click(findTestObject("Object Repository/7_Account_Settings/Edit_Nick_Name/Page_1HDHFClGY4 - Bumblebee Mattermost/span_Save")): Object: 'Object Repository/7_Account_Settings/Edit_Nick_Name/Page_1HDHFClGY4 - Bumblebee Mattermost/span_Save' is clicked on

2019-12-28 23:13:15 - [MESSAGE][PASSED] - Object: 'Object Repository/7_Account_Settings/Edit_Nick_Name/Page_1HDHFClGY4 - Bumblebee Mattermost/span_Save' is clicked on

2019-12-28 23:13:15 - [TEST_STEP][PASSED] - click(findTestObject("Object Repository/7_Account_Settings/Edit_Nick_Name/Page_1HDHFClGY4 - Bumblebee Mattermost/span_")): Object: 'Object Repository/7_Account_Settings/Edit_Nick_Name/Page_1HDHFClGY4 - Bumblebee Mattermost/span_' is clicked on

2019-12-28 23:13:16 - [MESSAGE][PASSED] - Object: 'Object Repository/7_Account_Settings/Edit_Nick_Name/Page_1HDHFClGY4 - Bumblebee Mattermost/span_' is clicked on

2019-12-28 23:13:16 - [TEST_STEP][NOT_RUN] - closeBrowser(): NOT_RUN: closeBrowser()

2019-12-28 23:13:16 - [MESSAGE][NOT_RUN] - NOT_RUN: closeBrowser()]]></system-out>
         <system-err><![CDATA[]]></system-err>
      </testcase>
      <testcase name="Test Cases/7_Account_Settings/Edit_Nick_Name" time="53.665" classname="Test Cases/7_Account_Settings/Edit_Nick_Name" status="PASSED">
         <system-out><![CDATA[2019-12-28 23:13:16 - [TEST_CASE][PASSED] - Test Cases/7_Account_Settings/Edit_Nick_Name: Test Cases/7_Account_Settings/Edit_Nick_Name

2019-12-28 23:13:16 - [TEST_STEP][PASSED] - openBrowser(""): Browser is opened with url: ''

2019-12-28 23:13:16 - [MESSAGE][PASSED] - Browser is opened with url: ''

2019-12-28 23:13:16 - [TEST_STEP][PASSED] - navigateToUrl("http://localhost:8065/"): Navigate to 'http://localhost:8065/' successfully

2019-12-28 23:13:18 - [MESSAGE][PASSED] - Navigate to 'http://localhost:8065/' successfully

2019-12-28 23:13:18 - [TEST_STEP][PASSED] - click(findTestObject("Object Repository/7_Account_Settings/Edit_Nick_Name/Page_1HDHFClGY4 - Bumblebee Mattermost/svg")): Object: 'Object Repository/7_Account_Settings/Edit_Nick_Name/Page_1HDHFClGY4 - Bumblebee Mattermost/svg' is clicked on

2019-12-28 23:14:02 - [MESSAGE][INFO] - Unable to find the element located by 'By.xpath: (.//*[normalize-space(text()) and normalize-space(.)='@ngocyen'])[1]/following::*[name()='svg'][1]'. Please recheck the objects properties to make sure the desired element is located. 

2019-12-28 23:14:02 - [MESSAGE][INFO] - [SMART_XPATH] Auto-trying out other XPath values in the test object.

2019-12-28 23:14:02 - [MESSAGE][INFO] - [SMART_XPATH] FAILED XPATH: '(.//*[normalize-space(text()) and normalize-space(.)='@ngocyen'])[1]/following::*[name()='svg'][1]'.

2019-12-28 23:14:02 - [MESSAGE][INFO] - [SMART_XPATH] WORKING XPATH: '(.//*[normalize-space(text()) and normalize-space(.)='Bumblebee'])[2]/following::*[name()='svg'][1]'.

2019-12-28 23:14:03 - [MESSAGE][INFO] - [SMART_XPATH] Screenshot: /Users/nguyentri/Desktop/Learn/SoftwareEngineer/mattermost-duo-test/Reports/smart_xpath/Object Repository/7_Account_Settings/Edit_Nick_Name/Page_1HDHFClGY4 - Bumblebee Mattermost/svg_neighbor_44.png

2019-12-28 23:14:03 - [MESSAGE][INFO] - [SMART_XPATH] WORKING XPATH: '(.//*[normalize-space(text()) and normalize-space(.)='More unreads'])[1]/preceding::*[name()='svg'][1]'.

2019-12-28 23:14:03 - [MESSAGE][INFO] - [SMART_XPATH] Screenshot: /Users/nguyentri/Desktop/Learn/SoftwareEngineer/mattermost-duo-test/Reports/smart_xpath/Object Repository/7_Account_Settings/Edit_Nick_Name/Page_1HDHFClGY4 - Bumblebee Mattermost/svg_neighbor_45.png

2019-12-28 23:14:04 - [MESSAGE][INFO] - [SMART_XPATH] WORKING XPATH: '(.//*[normalize-space(text()) and normalize-space(.)='More unreads'])[2]/preceding::*[name()='svg'][2]'.

2019-12-28 23:14:04 - [MESSAGE][INFO] - [SMART_XPATH] Screenshot: /Users/nguyentri/Desktop/Learn/SoftwareEngineer/mattermost-duo-test/Reports/smart_xpath/Object Repository/7_Account_Settings/Edit_Nick_Name/Page_1HDHFClGY4 - Bumblebee Mattermost/svg_neighbor_46.png

2019-12-28 23:14:04 - [MESSAGE][ERROR] - [SMART_XPATH] /Users/nguyentri/Desktop/Learn/SoftwareEngineer/mattermost-duo-test/Reports/smart_xpath/waiting-for-approval.json (No such file or directory)

2019-12-28 23:14:04 - [MESSAGE][ERROR] - [SMART_XPATH] /Users/nguyentri/Desktop/Learn/SoftwareEngineer/mattermost-duo-test/Reports/smart_xpath/waiting-for-approval.json does not exist or is provided by Smart XPath Plugin!

2019-12-28 23:14:04 - [MESSAGE][INFO] - [SMART_XPATH] Selected Smart XPath: '(.//*[normalize-space(text()) and normalize-space(.)='Bumblebee'])[2]/following::*[name()='svg'][1]'.

2019-12-28 23:14:04 - [MESSAGE][INFO] - [SMART_XPATH] Continuing executing the test case!

2019-12-28 23:14:05 - [MESSAGE][PASSED] - Object: 'Object Repository/7_Account_Settings/Edit_Nick_Name/Page_1HDHFClGY4 - Bumblebee Mattermost/svg' is clicked on

2019-12-28 23:14:05 - [TEST_STEP][PASSED] - click(findTestObject("Object Repository/7_Account_Settings/Edit_Nick_Name/Page_1HDHFClGY4 - Bumblebee Mattermost/button_Account Settings")): Object: 'Object Repository/7_Account_Settings/Edit_Nick_Name/Page_1HDHFClGY4 - Bumblebee Mattermost/button_Account Settings' is clicked on

2019-12-28 23:14:06 - [MESSAGE][PASSED] - Object: 'Object Repository/7_Account_Settings/Edit_Nick_Name/Page_1HDHFClGY4 - Bumblebee Mattermost/button_Account Settings' is clicked on

2019-12-28 23:14:06 - [TEST_STEP][PASSED] - click(findTestObject("Object Repository/7_Account_Settings/Edit_Nick_Name/Page_1HDHFClGY4 - Bumblebee Mattermost/span_Edit")): Object: 'Object Repository/7_Account_Settings/Edit_Nick_Name/Page_1HDHFClGY4 - Bumblebee Mattermost/span_Edit' is clicked on

2019-12-28 23:14:07 - [MESSAGE][PASSED] - Object: 'Object Repository/7_Account_Settings/Edit_Nick_Name/Page_1HDHFClGY4 - Bumblebee Mattermost/span_Edit' is clicked on

2019-12-28 23:14:07 - [TEST_STEP][PASSED] - setText(findTestObject("Object Repository/7_Account_Settings/Edit_Nick_Name/Page_1HDHFClGY4 - Bumblebee Mattermost/input_Nickname_nickname"), Nick_name): Text 'Two' is set on object 'Object Repository/7_Account_Settings/Edit_Nick_Name/Page_1HDHFClGY4 - Bumblebee Mattermost/input_Nickname_nickname'

2019-12-28 23:14:07 - [MESSAGE][PASSED] - Text 'Two' is set on object 'Object Repository/7_Account_Settings/Edit_Nick_Name/Page_1HDHFClGY4 - Bumblebee Mattermost/input_Nickname_nickname'

2019-12-28 23:14:07 - [TEST_STEP][PASSED] - click(findTestObject("Object Repository/7_Account_Settings/Edit_Nick_Name/Page_1HDHFClGY4 - Bumblebee Mattermost/span_Save")): Object: 'Object Repository/7_Account_Settings/Edit_Nick_Name/Page_1HDHFClGY4 - Bumblebee Mattermost/span_Save' is clicked on

2019-12-28 23:14:08 - [MESSAGE][PASSED] - Object: 'Object Repository/7_Account_Settings/Edit_Nick_Name/Page_1HDHFClGY4 - Bumblebee Mattermost/span_Save' is clicked on

2019-12-28 23:14:08 - [TEST_STEP][PASSED] - click(findTestObject("Object Repository/7_Account_Settings/Edit_Nick_Name/Page_1HDHFClGY4 - Bumblebee Mattermost/span_")): Object: 'Object Repository/7_Account_Settings/Edit_Nick_Name/Page_1HDHFClGY4 - Bumblebee Mattermost/span_' is clicked on

2019-12-28 23:14:10 - [MESSAGE][PASSED] - Object: 'Object Repository/7_Account_Settings/Edit_Nick_Name/Page_1HDHFClGY4 - Bumblebee Mattermost/span_' is clicked on

2019-12-28 23:14:10 - [TEST_STEP][NOT_RUN] - closeBrowser(): NOT_RUN: closeBrowser()

2019-12-28 23:14:10 - [MESSAGE][NOT_RUN] - NOT_RUN: closeBrowser()]]></system-out>
         <system-err><![CDATA[]]></system-err>
      </testcase>
      <testcase name="Test Cases/7_Account_Settings/Edit_Nick_Name" time="52.176" classname="Test Cases/7_Account_Settings/Edit_Nick_Name" status="PASSED">
         <system-out><![CDATA[2019-12-28 23:14:10 - [TEST_CASE][PASSED] - Test Cases/7_Account_Settings/Edit_Nick_Name: Test Cases/7_Account_Settings/Edit_Nick_Name

2019-12-28 23:14:10 - [TEST_STEP][PASSED] - openBrowser(""): Browser is opened with url: ''

2019-12-28 23:14:10 - [MESSAGE][PASSED] - Browser is opened with url: ''

2019-12-28 23:14:10 - [TEST_STEP][PASSED] - navigateToUrl("http://localhost:8065/"): Navigate to 'http://localhost:8065/' successfully

2019-12-28 23:14:11 - [MESSAGE][PASSED] - Navigate to 'http://localhost:8065/' successfully

2019-12-28 23:14:11 - [TEST_STEP][PASSED] - click(findTestObject("Object Repository/7_Account_Settings/Edit_Nick_Name/Page_1HDHFClGY4 - Bumblebee Mattermost/svg")): Object: 'Object Repository/7_Account_Settings/Edit_Nick_Name/Page_1HDHFClGY4 - Bumblebee Mattermost/svg' is clicked on

2019-12-28 23:14:55 - [MESSAGE][INFO] - Unable to find the element located by 'By.xpath: (.//*[normalize-space(text()) and normalize-space(.)='@ngocyen'])[1]/following::*[name()='svg'][1]'. Please recheck the objects properties to make sure the desired element is located. 

2019-12-28 23:14:55 - [MESSAGE][INFO] - [SMART_XPATH] Auto-trying out other XPath values in the test object.

2019-12-28 23:14:55 - [MESSAGE][INFO] - [SMART_XPATH] FAILED XPATH: '(.//*[normalize-space(text()) and normalize-space(.)='@ngocyen'])[1]/following::*[name()='svg'][1]'.

2019-12-28 23:14:56 - [MESSAGE][INFO] - [SMART_XPATH] WORKING XPATH: '(.//*[normalize-space(text()) and normalize-space(.)='Bumblebee'])[2]/following::*[name()='svg'][1]'.

2019-12-28 23:14:56 - [MESSAGE][INFO] - [SMART_XPATH] Screenshot: /Users/nguyentri/Desktop/Learn/SoftwareEngineer/mattermost-duo-test/Reports/smart_xpath/Object Repository/7_Account_Settings/Edit_Nick_Name/Page_1HDHFClGY4 - Bumblebee Mattermost/svg_neighbor_45.png

2019-12-28 23:14:56 - [MESSAGE][INFO] - [SMART_XPATH] WORKING XPATH: '(.//*[normalize-space(text()) and normalize-space(.)='More unreads'])[1]/preceding::*[name()='svg'][1]'.

2019-12-28 23:14:57 - [MESSAGE][INFO] - [SMART_XPATH] Screenshot: /Users/nguyentri/Desktop/Learn/SoftwareEngineer/mattermost-duo-test/Reports/smart_xpath/Object Repository/7_Account_Settings/Edit_Nick_Name/Page_1HDHFClGY4 - Bumblebee Mattermost/svg_neighbor_46.png

2019-12-28 23:14:57 - [MESSAGE][INFO] - [SMART_XPATH] WORKING XPATH: '(.//*[normalize-space(text()) and normalize-space(.)='More unreads'])[2]/preceding::*[name()='svg'][2]'.

2019-12-28 23:14:57 - [MESSAGE][INFO] - [SMART_XPATH] Screenshot: /Users/nguyentri/Desktop/Learn/SoftwareEngineer/mattermost-duo-test/Reports/smart_xpath/Object Repository/7_Account_Settings/Edit_Nick_Name/Page_1HDHFClGY4 - Bumblebee Mattermost/svg_neighbor_47.png

2019-12-28 23:14:57 - [MESSAGE][ERROR] - [SMART_XPATH] /Users/nguyentri/Desktop/Learn/SoftwareEngineer/mattermost-duo-test/Reports/smart_xpath/waiting-for-approval.json (No such file or directory)

2019-12-28 23:14:57 - [MESSAGE][ERROR] - [SMART_XPATH] /Users/nguyentri/Desktop/Learn/SoftwareEngineer/mattermost-duo-test/Reports/smart_xpath/waiting-for-approval.json does not exist or is provided by Smart XPath Plugin!

2019-12-28 23:14:57 - [MESSAGE][INFO] - [SMART_XPATH] Selected Smart XPath: '(.//*[normalize-space(text()) and normalize-space(.)='Bumblebee'])[2]/following::*[name()='svg'][1]'.

2019-12-28 23:14:57 - [MESSAGE][INFO] - [SMART_XPATH] Continuing executing the test case!

2019-12-28 23:14:58 - [MESSAGE][PASSED] - Object: 'Object Repository/7_Account_Settings/Edit_Nick_Name/Page_1HDHFClGY4 - Bumblebee Mattermost/svg' is clicked on

2019-12-28 23:14:58 - [TEST_STEP][PASSED] - click(findTestObject("Object Repository/7_Account_Settings/Edit_Nick_Name/Page_1HDHFClGY4 - Bumblebee Mattermost/button_Account Settings")): Object: 'Object Repository/7_Account_Settings/Edit_Nick_Name/Page_1HDHFClGY4 - Bumblebee Mattermost/button_Account Settings' is clicked on

2019-12-28 23:14:59 - [MESSAGE][PASSED] - Object: 'Object Repository/7_Account_Settings/Edit_Nick_Name/Page_1HDHFClGY4 - Bumblebee Mattermost/button_Account Settings' is clicked on

2019-12-28 23:14:59 - [TEST_STEP][PASSED] - click(findTestObject("Object Repository/7_Account_Settings/Edit_Nick_Name/Page_1HDHFClGY4 - Bumblebee Mattermost/span_Edit")): Object: 'Object Repository/7_Account_Settings/Edit_Nick_Name/Page_1HDHFClGY4 - Bumblebee Mattermost/span_Edit' is clicked on

2019-12-28 23:14:59 - [MESSAGE][PASSED] - Object: 'Object Repository/7_Account_Settings/Edit_Nick_Name/Page_1HDHFClGY4 - Bumblebee Mattermost/span_Edit' is clicked on

2019-12-28 23:14:59 - [TEST_STEP][PASSED] - setText(findTestObject("Object Repository/7_Account_Settings/Edit_Nick_Name/Page_1HDHFClGY4 - Bumblebee Mattermost/input_Nickname_nickname"), Nick_name): Text 'Three' is set on object 'Object Repository/7_Account_Settings/Edit_Nick_Name/Page_1HDHFClGY4 - Bumblebee Mattermost/input_Nickname_nickname'

2019-12-28 23:15:00 - [MESSAGE][PASSED] - Text 'Three' is set on object 'Object Repository/7_Account_Settings/Edit_Nick_Name/Page_1HDHFClGY4 - Bumblebee Mattermost/input_Nickname_nickname'

2019-12-28 23:15:00 - [TEST_STEP][PASSED] - click(findTestObject("Object Repository/7_Account_Settings/Edit_Nick_Name/Page_1HDHFClGY4 - Bumblebee Mattermost/span_Save")): Object: 'Object Repository/7_Account_Settings/Edit_Nick_Name/Page_1HDHFClGY4 - Bumblebee Mattermost/span_Save' is clicked on

2019-12-28 23:15:01 - [MESSAGE][PASSED] - Object: 'Object Repository/7_Account_Settings/Edit_Nick_Name/Page_1HDHFClGY4 - Bumblebee Mattermost/span_Save' is clicked on

2019-12-28 23:15:01 - [TEST_STEP][PASSED] - click(findTestObject("Object Repository/7_Account_Settings/Edit_Nick_Name/Page_1HDHFClGY4 - Bumblebee Mattermost/span_")): Object: 'Object Repository/7_Account_Settings/Edit_Nick_Name/Page_1HDHFClGY4 - Bumblebee Mattermost/span_' is clicked on

2019-12-28 23:15:02 - [MESSAGE][PASSED] - Object: 'Object Repository/7_Account_Settings/Edit_Nick_Name/Page_1HDHFClGY4 - Bumblebee Mattermost/span_' is clicked on

2019-12-28 23:15:02 - [TEST_STEP][NOT_RUN] - closeBrowser(): NOT_RUN: closeBrowser()

2019-12-28 23:15:02 - [MESSAGE][NOT_RUN] - NOT_RUN: closeBrowser()]]></system-out>
         <system-err><![CDATA[]]></system-err>
      </testcase>
      <testcase name="Test Cases/7_Account_Settings/Edit_Nick_Name" time="53.45" classname="Test Cases/7_Account_Settings/Edit_Nick_Name" status="PASSED">
         <system-out><![CDATA[2019-12-28 23:15:02 - [TEST_CASE][PASSED] - Test Cases/7_Account_Settings/Edit_Nick_Name: Test Cases/7_Account_Settings/Edit_Nick_Name

2019-12-28 23:15:02 - [TEST_STEP][PASSED] - openBrowser(""): Browser is opened with url: ''

2019-12-28 23:15:02 - [MESSAGE][PASSED] - Browser is opened with url: ''

2019-12-28 23:15:02 - [TEST_STEP][PASSED] - navigateToUrl("http://localhost:8065/"): Navigate to 'http://localhost:8065/' successfully

2019-12-28 23:15:03 - [MESSAGE][PASSED] - Navigate to 'http://localhost:8065/' successfully

2019-12-28 23:15:03 - [TEST_STEP][PASSED] - click(findTestObject("Object Repository/7_Account_Settings/Edit_Nick_Name/Page_1HDHFClGY4 - Bumblebee Mattermost/svg")): Object: 'Object Repository/7_Account_Settings/Edit_Nick_Name/Page_1HDHFClGY4 - Bumblebee Mattermost/svg' is clicked on

2019-12-28 23:15:47 - [MESSAGE][INFO] - Unable to find the element located by 'By.xpath: (.//*[normalize-space(text()) and normalize-space(.)='@ngocyen'])[1]/following::*[name()='svg'][1]'. Please recheck the objects properties to make sure the desired element is located. 

2019-12-28 23:15:47 - [MESSAGE][INFO] - [SMART_XPATH] Auto-trying out other XPath values in the test object.

2019-12-28 23:15:47 - [MESSAGE][INFO] - [SMART_XPATH] FAILED XPATH: '(.//*[normalize-space(text()) and normalize-space(.)='@ngocyen'])[1]/following::*[name()='svg'][1]'.

2019-12-28 23:15:47 - [MESSAGE][INFO] - [SMART_XPATH] WORKING XPATH: '(.//*[normalize-space(text()) and normalize-space(.)='Bumblebee'])[2]/following::*[name()='svg'][1]'.

2019-12-28 23:15:48 - [MESSAGE][INFO] - [SMART_XPATH] Screenshot: /Users/nguyentri/Desktop/Learn/SoftwareEngineer/mattermost-duo-test/Reports/smart_xpath/Object Repository/7_Account_Settings/Edit_Nick_Name/Page_1HDHFClGY4 - Bumblebee Mattermost/svg_neighbor_46.png

2019-12-28 23:15:48 - [MESSAGE][INFO] - [SMART_XPATH] WORKING XPATH: '(.//*[normalize-space(text()) and normalize-space(.)='More unreads'])[1]/preceding::*[name()='svg'][1]'.

2019-12-28 23:15:49 - [MESSAGE][INFO] - [SMART_XPATH] Screenshot: /Users/nguyentri/Desktop/Learn/SoftwareEngineer/mattermost-duo-test/Reports/smart_xpath/Object Repository/7_Account_Settings/Edit_Nick_Name/Page_1HDHFClGY4 - Bumblebee Mattermost/svg_neighbor_47.png

2019-12-28 23:15:49 - [MESSAGE][INFO] - [SMART_XPATH] WORKING XPATH: '(.//*[normalize-space(text()) and normalize-space(.)='More unreads'])[2]/preceding::*[name()='svg'][2]'.

2019-12-28 23:15:49 - [MESSAGE][INFO] - [SMART_XPATH] Screenshot: /Users/nguyentri/Desktop/Learn/SoftwareEngineer/mattermost-duo-test/Reports/smart_xpath/Object Repository/7_Account_Settings/Edit_Nick_Name/Page_1HDHFClGY4 - Bumblebee Mattermost/svg_neighbor_48.png

2019-12-28 23:15:49 - [MESSAGE][ERROR] - [SMART_XPATH] /Users/nguyentri/Desktop/Learn/SoftwareEngineer/mattermost-duo-test/Reports/smart_xpath/waiting-for-approval.json (No such file or directory)

2019-12-28 23:15:49 - [MESSAGE][ERROR] - [SMART_XPATH] /Users/nguyentri/Desktop/Learn/SoftwareEngineer/mattermost-duo-test/Reports/smart_xpath/waiting-for-approval.json does not exist or is provided by Smart XPath Plugin!

2019-12-28 23:15:49 - [MESSAGE][INFO] - [SMART_XPATH] Selected Smart XPath: '(.//*[normalize-space(text()) and normalize-space(.)='Bumblebee'])[2]/following::*[name()='svg'][1]'.

2019-12-28 23:15:49 - [MESSAGE][INFO] - [SMART_XPATH] Continuing executing the test case!

2019-12-28 23:15:50 - [MESSAGE][PASSED] - Object: 'Object Repository/7_Account_Settings/Edit_Nick_Name/Page_1HDHFClGY4 - Bumblebee Mattermost/svg' is clicked on

2019-12-28 23:15:50 - [TEST_STEP][PASSED] - click(findTestObject("Object Repository/7_Account_Settings/Edit_Nick_Name/Page_1HDHFClGY4 - Bumblebee Mattermost/button_Account Settings")): Object: 'Object Repository/7_Account_Settings/Edit_Nick_Name/Page_1HDHFClGY4 - Bumblebee Mattermost/button_Account Settings' is clicked on

2019-12-28 23:15:51 - [MESSAGE][PASSED] - Object: 'Object Repository/7_Account_Settings/Edit_Nick_Name/Page_1HDHFClGY4 - Bumblebee Mattermost/button_Account Settings' is clicked on

2019-12-28 23:15:51 - [TEST_STEP][PASSED] - click(findTestObject("Object Repository/7_Account_Settings/Edit_Nick_Name/Page_1HDHFClGY4 - Bumblebee Mattermost/span_Edit")): Object: 'Object Repository/7_Account_Settings/Edit_Nick_Name/Page_1HDHFClGY4 - Bumblebee Mattermost/span_Edit' is clicked on

2019-12-28 23:15:52 - [MESSAGE][PASSED] - Object: 'Object Repository/7_Account_Settings/Edit_Nick_Name/Page_1HDHFClGY4 - Bumblebee Mattermost/span_Edit' is clicked on

2019-12-28 23:15:52 - [TEST_STEP][PASSED] - setText(findTestObject("Object Repository/7_Account_Settings/Edit_Nick_Name/Page_1HDHFClGY4 - Bumblebee Mattermost/input_Nickname_nickname"), Nick_name): Text 'Four' is set on object 'Object Repository/7_Account_Settings/Edit_Nick_Name/Page_1HDHFClGY4 - Bumblebee Mattermost/input_Nickname_nickname'

2019-12-28 23:15:53 - [MESSAGE][PASSED] - Text 'Four' is set on object 'Object Repository/7_Account_Settings/Edit_Nick_Name/Page_1HDHFClGY4 - Bumblebee Mattermost/input_Nickname_nickname'

2019-12-28 23:15:53 - [TEST_STEP][PASSED] - click(findTestObject("Object Repository/7_Account_Settings/Edit_Nick_Name/Page_1HDHFClGY4 - Bumblebee Mattermost/span_Save")): Object: 'Object Repository/7_Account_Settings/Edit_Nick_Name/Page_1HDHFClGY4 - Bumblebee Mattermost/span_Save' is clicked on

2019-12-28 23:15:54 - [MESSAGE][PASSED] - Object: 'Object Repository/7_Account_Settings/Edit_Nick_Name/Page_1HDHFClGY4 - Bumblebee Mattermost/span_Save' is clicked on

2019-12-28 23:15:54 - [TEST_STEP][PASSED] - click(findTestObject("Object Repository/7_Account_Settings/Edit_Nick_Name/Page_1HDHFClGY4 - Bumblebee Mattermost/span_")): Object: 'Object Repository/7_Account_Settings/Edit_Nick_Name/Page_1HDHFClGY4 - Bumblebee Mattermost/span_' is clicked on

2019-12-28 23:15:55 - [MESSAGE][PASSED] - Object: 'Object Repository/7_Account_Settings/Edit_Nick_Name/Page_1HDHFClGY4 - Bumblebee Mattermost/span_' is clicked on

2019-12-28 23:15:55 - [TEST_STEP][NOT_RUN] - closeBrowser(): NOT_RUN: closeBrowser()

2019-12-28 23:15:55 - [MESSAGE][NOT_RUN] - NOT_RUN: closeBrowser()]]></system-out>
         <system-err><![CDATA[]]></system-err>
      </testcase>
      <testcase name="Test Cases/7_Account_Settings/Edit_Nick_Name" time="51.827" classname="Test Cases/7_Account_Settings/Edit_Nick_Name" status="PASSED">
         <system-out><![CDATA[2019-12-28 23:15:55 - [TEST_CASE][PASSED] - Test Cases/7_Account_Settings/Edit_Nick_Name: Test Cases/7_Account_Settings/Edit_Nick_Name

2019-12-28 23:15:55 - [TEST_STEP][PASSED] - openBrowser(""): Browser is opened with url: ''

2019-12-28 23:15:56 - [MESSAGE][PASSED] - Browser is opened with url: ''

2019-12-28 23:15:56 - [TEST_STEP][PASSED] - navigateToUrl("http://localhost:8065/"): Navigate to 'http://localhost:8065/' successfully

2019-12-28 23:15:57 - [MESSAGE][PASSED] - Navigate to 'http://localhost:8065/' successfully

2019-12-28 23:15:57 - [TEST_STEP][PASSED] - click(findTestObject("Object Repository/7_Account_Settings/Edit_Nick_Name/Page_1HDHFClGY4 - Bumblebee Mattermost/svg")): Object: 'Object Repository/7_Account_Settings/Edit_Nick_Name/Page_1HDHFClGY4 - Bumblebee Mattermost/svg' is clicked on

2019-12-28 23:16:40 - [MESSAGE][INFO] - Unable to find the element located by 'By.xpath: (.//*[normalize-space(text()) and normalize-space(.)='@ngocyen'])[1]/following::*[name()='svg'][1]'. Please recheck the objects properties to make sure the desired element is located. 

2019-12-28 23:16:40 - [MESSAGE][INFO] - [SMART_XPATH] Auto-trying out other XPath values in the test object.

2019-12-28 23:16:40 - [MESSAGE][INFO] - [SMART_XPATH] FAILED XPATH: '(.//*[normalize-space(text()) and normalize-space(.)='@ngocyen'])[1]/following::*[name()='svg'][1]'.

2019-12-28 23:16:41 - [MESSAGE][INFO] - [SMART_XPATH] WORKING XPATH: '(.//*[normalize-space(text()) and normalize-space(.)='Bumblebee'])[2]/following::*[name()='svg'][1]'.

2019-12-28 23:16:41 - [MESSAGE][INFO] - [SMART_XPATH] Screenshot: /Users/nguyentri/Desktop/Learn/SoftwareEngineer/mattermost-duo-test/Reports/smart_xpath/Object Repository/7_Account_Settings/Edit_Nick_Name/Page_1HDHFClGY4 - Bumblebee Mattermost/svg_neighbor_47.png

2019-12-28 23:16:41 - [MESSAGE][INFO] - [SMART_XPATH] WORKING XPATH: '(.//*[normalize-space(text()) and normalize-space(.)='More unreads'])[1]/preceding::*[name()='svg'][1]'.

2019-12-28 23:16:42 - [MESSAGE][INFO] - [SMART_XPATH] Screenshot: /Users/nguyentri/Desktop/Learn/SoftwareEngineer/mattermost-duo-test/Reports/smart_xpath/Object Repository/7_Account_Settings/Edit_Nick_Name/Page_1HDHFClGY4 - Bumblebee Mattermost/svg_neighbor_48.png

2019-12-28 23:16:42 - [MESSAGE][INFO] - [SMART_XPATH] WORKING XPATH: '(.//*[normalize-space(text()) and normalize-space(.)='More unreads'])[2]/preceding::*[name()='svg'][2]'.

2019-12-28 23:16:42 - [MESSAGE][INFO] - [SMART_XPATH] Screenshot: /Users/nguyentri/Desktop/Learn/SoftwareEngineer/mattermost-duo-test/Reports/smart_xpath/Object Repository/7_Account_Settings/Edit_Nick_Name/Page_1HDHFClGY4 - Bumblebee Mattermost/svg_neighbor_49.png

2019-12-28 23:16:42 - [MESSAGE][ERROR] - [SMART_XPATH] /Users/nguyentri/Desktop/Learn/SoftwareEngineer/mattermost-duo-test/Reports/smart_xpath/waiting-for-approval.json (No such file or directory)

2019-12-28 23:16:42 - [MESSAGE][ERROR] - [SMART_XPATH] /Users/nguyentri/Desktop/Learn/SoftwareEngineer/mattermost-duo-test/Reports/smart_xpath/waiting-for-approval.json does not exist or is provided by Smart XPath Plugin!

2019-12-28 23:16:42 - [MESSAGE][INFO] - [SMART_XPATH] Selected Smart XPath: '(.//*[normalize-space(text()) and normalize-space(.)='Bumblebee'])[2]/following::*[name()='svg'][1]'.

2019-12-28 23:16:42 - [MESSAGE][INFO] - [SMART_XPATH] Continuing executing the test case!

2019-12-28 23:16:42 - [MESSAGE][PASSED] - Object: 'Object Repository/7_Account_Settings/Edit_Nick_Name/Page_1HDHFClGY4 - Bumblebee Mattermost/svg' is clicked on

2019-12-28 23:16:42 - [TEST_STEP][PASSED] - click(findTestObject("Object Repository/7_Account_Settings/Edit_Nick_Name/Page_1HDHFClGY4 - Bumblebee Mattermost/button_Account Settings")): Object: 'Object Repository/7_Account_Settings/Edit_Nick_Name/Page_1HDHFClGY4 - Bumblebee Mattermost/button_Account Settings' is clicked on

2019-12-28 23:16:44 - [MESSAGE][PASSED] - Object: 'Object Repository/7_Account_Settings/Edit_Nick_Name/Page_1HDHFClGY4 - Bumblebee Mattermost/button_Account Settings' is clicked on

2019-12-28 23:16:44 - [TEST_STEP][PASSED] - click(findTestObject("Object Repository/7_Account_Settings/Edit_Nick_Name/Page_1HDHFClGY4 - Bumblebee Mattermost/span_Edit")): Object: 'Object Repository/7_Account_Settings/Edit_Nick_Name/Page_1HDHFClGY4 - Bumblebee Mattermost/span_Edit' is clicked on

2019-12-28 23:16:45 - [MESSAGE][PASSED] - Object: 'Object Repository/7_Account_Settings/Edit_Nick_Name/Page_1HDHFClGY4 - Bumblebee Mattermost/span_Edit' is clicked on

2019-12-28 23:16:45 - [TEST_STEP][PASSED] - setText(findTestObject("Object Repository/7_Account_Settings/Edit_Nick_Name/Page_1HDHFClGY4 - Bumblebee Mattermost/input_Nickname_nickname"), Nick_name): Text 'Five' is set on object 'Object Repository/7_Account_Settings/Edit_Nick_Name/Page_1HDHFClGY4 - Bumblebee Mattermost/input_Nickname_nickname'

2019-12-28 23:16:45 - [MESSAGE][PASSED] - Text 'Five' is set on object 'Object Repository/7_Account_Settings/Edit_Nick_Name/Page_1HDHFClGY4 - Bumblebee Mattermost/input_Nickname_nickname'

2019-12-28 23:16:45 - [TEST_STEP][PASSED] - click(findTestObject("Object Repository/7_Account_Settings/Edit_Nick_Name/Page_1HDHFClGY4 - Bumblebee Mattermost/span_Save")): Object: 'Object Repository/7_Account_Settings/Edit_Nick_Name/Page_1HDHFClGY4 - Bumblebee Mattermost/span_Save' is clicked on

2019-12-28 23:16:46 - [MESSAGE][PASSED] - Object: 'Object Repository/7_Account_Settings/Edit_Nick_Name/Page_1HDHFClGY4 - Bumblebee Mattermost/span_Save' is clicked on

2019-12-28 23:16:46 - [TEST_STEP][PASSED] - click(findTestObject("Object Repository/7_Account_Settings/Edit_Nick_Name/Page_1HDHFClGY4 - Bumblebee Mattermost/span_")): Object: 'Object Repository/7_Account_Settings/Edit_Nick_Name/Page_1HDHFClGY4 - Bumblebee Mattermost/span_' is clicked on

2019-12-28 23:16:47 - [MESSAGE][PASSED] - Object: 'Object Repository/7_Account_Settings/Edit_Nick_Name/Page_1HDHFClGY4 - Bumblebee Mattermost/span_' is clicked on

2019-12-28 23:16:47 - [TEST_STEP][NOT_RUN] - closeBrowser(): NOT_RUN: closeBrowser()

2019-12-28 23:16:47 - [MESSAGE][NOT_RUN] - NOT_RUN: closeBrowser()]]></system-out>
         <system-err><![CDATA[]]></system-err>
      </testcase>
      <testcase name="Test Cases/7_Account_Settings/Edit_Position" time="52.187" classname="Test Cases/7_Account_Settings/Edit_Position" status="PASSED">
         <system-out><![CDATA[2019-12-28 23:16:47 - [TEST_CASE][PASSED] - Test Cases/7_Account_Settings/Edit_Position: Test Cases/7_Account_Settings/Edit_Position

2019-12-28 23:16:48 - [TEST_STEP][PASSED] - openBrowser(""): Browser is opened with url: ''

2019-12-28 23:16:48 - [MESSAGE][PASSED] - Browser is opened with url: ''

2019-12-28 23:16:48 - [TEST_STEP][PASSED] - navigateToUrl("http://localhost:8065/"): Navigate to 'http://localhost:8065/' successfully

2019-12-28 23:16:49 - [MESSAGE][PASSED] - Navigate to 'http://localhost:8065/' successfully

2019-12-28 23:16:49 - [TEST_STEP][PASSED] - click(findTestObject("Object Repository/7_Account_Settings/Edit_Position/Page_1HDHFClGY4 - Bumblebee Mattermost/svg")): Object: 'Object Repository/7_Account_Settings/Edit_Position/Page_1HDHFClGY4 - Bumblebee Mattermost/svg' is clicked on

2019-12-28 23:17:33 - [MESSAGE][INFO] - Unable to find the element located by 'By.xpath: (.//*[normalize-space(text()) and normalize-space(.)='@ngocyen'])[1]/following::*[name()='svg'][1]'. Please recheck the objects properties to make sure the desired element is located. 

2019-12-28 23:17:33 - [MESSAGE][INFO] - [SMART_XPATH] Auto-trying out other XPath values in the test object.

2019-12-28 23:17:33 - [MESSAGE][INFO] - [SMART_XPATH] FAILED XPATH: '(.//*[normalize-space(text()) and normalize-space(.)='@ngocyen'])[1]/following::*[name()='svg'][1]'.

2019-12-28 23:17:33 - [MESSAGE][INFO] - [SMART_XPATH] WORKING XPATH: '(.//*[normalize-space(text()) and normalize-space(.)='Bumblebee'])[2]/following::*[name()='svg'][1]'.

2019-12-28 23:17:34 - [MESSAGE][INFO] - [SMART_XPATH] Screenshot: /Users/nguyentri/Desktop/Learn/SoftwareEngineer/mattermost-duo-test/Reports/smart_xpath/Object Repository/7_Account_Settings/Edit_Position/Page_1HDHFClGY4 - Bumblebee Mattermost/svg_neighbor_48.png

2019-12-28 23:17:34 - [MESSAGE][INFO] - [SMART_XPATH] WORKING XPATH: '(.//*[normalize-space(text()) and normalize-space(.)='More unreads'])[1]/preceding::*[name()='svg'][1]'.

2019-12-28 23:17:34 - [MESSAGE][INFO] - [SMART_XPATH] Screenshot: /Users/nguyentri/Desktop/Learn/SoftwareEngineer/mattermost-duo-test/Reports/smart_xpath/Object Repository/7_Account_Settings/Edit_Position/Page_1HDHFClGY4 - Bumblebee Mattermost/svg_neighbor_49.png

2019-12-28 23:17:34 - [MESSAGE][INFO] - [SMART_XPATH] WORKING XPATH: '(.//*[normalize-space(text()) and normalize-space(.)='More unreads'])[2]/preceding::*[name()='svg'][2]'.

2019-12-28 23:17:35 - [MESSAGE][INFO] - [SMART_XPATH] Screenshot: /Users/nguyentri/Desktop/Learn/SoftwareEngineer/mattermost-duo-test/Reports/smart_xpath/Object Repository/7_Account_Settings/Edit_Position/Page_1HDHFClGY4 - Bumblebee Mattermost/svg_neighbor_50.png

2019-12-28 23:17:35 - [MESSAGE][ERROR] - [SMART_XPATH] /Users/nguyentri/Desktop/Learn/SoftwareEngineer/mattermost-duo-test/Reports/smart_xpath/waiting-for-approval.json (No such file or directory)

2019-12-28 23:17:35 - [MESSAGE][ERROR] - [SMART_XPATH] /Users/nguyentri/Desktop/Learn/SoftwareEngineer/mattermost-duo-test/Reports/smart_xpath/waiting-for-approval.json does not exist or is provided by Smart XPath Plugin!

2019-12-28 23:17:35 - [MESSAGE][INFO] - [SMART_XPATH] Selected Smart XPath: '(.//*[normalize-space(text()) and normalize-space(.)='Bumblebee'])[2]/following::*[name()='svg'][1]'.

2019-12-28 23:17:35 - [MESSAGE][INFO] - [SMART_XPATH] Continuing executing the test case!

2019-12-28 23:17:35 - [MESSAGE][PASSED] - Object: 'Object Repository/7_Account_Settings/Edit_Position/Page_1HDHFClGY4 - Bumblebee Mattermost/svg' is clicked on

2019-12-28 23:17:35 - [TEST_STEP][PASSED] - click(findTestObject("Object Repository/7_Account_Settings/Edit_Position/Page_1HDHFClGY4 - Bumblebee Mattermost/button_Account Settings")): Object: 'Object Repository/7_Account_Settings/Edit_Position/Page_1HDHFClGY4 - Bumblebee Mattermost/button_Account Settings' is clicked on

2019-12-28 23:17:36 - [MESSAGE][PASSED] - Object: 'Object Repository/7_Account_Settings/Edit_Position/Page_1HDHFClGY4 - Bumblebee Mattermost/button_Account Settings' is clicked on

2019-12-28 23:17:36 - [TEST_STEP][PASSED] - click(findTestObject("Object Repository/7_Account_Settings/Edit_Position/Page_1HDHFClGY4 - Bumblebee Mattermost/span_Edit")): Object: 'Object Repository/7_Account_Settings/Edit_Position/Page_1HDHFClGY4 - Bumblebee Mattermost/span_Edit' is clicked on

2019-12-28 23:17:37 - [MESSAGE][PASSED] - Object: 'Object Repository/7_Account_Settings/Edit_Position/Page_1HDHFClGY4 - Bumblebee Mattermost/span_Edit' is clicked on

2019-12-28 23:17:37 - [TEST_STEP][PASSED] - setText(findTestObject("Object Repository/7_Account_Settings/Edit_Position/Page_1HDHFClGY4 - Bumblebee Mattermost/input_Position_position"), Position): Text 'Advidor' is set on object 'Object Repository/7_Account_Settings/Edit_Position/Page_1HDHFClGY4 - Bumblebee Mattermost/input_Position_position'

2019-12-28 23:17:37 - [MESSAGE][PASSED] - Text 'Advidor' is set on object 'Object Repository/7_Account_Settings/Edit_Position/Page_1HDHFClGY4 - Bumblebee Mattermost/input_Position_position'

2019-12-28 23:17:37 - [TEST_STEP][PASSED] - click(findTestObject("Object Repository/7_Account_Settings/Edit_Position/Page_1HDHFClGY4 - Bumblebee Mattermost/span_Save")): Object: 'Object Repository/7_Account_Settings/Edit_Position/Page_1HDHFClGY4 - Bumblebee Mattermost/span_Save' is clicked on

2019-12-28 23:17:38 - [MESSAGE][PASSED] - Object: 'Object Repository/7_Account_Settings/Edit_Position/Page_1HDHFClGY4 - Bumblebee Mattermost/span_Save' is clicked on

2019-12-28 23:17:38 - [TEST_STEP][PASSED] - click(findTestObject("Object Repository/7_Account_Settings/Edit_Position/Page_1HDHFClGY4 - Bumblebee Mattermost/span_")): Object: 'Object Repository/7_Account_Settings/Edit_Position/Page_1HDHFClGY4 - Bumblebee Mattermost/span_' is clicked on

2019-12-28 23:17:39 - [MESSAGE][PASSED] - Object: 'Object Repository/7_Account_Settings/Edit_Position/Page_1HDHFClGY4 - Bumblebee Mattermost/span_' is clicked on

2019-12-28 23:17:39 - [TEST_STEP][NOT_RUN] - closeBrowser(): NOT_RUN: closeBrowser()

2019-12-28 23:17:39 - [MESSAGE][NOT_RUN] - NOT_RUN: closeBrowser()]]></system-out>
         <system-err><![CDATA[]]></system-err>
      </testcase>
      <testcase name="Test Cases/7_Account_Settings/Edit_Position" time="52.621" classname="Test Cases/7_Account_Settings/Edit_Position" status="PASSED">
         <system-out><![CDATA[2019-12-28 23:17:39 - [TEST_CASE][PASSED] - Test Cases/7_Account_Settings/Edit_Position: Test Cases/7_Account_Settings/Edit_Position

2019-12-28 23:17:39 - [TEST_STEP][PASSED] - openBrowser(""): Browser is opened with url: ''

2019-12-28 23:17:40 - [MESSAGE][PASSED] - Browser is opened with url: ''

2019-12-28 23:17:40 - [TEST_STEP][PASSED] - navigateToUrl("http://localhost:8065/"): Navigate to 'http://localhost:8065/' successfully

2019-12-28 23:17:41 - [MESSAGE][PASSED] - Navigate to 'http://localhost:8065/' successfully

2019-12-28 23:17:41 - [TEST_STEP][PASSED] - click(findTestObject("Object Repository/7_Account_Settings/Edit_Position/Page_1HDHFClGY4 - Bumblebee Mattermost/svg")): Object: 'Object Repository/7_Account_Settings/Edit_Position/Page_1HDHFClGY4 - Bumblebee Mattermost/svg' is clicked on

2019-12-28 23:18:25 - [MESSAGE][INFO] - Unable to find the element located by 'By.xpath: (.//*[normalize-space(text()) and normalize-space(.)='@ngocyen'])[1]/following::*[name()='svg'][1]'. Please recheck the objects properties to make sure the desired element is located. 

2019-12-28 23:18:25 - [MESSAGE][INFO] - [SMART_XPATH] Auto-trying out other XPath values in the test object.

2019-12-28 23:18:26 - [MESSAGE][INFO] - [SMART_XPATH] FAILED XPATH: '(.//*[normalize-space(text()) and normalize-space(.)='@ngocyen'])[1]/following::*[name()='svg'][1]'.

2019-12-28 23:18:26 - [MESSAGE][INFO] - [SMART_XPATH] WORKING XPATH: '(.//*[normalize-space(text()) and normalize-space(.)='Bumblebee'])[2]/following::*[name()='svg'][1]'.

2019-12-28 23:18:26 - [MESSAGE][INFO] - [SMART_XPATH] Screenshot: /Users/nguyentri/Desktop/Learn/SoftwareEngineer/mattermost-duo-test/Reports/smart_xpath/Object Repository/7_Account_Settings/Edit_Position/Page_1HDHFClGY4 - Bumblebee Mattermost/svg_neighbor_49.png

2019-12-28 23:18:26 - [MESSAGE][INFO] - [SMART_XPATH] WORKING XPATH: '(.//*[normalize-space(text()) and normalize-space(.)='More unreads'])[1]/preceding::*[name()='svg'][1]'.

2019-12-28 23:18:27 - [MESSAGE][INFO] - [SMART_XPATH] Screenshot: /Users/nguyentri/Desktop/Learn/SoftwareEngineer/mattermost-duo-test/Reports/smart_xpath/Object Repository/7_Account_Settings/Edit_Position/Page_1HDHFClGY4 - Bumblebee Mattermost/svg_neighbor_50.png

2019-12-28 23:18:27 - [MESSAGE][INFO] - [SMART_XPATH] WORKING XPATH: '(.//*[normalize-space(text()) and normalize-space(.)='More unreads'])[2]/preceding::*[name()='svg'][2]'.

2019-12-28 23:18:27 - [MESSAGE][INFO] - [SMART_XPATH] Screenshot: /Users/nguyentri/Desktop/Learn/SoftwareEngineer/mattermost-duo-test/Reports/smart_xpath/Object Repository/7_Account_Settings/Edit_Position/Page_1HDHFClGY4 - Bumblebee Mattermost/svg_neighbor_51.png

2019-12-28 23:18:27 - [MESSAGE][ERROR] - [SMART_XPATH] /Users/nguyentri/Desktop/Learn/SoftwareEngineer/mattermost-duo-test/Reports/smart_xpath/waiting-for-approval.json (No such file or directory)

2019-12-28 23:18:27 - [MESSAGE][ERROR] - [SMART_XPATH] /Users/nguyentri/Desktop/Learn/SoftwareEngineer/mattermost-duo-test/Reports/smart_xpath/waiting-for-approval.json does not exist or is provided by Smart XPath Plugin!

2019-12-28 23:18:27 - [MESSAGE][INFO] - [SMART_XPATH] Selected Smart XPath: '(.//*[normalize-space(text()) and normalize-space(.)='Bumblebee'])[2]/following::*[name()='svg'][1]'.

2019-12-28 23:18:27 - [MESSAGE][INFO] - [SMART_XPATH] Continuing executing the test case!

2019-12-28 23:18:28 - [MESSAGE][PASSED] - Object: 'Object Repository/7_Account_Settings/Edit_Position/Page_1HDHFClGY4 - Bumblebee Mattermost/svg' is clicked on

2019-12-28 23:18:28 - [TEST_STEP][PASSED] - click(findTestObject("Object Repository/7_Account_Settings/Edit_Position/Page_1HDHFClGY4 - Bumblebee Mattermost/button_Account Settings")): Object: 'Object Repository/7_Account_Settings/Edit_Position/Page_1HDHFClGY4 - Bumblebee Mattermost/button_Account Settings' is clicked on

2019-12-28 23:18:29 - [MESSAGE][PASSED] - Object: 'Object Repository/7_Account_Settings/Edit_Position/Page_1HDHFClGY4 - Bumblebee Mattermost/button_Account Settings' is clicked on

2019-12-28 23:18:29 - [TEST_STEP][PASSED] - click(findTestObject("Object Repository/7_Account_Settings/Edit_Position/Page_1HDHFClGY4 - Bumblebee Mattermost/span_Edit")): Object: 'Object Repository/7_Account_Settings/Edit_Position/Page_1HDHFClGY4 - Bumblebee Mattermost/span_Edit' is clicked on

2019-12-28 23:18:30 - [MESSAGE][PASSED] - Object: 'Object Repository/7_Account_Settings/Edit_Position/Page_1HDHFClGY4 - Bumblebee Mattermost/span_Edit' is clicked on

2019-12-28 23:18:30 - [TEST_STEP][PASSED] - setText(findTestObject("Object Repository/7_Account_Settings/Edit_Position/Page_1HDHFClGY4 - Bumblebee Mattermost/input_Position_position"), Position): Text 'Admin' is set on object 'Object Repository/7_Account_Settings/Edit_Position/Page_1HDHFClGY4 - Bumblebee Mattermost/input_Position_position'

2019-12-28 23:18:30 - [MESSAGE][PASSED] - Text 'Admin' is set on object 'Object Repository/7_Account_Settings/Edit_Position/Page_1HDHFClGY4 - Bumblebee Mattermost/input_Position_position'

2019-12-28 23:18:30 - [TEST_STEP][PASSED] - click(findTestObject("Object Repository/7_Account_Settings/Edit_Position/Page_1HDHFClGY4 - Bumblebee Mattermost/span_Save")): Object: 'Object Repository/7_Account_Settings/Edit_Position/Page_1HDHFClGY4 - Bumblebee Mattermost/span_Save' is clicked on

2019-12-28 23:18:31 - [MESSAGE][PASSED] - Object: 'Object Repository/7_Account_Settings/Edit_Position/Page_1HDHFClGY4 - Bumblebee Mattermost/span_Save' is clicked on

2019-12-28 23:18:31 - [TEST_STEP][PASSED] - click(findTestObject("Object Repository/7_Account_Settings/Edit_Position/Page_1HDHFClGY4 - Bumblebee Mattermost/span_")): Object: 'Object Repository/7_Account_Settings/Edit_Position/Page_1HDHFClGY4 - Bumblebee Mattermost/span_' is clicked on

2019-12-28 23:18:32 - [MESSAGE][PASSED] - Object: 'Object Repository/7_Account_Settings/Edit_Position/Page_1HDHFClGY4 - Bumblebee Mattermost/span_' is clicked on

2019-12-28 23:18:32 - [TEST_STEP][NOT_RUN] - closeBrowser(): NOT_RUN: closeBrowser()

2019-12-28 23:18:32 - [MESSAGE][NOT_RUN] - NOT_RUN: closeBrowser()]]></system-out>
         <system-err><![CDATA[]]></system-err>
      </testcase>
      <testcase name="Test Cases/7_Account_Settings/Edit_Position" time="53.825" classname="Test Cases/7_Account_Settings/Edit_Position" status="PASSED">
         <system-out><![CDATA[2019-12-28 23:18:32 - [TEST_CASE][PASSED] - Test Cases/7_Account_Settings/Edit_Position: Test Cases/7_Account_Settings/Edit_Position

2019-12-28 23:18:32 - [TEST_STEP][PASSED] - openBrowser(""): Browser is opened with url: ''

2019-12-28 23:18:32 - [MESSAGE][PASSED] - Browser is opened with url: ''

2019-12-28 23:18:32 - [TEST_STEP][PASSED] - navigateToUrl("http://localhost:8065/"): Navigate to 'http://localhost:8065/' successfully

2019-12-28 23:18:33 - [MESSAGE][PASSED] - Navigate to 'http://localhost:8065/' successfully

2019-12-28 23:18:33 - [TEST_STEP][PASSED] - click(findTestObject("Object Repository/7_Account_Settings/Edit_Position/Page_1HDHFClGY4 - Bumblebee Mattermost/svg")): Object: 'Object Repository/7_Account_Settings/Edit_Position/Page_1HDHFClGY4 - Bumblebee Mattermost/svg' is clicked on

2019-12-28 23:19:18 - [MESSAGE][INFO] - Unable to find the element located by 'By.xpath: (.//*[normalize-space(text()) and normalize-space(.)='@ngocyen'])[1]/following::*[name()='svg'][1]'. Please recheck the objects properties to make sure the desired element is located. 

2019-12-28 23:19:18 - [MESSAGE][INFO] - [SMART_XPATH] Auto-trying out other XPath values in the test object.

2019-12-28 23:19:18 - [MESSAGE][INFO] - [SMART_XPATH] FAILED XPATH: '(.//*[normalize-space(text()) and normalize-space(.)='@ngocyen'])[1]/following::*[name()='svg'][1]'.

2019-12-28 23:19:19 - [MESSAGE][INFO] - [SMART_XPATH] WORKING XPATH: '(.//*[normalize-space(text()) and normalize-space(.)='Bumblebee'])[2]/following::*[name()='svg'][1]'.

2019-12-28 23:19:19 - [MESSAGE][INFO] - [SMART_XPATH] Screenshot: /Users/nguyentri/Desktop/Learn/SoftwareEngineer/mattermost-duo-test/Reports/smart_xpath/Object Repository/7_Account_Settings/Edit_Position/Page_1HDHFClGY4 - Bumblebee Mattermost/svg_neighbor_50.png

2019-12-28 23:19:19 - [MESSAGE][INFO] - [SMART_XPATH] WORKING XPATH: '(.//*[normalize-space(text()) and normalize-space(.)='More unreads'])[1]/preceding::*[name()='svg'][1]'.

2019-12-28 23:19:20 - [MESSAGE][INFO] - [SMART_XPATH] Screenshot: /Users/nguyentri/Desktop/Learn/SoftwareEngineer/mattermost-duo-test/Reports/smart_xpath/Object Repository/7_Account_Settings/Edit_Position/Page_1HDHFClGY4 - Bumblebee Mattermost/svg_neighbor_51.png

2019-12-28 23:19:20 - [MESSAGE][INFO] - [SMART_XPATH] WORKING XPATH: '(.//*[normalize-space(text()) and normalize-space(.)='More unreads'])[2]/preceding::*[name()='svg'][2]'.

2019-12-28 23:19:20 - [MESSAGE][INFO] - [SMART_XPATH] Screenshot: /Users/nguyentri/Desktop/Learn/SoftwareEngineer/mattermost-duo-test/Reports/smart_xpath/Object Repository/7_Account_Settings/Edit_Position/Page_1HDHFClGY4 - Bumblebee Mattermost/svg_neighbor_52.png

2019-12-28 23:19:20 - [MESSAGE][ERROR] - [SMART_XPATH] /Users/nguyentri/Desktop/Learn/SoftwareEngineer/mattermost-duo-test/Reports/smart_xpath/waiting-for-approval.json (No such file or directory)

2019-12-28 23:19:20 - [MESSAGE][ERROR] - [SMART_XPATH] /Users/nguyentri/Desktop/Learn/SoftwareEngineer/mattermost-duo-test/Reports/smart_xpath/waiting-for-approval.json does not exist or is provided by Smart XPath Plugin!

2019-12-28 23:19:20 - [MESSAGE][INFO] - [SMART_XPATH] Selected Smart XPath: '(.//*[normalize-space(text()) and normalize-space(.)='Bumblebee'])[2]/following::*[name()='svg'][1]'.

2019-12-28 23:19:20 - [MESSAGE][INFO] - [SMART_XPATH] Continuing executing the test case!

2019-12-28 23:19:21 - [MESSAGE][PASSED] - Object: 'Object Repository/7_Account_Settings/Edit_Position/Page_1HDHFClGY4 - Bumblebee Mattermost/svg' is clicked on

2019-12-28 23:19:21 - [TEST_STEP][PASSED] - click(findTestObject("Object Repository/7_Account_Settings/Edit_Position/Page_1HDHFClGY4 - Bumblebee Mattermost/button_Account Settings")): Object: 'Object Repository/7_Account_Settings/Edit_Position/Page_1HDHFClGY4 - Bumblebee Mattermost/button_Account Settings' is clicked on

2019-12-28 23:19:22 - [MESSAGE][PASSED] - Object: 'Object Repository/7_Account_Settings/Edit_Position/Page_1HDHFClGY4 - Bumblebee Mattermost/button_Account Settings' is clicked on

2019-12-28 23:19:22 - [TEST_STEP][PASSED] - click(findTestObject("Object Repository/7_Account_Settings/Edit_Position/Page_1HDHFClGY4 - Bumblebee Mattermost/span_Edit")): Object: 'Object Repository/7_Account_Settings/Edit_Position/Page_1HDHFClGY4 - Bumblebee Mattermost/span_Edit' is clicked on

2019-12-28 23:19:23 - [MESSAGE][PASSED] - Object: 'Object Repository/7_Account_Settings/Edit_Position/Page_1HDHFClGY4 - Bumblebee Mattermost/span_Edit' is clicked on

2019-12-28 23:19:23 - [TEST_STEP][PASSED] - setText(findTestObject("Object Repository/7_Account_Settings/Edit_Position/Page_1HDHFClGY4 - Bumblebee Mattermost/input_Position_position"), Position): Text 'Mentor' is set on object 'Object Repository/7_Account_Settings/Edit_Position/Page_1HDHFClGY4 - Bumblebee Mattermost/input_Position_position'

2019-12-28 23:19:24 - [MESSAGE][PASSED] - Text 'Mentor' is set on object 'Object Repository/7_Account_Settings/Edit_Position/Page_1HDHFClGY4 - Bumblebee Mattermost/input_Position_position'

2019-12-28 23:19:24 - [TEST_STEP][PASSED] - click(findTestObject("Object Repository/7_Account_Settings/Edit_Position/Page_1HDHFClGY4 - Bumblebee Mattermost/span_Save")): Object: 'Object Repository/7_Account_Settings/Edit_Position/Page_1HDHFClGY4 - Bumblebee Mattermost/span_Save' is clicked on

2019-12-28 23:19:25 - [MESSAGE][PASSED] - Object: 'Object Repository/7_Account_Settings/Edit_Position/Page_1HDHFClGY4 - Bumblebee Mattermost/span_Save' is clicked on

2019-12-28 23:19:25 - [TEST_STEP][PASSED] - click(findTestObject("Object Repository/7_Account_Settings/Edit_Position/Page_1HDHFClGY4 - Bumblebee Mattermost/span_")): Object: 'Object Repository/7_Account_Settings/Edit_Position/Page_1HDHFClGY4 - Bumblebee Mattermost/span_' is clicked on

2019-12-28 23:19:26 - [MESSAGE][PASSED] - Object: 'Object Repository/7_Account_Settings/Edit_Position/Page_1HDHFClGY4 - Bumblebee Mattermost/span_' is clicked on

2019-12-28 23:19:26 - [TEST_STEP][NOT_RUN] - closeBrowser(): NOT_RUN: closeBrowser()

2019-12-28 23:19:26 - [MESSAGE][NOT_RUN] - NOT_RUN: closeBrowser()]]></system-out>
         <system-err><![CDATA[]]></system-err>
      </testcase>
      <testcase name="Test Cases/7_Account_Settings/Edit_Position" time="58.035" classname="Test Cases/7_Account_Settings/Edit_Position" status="PASSED">
         <system-out><![CDATA[2019-12-28 23:19:26 - [TEST_CASE][PASSED] - Test Cases/7_Account_Settings/Edit_Position: Test Cases/7_Account_Settings/Edit_Position

2019-12-28 23:19:26 - [TEST_STEP][PASSED] - openBrowser(""): Browser is opened with url: ''

2019-12-28 23:19:27 - [MESSAGE][PASSED] - Browser is opened with url: ''

2019-12-28 23:19:27 - [TEST_STEP][PASSED] - navigateToUrl("http://localhost:8065/"): Navigate to 'http://localhost:8065/' successfully

2019-12-28 23:19:29 - [MESSAGE][PASSED] - Navigate to 'http://localhost:8065/' successfully

2019-12-28 23:19:29 - [TEST_STEP][PASSED] - click(findTestObject("Object Repository/7_Account_Settings/Edit_Position/Page_1HDHFClGY4 - Bumblebee Mattermost/svg")): Object: 'Object Repository/7_Account_Settings/Edit_Position/Page_1HDHFClGY4 - Bumblebee Mattermost/svg' is clicked on

2019-12-28 23:20:14 - [MESSAGE][INFO] - Unable to find the element located by 'By.xpath: (.//*[normalize-space(text()) and normalize-space(.)='@ngocyen'])[1]/following::*[name()='svg'][1]'. Please recheck the objects properties to make sure the desired element is located. 

2019-12-28 23:20:14 - [MESSAGE][INFO] - [SMART_XPATH] Auto-trying out other XPath values in the test object.

2019-12-28 23:20:15 - [MESSAGE][INFO] - [SMART_XPATH] FAILED XPATH: '(.//*[normalize-space(text()) and normalize-space(.)='@ngocyen'])[1]/following::*[name()='svg'][1]'.

2019-12-28 23:20:15 - [MESSAGE][INFO] - [SMART_XPATH] WORKING XPATH: '(.//*[normalize-space(text()) and normalize-space(.)='Bumblebee'])[2]/following::*[name()='svg'][1]'.

2019-12-28 23:20:16 - [MESSAGE][INFO] - [SMART_XPATH] Screenshot: /Users/nguyentri/Desktop/Learn/SoftwareEngineer/mattermost-duo-test/Reports/smart_xpath/Object Repository/7_Account_Settings/Edit_Position/Page_1HDHFClGY4 - Bumblebee Mattermost/svg_neighbor_51.png

2019-12-28 23:20:16 - [MESSAGE][INFO] - [SMART_XPATH] WORKING XPATH: '(.//*[normalize-space(text()) and normalize-space(.)='More unreads'])[1]/preceding::*[name()='svg'][1]'.

2019-12-28 23:20:16 - [MESSAGE][INFO] - [SMART_XPATH] Screenshot: /Users/nguyentri/Desktop/Learn/SoftwareEngineer/mattermost-duo-test/Reports/smart_xpath/Object Repository/7_Account_Settings/Edit_Position/Page_1HDHFClGY4 - Bumblebee Mattermost/svg_neighbor_52.png

2019-12-28 23:20:16 - [MESSAGE][INFO] - [SMART_XPATH] WORKING XPATH: '(.//*[normalize-space(text()) and normalize-space(.)='More unreads'])[2]/preceding::*[name()='svg'][2]'.

2019-12-28 23:20:17 - [MESSAGE][INFO] - [SMART_XPATH] Screenshot: /Users/nguyentri/Desktop/Learn/SoftwareEngineer/mattermost-duo-test/Reports/smart_xpath/Object Repository/7_Account_Settings/Edit_Position/Page_1HDHFClGY4 - Bumblebee Mattermost/svg_neighbor_53.png

2019-12-28 23:20:17 - [MESSAGE][ERROR] - [SMART_XPATH] /Users/nguyentri/Desktop/Learn/SoftwareEngineer/mattermost-duo-test/Reports/smart_xpath/waiting-for-approval.json (No such file or directory)

2019-12-28 23:20:17 - [MESSAGE][ERROR] - [SMART_XPATH] /Users/nguyentri/Desktop/Learn/SoftwareEngineer/mattermost-duo-test/Reports/smart_xpath/waiting-for-approval.json does not exist or is provided by Smart XPath Plugin!

2019-12-28 23:20:17 - [MESSAGE][INFO] - [SMART_XPATH] Selected Smart XPath: '(.//*[normalize-space(text()) and normalize-space(.)='Bumblebee'])[2]/following::*[name()='svg'][1]'.

2019-12-28 23:20:17 - [MESSAGE][INFO] - [SMART_XPATH] Continuing executing the test case!

2019-12-28 23:20:17 - [MESSAGE][PASSED] - Object: 'Object Repository/7_Account_Settings/Edit_Position/Page_1HDHFClGY4 - Bumblebee Mattermost/svg' is clicked on

2019-12-28 23:20:17 - [TEST_STEP][PASSED] - click(findTestObject("Object Repository/7_Account_Settings/Edit_Position/Page_1HDHFClGY4 - Bumblebee Mattermost/button_Account Settings")): Object: 'Object Repository/7_Account_Settings/Edit_Position/Page_1HDHFClGY4 - Bumblebee Mattermost/button_Account Settings' is clicked on

2019-12-28 23:20:18 - [MESSAGE][PASSED] - Object: 'Object Repository/7_Account_Settings/Edit_Position/Page_1HDHFClGY4 - Bumblebee Mattermost/button_Account Settings' is clicked on

2019-12-28 23:20:18 - [TEST_STEP][PASSED] - click(findTestObject("Object Repository/7_Account_Settings/Edit_Position/Page_1HDHFClGY4 - Bumblebee Mattermost/span_Edit")): Object: 'Object Repository/7_Account_Settings/Edit_Position/Page_1HDHFClGY4 - Bumblebee Mattermost/span_Edit' is clicked on

2019-12-28 23:20:19 - [MESSAGE][PASSED] - Object: 'Object Repository/7_Account_Settings/Edit_Position/Page_1HDHFClGY4 - Bumblebee Mattermost/span_Edit' is clicked on

2019-12-28 23:20:19 - [TEST_STEP][PASSED] - setText(findTestObject("Object Repository/7_Account_Settings/Edit_Position/Page_1HDHFClGY4 - Bumblebee Mattermost/input_Position_position"), Position): Text 'Mentee' is set on object 'Object Repository/7_Account_Settings/Edit_Position/Page_1HDHFClGY4 - Bumblebee Mattermost/input_Position_position'

2019-12-28 23:20:20 - [MESSAGE][PASSED] - Text 'Mentee' is set on object 'Object Repository/7_Account_Settings/Edit_Position/Page_1HDHFClGY4 - Bumblebee Mattermost/input_Position_position'

2019-12-28 23:20:20 - [TEST_STEP][PASSED] - click(findTestObject("Object Repository/7_Account_Settings/Edit_Position/Page_1HDHFClGY4 - Bumblebee Mattermost/span_Save")): Object: 'Object Repository/7_Account_Settings/Edit_Position/Page_1HDHFClGY4 - Bumblebee Mattermost/span_Save' is clicked on

2019-12-28 23:20:21 - [MESSAGE][PASSED] - Object: 'Object Repository/7_Account_Settings/Edit_Position/Page_1HDHFClGY4 - Bumblebee Mattermost/span_Save' is clicked on

2019-12-28 23:20:22 - [TEST_STEP][PASSED] - click(findTestObject("Object Repository/7_Account_Settings/Edit_Position/Page_1HDHFClGY4 - Bumblebee Mattermost/span_")): Object: 'Object Repository/7_Account_Settings/Edit_Position/Page_1HDHFClGY4 - Bumblebee Mattermost/span_' is clicked on

2019-12-28 23:20:24 - [MESSAGE][PASSED] - Object: 'Object Repository/7_Account_Settings/Edit_Position/Page_1HDHFClGY4 - Bumblebee Mattermost/span_' is clicked on

2019-12-28 23:20:24 - [TEST_STEP][NOT_RUN] - closeBrowser(): NOT_RUN: closeBrowser()

2019-12-28 23:20:24 - [MESSAGE][NOT_RUN] - NOT_RUN: closeBrowser()]]></system-out>
         <system-err><![CDATA[]]></system-err>
      </testcase>
      <testcase name="Test Cases/7_Account_Settings/Edit_Position" time="62.492" classname="Test Cases/7_Account_Settings/Edit_Position" status="PASSED">
         <system-out><![CDATA[2019-12-28 23:20:24 - [TEST_CASE][PASSED] - Test Cases/7_Account_Settings/Edit_Position: Test Cases/7_Account_Settings/Edit_Position

2019-12-28 23:20:24 - [TEST_STEP][PASSED] - openBrowser(""): Browser is opened with url: ''

2019-12-28 23:20:24 - [MESSAGE][PASSED] - Browser is opened with url: ''

2019-12-28 23:20:24 - [TEST_STEP][PASSED] - navigateToUrl("http://localhost:8065/"): Navigate to 'http://localhost:8065/' successfully

2019-12-28 23:20:26 - [MESSAGE][PASSED] - Navigate to 'http://localhost:8065/' successfully

2019-12-28 23:20:26 - [TEST_STEP][PASSED] - click(findTestObject("Object Repository/7_Account_Settings/Edit_Position/Page_1HDHFClGY4 - Bumblebee Mattermost/svg")): Object: 'Object Repository/7_Account_Settings/Edit_Position/Page_1HDHFClGY4 - Bumblebee Mattermost/svg' is clicked on

2019-12-28 23:21:10 - [MESSAGE][INFO] - Unable to find the element located by 'By.xpath: (.//*[normalize-space(text()) and normalize-space(.)='@ngocyen'])[1]/following::*[name()='svg'][1]'. Please recheck the objects properties to make sure the desired element is located. 

2019-12-28 23:21:10 - [MESSAGE][INFO] - [SMART_XPATH] Auto-trying out other XPath values in the test object.

2019-12-28 23:21:11 - [MESSAGE][INFO] - [SMART_XPATH] FAILED XPATH: '(.//*[normalize-space(text()) and normalize-space(.)='@ngocyen'])[1]/following::*[name()='svg'][1]'.

2019-12-28 23:21:11 - [MESSAGE][INFO] - [SMART_XPATH] WORKING XPATH: '(.//*[normalize-space(text()) and normalize-space(.)='Bumblebee'])[2]/following::*[name()='svg'][1]'.

2019-12-28 23:21:13 - [MESSAGE][INFO] - [SMART_XPATH] Screenshot: /Users/nguyentri/Desktop/Learn/SoftwareEngineer/mattermost-duo-test/Reports/smart_xpath/Object Repository/7_Account_Settings/Edit_Position/Page_1HDHFClGY4 - Bumblebee Mattermost/svg_neighbor_52.png

2019-12-28 23:21:13 - [MESSAGE][INFO] - [SMART_XPATH] WORKING XPATH: '(.//*[normalize-space(text()) and normalize-space(.)='More unreads'])[1]/preceding::*[name()='svg'][1]'.

2019-12-28 23:21:15 - [MESSAGE][INFO] - [SMART_XPATH] Screenshot: /Users/nguyentri/Desktop/Learn/SoftwareEngineer/mattermost-duo-test/Reports/smart_xpath/Object Repository/7_Account_Settings/Edit_Position/Page_1HDHFClGY4 - Bumblebee Mattermost/svg_neighbor_53.png

2019-12-28 23:21:15 - [MESSAGE][INFO] - [SMART_XPATH] WORKING XPATH: '(.//*[normalize-space(text()) and normalize-space(.)='More unreads'])[2]/preceding::*[name()='svg'][2]'.

2019-12-28 23:21:16 - [MESSAGE][INFO] - [SMART_XPATH] Screenshot: /Users/nguyentri/Desktop/Learn/SoftwareEngineer/mattermost-duo-test/Reports/smart_xpath/Object Repository/7_Account_Settings/Edit_Position/Page_1HDHFClGY4 - Bumblebee Mattermost/svg_neighbor_54.png

2019-12-28 23:21:16 - [MESSAGE][ERROR] - [SMART_XPATH] /Users/nguyentri/Desktop/Learn/SoftwareEngineer/mattermost-duo-test/Reports/smart_xpath/waiting-for-approval.json (No such file or directory)

2019-12-28 23:21:16 - [MESSAGE][ERROR] - [SMART_XPATH] /Users/nguyentri/Desktop/Learn/SoftwareEngineer/mattermost-duo-test/Reports/smart_xpath/waiting-for-approval.json does not exist or is provided by Smart XPath Plugin!

2019-12-28 23:21:16 - [MESSAGE][INFO] - [SMART_XPATH] Selected Smart XPath: '(.//*[normalize-space(text()) and normalize-space(.)='Bumblebee'])[2]/following::*[name()='svg'][1]'.

2019-12-28 23:21:16 - [MESSAGE][INFO] - [SMART_XPATH] Continuing executing the test case!

2019-12-28 23:21:17 - [MESSAGE][PASSED] - Object: 'Object Repository/7_Account_Settings/Edit_Position/Page_1HDHFClGY4 - Bumblebee Mattermost/svg' is clicked on

2019-12-28 23:21:17 - [TEST_STEP][PASSED] - click(findTestObject("Object Repository/7_Account_Settings/Edit_Position/Page_1HDHFClGY4 - Bumblebee Mattermost/button_Account Settings")): Object: 'Object Repository/7_Account_Settings/Edit_Position/Page_1HDHFClGY4 - Bumblebee Mattermost/button_Account Settings' is clicked on

2019-12-28 23:21:18 - [MESSAGE][PASSED] - Object: 'Object Repository/7_Account_Settings/Edit_Position/Page_1HDHFClGY4 - Bumblebee Mattermost/button_Account Settings' is clicked on

2019-12-28 23:21:18 - [TEST_STEP][PASSED] - click(findTestObject("Object Repository/7_Account_Settings/Edit_Position/Page_1HDHFClGY4 - Bumblebee Mattermost/span_Edit")): Object: 'Object Repository/7_Account_Settings/Edit_Position/Page_1HDHFClGY4 - Bumblebee Mattermost/span_Edit' is clicked on

2019-12-28 23:21:20 - [MESSAGE][PASSED] - Object: 'Object Repository/7_Account_Settings/Edit_Position/Page_1HDHFClGY4 - Bumblebee Mattermost/span_Edit' is clicked on

2019-12-28 23:21:20 - [TEST_STEP][PASSED] - setText(findTestObject("Object Repository/7_Account_Settings/Edit_Position/Page_1HDHFClGY4 - Bumblebee Mattermost/input_Position_position"), Position): Text 'Regulator' is set on object 'Object Repository/7_Account_Settings/Edit_Position/Page_1HDHFClGY4 - Bumblebee Mattermost/input_Position_position'

2019-12-28 23:21:21 - [MESSAGE][PASSED] - Text 'Regulator' is set on object 'Object Repository/7_Account_Settings/Edit_Position/Page_1HDHFClGY4 - Bumblebee Mattermost/input_Position_position'

2019-12-28 23:21:21 - [TEST_STEP][PASSED] - click(findTestObject("Object Repository/7_Account_Settings/Edit_Position/Page_1HDHFClGY4 - Bumblebee Mattermost/span_Save")): Object: 'Object Repository/7_Account_Settings/Edit_Position/Page_1HDHFClGY4 - Bumblebee Mattermost/span_Save' is clicked on

2019-12-28 23:21:24 - [MESSAGE][PASSED] - Object: 'Object Repository/7_Account_Settings/Edit_Position/Page_1HDHFClGY4 - Bumblebee Mattermost/span_Save' is clicked on

2019-12-28 23:21:24 - [TEST_STEP][PASSED] - click(findTestObject("Object Repository/7_Account_Settings/Edit_Position/Page_1HDHFClGY4 - Bumblebee Mattermost/span_")): Object: 'Object Repository/7_Account_Settings/Edit_Position/Page_1HDHFClGY4 - Bumblebee Mattermost/span_' is clicked on

2019-12-28 23:21:27 - [MESSAGE][PASSED] - Object: 'Object Repository/7_Account_Settings/Edit_Position/Page_1HDHFClGY4 - Bumblebee Mattermost/span_' is clicked on

2019-12-28 23:21:27 - [TEST_STEP][NOT_RUN] - closeBrowser(): NOT_RUN: closeBrowser()

2019-12-28 23:21:27 - [MESSAGE][NOT_RUN] - NOT_RUN: closeBrowser()]]></system-out>
         <system-err><![CDATA[]]></system-err>
      </testcase>
      <testcase name="Test Cases/7_Account_Settings/Edit_Reply_Notifications" time="64.771" classname="Test Cases/7_Account_Settings/Edit_Reply_Notifications" status="PASSED">
         <system-out><![CDATA[2019-12-28 23:21:27 - [TEST_CASE][PASSED] - Test Cases/7_Account_Settings/Edit_Reply_Notifications: Test Cases/7_Account_Settings/Edit_Reply_Notifications

2019-12-28 23:21:34 - [TEST_STEP][PASSED] - openBrowser(""): Browser is opened with url: ''

2019-12-28 23:21:35 - [MESSAGE][PASSED] - Browser is opened with url: ''

2019-12-28 23:21:35 - [TEST_STEP][PASSED] - navigateToUrl("http://localhost:8065/"): Navigate to 'http://localhost:8065/' successfully

2019-12-28 23:21:39 - [MESSAGE][PASSED] - Navigate to 'http://localhost:8065/' successfully

2019-12-28 23:21:39 - [TEST_STEP][PASSED] - click(findTestObject("Object Repository/7_Account_Settings/Edit_Email_Notifications/Page_Town Square - TriYenThu Mattermost/svg")): Object: 'Object Repository/7_Account_Settings/Edit_Email_Notifications/Page_Town Square - TriYenThu Mattermost/svg' is clicked on

2019-12-28 23:22:24 - [MESSAGE][INFO] - Unable to find the element located by 'By.xpath: (.//*[normalize-space(text()) and normalize-space(.)='@ngocyen'])[1]/following::*[name()='svg'][1]'. Please recheck the objects properties to make sure the desired element is located. 

2019-12-28 23:22:24 - [MESSAGE][INFO] - [SMART_XPATH] Auto-trying out other XPath values in the test object.

2019-12-28 23:22:24 - [MESSAGE][INFO] - [SMART_XPATH] FAILED XPATH: '(.//*[normalize-space(text()) and normalize-space(.)='@ngocyen'])[1]/following::*[name()='svg'][1]'.

2019-12-28 23:22:24 - [MESSAGE][INFO] - [SMART_XPATH] FAILED XPATH: '(.//*[normalize-space(text()) and normalize-space(.)='TriYenThu'])[2]/following::*[name()='svg'][1]'.

2019-12-28 23:22:25 - [MESSAGE][INFO] - [SMART_XPATH] WORKING XPATH: '(.//*[normalize-space(text()) and normalize-space(.)='More unreads'])[1]/preceding::*[name()='svg'][1]'.

2019-12-28 23:22:25 - [MESSAGE][INFO] - [SMART_XPATH] Screenshot: /Users/nguyentri/Desktop/Learn/SoftwareEngineer/mattermost-duo-test/Reports/smart_xpath/Object Repository/7_Account_Settings/Edit_Email_Notifications/Page_Town Square - TriYenThu Mattermost/svg_neighbor_53.png

2019-12-28 23:22:26 - [MESSAGE][INFO] - [SMART_XPATH] WORKING XPATH: '(.//*[normalize-space(text()) and normalize-space(.)='More unreads'])[2]/preceding::*[name()='svg'][2]'.

2019-12-28 23:22:26 - [MESSAGE][INFO] - [SMART_XPATH] Screenshot: /Users/nguyentri/Desktop/Learn/SoftwareEngineer/mattermost-duo-test/Reports/smart_xpath/Object Repository/7_Account_Settings/Edit_Email_Notifications/Page_Town Square - TriYenThu Mattermost/svg_neighbor_54.png

2019-12-28 23:22:26 - [MESSAGE][ERROR] - [SMART_XPATH] /Users/nguyentri/Desktop/Learn/SoftwareEngineer/mattermost-duo-test/Reports/smart_xpath/waiting-for-approval.json (No such file or directory)

2019-12-28 23:22:26 - [MESSAGE][ERROR] - [SMART_XPATH] /Users/nguyentri/Desktop/Learn/SoftwareEngineer/mattermost-duo-test/Reports/smart_xpath/waiting-for-approval.json does not exist or is provided by Smart XPath Plugin!

2019-12-28 23:22:26 - [MESSAGE][INFO] - [SMART_XPATH] Selected Smart XPath: '(.//*[normalize-space(text()) and normalize-space(.)='More unreads'])[1]/preceding::*[name()='svg'][1]'.

2019-12-28 23:22:26 - [MESSAGE][INFO] - [SMART_XPATH] Continuing executing the test case!

2019-12-28 23:22:26 - [MESSAGE][PASSED] - Object: 'Object Repository/7_Account_Settings/Edit_Email_Notifications/Page_Town Square - TriYenThu Mattermost/svg' is clicked on

2019-12-28 23:22:26 - [TEST_STEP][PASSED] - click(findTestObject("Object Repository/7_Account_Settings/Edit_Email_Notifications/Page_Town Square - TriYenThu Mattermost/button_Account Settings")): Object: 'Object Repository/7_Account_Settings/Edit_Email_Notifications/Page_Town Square - TriYenThu Mattermost/button_Account Settings' is clicked on

2019-12-28 23:22:28 - [MESSAGE][PASSED] - Object: 'Object Repository/7_Account_Settings/Edit_Email_Notifications/Page_Town Square - TriYenThu Mattermost/button_Account Settings' is clicked on

2019-12-28 23:22:28 - [TEST_STEP][PASSED] - click(findTestObject("Object Repository/7_Account_Settings/Edit_Email_Notifications/Page_Town Square - TriYenThu Mattermost/button_Notifications")): Object: 'Object Repository/7_Account_Settings/Edit_Email_Notifications/Page_Town Square - TriYenThu Mattermost/button_Notifications' is clicked on

2019-12-28 23:22:28 - [MESSAGE][PASSED] - Object: 'Object Repository/7_Account_Settings/Edit_Email_Notifications/Page_Town Square - TriYenThu Mattermost/button_Notifications' is clicked on

2019-12-28 23:22:28 - [TEST_STEP][PASSED] - click(findTestObject("Object Repository/7_Account_Settings/Edit_Email_Notifications/Page_Town Square - TriYenThu Mattermost/span_Edit")): Object: 'Object Repository/7_Account_Settings/Edit_Email_Notifications/Page_Town Square - TriYenThu Mattermost/span_Edit' is clicked on

2019-12-28 23:22:29 - [MESSAGE][PASSED] - Object: 'Object Repository/7_Account_Settings/Edit_Email_Notifications/Page_Town Square - TriYenThu Mattermost/span_Edit' is clicked on

2019-12-28 23:22:29 - [TEST_STEP][PASSED] - click(findTestObject("Object Repository/7_Account_Settings/Edit_Email_Notifications/Page_Town Square - TriYenThu Mattermost/input_Reply notifications_commentsNotificat_730a39")): Object: 'Object Repository/7_Account_Settings/Edit_Email_Notifications/Page_Town Square - TriYenThu Mattermost/input_Reply notifications_commentsNotificat_730a39' is clicked on

2019-12-28 23:22:30 - [MESSAGE][PASSED] - Object: 'Object Repository/7_Account_Settings/Edit_Email_Notifications/Page_Town Square - TriYenThu Mattermost/input_Reply notifications_commentsNotificat_730a39' is clicked on

2019-12-28 23:22:30 - [TEST_STEP][PASSED] - click(findTestObject("Object Repository/7_Account_Settings/Edit_Email_Notifications/Page_Town Square - TriYenThu Mattermost/span_Save")): Object: 'Object Repository/7_Account_Settings/Edit_Email_Notifications/Page_Town Square - TriYenThu Mattermost/span_Save' is clicked on

2019-12-28 23:22:31 - [MESSAGE][PASSED] - Object: 'Object Repository/7_Account_Settings/Edit_Email_Notifications/Page_Town Square - TriYenThu Mattermost/span_Save' is clicked on

2019-12-28 23:22:31 - [TEST_STEP][PASSED] - click(findTestObject("Object Repository/7_Account_Settings/Edit_Email_Notifications/Page_Town Square - TriYenThu Mattermost/span_")): Object: 'Object Repository/7_Account_Settings/Edit_Email_Notifications/Page_Town Square - TriYenThu Mattermost/span_' is clicked on

2019-12-28 23:22:32 - [MESSAGE][PASSED] - Object: 'Object Repository/7_Account_Settings/Edit_Email_Notifications/Page_Town Square - TriYenThu Mattermost/span_' is clicked on

2019-12-28 23:22:32 - [TEST_STEP][NOT_RUN] - closeBrowser(): NOT_RUN: closeBrowser()

2019-12-28 23:22:32 - [MESSAGE][NOT_RUN] - NOT_RUN: closeBrowser()]]></system-out>
         <system-err><![CDATA[]]></system-err>
      </testcase>
      <testcase name="Test Cases/7_Account_Settings/Edit_Words_Trigger_Mentions" time="55.435" classname="Test Cases/7_Account_Settings/Edit_Words_Trigger_Mentions" status="PASSED">
         <system-out><![CDATA[2019-12-28 23:22:32 - [TEST_CASE][PASSED] - Test Cases/7_Account_Settings/Edit_Words_Trigger_Mentions: Test Cases/7_Account_Settings/Edit_Words_Trigger_Mentions

2019-12-28 23:22:33 - [TEST_STEP][PASSED] - openBrowser(""): Browser is opened with url: ''

2019-12-28 23:22:33 - [MESSAGE][PASSED] - Browser is opened with url: ''

2019-12-28 23:22:33 - [TEST_STEP][PASSED] - navigateToUrl("http://localhost:8065/"): Navigate to 'http://localhost:8065/' successfully

2019-12-28 23:22:34 - [MESSAGE][PASSED] - Navigate to 'http://localhost:8065/' successfully

2019-12-28 23:22:34 - [TEST_STEP][PASSED] - click(findTestObject("7_Account_Settings/Edit_Words_Trigger_Mentions/Page_Town Square - TriThuYen Mattermost/svg")): Object: 'Object Repository/7_Account_Settings/Edit_Words_Trigger_Mentions/Page_Town Square - TriThuYen Mattermost/svg' is clicked on

2019-12-28 23:23:18 - [MESSAGE][INFO] - Unable to find the element located by 'By.xpath: (.//*[normalize-space(text()) and normalize-space(.)='@ngocyen'])[1]/following::*[name()='svg'][1]'. Please recheck the objects properties to make sure the desired element is located. 

2019-12-28 23:23:18 - [MESSAGE][INFO] - [SMART_XPATH] Auto-trying out other XPath values in the test object.

2019-12-28 23:23:18 - [MESSAGE][INFO] - [SMART_XPATH] FAILED XPATH: '(.//*[normalize-space(text()) and normalize-space(.)='@ngocyen'])[1]/following::*[name()='svg'][1]'.

2019-12-28 23:23:19 - [MESSAGE][INFO] - [SMART_XPATH] FAILED XPATH: '(.//*[normalize-space(text()) and normalize-space(.)='TriThuYen'])[2]/following::*[name()='svg'][1]'.

2019-12-28 23:23:19 - [MESSAGE][INFO] - [SMART_XPATH] WORKING XPATH: '(.//*[normalize-space(text()) and normalize-space(.)='More unreads'])[1]/preceding::*[name()='svg'][1]'.

2019-12-28 23:23:20 - [MESSAGE][INFO] - [SMART_XPATH] Screenshot: /Users/nguyentri/Desktop/Learn/SoftwareEngineer/mattermost-duo-test/Reports/smart_xpath/Object Repository/7_Account_Settings/Edit_Words_Trigger_Mentions/Page_Town Square - TriThuYen Mattermost/svg_neighbor_54.png

2019-12-28 23:23:21 - [MESSAGE][INFO] - [SMART_XPATH] WORKING XPATH: '(.//*[normalize-space(text()) and normalize-space(.)='More unreads'])[2]/preceding::*[name()='svg'][2]'.

2019-12-28 23:23:22 - [MESSAGE][INFO] - [SMART_XPATH] Screenshot: /Users/nguyentri/Desktop/Learn/SoftwareEngineer/mattermost-duo-test/Reports/smart_xpath/Object Repository/7_Account_Settings/Edit_Words_Trigger_Mentions/Page_Town Square - TriThuYen Mattermost/svg_neighbor_55.png

2019-12-28 23:23:22 - [MESSAGE][ERROR] - [SMART_XPATH] /Users/nguyentri/Desktop/Learn/SoftwareEngineer/mattermost-duo-test/Reports/smart_xpath/waiting-for-approval.json (No such file or directory)

2019-12-28 23:23:22 - [MESSAGE][ERROR] - [SMART_XPATH] /Users/nguyentri/Desktop/Learn/SoftwareEngineer/mattermost-duo-test/Reports/smart_xpath/waiting-for-approval.json does not exist or is provided by Smart XPath Plugin!

2019-12-28 23:23:22 - [MESSAGE][INFO] - [SMART_XPATH] Selected Smart XPath: '(.//*[normalize-space(text()) and normalize-space(.)='More unreads'])[1]/preceding::*[name()='svg'][1]'.

2019-12-28 23:23:22 - [MESSAGE][INFO] - [SMART_XPATH] Continuing executing the test case!

2019-12-28 23:23:22 - [MESSAGE][PASSED] - Object: 'Object Repository/7_Account_Settings/Edit_Words_Trigger_Mentions/Page_Town Square - TriThuYen Mattermost/svg' is clicked on

2019-12-28 23:23:22 - [TEST_STEP][PASSED] - click(findTestObject("7_Account_Settings/Edit_Words_Trigger_Mentions/Page_Town Square - TriThuYen Mattermost/button_Account Settings")): Object: 'Object Repository/7_Account_Settings/Edit_Words_Trigger_Mentions/Page_Town Square - TriThuYen Mattermost/button_Account Settings' is clicked on

2019-12-28 23:23:23 - [MESSAGE][PASSED] - Object: 'Object Repository/7_Account_Settings/Edit_Words_Trigger_Mentions/Page_Town Square - TriThuYen Mattermost/button_Account Settings' is clicked on

2019-12-28 23:23:23 - [TEST_STEP][PASSED] - click(findTestObject("7_Account_Settings/Edit_Words_Trigger_Mentions/Page_Town Square - TriThuYen Mattermost/button_Notifications")): Object: 'Object Repository/7_Account_Settings/Edit_Words_Trigger_Mentions/Page_Town Square - TriThuYen Mattermost/button_Notifications' is clicked on

2019-12-28 23:23:24 - [MESSAGE][PASSED] - Object: 'Object Repository/7_Account_Settings/Edit_Words_Trigger_Mentions/Page_Town Square - TriThuYen Mattermost/button_Notifications' is clicked on

2019-12-28 23:23:24 - [TEST_STEP][PASSED] - click(findTestObject("7_Account_Settings/Edit_Words_Trigger_Mentions/Page_Town Square - TriThuYen Mattermost/span_Edit")): Object: 'Object Repository/7_Account_Settings/Edit_Words_Trigger_Mentions/Page_Town Square - TriThuYen Mattermost/span_Edit' is clicked on

2019-12-28 23:23:25 - [MESSAGE][PASSED] - Object: 'Object Repository/7_Account_Settings/Edit_Words_Trigger_Mentions/Page_Town Square - TriThuYen Mattermost/span_Edit' is clicked on

2019-12-28 23:23:25 - [TEST_STEP][PASSED] - setText(findTestObject("7_Account_Settings/Edit_Words_Trigger_Mentions/Page_Town Square - TriThuYen Mattermost/input_Other non-case sensitive words separa_48b795"), "@me"): Text '@me' is set on object 'Object Repository/7_Account_Settings/Edit_Words_Trigger_Mentions/Page_Town Square - TriThuYen Mattermost/input_Other non-case sensitive words separa_48b795'

2019-12-28 23:23:26 - [MESSAGE][PASSED] - Text '@me' is set on object 'Object Repository/7_Account_Settings/Edit_Words_Trigger_Mentions/Page_Town Square - TriThuYen Mattermost/input_Other non-case sensitive words separa_48b795'

2019-12-28 23:23:26 - [TEST_STEP][PASSED] - click(findTestObject("7_Account_Settings/Edit_Words_Trigger_Mentions/Page_Town Square - TriThuYen Mattermost/span_Save")): Object: 'Object Repository/7_Account_Settings/Edit_Words_Trigger_Mentions/Page_Town Square - TriThuYen Mattermost/span_Save' is clicked on

2019-12-28 23:23:27 - [MESSAGE][PASSED] - Object: 'Object Repository/7_Account_Settings/Edit_Words_Trigger_Mentions/Page_Town Square - TriThuYen Mattermost/span_Save' is clicked on

2019-12-28 23:23:27 - [TEST_STEP][PASSED] - click(findTestObject("7_Account_Settings/Edit_Words_Trigger_Mentions/Page_Town Square - TriThuYen Mattermost/span_")): Object: 'Object Repository/7_Account_Settings/Edit_Words_Trigger_Mentions/Page_Town Square - TriThuYen Mattermost/span_' is clicked on

2019-12-28 23:23:27 - [MESSAGE][PASSED] - Object: 'Object Repository/7_Account_Settings/Edit_Words_Trigger_Mentions/Page_Town Square - TriThuYen Mattermost/span_' is clicked on

2019-12-28 23:23:27 - [TEST_STEP][NOT_RUN] - closeBrowser(): NOT_RUN: closeBrowser()

2019-12-28 23:23:27 - [MESSAGE][NOT_RUN] - NOT_RUN: closeBrowser()]]></system-out>
         <system-err><![CDATA[]]></system-err>
      </testcase>
      <testcase name="Test Cases/7_Account_Settings/Edit_Availability_Status" time="126.466" classname="Test Cases/7_Account_Settings/Edit_Availability_Status" status="FAILED">
         <failure type="FAILED" message="Test Cases/7_Account_Settings/Edit_Availability_Status FAILED.
Reason:
com.kms.katalon.core.exception.StepFailedException: Unable to click on object 'Object Repository/7_Account_Settings/Edit_Availability_Status/Page_(1)  Town Square - AYJtheg Mattermost/button_Offline'
	at com.kms.katalon.core.webui.keyword.internal.WebUIKeywordMain.stepFailed(WebUIKeywordMain.groovy:64)
	at com.kms.katalon.core.webui.keyword.internal.WebUIKeywordMain.runKeyword(WebUIKeywordMain.groovy:26)
	at com.kms.katalon.core.webui.keyword.builtin.ClickKeyword.click(ClickKeyword.groovy:102)
	at com.kms.katalon.core.webui.keyword.builtin.ClickKeyword.execute(ClickKeyword.groovy:43)
	at com.kms.katalon.core.keyword.internal.KeywordExecutor.executeKeywordForPlatform(KeywordExecutor.groovy:72)
	at com.kms.katalon.core.webui.keyword.WebUiBuiltInKeywords.click(WebUiBuiltInKeywords.groovy:616)
	at com.kms.katalon.core.webui.keyword.WebUiBuiltInKeywords$click$1.call(Unknown Source)
	at Edit_Availability_Status.run(Edit_Availability_Status:25)
	at com.kms.katalon.core.main.ScriptEngine.run(ScriptEngine.java:194)
	at com.kms.katalon.core.main.ScriptEngine.runScriptAsRawText(ScriptEngine.java:119)
	at com.kms.katalon.core.main.TestCaseExecutor.runScript(TestCaseExecutor.java:337)
	at com.kms.katalon.core.main.TestCaseExecutor.doExecute(TestCaseExecutor.java:328)
	at com.kms.katalon.core.main.TestCaseExecutor.processExecutionPhase(TestCaseExecutor.java:307)
	at com.kms.katalon.core.main.TestCaseExecutor.accessMainPhase(TestCaseExecutor.java:299)
	at com.kms.katalon.core.main.TestCaseExecutor.execute(TestCaseExecutor.java:233)
	at com.kms.katalon.core.main.TestSuiteExecutor.accessTestCaseMainPhase(TestSuiteExecutor.java:169)
	at com.kms.katalon.core.main.TestSuiteExecutor.accessTestSuiteMainPhase(TestSuiteExecutor.java:142)
	at com.kms.katalon.core.main.TestSuiteExecutor.execute(TestSuiteExecutor.java:91)
	at com.kms.katalon.core.main.TestCaseMain.startTestSuite(TestCaseMain.java:157)
	at com.kms.katalon.core.main.TestCaseMain$startTestSuite$0.call(Unknown Source)
	at TempTestSuite1577547168865.run(TempTestSuite1577547168865.groovy:36)
Caused by: com.kms.katalon.core.webui.exception.WebElementNotFoundException: Web element with id: 'Object Repository/7_Account_Settings/Edit_Availability_Status/Page_(1)  Town Square - AYJtheg Mattermost/button_Offline' located by 'By.xpath: //div[@id='lhsHeader']/div/div/ul/li[6]/button' not found
	at com.kms.katalon.core.webui.common.WebUiCommonHelper.findWebElement(WebUiCommonHelper.java:1154)
	at com.kms.katalon.core.webui.keyword.internal.WebUIAbstractKeyword.findWebElement(WebUIAbstractKeyword.groovy:27)
	at com.kms.katalon.core.webui.keyword.internal.WebUIAbstractKeyword.findWebElement(WebUIAbstractKeyword.groovy:26)
	at com.kms.katalon.core.webui.keyword.builtin.ClickKeyword$_click_closure1.doCall(ClickKeyword.groovy:67)
	at com.kms.katalon.core.webui.keyword.builtin.ClickKeyword$_click_closure1.call(ClickKeyword.groovy)
	at com.kms.katalon.core.webui.keyword.internal.WebUIKeywordMain.runKeyword(WebUIKeywordMain.groovy:20)
	... 19 more
"/>
         <system-out><![CDATA[2019-12-28 23:23:28 - [TEST_CASE][FAILED] - Test Cases/7_Account_Settings/Edit_Availability_Status: Test Cases/7_Account_Settings/Edit_Availability_Status FAILED.
Reason:
com.kms.katalon.core.exception.StepFailedException: Unable to click on object 'Object Repository/7_Account_Settings/Edit_Availability_Status/Page_(1)  Town Square - AYJtheg Mattermost/button_Offline'
	at com.kms.katalon.core.webui.keyword.internal.WebUIKeywordMain.stepFailed(WebUIKeywordMain.groovy:64)
	at com.kms.katalon.core.webui.keyword.internal.WebUIKeywordMain.runKeyword(WebUIKeywordMain.groovy:26)
	at com.kms.katalon.core.webui.keyword.builtin.ClickKeyword.click(ClickKeyword.groovy:102)
	at com.kms.katalon.core.webui.keyword.builtin.ClickKeyword.execute(ClickKeyword.groovy:43)
	at com.kms.katalon.core.keyword.internal.KeywordExecutor.executeKeywordForPlatform(KeywordExecutor.groovy:72)
	at com.kms.katalon.core.webui.keyword.WebUiBuiltInKeywords.click(WebUiBuiltInKeywords.groovy:616)
	at com.kms.katalon.core.webui.keyword.WebUiBuiltInKeywords$click$1.call(Unknown Source)
	at Edit_Availability_Status.run(Edit_Availability_Status:25)
	at com.kms.katalon.core.main.ScriptEngine.run(ScriptEngine.java:194)
	at com.kms.katalon.core.main.ScriptEngine.runScriptAsRawText(ScriptEngine.java:119)
	at com.kms.katalon.core.main.TestCaseExecutor.runScript(TestCaseExecutor.java:337)
	at com.kms.katalon.core.main.TestCaseExecutor.doExecute(TestCaseExecutor.java:328)
	at com.kms.katalon.core.main.TestCaseExecutor.processExecutionPhase(TestCaseExecutor.java:307)
	at com.kms.katalon.core.main.TestCaseExecutor.accessMainPhase(TestCaseExecutor.java:299)
	at com.kms.katalon.core.main.TestCaseExecutor.execute(TestCaseExecutor.java:233)
	at com.kms.katalon.core.main.TestSuiteExecutor.accessTestCaseMainPhase(TestSuiteExecutor.java:169)
	at com.kms.katalon.core.main.TestSuiteExecutor.accessTestSuiteMainPhase(TestSuiteExecutor.java:142)
	at com.kms.katalon.core.main.TestSuiteExecutor.execute(TestSuiteExecutor.java:91)
	at com.kms.katalon.core.main.TestCaseMain.startTestSuite(TestCaseMain.java:157)
	at com.kms.katalon.core.main.TestCaseMain$startTestSuite$0.call(Unknown Source)
	at TempTestSuite1577547168865.run(TempTestSuite1577547168865.groovy:36)
Caused by: com.kms.katalon.core.webui.exception.WebElementNotFoundException: Web element with id: 'Object Repository/7_Account_Settings/Edit_Availability_Status/Page_(1)  Town Square - AYJtheg Mattermost/button_Offline' located by 'By.xpath: //div[@id='lhsHeader']/div/div/ul/li[6]/button' not found
	at com.kms.katalon.core.webui.common.WebUiCommonHelper.findWebElement(WebUiCommonHelper.java:1154)
	at com.kms.katalon.core.webui.keyword.internal.WebUIAbstractKeyword.findWebElement(WebUIAbstractKeyword.groovy:27)
	at com.kms.katalon.core.webui.keyword.internal.WebUIAbstractKeyword.findWebElement(WebUIAbstractKeyword.groovy:26)
	at com.kms.katalon.core.webui.keyword.builtin.ClickKeyword$_click_closure1.doCall(ClickKeyword.groovy:67)
	at com.kms.katalon.core.webui.keyword.builtin.ClickKeyword$_click_closure1.call(ClickKeyword.groovy)
	at com.kms.katalon.core.webui.keyword.internal.WebUIKeywordMain.runKeyword(WebUIKeywordMain.groovy:20)
	... 19 more


2019-12-28 23:23:28 - [TEST_STEP][PASSED] - openBrowser(""): Browser is opened with url: ''

2019-12-28 23:23:28 - [MESSAGE][PASSED] - Browser is opened with url: ''

2019-12-28 23:23:28 - [TEST_STEP][PASSED] - navigateToUrl("https://mattermost-duo-test-yen.herokuapp.com/ayjtheg/channels/town-square"): Navigate to 'https://mattermost-duo-test-yen.herokuapp.com/ayjtheg/channels/town-square' successfully

2019-12-28 23:23:30 - [MESSAGE][PASSED] - Navigate to 'https://mattermost-duo-test-yen.herokuapp.com/ayjtheg/channels/town-square' successfully

2019-12-28 23:23:30 - [TEST_STEP][PASSED] - click(findTestObject("Object Repository/7_Account_Settings/Edit_Availability_Status/Page_(1)  Town Square - AYJtheg Mattermost/img__user__picture")): Object: 'Object Repository/7_Account_Settings/Edit_Availability_Status/Page_(1)  Town Square - AYJtheg Mattermost/img__user__picture' is clicked on

2019-12-28 23:24:16 - [MESSAGE][INFO] - Unable to find the element located by 'By.xpath: //div[@id='lhsHeader']/div/div/div/img'. Please recheck the objects properties to make sure the desired element is located. 

2019-12-28 23:24:16 - [MESSAGE][INFO] - [SMART_XPATH] Auto-trying out other XPath values in the test object.

2019-12-28 23:24:17 - [MESSAGE][INFO] - [SMART_XPATH] FAILED XPATH: '//div[@id='lhsHeader']/div/div/div/img'.

2019-12-28 23:24:17 - [MESSAGE][INFO] - [SMART_XPATH] FAILED XPATH: '//img[contains(@src,'https://mattermost-duo-test-yen.herokuapp.com/api/v4/users/s6jd7cwi778dunz6d1dexj8nhy/image')]'.

2019-12-28 23:24:17 - [MESSAGE][INFO] - [SMART_XPATH] WORKING XPATH: '//img'.

2019-12-28 23:24:17 - [MESSAGE][ERROR] - [SMART_XPATH] Cannot save screenshot to: /Users/nguyentri/Desktop/Learn/SoftwareEngineer/mattermost-duo-test/Reports/smart_xpath, reason: negative or zero width

2019-12-28 23:24:17 - [MESSAGE][ERROR] - [SMART_XPATH] /Users/nguyentri/Desktop/Learn/SoftwareEngineer/mattermost-duo-test/Reports/smart_xpath/waiting-for-approval.json (No such file or directory)

2019-12-28 23:24:17 - [MESSAGE][ERROR] - [SMART_XPATH] /Users/nguyentri/Desktop/Learn/SoftwareEngineer/mattermost-duo-test/Reports/smart_xpath/waiting-for-approval.json does not exist or is provided by Smart XPath Plugin!

2019-12-28 23:24:17 - [MESSAGE][INFO] - [SMART_XPATH] Selected Smart XPath: '//img'.

2019-12-28 23:24:17 - [MESSAGE][INFO] - [SMART_XPATH] Continuing executing the test case!

2019-12-28 23:24:17 - [MESSAGE][ERROR] - TypeError: rect is undefined
Build info: version: '3.141.59', revision: 'e82be7d358', time: '2018-11-14T08:25:53'
System info: host: 'MacBook-Pro-2.local', ip: '127.0.0.1', os.name: 'Mac OS X', os.arch: 'x86_64', os.version: '10.15.2', java.version: '1.8.0_181'
Driver info: com.kms.katalon.core.webui.driver.ExistingRemoteWebDriver
Capabilities {javascriptEnabled: true, platform: ANY, platformName: ANY}
Session ID: f77594e4-84a6-904d-a28e-497eac7decd6

2019-12-28 23:24:48 - [MESSAGE][ERROR] - TypeError: rect is undefined
Build info: version: '3.141.59', revision: 'e82be7d358', time: '2018-11-14T08:25:53'
System info: host: 'MacBook-Pro-2.local', ip: '127.0.0.1', os.name: 'Mac OS X', os.arch: 'x86_64', os.version: '10.15.2', java.version: '1.8.0_181'
Driver info: com.kms.katalon.core.webui.driver.ExistingRemoteWebDriver
Capabilities {javascriptEnabled: true, platform: ANY, platformName: ANY}
Session ID: f77594e4-84a6-904d-a28e-497eac7decd6

2019-12-28 23:24:48 - [MESSAGE][PASSED] - Object: 'Object Repository/7_Account_Settings/Edit_Availability_Status/Page_(1)  Town Square - AYJtheg Mattermost/img__user__picture' is clicked on

2019-12-28 23:24:48 - [TEST_STEP][FAILED] - click(findTestObject("Object Repository/7_Account_Settings/Edit_Availability_Status/Page_(1)  Town Square - AYJtheg Mattermost/button_Offline")): Unable to click on object 'Object Repository/7_Account_Settings/Edit_Availability_Status/Page_(1)  Town Square - AYJtheg Mattermost/button_Offline' (Root cause: com.kms.katalon.core.exception.StepFailedException: Unable to click on object 'Object Repository/7_Account_Settings/Edit_Availability_Status/Page_(1)  Town Square - AYJtheg Mattermost/button_Offline'
	at com.kms.katalon.core.webui.keyword.internal.WebUIKeywordMain.stepFailed(WebUIKeywordMain.groovy:64)
	at com.kms.katalon.core.webui.keyword.internal.WebUIKeywordMain.runKeyword(WebUIKeywordMain.groovy:26)
	at com.kms.katalon.core.webui.keyword.builtin.ClickKeyword.click(ClickKeyword.groovy:102)
	at com.kms.katalon.core.webui.keyword.builtin.ClickKeyword.execute(ClickKeyword.groovy:43)
	at com.kms.katalon.core.keyword.internal.KeywordExecutor.executeKeywordForPlatform(KeywordExecutor.groovy:72)
	at com.kms.katalon.core.webui.keyword.WebUiBuiltInKeywords.click(WebUiBuiltInKeywords.groovy:616)
	at com.kms.katalon.core.webui.keyword.WebUiBuiltInKeywords$click$1.call(Unknown Source)
	at Edit_Availability_Status.run(Edit_Availability_Status:25)
	at com.kms.katalon.core.main.ScriptEngine.run(ScriptEngine.java:194)
	at com.kms.katalon.core.main.ScriptEngine.runScriptAsRawText(ScriptEngine.java:119)
	at com.kms.katalon.core.main.TestCaseExecutor.runScript(TestCaseExecutor.java:337)
	at com.kms.katalon.core.main.TestCaseExecutor.doExecute(TestCaseExecutor.java:328)
	at com.kms.katalon.core.main.TestCaseExecutor.processExecutionPhase(TestCaseExecutor.java:307)
	at com.kms.katalon.core.main.TestCaseExecutor.accessMainPhase(TestCaseExecutor.java:299)
	at com.kms.katalon.core.main.TestCaseExecutor.execute(TestCaseExecutor.java:233)
	at com.kms.katalon.core.main.TestSuiteExecutor.accessTestCaseMainPhase(TestSuiteExecutor.java:169)
	at com.kms.katalon.core.main.TestSuiteExecutor.accessTestSuiteMainPhase(TestSuiteExecutor.java:142)
	at com.kms.katalon.core.main.TestSuiteExecutor.execute(TestSuiteExecutor.java:91)
	at com.kms.katalon.core.main.TestCaseMain.startTestSuite(TestCaseMain.java:157)
	at com.kms.katalon.core.main.TestCaseMain$startTestSuite$0.call(Unknown Source)
	at TempTestSuite1577547168865.run(TempTestSuite1577547168865.groovy:36)
Caused by: com.kms.katalon.core.webui.exception.WebElementNotFoundException: Web element with id: 'Object Repository/7_Account_Settings/Edit_Availability_Status/Page_(1)  Town Square - AYJtheg Mattermost/button_Offline' located by 'By.xpath: //div[@id='lhsHeader']/div/div/ul/li[6]/button' not found
	at com.kms.katalon.core.webui.common.WebUiCommonHelper.findWebElement(WebUiCommonHelper.java:1154)
	at com.kms.katalon.core.webui.keyword.internal.WebUIAbstractKeyword.findWebElement(WebUIAbstractKeyword.groovy:27)
	at com.kms.katalon.core.webui.keyword.internal.WebUIAbstractKeyword.findWebElement(WebUIAbstractKeyword.groovy:26)
	at com.kms.katalon.core.webui.keyword.builtin.ClickKeyword$_click_closure1.doCall(ClickKeyword.groovy:67)
	at com.kms.katalon.core.webui.keyword.builtin.ClickKeyword$_click_closure1.call(ClickKeyword.groovy)
	at com.kms.katalon.core.webui.keyword.internal.WebUIKeywordMain.runKeyword(WebUIKeywordMain.groovy:20)
	at com.kms.katalon.core.webui.keyword.builtin.ClickKeyword.click(ClickKeyword.groovy:102)
	at com.kms.katalon.core.webui.keyword.builtin.ClickKeyword.execute(ClickKeyword.groovy:43)
	at com.kms.katalon.core.keyword.internal.KeywordExecutor.executeKeywordForPlatform(KeywordExecutor.groovy:72)
	at com.kms.katalon.core.webui.keyword.WebUiBuiltInKeywords.click(WebUiBuiltInKeywords.groovy:616)
	at com.kms.katalon.core.webui.keyword.WebUiBuiltInKeywords$click$1.call(Unknown Source)
	at Script1577539582135.run(Script1577539582135.groovy:25)
	... 13 more
)

2019-12-28 23:25:32 - [MESSAGE][INFO] - Unable to find the element located by 'By.xpath: //div[@id='lhsHeader']/div/div/ul/li[6]/button'. Please recheck the objects properties to make sure the desired element is located. 

2019-12-28 23:25:32 - [MESSAGE][INFO] - [SMART_XPATH] Auto-trying out other XPath values in the test object.

2019-12-28 23:25:33 - [MESSAGE][INFO] - [SMART_XPATH] FAILED XPATH: '//div[@id='lhsHeader']/div/div/ul/li[6]/button'.

2019-12-28 23:25:33 - [MESSAGE][INFO] - [SMART_XPATH] FAILED XPATH: '(.//*[normalize-space(text()) and normalize-space(.)='Disables Desktop and Push Notifications'])[1]/following::button[1]'.

2019-12-28 23:25:33 - [MESSAGE][INFO] - [SMART_XPATH] FAILED XPATH: '(.//*[normalize-space(text()) and normalize-space(.)='AYJtheg'])[2]/preceding::button[1]'.

2019-12-28 23:25:33 - [MESSAGE][INFO] - [SMART_XPATH] FAILED XPATH: '(.//*[normalize-space(text()) and normalize-space(.)='@ngocyen'])[1]/preceding::button[1]'.

2019-12-28 23:25:34 - [MESSAGE][INFO] - [SMART_XPATH] FAILED XPATH: '//*/text()[normalize-space(.)='Offline']/parent::*'.

2019-12-28 23:25:34 - [MESSAGE][INFO] - [SMART_XPATH] FAILED XPATH: '//li[6]/button'.

2019-12-28 23:25:34 - [MESSAGE][INFO] - [SMART_XPATH] No working XPath is found.

2019-12-28 23:25:34 - [MESSAGE][FAILED] - Unable to click on object 'Object Repository/7_Account_Settings/Edit_Availability_Status/Page_(1)  Town Square - AYJtheg Mattermost/button_Offline' (Root cause: com.kms.katalon.core.exception.StepFailedException: Unable to click on object 'Object Repository/7_Account_Settings/Edit_Availability_Status/Page_(1)  Town Square - AYJtheg Mattermost/button_Offline'
	at com.kms.katalon.core.webui.keyword.internal.WebUIKeywordMain.stepFailed(WebUIKeywordMain.groovy:64)
	at com.kms.katalon.core.webui.keyword.internal.WebUIKeywordMain.runKeyword(WebUIKeywordMain.groovy:26)
	at com.kms.katalon.core.webui.keyword.builtin.ClickKeyword.click(ClickKeyword.groovy:102)
	at com.kms.katalon.core.webui.keyword.builtin.ClickKeyword.execute(ClickKeyword.groovy:43)
	at com.kms.katalon.core.keyword.internal.KeywordExecutor.executeKeywordForPlatform(KeywordExecutor.groovy:72)
	at com.kms.katalon.core.webui.keyword.WebUiBuiltInKeywords.click(WebUiBuiltInKeywords.groovy:616)
	at com.kms.katalon.core.webui.keyword.WebUiBuiltInKeywords$click$1.call(Unknown Source)
	at Edit_Availability_Status.run(Edit_Availability_Status:25)
	at com.kms.katalon.core.main.ScriptEngine.run(ScriptEngine.java:194)
	at com.kms.katalon.core.main.ScriptEngine.runScriptAsRawText(ScriptEngine.java:119)
	at com.kms.katalon.core.main.TestCaseExecutor.runScript(TestCaseExecutor.java:337)
	at com.kms.katalon.core.main.TestCaseExecutor.doExecute(TestCaseExecutor.java:328)
	at com.kms.katalon.core.main.TestCaseExecutor.processExecutionPhase(TestCaseExecutor.java:307)
	at com.kms.katalon.core.main.TestCaseExecutor.accessMainPhase(TestCaseExecutor.java:299)
	at com.kms.katalon.core.main.TestCaseExecutor.execute(TestCaseExecutor.java:233)
	at com.kms.katalon.core.main.TestSuiteExecutor.accessTestCaseMainPhase(TestSuiteExecutor.java:169)
	at com.kms.katalon.core.main.TestSuiteExecutor.accessTestSuiteMainPhase(TestSuiteExecutor.java:142)
	at com.kms.katalon.core.main.TestSuiteExecutor.execute(TestSuiteExecutor.java:91)
	at com.kms.katalon.core.main.TestCaseMain.startTestSuite(TestCaseMain.java:157)
	at com.kms.katalon.core.main.TestCaseMain$startTestSuite$0.call(Unknown Source)
	at TempTestSuite1577547168865.run(TempTestSuite1577547168865.groovy:36)
Caused by: com.kms.katalon.core.webui.exception.WebElementNotFoundException: Web element with id: 'Object Repository/7_Account_Settings/Edit_Availability_Status/Page_(1)  Town Square - AYJtheg Mattermost/button_Offline' located by 'By.xpath: //div[@id='lhsHeader']/div/div/ul/li[6]/button' not found
	at com.kms.katalon.core.webui.common.WebUiCommonHelper.findWebElement(WebUiCommonHelper.java:1154)
	at com.kms.katalon.core.webui.keyword.internal.WebUIAbstractKeyword.findWebElement(WebUIAbstractKeyword.groovy:27)
	at com.kms.katalon.core.webui.keyword.internal.WebUIAbstractKeyword.findWebElement(WebUIAbstractKeyword.groovy:26)
	at com.kms.katalon.core.webui.keyword.builtin.ClickKeyword$_click_closure1.doCall(ClickKeyword.groovy:67)
	at com.kms.katalon.core.webui.keyword.builtin.ClickKeyword$_click_closure1.call(ClickKeyword.groovy)
	at com.kms.katalon.core.webui.keyword.internal.WebUIKeywordMain.runKeyword(WebUIKeywordMain.groovy:20)
	at com.kms.katalon.core.webui.keyword.builtin.ClickKeyword.click(ClickKeyword.groovy:102)
	at com.kms.katalon.core.webui.keyword.builtin.ClickKeyword.execute(ClickKeyword.groovy:43)
	at com.kms.katalon.core.keyword.internal.KeywordExecutor.executeKeywordForPlatform(KeywordExecutor.groovy:72)
	at com.kms.katalon.core.webui.keyword.WebUiBuiltInKeywords.click(WebUiBuiltInKeywords.groovy:616)
	at com.kms.katalon.core.webui.keyword.WebUiBuiltInKeywords$click$1.call(Unknown Source)
	at Script1577539582135.run(Script1577539582135.groovy:25)
	... 13 more
)
[[ATTACHMENT|/Users/nguyentri/Desktop/Learn/SoftwareEngineer/mattermost-duo-test/Reports/20191228_223248/Run_all_test_cases/20191228_223248/1577550334318.png]]]]></system-out>
         <system-err><![CDATA[2019-12-28 23:23:28 - [TEST_CASE][FAILED] - Test Cases/7_Account_Settings/Edit_Availability_Status: Test Cases/7_Account_Settings/Edit_Availability_Status FAILED.
Reason:
com.kms.katalon.core.exception.StepFailedException: Unable to click on object 'Object Repository/7_Account_Settings/Edit_Availability_Status/Page_(1)  Town Square - AYJtheg Mattermost/button_Offline'
	at com.kms.katalon.core.webui.keyword.internal.WebUIKeywordMain.stepFailed(WebUIKeywordMain.groovy:64)
	at com.kms.katalon.core.webui.keyword.internal.WebUIKeywordMain.runKeyword(WebUIKeywordMain.groovy:26)
	at com.kms.katalon.core.webui.keyword.builtin.ClickKeyword.click(ClickKeyword.groovy:102)
	at com.kms.katalon.core.webui.keyword.builtin.ClickKeyword.execute(ClickKeyword.groovy:43)
	at com.kms.katalon.core.keyword.internal.KeywordExecutor.executeKeywordForPlatform(KeywordExecutor.groovy:72)
	at com.kms.katalon.core.webui.keyword.WebUiBuiltInKeywords.click(WebUiBuiltInKeywords.groovy:616)
	at com.kms.katalon.core.webui.keyword.WebUiBuiltInKeywords$click$1.call(Unknown Source)
	at Edit_Availability_Status.run(Edit_Availability_Status:25)
	at com.kms.katalon.core.main.ScriptEngine.run(ScriptEngine.java:194)
	at com.kms.katalon.core.main.ScriptEngine.runScriptAsRawText(ScriptEngine.java:119)
	at com.kms.katalon.core.main.TestCaseExecutor.runScript(TestCaseExecutor.java:337)
	at com.kms.katalon.core.main.TestCaseExecutor.doExecute(TestCaseExecutor.java:328)
	at com.kms.katalon.core.main.TestCaseExecutor.processExecutionPhase(TestCaseExecutor.java:307)
	at com.kms.katalon.core.main.TestCaseExecutor.accessMainPhase(TestCaseExecutor.java:299)
	at com.kms.katalon.core.main.TestCaseExecutor.execute(TestCaseExecutor.java:233)
	at com.kms.katalon.core.main.TestSuiteExecutor.accessTestCaseMainPhase(TestSuiteExecutor.java:169)
	at com.kms.katalon.core.main.TestSuiteExecutor.accessTestSuiteMainPhase(TestSuiteExecutor.java:142)
	at com.kms.katalon.core.main.TestSuiteExecutor.execute(TestSuiteExecutor.java:91)
	at com.kms.katalon.core.main.TestCaseMain.startTestSuite(TestCaseMain.java:157)
	at com.kms.katalon.core.main.TestCaseMain$startTestSuite$0.call(Unknown Source)
	at TempTestSuite1577547168865.run(TempTestSuite1577547168865.groovy:36)
Caused by: com.kms.katalon.core.webui.exception.WebElementNotFoundException: Web element with id: 'Object Repository/7_Account_Settings/Edit_Availability_Status/Page_(1)  Town Square - AYJtheg Mattermost/button_Offline' located by 'By.xpath: //div[@id='lhsHeader']/div/div/ul/li[6]/button' not found
	at com.kms.katalon.core.webui.common.WebUiCommonHelper.findWebElement(WebUiCommonHelper.java:1154)
	at com.kms.katalon.core.webui.keyword.internal.WebUIAbstractKeyword.findWebElement(WebUIAbstractKeyword.groovy:27)
	at com.kms.katalon.core.webui.keyword.internal.WebUIAbstractKeyword.findWebElement(WebUIAbstractKeyword.groovy:26)
	at com.kms.katalon.core.webui.keyword.builtin.ClickKeyword$_click_closure1.doCall(ClickKeyword.groovy:67)
	at com.kms.katalon.core.webui.keyword.builtin.ClickKeyword$_click_closure1.call(ClickKeyword.groovy)
	at com.kms.katalon.core.webui.keyword.internal.WebUIKeywordMain.runKeyword(WebUIKeywordMain.groovy:20)
	... 19 more]]></system-err>
      </testcase>
      <testcase name="Test Cases/4_Send_Message_On_Channel/Create_Direct_Message" time="47.282" classname="Test Cases/4_Send_Message_On_Channel/Create_Direct_Message" status="FAILED">
         <failure type="FAILED" message="Test Cases/4_Send_Message_On_Channel/Create_Direct_Message FAILED.
Reason:
com.kms.katalon.core.exception.StepFailedException: Unable to click on object 'Object Repository/4_Send_Message/Page_CS311 - Bumblebee Mattermost/span_'
	at com.kms.katalon.core.webui.keyword.internal.WebUIKeywordMain.stepFailed(WebUIKeywordMain.groovy:64)
	at com.kms.katalon.core.webui.keyword.internal.WebUIKeywordMain.runKeyword(WebUIKeywordMain.groovy:26)
	at com.kms.katalon.core.webui.keyword.builtin.ClickKeyword.click(ClickKeyword.groovy:102)
	at com.kms.katalon.core.webui.keyword.builtin.ClickKeyword.execute(ClickKeyword.groovy:43)
	at com.kms.katalon.core.keyword.internal.KeywordExecutor.executeKeywordForPlatform(KeywordExecutor.groovy:72)
	at com.kms.katalon.core.webui.keyword.WebUiBuiltInKeywords.click(WebUiBuiltInKeywords.groovy:616)
	at com.kms.katalon.core.webui.keyword.WebUiBuiltInKeywords$click$1.call(Unknown Source)
	at Create_Direct_Message.run(Create_Direct_Message:23)
	at com.kms.katalon.core.main.ScriptEngine.run(ScriptEngine.java:194)
	at com.kms.katalon.core.main.ScriptEngine.runScriptAsRawText(ScriptEngine.java:119)
	at com.kms.katalon.core.main.TestCaseExecutor.runScript(TestCaseExecutor.java:337)
	at com.kms.katalon.core.main.TestCaseExecutor.doExecute(TestCaseExecutor.java:328)
	at com.kms.katalon.core.main.TestCaseExecutor.processExecutionPhase(TestCaseExecutor.java:307)
	at com.kms.katalon.core.main.TestCaseExecutor.accessMainPhase(TestCaseExecutor.java:299)
	at com.kms.katalon.core.main.TestCaseExecutor.execute(TestCaseExecutor.java:233)
	at com.kms.katalon.core.main.TestSuiteExecutor.accessTestCaseMainPhase(TestSuiteExecutor.java:169)
	at com.kms.katalon.core.main.TestSuiteExecutor.accessTestSuiteMainPhase(TestSuiteExecutor.java:142)
	at com.kms.katalon.core.main.TestSuiteExecutor.execute(TestSuiteExecutor.java:91)
	at com.kms.katalon.core.main.TestCaseMain.startTestSuite(TestCaseMain.java:157)
	at com.kms.katalon.core.main.TestCaseMain$startTestSuite$0.call(Unknown Source)
	at TempTestSuite1577547168865.run(TempTestSuite1577547168865.groovy:36)
Caused by: com.kms.katalon.core.webui.exception.WebElementNotFoundException: Web element with id: 'Object Repository/4_Send_Message/Page_CS311 - Bumblebee Mattermost/span_' located by 'By.xpath: //button[@id='addDirectChannel']/span' not found
	at com.kms.katalon.core.webui.common.WebUiCommonHelper.findWebElement(WebUiCommonHelper.java:1154)
	at com.kms.katalon.core.webui.keyword.internal.WebUIAbstractKeyword.findWebElement(WebUIAbstractKeyword.groovy:27)
	at com.kms.katalon.core.webui.keyword.internal.WebUIAbstractKeyword.findWebElement(WebUIAbstractKeyword.groovy:26)
	at com.kms.katalon.core.webui.keyword.builtin.ClickKeyword$_click_closure1.doCall(ClickKeyword.groovy:67)
	at com.kms.katalon.core.webui.keyword.builtin.ClickKeyword$_click_closure1.call(ClickKeyword.groovy)
	at com.kms.katalon.core.webui.keyword.internal.WebUIKeywordMain.runKeyword(WebUIKeywordMain.groovy:20)
	... 19 more
"/>
         <system-out><![CDATA[2019-12-28 23:25:34 - [TEST_CASE][FAILED] - Test Cases/4_Send_Message_On_Channel/Create_Direct_Message: Test Cases/4_Send_Message_On_Channel/Create_Direct_Message FAILED.
Reason:
com.kms.katalon.core.exception.StepFailedException: Unable to click on object 'Object Repository/4_Send_Message/Page_CS311 - Bumblebee Mattermost/span_'
	at com.kms.katalon.core.webui.keyword.internal.WebUIKeywordMain.stepFailed(WebUIKeywordMain.groovy:64)
	at com.kms.katalon.core.webui.keyword.internal.WebUIKeywordMain.runKeyword(WebUIKeywordMain.groovy:26)
	at com.kms.katalon.core.webui.keyword.builtin.ClickKeyword.click(ClickKeyword.groovy:102)
	at com.kms.katalon.core.webui.keyword.builtin.ClickKeyword.execute(ClickKeyword.groovy:43)
	at com.kms.katalon.core.keyword.internal.KeywordExecutor.executeKeywordForPlatform(KeywordExecutor.groovy:72)
	at com.kms.katalon.core.webui.keyword.WebUiBuiltInKeywords.click(WebUiBuiltInKeywords.groovy:616)
	at com.kms.katalon.core.webui.keyword.WebUiBuiltInKeywords$click$1.call(Unknown Source)
	at Create_Direct_Message.run(Create_Direct_Message:23)
	at com.kms.katalon.core.main.ScriptEngine.run(ScriptEngine.java:194)
	at com.kms.katalon.core.main.ScriptEngine.runScriptAsRawText(ScriptEngine.java:119)
	at com.kms.katalon.core.main.TestCaseExecutor.runScript(TestCaseExecutor.java:337)
	at com.kms.katalon.core.main.TestCaseExecutor.doExecute(TestCaseExecutor.java:328)
	at com.kms.katalon.core.main.TestCaseExecutor.processExecutionPhase(TestCaseExecutor.java:307)
	at com.kms.katalon.core.main.TestCaseExecutor.accessMainPhase(TestCaseExecutor.java:299)
	at com.kms.katalon.core.main.TestCaseExecutor.execute(TestCaseExecutor.java:233)
	at com.kms.katalon.core.main.TestSuiteExecutor.accessTestCaseMainPhase(TestSuiteExecutor.java:169)
	at com.kms.katalon.core.main.TestSuiteExecutor.accessTestSuiteMainPhase(TestSuiteExecutor.java:142)
	at com.kms.katalon.core.main.TestSuiteExecutor.execute(TestSuiteExecutor.java:91)
	at com.kms.katalon.core.main.TestCaseMain.startTestSuite(TestCaseMain.java:157)
	at com.kms.katalon.core.main.TestCaseMain$startTestSuite$0.call(Unknown Source)
	at TempTestSuite1577547168865.run(TempTestSuite1577547168865.groovy:36)
Caused by: com.kms.katalon.core.webui.exception.WebElementNotFoundException: Web element with id: 'Object Repository/4_Send_Message/Page_CS311 - Bumblebee Mattermost/span_' located by 'By.xpath: //button[@id='addDirectChannel']/span' not found
	at com.kms.katalon.core.webui.common.WebUiCommonHelper.findWebElement(WebUiCommonHelper.java:1154)
	at com.kms.katalon.core.webui.keyword.internal.WebUIAbstractKeyword.findWebElement(WebUIAbstractKeyword.groovy:27)
	at com.kms.katalon.core.webui.keyword.internal.WebUIAbstractKeyword.findWebElement(WebUIAbstractKeyword.groovy:26)
	at com.kms.katalon.core.webui.keyword.builtin.ClickKeyword$_click_closure1.doCall(ClickKeyword.groovy:67)
	at com.kms.katalon.core.webui.keyword.builtin.ClickKeyword$_click_closure1.call(ClickKeyword.groovy)
	at com.kms.katalon.core.webui.keyword.internal.WebUIKeywordMain.runKeyword(WebUIKeywordMain.groovy:20)
	... 19 more


2019-12-28 23:25:34 - [TEST_STEP][PASSED] - openBrowser(""): Browser is opened with url: ''

2019-12-28 23:25:34 - [MESSAGE][PASSED] - Browser is opened with url: ''

2019-12-28 23:25:34 - [TEST_STEP][PASSED] - navigateToUrl("https://mattermost-duo-test-yen.herokuapp.com/bumblebee/channels/cs311"): Navigate to 'https://mattermost-duo-test-yen.herokuapp.com/bumblebee/channels/cs311' successfully

2019-12-28 23:25:36 - [MESSAGE][PASSED] - Navigate to 'https://mattermost-duo-test-yen.herokuapp.com/bumblebee/channels/cs311' successfully

2019-12-28 23:25:36 - [TEST_STEP][FAILED] - click(findTestObject("Object Repository/4_Send_Message/Page_CS311 - Bumblebee Mattermost/span_")): Unable to click on object 'Object Repository/4_Send_Message/Page_CS311 - Bumblebee Mattermost/span_' (Root cause: com.kms.katalon.core.exception.StepFailedException: Unable to click on object 'Object Repository/4_Send_Message/Page_CS311 - Bumblebee Mattermost/span_'
	at com.kms.katalon.core.webui.keyword.internal.WebUIKeywordMain.stepFailed(WebUIKeywordMain.groovy:64)
	at com.kms.katalon.core.webui.keyword.internal.WebUIKeywordMain.runKeyword(WebUIKeywordMain.groovy:26)
	at com.kms.katalon.core.webui.keyword.builtin.ClickKeyword.click(ClickKeyword.groovy:102)
	at com.kms.katalon.core.webui.keyword.builtin.ClickKeyword.execute(ClickKeyword.groovy:43)
	at com.kms.katalon.core.keyword.internal.KeywordExecutor.executeKeywordForPlatform(KeywordExecutor.groovy:72)
	at com.kms.katalon.core.webui.keyword.WebUiBuiltInKeywords.click(WebUiBuiltInKeywords.groovy:616)
	at com.kms.katalon.core.webui.keyword.WebUiBuiltInKeywords$click$1.call(Unknown Source)
	at Create_Direct_Message.run(Create_Direct_Message:23)
	at com.kms.katalon.core.main.ScriptEngine.run(ScriptEngine.java:194)
	at com.kms.katalon.core.main.ScriptEngine.runScriptAsRawText(ScriptEngine.java:119)
	at com.kms.katalon.core.main.TestCaseExecutor.runScript(TestCaseExecutor.java:337)
	at com.kms.katalon.core.main.TestCaseExecutor.doExecute(TestCaseExecutor.java:328)
	at com.kms.katalon.core.main.TestCaseExecutor.processExecutionPhase(TestCaseExecutor.java:307)
	at com.kms.katalon.core.main.TestCaseExecutor.accessMainPhase(TestCaseExecutor.java:299)
	at com.kms.katalon.core.main.TestCaseExecutor.execute(TestCaseExecutor.java:233)
	at com.kms.katalon.core.main.TestSuiteExecutor.accessTestCaseMainPhase(TestSuiteExecutor.java:169)
	at com.kms.katalon.core.main.TestSuiteExecutor.accessTestSuiteMainPhase(TestSuiteExecutor.java:142)
	at com.kms.katalon.core.main.TestSuiteExecutor.execute(TestSuiteExecutor.java:91)
	at com.kms.katalon.core.main.TestCaseMain.startTestSuite(TestCaseMain.java:157)
	at com.kms.katalon.core.main.TestCaseMain$startTestSuite$0.call(Unknown Source)
	at TempTestSuite1577547168865.run(TempTestSuite1577547168865.groovy:36)
Caused by: com.kms.katalon.core.webui.exception.WebElementNotFoundException: Web element with id: 'Object Repository/4_Send_Message/Page_CS311 - Bumblebee Mattermost/span_' located by 'By.xpath: //button[@id='addDirectChannel']/span' not found
	at com.kms.katalon.core.webui.common.WebUiCommonHelper.findWebElement(WebUiCommonHelper.java:1154)
	at com.kms.katalon.core.webui.keyword.internal.WebUIAbstractKeyword.findWebElement(WebUIAbstractKeyword.groovy:27)
	at com.kms.katalon.core.webui.keyword.internal.WebUIAbstractKeyword.findWebElement(WebUIAbstractKeyword.groovy:26)
	at com.kms.katalon.core.webui.keyword.builtin.ClickKeyword$_click_closure1.doCall(ClickKeyword.groovy:67)
	at com.kms.katalon.core.webui.keyword.builtin.ClickKeyword$_click_closure1.call(ClickKeyword.groovy)
	at com.kms.katalon.core.webui.keyword.internal.WebUIKeywordMain.runKeyword(WebUIKeywordMain.groovy:20)
	at com.kms.katalon.core.webui.keyword.builtin.ClickKeyword.click(ClickKeyword.groovy:102)
	at com.kms.katalon.core.webui.keyword.builtin.ClickKeyword.execute(ClickKeyword.groovy:43)
	at com.kms.katalon.core.keyword.internal.KeywordExecutor.executeKeywordForPlatform(KeywordExecutor.groovy:72)
	at com.kms.katalon.core.webui.keyword.WebUiBuiltInKeywords.click(WebUiBuiltInKeywords.groovy:616)
	at com.kms.katalon.core.webui.keyword.WebUiBuiltInKeywords$click$1.call(Unknown Source)
	at Script1576935113687.run(Script1576935113687.groovy:23)
	... 13 more
)

2019-12-28 23:26:20 - [MESSAGE][INFO] - Unable to find the element located by 'By.xpath: //button[@id='addDirectChannel']/span'. Please recheck the objects properties to make sure the desired element is located. 

2019-12-28 23:26:20 - [MESSAGE][INFO] - [SMART_XPATH] Auto-trying out other XPath values in the test object.

2019-12-28 23:26:20 - [MESSAGE][INFO] - [SMART_XPATH] FAILED XPATH: '//button[@id='addDirectChannel']/span'.

2019-12-28 23:26:20 - [MESSAGE][INFO] - [SMART_XPATH] FAILED XPATH: '(.//*[normalize-space(text()) and normalize-space(.)='DIRECT MESSAGES'])[1]/following::span[1]'.

2019-12-28 23:26:21 - [MESSAGE][INFO] - [SMART_XPATH] FAILED XPATH: '(.//*[normalize-space(text()) and normalize-space(.)='q1p4rByDUMPrivate'])[1]/following::span[2]'.

2019-12-28 23:26:21 - [MESSAGE][INFO] - [SMART_XPATH] FAILED XPATH: '(.//*[normalize-space(text()) and normalize-space(.)='thutran'])[1]/preceding::span[2]'.

2019-12-28 23:26:21 - [MESSAGE][INFO] - [SMART_XPATH] FAILED XPATH: '(.//*[normalize-space(text()) and normalize-space(.)='×'])[1]/preceding::span[4]'.

2019-12-28 23:26:21 - [MESSAGE][INFO] - [SMART_XPATH] FAILED XPATH: '//ul[3]/li/button/span'.

2019-12-28 23:26:21 - [MESSAGE][INFO] - [SMART_XPATH] No working XPath is found.

2019-12-28 23:26:21 - [MESSAGE][FAILED] - Unable to click on object 'Object Repository/4_Send_Message/Page_CS311 - Bumblebee Mattermost/span_' (Root cause: com.kms.katalon.core.exception.StepFailedException: Unable to click on object 'Object Repository/4_Send_Message/Page_CS311 - Bumblebee Mattermost/span_'
	at com.kms.katalon.core.webui.keyword.internal.WebUIKeywordMain.stepFailed(WebUIKeywordMain.groovy:64)
	at com.kms.katalon.core.webui.keyword.internal.WebUIKeywordMain.runKeyword(WebUIKeywordMain.groovy:26)
	at com.kms.katalon.core.webui.keyword.builtin.ClickKeyword.click(ClickKeyword.groovy:102)
	at com.kms.katalon.core.webui.keyword.builtin.ClickKeyword.execute(ClickKeyword.groovy:43)
	at com.kms.katalon.core.keyword.internal.KeywordExecutor.executeKeywordForPlatform(KeywordExecutor.groovy:72)
	at com.kms.katalon.core.webui.keyword.WebUiBuiltInKeywords.click(WebUiBuiltInKeywords.groovy:616)
	at com.kms.katalon.core.webui.keyword.WebUiBuiltInKeywords$click$1.call(Unknown Source)
	at Create_Direct_Message.run(Create_Direct_Message:23)
	at com.kms.katalon.core.main.ScriptEngine.run(ScriptEngine.java:194)
	at com.kms.katalon.core.main.ScriptEngine.runScriptAsRawText(ScriptEngine.java:119)
	at com.kms.katalon.core.main.TestCaseExecutor.runScript(TestCaseExecutor.java:337)
	at com.kms.katalon.core.main.TestCaseExecutor.doExecute(TestCaseExecutor.java:328)
	at com.kms.katalon.core.main.TestCaseExecutor.processExecutionPhase(TestCaseExecutor.java:307)
	at com.kms.katalon.core.main.TestCaseExecutor.accessMainPhase(TestCaseExecutor.java:299)
	at com.kms.katalon.core.main.TestCaseExecutor.execute(TestCaseExecutor.java:233)
	at com.kms.katalon.core.main.TestSuiteExecutor.accessTestCaseMainPhase(TestSuiteExecutor.java:169)
	at com.kms.katalon.core.main.TestSuiteExecutor.accessTestSuiteMainPhase(TestSuiteExecutor.java:142)
	at com.kms.katalon.core.main.TestSuiteExecutor.execute(TestSuiteExecutor.java:91)
	at com.kms.katalon.core.main.TestCaseMain.startTestSuite(TestCaseMain.java:157)
	at com.kms.katalon.core.main.TestCaseMain$startTestSuite$0.call(Unknown Source)
	at TempTestSuite1577547168865.run(TempTestSuite1577547168865.groovy:36)
Caused by: com.kms.katalon.core.webui.exception.WebElementNotFoundException: Web element with id: 'Object Repository/4_Send_Message/Page_CS311 - Bumblebee Mattermost/span_' located by 'By.xpath: //button[@id='addDirectChannel']/span' not found
	at com.kms.katalon.core.webui.common.WebUiCommonHelper.findWebElement(WebUiCommonHelper.java:1154)
	at com.kms.katalon.core.webui.keyword.internal.WebUIAbstractKeyword.findWebElement(WebUIAbstractKeyword.groovy:27)
	at com.kms.katalon.core.webui.keyword.internal.WebUIAbstractKeyword.findWebElement(WebUIAbstractKeyword.groovy:26)
	at com.kms.katalon.core.webui.keyword.builtin.ClickKeyword$_click_closure1.doCall(ClickKeyword.groovy:67)
	at com.kms.katalon.core.webui.keyword.builtin.ClickKeyword$_click_closure1.call(ClickKeyword.groovy)
	at com.kms.katalon.core.webui.keyword.internal.WebUIKeywordMain.runKeyword(WebUIKeywordMain.groovy:20)
	at com.kms.katalon.core.webui.keyword.builtin.ClickKeyword.click(ClickKeyword.groovy:102)
	at com.kms.katalon.core.webui.keyword.builtin.ClickKeyword.execute(ClickKeyword.groovy:43)
	at com.kms.katalon.core.keyword.internal.KeywordExecutor.executeKeywordForPlatform(KeywordExecutor.groovy:72)
	at com.kms.katalon.core.webui.keyword.WebUiBuiltInKeywords.click(WebUiBuiltInKeywords.groovy:616)
	at com.kms.katalon.core.webui.keyword.WebUiBuiltInKeywords$click$1.call(Unknown Source)
	at Script1576935113687.run(Script1576935113687.groovy:23)
	... 13 more
)
[[ATTACHMENT|/Users/nguyentri/Desktop/Learn/SoftwareEngineer/mattermost-duo-test/Reports/20191228_223248/Run_all_test_cases/20191228_223248/1577550381723.png]]]]></system-out>
         <system-err><![CDATA[2019-12-28 23:25:34 - [TEST_CASE][FAILED] - Test Cases/4_Send_Message_On_Channel/Create_Direct_Message: Test Cases/4_Send_Message_On_Channel/Create_Direct_Message FAILED.
Reason:
com.kms.katalon.core.exception.StepFailedException: Unable to click on object 'Object Repository/4_Send_Message/Page_CS311 - Bumblebee Mattermost/span_'
	at com.kms.katalon.core.webui.keyword.internal.WebUIKeywordMain.stepFailed(WebUIKeywordMain.groovy:64)
	at com.kms.katalon.core.webui.keyword.internal.WebUIKeywordMain.runKeyword(WebUIKeywordMain.groovy:26)
	at com.kms.katalon.core.webui.keyword.builtin.ClickKeyword.click(ClickKeyword.groovy:102)
	at com.kms.katalon.core.webui.keyword.builtin.ClickKeyword.execute(ClickKeyword.groovy:43)
	at com.kms.katalon.core.keyword.internal.KeywordExecutor.executeKeywordForPlatform(KeywordExecutor.groovy:72)
	at com.kms.katalon.core.webui.keyword.WebUiBuiltInKeywords.click(WebUiBuiltInKeywords.groovy:616)
	at com.kms.katalon.core.webui.keyword.WebUiBuiltInKeywords$click$1.call(Unknown Source)
	at Create_Direct_Message.run(Create_Direct_Message:23)
	at com.kms.katalon.core.main.ScriptEngine.run(ScriptEngine.java:194)
	at com.kms.katalon.core.main.ScriptEngine.runScriptAsRawText(ScriptEngine.java:119)
	at com.kms.katalon.core.main.TestCaseExecutor.runScript(TestCaseExecutor.java:337)
	at com.kms.katalon.core.main.TestCaseExecutor.doExecute(TestCaseExecutor.java:328)
	at com.kms.katalon.core.main.TestCaseExecutor.processExecutionPhase(TestCaseExecutor.java:307)
	at com.kms.katalon.core.main.TestCaseExecutor.accessMainPhase(TestCaseExecutor.java:299)
	at com.kms.katalon.core.main.TestCaseExecutor.execute(TestCaseExecutor.java:233)
	at com.kms.katalon.core.main.TestSuiteExecutor.accessTestCaseMainPhase(TestSuiteExecutor.java:169)
	at com.kms.katalon.core.main.TestSuiteExecutor.accessTestSuiteMainPhase(TestSuiteExecutor.java:142)
	at com.kms.katalon.core.main.TestSuiteExecutor.execute(TestSuiteExecutor.java:91)
	at com.kms.katalon.core.main.TestCaseMain.startTestSuite(TestCaseMain.java:157)
	at com.kms.katalon.core.main.TestCaseMain$startTestSuite$0.call(Unknown Source)
	at TempTestSuite1577547168865.run(TempTestSuite1577547168865.groovy:36)
Caused by: com.kms.katalon.core.webui.exception.WebElementNotFoundException: Web element with id: 'Object Repository/4_Send_Message/Page_CS311 - Bumblebee Mattermost/span_' located by 'By.xpath: //button[@id='addDirectChannel']/span' not found
	at com.kms.katalon.core.webui.common.WebUiCommonHelper.findWebElement(WebUiCommonHelper.java:1154)
	at com.kms.katalon.core.webui.keyword.internal.WebUIAbstractKeyword.findWebElement(WebUIAbstractKeyword.groovy:27)
	at com.kms.katalon.core.webui.keyword.internal.WebUIAbstractKeyword.findWebElement(WebUIAbstractKeyword.groovy:26)
	at com.kms.katalon.core.webui.keyword.builtin.ClickKeyword$_click_closure1.doCall(ClickKeyword.groovy:67)
	at com.kms.katalon.core.webui.keyword.builtin.ClickKeyword$_click_closure1.call(ClickKeyword.groovy)
	at com.kms.katalon.core.webui.keyword.internal.WebUIKeywordMain.runKeyword(WebUIKeywordMain.groovy:20)
	... 19 more]]></system-err>
      </testcase>
      <testcase name="Test Cases/4_Send_Message_On_Channel/Recent_Mention" time="94.3" classname="Test Cases/4_Send_Message_On_Channel/Recent_Mention" status="FAILED">
         <failure type="FAILED" message="Test Cases/4_Send_Message_On_Channel/Recent_Mention FAILED.
Reason:
com.kms.katalon.core.exception.StepFailedException: Unable to click on object 'Object Repository/4_Send_Message/Recent_Mention/Page_(1)  Bugs - Bumblebee Mattermost/a_Jump'
	at com.kms.katalon.core.webui.keyword.internal.WebUIKeywordMain.stepFailed(WebUIKeywordMain.groovy:64)
	at com.kms.katalon.core.webui.keyword.internal.WebUIKeywordMain.runKeyword(WebUIKeywordMain.groovy:26)
	at com.kms.katalon.core.webui.keyword.builtin.ClickKeyword.click(ClickKeyword.groovy:102)
	at com.kms.katalon.core.webui.keyword.builtin.ClickKeyword.execute(ClickKeyword.groovy:43)
	at com.kms.katalon.core.keyword.internal.KeywordExecutor.executeKeywordForPlatform(KeywordExecutor.groovy:72)
	at com.kms.katalon.core.webui.keyword.WebUiBuiltInKeywords.click(WebUiBuiltInKeywords.groovy:616)
	at com.kms.katalon.core.webui.keyword.WebUiBuiltInKeywords$click$1.call(Unknown Source)
	at Recent_Mention.run(Recent_Mention:25)
	at com.kms.katalon.core.main.ScriptEngine.run(ScriptEngine.java:194)
	at com.kms.katalon.core.main.ScriptEngine.runScriptAsRawText(ScriptEngine.java:119)
	at com.kms.katalon.core.main.TestCaseExecutor.runScript(TestCaseExecutor.java:337)
	at com.kms.katalon.core.main.TestCaseExecutor.doExecute(TestCaseExecutor.java:328)
	at com.kms.katalon.core.main.TestCaseExecutor.processExecutionPhase(TestCaseExecutor.java:307)
	at com.kms.katalon.core.main.TestCaseExecutor.accessMainPhase(TestCaseExecutor.java:299)
	at com.kms.katalon.core.main.TestCaseExecutor.execute(TestCaseExecutor.java:233)
	at com.kms.katalon.core.main.TestSuiteExecutor.accessTestCaseMainPhase(TestSuiteExecutor.java:169)
	at com.kms.katalon.core.main.TestSuiteExecutor.accessTestSuiteMainPhase(TestSuiteExecutor.java:142)
	at com.kms.katalon.core.main.TestSuiteExecutor.execute(TestSuiteExecutor.java:91)
	at com.kms.katalon.core.main.TestCaseMain.startTestSuite(TestCaseMain.java:157)
	at com.kms.katalon.core.main.TestCaseMain$startTestSuite$0.call(Unknown Source)
	at TempTestSuite1577547168865.run(TempTestSuite1577547168865.groovy:36)
Caused by: com.kms.katalon.core.webui.exception.WebElementNotFoundException: Web element with id: 'Object Repository/4_Send_Message/Recent_Mention/Page_(1)  Bugs - Bumblebee Mattermost/a_Jump' located by 'By.xpath: //div[@id='search-items-container']/div/div[2]/div[2]/div[2]/div/div[3]/a' not found
	at com.kms.katalon.core.webui.common.WebUiCommonHelper.findWebElement(WebUiCommonHelper.java:1154)
	at com.kms.katalon.core.webui.keyword.internal.WebUIAbstractKeyword.findWebElement(WebUIAbstractKeyword.groovy:27)
	at com.kms.katalon.core.webui.keyword.internal.WebUIAbstractKeyword.findWebElement(WebUIAbstractKeyword.groovy:26)
	at com.kms.katalon.core.webui.keyword.builtin.ClickKeyword$_click_closure1.doCall(ClickKeyword.groovy:67)
	at com.kms.katalon.core.webui.keyword.builtin.ClickKeyword$_click_closure1.call(ClickKeyword.groovy)
	at com.kms.katalon.core.webui.keyword.internal.WebUIKeywordMain.runKeyword(WebUIKeywordMain.groovy:20)
	... 19 more
"/>
         <system-out><![CDATA[2019-12-28 23:26:21 - [TEST_CASE][FAILED] - Test Cases/4_Send_Message_On_Channel/Recent_Mention: Test Cases/4_Send_Message_On_Channel/Recent_Mention FAILED.
Reason:
com.kms.katalon.core.exception.StepFailedException: Unable to click on object 'Object Repository/4_Send_Message/Recent_Mention/Page_(1)  Bugs - Bumblebee Mattermost/a_Jump'
	at com.kms.katalon.core.webui.keyword.internal.WebUIKeywordMain.stepFailed(WebUIKeywordMain.groovy:64)
	at com.kms.katalon.core.webui.keyword.internal.WebUIKeywordMain.runKeyword(WebUIKeywordMain.groovy:26)
	at com.kms.katalon.core.webui.keyword.builtin.ClickKeyword.click(ClickKeyword.groovy:102)
	at com.kms.katalon.core.webui.keyword.builtin.ClickKeyword.execute(ClickKeyword.groovy:43)
	at com.kms.katalon.core.keyword.internal.KeywordExecutor.executeKeywordForPlatform(KeywordExecutor.groovy:72)
	at com.kms.katalon.core.webui.keyword.WebUiBuiltInKeywords.click(WebUiBuiltInKeywords.groovy:616)
	at com.kms.katalon.core.webui.keyword.WebUiBuiltInKeywords$click$1.call(Unknown Source)
	at Recent_Mention.run(Recent_Mention:25)
	at com.kms.katalon.core.main.ScriptEngine.run(ScriptEngine.java:194)
	at com.kms.katalon.core.main.ScriptEngine.runScriptAsRawText(ScriptEngine.java:119)
	at com.kms.katalon.core.main.TestCaseExecutor.runScript(TestCaseExecutor.java:337)
	at com.kms.katalon.core.main.TestCaseExecutor.doExecute(TestCaseExecutor.java:328)
	at com.kms.katalon.core.main.TestCaseExecutor.processExecutionPhase(TestCaseExecutor.java:307)
	at com.kms.katalon.core.main.TestCaseExecutor.accessMainPhase(TestCaseExecutor.java:299)
	at com.kms.katalon.core.main.TestCaseExecutor.execute(TestCaseExecutor.java:233)
	at com.kms.katalon.core.main.TestSuiteExecutor.accessTestCaseMainPhase(TestSuiteExecutor.java:169)
	at com.kms.katalon.core.main.TestSuiteExecutor.accessTestSuiteMainPhase(TestSuiteExecutor.java:142)
	at com.kms.katalon.core.main.TestSuiteExecutor.execute(TestSuiteExecutor.java:91)
	at com.kms.katalon.core.main.TestCaseMain.startTestSuite(TestCaseMain.java:157)
	at com.kms.katalon.core.main.TestCaseMain$startTestSuite$0.call(Unknown Source)
	at TempTestSuite1577547168865.run(TempTestSuite1577547168865.groovy:36)
Caused by: com.kms.katalon.core.webui.exception.WebElementNotFoundException: Web element with id: 'Object Repository/4_Send_Message/Recent_Mention/Page_(1)  Bugs - Bumblebee Mattermost/a_Jump' located by 'By.xpath: //div[@id='search-items-container']/div/div[2]/div[2]/div[2]/div/div[3]/a' not found
	at com.kms.katalon.core.webui.common.WebUiCommonHelper.findWebElement(WebUiCommonHelper.java:1154)
	at com.kms.katalon.core.webui.keyword.internal.WebUIAbstractKeyword.findWebElement(WebUIAbstractKeyword.groovy:27)
	at com.kms.katalon.core.webui.keyword.internal.WebUIAbstractKeyword.findWebElement(WebUIAbstractKeyword.groovy:26)
	at com.kms.katalon.core.webui.keyword.builtin.ClickKeyword$_click_closure1.doCall(ClickKeyword.groovy:67)
	at com.kms.katalon.core.webui.keyword.builtin.ClickKeyword$_click_closure1.call(ClickKeyword.groovy)
	at com.kms.katalon.core.webui.keyword.internal.WebUIKeywordMain.runKeyword(WebUIKeywordMain.groovy:20)
	... 19 more


2019-12-28 23:26:22 - [TEST_STEP][PASSED] - openBrowser(""): Browser is opened with url: ''

2019-12-28 23:26:22 - [MESSAGE][PASSED] - Browser is opened with url: ''

2019-12-28 23:26:22 - [TEST_STEP][PASSED] - navigateToUrl("https://mattermost-duo-test-yen.herokuapp.com/bumblebee/channels/1hdhfclgy4"): Navigate to 'https://mattermost-duo-test-yen.herokuapp.com/bumblebee/channels/1hdhfclgy4' successfully

2019-12-28 23:26:23 - [MESSAGE][PASSED] - Navigate to 'https://mattermost-duo-test-yen.herokuapp.com/bumblebee/channels/1hdhfclgy4' successfully

2019-12-28 23:26:23 - [TEST_STEP][PASSED] - click(findTestObject("Object Repository/4_Send_Message/Recent_Mention/Page_(1)  Bugs - Bumblebee Mattermost/button_after_channelHeaderMentionButton")): Object: 'Object Repository/4_Send_Message/Recent_Mention/Page_(1)  Bugs - Bumblebee Mattermost/button_after_channelHeaderMentionButton' is clicked on

2019-12-28 23:27:08 - [MESSAGE][INFO] - Unable to find the element located by 'By.xpath: //button[@id='channelHeaderMentionButton']'. Please recheck the objects properties to make sure the desired element is located. 

2019-12-28 23:27:08 - [MESSAGE][INFO] - [SMART_XPATH] Auto-trying out other XPath values in the test object.

2019-12-28 23:27:08 - [MESSAGE][INFO] - [SMART_XPATH] FAILED XPATH: '//button[@id='channelHeaderMentionButton']'.

2019-12-28 23:27:08 - [MESSAGE][INFO] - [SMART_XPATH] FAILED XPATH: '//div[@id='sidebar-right']/div[2]/div/div/div/div[3]/button'.

2019-12-28 23:27:09 - [MESSAGE][INFO] - [SMART_XPATH] FAILED XPATH: '(.//*[normalize-space(text()) and normalize-space(.)='after:'])[1]/following::button[1]'.

2019-12-28 23:27:09 - [MESSAGE][INFO] - [SMART_XPATH] FAILED XPATH: '(.//*[normalize-space(text()) and normalize-space(.)='Recent Mentions'])[1]/preceding::button[2]'.

2019-12-28 23:27:09 - [MESSAGE][INFO] - [SMART_XPATH] FAILED XPATH: '(.//*[normalize-space(text()) and normalize-space(.)='Sat, Dec 28, 2019'])[1]/preceding::button[4]'.

2019-12-28 23:27:09 - [MESSAGE][INFO] - [SMART_XPATH] WORKING XPATH: '//button'.

2019-12-28 23:27:09 - [MESSAGE][INFO] - [SMART_XPATH] Screenshot: /Users/nguyentri/Desktop/Learn/SoftwareEngineer/mattermost-duo-test/Reports/smart_xpath/Object Repository/4_Send_Message/Recent_Mention/Page_(1)  Bugs - Bumblebee Mattermost/button_after_channelHeaderMentionButton_position.png

2019-12-28 23:27:10 - [MESSAGE][ERROR] - [SMART_XPATH] /Users/nguyentri/Desktop/Learn/SoftwareEngineer/mattermost-duo-test/Reports/smart_xpath/waiting-for-approval.json (No such file or directory)

2019-12-28 23:27:10 - [MESSAGE][ERROR] - [SMART_XPATH] /Users/nguyentri/Desktop/Learn/SoftwareEngineer/mattermost-duo-test/Reports/smart_xpath/waiting-for-approval.json does not exist or is provided by Smart XPath Plugin!

2019-12-28 23:27:10 - [MESSAGE][INFO] - [SMART_XPATH] Selected Smart XPath: '//button'.

2019-12-28 23:27:10 - [MESSAGE][INFO] - [SMART_XPATH] Continuing executing the test case!

2019-12-28 23:27:10 - [MESSAGE][PASSED] - Object: 'Object Repository/4_Send_Message/Recent_Mention/Page_(1)  Bugs - Bumblebee Mattermost/button_after_channelHeaderMentionButton' is clicked on

2019-12-28 23:27:10 - [TEST_STEP][FAILED] - click(findTestObject("Object Repository/4_Send_Message/Recent_Mention/Page_(1)  Bugs - Bumblebee Mattermost/a_Jump")): Unable to click on object 'Object Repository/4_Send_Message/Recent_Mention/Page_(1)  Bugs - Bumblebee Mattermost/a_Jump' (Root cause: com.kms.katalon.core.exception.StepFailedException: Unable to click on object 'Object Repository/4_Send_Message/Recent_Mention/Page_(1)  Bugs - Bumblebee Mattermost/a_Jump'
	at com.kms.katalon.core.webui.keyword.internal.WebUIKeywordMain.stepFailed(WebUIKeywordMain.groovy:64)
	at com.kms.katalon.core.webui.keyword.internal.WebUIKeywordMain.runKeyword(WebUIKeywordMain.groovy:26)
	at com.kms.katalon.core.webui.keyword.builtin.ClickKeyword.click(ClickKeyword.groovy:102)
	at com.kms.katalon.core.webui.keyword.builtin.ClickKeyword.execute(ClickKeyword.groovy:43)
	at com.kms.katalon.core.keyword.internal.KeywordExecutor.executeKeywordForPlatform(KeywordExecutor.groovy:72)
	at com.kms.katalon.core.webui.keyword.WebUiBuiltInKeywords.click(WebUiBuiltInKeywords.groovy:616)
	at com.kms.katalon.core.webui.keyword.WebUiBuiltInKeywords$click$1.call(Unknown Source)
	at Recent_Mention.run(Recent_Mention:25)
	at com.kms.katalon.core.main.ScriptEngine.run(ScriptEngine.java:194)
	at com.kms.katalon.core.main.ScriptEngine.runScriptAsRawText(ScriptEngine.java:119)
	at com.kms.katalon.core.main.TestCaseExecutor.runScript(TestCaseExecutor.java:337)
	at com.kms.katalon.core.main.TestCaseExecutor.doExecute(TestCaseExecutor.java:328)
	at com.kms.katalon.core.main.TestCaseExecutor.processExecutionPhase(TestCaseExecutor.java:307)
	at com.kms.katalon.core.main.TestCaseExecutor.accessMainPhase(TestCaseExecutor.java:299)
	at com.kms.katalon.core.main.TestCaseExecutor.execute(TestCaseExecutor.java:233)
	at com.kms.katalon.core.main.TestSuiteExecutor.accessTestCaseMainPhase(TestSuiteExecutor.java:169)
	at com.kms.katalon.core.main.TestSuiteExecutor.accessTestSuiteMainPhase(TestSuiteExecutor.java:142)
	at com.kms.katalon.core.main.TestSuiteExecutor.execute(TestSuiteExecutor.java:91)
	at com.kms.katalon.core.main.TestCaseMain.startTestSuite(TestCaseMain.java:157)
	at com.kms.katalon.core.main.TestCaseMain$startTestSuite$0.call(Unknown Source)
	at TempTestSuite1577547168865.run(TempTestSuite1577547168865.groovy:36)
Caused by: com.kms.katalon.core.webui.exception.WebElementNotFoundException: Web element with id: 'Object Repository/4_Send_Message/Recent_Mention/Page_(1)  Bugs - Bumblebee Mattermost/a_Jump' located by 'By.xpath: //div[@id='search-items-container']/div/div[2]/div[2]/div[2]/div/div[3]/a' not found
	at com.kms.katalon.core.webui.common.WebUiCommonHelper.findWebElement(WebUiCommonHelper.java:1154)
	at com.kms.katalon.core.webui.keyword.internal.WebUIAbstractKeyword.findWebElement(WebUIAbstractKeyword.groovy:27)
	at com.kms.katalon.core.webui.keyword.internal.WebUIAbstractKeyword.findWebElement(WebUIAbstractKeyword.groovy:26)
	at com.kms.katalon.core.webui.keyword.builtin.ClickKeyword$_click_closure1.doCall(ClickKeyword.groovy:67)
	at com.kms.katalon.core.webui.keyword.builtin.ClickKeyword$_click_closure1.call(ClickKeyword.groovy)
	at com.kms.katalon.core.webui.keyword.internal.WebUIKeywordMain.runKeyword(WebUIKeywordMain.groovy:20)
	at com.kms.katalon.core.webui.keyword.builtin.ClickKeyword.click(ClickKeyword.groovy:102)
	at com.kms.katalon.core.webui.keyword.builtin.ClickKeyword.execute(ClickKeyword.groovy:43)
	at com.kms.katalon.core.keyword.internal.KeywordExecutor.executeKeywordForPlatform(KeywordExecutor.groovy:72)
	at com.kms.katalon.core.webui.keyword.WebUiBuiltInKeywords.click(WebUiBuiltInKeywords.groovy:616)
	at com.kms.katalon.core.webui.keyword.WebUiBuiltInKeywords$click$1.call(Unknown Source)
	at Script1577540212672.run(Script1577540212672.groovy:25)
	... 13 more
)

2019-12-28 23:27:54 - [MESSAGE][INFO] - Unable to find the element located by 'By.xpath: //div[@id='search-items-container']/div/div[2]/div[2]/div[2]/div/div[3]/a'. Please recheck the objects properties to make sure the desired element is located. 

2019-12-28 23:27:54 - [MESSAGE][INFO] - [SMART_XPATH] Auto-trying out other XPath values in the test object.

2019-12-28 23:27:55 - [MESSAGE][INFO] - [SMART_XPATH] FAILED XPATH: '//div[@id='search-items-container']/div/div[2]/div[2]/div[2]/div/div[3]/a'.

2019-12-28 23:27:55 - [MESSAGE][INFO] - [SMART_XPATH] FAILED XPATH: '(.//*[normalize-space(text()) and normalize-space(.)='thutran'])[1]/following::a[2]'.

2019-12-28 23:27:55 - [MESSAGE][INFO] - [SMART_XPATH] FAILED XPATH: '(.//*[normalize-space(text()) and normalize-space(.)='Bugs'])[1]/following::a[2]'.

2019-12-28 23:27:55 - [MESSAGE][INFO] - [SMART_XPATH] FAILED XPATH: '(.//*[normalize-space(text()) and normalize-space(.)='@ngocyen'])[1]/preceding::a[1]'.

2019-12-28 23:27:56 - [MESSAGE][INFO] - [SMART_XPATH] FAILED XPATH: '//div[3]/a'.

2019-12-28 23:27:56 - [MESSAGE][INFO] - [SMART_XPATH] No working XPath is found.

2019-12-28 23:27:56 - [MESSAGE][FAILED] - Unable to click on object 'Object Repository/4_Send_Message/Recent_Mention/Page_(1)  Bugs - Bumblebee Mattermost/a_Jump' (Root cause: com.kms.katalon.core.exception.StepFailedException: Unable to click on object 'Object Repository/4_Send_Message/Recent_Mention/Page_(1)  Bugs - Bumblebee Mattermost/a_Jump'
	at com.kms.katalon.core.webui.keyword.internal.WebUIKeywordMain.stepFailed(WebUIKeywordMain.groovy:64)
	at com.kms.katalon.core.webui.keyword.internal.WebUIKeywordMain.runKeyword(WebUIKeywordMain.groovy:26)
	at com.kms.katalon.core.webui.keyword.builtin.ClickKeyword.click(ClickKeyword.groovy:102)
	at com.kms.katalon.core.webui.keyword.builtin.ClickKeyword.execute(ClickKeyword.groovy:43)
	at com.kms.katalon.core.keyword.internal.KeywordExecutor.executeKeywordForPlatform(KeywordExecutor.groovy:72)
	at com.kms.katalon.core.webui.keyword.WebUiBuiltInKeywords.click(WebUiBuiltInKeywords.groovy:616)
	at com.kms.katalon.core.webui.keyword.WebUiBuiltInKeywords$click$1.call(Unknown Source)
	at Recent_Mention.run(Recent_Mention:25)
	at com.kms.katalon.core.main.ScriptEngine.run(ScriptEngine.java:194)
	at com.kms.katalon.core.main.ScriptEngine.runScriptAsRawText(ScriptEngine.java:119)
	at com.kms.katalon.core.main.TestCaseExecutor.runScript(TestCaseExecutor.java:337)
	at com.kms.katalon.core.main.TestCaseExecutor.doExecute(TestCaseExecutor.java:328)
	at com.kms.katalon.core.main.TestCaseExecutor.processExecutionPhase(TestCaseExecutor.java:307)
	at com.kms.katalon.core.main.TestCaseExecutor.accessMainPhase(TestCaseExecutor.java:299)
	at com.kms.katalon.core.main.TestCaseExecutor.execute(TestCaseExecutor.java:233)
	at com.kms.katalon.core.main.TestSuiteExecutor.accessTestCaseMainPhase(TestSuiteExecutor.java:169)
	at com.kms.katalon.core.main.TestSuiteExecutor.accessTestSuiteMainPhase(TestSuiteExecutor.java:142)
	at com.kms.katalon.core.main.TestSuiteExecutor.execute(TestSuiteExecutor.java:91)
	at com.kms.katalon.core.main.TestCaseMain.startTestSuite(TestCaseMain.java:157)
	at com.kms.katalon.core.main.TestCaseMain$startTestSuite$0.call(Unknown Source)
	at TempTestSuite1577547168865.run(TempTestSuite1577547168865.groovy:36)
Caused by: com.kms.katalon.core.webui.exception.WebElementNotFoundException: Web element with id: 'Object Repository/4_Send_Message/Recent_Mention/Page_(1)  Bugs - Bumblebee Mattermost/a_Jump' located by 'By.xpath: //div[@id='search-items-container']/div/div[2]/div[2]/div[2]/div/div[3]/a' not found
	at com.kms.katalon.core.webui.common.WebUiCommonHelper.findWebElement(WebUiCommonHelper.java:1154)
	at com.kms.katalon.core.webui.keyword.internal.WebUIAbstractKeyword.findWebElement(WebUIAbstractKeyword.groovy:27)
	at com.kms.katalon.core.webui.keyword.internal.WebUIAbstractKeyword.findWebElement(WebUIAbstractKeyword.groovy:26)
	at com.kms.katalon.core.webui.keyword.builtin.ClickKeyword$_click_closure1.doCall(ClickKeyword.groovy:67)
	at com.kms.katalon.core.webui.keyword.builtin.ClickKeyword$_click_closure1.call(ClickKeyword.groovy)
	at com.kms.katalon.core.webui.keyword.internal.WebUIKeywordMain.runKeyword(WebUIKeywordMain.groovy:20)
	at com.kms.katalon.core.webui.keyword.builtin.ClickKeyword.click(ClickKeyword.groovy:102)
	at com.kms.katalon.core.webui.keyword.builtin.ClickKeyword.execute(ClickKeyword.groovy:43)
	at com.kms.katalon.core.keyword.internal.KeywordExecutor.executeKeywordForPlatform(KeywordExecutor.groovy:72)
	at com.kms.katalon.core.webui.keyword.WebUiBuiltInKeywords.click(WebUiBuiltInKeywords.groovy:616)
	at com.kms.katalon.core.webui.keyword.WebUiBuiltInKeywords$click$1.call(Unknown Source)
	at Script1577540212672.run(Script1577540212672.groovy:25)
	... 13 more
)
[[ATTACHMENT|/Users/nguyentri/Desktop/Learn/SoftwareEngineer/mattermost-duo-test/Reports/20191228_223248/Run_all_test_cases/20191228_223248/1577550476035.png]]]]></system-out>
         <system-err><![CDATA[2019-12-28 23:26:21 - [TEST_CASE][FAILED] - Test Cases/4_Send_Message_On_Channel/Recent_Mention: Test Cases/4_Send_Message_On_Channel/Recent_Mention FAILED.
Reason:
com.kms.katalon.core.exception.StepFailedException: Unable to click on object 'Object Repository/4_Send_Message/Recent_Mention/Page_(1)  Bugs - Bumblebee Mattermost/a_Jump'
	at com.kms.katalon.core.webui.keyword.internal.WebUIKeywordMain.stepFailed(WebUIKeywordMain.groovy:64)
	at com.kms.katalon.core.webui.keyword.internal.WebUIKeywordMain.runKeyword(WebUIKeywordMain.groovy:26)
	at com.kms.katalon.core.webui.keyword.builtin.ClickKeyword.click(ClickKeyword.groovy:102)
	at com.kms.katalon.core.webui.keyword.builtin.ClickKeyword.execute(ClickKeyword.groovy:43)
	at com.kms.katalon.core.keyword.internal.KeywordExecutor.executeKeywordForPlatform(KeywordExecutor.groovy:72)
	at com.kms.katalon.core.webui.keyword.WebUiBuiltInKeywords.click(WebUiBuiltInKeywords.groovy:616)
	at com.kms.katalon.core.webui.keyword.WebUiBuiltInKeywords$click$1.call(Unknown Source)
	at Recent_Mention.run(Recent_Mention:25)
	at com.kms.katalon.core.main.ScriptEngine.run(ScriptEngine.java:194)
	at com.kms.katalon.core.main.ScriptEngine.runScriptAsRawText(ScriptEngine.java:119)
	at com.kms.katalon.core.main.TestCaseExecutor.runScript(TestCaseExecutor.java:337)
	at com.kms.katalon.core.main.TestCaseExecutor.doExecute(TestCaseExecutor.java:328)
	at com.kms.katalon.core.main.TestCaseExecutor.processExecutionPhase(TestCaseExecutor.java:307)
	at com.kms.katalon.core.main.TestCaseExecutor.accessMainPhase(TestCaseExecutor.java:299)
	at com.kms.katalon.core.main.TestCaseExecutor.execute(TestCaseExecutor.java:233)
	at com.kms.katalon.core.main.TestSuiteExecutor.accessTestCaseMainPhase(TestSuiteExecutor.java:169)
	at com.kms.katalon.core.main.TestSuiteExecutor.accessTestSuiteMainPhase(TestSuiteExecutor.java:142)
	at com.kms.katalon.core.main.TestSuiteExecutor.execute(TestSuiteExecutor.java:91)
	at com.kms.katalon.core.main.TestCaseMain.startTestSuite(TestCaseMain.java:157)
	at com.kms.katalon.core.main.TestCaseMain$startTestSuite$0.call(Unknown Source)
	at TempTestSuite1577547168865.run(TempTestSuite1577547168865.groovy:36)
Caused by: com.kms.katalon.core.webui.exception.WebElementNotFoundException: Web element with id: 'Object Repository/4_Send_Message/Recent_Mention/Page_(1)  Bugs - Bumblebee Mattermost/a_Jump' located by 'By.xpath: //div[@id='search-items-container']/div/div[2]/div[2]/div[2]/div/div[3]/a' not found
	at com.kms.katalon.core.webui.common.WebUiCommonHelper.findWebElement(WebUiCommonHelper.java:1154)
	at com.kms.katalon.core.webui.keyword.internal.WebUIAbstractKeyword.findWebElement(WebUIAbstractKeyword.groovy:27)
	at com.kms.katalon.core.webui.keyword.internal.WebUIAbstractKeyword.findWebElement(WebUIAbstractKeyword.groovy:26)
	at com.kms.katalon.core.webui.keyword.builtin.ClickKeyword$_click_closure1.doCall(ClickKeyword.groovy:67)
	at com.kms.katalon.core.webui.keyword.builtin.ClickKeyword$_click_closure1.call(ClickKeyword.groovy)
	at com.kms.katalon.core.webui.keyword.internal.WebUIKeywordMain.runKeyword(WebUIKeywordMain.groovy:20)
	... 19 more]]></system-err>
      </testcase>
      <testcase name="Test Cases/4_Send_Message_On_Channel/Send_Empty_Message" time="47.799" classname="Test Cases/4_Send_Message_On_Channel/Send_Empty_Message" status="FAILED">
         <failure type="FAILED" message="Test Cases/4_Send_Message_On_Channel/Send_Empty_Message FAILED.
Reason:
com.kms.katalon.core.exception.StepFailedException: Unable to set text 'a' of object 'Object Repository/4_Send_Message/Page_(2)  tringuyen - Bumblebee Mattermost/textarea_a'
	at com.kms.katalon.core.webui.keyword.internal.WebUIKeywordMain.stepFailed(WebUIKeywordMain.groovy:64)
	at com.kms.katalon.core.webui.keyword.internal.WebUIKeywordMain.runKeyword(WebUIKeywordMain.groovy:26)
	at com.kms.katalon.core.webui.keyword.builtin.SetTextKeyword.setText(SetTextKeyword.groovy:66)
	at com.kms.katalon.core.webui.keyword.builtin.SetTextKeyword.execute(SetTextKeyword.groovy:37)
	at com.kms.katalon.core.keyword.internal.KeywordExecutor.executeKeywordForPlatform(KeywordExecutor.groovy:72)
	at com.kms.katalon.core.webui.keyword.WebUiBuiltInKeywords.setText(WebUiBuiltInKeywords.groovy:950)
	at com.kms.katalon.core.webui.keyword.WebUiBuiltInKeywords$setText$2.call(Unknown Source)
	at Send_Empty_Message.run(Send_Empty_Message:22)
	at com.kms.katalon.core.main.ScriptEngine.run(ScriptEngine.java:194)
	at com.kms.katalon.core.main.ScriptEngine.runScriptAsRawText(ScriptEngine.java:119)
	at com.kms.katalon.core.main.TestCaseExecutor.runScript(TestCaseExecutor.java:337)
	at com.kms.katalon.core.main.TestCaseExecutor.doExecute(TestCaseExecutor.java:328)
	at com.kms.katalon.core.main.TestCaseExecutor.processExecutionPhase(TestCaseExecutor.java:307)
	at com.kms.katalon.core.main.TestCaseExecutor.accessMainPhase(TestCaseExecutor.java:299)
	at com.kms.katalon.core.main.TestCaseExecutor.execute(TestCaseExecutor.java:233)
	at com.kms.katalon.core.main.TestSuiteExecutor.accessTestCaseMainPhase(TestSuiteExecutor.java:169)
	at com.kms.katalon.core.main.TestSuiteExecutor.accessTestSuiteMainPhase(TestSuiteExecutor.java:142)
	at com.kms.katalon.core.main.TestSuiteExecutor.execute(TestSuiteExecutor.java:91)
	at com.kms.katalon.core.main.TestCaseMain.startTestSuite(TestCaseMain.java:157)
	at com.kms.katalon.core.main.TestCaseMain$startTestSuite$0.call(Unknown Source)
	at TempTestSuite1577547168865.run(TempTestSuite1577547168865.groovy:36)
Caused by: com.kms.katalon.core.webui.exception.WebElementNotFoundException: Web element with id: 'Object Repository/4_Send_Message/Page_(2)  tringuyen - Bumblebee Mattermost/textarea_a' located by 'By.xpath: //textarea[@id='post_textbox']' not found
	at com.kms.katalon.core.webui.common.WebUiCommonHelper.findWebElement(WebUiCommonHelper.java:1154)
	at com.kms.katalon.core.webui.keyword.internal.WebUIAbstractKeyword.findWebElement(WebUIAbstractKeyword.groovy:27)
	at com.kms.katalon.core.webui.keyword.internal.WebUIAbstractKeyword.findWebElement(WebUIAbstractKeyword.groovy:26)
	at com.kms.katalon.core.webui.keyword.builtin.SetTextKeyword$_setText_closure1.doCall(SetTextKeyword.groovy:51)
	at com.kms.katalon.core.webui.keyword.builtin.SetTextKeyword$_setText_closure1.call(SetTextKeyword.groovy)
	at com.kms.katalon.core.webui.keyword.internal.WebUIKeywordMain.runKeyword(WebUIKeywordMain.groovy:20)
	... 19 more
"/>
         <system-out><![CDATA[2019-12-28 23:27:56 - [TEST_CASE][FAILED] - Test Cases/4_Send_Message_On_Channel/Send_Empty_Message: Test Cases/4_Send_Message_On_Channel/Send_Empty_Message FAILED.
Reason:
com.kms.katalon.core.exception.StepFailedException: Unable to set text 'a' of object 'Object Repository/4_Send_Message/Page_(2)  tringuyen - Bumblebee Mattermost/textarea_a'
	at com.kms.katalon.core.webui.keyword.internal.WebUIKeywordMain.stepFailed(WebUIKeywordMain.groovy:64)
	at com.kms.katalon.core.webui.keyword.internal.WebUIKeywordMain.runKeyword(WebUIKeywordMain.groovy:26)
	at com.kms.katalon.core.webui.keyword.builtin.SetTextKeyword.setText(SetTextKeyword.groovy:66)
	at com.kms.katalon.core.webui.keyword.builtin.SetTextKeyword.execute(SetTextKeyword.groovy:37)
	at com.kms.katalon.core.keyword.internal.KeywordExecutor.executeKeywordForPlatform(KeywordExecutor.groovy:72)
	at com.kms.katalon.core.webui.keyword.WebUiBuiltInKeywords.setText(WebUiBuiltInKeywords.groovy:950)
	at com.kms.katalon.core.webui.keyword.WebUiBuiltInKeywords$setText$2.call(Unknown Source)
	at Send_Empty_Message.run(Send_Empty_Message:22)
	at com.kms.katalon.core.main.ScriptEngine.run(ScriptEngine.java:194)
	at com.kms.katalon.core.main.ScriptEngine.runScriptAsRawText(ScriptEngine.java:119)
	at com.kms.katalon.core.main.TestCaseExecutor.runScript(TestCaseExecutor.java:337)
	at com.kms.katalon.core.main.TestCaseExecutor.doExecute(TestCaseExecutor.java:328)
	at com.kms.katalon.core.main.TestCaseExecutor.processExecutionPhase(TestCaseExecutor.java:307)
	at com.kms.katalon.core.main.TestCaseExecutor.accessMainPhase(TestCaseExecutor.java:299)
	at com.kms.katalon.core.main.TestCaseExecutor.execute(TestCaseExecutor.java:233)
	at com.kms.katalon.core.main.TestSuiteExecutor.accessTestCaseMainPhase(TestSuiteExecutor.java:169)
	at com.kms.katalon.core.main.TestSuiteExecutor.accessTestSuiteMainPhase(TestSuiteExecutor.java:142)
	at com.kms.katalon.core.main.TestSuiteExecutor.execute(TestSuiteExecutor.java:91)
	at com.kms.katalon.core.main.TestCaseMain.startTestSuite(TestCaseMain.java:157)
	at com.kms.katalon.core.main.TestCaseMain$startTestSuite$0.call(Unknown Source)
	at TempTestSuite1577547168865.run(TempTestSuite1577547168865.groovy:36)
Caused by: com.kms.katalon.core.webui.exception.WebElementNotFoundException: Web element with id: 'Object Repository/4_Send_Message/Page_(2)  tringuyen - Bumblebee Mattermost/textarea_a' located by 'By.xpath: //textarea[@id='post_textbox']' not found
	at com.kms.katalon.core.webui.common.WebUiCommonHelper.findWebElement(WebUiCommonHelper.java:1154)
	at com.kms.katalon.core.webui.keyword.internal.WebUIAbstractKeyword.findWebElement(WebUIAbstractKeyword.groovy:27)
	at com.kms.katalon.core.webui.keyword.internal.WebUIAbstractKeyword.findWebElement(WebUIAbstractKeyword.groovy:26)
	at com.kms.katalon.core.webui.keyword.builtin.SetTextKeyword$_setText_closure1.doCall(SetTextKeyword.groovy:51)
	at com.kms.katalon.core.webui.keyword.builtin.SetTextKeyword$_setText_closure1.call(SetTextKeyword.groovy)
	at com.kms.katalon.core.webui.keyword.internal.WebUIKeywordMain.runKeyword(WebUIKeywordMain.groovy:20)
	... 19 more


2019-12-28 23:27:56 - [TEST_STEP][PASSED] - openBrowser(""): Browser is opened with url: ''

2019-12-28 23:27:56 - [MESSAGE][PASSED] - Browser is opened with url: ''

2019-12-28 23:27:56 - [TEST_STEP][PASSED] - navigateToUrl("https://mattermost-duo-test-yen.herokuapp.com/bumblebee/messages/@tringuyen"): Navigate to 'https://mattermost-duo-test-yen.herokuapp.com/bumblebee/messages/@tringuyen' successfully

2019-12-28 23:27:57 - [MESSAGE][PASSED] - Navigate to 'https://mattermost-duo-test-yen.herokuapp.com/bumblebee/messages/@tringuyen' successfully

2019-12-28 23:27:57 - [TEST_STEP][FAILED] - setText(findTestObject("Object Repository/4_Send_Message/Page_(2)  tringuyen - Bumblebee Mattermost/textarea_a"), "a"): Unable to set text 'a' of object 'Object Repository/4_Send_Message/Page_(2)  tringuyen - Bumblebee Mattermost/textarea_a' (Root cause: com.kms.katalon.core.exception.StepFailedException: Unable to set text 'a' of object 'Object Repository/4_Send_Message/Page_(2)  tringuyen - Bumblebee Mattermost/textarea_a'
	at com.kms.katalon.core.webui.keyword.internal.WebUIKeywordMain.stepFailed(WebUIKeywordMain.groovy:64)
	at com.kms.katalon.core.webui.keyword.internal.WebUIKeywordMain.runKeyword(WebUIKeywordMain.groovy:26)
	at com.kms.katalon.core.webui.keyword.builtin.SetTextKeyword.setText(SetTextKeyword.groovy:66)
	at com.kms.katalon.core.webui.keyword.builtin.SetTextKeyword.execute(SetTextKeyword.groovy:37)
	at com.kms.katalon.core.keyword.internal.KeywordExecutor.executeKeywordForPlatform(KeywordExecutor.groovy:72)
	at com.kms.katalon.core.webui.keyword.WebUiBuiltInKeywords.setText(WebUiBuiltInKeywords.groovy:950)
	at com.kms.katalon.core.webui.keyword.WebUiBuiltInKeywords$setText$2.call(Unknown Source)
	at Send_Empty_Message.run(Send_Empty_Message:22)
	at com.kms.katalon.core.main.ScriptEngine.run(ScriptEngine.java:194)
	at com.kms.katalon.core.main.ScriptEngine.runScriptAsRawText(ScriptEngine.java:119)
	at com.kms.katalon.core.main.TestCaseExecutor.runScript(TestCaseExecutor.java:337)
	at com.kms.katalon.core.main.TestCaseExecutor.doExecute(TestCaseExecutor.java:328)
	at com.kms.katalon.core.main.TestCaseExecutor.processExecutionPhase(TestCaseExecutor.java:307)
	at com.kms.katalon.core.main.TestCaseExecutor.accessMainPhase(TestCaseExecutor.java:299)
	at com.kms.katalon.core.main.TestCaseExecutor.execute(TestCaseExecutor.java:233)
	at com.kms.katalon.core.main.TestSuiteExecutor.accessTestCaseMainPhase(TestSuiteExecutor.java:169)
	at com.kms.katalon.core.main.TestSuiteExecutor.accessTestSuiteMainPhase(TestSuiteExecutor.java:142)
	at com.kms.katalon.core.main.TestSuiteExecutor.execute(TestSuiteExecutor.java:91)
	at com.kms.katalon.core.main.TestCaseMain.startTestSuite(TestCaseMain.java:157)
	at com.kms.katalon.core.main.TestCaseMain$startTestSuite$0.call(Unknown Source)
	at TempTestSuite1577547168865.run(TempTestSuite1577547168865.groovy:36)
Caused by: com.kms.katalon.core.webui.exception.WebElementNotFoundException: Web element with id: 'Object Repository/4_Send_Message/Page_(2)  tringuyen - Bumblebee Mattermost/textarea_a' located by 'By.xpath: //textarea[@id='post_textbox']' not found
	at com.kms.katalon.core.webui.common.WebUiCommonHelper.findWebElement(WebUiCommonHelper.java:1154)
	at com.kms.katalon.core.webui.keyword.internal.WebUIAbstractKeyword.findWebElement(WebUIAbstractKeyword.groovy:27)
	at com.kms.katalon.core.webui.keyword.internal.WebUIAbstractKeyword.findWebElement(WebUIAbstractKeyword.groovy:26)
	at com.kms.katalon.core.webui.keyword.builtin.SetTextKeyword$_setText_closure1.doCall(SetTextKeyword.groovy:51)
	at com.kms.katalon.core.webui.keyword.builtin.SetTextKeyword$_setText_closure1.call(SetTextKeyword.groovy)
	at com.kms.katalon.core.webui.keyword.internal.WebUIKeywordMain.runKeyword(WebUIKeywordMain.groovy:20)
	at com.kms.katalon.core.webui.keyword.builtin.SetTextKeyword.setText(SetTextKeyword.groovy:66)
	at com.kms.katalon.core.webui.keyword.builtin.SetTextKeyword.execute(SetTextKeyword.groovy:37)
	at com.kms.katalon.core.keyword.internal.KeywordExecutor.executeKeywordForPlatform(KeywordExecutor.groovy:72)
	at com.kms.katalon.core.webui.keyword.WebUiBuiltInKeywords.setText(WebUiBuiltInKeywords.groovy:950)
	at com.kms.katalon.core.webui.keyword.WebUiBuiltInKeywords$setText$2.call(Unknown Source)
	at Script1576935043065.run(Script1576935043065.groovy:22)
	... 13 more
)

2019-12-28 23:28:41 - [MESSAGE][INFO] - Unable to find the element located by 'By.xpath: //textarea[@id='post_textbox']'. Please recheck the objects properties to make sure the desired element is located. 

2019-12-28 23:28:42 - [MESSAGE][INFO] - [SMART_XPATH] Auto-trying out other XPath values in the test object.

2019-12-28 23:28:42 - [MESSAGE][INFO] - [SMART_XPATH] FAILED XPATH: '//textarea[@id='post_textbox']'.

2019-12-28 23:28:42 - [MESSAGE][INFO] - [SMART_XPATH] FAILED XPATH: '//div[@id='centerChannelFooter']/div/div/div[2]/textarea'.

2019-12-28 23:28:42 - [MESSAGE][INFO] - [SMART_XPATH] FAILED XPATH: '(.//*[normalize-space(text()) and normalize-space(.)='@tringuyen'])[1]/following::textarea[1]'.

2019-12-28 23:28:42 - [MESSAGE][INFO] - [SMART_XPATH] FAILED XPATH: '(.//*[normalize-space(text()) and normalize-space(.)='thutran'])[4]/following::textarea[1]'.

2019-12-28 23:28:43 - [MESSAGE][INFO] - [SMART_XPATH] FAILED XPATH: '(.//*[normalize-space(text()) and normalize-space(.)='a'])[2]/preceding::textarea[1]'.

2019-12-28 23:28:43 - [MESSAGE][INFO] - [SMART_XPATH] FAILED XPATH: '(.//*[normalize-space(text()) and normalize-space(.)='**bold**'])[1]/preceding::textarea[2]'.

2019-12-28 23:28:43 - [MESSAGE][INFO] - [SMART_XPATH] FAILED XPATH: '//*/text()[normalize-space(.)='a']/parent::*'.

2019-12-28 23:28:43 - [MESSAGE][INFO] - [SMART_XPATH] FAILED XPATH: '//textarea'.

2019-12-28 23:28:43 - [MESSAGE][INFO] - [SMART_XPATH] No working XPath is found.

2019-12-28 23:28:43 - [MESSAGE][FAILED] - Unable to set text 'a' of object 'Object Repository/4_Send_Message/Page_(2)  tringuyen - Bumblebee Mattermost/textarea_a' (Root cause: com.kms.katalon.core.exception.StepFailedException: Unable to set text 'a' of object 'Object Repository/4_Send_Message/Page_(2)  tringuyen - Bumblebee Mattermost/textarea_a'
	at com.kms.katalon.core.webui.keyword.internal.WebUIKeywordMain.stepFailed(WebUIKeywordMain.groovy:64)
	at com.kms.katalon.core.webui.keyword.internal.WebUIKeywordMain.runKeyword(WebUIKeywordMain.groovy:26)
	at com.kms.katalon.core.webui.keyword.builtin.SetTextKeyword.setText(SetTextKeyword.groovy:66)
	at com.kms.katalon.core.webui.keyword.builtin.SetTextKeyword.execute(SetTextKeyword.groovy:37)
	at com.kms.katalon.core.keyword.internal.KeywordExecutor.executeKeywordForPlatform(KeywordExecutor.groovy:72)
	at com.kms.katalon.core.webui.keyword.WebUiBuiltInKeywords.setText(WebUiBuiltInKeywords.groovy:950)
	at com.kms.katalon.core.webui.keyword.WebUiBuiltInKeywords$setText$2.call(Unknown Source)
	at Send_Empty_Message.run(Send_Empty_Message:22)
	at com.kms.katalon.core.main.ScriptEngine.run(ScriptEngine.java:194)
	at com.kms.katalon.core.main.ScriptEngine.runScriptAsRawText(ScriptEngine.java:119)
	at com.kms.katalon.core.main.TestCaseExecutor.runScript(TestCaseExecutor.java:337)
	at com.kms.katalon.core.main.TestCaseExecutor.doExecute(TestCaseExecutor.java:328)
	at com.kms.katalon.core.main.TestCaseExecutor.processExecutionPhase(TestCaseExecutor.java:307)
	at com.kms.katalon.core.main.TestCaseExecutor.accessMainPhase(TestCaseExecutor.java:299)
	at com.kms.katalon.core.main.TestCaseExecutor.execute(TestCaseExecutor.java:233)
	at com.kms.katalon.core.main.TestSuiteExecutor.accessTestCaseMainPhase(TestSuiteExecutor.java:169)
	at com.kms.katalon.core.main.TestSuiteExecutor.accessTestSuiteMainPhase(TestSuiteExecutor.java:142)
	at com.kms.katalon.core.main.TestSuiteExecutor.execute(TestSuiteExecutor.java:91)
	at com.kms.katalon.core.main.TestCaseMain.startTestSuite(TestCaseMain.java:157)
	at com.kms.katalon.core.main.TestCaseMain$startTestSuite$0.call(Unknown Source)
	at TempTestSuite1577547168865.run(TempTestSuite1577547168865.groovy:36)
Caused by: com.kms.katalon.core.webui.exception.WebElementNotFoundException: Web element with id: 'Object Repository/4_Send_Message/Page_(2)  tringuyen - Bumblebee Mattermost/textarea_a' located by 'By.xpath: //textarea[@id='post_textbox']' not found
	at com.kms.katalon.core.webui.common.WebUiCommonHelper.findWebElement(WebUiCommonHelper.java:1154)
	at com.kms.katalon.core.webui.keyword.internal.WebUIAbstractKeyword.findWebElement(WebUIAbstractKeyword.groovy:27)
	at com.kms.katalon.core.webui.keyword.internal.WebUIAbstractKeyword.findWebElement(WebUIAbstractKeyword.groovy:26)
	at com.kms.katalon.core.webui.keyword.builtin.SetTextKeyword$_setText_closure1.doCall(SetTextKeyword.groovy:51)
	at com.kms.katalon.core.webui.keyword.builtin.SetTextKeyword$_setText_closure1.call(SetTextKeyword.groovy)
	at com.kms.katalon.core.webui.keyword.internal.WebUIKeywordMain.runKeyword(WebUIKeywordMain.groovy:20)
	at com.kms.katalon.core.webui.keyword.builtin.SetTextKeyword.setText(SetTextKeyword.groovy:66)
	at com.kms.katalon.core.webui.keyword.builtin.SetTextKeyword.execute(SetTextKeyword.groovy:37)
	at com.kms.katalon.core.keyword.internal.KeywordExecutor.executeKeywordForPlatform(KeywordExecutor.groovy:72)
	at com.kms.katalon.core.webui.keyword.WebUiBuiltInKeywords.setText(WebUiBuiltInKeywords.groovy:950)
	at com.kms.katalon.core.webui.keyword.WebUiBuiltInKeywords$setText$2.call(Unknown Source)
	at Script1576935043065.run(Script1576935043065.groovy:22)
	... 13 more
)
[[ATTACHMENT|/Users/nguyentri/Desktop/Learn/SoftwareEngineer/mattermost-duo-test/Reports/20191228_223248/Run_all_test_cases/20191228_223248/1577550523844.png]]]]></system-out>
         <system-err><![CDATA[2019-12-28 23:27:56 - [TEST_CASE][FAILED] - Test Cases/4_Send_Message_On_Channel/Send_Empty_Message: Test Cases/4_Send_Message_On_Channel/Send_Empty_Message FAILED.
Reason:
com.kms.katalon.core.exception.StepFailedException: Unable to set text 'a' of object 'Object Repository/4_Send_Message/Page_(2)  tringuyen - Bumblebee Mattermost/textarea_a'
	at com.kms.katalon.core.webui.keyword.internal.WebUIKeywordMain.stepFailed(WebUIKeywordMain.groovy:64)
	at com.kms.katalon.core.webui.keyword.internal.WebUIKeywordMain.runKeyword(WebUIKeywordMain.groovy:26)
	at com.kms.katalon.core.webui.keyword.builtin.SetTextKeyword.setText(SetTextKeyword.groovy:66)
	at com.kms.katalon.core.webui.keyword.builtin.SetTextKeyword.execute(SetTextKeyword.groovy:37)
	at com.kms.katalon.core.keyword.internal.KeywordExecutor.executeKeywordForPlatform(KeywordExecutor.groovy:72)
	at com.kms.katalon.core.webui.keyword.WebUiBuiltInKeywords.setText(WebUiBuiltInKeywords.groovy:950)
	at com.kms.katalon.core.webui.keyword.WebUiBuiltInKeywords$setText$2.call(Unknown Source)
	at Send_Empty_Message.run(Send_Empty_Message:22)
	at com.kms.katalon.core.main.ScriptEngine.run(ScriptEngine.java:194)
	at com.kms.katalon.core.main.ScriptEngine.runScriptAsRawText(ScriptEngine.java:119)
	at com.kms.katalon.core.main.TestCaseExecutor.runScript(TestCaseExecutor.java:337)
	at com.kms.katalon.core.main.TestCaseExecutor.doExecute(TestCaseExecutor.java:328)
	at com.kms.katalon.core.main.TestCaseExecutor.processExecutionPhase(TestCaseExecutor.java:307)
	at com.kms.katalon.core.main.TestCaseExecutor.accessMainPhase(TestCaseExecutor.java:299)
	at com.kms.katalon.core.main.TestCaseExecutor.execute(TestCaseExecutor.java:233)
	at com.kms.katalon.core.main.TestSuiteExecutor.accessTestCaseMainPhase(TestSuiteExecutor.java:169)
	at com.kms.katalon.core.main.TestSuiteExecutor.accessTestSuiteMainPhase(TestSuiteExecutor.java:142)
	at com.kms.katalon.core.main.TestSuiteExecutor.execute(TestSuiteExecutor.java:91)
	at com.kms.katalon.core.main.TestCaseMain.startTestSuite(TestCaseMain.java:157)
	at com.kms.katalon.core.main.TestCaseMain$startTestSuite$0.call(Unknown Source)
	at TempTestSuite1577547168865.run(TempTestSuite1577547168865.groovy:36)
Caused by: com.kms.katalon.core.webui.exception.WebElementNotFoundException: Web element with id: 'Object Repository/4_Send_Message/Page_(2)  tringuyen - Bumblebee Mattermost/textarea_a' located by 'By.xpath: //textarea[@id='post_textbox']' not found
	at com.kms.katalon.core.webui.common.WebUiCommonHelper.findWebElement(WebUiCommonHelper.java:1154)
	at com.kms.katalon.core.webui.keyword.internal.WebUIAbstractKeyword.findWebElement(WebUIAbstractKeyword.groovy:27)
	at com.kms.katalon.core.webui.keyword.internal.WebUIAbstractKeyword.findWebElement(WebUIAbstractKeyword.groovy:26)
	at com.kms.katalon.core.webui.keyword.builtin.SetTextKeyword$_setText_closure1.doCall(SetTextKeyword.groovy:51)
	at com.kms.katalon.core.webui.keyword.builtin.SetTextKeyword$_setText_closure1.call(SetTextKeyword.groovy)
	at com.kms.katalon.core.webui.keyword.internal.WebUIKeywordMain.runKeyword(WebUIKeywordMain.groovy:20)
	... 19 more]]></system-err>
      </testcase>
      <testcase name="Test Cases/4_Send_Message_On_Channel/Send_Message_That_Tag_Other_Users" time="47.473" classname="Test Cases/4_Send_Message_On_Channel/Send_Message_That_Tag_Other_Users" status="FAILED">
         <failure type="FAILED" message="Test Cases/4_Send_Message_On_Channel/Send_Message_That_Tag_Other_Users FAILED.
Reason:
com.kms.katalon.core.exception.StepFailedException: Unable to set text '@' of object 'Object Repository/4_Send_Message/Page_(2)  tringuyen - Bumblebee Mattermost/textarea_'
	at com.kms.katalon.core.webui.keyword.internal.WebUIKeywordMain.stepFailed(WebUIKeywordMain.groovy:64)
	at com.kms.katalon.core.webui.keyword.internal.WebUIKeywordMain.runKeyword(WebUIKeywordMain.groovy:26)
	at com.kms.katalon.core.webui.keyword.builtin.SetTextKeyword.setText(SetTextKeyword.groovy:66)
	at com.kms.katalon.core.webui.keyword.builtin.SetTextKeyword.execute(SetTextKeyword.groovy:37)
	at com.kms.katalon.core.keyword.internal.KeywordExecutor.executeKeywordForPlatform(KeywordExecutor.groovy:72)
	at com.kms.katalon.core.webui.keyword.WebUiBuiltInKeywords.setText(WebUiBuiltInKeywords.groovy:950)
	at com.kms.katalon.core.webui.keyword.WebUiBuiltInKeywords$setText$2.call(Unknown Source)
	at Send_Message_That_Tag_Other_Users.run(Send_Message_That_Tag_Other_Users:23)
	at com.kms.katalon.core.main.ScriptEngine.run(ScriptEngine.java:194)
	at com.kms.katalon.core.main.ScriptEngine.runScriptAsRawText(ScriptEngine.java:119)
	at com.kms.katalon.core.main.TestCaseExecutor.runScript(TestCaseExecutor.java:337)
	at com.kms.katalon.core.main.TestCaseExecutor.doExecute(TestCaseExecutor.java:328)
	at com.kms.katalon.core.main.TestCaseExecutor.processExecutionPhase(TestCaseExecutor.java:307)
	at com.kms.katalon.core.main.TestCaseExecutor.accessMainPhase(TestCaseExecutor.java:299)
	at com.kms.katalon.core.main.TestCaseExecutor.execute(TestCaseExecutor.java:233)
	at com.kms.katalon.core.main.TestSuiteExecutor.accessTestCaseMainPhase(TestSuiteExecutor.java:169)
	at com.kms.katalon.core.main.TestSuiteExecutor.accessTestSuiteMainPhase(TestSuiteExecutor.java:142)
	at com.kms.katalon.core.main.TestSuiteExecutor.execute(TestSuiteExecutor.java:91)
	at com.kms.katalon.core.main.TestCaseMain.startTestSuite(TestCaseMain.java:157)
	at com.kms.katalon.core.main.TestCaseMain$startTestSuite$0.call(Unknown Source)
	at TempTestSuite1577547168865.run(TempTestSuite1577547168865.groovy:36)
Caused by: com.kms.katalon.core.webui.exception.WebElementNotFoundException: Web element with id: 'Object Repository/4_Send_Message/Page_(2)  tringuyen - Bumblebee Mattermost/textarea_' located by 'By.xpath: //textarea[@id='post_textbox']' not found
	at com.kms.katalon.core.webui.common.WebUiCommonHelper.findWebElement(WebUiCommonHelper.java:1154)
	at com.kms.katalon.core.webui.keyword.internal.WebUIAbstractKeyword.findWebElement(WebUIAbstractKeyword.groovy:27)
	at com.kms.katalon.core.webui.keyword.internal.WebUIAbstractKeyword.findWebElement(WebUIAbstractKeyword.groovy:26)
	at com.kms.katalon.core.webui.keyword.builtin.SetTextKeyword$_setText_closure1.doCall(SetTextKeyword.groovy:51)
	at com.kms.katalon.core.webui.keyword.builtin.SetTextKeyword$_setText_closure1.call(SetTextKeyword.groovy)
	at com.kms.katalon.core.webui.keyword.internal.WebUIKeywordMain.runKeyword(WebUIKeywordMain.groovy:20)
	... 19 more
"/>
         <system-out><![CDATA[2019-12-28 23:28:43 - [TEST_CASE][FAILED] - Test Cases/4_Send_Message_On_Channel/Send_Message_That_Tag_Other_Users: Test Cases/4_Send_Message_On_Channel/Send_Message_That_Tag_Other_Users FAILED.
Reason:
com.kms.katalon.core.exception.StepFailedException: Unable to set text '@' of object 'Object Repository/4_Send_Message/Page_(2)  tringuyen - Bumblebee Mattermost/textarea_'
	at com.kms.katalon.core.webui.keyword.internal.WebUIKeywordMain.stepFailed(WebUIKeywordMain.groovy:64)
	at com.kms.katalon.core.webui.keyword.internal.WebUIKeywordMain.runKeyword(WebUIKeywordMain.groovy:26)
	at com.kms.katalon.core.webui.keyword.builtin.SetTextKeyword.setText(SetTextKeyword.groovy:66)
	at com.kms.katalon.core.webui.keyword.builtin.SetTextKeyword.execute(SetTextKeyword.groovy:37)
	at com.kms.katalon.core.keyword.internal.KeywordExecutor.executeKeywordForPlatform(KeywordExecutor.groovy:72)
	at com.kms.katalon.core.webui.keyword.WebUiBuiltInKeywords.setText(WebUiBuiltInKeywords.groovy:950)
	at com.kms.katalon.core.webui.keyword.WebUiBuiltInKeywords$setText$2.call(Unknown Source)
	at Send_Message_That_Tag_Other_Users.run(Send_Message_That_Tag_Other_Users:23)
	at com.kms.katalon.core.main.ScriptEngine.run(ScriptEngine.java:194)
	at com.kms.katalon.core.main.ScriptEngine.runScriptAsRawText(ScriptEngine.java:119)
	at com.kms.katalon.core.main.TestCaseExecutor.runScript(TestCaseExecutor.java:337)
	at com.kms.katalon.core.main.TestCaseExecutor.doExecute(TestCaseExecutor.java:328)
	at com.kms.katalon.core.main.TestCaseExecutor.processExecutionPhase(TestCaseExecutor.java:307)
	at com.kms.katalon.core.main.TestCaseExecutor.accessMainPhase(TestCaseExecutor.java:299)
	at com.kms.katalon.core.main.TestCaseExecutor.execute(TestCaseExecutor.java:233)
	at com.kms.katalon.core.main.TestSuiteExecutor.accessTestCaseMainPhase(TestSuiteExecutor.java:169)
	at com.kms.katalon.core.main.TestSuiteExecutor.accessTestSuiteMainPhase(TestSuiteExecutor.java:142)
	at com.kms.katalon.core.main.TestSuiteExecutor.execute(TestSuiteExecutor.java:91)
	at com.kms.katalon.core.main.TestCaseMain.startTestSuite(TestCaseMain.java:157)
	at com.kms.katalon.core.main.TestCaseMain$startTestSuite$0.call(Unknown Source)
	at TempTestSuite1577547168865.run(TempTestSuite1577547168865.groovy:36)
Caused by: com.kms.katalon.core.webui.exception.WebElementNotFoundException: Web element with id: 'Object Repository/4_Send_Message/Page_(2)  tringuyen - Bumblebee Mattermost/textarea_' located by 'By.xpath: //textarea[@id='post_textbox']' not found
	at com.kms.katalon.core.webui.common.WebUiCommonHelper.findWebElement(WebUiCommonHelper.java:1154)
	at com.kms.katalon.core.webui.keyword.internal.WebUIAbstractKeyword.findWebElement(WebUIAbstractKeyword.groovy:27)
	at com.kms.katalon.core.webui.keyword.internal.WebUIAbstractKeyword.findWebElement(WebUIAbstractKeyword.groovy:26)
	at com.kms.katalon.core.webui.keyword.builtin.SetTextKeyword$_setText_closure1.doCall(SetTextKeyword.groovy:51)
	at com.kms.katalon.core.webui.keyword.builtin.SetTextKeyword$_setText_closure1.call(SetTextKeyword.groovy)
	at com.kms.katalon.core.webui.keyword.internal.WebUIKeywordMain.runKeyword(WebUIKeywordMain.groovy:20)
	... 19 more


2019-12-28 23:28:44 - [TEST_STEP][PASSED] - openBrowser(""): Browser is opened with url: ''

2019-12-28 23:28:44 - [MESSAGE][PASSED] - Browser is opened with url: ''

2019-12-28 23:28:44 - [TEST_STEP][PASSED] - navigateToUrl("https://mattermost-duo-test-yen.herokuapp.com/bumblebee/messages/@tringuyen"): Navigate to 'https://mattermost-duo-test-yen.herokuapp.com/bumblebee/messages/@tringuyen' successfully

2019-12-28 23:28:45 - [MESSAGE][PASSED] - Navigate to 'https://mattermost-duo-test-yen.herokuapp.com/bumblebee/messages/@tringuyen' successfully

2019-12-28 23:28:45 - [TEST_STEP][FAILED] - setText(findTestObject("Object Repository/4_Send_Message/Page_(2)  tringuyen - Bumblebee Mattermost/textarea_"), "@"): Unable to set text '@' of object 'Object Repository/4_Send_Message/Page_(2)  tringuyen - Bumblebee Mattermost/textarea_' (Root cause: com.kms.katalon.core.exception.StepFailedException: Unable to set text '@' of object 'Object Repository/4_Send_Message/Page_(2)  tringuyen - Bumblebee Mattermost/textarea_'
	at com.kms.katalon.core.webui.keyword.internal.WebUIKeywordMain.stepFailed(WebUIKeywordMain.groovy:64)
	at com.kms.katalon.core.webui.keyword.internal.WebUIKeywordMain.runKeyword(WebUIKeywordMain.groovy:26)
	at com.kms.katalon.core.webui.keyword.builtin.SetTextKeyword.setText(SetTextKeyword.groovy:66)
	at com.kms.katalon.core.webui.keyword.builtin.SetTextKeyword.execute(SetTextKeyword.groovy:37)
	at com.kms.katalon.core.keyword.internal.KeywordExecutor.executeKeywordForPlatform(KeywordExecutor.groovy:72)
	at com.kms.katalon.core.webui.keyword.WebUiBuiltInKeywords.setText(WebUiBuiltInKeywords.groovy:950)
	at com.kms.katalon.core.webui.keyword.WebUiBuiltInKeywords$setText$2.call(Unknown Source)
	at Send_Message_That_Tag_Other_Users.run(Send_Message_That_Tag_Other_Users:23)
	at com.kms.katalon.core.main.ScriptEngine.run(ScriptEngine.java:194)
	at com.kms.katalon.core.main.ScriptEngine.runScriptAsRawText(ScriptEngine.java:119)
	at com.kms.katalon.core.main.TestCaseExecutor.runScript(TestCaseExecutor.java:337)
	at com.kms.katalon.core.main.TestCaseExecutor.doExecute(TestCaseExecutor.java:328)
	at com.kms.katalon.core.main.TestCaseExecutor.processExecutionPhase(TestCaseExecutor.java:307)
	at com.kms.katalon.core.main.TestCaseExecutor.accessMainPhase(TestCaseExecutor.java:299)
	at com.kms.katalon.core.main.TestCaseExecutor.execute(TestCaseExecutor.java:233)
	at com.kms.katalon.core.main.TestSuiteExecutor.accessTestCaseMainPhase(TestSuiteExecutor.java:169)
	at com.kms.katalon.core.main.TestSuiteExecutor.accessTestSuiteMainPhase(TestSuiteExecutor.java:142)
	at com.kms.katalon.core.main.TestSuiteExecutor.execute(TestSuiteExecutor.java:91)
	at com.kms.katalon.core.main.TestCaseMain.startTestSuite(TestCaseMain.java:157)
	at com.kms.katalon.core.main.TestCaseMain$startTestSuite$0.call(Unknown Source)
	at TempTestSuite1577547168865.run(TempTestSuite1577547168865.groovy:36)
Caused by: com.kms.katalon.core.webui.exception.WebElementNotFoundException: Web element with id: 'Object Repository/4_Send_Message/Page_(2)  tringuyen - Bumblebee Mattermost/textarea_' located by 'By.xpath: //textarea[@id='post_textbox']' not found
	at com.kms.katalon.core.webui.common.WebUiCommonHelper.findWebElement(WebUiCommonHelper.java:1154)
	at com.kms.katalon.core.webui.keyword.internal.WebUIAbstractKeyword.findWebElement(WebUIAbstractKeyword.groovy:27)
	at com.kms.katalon.core.webui.keyword.internal.WebUIAbstractKeyword.findWebElement(WebUIAbstractKeyword.groovy:26)
	at com.kms.katalon.core.webui.keyword.builtin.SetTextKeyword$_setText_closure1.doCall(SetTextKeyword.groovy:51)
	at com.kms.katalon.core.webui.keyword.builtin.SetTextKeyword$_setText_closure1.call(SetTextKeyword.groovy)
	at com.kms.katalon.core.webui.keyword.internal.WebUIKeywordMain.runKeyword(WebUIKeywordMain.groovy:20)
	at com.kms.katalon.core.webui.keyword.builtin.SetTextKeyword.setText(SetTextKeyword.groovy:66)
	at com.kms.katalon.core.webui.keyword.builtin.SetTextKeyword.execute(SetTextKeyword.groovy:37)
	at com.kms.katalon.core.keyword.internal.KeywordExecutor.executeKeywordForPlatform(KeywordExecutor.groovy:72)
	at com.kms.katalon.core.webui.keyword.WebUiBuiltInKeywords.setText(WebUiBuiltInKeywords.groovy:950)
	at com.kms.katalon.core.webui.keyword.WebUiBuiltInKeywords$setText$2.call(Unknown Source)
	at Script1576935067711.run(Script1576935067711.groovy:23)
	... 13 more
)

2019-12-28 23:29:29 - [MESSAGE][INFO] - Unable to find the element located by 'By.xpath: //textarea[@id='post_textbox']'. Please recheck the objects properties to make sure the desired element is located. 

2019-12-28 23:29:29 - [MESSAGE][INFO] - [SMART_XPATH] Auto-trying out other XPath values in the test object.

2019-12-28 23:29:29 - [MESSAGE][INFO] - [SMART_XPATH] FAILED XPATH: '//textarea[@id='post_textbox']'.

2019-12-28 23:29:29 - [MESSAGE][INFO] - [SMART_XPATH] FAILED XPATH: '//div[@id='centerChannelFooter']/div/div/div[2]/textarea'.

2019-12-28 23:29:30 - [MESSAGE][INFO] - [SMART_XPATH] FAILED XPATH: '(.//*[normalize-space(text()) and normalize-space(.)='thutran'])[3]/following::textarea[1]'.

2019-12-28 23:29:30 - [MESSAGE][INFO] - [SMART_XPATH] FAILED XPATH: '(.//*[normalize-space(text()) and normalize-space(.)='thutran'])[2]/following::textarea[1]'.

2019-12-28 23:29:30 - [MESSAGE][INFO] - [SMART_XPATH] FAILED XPATH: '(.//*[normalize-space(text()) and normalize-space(.)='@'])[2]/preceding::textarea[1]'.

2019-12-28 23:29:30 - [MESSAGE][INFO] - [SMART_XPATH] FAILED XPATH: '(.//*[normalize-space(text()) and normalize-space(.)='**bold**'])[1]/preceding::textarea[2]'.

2019-12-28 23:29:31 - [MESSAGE][INFO] - [SMART_XPATH] FAILED XPATH: '//*/text()[normalize-space(.)='@']/parent::*'.

2019-12-28 23:29:31 - [MESSAGE][INFO] - [SMART_XPATH] FAILED XPATH: '//textarea'.

2019-12-28 23:29:31 - [MESSAGE][INFO] - [SMART_XPATH] No working XPath is found.

2019-12-28 23:29:31 - [MESSAGE][FAILED] - Unable to set text '@' of object 'Object Repository/4_Send_Message/Page_(2)  tringuyen - Bumblebee Mattermost/textarea_' (Root cause: com.kms.katalon.core.exception.StepFailedException: Unable to set text '@' of object 'Object Repository/4_Send_Message/Page_(2)  tringuyen - Bumblebee Mattermost/textarea_'
	at com.kms.katalon.core.webui.keyword.internal.WebUIKeywordMain.stepFailed(WebUIKeywordMain.groovy:64)
	at com.kms.katalon.core.webui.keyword.internal.WebUIKeywordMain.runKeyword(WebUIKeywordMain.groovy:26)
	at com.kms.katalon.core.webui.keyword.builtin.SetTextKeyword.setText(SetTextKeyword.groovy:66)
	at com.kms.katalon.core.webui.keyword.builtin.SetTextKeyword.execute(SetTextKeyword.groovy:37)
	at com.kms.katalon.core.keyword.internal.KeywordExecutor.executeKeywordForPlatform(KeywordExecutor.groovy:72)
	at com.kms.katalon.core.webui.keyword.WebUiBuiltInKeywords.setText(WebUiBuiltInKeywords.groovy:950)
	at com.kms.katalon.core.webui.keyword.WebUiBuiltInKeywords$setText$2.call(Unknown Source)
	at Send_Message_That_Tag_Other_Users.run(Send_Message_That_Tag_Other_Users:23)
	at com.kms.katalon.core.main.ScriptEngine.run(ScriptEngine.java:194)
	at com.kms.katalon.core.main.ScriptEngine.runScriptAsRawText(ScriptEngine.java:119)
	at com.kms.katalon.core.main.TestCaseExecutor.runScript(TestCaseExecutor.java:337)
	at com.kms.katalon.core.main.TestCaseExecutor.doExecute(TestCaseExecutor.java:328)
	at com.kms.katalon.core.main.TestCaseExecutor.processExecutionPhase(TestCaseExecutor.java:307)
	at com.kms.katalon.core.main.TestCaseExecutor.accessMainPhase(TestCaseExecutor.java:299)
	at com.kms.katalon.core.main.TestCaseExecutor.execute(TestCaseExecutor.java:233)
	at com.kms.katalon.core.main.TestSuiteExecutor.accessTestCaseMainPhase(TestSuiteExecutor.java:169)
	at com.kms.katalon.core.main.TestSuiteExecutor.accessTestSuiteMainPhase(TestSuiteExecutor.java:142)
	at com.kms.katalon.core.main.TestSuiteExecutor.execute(TestSuiteExecutor.java:91)
	at com.kms.katalon.core.main.TestCaseMain.startTestSuite(TestCaseMain.java:157)
	at com.kms.katalon.core.main.TestCaseMain$startTestSuite$0.call(Unknown Source)
	at TempTestSuite1577547168865.run(TempTestSuite1577547168865.groovy:36)
Caused by: com.kms.katalon.core.webui.exception.WebElementNotFoundException: Web element with id: 'Object Repository/4_Send_Message/Page_(2)  tringuyen - Bumblebee Mattermost/textarea_' located by 'By.xpath: //textarea[@id='post_textbox']' not found
	at com.kms.katalon.core.webui.common.WebUiCommonHelper.findWebElement(WebUiCommonHelper.java:1154)
	at com.kms.katalon.core.webui.keyword.internal.WebUIAbstractKeyword.findWebElement(WebUIAbstractKeyword.groovy:27)
	at com.kms.katalon.core.webui.keyword.internal.WebUIAbstractKeyword.findWebElement(WebUIAbstractKeyword.groovy:26)
	at com.kms.katalon.core.webui.keyword.builtin.SetTextKeyword$_setText_closure1.doCall(SetTextKeyword.groovy:51)
	at com.kms.katalon.core.webui.keyword.builtin.SetTextKeyword$_setText_closure1.call(SetTextKeyword.groovy)
	at com.kms.katalon.core.webui.keyword.internal.WebUIKeywordMain.runKeyword(WebUIKeywordMain.groovy:20)
	at com.kms.katalon.core.webui.keyword.builtin.SetTextKeyword.setText(SetTextKeyword.groovy:66)
	at com.kms.katalon.core.webui.keyword.builtin.SetTextKeyword.execute(SetTextKeyword.groovy:37)
	at com.kms.katalon.core.keyword.internal.KeywordExecutor.executeKeywordForPlatform(KeywordExecutor.groovy:72)
	at com.kms.katalon.core.webui.keyword.WebUiBuiltInKeywords.setText(WebUiBuiltInKeywords.groovy:950)
	at com.kms.katalon.core.webui.keyword.WebUiBuiltInKeywords$setText$2.call(Unknown Source)
	at Script1576935067711.run(Script1576935067711.groovy:23)
	... 13 more
)
[[ATTACHMENT|/Users/nguyentri/Desktop/Learn/SoftwareEngineer/mattermost-duo-test/Reports/20191228_223248/Run_all_test_cases/20191228_223248/1577550571307.png]]]]></system-out>
         <system-err><![CDATA[2019-12-28 23:28:43 - [TEST_CASE][FAILED] - Test Cases/4_Send_Message_On_Channel/Send_Message_That_Tag_Other_Users: Test Cases/4_Send_Message_On_Channel/Send_Message_That_Tag_Other_Users FAILED.
Reason:
com.kms.katalon.core.exception.StepFailedException: Unable to set text '@' of object 'Object Repository/4_Send_Message/Page_(2)  tringuyen - Bumblebee Mattermost/textarea_'
	at com.kms.katalon.core.webui.keyword.internal.WebUIKeywordMain.stepFailed(WebUIKeywordMain.groovy:64)
	at com.kms.katalon.core.webui.keyword.internal.WebUIKeywordMain.runKeyword(WebUIKeywordMain.groovy:26)
	at com.kms.katalon.core.webui.keyword.builtin.SetTextKeyword.setText(SetTextKeyword.groovy:66)
	at com.kms.katalon.core.webui.keyword.builtin.SetTextKeyword.execute(SetTextKeyword.groovy:37)
	at com.kms.katalon.core.keyword.internal.KeywordExecutor.executeKeywordForPlatform(KeywordExecutor.groovy:72)
	at com.kms.katalon.core.webui.keyword.WebUiBuiltInKeywords.setText(WebUiBuiltInKeywords.groovy:950)
	at com.kms.katalon.core.webui.keyword.WebUiBuiltInKeywords$setText$2.call(Unknown Source)
	at Send_Message_That_Tag_Other_Users.run(Send_Message_That_Tag_Other_Users:23)
	at com.kms.katalon.core.main.ScriptEngine.run(ScriptEngine.java:194)
	at com.kms.katalon.core.main.ScriptEngine.runScriptAsRawText(ScriptEngine.java:119)
	at com.kms.katalon.core.main.TestCaseExecutor.runScript(TestCaseExecutor.java:337)
	at com.kms.katalon.core.main.TestCaseExecutor.doExecute(TestCaseExecutor.java:328)
	at com.kms.katalon.core.main.TestCaseExecutor.processExecutionPhase(TestCaseExecutor.java:307)
	at com.kms.katalon.core.main.TestCaseExecutor.accessMainPhase(TestCaseExecutor.java:299)
	at com.kms.katalon.core.main.TestCaseExecutor.execute(TestCaseExecutor.java:233)
	at com.kms.katalon.core.main.TestSuiteExecutor.accessTestCaseMainPhase(TestSuiteExecutor.java:169)
	at com.kms.katalon.core.main.TestSuiteExecutor.accessTestSuiteMainPhase(TestSuiteExecutor.java:142)
	at com.kms.katalon.core.main.TestSuiteExecutor.execute(TestSuiteExecutor.java:91)
	at com.kms.katalon.core.main.TestCaseMain.startTestSuite(TestCaseMain.java:157)
	at com.kms.katalon.core.main.TestCaseMain$startTestSuite$0.call(Unknown Source)
	at TempTestSuite1577547168865.run(TempTestSuite1577547168865.groovy:36)
Caused by: com.kms.katalon.core.webui.exception.WebElementNotFoundException: Web element with id: 'Object Repository/4_Send_Message/Page_(2)  tringuyen - Bumblebee Mattermost/textarea_' located by 'By.xpath: //textarea[@id='post_textbox']' not found
	at com.kms.katalon.core.webui.common.WebUiCommonHelper.findWebElement(WebUiCommonHelper.java:1154)
	at com.kms.katalon.core.webui.keyword.internal.WebUIAbstractKeyword.findWebElement(WebUIAbstractKeyword.groovy:27)
	at com.kms.katalon.core.webui.keyword.internal.WebUIAbstractKeyword.findWebElement(WebUIAbstractKeyword.groovy:26)
	at com.kms.katalon.core.webui.keyword.builtin.SetTextKeyword$_setText_closure1.doCall(SetTextKeyword.groovy:51)
	at com.kms.katalon.core.webui.keyword.builtin.SetTextKeyword$_setText_closure1.call(SetTextKeyword.groovy)
	at com.kms.katalon.core.webui.keyword.internal.WebUIKeywordMain.runKeyword(WebUIKeywordMain.groovy:20)
	... 19 more]]></system-err>
      </testcase>
      <testcase name="Test Cases/4_Send_Message_On_Channel/Send_Message_With_Emoji" time="49.107" classname="Test Cases/4_Send_Message_On_Channel/Send_Message_With_Emoji" status="FAILED">
         <failure type="FAILED" message="Test Cases/4_Send_Message_On_Channel/Send_Message_With_Emoji FAILED.
Reason:
com.kms.katalon.core.exception.StepFailedException: Unable to set text 'H' of object 'Object Repository/4_Send_Message/Send_Message_With_Emoji/Page_tringuyen - Bumblebee Mattermost/textarea_H'
	at com.kms.katalon.core.webui.keyword.internal.WebUIKeywordMain.stepFailed(WebUIKeywordMain.groovy:64)
	at com.kms.katalon.core.webui.keyword.internal.WebUIKeywordMain.runKeyword(WebUIKeywordMain.groovy:26)
	at com.kms.katalon.core.webui.keyword.builtin.SetTextKeyword.setText(SetTextKeyword.groovy:66)
	at com.kms.katalon.core.webui.keyword.builtin.SetTextKeyword.execute(SetTextKeyword.groovy:37)
	at com.kms.katalon.core.keyword.internal.KeywordExecutor.executeKeywordForPlatform(KeywordExecutor.groovy:72)
	at com.kms.katalon.core.webui.keyword.WebUiBuiltInKeywords.setText(WebUiBuiltInKeywords.groovy:950)
	at com.kms.katalon.core.webui.keyword.WebUiBuiltInKeywords$setText$2.call(Unknown Source)
	at Send_Message_With_Emoji.run(Send_Message_With_Emoji:23)
	at com.kms.katalon.core.main.ScriptEngine.run(ScriptEngine.java:194)
	at com.kms.katalon.core.main.ScriptEngine.runScriptAsRawText(ScriptEngine.java:119)
	at com.kms.katalon.core.main.TestCaseExecutor.runScript(TestCaseExecutor.java:337)
	at com.kms.katalon.core.main.TestCaseExecutor.doExecute(TestCaseExecutor.java:328)
	at com.kms.katalon.core.main.TestCaseExecutor.processExecutionPhase(TestCaseExecutor.java:307)
	at com.kms.katalon.core.main.TestCaseExecutor.accessMainPhase(TestCaseExecutor.java:299)
	at com.kms.katalon.core.main.TestCaseExecutor.execute(TestCaseExecutor.java:233)
	at com.kms.katalon.core.main.TestSuiteExecutor.accessTestCaseMainPhase(TestSuiteExecutor.java:169)
	at com.kms.katalon.core.main.TestSuiteExecutor.accessTestSuiteMainPhase(TestSuiteExecutor.java:142)
	at com.kms.katalon.core.main.TestSuiteExecutor.execute(TestSuiteExecutor.java:91)
	at com.kms.katalon.core.main.TestCaseMain.startTestSuite(TestCaseMain.java:157)
	at com.kms.katalon.core.main.TestCaseMain$startTestSuite$0.call(Unknown Source)
	at TempTestSuite1577547168865.run(TempTestSuite1577547168865.groovy:36)
Caused by: com.kms.katalon.core.webui.exception.WebElementNotFoundException: Web element with id: 'Object Repository/4_Send_Message/Send_Message_With_Emoji/Page_tringuyen - Bumblebee Mattermost/textarea_H' located by 'By.xpath: //textarea[@id='post_textbox']' not found
	at com.kms.katalon.core.webui.common.WebUiCommonHelper.findWebElement(WebUiCommonHelper.java:1154)
	at com.kms.katalon.core.webui.keyword.internal.WebUIAbstractKeyword.findWebElement(WebUIAbstractKeyword.groovy:27)
	at com.kms.katalon.core.webui.keyword.internal.WebUIAbstractKeyword.findWebElement(WebUIAbstractKeyword.groovy:26)
	at com.kms.katalon.core.webui.keyword.builtin.SetTextKeyword$_setText_closure1.doCall(SetTextKeyword.groovy:51)
	at com.kms.katalon.core.webui.keyword.builtin.SetTextKeyword$_setText_closure1.call(SetTextKeyword.groovy)
	at com.kms.katalon.core.webui.keyword.internal.WebUIKeywordMain.runKeyword(WebUIKeywordMain.groovy:20)
	... 19 more
"/>
         <system-out><![CDATA[2019-12-28 23:29:31 - [TEST_CASE][FAILED] - Test Cases/4_Send_Message_On_Channel/Send_Message_With_Emoji: Test Cases/4_Send_Message_On_Channel/Send_Message_With_Emoji FAILED.
Reason:
com.kms.katalon.core.exception.StepFailedException: Unable to set text 'H' of object 'Object Repository/4_Send_Message/Send_Message_With_Emoji/Page_tringuyen - Bumblebee Mattermost/textarea_H'
	at com.kms.katalon.core.webui.keyword.internal.WebUIKeywordMain.stepFailed(WebUIKeywordMain.groovy:64)
	at com.kms.katalon.core.webui.keyword.internal.WebUIKeywordMain.runKeyword(WebUIKeywordMain.groovy:26)
	at com.kms.katalon.core.webui.keyword.builtin.SetTextKeyword.setText(SetTextKeyword.groovy:66)
	at com.kms.katalon.core.webui.keyword.builtin.SetTextKeyword.execute(SetTextKeyword.groovy:37)
	at com.kms.katalon.core.keyword.internal.KeywordExecutor.executeKeywordForPlatform(KeywordExecutor.groovy:72)
	at com.kms.katalon.core.webui.keyword.WebUiBuiltInKeywords.setText(WebUiBuiltInKeywords.groovy:950)
	at com.kms.katalon.core.webui.keyword.WebUiBuiltInKeywords$setText$2.call(Unknown Source)
	at Send_Message_With_Emoji.run(Send_Message_With_Emoji:23)
	at com.kms.katalon.core.main.ScriptEngine.run(ScriptEngine.java:194)
	at com.kms.katalon.core.main.ScriptEngine.runScriptAsRawText(ScriptEngine.java:119)
	at com.kms.katalon.core.main.TestCaseExecutor.runScript(TestCaseExecutor.java:337)
	at com.kms.katalon.core.main.TestCaseExecutor.doExecute(TestCaseExecutor.java:328)
	at com.kms.katalon.core.main.TestCaseExecutor.processExecutionPhase(TestCaseExecutor.java:307)
	at com.kms.katalon.core.main.TestCaseExecutor.accessMainPhase(TestCaseExecutor.java:299)
	at com.kms.katalon.core.main.TestCaseExecutor.execute(TestCaseExecutor.java:233)
	at com.kms.katalon.core.main.TestSuiteExecutor.accessTestCaseMainPhase(TestSuiteExecutor.java:169)
	at com.kms.katalon.core.main.TestSuiteExecutor.accessTestSuiteMainPhase(TestSuiteExecutor.java:142)
	at com.kms.katalon.core.main.TestSuiteExecutor.execute(TestSuiteExecutor.java:91)
	at com.kms.katalon.core.main.TestCaseMain.startTestSuite(TestCaseMain.java:157)
	at com.kms.katalon.core.main.TestCaseMain$startTestSuite$0.call(Unknown Source)
	at TempTestSuite1577547168865.run(TempTestSuite1577547168865.groovy:36)
Caused by: com.kms.katalon.core.webui.exception.WebElementNotFoundException: Web element with id: 'Object Repository/4_Send_Message/Send_Message_With_Emoji/Page_tringuyen - Bumblebee Mattermost/textarea_H' located by 'By.xpath: //textarea[@id='post_textbox']' not found
	at com.kms.katalon.core.webui.common.WebUiCommonHelper.findWebElement(WebUiCommonHelper.java:1154)
	at com.kms.katalon.core.webui.keyword.internal.WebUIAbstractKeyword.findWebElement(WebUIAbstractKeyword.groovy:27)
	at com.kms.katalon.core.webui.keyword.internal.WebUIAbstractKeyword.findWebElement(WebUIAbstractKeyword.groovy:26)
	at com.kms.katalon.core.webui.keyword.builtin.SetTextKeyword$_setText_closure1.doCall(SetTextKeyword.groovy:51)
	at com.kms.katalon.core.webui.keyword.builtin.SetTextKeyword$_setText_closure1.call(SetTextKeyword.groovy)
	at com.kms.katalon.core.webui.keyword.internal.WebUIKeywordMain.runKeyword(WebUIKeywordMain.groovy:20)
	... 19 more


2019-12-28 23:29:31 - [TEST_STEP][PASSED] - openBrowser(""): Browser is opened with url: ''

2019-12-28 23:29:31 - [MESSAGE][PASSED] - Browser is opened with url: ''

2019-12-28 23:29:31 - [TEST_STEP][PASSED] - navigateToUrl("https://mattermost-duo-test-yen.herokuapp.com/bumblebee/messages/@tringuyen"): Navigate to 'https://mattermost-duo-test-yen.herokuapp.com/bumblebee/messages/@tringuyen' successfully

2019-12-28 23:29:33 - [MESSAGE][PASSED] - Navigate to 'https://mattermost-duo-test-yen.herokuapp.com/bumblebee/messages/@tringuyen' successfully

2019-12-28 23:29:33 - [TEST_STEP][FAILED] - setText(findTestObject("Object Repository/4_Send_Message/Send_Message_With_Emoji/Page_tringuyen - Bumblebee Mattermost/textarea_H"), "H"): Unable to set text 'H' of object 'Object Repository/4_Send_Message/Send_Message_With_Emoji/Page_tringuyen - Bumblebee Mattermost/textarea_H' (Root cause: com.kms.katalon.core.exception.StepFailedException: Unable to set text 'H' of object 'Object Repository/4_Send_Message/Send_Message_With_Emoji/Page_tringuyen - Bumblebee Mattermost/textarea_H'
	at com.kms.katalon.core.webui.keyword.internal.WebUIKeywordMain.stepFailed(WebUIKeywordMain.groovy:64)
	at com.kms.katalon.core.webui.keyword.internal.WebUIKeywordMain.runKeyword(WebUIKeywordMain.groovy:26)
	at com.kms.katalon.core.webui.keyword.builtin.SetTextKeyword.setText(SetTextKeyword.groovy:66)
	at com.kms.katalon.core.webui.keyword.builtin.SetTextKeyword.execute(SetTextKeyword.groovy:37)
	at com.kms.katalon.core.keyword.internal.KeywordExecutor.executeKeywordForPlatform(KeywordExecutor.groovy:72)
	at com.kms.katalon.core.webui.keyword.WebUiBuiltInKeywords.setText(WebUiBuiltInKeywords.groovy:950)
	at com.kms.katalon.core.webui.keyword.WebUiBuiltInKeywords$setText$2.call(Unknown Source)
	at Send_Message_With_Emoji.run(Send_Message_With_Emoji:23)
	at com.kms.katalon.core.main.ScriptEngine.run(ScriptEngine.java:194)
	at com.kms.katalon.core.main.ScriptEngine.runScriptAsRawText(ScriptEngine.java:119)
	at com.kms.katalon.core.main.TestCaseExecutor.runScript(TestCaseExecutor.java:337)
	at com.kms.katalon.core.main.TestCaseExecutor.doExecute(TestCaseExecutor.java:328)
	at com.kms.katalon.core.main.TestCaseExecutor.processExecutionPhase(TestCaseExecutor.java:307)
	at com.kms.katalon.core.main.TestCaseExecutor.accessMainPhase(TestCaseExecutor.java:299)
	at com.kms.katalon.core.main.TestCaseExecutor.execute(TestCaseExecutor.java:233)
	at com.kms.katalon.core.main.TestSuiteExecutor.accessTestCaseMainPhase(TestSuiteExecutor.java:169)
	at com.kms.katalon.core.main.TestSuiteExecutor.accessTestSuiteMainPhase(TestSuiteExecutor.java:142)
	at com.kms.katalon.core.main.TestSuiteExecutor.execute(TestSuiteExecutor.java:91)
	at com.kms.katalon.core.main.TestCaseMain.startTestSuite(TestCaseMain.java:157)
	at com.kms.katalon.core.main.TestCaseMain$startTestSuite$0.call(Unknown Source)
	at TempTestSuite1577547168865.run(TempTestSuite1577547168865.groovy:36)
Caused by: com.kms.katalon.core.webui.exception.WebElementNotFoundException: Web element with id: 'Object Repository/4_Send_Message/Send_Message_With_Emoji/Page_tringuyen - Bumblebee Mattermost/textarea_H' located by 'By.xpath: //textarea[@id='post_textbox']' not found
	at com.kms.katalon.core.webui.common.WebUiCommonHelper.findWebElement(WebUiCommonHelper.java:1154)
	at com.kms.katalon.core.webui.keyword.internal.WebUIAbstractKeyword.findWebElement(WebUIAbstractKeyword.groovy:27)
	at com.kms.katalon.core.webui.keyword.internal.WebUIAbstractKeyword.findWebElement(WebUIAbstractKeyword.groovy:26)
	at com.kms.katalon.core.webui.keyword.builtin.SetTextKeyword$_setText_closure1.doCall(SetTextKeyword.groovy:51)
	at com.kms.katalon.core.webui.keyword.builtin.SetTextKeyword$_setText_closure1.call(SetTextKeyword.groovy)
	at com.kms.katalon.core.webui.keyword.internal.WebUIKeywordMain.runKeyword(WebUIKeywordMain.groovy:20)
	at com.kms.katalon.core.webui.keyword.builtin.SetTextKeyword.setText(SetTextKeyword.groovy:66)
	at com.kms.katalon.core.webui.keyword.builtin.SetTextKeyword.execute(SetTextKeyword.groovy:37)
	at com.kms.katalon.core.keyword.internal.KeywordExecutor.executeKeywordForPlatform(KeywordExecutor.groovy:72)
	at com.kms.katalon.core.webui.keyword.WebUiBuiltInKeywords.setText(WebUiBuiltInKeywords.groovy:950)
	at com.kms.katalon.core.webui.keyword.WebUiBuiltInKeywords$setText$2.call(Unknown Source)
	at Script1576935059935.run(Script1576935059935.groovy:23)
	... 13 more
)

2019-12-28 23:30:18 - [MESSAGE][INFO] - Unable to find the element located by 'By.xpath: //textarea[@id='post_textbox']'. Please recheck the objects properties to make sure the desired element is located. 

2019-12-28 23:30:18 - [MESSAGE][INFO] - [SMART_XPATH] Auto-trying out other XPath values in the test object.

2019-12-28 23:30:18 - [MESSAGE][INFO] - [SMART_XPATH] FAILED XPATH: '//textarea[@id='post_textbox']'.

2019-12-28 23:30:18 - [MESSAGE][INFO] - [SMART_XPATH] FAILED XPATH: '//div[@id='centerChannelFooter']/div/div/div[2]/textarea'.

2019-12-28 23:30:18 - [MESSAGE][INFO] - [SMART_XPATH] FAILED XPATH: '(.//*[normalize-space(text()) and normalize-space(.)='ngocyen'])[30]/following::textarea[1]'.

2019-12-28 23:30:19 - [MESSAGE][INFO] - [SMART_XPATH] FAILED XPATH: '(.//*[normalize-space(text()) and normalize-space(.)='ngocyen'])[29]/following::textarea[1]'.

2019-12-28 23:30:19 - [MESSAGE][INFO] - [SMART_XPATH] FAILED XPATH: '(.//*[normalize-space(text()) and normalize-space(.)='H'])[2]/preceding::textarea[1]'.

2019-12-28 23:30:19 - [MESSAGE][INFO] - [SMART_XPATH] FAILED XPATH: '(.//*[normalize-space(text()) and normalize-space(.)='**bold**'])[1]/preceding::textarea[2]'.

2019-12-28 23:30:20 - [MESSAGE][INFO] - [SMART_XPATH] FAILED XPATH: '//*/text()[normalize-space(.)='H']/parent::*'.

2019-12-28 23:30:20 - [MESSAGE][INFO] - [SMART_XPATH] FAILED XPATH: '//textarea'.

2019-12-28 23:30:20 - [MESSAGE][INFO] - [SMART_XPATH] No working XPath is found.

2019-12-28 23:30:20 - [MESSAGE][FAILED] - Unable to set text 'H' of object 'Object Repository/4_Send_Message/Send_Message_With_Emoji/Page_tringuyen - Bumblebee Mattermost/textarea_H' (Root cause: com.kms.katalon.core.exception.StepFailedException: Unable to set text 'H' of object 'Object Repository/4_Send_Message/Send_Message_With_Emoji/Page_tringuyen - Bumblebee Mattermost/textarea_H'
	at com.kms.katalon.core.webui.keyword.internal.WebUIKeywordMain.stepFailed(WebUIKeywordMain.groovy:64)
	at com.kms.katalon.core.webui.keyword.internal.WebUIKeywordMain.runKeyword(WebUIKeywordMain.groovy:26)
	at com.kms.katalon.core.webui.keyword.builtin.SetTextKeyword.setText(SetTextKeyword.groovy:66)
	at com.kms.katalon.core.webui.keyword.builtin.SetTextKeyword.execute(SetTextKeyword.groovy:37)
	at com.kms.katalon.core.keyword.internal.KeywordExecutor.executeKeywordForPlatform(KeywordExecutor.groovy:72)
	at com.kms.katalon.core.webui.keyword.WebUiBuiltInKeywords.setText(WebUiBuiltInKeywords.groovy:950)
	at com.kms.katalon.core.webui.keyword.WebUiBuiltInKeywords$setText$2.call(Unknown Source)
	at Send_Message_With_Emoji.run(Send_Message_With_Emoji:23)
	at com.kms.katalon.core.main.ScriptEngine.run(ScriptEngine.java:194)
	at com.kms.katalon.core.main.ScriptEngine.runScriptAsRawText(ScriptEngine.java:119)
	at com.kms.katalon.core.main.TestCaseExecutor.runScript(TestCaseExecutor.java:337)
	at com.kms.katalon.core.main.TestCaseExecutor.doExecute(TestCaseExecutor.java:328)
	at com.kms.katalon.core.main.TestCaseExecutor.processExecutionPhase(TestCaseExecutor.java:307)
	at com.kms.katalon.core.main.TestCaseExecutor.accessMainPhase(TestCaseExecutor.java:299)
	at com.kms.katalon.core.main.TestCaseExecutor.execute(TestCaseExecutor.java:233)
	at com.kms.katalon.core.main.TestSuiteExecutor.accessTestCaseMainPhase(TestSuiteExecutor.java:169)
	at com.kms.katalon.core.main.TestSuiteExecutor.accessTestSuiteMainPhase(TestSuiteExecutor.java:142)
	at com.kms.katalon.core.main.TestSuiteExecutor.execute(TestSuiteExecutor.java:91)
	at com.kms.katalon.core.main.TestCaseMain.startTestSuite(TestCaseMain.java:157)
	at com.kms.katalon.core.main.TestCaseMain$startTestSuite$0.call(Unknown Source)
	at TempTestSuite1577547168865.run(TempTestSuite1577547168865.groovy:36)
Caused by: com.kms.katalon.core.webui.exception.WebElementNotFoundException: Web element with id: 'Object Repository/4_Send_Message/Send_Message_With_Emoji/Page_tringuyen - Bumblebee Mattermost/textarea_H' located by 'By.xpath: //textarea[@id='post_textbox']' not found
	at com.kms.katalon.core.webui.common.WebUiCommonHelper.findWebElement(WebUiCommonHelper.java:1154)
	at com.kms.katalon.core.webui.keyword.internal.WebUIAbstractKeyword.findWebElement(WebUIAbstractKeyword.groovy:27)
	at com.kms.katalon.core.webui.keyword.internal.WebUIAbstractKeyword.findWebElement(WebUIAbstractKeyword.groovy:26)
	at com.kms.katalon.core.webui.keyword.builtin.SetTextKeyword$_setText_closure1.doCall(SetTextKeyword.groovy:51)
	at com.kms.katalon.core.webui.keyword.builtin.SetTextKeyword$_setText_closure1.call(SetTextKeyword.groovy)
	at com.kms.katalon.core.webui.keyword.internal.WebUIKeywordMain.runKeyword(WebUIKeywordMain.groovy:20)
	at com.kms.katalon.core.webui.keyword.builtin.SetTextKeyword.setText(SetTextKeyword.groovy:66)
	at com.kms.katalon.core.webui.keyword.builtin.SetTextKeyword.execute(SetTextKeyword.groovy:37)
	at com.kms.katalon.core.keyword.internal.KeywordExecutor.executeKeywordForPlatform(KeywordExecutor.groovy:72)
	at com.kms.katalon.core.webui.keyword.WebUiBuiltInKeywords.setText(WebUiBuiltInKeywords.groovy:950)
	at com.kms.katalon.core.webui.keyword.WebUiBuiltInKeywords$setText$2.call(Unknown Source)
	at Script1576935059935.run(Script1576935059935.groovy:23)
	... 13 more
)
[[ATTACHMENT|/Users/nguyentri/Desktop/Learn/SoftwareEngineer/mattermost-duo-test/Reports/20191228_223248/Run_all_test_cases/20191228_223248/1577550620426.png]]]]></system-out>
         <system-err><![CDATA[2019-12-28 23:29:31 - [TEST_CASE][FAILED] - Test Cases/4_Send_Message_On_Channel/Send_Message_With_Emoji: Test Cases/4_Send_Message_On_Channel/Send_Message_With_Emoji FAILED.
Reason:
com.kms.katalon.core.exception.StepFailedException: Unable to set text 'H' of object 'Object Repository/4_Send_Message/Send_Message_With_Emoji/Page_tringuyen - Bumblebee Mattermost/textarea_H'
	at com.kms.katalon.core.webui.keyword.internal.WebUIKeywordMain.stepFailed(WebUIKeywordMain.groovy:64)
	at com.kms.katalon.core.webui.keyword.internal.WebUIKeywordMain.runKeyword(WebUIKeywordMain.groovy:26)
	at com.kms.katalon.core.webui.keyword.builtin.SetTextKeyword.setText(SetTextKeyword.groovy:66)
	at com.kms.katalon.core.webui.keyword.builtin.SetTextKeyword.execute(SetTextKeyword.groovy:37)
	at com.kms.katalon.core.keyword.internal.KeywordExecutor.executeKeywordForPlatform(KeywordExecutor.groovy:72)
	at com.kms.katalon.core.webui.keyword.WebUiBuiltInKeywords.setText(WebUiBuiltInKeywords.groovy:950)
	at com.kms.katalon.core.webui.keyword.WebUiBuiltInKeywords$setText$2.call(Unknown Source)
	at Send_Message_With_Emoji.run(Send_Message_With_Emoji:23)
	at com.kms.katalon.core.main.ScriptEngine.run(ScriptEngine.java:194)
	at com.kms.katalon.core.main.ScriptEngine.runScriptAsRawText(ScriptEngine.java:119)
	at com.kms.katalon.core.main.TestCaseExecutor.runScript(TestCaseExecutor.java:337)
	at com.kms.katalon.core.main.TestCaseExecutor.doExecute(TestCaseExecutor.java:328)
	at com.kms.katalon.core.main.TestCaseExecutor.processExecutionPhase(TestCaseExecutor.java:307)
	at com.kms.katalon.core.main.TestCaseExecutor.accessMainPhase(TestCaseExecutor.java:299)
	at com.kms.katalon.core.main.TestCaseExecutor.execute(TestCaseExecutor.java:233)
	at com.kms.katalon.core.main.TestSuiteExecutor.accessTestCaseMainPhase(TestSuiteExecutor.java:169)
	at com.kms.katalon.core.main.TestSuiteExecutor.accessTestSuiteMainPhase(TestSuiteExecutor.java:142)
	at com.kms.katalon.core.main.TestSuiteExecutor.execute(TestSuiteExecutor.java:91)
	at com.kms.katalon.core.main.TestCaseMain.startTestSuite(TestCaseMain.java:157)
	at com.kms.katalon.core.main.TestCaseMain$startTestSuite$0.call(Unknown Source)
	at TempTestSuite1577547168865.run(TempTestSuite1577547168865.groovy:36)
Caused by: com.kms.katalon.core.webui.exception.WebElementNotFoundException: Web element with id: 'Object Repository/4_Send_Message/Send_Message_With_Emoji/Page_tringuyen - Bumblebee Mattermost/textarea_H' located by 'By.xpath: //textarea[@id='post_textbox']' not found
	at com.kms.katalon.core.webui.common.WebUiCommonHelper.findWebElement(WebUiCommonHelper.java:1154)
	at com.kms.katalon.core.webui.keyword.internal.WebUIAbstractKeyword.findWebElement(WebUIAbstractKeyword.groovy:27)
	at com.kms.katalon.core.webui.keyword.internal.WebUIAbstractKeyword.findWebElement(WebUIAbstractKeyword.groovy:26)
	at com.kms.katalon.core.webui.keyword.builtin.SetTextKeyword$_setText_closure1.doCall(SetTextKeyword.groovy:51)
	at com.kms.katalon.core.webui.keyword.builtin.SetTextKeyword$_setText_closure1.call(SetTextKeyword.groovy)
	at com.kms.katalon.core.webui.keyword.internal.WebUIKeywordMain.runKeyword(WebUIKeywordMain.groovy:20)
	... 19 more]]></system-err>
      </testcase>
      <testcase name="Test Cases/4_Send_Message_On_Channel/Send_Only-text_Message" time="47.253" classname="Test Cases/4_Send_Message_On_Channel/Send_Only-text_Message" status="FAILED">
         <failure type="FAILED" message="Test Cases/4_Send_Message_On_Channel/Send_Only-text_Message FAILED.
Reason:
com.kms.katalon.core.exception.StepFailedException: Unable to set text 'empty' of object 'Object Repository/2_Create_Channel/Page_(2)  tringuyen - Bumblebee Mattermost/textarea_No depending be convinced in unfee_db377f'
	at com.kms.katalon.core.webui.keyword.internal.WebUIKeywordMain.stepFailed(WebUIKeywordMain.groovy:64)
	at com.kms.katalon.core.webui.keyword.internal.WebUIKeywordMain.runKeyword(WebUIKeywordMain.groovy:26)
	at com.kms.katalon.core.webui.keyword.builtin.SetTextKeyword.setText(SetTextKeyword.groovy:66)
	at com.kms.katalon.core.webui.keyword.builtin.SetTextKeyword.execute(SetTextKeyword.groovy:37)
	at com.kms.katalon.core.keyword.internal.KeywordExecutor.executeKeywordForPlatform(KeywordExecutor.groovy:72)
	at com.kms.katalon.core.webui.keyword.WebUiBuiltInKeywords.setText(WebUiBuiltInKeywords.groovy:950)
	at com.kms.katalon.core.webui.keyword.WebUiBuiltInKeywords$setText$2.call(Unknown Source)
	at Send_Only-text_Message.run(Send_Only-text_Message:23)
	at com.kms.katalon.core.main.ScriptEngine.run(ScriptEngine.java:194)
	at com.kms.katalon.core.main.ScriptEngine.runScriptAsRawText(ScriptEngine.java:119)
	at com.kms.katalon.core.main.TestCaseExecutor.runScript(TestCaseExecutor.java:337)
	at com.kms.katalon.core.main.TestCaseExecutor.doExecute(TestCaseExecutor.java:328)
	at com.kms.katalon.core.main.TestCaseExecutor.processExecutionPhase(TestCaseExecutor.java:307)
	at com.kms.katalon.core.main.TestCaseExecutor.accessMainPhase(TestCaseExecutor.java:299)
	at com.kms.katalon.core.main.TestCaseExecutor.execute(TestCaseExecutor.java:233)
	at com.kms.katalon.core.main.TestSuiteExecutor.accessTestCaseMainPhase(TestSuiteExecutor.java:169)
	at com.kms.katalon.core.main.TestSuiteExecutor.accessTestSuiteMainPhase(TestSuiteExecutor.java:142)
	at com.kms.katalon.core.main.TestSuiteExecutor.execute(TestSuiteExecutor.java:91)
	at com.kms.katalon.core.main.TestCaseMain.startTestSuite(TestCaseMain.java:157)
	at com.kms.katalon.core.main.TestCaseMain$startTestSuite$0.call(Unknown Source)
	at TempTestSuite1577547168865.run(TempTestSuite1577547168865.groovy:36)
Caused by: com.kms.katalon.core.webui.exception.WebElementNotFoundException: Web element with id: 'Object Repository/2_Create_Channel/Page_(2)  tringuyen - Bumblebee Mattermost/textarea_No depending be convinced in unfee_db377f' located by 'By.xpath: //textarea[@id='post_textbox']' not found
	at com.kms.katalon.core.webui.common.WebUiCommonHelper.findWebElement(WebUiCommonHelper.java:1154)
	at com.kms.katalon.core.webui.keyword.internal.WebUIAbstractKeyword.findWebElement(WebUIAbstractKeyword.groovy:27)
	at com.kms.katalon.core.webui.keyword.internal.WebUIAbstractKeyword.findWebElement(WebUIAbstractKeyword.groovy:26)
	at com.kms.katalon.core.webui.keyword.builtin.SetTextKeyword$_setText_closure1.doCall(SetTextKeyword.groovy:51)
	at com.kms.katalon.core.webui.keyword.builtin.SetTextKeyword$_setText_closure1.call(SetTextKeyword.groovy)
	at com.kms.katalon.core.webui.keyword.internal.WebUIKeywordMain.runKeyword(WebUIKeywordMain.groovy:20)
	... 19 more
"/>
         <system-out><![CDATA[2019-12-28 23:30:20 - [TEST_CASE][FAILED] - Test Cases/4_Send_Message_On_Channel/Send_Only-text_Message: Test Cases/4_Send_Message_On_Channel/Send_Only-text_Message FAILED.
Reason:
com.kms.katalon.core.exception.StepFailedException: Unable to set text 'empty' of object 'Object Repository/2_Create_Channel/Page_(2)  tringuyen - Bumblebee Mattermost/textarea_No depending be convinced in unfee_db377f'
	at com.kms.katalon.core.webui.keyword.internal.WebUIKeywordMain.stepFailed(WebUIKeywordMain.groovy:64)
	at com.kms.katalon.core.webui.keyword.internal.WebUIKeywordMain.runKeyword(WebUIKeywordMain.groovy:26)
	at com.kms.katalon.core.webui.keyword.builtin.SetTextKeyword.setText(SetTextKeyword.groovy:66)
	at com.kms.katalon.core.webui.keyword.builtin.SetTextKeyword.execute(SetTextKeyword.groovy:37)
	at com.kms.katalon.core.keyword.internal.KeywordExecutor.executeKeywordForPlatform(KeywordExecutor.groovy:72)
	at com.kms.katalon.core.webui.keyword.WebUiBuiltInKeywords.setText(WebUiBuiltInKeywords.groovy:950)
	at com.kms.katalon.core.webui.keyword.WebUiBuiltInKeywords$setText$2.call(Unknown Source)
	at Send_Only-text_Message.run(Send_Only-text_Message:23)
	at com.kms.katalon.core.main.ScriptEngine.run(ScriptEngine.java:194)
	at com.kms.katalon.core.main.ScriptEngine.runScriptAsRawText(ScriptEngine.java:119)
	at com.kms.katalon.core.main.TestCaseExecutor.runScript(TestCaseExecutor.java:337)
	at com.kms.katalon.core.main.TestCaseExecutor.doExecute(TestCaseExecutor.java:328)
	at com.kms.katalon.core.main.TestCaseExecutor.processExecutionPhase(TestCaseExecutor.java:307)
	at com.kms.katalon.core.main.TestCaseExecutor.accessMainPhase(TestCaseExecutor.java:299)
	at com.kms.katalon.core.main.TestCaseExecutor.execute(TestCaseExecutor.java:233)
	at com.kms.katalon.core.main.TestSuiteExecutor.accessTestCaseMainPhase(TestSuiteExecutor.java:169)
	at com.kms.katalon.core.main.TestSuiteExecutor.accessTestSuiteMainPhase(TestSuiteExecutor.java:142)
	at com.kms.katalon.core.main.TestSuiteExecutor.execute(TestSuiteExecutor.java:91)
	at com.kms.katalon.core.main.TestCaseMain.startTestSuite(TestCaseMain.java:157)
	at com.kms.katalon.core.main.TestCaseMain$startTestSuite$0.call(Unknown Source)
	at TempTestSuite1577547168865.run(TempTestSuite1577547168865.groovy:36)
Caused by: com.kms.katalon.core.webui.exception.WebElementNotFoundException: Web element with id: 'Object Repository/2_Create_Channel/Page_(2)  tringuyen - Bumblebee Mattermost/textarea_No depending be convinced in unfee_db377f' located by 'By.xpath: //textarea[@id='post_textbox']' not found
	at com.kms.katalon.core.webui.common.WebUiCommonHelper.findWebElement(WebUiCommonHelper.java:1154)
	at com.kms.katalon.core.webui.keyword.internal.WebUIAbstractKeyword.findWebElement(WebUIAbstractKeyword.groovy:27)
	at com.kms.katalon.core.webui.keyword.internal.WebUIAbstractKeyword.findWebElement(WebUIAbstractKeyword.groovy:26)
	at com.kms.katalon.core.webui.keyword.builtin.SetTextKeyword$_setText_closure1.doCall(SetTextKeyword.groovy:51)
	at com.kms.katalon.core.webui.keyword.builtin.SetTextKeyword$_setText_closure1.call(SetTextKeyword.groovy)
	at com.kms.katalon.core.webui.keyword.internal.WebUIKeywordMain.runKeyword(WebUIKeywordMain.groovy:20)
	... 19 more


2019-12-28 23:30:21 - [TEST_STEP][PASSED] - openBrowser(""): Browser is opened with url: ''

2019-12-28 23:30:21 - [MESSAGE][PASSED] - Browser is opened with url: ''

2019-12-28 23:30:21 - [TEST_STEP][PASSED] - navigateToUrl("https://mattermost-duo-test-yen.herokuapp.com/bumblebee/messages/@tringuyen"): Navigate to 'https://mattermost-duo-test-yen.herokuapp.com/bumblebee/messages/@tringuyen' successfully

2019-12-28 23:30:22 - [MESSAGE][PASSED] - Navigate to 'https://mattermost-duo-test-yen.herokuapp.com/bumblebee/messages/@tringuyen' successfully

2019-12-28 23:30:22 - [TEST_STEP][FAILED] - setText(findTestObject("2_Create_Channel/Page_(2)  tringuyen - Bumblebee Mattermost/textarea_No depending be convinced in unfee_db377f"), Text): Unable to set text 'empty' of object 'Object Repository/2_Create_Channel/Page_(2)  tringuyen - Bumblebee Mattermost/textarea_No depending be convinced in unfee_db377f' (Root cause: com.kms.katalon.core.exception.StepFailedException: Unable to set text 'empty' of object 'Object Repository/2_Create_Channel/Page_(2)  tringuyen - Bumblebee Mattermost/textarea_No depending be convinced in unfee_db377f'
	at com.kms.katalon.core.webui.keyword.internal.WebUIKeywordMain.stepFailed(WebUIKeywordMain.groovy:64)
	at com.kms.katalon.core.webui.keyword.internal.WebUIKeywordMain.runKeyword(WebUIKeywordMain.groovy:26)
	at com.kms.katalon.core.webui.keyword.builtin.SetTextKeyword.setText(SetTextKeyword.groovy:66)
	at com.kms.katalon.core.webui.keyword.builtin.SetTextKeyword.execute(SetTextKeyword.groovy:37)
	at com.kms.katalon.core.keyword.internal.KeywordExecutor.executeKeywordForPlatform(KeywordExecutor.groovy:72)
	at com.kms.katalon.core.webui.keyword.WebUiBuiltInKeywords.setText(WebUiBuiltInKeywords.groovy:950)
	at com.kms.katalon.core.webui.keyword.WebUiBuiltInKeywords$setText$2.call(Unknown Source)
	at Send_Only-text_Message.run(Send_Only-text_Message:23)
	at com.kms.katalon.core.main.ScriptEngine.run(ScriptEngine.java:194)
	at com.kms.katalon.core.main.ScriptEngine.runScriptAsRawText(ScriptEngine.java:119)
	at com.kms.katalon.core.main.TestCaseExecutor.runScript(TestCaseExecutor.java:337)
	at com.kms.katalon.core.main.TestCaseExecutor.doExecute(TestCaseExecutor.java:328)
	at com.kms.katalon.core.main.TestCaseExecutor.processExecutionPhase(TestCaseExecutor.java:307)
	at com.kms.katalon.core.main.TestCaseExecutor.accessMainPhase(TestCaseExecutor.java:299)
	at com.kms.katalon.core.main.TestCaseExecutor.execute(TestCaseExecutor.java:233)
	at com.kms.katalon.core.main.TestSuiteExecutor.accessTestCaseMainPhase(TestSuiteExecutor.java:169)
	at com.kms.katalon.core.main.TestSuiteExecutor.accessTestSuiteMainPhase(TestSuiteExecutor.java:142)
	at com.kms.katalon.core.main.TestSuiteExecutor.execute(TestSuiteExecutor.java:91)
	at com.kms.katalon.core.main.TestCaseMain.startTestSuite(TestCaseMain.java:157)
	at com.kms.katalon.core.main.TestCaseMain$startTestSuite$0.call(Unknown Source)
	at TempTestSuite1577547168865.run(TempTestSuite1577547168865.groovy:36)
Caused by: com.kms.katalon.core.webui.exception.WebElementNotFoundException: Web element with id: 'Object Repository/2_Create_Channel/Page_(2)  tringuyen - Bumblebee Mattermost/textarea_No depending be convinced in unfee_db377f' located by 'By.xpath: //textarea[@id='post_textbox']' not found
	at com.kms.katalon.core.webui.common.WebUiCommonHelper.findWebElement(WebUiCommonHelper.java:1154)
	at com.kms.katalon.core.webui.keyword.internal.WebUIAbstractKeyword.findWebElement(WebUIAbstractKeyword.groovy:27)
	at com.kms.katalon.core.webui.keyword.internal.WebUIAbstractKeyword.findWebElement(WebUIAbstractKeyword.groovy:26)
	at com.kms.katalon.core.webui.keyword.builtin.SetTextKeyword$_setText_closure1.doCall(SetTextKeyword.groovy:51)
	at com.kms.katalon.core.webui.keyword.builtin.SetTextKeyword$_setText_closure1.call(SetTextKeyword.groovy)
	at com.kms.katalon.core.webui.keyword.internal.WebUIKeywordMain.runKeyword(WebUIKeywordMain.groovy:20)
	at com.kms.katalon.core.webui.keyword.builtin.SetTextKeyword.setText(SetTextKeyword.groovy:66)
	at com.kms.katalon.core.webui.keyword.builtin.SetTextKeyword.execute(SetTextKeyword.groovy:37)
	at com.kms.katalon.core.keyword.internal.KeywordExecutor.executeKeywordForPlatform(KeywordExecutor.groovy:72)
	at com.kms.katalon.core.webui.keyword.WebUiBuiltInKeywords.setText(WebUiBuiltInKeywords.groovy:950)
	at com.kms.katalon.core.webui.keyword.WebUiBuiltInKeywords$setText$2.call(Unknown Source)
	at Script1576935034286.run(Script1576935034286.groovy:23)
	... 13 more
)

2019-12-28 23:31:06 - [MESSAGE][INFO] - Unable to find the element located by 'By.xpath: //textarea[@id='post_textbox']'. Please recheck the objects properties to make sure the desired element is located. 

2019-12-28 23:31:06 - [MESSAGE][INFO] - [SMART_XPATH] Auto-trying out other XPath values in the test object.

2019-12-28 23:31:06 - [MESSAGE][INFO] - [SMART_XPATH] FAILED XPATH: '//textarea[@id='post_textbox']'.

2019-12-28 23:31:06 - [MESSAGE][INFO] - [SMART_XPATH] FAILED XPATH: '//div[@id='centerChannelFooter']/div/div/div[2]/textarea'.

2019-12-28 23:31:06 - [MESSAGE][INFO] - [SMART_XPATH] FAILED XPATH: '(.//*[normalize-space(text()) and normalize-space(.)='Set a Header'])[1]/following::textarea[1]'.

2019-12-28 23:31:06 - [MESSAGE][INFO] - [SMART_XPATH] FAILED XPATH: '(.//*[normalize-space(text()) and normalize-space(.)='tringuyen'])[4]/following::textarea[1]'.

2019-12-28 23:31:07 - [MESSAGE][INFO] - [SMART_XPATH] FAILED XPATH: '(.//*[normalize-space(text()) and normalize-space(.)='**bold**'])[1]/preceding::textarea[2]'.

2019-12-28 23:31:07 - [MESSAGE][INFO] - [SMART_XPATH] FAILED XPATH: '(.//*[normalize-space(text()) and normalize-space(.)='_italic_'])[1]/preceding::textarea[2]'.

2019-12-28 23:31:07 - [MESSAGE][INFO] - [SMART_XPATH] FAILED XPATH: '//textarea'.

2019-12-28 23:31:07 - [MESSAGE][INFO] - [SMART_XPATH] No working XPath is found.

2019-12-28 23:31:07 - [MESSAGE][FAILED] - Unable to set text 'empty' of object 'Object Repository/2_Create_Channel/Page_(2)  tringuyen - Bumblebee Mattermost/textarea_No depending be convinced in unfee_db377f' (Root cause: com.kms.katalon.core.exception.StepFailedException: Unable to set text 'empty' of object 'Object Repository/2_Create_Channel/Page_(2)  tringuyen - Bumblebee Mattermost/textarea_No depending be convinced in unfee_db377f'
	at com.kms.katalon.core.webui.keyword.internal.WebUIKeywordMain.stepFailed(WebUIKeywordMain.groovy:64)
	at com.kms.katalon.core.webui.keyword.internal.WebUIKeywordMain.runKeyword(WebUIKeywordMain.groovy:26)
	at com.kms.katalon.core.webui.keyword.builtin.SetTextKeyword.setText(SetTextKeyword.groovy:66)
	at com.kms.katalon.core.webui.keyword.builtin.SetTextKeyword.execute(SetTextKeyword.groovy:37)
	at com.kms.katalon.core.keyword.internal.KeywordExecutor.executeKeywordForPlatform(KeywordExecutor.groovy:72)
	at com.kms.katalon.core.webui.keyword.WebUiBuiltInKeywords.setText(WebUiBuiltInKeywords.groovy:950)
	at com.kms.katalon.core.webui.keyword.WebUiBuiltInKeywords$setText$2.call(Unknown Source)
	at Send_Only-text_Message.run(Send_Only-text_Message:23)
	at com.kms.katalon.core.main.ScriptEngine.run(ScriptEngine.java:194)
	at com.kms.katalon.core.main.ScriptEngine.runScriptAsRawText(ScriptEngine.java:119)
	at com.kms.katalon.core.main.TestCaseExecutor.runScript(TestCaseExecutor.java:337)
	at com.kms.katalon.core.main.TestCaseExecutor.doExecute(TestCaseExecutor.java:328)
	at com.kms.katalon.core.main.TestCaseExecutor.processExecutionPhase(TestCaseExecutor.java:307)
	at com.kms.katalon.core.main.TestCaseExecutor.accessMainPhase(TestCaseExecutor.java:299)
	at com.kms.katalon.core.main.TestCaseExecutor.execute(TestCaseExecutor.java:233)
	at com.kms.katalon.core.main.TestSuiteExecutor.accessTestCaseMainPhase(TestSuiteExecutor.java:169)
	at com.kms.katalon.core.main.TestSuiteExecutor.accessTestSuiteMainPhase(TestSuiteExecutor.java:142)
	at com.kms.katalon.core.main.TestSuiteExecutor.execute(TestSuiteExecutor.java:91)
	at com.kms.katalon.core.main.TestCaseMain.startTestSuite(TestCaseMain.java:157)
	at com.kms.katalon.core.main.TestCaseMain$startTestSuite$0.call(Unknown Source)
	at TempTestSuite1577547168865.run(TempTestSuite1577547168865.groovy:36)
Caused by: com.kms.katalon.core.webui.exception.WebElementNotFoundException: Web element with id: 'Object Repository/2_Create_Channel/Page_(2)  tringuyen - Bumblebee Mattermost/textarea_No depending be convinced in unfee_db377f' located by 'By.xpath: //textarea[@id='post_textbox']' not found
	at com.kms.katalon.core.webui.common.WebUiCommonHelper.findWebElement(WebUiCommonHelper.java:1154)
	at com.kms.katalon.core.webui.keyword.internal.WebUIAbstractKeyword.findWebElement(WebUIAbstractKeyword.groovy:27)
	at com.kms.katalon.core.webui.keyword.internal.WebUIAbstractKeyword.findWebElement(WebUIAbstractKeyword.groovy:26)
	at com.kms.katalon.core.webui.keyword.builtin.SetTextKeyword$_setText_closure1.doCall(SetTextKeyword.groovy:51)
	at com.kms.katalon.core.webui.keyword.builtin.SetTextKeyword$_setText_closure1.call(SetTextKeyword.groovy)
	at com.kms.katalon.core.webui.keyword.internal.WebUIKeywordMain.runKeyword(WebUIKeywordMain.groovy:20)
	at com.kms.katalon.core.webui.keyword.builtin.SetTextKeyword.setText(SetTextKeyword.groovy:66)
	at com.kms.katalon.core.webui.keyword.builtin.SetTextKeyword.execute(SetTextKeyword.groovy:37)
	at com.kms.katalon.core.keyword.internal.KeywordExecutor.executeKeywordForPlatform(KeywordExecutor.groovy:72)
	at com.kms.katalon.core.webui.keyword.WebUiBuiltInKeywords.setText(WebUiBuiltInKeywords.groovy:950)
	at com.kms.katalon.core.webui.keyword.WebUiBuiltInKeywords$setText$2.call(Unknown Source)
	at Script1576935034286.run(Script1576935034286.groovy:23)
	... 13 more
)
[[ATTACHMENT|/Users/nguyentri/Desktop/Learn/SoftwareEngineer/mattermost-duo-test/Reports/20191228_223248/Run_all_test_cases/20191228_223248/1577550667663.png]]]]></system-out>
         <system-err><![CDATA[2019-12-28 23:30:20 - [TEST_CASE][FAILED] - Test Cases/4_Send_Message_On_Channel/Send_Only-text_Message: Test Cases/4_Send_Message_On_Channel/Send_Only-text_Message FAILED.
Reason:
com.kms.katalon.core.exception.StepFailedException: Unable to set text 'empty' of object 'Object Repository/2_Create_Channel/Page_(2)  tringuyen - Bumblebee Mattermost/textarea_No depending be convinced in unfee_db377f'
	at com.kms.katalon.core.webui.keyword.internal.WebUIKeywordMain.stepFailed(WebUIKeywordMain.groovy:64)
	at com.kms.katalon.core.webui.keyword.internal.WebUIKeywordMain.runKeyword(WebUIKeywordMain.groovy:26)
	at com.kms.katalon.core.webui.keyword.builtin.SetTextKeyword.setText(SetTextKeyword.groovy:66)
	at com.kms.katalon.core.webui.keyword.builtin.SetTextKeyword.execute(SetTextKeyword.groovy:37)
	at com.kms.katalon.core.keyword.internal.KeywordExecutor.executeKeywordForPlatform(KeywordExecutor.groovy:72)
	at com.kms.katalon.core.webui.keyword.WebUiBuiltInKeywords.setText(WebUiBuiltInKeywords.groovy:950)
	at com.kms.katalon.core.webui.keyword.WebUiBuiltInKeywords$setText$2.call(Unknown Source)
	at Send_Only-text_Message.run(Send_Only-text_Message:23)
	at com.kms.katalon.core.main.ScriptEngine.run(ScriptEngine.java:194)
	at com.kms.katalon.core.main.ScriptEngine.runScriptAsRawText(ScriptEngine.java:119)
	at com.kms.katalon.core.main.TestCaseExecutor.runScript(TestCaseExecutor.java:337)
	at com.kms.katalon.core.main.TestCaseExecutor.doExecute(TestCaseExecutor.java:328)
	at com.kms.katalon.core.main.TestCaseExecutor.processExecutionPhase(TestCaseExecutor.java:307)
	at com.kms.katalon.core.main.TestCaseExecutor.accessMainPhase(TestCaseExecutor.java:299)
	at com.kms.katalon.core.main.TestCaseExecutor.execute(TestCaseExecutor.java:233)
	at com.kms.katalon.core.main.TestSuiteExecutor.accessTestCaseMainPhase(TestSuiteExecutor.java:169)
	at com.kms.katalon.core.main.TestSuiteExecutor.accessTestSuiteMainPhase(TestSuiteExecutor.java:142)
	at com.kms.katalon.core.main.TestSuiteExecutor.execute(TestSuiteExecutor.java:91)
	at com.kms.katalon.core.main.TestCaseMain.startTestSuite(TestCaseMain.java:157)
	at com.kms.katalon.core.main.TestCaseMain$startTestSuite$0.call(Unknown Source)
	at TempTestSuite1577547168865.run(TempTestSuite1577547168865.groovy:36)
Caused by: com.kms.katalon.core.webui.exception.WebElementNotFoundException: Web element with id: 'Object Repository/2_Create_Channel/Page_(2)  tringuyen - Bumblebee Mattermost/textarea_No depending be convinced in unfee_db377f' located by 'By.xpath: //textarea[@id='post_textbox']' not found
	at com.kms.katalon.core.webui.common.WebUiCommonHelper.findWebElement(WebUiCommonHelper.java:1154)
	at com.kms.katalon.core.webui.keyword.internal.WebUIAbstractKeyword.findWebElement(WebUIAbstractKeyword.groovy:27)
	at com.kms.katalon.core.webui.keyword.internal.WebUIAbstractKeyword.findWebElement(WebUIAbstractKeyword.groovy:26)
	at com.kms.katalon.core.webui.keyword.builtin.SetTextKeyword$_setText_closure1.doCall(SetTextKeyword.groovy:51)
	at com.kms.katalon.core.webui.keyword.builtin.SetTextKeyword$_setText_closure1.call(SetTextKeyword.groovy)
	at com.kms.katalon.core.webui.keyword.internal.WebUIKeywordMain.runKeyword(WebUIKeywordMain.groovy:20)
	... 19 more]]></system-err>
      </testcase>
      <system-out><![CDATA[2019-12-28 22:32:55 - [TEST_SUITE][FAILED] - Run_all_test_cases: Test Cases/1_Create_Team/Empty_Name FAILED.
Reason:
com.kms.katalon.core.exception.StepFailedException: Unable to click on object 'Object Repository/1_Create_Team/span_Create a new team'
	at com.kms.katalon.core.webui.keyword.internal.WebUIKeywordMain.stepFailed(WebUIKeywordMain.groovy:64)
	at com.kms.katalon.core.webui.keyword.internal.WebUIKeywordMain.runKeyword(WebUIKeywordMain.groovy:26)
	at com.kms.katalon.core.webui.keyword.builtin.ClickKeyword.click(ClickKeyword.groovy:102)
	at com.kms.katalon.core.webui.keyword.builtin.ClickKeyword.execute(ClickKeyword.groovy:43)
	at com.kms.katalon.core.keyword.internal.KeywordExecutor.executeKeywordForPlatform(KeywordExecutor.groovy:72)
	at com.kms.katalon.core.webui.keyword.WebUiBuiltInKeywords.click(WebUiBuiltInKeywords.groovy:616)
	at com.kms.katalon.core.webui.keyword.WebUiBuiltInKeywords$click$1.call(Unknown Source)
	at Empty_Name.run(Empty_Name:23)
	at com.kms.katalon.core.main.ScriptEngine.run(ScriptEngine.java:194)
	at com.kms.katalon.core.main.ScriptEngine.runScriptAsRawText(ScriptEngine.java:119)
	at com.kms.katalon.core.main.TestCaseExecutor.runScript(TestCaseExecutor.java:337)
	at com.kms.katalon.core.main.TestCaseExecutor.doExecute(TestCaseExecutor.java:328)
	at com.kms.katalon.core.main.TestCaseExecutor.processExecutionPhase(TestCaseExecutor.java:307)
	at com.kms.katalon.core.main.TestCaseExecutor.accessMainPhase(TestCaseExecutor.java:299)
	at com.kms.katalon.core.main.TestCaseExecutor.execute(TestCaseExecutor.java:233)
	at com.kms.katalon.core.main.TestSuiteExecutor.accessTestCaseMainPhase(TestSuiteExecutor.java:169)
	at com.kms.katalon.core.main.TestSuiteExecutor.accessTestSuiteMainPhase(TestSuiteExecutor.java:142)
	at com.kms.katalon.core.main.TestSuiteExecutor.execute(TestSuiteExecutor.java:91)
	at com.kms.katalon.core.main.TestCaseMain.startTestSuite(TestCaseMain.java:157)
	at com.kms.katalon.core.main.TestCaseMain$startTestSuite$0.call(Unknown Source)
	at TempTestSuite1577547168865.run(TempTestSuite1577547168865.groovy:36)
Caused by: com.kms.katalon.core.webui.exception.WebElementNotFoundException: Web element with id: 'Object Repository/1_Create_Team/span_Create a new team' located by 'By.xpath: //a[@id='createNewTeamLink']/span' not found
	at com.kms.katalon.core.webui.common.WebUiCommonHelper.findWebElement(WebUiCommonHelper.java:1154)
	at com.kms.katalon.core.webui.keyword.internal.WebUIAbstractKeyword.findWebElement(WebUIAbstractKeyword.groovy:27)
	at com.kms.katalon.core.webui.keyword.internal.WebUIAbstractKeyword.findWebElement(WebUIAbstractKeyword.groovy:26)
	at com.kms.katalon.core.webui.keyword.builtin.ClickKeyword$_click_closure1.doCall(ClickKeyword.groovy:67)
	at com.kms.katalon.core.webui.keyword.builtin.ClickKeyword$_click_closure1.call(ClickKeyword.groovy)
	at com.kms.katalon.core.webui.keyword.internal.WebUIKeywordMain.runKeyword(WebUIKeywordMain.groovy:20)
	... 19 more]]></system-out>
      <system-err><![CDATA[2019-12-28 22:32:55 - [TEST_SUITE][FAILED] - Run_all_test_cases: Test Cases/1_Create_Team/Empty_Name FAILED.
Reason:
com.kms.katalon.core.exception.StepFailedException: Unable to click on object 'Object Repository/1_Create_Team/span_Create a new team'
	at com.kms.katalon.core.webui.keyword.internal.WebUIKeywordMain.stepFailed(WebUIKeywordMain.groovy:64)
	at com.kms.katalon.core.webui.keyword.internal.WebUIKeywordMain.runKeyword(WebUIKeywordMain.groovy:26)
	at com.kms.katalon.core.webui.keyword.builtin.ClickKeyword.click(ClickKeyword.groovy:102)
	at com.kms.katalon.core.webui.keyword.builtin.ClickKeyword.execute(ClickKeyword.groovy:43)
	at com.kms.katalon.core.keyword.internal.KeywordExecutor.executeKeywordForPlatform(KeywordExecutor.groovy:72)
	at com.kms.katalon.core.webui.keyword.WebUiBuiltInKeywords.click(WebUiBuiltInKeywords.groovy:616)
	at com.kms.katalon.core.webui.keyword.WebUiBuiltInKeywords$click$1.call(Unknown Source)
	at Empty_Name.run(Empty_Name:23)
	at com.kms.katalon.core.main.ScriptEngine.run(ScriptEngine.java:194)
	at com.kms.katalon.core.main.ScriptEngine.runScriptAsRawText(ScriptEngine.java:119)
	at com.kms.katalon.core.main.TestCaseExecutor.runScript(TestCaseExecutor.java:337)
	at com.kms.katalon.core.main.TestCaseExecutor.doExecute(TestCaseExecutor.java:328)
	at com.kms.katalon.core.main.TestCaseExecutor.processExecutionPhase(TestCaseExecutor.java:307)
	at com.kms.katalon.core.main.TestCaseExecutor.accessMainPhase(TestCaseExecutor.java:299)
	at com.kms.katalon.core.main.TestCaseExecutor.execute(TestCaseExecutor.java:233)
	at com.kms.katalon.core.main.TestSuiteExecutor.accessTestCaseMainPhase(TestSuiteExecutor.java:169)
	at com.kms.katalon.core.main.TestSuiteExecutor.accessTestSuiteMainPhase(TestSuiteExecutor.java:142)
	at com.kms.katalon.core.main.TestSuiteExecutor.execute(TestSuiteExecutor.java:91)
	at com.kms.katalon.core.main.TestCaseMain.startTestSuite(TestCaseMain.java:157)
	at com.kms.katalon.core.main.TestCaseMain$startTestSuite$0.call(Unknown Source)
	at TempTestSuite1577547168865.run(TempTestSuite1577547168865.groovy:36)
Caused by: com.kms.katalon.core.webui.exception.WebElementNotFoundException: Web element with id: 'Object Repository/1_Create_Team/span_Create a new team' located by 'By.xpath: //a[@id='createNewTeamLink']/span' not found
	at com.kms.katalon.core.webui.common.WebUiCommonHelper.findWebElement(WebUiCommonHelper.java:1154)
	at com.kms.katalon.core.webui.keyword.internal.WebUIAbstractKeyword.findWebElement(WebUIAbstractKeyword.groovy:27)
	at com.kms.katalon.core.webui.keyword.internal.WebUIAbstractKeyword.findWebElement(WebUIAbstractKeyword.groovy:26)
	at com.kms.katalon.core.webui.keyword.builtin.ClickKeyword$_click_closure1.doCall(ClickKeyword.groovy:67)
	at com.kms.katalon.core.webui.keyword.builtin.ClickKeyword$_click_closure1.call(ClickKeyword.groovy)
	at com.kms.katalon.core.webui.keyword.internal.WebUIKeywordMain.runKeyword(WebUIKeywordMain.groovy:20)
	... 19 more]]></system-err>
   </testsuite>
</testsuites>
